[0.027s] Invoking command in '/home/cjs/Health_Node/ros2_ws/build/pkg01_healthoper_cpp': AMENT_PREFIX_PATH=/home/cjs/Health_Node/ros2_ws/install/pkg00_base_interfaces:${AMENT_PREFIX_PATH} CMAKE_PREFIX_PATH=/home/cjs/Health_Node/ros2_ws/install/pkg00_base_interfaces:/opt/ros/foxy LD_LIBRARY_PATH=/home/cjs/Health_Node/ros2_ws/install/pkg00_base_interfaces/lib:${LD_LIBRARY_PATH} PYTHONPATH=/home/cjs/Health_Node/ros2_ws/install/pkg00_base_interfaces/lib/python3.8/site-packages:${PYTHONPATH} /usr/bin/cmake --build /home/cjs/Health_Node/ros2_ws/build/pkg01_healthoper_cpp -- -j4 -l4
[0.073s] -- Found ament_cmake: 0.9.12 (/opt/ros/foxy/share/ament_cmake/cmake)
[0.095s] -- Using PYTHON_EXECUTABLE: /usr/bin/python3
[0.268s] -- Found rclcpp: 2.4.3 (/opt/ros/foxy/share/rclcpp/cmake)
[0.315s] -- Using all available rosidl_typesupport_c: rosidl_typesupport_fastrtps_c;rosidl_typesupport_introspection_c
[0.319s] -- Found rosidl_adapter: 1.3.1 (/opt/ros/foxy/share/rosidl_adapter/cmake)
[0.453s] -- Using all available rosidl_typesupport_cpp: rosidl_typesupport_fastrtps_cpp;rosidl_typesupport_introspection_cpp
[0.519s] -- Found rmw_implementation_cmake: 1.0.4 (/opt/ros/foxy/share/rmw_implementation_cmake/cmake)
[0.520s] -- Using RMW implementation 'rmw_fastrtps_cpp' as default
[0.658s] -- Found pkg00_base_interfaces: 0.0.0 (/home/cjs/Health_Node/ros2_ws/install/pkg00_base_interfaces/share/pkg00_base_interfaces/cmake)
[0.671s] -- Found ament_lint_auto: 0.9.8 (/opt/ros/foxy/share/ament_lint_auto/cmake)
[0.739s] -- Added test 'copyright' to check source files copyright and LICENSE
[0.746s] -- Added test 'cppcheck' to perform static code analysis on C / C++ code
[0.746s] -- Configured cppcheck include dirs: $<BUILD_INTERFACE:/home/cjs/Health_Node/ros2_ws/src/pkg01_healthoper_cpp/include>
[0.746s] -- Configured cppcheck exclude dirs and/or files: 
[0.747s] -- Added test 'cpplint' to check C / C++ code against the Google style
[0.747s] -- Configured cpplint exclude dirs and/or files: 
[0.748s] -- Added test 'lint_cmake' to check CMake code style
[0.750s] -- Added test 'uncrustify' to check C / C++ code style
[0.750s] -- Configured uncrustify additional arguments: 
[0.751s] -- Added test 'xmllint' to check XML markup files
[0.755s] -- Configuring done
[0.773s] -- Generating done
[0.775s] -- Build files have been written to: /home/cjs/Health_Node/ros2_ws/build/pkg01_healthoper_cpp
[0.827s] [ 25%] [32m[1mLinking CXX executable listener[0m
[0.829s] [ 75%] Built target health_oper
[1.069s] [100%] Built target listener
[1.081s] Invoked command in '/home/cjs/Health_Node/ros2_ws/build/pkg01_healthoper_cpp' returned '0': AMENT_PREFIX_PATH=/home/cjs/Health_Node/ros2_ws/install/pkg00_base_interfaces:${AMENT_PREFIX_PATH} CMAKE_PREFIX_PATH=/home/cjs/Health_Node/ros2_ws/install/pkg00_base_interfaces:/opt/ros/foxy LD_LIBRARY_PATH=/home/cjs/Health_Node/ros2_ws/install/pkg00_base_interfaces/lib:${LD_LIBRARY_PATH} PYTHONPATH=/home/cjs/Health_Node/ros2_ws/install/pkg00_base_interfaces/lib/python3.8/site-packages:${PYTHONPATH} /usr/bin/cmake --build /home/cjs/Health_Node/ros2_ws/build/pkg01_healthoper_cpp -- -j4 -l4
[1.138s] Invoking command in '/home/cjs/Health_Node/ros2_ws/build/pkg01_healthoper_cpp': AMENT_PREFIX_PATH=/home/cjs/Health_Node/ros2_ws/install/pkg00_base_interfaces:${AMENT_PREFIX_PATH} CMAKE_PREFIX_PATH=/home/cjs/Health_Node/ros2_ws/install/pkg00_base_interfaces:/opt/ros/foxy LD_LIBRARY_PATH=/home/cjs/Health_Node/ros2_ws/install/pkg00_base_interfaces/lib:${LD_LIBRARY_PATH} PYTHONPATH=/home/cjs/Health_Node/ros2_ws/install/pkg00_base_interfaces/lib/python3.8/site-packages:${PYTHONPATH} /usr/bin/cmake --install /home/cjs/Health_Node/ros2_ws/build/pkg01_healthoper_cpp
[1.148s] -- Install configuration: ""
[1.148s] -- Up-to-date: /home/cjs/Health_Node/ros2_ws/install/pkg01_healthoper_cpp/lib/pkg01_healthoper_cpp/health_oper
[1.149s] -- Installing: /home/cjs/Health_Node/ros2_ws/install/pkg01_healthoper_cpp/lib/pkg01_healthoper_cpp/listener
[1.151s] -- Set runtime path of "/home/cjs/Health_Node/ros2_ws/install/pkg01_healthoper_cpp/lib/pkg01_healthoper_cpp/listener" to ""
[1.151s] -- Up-to-date: /home/cjs/Health_Node/ros2_ws/install/pkg01_healthoper_cpp/share/ament_index/resource_index/package_run_dependencies/pkg01_healthoper_cpp
[1.151s] -- Up-to-date: /home/cjs/Health_Node/ros2_ws/install/pkg01_healthoper_cpp/share/ament_index/resource_index/parent_prefix_path/pkg01_healthoper_cpp
[1.151s] -- Up-to-date: /home/cjs/Health_Node/ros2_ws/install/pkg01_healthoper_cpp/share/pkg01_healthoper_cpp/environment/ament_prefix_path.sh
[1.151s] -- Installing: /home/cjs/Health_Node/ros2_ws/install/pkg01_healthoper_cpp/share/pkg01_healthoper_cpp/environment/ament_prefix_path.dsv
[1.153s] -- Up-to-date: /home/cjs/Health_Node/ros2_ws/install/pkg01_healthoper_cpp/share/pkg01_healthoper_cpp/environment/path.sh
[1.153s] -- Installing: /home/cjs/Health_Node/ros2_ws/install/pkg01_healthoper_cpp/share/pkg01_healthoper_cpp/environment/path.dsv
[1.153s] -- Up-to-date: /home/cjs/Health_Node/ros2_ws/install/pkg01_healthoper_cpp/share/pkg01_healthoper_cpp/local_setup.bash
[1.153s] -- Up-to-date: /home/cjs/Health_Node/ros2_ws/install/pkg01_healthoper_cpp/share/pkg01_healthoper_cpp/local_setup.sh
[1.154s] -- Up-to-date: /home/cjs/Health_Node/ros2_ws/install/pkg01_healthoper_cpp/share/pkg01_healthoper_cpp/local_setup.zsh
[1.154s] -- Installing: /home/cjs/Health_Node/ros2_ws/install/pkg01_healthoper_cpp/share/pkg01_healthoper_cpp/local_setup.dsv
[1.154s] -- Installing: /home/cjs/Health_Node/ros2_ws/install/pkg01_healthoper_cpp/share/pkg01_healthoper_cpp/package.dsv
[1.154s] -- Up-to-date: /home/cjs/Health_Node/ros2_ws/install/pkg01_healthoper_cpp/share/ament_index/resource_index/packages/pkg01_healthoper_cpp
[1.154s] -- Up-to-date: /home/cjs/Health_Node/ros2_ws/install/pkg01_healthoper_cpp/share/pkg01_healthoper_cpp/cmake/pkg01_healthoper_cppConfig.cmake
[1.154s] -- Up-to-date: /home/cjs/Health_Node/ros2_ws/install/pkg01_healthoper_cpp/share/pkg01_healthoper_cpp/cmake/pkg01_healthoper_cppConfig-version.cmake
[1.154s] -- Up-to-date: /home/cjs/Health_Node/ros2_ws/install/pkg01_healthoper_cpp/share/pkg01_healthoper_cpp/package.xml
[1.156s] Invoked command in '/home/cjs/Health_Node/ros2_ws/build/pkg01_healthoper_cpp' returned '0': AMENT_PREFIX_PATH=/home/cjs/Health_Node/ros2_ws/install/pkg00_base_interfaces:${AMENT_PREFIX_PATH} CMAKE_PREFIX_PATH=/home/cjs/Health_Node/ros2_ws/install/pkg00_base_interfaces:/opt/ros/foxy LD_LIBRARY_PATH=/home/cjs/Health_Node/ros2_ws/install/pkg00_base_interfaces/lib:${LD_LIBRARY_PATH} PYTHONPATH=/home/cjs/Health_Node/ros2_ws/install/pkg00_base_interfaces/lib/python3.8/site-packages:${PYTHONPATH} /usr/bin/cmake --install /home/cjs/Health_Node/ros2_ws/build/pkg01_healthoper_cpp
