[0.000000] (-) TimerEvent: {}
[0.000188] (-) JobUnselected: {'identifier': 'base_interfaces_demo'}
[0.000293] (-) JobUnselected: {'identifier': 'pkg02_lifecycle_cpp'}
[0.000322] (pkg01_healthoper_cpp) JobQueued: {'identifier': 'pkg01_healthoper_cpp', 'dependencies': OrderedDict([('base_interfaces_demo', '/home/cjs/Health_Node/ros2_ws/install/base_interfaces_demo')])}
[0.000351] (pkg01_healthoper_cpp) JobStarted: {'identifier': 'pkg01_healthoper_cpp'}
[0.029137] (pkg01_healthoper_cpp) JobProgress: {'identifier': 'pkg01_healthoper_cpp', 'progress': 'cmake'}
[0.030240] (pkg01_healthoper_cpp) JobProgress: {'identifier': 'pkg01_healthoper_cpp', 'progress': 'build'}
[0.030989] (pkg01_healthoper_cpp) Command: {'cmd': ['/usr/bin/cmake', '--build', '/home/cjs/Health_Node/ros2_ws/build/pkg01_healthoper_cpp', '--', '-j4', '-l4'], 'cwd': '/home/cjs/Health_Node/ros2_ws/build/pkg01_healthoper_cpp', 'env': OrderedDict([('USER', 'cjs'), ('LC_TIME', 'zh_CN.UTF-8'), ('GIO_MODULE_DIR', '/home/cjs/snap/code/common/.cache/gio-modules'), ('SSH_AGENT_PID', '1549'), ('XDG_SESSION_TYPE', 'x11'), ('GTK_EXE_PREFIX_VSCODE_SNAP_ORIG', ''), ('GIT_ASKPASS', '/snap/code/164/usr/share/code/resources/app/extensions/git/dist/askpass.sh'), ('GDK_BACKEND_VSCODE_SNAP_ORIG', ''), ('SHLVL', '2'), ('LD_LIBRARY_PATH', '/home/cjs/Health_Node/ros2_ws/install/base_interfaces_demo/lib:/opt/ros/foxy/opt/yaml_cpp_vendor/lib:/opt/ros/foxy/opt/rviz_ogre_vendor/lib:/opt/ros/foxy/lib/x86_64-linux-gnu:/opt/ros/foxy/lib'), ('LESS', '-R'), ('HOME', '/home/cjs'), ('LOCPATH_VSCODE_SNAP_ORIG', ''), ('OLDPWD', '/home/cjs/Health_Node/ros2_ws/src'), ('CHROME_DESKTOP', 'code-url-handler.desktop'), ('DESKTOP_SESSION', 'ubuntu'), ('GTK_PATH', '/snap/code/164/usr/lib/x86_64-linux-gnu/gtk-3.0'), ('TERM_PROGRAM_VERSION', '1.91.1'), ('LSCOLORS', 'Gxfxcxdxbxegedabagacad'), ('ZSH', '/home/cjs/.oh-my-zsh'), ('GTK_IM_MODULE_FILE', '/home/cjs/snap/code/common/.cache/immodules/immodules.cache'), ('ROS_PYTHON_VERSION', '3'), ('GNOME_SHELL_SESSION_MODE', 'ubuntu'), ('ALL', 'en.US.UTF-8'), ('GTK_MODULES', 'gail:atk-bridge'), ('GSETTINGS_SCHEMA_DIR_VSCODE_SNAP_ORIG', ''), ('PAGER', 'less'), ('VSCODE_GIT_ASKPASS_MAIN', '/snap/code/164/usr/share/code/resources/app/extensions/git/dist/askpass-main.js'), ('LC_MONETARY', 'zh_CN.UTF-8'), ('MANAGERPID', '1452'), ('VSCODE_GIT_ASKPASS_NODE', '/snap/code/164/usr/share/code/code'), ('DBUS_STARTER_BUS_TYPE', 'session'), ('DBUS_SESSION_BUS_ADDRESS', 'unix:path=/run/user/1000/bus,guid=0ad66449fa88e04c4924a18666a1fbdd'), ('COLORTERM', 'truecolor'), ('IM_CONFIG_PHASE', '1'), ('ROS_DISTRO', 'foxy'), ('LOGNAME', 'cjs'), ('JOURNAL_STREAM', '8:54118'), ('_', '/usr/bin/colcon'), ('ROS_VERSION', '2'), ('XDG_CONFIG_DIRS_VSCODE_SNAP_ORIG', '/etc/xdg/xdg-ubuntu:/etc/xdg'), ('XDG_SESSION_CLASS', 'user'), ('XDG_DATA_DIRS_VSCODE_SNAP_ORIG', '/usr/share/ubuntu:/usr/local/share/:/usr/share/:/var/lib/snapd/desktop'), ('USER_ZDOTDIR', '/home/cjs'), ('USERNAME', 'cjs'), ('TERM', 'xterm-256color'), ('GNOME_DESKTOP_SESSION_ID', 'this-is-deprecated'), ('ROS_LOCALHOST_ONLY', '0'), ('WINDOWPATH', '2'), ('PATH', '/opt/ros/foxy/bin:/usr/local/sbin:/usr/local/bin:/usr/sbin:/usr/bin:/sbin:/bin:/usr/games:/usr/local/games:/snap/bin'), ('SESSION_MANAGER', 'local/cjs-virtual-machine:@/tmp/.ICE-unix/1584,unix/cjs-virtual-machine:/tmp/.ICE-unix/1584'), ('GTK_EXE_PREFIX', '/snap/code/164/usr'), ('INVOCATION_ID', '162e02ab94cc45bd9443462e2760ae53'), ('XDG_MENU_PREFIX', 'gnome-'), ('LC_ADDRESS', 'zh_CN.UTF-8'), ('XDG_RUNTIME_DIR', '/run/user/1000'), ('GDK_BACKEND', 'x11'), ('DISPLAY', ':0'), ('LOCPATH', '/snap/code/164/usr/lib/locale'), ('LANG', 'en_US.UTF-8'), ('XDG_CURRENT_DESKTOP', 'Unity'), ('LC_TELEPHONE', 'zh_CN.UTF-8'), ('TILIX_ID', 'dfeaaaa8-0ee1-4cd5-8701-d47e5e28be52'), ('VSCODE_INJECTION', '1'), ('GIO_MODULE_DIR_VSCODE_SNAP_ORIG', ''), ('XMODIFIERS', '@im=ibus'), ('XDG_SESSION_DESKTOP', 'ubuntu'), ('XAUTHORITY', '/run/user/1000/gdm/Xauthority'), ('LS_COLORS', 'no=00:fi=00:di=01;34:ln=00;36:pi=40;33:so=01;35:do=01;35:bd=40;33;01:cd=40;33;01:or=41;33;01:ex=00;32:*.cmd=00;32:*.exe=01;32:*.com=01;32:*.bat=01;32:*.btm=01;32:*.dll=01;32:*.tar=00;31:*.tbz=00;31:*.tgz=00;31:*.rpm=00;31:*.deb=00;31:*.arj=00;31:*.taz=00;31:*.lzh=00;31:*.lzma=00;31:*.zip=00;31:*.zoo=00;31:*.z=00;31:*.Z=00;31:*.gz=00;31:*.bz2=00;31:*.tb2=00;31:*.tz2=00;31:*.tbz2=00;31:*.avi=01;35:*.bmp=01;35:*.fli=01;35:*.gif=01;35:*.jpg=01;35:*.jpeg=01;35:*.mng=01;35:*.mov=01;35:*.mpg=01;35:*.pcx=01;35:*.pbm=01;35:*.pgm=01;35:*.png=01;35:*.ppm=01;35:*.tga=01;35:*.tif=01;35:*.xbm=01;35:*.xpm=01;35:*.dl=01;35:*.gl=01;35:*.wmv=01;35:*.aiff=00;32:*.au=00;32:*.mid=00;32:*.mp3=00;32:*.ogg=00;32:*.voc=00;32:*.wav=00;32:'), ('TERM_PROGRAM', 'vscode'), ('VSCODE_GIT_IPC_HANDLE', '/run/user/1000/vscode-git-8011e79f48.sock'), ('SSH_AUTH_SOCK', '/run/user/1000/keyring/ssh'), ('GSETTINGS_SCHEMA_DIR', '/home/cjs/snap/code/164/.local/share/glib-2.0/schemas'), ('AMENT_PREFIX_PATH', '/home/cjs/Health_Node/ros2_ws/install/base_interfaces_demo:/opt/ros/foxy'), ('ORIGINAL_XDG_CURRENT_DESKTOP', 'ubuntu:GNOME'), ('SHELL', '/usr/bin/zsh'), ('LC_NAME', 'zh_CN.UTF-8'), ('QT_ACCESSIBILITY', '1'), ('GDMSESSION', 'ubuntu'), ('GTK_PATH_VSCODE_SNAP_ORIG', ''), ('GTK_IM_MODULE_FILE_VSCODE_SNAP_ORIG', ''), ('LC_MEASUREMENT', 'zh_CN.UTF-8'), ('GPG_AGENT_INFO', '/run/user/1000/gnupg/S.gpg-agent:0:1'), ('LC_IDENTIFICATION', 'zh_CN.UTF-8'), ('QT_IM_MODULE', 'ibus'), ('VSCODE_GIT_ASKPASS_EXTRA_ARGS', ''), ('PWD', '/home/cjs/Health_Node/ros2_ws/build/pkg01_healthoper_cpp'), ('XDG_CONFIG_DIRS', '/etc/xdg/xdg-ubuntu:/etc/xdg'), ('DBUS_STARTER_ADDRESS', 'unix:path=/run/user/1000/bus,guid=0ad66449fa88e04c4924a18666a1fbdd'), ('XDG_DATA_DIRS', '/home/cjs/snap/code/164/.local/share:/home/cjs/snap/code/164:/snap/code/164/usr/share:/usr/share/ubuntu:/usr/local/share/:/usr/share/:/var/lib/snapd/desktop'), ('ZDOTDIR', '/home/cjs'), ('PYTHONPATH', '/home/cjs/Health_Node/ros2_ws/install/base_interfaces_demo/lib/python3.8/site-packages:/opt/ros/foxy/lib/python3.8/site-packages'), ('LC_NUMERIC', 'zh_CN.UTF-8'), ('LC_PAPER', 'zh_CN.UTF-8'), ('COLCON', '1'), ('VTE_VERSION', '6003'), ('CMAKE_PREFIX_PATH', '/home/cjs/Health_Node/ros2_ws/install/base_interfaces_demo:/opt/ros/foxy')]), 'shell': False}
[0.099387] (-) TimerEvent: {}
[0.159933] (pkg01_healthoper_cpp) StdoutLine: {'line': b'-- Found ament_cmake: 0.9.12 (/opt/ros/foxy/share/ament_cmake/cmake)\n'}
[0.193177] (pkg01_healthoper_cpp) StdoutLine: {'line': b'-- Using PYTHON_EXECUTABLE: /usr/bin/python3\n'}
[0.199656] (-) TimerEvent: {}
[0.300702] (-) TimerEvent: {}
[0.401324] (-) TimerEvent: {}
[0.409428] (pkg01_healthoper_cpp) StdoutLine: {'line': b'-- Found rclcpp: 2.4.3 (/opt/ros/foxy/share/rclcpp/cmake)\n'}
[0.495014] (pkg01_healthoper_cpp) StdoutLine: {'line': b'-- Using all available rosidl_typesupport_c: rosidl_typesupport_fastrtps_c;rosidl_typesupport_introspection_c\n'}
[0.501798] (-) TimerEvent: {}
[0.502418] (pkg01_healthoper_cpp) StdoutLine: {'line': b'-- Found rosidl_adapter: 1.3.1 (/opt/ros/foxy/share/rosidl_adapter/cmake)\n'}
[0.602392] (-) TimerEvent: {}
[0.681318] (pkg01_healthoper_cpp) StdoutLine: {'line': b'-- Using all available rosidl_typesupport_cpp: rosidl_typesupport_fastrtps_cpp;rosidl_typesupport_introspection_cpp\n'}
[0.702715] (-) TimerEvent: {}
[0.778042] (pkg01_healthoper_cpp) StdoutLine: {'line': b'-- Found rmw_implementation_cmake: 1.0.4 (/opt/ros/foxy/share/rmw_implementation_cmake/cmake)\n'}
[0.782166] (pkg01_healthoper_cpp) StdoutLine: {'line': b"-- Using RMW implementation 'rmw_fastrtps_cpp' as default\n"}
[0.802906] (-) TimerEvent: {}
[0.904263] (-) TimerEvent: {}
[0.974267] (pkg01_healthoper_cpp) StdoutLine: {'line': b'-- Found base_interfaces_demo: 0.0.0 (/home/cjs/Health_Node/ros2_ws/install/base_interfaces_demo/share/base_interfaces_demo/cmake)\n'}
[1.004669] (-) TimerEvent: {}
[1.105078] (-) TimerEvent: {}
[1.114410] (pkg01_healthoper_cpp) StdoutLine: {'line': b'-- Found yaml_cpp_vendor: 7.0.3 (/opt/ros/foxy/share/yaml_cpp_vendor/cmake)\n'}
[1.114977] (pkg01_healthoper_cpp) StdoutLine: {'line': b"-- Setting yaml-cpp_DIR to: '/opt/ros/foxy/share/yaml_cpp_vendor/cmake/../../../opt/yaml_cpp_vendor/lib/cmake/yaml-cpp'\n"}
[1.117550] (pkg01_healthoper_cpp) StdoutLine: {'line': b'-- Found ament_index_cpp: 1.1.0 (/opt/ros/foxy/share/ament_index_cpp/cmake)\n'}
[1.125088] (pkg01_healthoper_cpp) StdoutLine: {'line': b'-- Found ament_lint_auto: 0.9.8 (/opt/ros/foxy/share/ament_lint_auto/cmake)\n'}
[1.205259] (-) TimerEvent: {}
[1.209465] (pkg01_healthoper_cpp) StdoutLine: {'line': b"-- Added test 'copyright' to check source files copyright and LICENSE\n"}
[1.210794] (pkg01_healthoper_cpp) StdoutLine: {'line': b"-- Added test 'cppcheck' to perform static code analysis on C / C++ code\n"}
[1.211074] (pkg01_healthoper_cpp) StdoutLine: {'line': b'-- Configured cppcheck include dirs: $<BUILD_INTERFACE:/home/cjs/Health_Node/ros2_ws/src/pkg01_healthoper_cpp/include>\n'}
[1.211168] (pkg01_healthoper_cpp) StdoutLine: {'line': b'-- Configured cppcheck exclude dirs and/or files: \n'}
[1.212898] (pkg01_healthoper_cpp) StdoutLine: {'line': b"-- Added test 'cpplint' to check C / C++ code against the Google style\n"}
[1.213349] (pkg01_healthoper_cpp) StdoutLine: {'line': b'-- Configured cpplint exclude dirs and/or files: \n'}
[1.214950] (pkg01_healthoper_cpp) StdoutLine: {'line': b"-- Added test 'lint_cmake' to check CMake code style\n"}
[1.217586] (pkg01_healthoper_cpp) StdoutLine: {'line': b"-- Added test 'uncrustify' to check C / C++ code style\n"}
[1.217770] (pkg01_healthoper_cpp) StdoutLine: {'line': b'-- Configured uncrustify additional arguments: \n'}
[1.217847] (pkg01_healthoper_cpp) StdoutLine: {'line': b"-- Added test 'xmllint' to check XML markup files\n"}
[1.221748] (pkg01_healthoper_cpp) StdoutLine: {'line': b'-- Configuring done\n'}
[1.249629] (pkg01_healthoper_cpp) StdoutLine: {'line': b'-- Generating done\n'}
[1.253903] (pkg01_healthoper_cpp) StdoutLine: {'line': b'-- Build files have been written to: /home/cjs/Health_Node/ros2_ws/build/pkg01_healthoper_cpp\n'}
[1.299873] (pkg01_healthoper_cpp) StdoutLine: {'line': b'\x1b[35m\x1b[1mScanning dependencies of target health_oper\x1b[0m\n'}
[1.305520] (-) TimerEvent: {}
[1.328154] (pkg01_healthoper_cpp) StdoutLine: {'line': b'[ 40%] Built target listener\n'}
[1.402962] (pkg01_healthoper_cpp) StdoutLine: {'line': b'[ 60%] \x1b[32mBuilding CXX object CMakeFiles/health_oper.dir/src/health_oper.cpp.o\x1b[0m\n'}
[1.405749] (-) TimerEvent: {}
[1.506606] (-) TimerEvent: {}
[1.607269] (-) TimerEvent: {}
[1.707913] (-) TimerEvent: {}
[1.808671] (-) TimerEvent: {}
[1.909406] (-) TimerEvent: {}
[2.010759] (-) TimerEvent: {}
[2.111928] (-) TimerEvent: {}
[2.212572] (-) TimerEvent: {}
[2.313234] (-) TimerEvent: {}
[2.413855] (-) TimerEvent: {}
[2.514972] (-) TimerEvent: {}
[2.615564] (-) TimerEvent: {}
[2.716226] (-) TimerEvent: {}
[2.816870] (-) TimerEvent: {}
[2.917591] (-) TimerEvent: {}
[3.018256] (-) TimerEvent: {}
[3.119883] (-) TimerEvent: {}
[3.220342] (-) TimerEvent: {}
[3.320889] (-) TimerEvent: {}
[3.421400] (-) TimerEvent: {}
[3.521980] (-) TimerEvent: {}
[3.623500] (-) TimerEvent: {}
[3.724137] (-) TimerEvent: {}
[3.825472] (-) TimerEvent: {}
[3.926049] (-) TimerEvent: {}
[4.026665] (-) TimerEvent: {}
[4.127277] (-) TimerEvent: {}
[4.227942] (-) TimerEvent: {}
[4.329094] (-) TimerEvent: {}
[4.429791] (-) TimerEvent: {}
[4.530507] (-) TimerEvent: {}
[4.631878] (-) TimerEvent: {}
[4.732395] (-) TimerEvent: {}
[4.832875] (-) TimerEvent: {}
[4.934249] (-) TimerEvent: {}
[5.035400] (-) TimerEvent: {}
[5.136020] (-) TimerEvent: {}
[5.237371] (-) TimerEvent: {}
[5.338121] (-) TimerEvent: {}
[5.439260] (-) TimerEvent: {}
[5.539775] (-) TimerEvent: {}
[5.640424] (-) TimerEvent: {}
[5.741965] (-) TimerEvent: {}
[5.842645] (-) TimerEvent: {}
[5.943063] (-) TimerEvent: {}
[6.043711] (-) TimerEvent: {}
[6.144803] (-) TimerEvent: {}
[6.245590] (-) TimerEvent: {}
[6.346528] (-) TimerEvent: {}
[6.447267] (-) TimerEvent: {}
[6.547872] (-) TimerEvent: {}
[6.648527] (-) TimerEvent: {}
[6.750072] (-) TimerEvent: {}
[6.850642] (-) TimerEvent: {}
[6.951151] (-) TimerEvent: {}
[7.051777] (-) TimerEvent: {}
[7.152355] (-) TimerEvent: {}
[7.252980] (-) TimerEvent: {}
[7.353603] (-) TimerEvent: {}
[7.454137] (-) TimerEvent: {}
[7.554692] (-) TimerEvent: {}
[7.655212] (-) TimerEvent: {}
[7.755797] (-) TimerEvent: {}
[7.856262] (-) TimerEvent: {}
[7.957721] (-) TimerEvent: {}
[8.058286] (-) TimerEvent: {}
[8.159341] (-) TimerEvent: {}
[8.259987] (-) TimerEvent: {}
[8.360739] (-) TimerEvent: {}
[8.461464] (-) TimerEvent: {}
[8.562030] (-) TimerEvent: {}
[8.663553] (-) TimerEvent: {}
[8.764029] (-) TimerEvent: {}
[8.864541] (-) TimerEvent: {}
[8.965142] (-) TimerEvent: {}
[9.065696] (-) TimerEvent: {}
[9.166319] (-) TimerEvent: {}
[9.266873] (-) TimerEvent: {}
[9.367386] (-) TimerEvent: {}
[9.467947] (-) TimerEvent: {}
[9.569379] (-) TimerEvent: {}
[9.670602] (-) TimerEvent: {}
[9.771295] (-) TimerEvent: {}
[9.871857] (-) TimerEvent: {}
[9.972542] (-) TimerEvent: {}
[10.073788] (-) TimerEvent: {}
[10.174328] (-) TimerEvent: {}
[10.275565] (-) TimerEvent: {}
[10.375991] (-) TimerEvent: {}
[10.476870] (-) TimerEvent: {}
[10.578118] (-) TimerEvent: {}
[10.678870] (-) TimerEvent: {}
[10.779428] (-) TimerEvent: {}
[10.880634] (-) TimerEvent: {}
[10.981122] (-) TimerEvent: {}
[11.081684] (-) TimerEvent: {}
[11.182199] (-) TimerEvent: {}
[11.282854] (-) TimerEvent: {}
[11.383524] (-) TimerEvent: {}
[11.484076] (-) TimerEvent: {}
[11.584645] (-) TimerEvent: {}
[11.685196] (-) TimerEvent: {}
[11.785562] (-) TimerEvent: {}
[11.886749] (-) TimerEvent: {}
[11.987297] (-) TimerEvent: {}
[12.087892] (-) TimerEvent: {}
[12.188550] (-) TimerEvent: {}
[12.289537] (-) TimerEvent: {}
[12.390618] (-) TimerEvent: {}
[12.491138] (-) TimerEvent: {}
[12.591638] (-) TimerEvent: {}
[12.692159] (-) TimerEvent: {}
[12.792880] (-) TimerEvent: {}
[12.895639] (-) TimerEvent: {}
[12.996487] (-) TimerEvent: {}
[13.096906] (-) TimerEvent: {}
[13.197419] (-) TimerEvent: {}
[13.297953] (-) TimerEvent: {}
[13.398673] (-) TimerEvent: {}
[13.499071] (-) TimerEvent: {}
[13.600222] (-) TimerEvent: {}
[13.700753] (-) TimerEvent: {}
[13.801569] (-) TimerEvent: {}
[13.902396] (-) TimerEvent: {}
[14.003111] (-) TimerEvent: {}
[14.103825] (-) TimerEvent: {}
[14.204469] (-) TimerEvent: {}
[14.305101] (-) TimerEvent: {}
[14.405619] (-) TimerEvent: {}
[14.506205] (-) TimerEvent: {}
[14.606809] (-) TimerEvent: {}
[14.707477] (-) TimerEvent: {}
[14.808423] (-) TimerEvent: {}
[14.909066] (-) TimerEvent: {}
[15.009759] (-) TimerEvent: {}
[15.110408] (-) TimerEvent: {}
[15.211351] (-) TimerEvent: {}
[15.311926] (-) TimerEvent: {}
[15.412734] (-) TimerEvent: {}
[15.514266] (-) TimerEvent: {}
[15.614742] (-) TimerEvent: {}
[15.715339] (-) TimerEvent: {}
[15.816326] (-) TimerEvent: {}
[15.916804] (-) TimerEvent: {}
[16.017677] (-) TimerEvent: {}
[16.118701] (-) TimerEvent: {}
[16.219920] (-) TimerEvent: {}
[16.320759] (-) TimerEvent: {}
[16.421430] (-) TimerEvent: {}
[16.522068] (-) TimerEvent: {}
[16.622666] (-) TimerEvent: {}
[16.723188] (-) TimerEvent: {}
[16.823839] (-) TimerEvent: {}
[16.925247] (-) TimerEvent: {}
[17.026640] (-) TimerEvent: {}
[17.127322] (-) TimerEvent: {}
[17.228127] (-) TimerEvent: {}
[17.329648] (-) TimerEvent: {}
[17.430249] (-) TimerEvent: {}
[17.531577] (-) TimerEvent: {}
[17.632295] (-) TimerEvent: {}
[17.732729] (-) TimerEvent: {}
[17.833707] (-) TimerEvent: {}
[17.934213] (-) TimerEvent: {}
[18.035446] (-) TimerEvent: {}
[18.136225] (-) TimerEvent: {}
[18.236968] (-) TimerEvent: {}
[18.337341] (-) TimerEvent: {}
[18.438035] (-) TimerEvent: {}
[18.538793] (-) TimerEvent: {}
[18.639229] (-) TimerEvent: {}
[18.740097] (-) TimerEvent: {}
[18.840635] (-) TimerEvent: {}
[18.942044] (-) TimerEvent: {}
[19.043692] (-) TimerEvent: {}
[19.144027] (-) TimerEvent: {}
[19.244550] (-) TimerEvent: {}
[19.344959] (-) TimerEvent: {}
[19.445572] (-) TimerEvent: {}
[19.546124] (-) TimerEvent: {}
[19.646783] (-) TimerEvent: {}
[19.747387] (-) TimerEvent: {}
[19.828232] (pkg01_healthoper_cpp) StdoutLine: {'line': b'[ 80%] \x1b[32m\x1b[1mLinking CXX executable health_oper\x1b[0m\n'}
[19.848328] (-) TimerEvent: {}
[19.949350] (-) TimerEvent: {}
[20.050143] (-) TimerEvent: {}
[20.151324] (-) TimerEvent: {}
[20.252080] (-) TimerEvent: {}
[20.353764] (-) TimerEvent: {}
[20.455198] (-) TimerEvent: {}
[20.555806] (-) TimerEvent: {}
[20.656414] (-) TimerEvent: {}
[20.757268] (-) TimerEvent: {}
[20.857881] (-) TimerEvent: {}
[20.959045] (-) TimerEvent: {}
[21.060580] (-) TimerEvent: {}
[21.072865] (pkg01_healthoper_cpp) StdoutLine: {'line': b'[100%] Built target health_oper\n'}
[21.091872] (pkg01_healthoper_cpp) CommandEnded: {'returncode': 0}
[21.148056] (pkg01_healthoper_cpp) JobProgress: {'identifier': 'pkg01_healthoper_cpp', 'progress': 'install'}
[21.162040] (pkg01_healthoper_cpp) Command: {'cmd': ['/usr/bin/cmake', '--install', '/home/cjs/Health_Node/ros2_ws/build/pkg01_healthoper_cpp'], 'cwd': '/home/cjs/Health_Node/ros2_ws/build/pkg01_healthoper_cpp', 'env': OrderedDict([('USER', 'cjs'), ('LC_TIME', 'zh_CN.UTF-8'), ('GIO_MODULE_DIR', '/home/cjs/snap/code/common/.cache/gio-modules'), ('SSH_AGENT_PID', '1549'), ('XDG_SESSION_TYPE', 'x11'), ('GTK_EXE_PREFIX_VSCODE_SNAP_ORIG', ''), ('GIT_ASKPASS', '/snap/code/164/usr/share/code/resources/app/extensions/git/dist/askpass.sh'), ('GDK_BACKEND_VSCODE_SNAP_ORIG', ''), ('SHLVL', '2'), ('LD_LIBRARY_PATH', '/home/cjs/Health_Node/ros2_ws/install/base_interfaces_demo/lib:/opt/ros/foxy/opt/yaml_cpp_vendor/lib:/opt/ros/foxy/opt/rviz_ogre_vendor/lib:/opt/ros/foxy/lib/x86_64-linux-gnu:/opt/ros/foxy/lib'), ('LESS', '-R'), ('HOME', '/home/cjs'), ('LOCPATH_VSCODE_SNAP_ORIG', ''), ('OLDPWD', '/home/cjs/Health_Node/ros2_ws/src'), ('CHROME_DESKTOP', 'code-url-handler.desktop'), ('DESKTOP_SESSION', 'ubuntu'), ('GTK_PATH', '/snap/code/164/usr/lib/x86_64-linux-gnu/gtk-3.0'), ('TERM_PROGRAM_VERSION', '1.91.1'), ('LSCOLORS', 'Gxfxcxdxbxegedabagacad'), ('ZSH', '/home/cjs/.oh-my-zsh'), ('GTK_IM_MODULE_FILE', '/home/cjs/snap/code/common/.cache/immodules/immodules.cache'), ('ROS_PYTHON_VERSION', '3'), ('GNOME_SHELL_SESSION_MODE', 'ubuntu'), ('ALL', 'en.US.UTF-8'), ('GTK_MODULES', 'gail:atk-bridge'), ('GSETTINGS_SCHEMA_DIR_VSCODE_SNAP_ORIG', ''), ('PAGER', 'less'), ('VSCODE_GIT_ASKPASS_MAIN', '/snap/code/164/usr/share/code/resources/app/extensions/git/dist/askpass-main.js'), ('LC_MONETARY', 'zh_CN.UTF-8'), ('MANAGERPID', '1452'), ('VSCODE_GIT_ASKPASS_NODE', '/snap/code/164/usr/share/code/code'), ('DBUS_STARTER_BUS_TYPE', 'session'), ('DBUS_SESSION_BUS_ADDRESS', 'unix:path=/run/user/1000/bus,guid=0ad66449fa88e04c4924a18666a1fbdd'), ('COLORTERM', 'truecolor'), ('IM_CONFIG_PHASE', '1'), ('ROS_DISTRO', 'foxy'), ('LOGNAME', 'cjs'), ('JOURNAL_STREAM', '8:54118'), ('_', '/usr/bin/colcon'), ('ROS_VERSION', '2'), ('XDG_CONFIG_DIRS_VSCODE_SNAP_ORIG', '/etc/xdg/xdg-ubuntu:/etc/xdg'), ('XDG_SESSION_CLASS', 'user'), ('XDG_DATA_DIRS_VSCODE_SNAP_ORIG', '/usr/share/ubuntu:/usr/local/share/:/usr/share/:/var/lib/snapd/desktop'), ('USER_ZDOTDIR', '/home/cjs'), ('USERNAME', 'cjs'), ('TERM', 'xterm-256color'), ('GNOME_DESKTOP_SESSION_ID', 'this-is-deprecated'), ('ROS_LOCALHOST_ONLY', '0'), ('WINDOWPATH', '2'), ('PATH', '/opt/ros/foxy/bin:/usr/local/sbin:/usr/local/bin:/usr/sbin:/usr/bin:/sbin:/bin:/usr/games:/usr/local/games:/snap/bin'), ('SESSION_MANAGER', 'local/cjs-virtual-machine:@/tmp/.ICE-unix/1584,unix/cjs-virtual-machine:/tmp/.ICE-unix/1584'), ('GTK_EXE_PREFIX', '/snap/code/164/usr'), ('INVOCATION_ID', '162e02ab94cc45bd9443462e2760ae53'), ('XDG_MENU_PREFIX', 'gnome-'), ('LC_ADDRESS', 'zh_CN.UTF-8'), ('XDG_RUNTIME_DIR', '/run/user/1000'), ('GDK_BACKEND', 'x11'), ('DISPLAY', ':0'), ('LOCPATH', '/snap/code/164/usr/lib/locale'), ('LANG', 'en_US.UTF-8'), ('XDG_CURRENT_DESKTOP', 'Unity'), ('LC_TELEPHONE', 'zh_CN.UTF-8'), ('TILIX_ID', 'dfeaaaa8-0ee1-4cd5-8701-d47e5e28be52'), ('VSCODE_INJECTION', '1'), ('GIO_MODULE_DIR_VSCODE_SNAP_ORIG', ''), ('XMODIFIERS', '@im=ibus'), ('XDG_SESSION_DESKTOP', 'ubuntu'), ('XAUTHORITY', '/run/user/1000/gdm/Xauthority'), ('LS_COLORS', 'no=00:fi=00:di=01;34:ln=00;36:pi=40;33:so=01;35:do=01;35:bd=40;33;01:cd=40;33;01:or=41;33;01:ex=00;32:*.cmd=00;32:*.exe=01;32:*.com=01;32:*.bat=01;32:*.btm=01;32:*.dll=01;32:*.tar=00;31:*.tbz=00;31:*.tgz=00;31:*.rpm=00;31:*.deb=00;31:*.arj=00;31:*.taz=00;31:*.lzh=00;31:*.lzma=00;31:*.zip=00;31:*.zoo=00;31:*.z=00;31:*.Z=00;31:*.gz=00;31:*.bz2=00;31:*.tb2=00;31:*.tz2=00;31:*.tbz2=00;31:*.avi=01;35:*.bmp=01;35:*.fli=01;35:*.gif=01;35:*.jpg=01;35:*.jpeg=01;35:*.mng=01;35:*.mov=01;35:*.mpg=01;35:*.pcx=01;35:*.pbm=01;35:*.pgm=01;35:*.png=01;35:*.ppm=01;35:*.tga=01;35:*.tif=01;35:*.xbm=01;35:*.xpm=01;35:*.dl=01;35:*.gl=01;35:*.wmv=01;35:*.aiff=00;32:*.au=00;32:*.mid=00;32:*.mp3=00;32:*.ogg=00;32:*.voc=00;32:*.wav=00;32:'), ('TERM_PROGRAM', 'vscode'), ('VSCODE_GIT_IPC_HANDLE', '/run/user/1000/vscode-git-8011e79f48.sock'), ('SSH_AUTH_SOCK', '/run/user/1000/keyring/ssh'), ('GSETTINGS_SCHEMA_DIR', '/home/cjs/snap/code/164/.local/share/glib-2.0/schemas'), ('AMENT_PREFIX_PATH', '/home/cjs/Health_Node/ros2_ws/install/base_interfaces_demo:/opt/ros/foxy'), ('ORIGINAL_XDG_CURRENT_DESKTOP', 'ubuntu:GNOME'), ('SHELL', '/usr/bin/zsh'), ('LC_NAME', 'zh_CN.UTF-8'), ('QT_ACCESSIBILITY', '1'), ('GDMSESSION', 'ubuntu'), ('GTK_PATH_VSCODE_SNAP_ORIG', ''), ('GTK_IM_MODULE_FILE_VSCODE_SNAP_ORIG', ''), ('LC_MEASUREMENT', 'zh_CN.UTF-8'), ('GPG_AGENT_INFO', '/run/user/1000/gnupg/S.gpg-agent:0:1'), ('LC_IDENTIFICATION', 'zh_CN.UTF-8'), ('QT_IM_MODULE', 'ibus'), ('VSCODE_GIT_ASKPASS_EXTRA_ARGS', ''), ('PWD', '/home/cjs/Health_Node/ros2_ws/build/pkg01_healthoper_cpp'), ('XDG_CONFIG_DIRS', '/etc/xdg/xdg-ubuntu:/etc/xdg'), ('DBUS_STARTER_ADDRESS', 'unix:path=/run/user/1000/bus,guid=0ad66449fa88e04c4924a18666a1fbdd'), ('XDG_DATA_DIRS', '/home/cjs/snap/code/164/.local/share:/home/cjs/snap/code/164:/snap/code/164/usr/share:/usr/share/ubuntu:/usr/local/share/:/usr/share/:/var/lib/snapd/desktop'), ('ZDOTDIR', '/home/cjs'), ('PYTHONPATH', '/home/cjs/Health_Node/ros2_ws/install/base_interfaces_demo/lib/python3.8/site-packages:/opt/ros/foxy/lib/python3.8/site-packages'), ('LC_NUMERIC', 'zh_CN.UTF-8'), ('LC_PAPER', 'zh_CN.UTF-8'), ('COLCON', '1'), ('VTE_VERSION', '6003'), ('CMAKE_PREFIX_PATH', '/home/cjs/Health_Node/ros2_ws/install/base_interfaces_demo:/opt/ros/foxy')]), 'shell': False}
[21.163240] (-) TimerEvent: {}
[21.174741] (pkg01_healthoper_cpp) StdoutLine: {'line': b'-- Install configuration: ""\n'}
[21.180315] (pkg01_healthoper_cpp) StdoutLine: {'line': b'-- Installing: /home/cjs/Health_Node/ros2_ws/install/pkg01_healthoper_cpp/lib/pkg01_healthoper_cpp/health_oper\n'}
[21.188595] (pkg01_healthoper_cpp) StdoutLine: {'line': b'-- Set runtime path of "/home/cjs/Health_Node/ros2_ws/install/pkg01_healthoper_cpp/lib/pkg01_healthoper_cpp/health_oper" to ""\n'}
[21.189926] (pkg01_healthoper_cpp) StdoutLine: {'line': b'-- Up-to-date: /home/cjs/Health_Node/ros2_ws/install/pkg01_healthoper_cpp/lib/pkg01_healthoper_cpp/listener\n'}
[21.190997] (pkg01_healthoper_cpp) StdoutLine: {'line': b'-- Up-to-date: /home/cjs/Health_Node/ros2_ws/install/pkg01_healthoper_cpp/share/pkg01_healthoper_cpp/config\n'}
[21.191829] (pkg01_healthoper_cpp) StdoutLine: {'line': b'-- Up-to-date: /home/cjs/Health_Node/ros2_ws/install/pkg01_healthoper_cpp/share/pkg01_healthoper_cpp/config/mapping.yaml\n'}
[21.192584] (pkg01_healthoper_cpp) StdoutLine: {'line': b'-- Up-to-date: /home/cjs/Health_Node/ros2_ws/install/pkg01_healthoper_cpp/share/ament_index/resource_index/package_run_dependencies/pkg01_healthoper_cpp\n'}
[21.192884] (pkg01_healthoper_cpp) StdoutLine: {'line': b'-- Installing: /home/cjs/Health_Node/ros2_ws/install/pkg01_healthoper_cpp/share/ament_index/resource_index/parent_prefix_path/pkg01_healthoper_cpp\n'}
[21.194561] (pkg01_healthoper_cpp) StdoutLine: {'line': b'-- Up-to-date: /home/cjs/Health_Node/ros2_ws/install/pkg01_healthoper_cpp/share/pkg01_healthoper_cpp/environment/ament_prefix_path.sh\n'}
[21.194706] (pkg01_healthoper_cpp) StdoutLine: {'line': b'-- Installing: /home/cjs/Health_Node/ros2_ws/install/pkg01_healthoper_cpp/share/pkg01_healthoper_cpp/environment/ament_prefix_path.dsv\n'}
[21.195087] (pkg01_healthoper_cpp) StdoutLine: {'line': b'-- Up-to-date: /home/cjs/Health_Node/ros2_ws/install/pkg01_healthoper_cpp/share/pkg01_healthoper_cpp/environment/path.sh\n'}
[21.195405] (pkg01_healthoper_cpp) StdoutLine: {'line': b'-- Installing: /home/cjs/Health_Node/ros2_ws/install/pkg01_healthoper_cpp/share/pkg01_healthoper_cpp/environment/path.dsv\n'}
[21.195794] (pkg01_healthoper_cpp) StdoutLine: {'line': b'-- Up-to-date: /home/cjs/Health_Node/ros2_ws/install/pkg01_healthoper_cpp/share/pkg01_healthoper_cpp/local_setup.bash\n'}
[21.195956] (pkg01_healthoper_cpp) StdoutLine: {'line': b'-- Up-to-date: /home/cjs/Health_Node/ros2_ws/install/pkg01_healthoper_cpp/share/pkg01_healthoper_cpp/local_setup.sh\n'}
[21.196225] (pkg01_healthoper_cpp) StdoutLine: {'line': b'-- Up-to-date: /home/cjs/Health_Node/ros2_ws/install/pkg01_healthoper_cpp/share/pkg01_healthoper_cpp/local_setup.zsh\n'}
[21.196302] (pkg01_healthoper_cpp) StdoutLine: {'line': b'-- Installing: /home/cjs/Health_Node/ros2_ws/install/pkg01_healthoper_cpp/share/pkg01_healthoper_cpp/local_setup.dsv\n'}
[21.196476] (pkg01_healthoper_cpp) StdoutLine: {'line': b'-- Installing: /home/cjs/Health_Node/ros2_ws/install/pkg01_healthoper_cpp/share/pkg01_healthoper_cpp/package.dsv\n'}
[21.197092] (pkg01_healthoper_cpp) StdoutLine: {'line': b'-- Up-to-date: /home/cjs/Health_Node/ros2_ws/install/pkg01_healthoper_cpp/share/ament_index/resource_index/packages/pkg01_healthoper_cpp\n'}
[21.197472] (pkg01_healthoper_cpp) StdoutLine: {'line': b'-- Up-to-date: /home/cjs/Health_Node/ros2_ws/install/pkg01_healthoper_cpp/share/pkg01_healthoper_cpp/cmake/pkg01_healthoper_cppConfig.cmake\n'}
[21.197552] (pkg01_healthoper_cpp) StdoutLine: {'line': b'-- Up-to-date: /home/cjs/Health_Node/ros2_ws/install/pkg01_healthoper_cpp/share/pkg01_healthoper_cpp/cmake/pkg01_healthoper_cppConfig-version.cmake\n'}
[21.197800] (pkg01_healthoper_cpp) StdoutLine: {'line': b'-- Up-to-date: /home/cjs/Health_Node/ros2_ws/install/pkg01_healthoper_cpp/share/pkg01_healthoper_cpp/package.xml\n'}
[21.201960] (pkg01_healthoper_cpp) CommandEnded: {'returncode': 0}
[21.264354] (-) TimerEvent: {}
[21.293799] (pkg01_healthoper_cpp) JobEnded: {'identifier': 'pkg01_healthoper_cpp', 'rc': 0}
[21.295356] (-) EventReactorShutdown: {}
