/usr/bin/ld: CMakeFiles/lifecycle.dir/src/lifecycle.cpp.o: in function `main':
lifecycle.cpp:(.text+0x1dc): undefined reference to `rclcpp_lifecycle::LifecycleNode::get_node_base_interface()'
/usr/bin/ld: CMakeFiles/lifecycle.dir/src/lifecycle.cpp.o: in function `LifecycleNode::LifecycleNode()':
lifecycle.cpp:(.text._ZN13LifecycleNodeC2Ev[_ZN13LifecycleNodeC5Ev]+0xb4): undefined reference to `rclcpp_lifecycle::LifecycleNode::LifecycleNode(std::__cxx11::basic_string<char, std::char_traits<char>, std::allocator<char> > const&, rclcpp::NodeOptions const&)'
/usr/bin/ld: lifecycle.cpp:(.text._ZN13LifecycleNodeC2Ev[_ZN13LifecycleNodeC5Ev]+0x1f9): undefined reference to `rclcpp_lifecycle::LifecycleNode::get_logger() const'
/usr/bin/ld: lifecycle.cpp:(.text._ZN13LifecycleNodeC2Ev[_ZN13LifecycleNodeC5Ev]+0x256): undefined reference to `rclcpp_lifecycle::LifecycleNode::get_logger() const'
/usr/bin/ld: lifecycle.cpp:(.text._ZN13LifecycleNodeC2Ev[_ZN13LifecycleNodeC5Ev]+0x354): undefined reference to `rclcpp_lifecycle::LifecycleNode::~LifecycleNode()'
/usr/bin/ld: CMakeFiles/lifecycle.dir/src/lifecycle.cpp.o: in function `LifecycleNode::on_configure(rclcpp_lifecycle::State const&)::{lambda()#1}::operator()() const':
lifecycle.cpp:(.text._ZZN13LifecycleNode12on_configureERKN16rclcpp_lifecycle5StateEENKUlvE_clEv[_ZZN13LifecycleNode12on_configureERKN16rclcpp_lifecycle5StateEENKUlvE_clEv]+0x2b): undefined reference to `rclcpp_lifecycle::LifecycleNode::get_current_state()'
/usr/bin/ld: lifecycle.cpp:(.text._ZZN13LifecycleNode12on_configureERKN16rclcpp_lifecycle5StateEENKUlvE_clEv[_ZZN13LifecycleNode12on_configureERKN16rclcpp_lifecycle5StateEENKUlvE_clEv]+0x33): undefined reference to `rclcpp_lifecycle::State::id() const'
/usr/bin/ld: CMakeFiles/lifecycle.dir/src/lifecycle.cpp.o: in function `LifecycleNode::on_configure(rclcpp_lifecycle::State const&)':
lifecycle.cpp:(.text._ZN13LifecycleNode12on_configureERKN16rclcpp_lifecycle5StateE[_ZN13LifecycleNode12on_configureERKN16rclcpp_lifecycle5StateE]+0x108): undefined reference to `rclcpp_lifecycle::LifecycleNode::get_logger() const'
/usr/bin/ld: lifecycle.cpp:(.text._ZN13LifecycleNode12on_configureERKN16rclcpp_lifecycle5StateE[_ZN13LifecycleNode12on_configureERKN16rclcpp_lifecycle5StateE]+0x161): undefined reference to `rclcpp_lifecycle::LifecycleNode::get_logger() const'
/usr/bin/ld: CMakeFiles/lifecycle.dir/src/lifecycle.cpp.o: in function `LifecycleNode::on_activate(rclcpp_lifecycle::State const&)':
lifecycle.cpp:(.text._ZN13LifecycleNode11on_activateERKN16rclcpp_lifecycle5StateE[_ZN13LifecycleNode11on_activateERKN16rclcpp_lifecycle5StateE]+0x108): undefined reference to `rclcpp_lifecycle::LifecycleNode::get_logger() const'
/usr/bin/ld: lifecycle.cpp:(.text._ZN13LifecycleNode11on_activateERKN16rclcpp_lifecycle5StateE[_ZN13LifecycleNode11on_activateERKN16rclcpp_lifecycle5StateE]+0x161): undefined reference to `rclcpp_lifecycle::LifecycleNode::get_logger() const'
/usr/bin/ld: CMakeFiles/lifecycle.dir/src/lifecycle.cpp.o: in function `LifecycleNode::on_deactivate(rclcpp_lifecycle::State const&)':
lifecycle.cpp:(.text._ZN13LifecycleNode13on_deactivateERKN16rclcpp_lifecycle5StateE[_ZN13LifecycleNode13on_deactivateERKN16rclcpp_lifecycle5StateE]+0x108): undefined reference to `rclcpp_lifecycle::LifecycleNode::get_logger() const'
/usr/bin/ld: CMakeFiles/lifecycle.dir/src/lifecycle.cpp.o:lifecycle.cpp:(.text._ZN13LifecycleNode13on_deactivateERKN16rclcpp_lifecycle5StateE[_ZN13LifecycleNode13on_deactivateERKN16rclcpp_lifecycle5StateE]+0x161): more undefined references to `rclcpp_lifecycle::LifecycleNode::get_logger() const' follow
/usr/bin/ld: CMakeFiles/lifecycle.dir/src/lifecycle.cpp.o: in function `std::shared_ptr<rclcpp::node_interfaces::NodeTopicsInterface> rclcpp::node_interfaces::detail::get_node_topics_interface_from_pointer<rclcpp_lifecycle::LifecycleNode*, 0>(rclcpp_lifecycle::LifecycleNode*)':
lifecycle.cpp:(.text._ZN6rclcpp15node_interfaces6detail38get_node_topics_interface_from_pointerIPN16rclcpp_lifecycle13LifecycleNodeELi0EEESt10shared_ptrINS0_19NodeTopicsInterfaceEET_[_ZN6rclcpp15node_interfaces6detail38get_node_topics_interface_from_pointerIPN16rclcpp_lifecycle13LifecycleNodeELi0EEESt10shared_ptrINS0_19NodeTopicsInterfaceEET_]+0x71): undefined reference to `rclcpp_lifecycle::LifecycleNode::get_node_topics_interface()'
/usr/bin/ld: CMakeFiles/lifecycle.dir/src/lifecycle.cpp.o:(.data.rel.ro._ZTV13LifecycleNode[_ZTV13LifecycleNode]+0x38): undefined reference to `rclcpp_lifecycle::node_interfaces::LifecycleNodeInterface::on_error(rclcpp_lifecycle::State const&)'
/usr/bin/ld: CMakeFiles/lifecycle.dir/src/lifecycle.cpp.o: in function `LifecycleNode::~LifecycleNode()':
lifecycle.cpp:(.text._ZN13LifecycleNodeD2Ev[_ZN13LifecycleNodeD5Ev]+0x4a): undefined reference to `rclcpp_lifecycle::LifecycleNode::~LifecycleNode()'
/usr/bin/ld: CMakeFiles/lifecycle.dir/src/lifecycle.cpp.o:(.data.rel.ro._ZTI13LifecycleNode[_ZTI13LifecycleNode]+0x10): undefined reference to `typeinfo for rclcpp_lifecycle::LifecycleNode'
collect2: error: ld returned 1 exit status
make[2]: *** [CMakeFiles/lifecycle.dir/build.make:131: lifecycle] Error 1
make[1]: *** [CMakeFiles/Makefile2:78: CMakeFiles/lifecycle.dir/all] Error 2
make: *** [Makefile:141: all] Error 2
