[0.032s] Invoking command in '/home/cjs/Health_Node/ros2_ws/build/base_interfaces_demo': CMAKE_PREFIX_PATH=/opt/ros/foxy /usr/bin/cmake --build /home/cjs/Health_Node/ros2_ws/build/base_interfaces_demo -- -j4 -l4
[0.175s] [ 12%] Built target base_interfaces_demo__rosidl_generator_c
[0.175s] [ 12%] Built target base_interfaces_demo__cpp
[0.252s] [ 24%] Built target base_interfaces_demo__rosidl_typesupport_introspection_c
[0.264s] [ 36%] Built target base_interfaces_demo__rosidl_typesupport_cpp
[0.264s] [ 48%] Built target base_interfaces_demo__rosidl_typesupport_fastrtps_cpp
[0.287s] [ 60%] Built target base_interfaces_demo__rosidl_typesupport_c
[0.345s] [ 72%] Built target base_interfaces_demo__rosidl_typesupport_introspection_cpp
[0.365s] [ 84%] Built target base_interfaces_demo__rosidl_typesupport_fastrtps_c
[0.415s] [ 84%] Built target base_interfaces_demo
[0.459s] [ 85%] Built target base_interfaces_demo__py
[0.524s] [ 96%] Built target base_interfaces_demo__python
[0.574s] [ 97%] Built target base_interfaces_demo__rosidl_typesupport_fastrtps_c__pyext
[0.606s] [ 98%] Built target base_interfaces_demo__rosidl_typesupport_c__pyext
[0.612s] [100%] Built target base_interfaces_demo__rosidl_typesupport_introspection_c__pyext
[0.639s] Invoked command in '/home/cjs/Health_Node/ros2_ws/build/base_interfaces_demo' returned '0': CMAKE_PREFIX_PATH=/opt/ros/foxy /usr/bin/cmake --build /home/cjs/Health_Node/ros2_ws/build/base_interfaces_demo -- -j4 -l4
[1.848s] Invoking command in '/home/cjs/Health_Node/ros2_ws/build/base_interfaces_demo': CMAKE_PREFIX_PATH=/opt/ros/foxy /usr/bin/cmake --install /home/cjs/Health_Node/ros2_ws/build/base_interfaces_demo
[1.876s] -- Install configuration: ""
[1.876s] -- Up-to-date: /home/cjs/Health_Node/ros2_ws/install/base_interfaces_demo/share/ament_index/resource_index/rosidl_interfaces/base_interfaces_demo
[1.876s] -- Up-to-date: /home/cjs/Health_Node/ros2_ws/install/base_interfaces_demo/include/base_interfaces_demo
[1.876s] -- Up-to-date: /home/cjs/Health_Node/ros2_ws/install/base_interfaces_demo/include/base_interfaces_demo/msg
[1.883s] -- Up-to-date: /home/cjs/Health_Node/ros2_ws/install/base_interfaces_demo/include/base_interfaces_demo/msg/bms_info.h
[1.885s] -- Up-to-date: /home/cjs/Health_Node/ros2_ws/install/base_interfaces_demo/include/base_interfaces_demo/msg/pub_sub_info.h
[1.885s] -- Up-to-date: /home/cjs/Health_Node/ros2_ws/install/base_interfaces_demo/include/base_interfaces_demo/msg/device_id.h
[1.885s] -- Up-to-date: /home/cjs/Health_Node/ros2_ws/install/base_interfaces_demo/include/base_interfaces_demo/msg/manual_seek_label.h
[1.885s] -- Up-to-date: /home/cjs/Health_Node/ros2_ws/install/base_interfaces_demo/include/base_interfaces_demo/msg/device_info.h
[1.885s] -- Up-to-date: /home/cjs/Health_Node/ros2_ws/install/base_interfaces_demo/include/base_interfaces_demo/msg/rosidl_generator_c__visibility_control.h
[1.885s] -- Up-to-date: /home/cjs/Health_Node/ros2_ws/install/base_interfaces_demo/include/base_interfaces_demo/msg/detail
[1.885s] -- Up-to-date: /home/cjs/Health_Node/ros2_ws/install/base_interfaces_demo/include/base_interfaces_demo/msg/detail/motor_status__functions.c
[1.885s] -- Up-to-date: /home/cjs/Health_Node/ros2_ws/install/base_interfaces_demo/include/base_interfaces_demo/msg/detail/bms_info__type_support.h
[1.886s] -- Up-to-date: /home/cjs/Health_Node/ros2_ws/install/base_interfaces_demo/include/base_interfaces_demo/msg/detail/seek_ret__type_support.h
[1.886s] -- Up-to-date: /home/cjs/Health_Node/ros2_ws/install/base_interfaces_demo/include/base_interfaces_demo/msg/detail/color_info__functions.c
[1.886s] -- Up-to-date: /home/cjs/Health_Node/ros2_ws/install/base_interfaces_demo/include/base_interfaces_demo/msg/detail/pallet_info__functions.h
[1.886s] -- Up-to-date: /home/cjs/Health_Node/ros2_ws/install/base_interfaces_demo/include/base_interfaces_demo/msg/detail/obs_laser__type_support.h
[1.886s] -- Up-to-date: /home/cjs/Health_Node/ros2_ws/install/base_interfaces_demo/include/base_interfaces_demo/msg/detail/manual__struct.h
[1.886s] -- Up-to-date: /home/cjs/Health_Node/ros2_ws/install/base_interfaces_demo/include/base_interfaces_demo/msg/detail/file_updata__struct.h
[1.886s] -- Up-to-date: /home/cjs/Health_Node/ros2_ws/install/base_interfaces_demo/include/base_interfaces_demo/msg/detail/pub_sub_info__struct.h
[1.886s] -- Up-to-date: /home/cjs/Health_Node/ros2_ws/install/base_interfaces_demo/include/base_interfaces_demo/msg/detail/motor_status__struct.h
[1.886s] -- Up-to-date: /home/cjs/Health_Node/ros2_ws/install/base_interfaces_demo/include/base_interfaces_demo/msg/detail/manual_seek_label__struct.h
[1.886s] -- Up-to-date: /home/cjs/Health_Node/ros2_ws/install/base_interfaces_demo/include/base_interfaces_demo/msg/detail/motor_status__type_support.h
[1.887s] -- Up-to-date: /home/cjs/Health_Node/ros2_ws/install/base_interfaces_demo/include/base_interfaces_demo/msg/detail/health_node__functions.c
[1.887s] -- Up-to-date: /home/cjs/Health_Node/ros2_ws/install/base_interfaces_demo/include/base_interfaces_demo/msg/detail/charger_info__functions.h
[1.887s] -- Up-to-date: /home/cjs/Health_Node/ros2_ws/install/base_interfaces_demo/include/base_interfaces_demo/msg/detail/device_id__functions.c
[1.887s] -- Up-to-date: /home/cjs/Health_Node/ros2_ws/install/base_interfaces_demo/include/base_interfaces_demo/msg/detail/health_node__struct.h
[1.887s] -- Up-to-date: /home/cjs/Health_Node/ros2_ws/install/base_interfaces_demo/include/base_interfaces_demo/msg/detail/pub_sub_info__type_support.h
[1.887s] -- Up-to-date: /home/cjs/Health_Node/ros2_ws/install/base_interfaces_demo/include/base_interfaces_demo/msg/detail/motor_status__functions.h
[1.888s] -- Up-to-date: /home/cjs/Health_Node/ros2_ws/install/base_interfaces_demo/include/base_interfaces_demo/msg/detail/manual__functions.h
[1.888s] -- Up-to-date: /home/cjs/Health_Node/ros2_ws/install/base_interfaces_demo/include/base_interfaces_demo/msg/detail/hall_info__functions.h
[1.888s] -- Up-to-date: /home/cjs/Health_Node/ros2_ws/install/base_interfaces_demo/include/base_interfaces_demo/msg/detail/manual__functions.c
[1.888s] -- Up-to-date: /home/cjs/Health_Node/ros2_ws/install/base_interfaces_demo/include/base_interfaces_demo/msg/detail/file_updata__functions.c
[1.888s] -- Up-to-date: /home/cjs/Health_Node/ros2_ws/install/base_interfaces_demo/include/base_interfaces_demo/msg/detail/manual_seek_label__type_support.h
[1.888s] -- Up-to-date: /home/cjs/Health_Node/ros2_ws/install/base_interfaces_demo/include/base_interfaces_demo/msg/detail/pallet_info__type_support.h
[1.888s] -- Up-to-date: /home/cjs/Health_Node/ros2_ws/install/base_interfaces_demo/include/base_interfaces_demo/msg/detail/color_info__functions.h
[1.888s] -- Up-to-date: /home/cjs/Health_Node/ros2_ws/install/base_interfaces_demo/include/base_interfaces_demo/msg/detail/health_node__functions.h
[1.888s] -- Up-to-date: /home/cjs/Health_Node/ros2_ws/install/base_interfaces_demo/include/base_interfaces_demo/msg/detail/device_id__functions.h
[1.888s] -- Up-to-date: /home/cjs/Health_Node/ros2_ws/install/base_interfaces_demo/include/base_interfaces_demo/msg/detail/manual_seek_label__functions.c
[1.888s] -- Up-to-date: /home/cjs/Health_Node/ros2_ws/install/base_interfaces_demo/include/base_interfaces_demo/msg/detail/bms_info__functions.h
[1.889s] -- Up-to-date: /home/cjs/Health_Node/ros2_ws/install/base_interfaces_demo/include/base_interfaces_demo/msg/detail/system_status__functions.h
[1.889s] -- Up-to-date: /home/cjs/Health_Node/ros2_ws/install/base_interfaces_demo/include/base_interfaces_demo/msg/detail/location__functions.c
[1.889s] -- Up-to-date: /home/cjs/Health_Node/ros2_ws/install/base_interfaces_demo/include/base_interfaces_demo/msg/detail/system_status__functions.c
[1.889s] -- Up-to-date: /home/cjs/Health_Node/ros2_ws/install/base_interfaces_demo/include/base_interfaces_demo/msg/detail/device_id__type_support.h
[1.889s] -- Up-to-date: /home/cjs/Health_Node/ros2_ws/install/base_interfaces_demo/include/base_interfaces_demo/msg/detail/location__struct.h
[1.889s] -- Up-to-date: /home/cjs/Health_Node/ros2_ws/install/base_interfaces_demo/include/base_interfaces_demo/msg/detail/hall_info__functions.c
[1.889s] -- Up-to-date: /home/cjs/Health_Node/ros2_ws/install/base_interfaces_demo/include/base_interfaces_demo/msg/detail/file_updata__functions.h
[1.889s] -- Up-to-date: /home/cjs/Health_Node/ros2_ws/install/base_interfaces_demo/include/base_interfaces_demo/msg/detail/pallet_info__struct.h
[1.889s] -- Up-to-date: /home/cjs/Health_Node/ros2_ws/install/base_interfaces_demo/include/base_interfaces_demo/msg/detail/seek_ret__functions.h
[1.889s] -- Up-to-date: /home/cjs/Health_Node/ros2_ws/install/base_interfaces_demo/include/base_interfaces_demo/msg/detail/color_info__struct.h
[1.889s] -- Up-to-date: /home/cjs/Health_Node/ros2_ws/install/base_interfaces_demo/include/base_interfaces_demo/msg/detail/charger_info__functions.c
[1.890s] -- Up-to-date: /home/cjs/Health_Node/ros2_ws/install/base_interfaces_demo/include/base_interfaces_demo/msg/detail/pub_sub_info__functions.c
[1.890s] -- Up-to-date: /home/cjs/Health_Node/ros2_ws/install/base_interfaces_demo/include/base_interfaces_demo/msg/detail/obs_laser__functions.h
[1.890s] -- Up-to-date: /home/cjs/Health_Node/ros2_ws/install/base_interfaces_demo/include/base_interfaces_demo/msg/detail/device_info__functions.c
[1.890s] -- Up-to-date: /home/cjs/Health_Node/ros2_ws/install/base_interfaces_demo/include/base_interfaces_demo/msg/detail/manual__type_support.h
[1.890s] -- Up-to-date: /home/cjs/Health_Node/ros2_ws/install/base_interfaces_demo/include/base_interfaces_demo/msg/detail/system_status__type_support.h
[1.890s] -- Up-to-date: /home/cjs/Health_Node/ros2_ws/install/base_interfaces_demo/include/base_interfaces_demo/msg/detail/seek_ret__functions.c
[1.891s] -- Up-to-date: /home/cjs/Health_Node/ros2_ws/install/base_interfaces_demo/include/base_interfaces_demo/msg/detail/hall_info__type_support.h
[1.891s] -- Up-to-date: /home/cjs/Health_Node/ros2_ws/install/base_interfaces_demo/include/base_interfaces_demo/msg/detail/obs_laser__struct.h
[1.891s] -- Up-to-date: /home/cjs/Health_Node/ros2_ws/install/base_interfaces_demo/include/base_interfaces_demo/msg/detail/pub_sub_info__functions.h
[1.891s] -- Up-to-date: /home/cjs/Health_Node/ros2_ws/install/base_interfaces_demo/include/base_interfaces_demo/msg/detail/device_info__type_support.h
[1.891s] -- Up-to-date: /home/cjs/Health_Node/ros2_ws/install/base_interfaces_demo/include/base_interfaces_demo/msg/detail/location__type_support.h
[1.891s] -- Up-to-date: /home/cjs/Health_Node/ros2_ws/install/base_interfaces_demo/include/base_interfaces_demo/msg/detail/health_node__type_support.h
[1.891s] -- Up-to-date: /home/cjs/Health_Node/ros2_ws/install/base_interfaces_demo/include/base_interfaces_demo/msg/detail/seek_ret__struct.h
[1.891s] -- Up-to-date: /home/cjs/Health_Node/ros2_ws/install/base_interfaces_demo/include/base_interfaces_demo/msg/detail/device_info__functions.h
[1.891s] -- Up-to-date: /home/cjs/Health_Node/ros2_ws/install/base_interfaces_demo/include/base_interfaces_demo/msg/detail/hall_info__struct.h
[1.891s] -- Up-to-date: /home/cjs/Health_Node/ros2_ws/install/base_interfaces_demo/include/base_interfaces_demo/msg/detail/bms_info__struct.h
[1.891s] -- Up-to-date: /home/cjs/Health_Node/ros2_ws/install/base_interfaces_demo/include/base_interfaces_demo/msg/detail/pallet_info__functions.c
[1.892s] -- Up-to-date: /home/cjs/Health_Node/ros2_ws/install/base_interfaces_demo/include/base_interfaces_demo/msg/detail/charger_info__struct.h
[1.892s] -- Up-to-date: /home/cjs/Health_Node/ros2_ws/install/base_interfaces_demo/include/base_interfaces_demo/msg/detail/charger_info__type_support.h
[1.892s] -- Up-to-date: /home/cjs/Health_Node/ros2_ws/install/base_interfaces_demo/include/base_interfaces_demo/msg/detail/bms_info__functions.c
[1.892s] -- Up-to-date: /home/cjs/Health_Node/ros2_ws/install/base_interfaces_demo/include/base_interfaces_demo/msg/detail/location__functions.h
[1.892s] -- Up-to-date: /home/cjs/Health_Node/ros2_ws/install/base_interfaces_demo/include/base_interfaces_demo/msg/detail/manual_seek_label__functions.h
[1.892s] -- Up-to-date: /home/cjs/Health_Node/ros2_ws/install/base_interfaces_demo/include/base_interfaces_demo/msg/detail/device_info__struct.h
[1.893s] -- Up-to-date: /home/cjs/Health_Node/ros2_ws/install/base_interfaces_demo/include/base_interfaces_demo/msg/detail/system_status__struct.h
[1.893s] -- Up-to-date: /home/cjs/Health_Node/ros2_ws/install/base_interfaces_demo/include/base_interfaces_demo/msg/detail/obs_laser__functions.c
[1.893s] -- Up-to-date: /home/cjs/Health_Node/ros2_ws/install/base_interfaces_demo/include/base_interfaces_demo/msg/detail/device_id__struct.h
[1.893s] -- Up-to-date: /home/cjs/Health_Node/ros2_ws/install/base_interfaces_demo/include/base_interfaces_demo/msg/detail/color_info__type_support.h
[1.893s] -- Up-to-date: /home/cjs/Health_Node/ros2_ws/install/base_interfaces_demo/include/base_interfaces_demo/msg/detail/file_updata__type_support.h
[1.893s] -- Up-to-date: /home/cjs/Health_Node/ros2_ws/install/base_interfaces_demo/include/base_interfaces_demo/msg/pallet_info.h
[1.893s] -- Up-to-date: /home/cjs/Health_Node/ros2_ws/install/base_interfaces_demo/include/base_interfaces_demo/msg/motor_status.h
[1.893s] -- Up-to-date: /home/cjs/Health_Node/ros2_ws/install/base_interfaces_demo/include/base_interfaces_demo/msg/location.h
[1.893s] -- Up-to-date: /home/cjs/Health_Node/ros2_ws/install/base_interfaces_demo/include/base_interfaces_demo/msg/charger_info.h
[1.894s] -- Up-to-date: /home/cjs/Health_Node/ros2_ws/install/base_interfaces_demo/include/base_interfaces_demo/msg/color_info.h
[1.895s] -- Up-to-date: /home/cjs/Health_Node/ros2_ws/install/base_interfaces_demo/include/base_interfaces_demo/msg/obs_laser.h
[1.895s] -- Up-to-date: /home/cjs/Health_Node/ros2_ws/install/base_interfaces_demo/include/base_interfaces_demo/msg/hall_info.h
[1.895s] -- Up-to-date: /home/cjs/Health_Node/ros2_ws/install/base_interfaces_demo/include/base_interfaces_demo/msg/health_node.h
[1.896s] -- Up-to-date: /home/cjs/Health_Node/ros2_ws/install/base_interfaces_demo/include/base_interfaces_demo/msg/system_status.h
[1.896s] -- Up-to-date: /home/cjs/Health_Node/ros2_ws/install/base_interfaces_demo/include/base_interfaces_demo/msg/manual.h
[1.896s] -- Up-to-date: /home/cjs/Health_Node/ros2_ws/install/base_interfaces_demo/include/base_interfaces_demo/msg/seek_ret.h
[1.896s] -- Up-to-date: /home/cjs/Health_Node/ros2_ws/install/base_interfaces_demo/include/base_interfaces_demo/msg/file_updata.h
[1.896s] -- Up-to-date: /home/cjs/Health_Node/ros2_ws/install/base_interfaces_demo/share/base_interfaces_demo/environment/library_path.sh
[1.896s] -- Up-to-date: /home/cjs/Health_Node/ros2_ws/install/base_interfaces_demo/share/base_interfaces_demo/environment/library_path.dsv
[1.896s] -- Up-to-date: /home/cjs/Health_Node/ros2_ws/install/base_interfaces_demo/lib/libbase_interfaces_demo__rosidl_generator_c.so
[1.897s] -- Up-to-date: /home/cjs/Health_Node/ros2_ws/install/base_interfaces_demo/include/base_interfaces_demo
[1.897s] -- Up-to-date: /home/cjs/Health_Node/ros2_ws/install/base_interfaces_demo/include/base_interfaces_demo/msg
[1.897s] -- Up-to-date: /home/cjs/Health_Node/ros2_ws/install/base_interfaces_demo/include/base_interfaces_demo/msg/detail
[1.897s] -- Up-to-date: /home/cjs/Health_Node/ros2_ws/install/base_interfaces_demo/include/base_interfaces_demo/msg/detail/hall_info__rosidl_typesupport_fastrtps_c.h
[1.897s] -- Up-to-date: /home/cjs/Health_Node/ros2_ws/install/base_interfaces_demo/include/base_interfaces_demo/msg/detail/manual__rosidl_typesupport_fastrtps_c.h
[1.897s] -- Up-to-date: /home/cjs/Health_Node/ros2_ws/install/base_interfaces_demo/include/base_interfaces_demo/msg/detail/manual_seek_label__rosidl_typesupport_fastrtps_c.h
[1.897s] -- Up-to-date: /home/cjs/Health_Node/ros2_ws/install/base_interfaces_demo/include/base_interfaces_demo/msg/detail/location__rosidl_typesupport_fastrtps_c.h
[1.897s] -- Up-to-date: /home/cjs/Health_Node/ros2_ws/install/base_interfaces_demo/include/base_interfaces_demo/msg/detail/bms_info__rosidl_typesupport_fastrtps_c.h
[1.897s] -- Up-to-date: /home/cjs/Health_Node/ros2_ws/install/base_interfaces_demo/include/base_interfaces_demo/msg/detail/health_node__rosidl_typesupport_fastrtps_c.h
[1.897s] -- Up-to-date: /home/cjs/Health_Node/ros2_ws/install/base_interfaces_demo/include/base_interfaces_demo/msg/detail/color_info__rosidl_typesupport_fastrtps_c.h
[1.897s] -- Up-to-date: /home/cjs/Health_Node/ros2_ws/install/base_interfaces_demo/include/base_interfaces_demo/msg/detail/device_id__rosidl_typesupport_fastrtps_c.h
[1.897s] -- Up-to-date: /home/cjs/Health_Node/ros2_ws/install/base_interfaces_demo/include/base_interfaces_demo/msg/detail/device_info__rosidl_typesupport_fastrtps_c.h
[1.898s] -- Up-to-date: /home/cjs/Health_Node/ros2_ws/install/base_interfaces_demo/include/base_interfaces_demo/msg/detail/pub_sub_info__rosidl_typesupport_fastrtps_c.h
[1.898s] -- Up-to-date: /home/cjs/Health_Node/ros2_ws/install/base_interfaces_demo/include/base_interfaces_demo/msg/detail/pallet_info__rosidl_typesupport_fastrtps_c.h
[1.898s] -- Up-to-date: /home/cjs/Health_Node/ros2_ws/install/base_interfaces_demo/include/base_interfaces_demo/msg/detail/seek_ret__rosidl_typesupport_fastrtps_c.h
[1.898s] -- Up-to-date: /home/cjs/Health_Node/ros2_ws/install/base_interfaces_demo/include/base_interfaces_demo/msg/detail/charger_info__rosidl_typesupport_fastrtps_c.h
[1.898s] -- Up-to-date: /home/cjs/Health_Node/ros2_ws/install/base_interfaces_demo/include/base_interfaces_demo/msg/detail/system_status__rosidl_typesupport_fastrtps_c.h
[1.898s] -- Up-to-date: /home/cjs/Health_Node/ros2_ws/install/base_interfaces_demo/include/base_interfaces_demo/msg/detail/file_updata__rosidl_typesupport_fastrtps_c.h
[1.898s] -- Up-to-date: /home/cjs/Health_Node/ros2_ws/install/base_interfaces_demo/include/base_interfaces_demo/msg/detail/obs_laser__rosidl_typesupport_fastrtps_c.h
[1.899s] -- Up-to-date: /home/cjs/Health_Node/ros2_ws/install/base_interfaces_demo/include/base_interfaces_demo/msg/detail/motor_status__rosidl_typesupport_fastrtps_c.h
[1.900s] -- Up-to-date: /home/cjs/Health_Node/ros2_ws/install/base_interfaces_demo/include/base_interfaces_demo/msg/rosidl_typesupport_fastrtps_c__visibility_control.h
[1.900s] -- Up-to-date: /home/cjs/Health_Node/ros2_ws/install/base_interfaces_demo/lib/libbase_interfaces_demo__rosidl_typesupport_fastrtps_c.so
[1.900s] -- Up-to-date: /home/cjs/Health_Node/ros2_ws/install/base_interfaces_demo/include/base_interfaces_demo
[1.900s] -- Up-to-date: /home/cjs/Health_Node/ros2_ws/install/base_interfaces_demo/include/base_interfaces_demo/msg
[1.900s] -- Up-to-date: /home/cjs/Health_Node/ros2_ws/install/base_interfaces_demo/include/base_interfaces_demo/msg/detail
[1.900s] -- Up-to-date: /home/cjs/Health_Node/ros2_ws/install/base_interfaces_demo/include/base_interfaces_demo/msg/detail/hall_info__rosidl_typesupport_fastrtps_cpp.hpp
[1.900s] -- Up-to-date: /home/cjs/Health_Node/ros2_ws/install/base_interfaces_demo/include/base_interfaces_demo/msg/detail/pallet_info__rosidl_typesupport_fastrtps_cpp.hpp
[1.900s] -- Up-to-date: /home/cjs/Health_Node/ros2_ws/install/base_interfaces_demo/include/base_interfaces_demo/msg/detail/pub_sub_info__rosidl_typesupport_fastrtps_cpp.hpp
[1.901s] -- Up-to-date: /home/cjs/Health_Node/ros2_ws/install/base_interfaces_demo/include/base_interfaces_demo/msg/detail/manual__rosidl_typesupport_fastrtps_cpp.hpp
[1.901s] -- Up-to-date: /home/cjs/Health_Node/ros2_ws/install/base_interfaces_demo/include/base_interfaces_demo/msg/detail/device_id__rosidl_typesupport_fastrtps_cpp.hpp
[1.901s] -- Up-to-date: /home/cjs/Health_Node/ros2_ws/install/base_interfaces_demo/include/base_interfaces_demo/msg/detail/manual_seek_label__rosidl_typesupport_fastrtps_cpp.hpp
[1.901s] -- Up-to-date: /home/cjs/Health_Node/ros2_ws/install/base_interfaces_demo/include/base_interfaces_demo/msg/detail/file_updata__rosidl_typesupport_fastrtps_cpp.hpp
[1.901s] -- Up-to-date: /home/cjs/Health_Node/ros2_ws/install/base_interfaces_demo/include/base_interfaces_demo/msg/detail/seek_ret__rosidl_typesupport_fastrtps_cpp.hpp
[1.901s] -- Up-to-date: /home/cjs/Health_Node/ros2_ws/install/base_interfaces_demo/include/base_interfaces_demo/msg/detail/color_info__rosidl_typesupport_fastrtps_cpp.hpp
[1.901s] -- Up-to-date: /home/cjs/Health_Node/ros2_ws/install/base_interfaces_demo/include/base_interfaces_demo/msg/detail/location__rosidl_typesupport_fastrtps_cpp.hpp
[1.901s] -- Up-to-date: /home/cjs/Health_Node/ros2_ws/install/base_interfaces_demo/include/base_interfaces_demo/msg/detail/dds_fastrtps
[1.901s] -- Up-to-date: /home/cjs/Health_Node/ros2_ws/install/base_interfaces_demo/include/base_interfaces_demo/msg/detail/device_info__rosidl_typesupport_fastrtps_cpp.hpp
[1.901s] -- Up-to-date: /home/cjs/Health_Node/ros2_ws/install/base_interfaces_demo/include/base_interfaces_demo/msg/detail/bms_info__rosidl_typesupport_fastrtps_cpp.hpp
[1.901s] -- Up-to-date: /home/cjs/Health_Node/ros2_ws/install/base_interfaces_demo/include/base_interfaces_demo/msg/detail/charger_info__rosidl_typesupport_fastrtps_cpp.hpp
[1.901s] -- Up-to-date: /home/cjs/Health_Node/ros2_ws/install/base_interfaces_demo/include/base_interfaces_demo/msg/detail/system_status__rosidl_typesupport_fastrtps_cpp.hpp
[1.902s] -- Up-to-date: /home/cjs/Health_Node/ros2_ws/install/base_interfaces_demo/include/base_interfaces_demo/msg/detail/motor_status__rosidl_typesupport_fastrtps_cpp.hpp
[1.902s] -- Up-to-date: /home/cjs/Health_Node/ros2_ws/install/base_interfaces_demo/include/base_interfaces_demo/msg/detail/health_node__rosidl_typesupport_fastrtps_cpp.hpp
[1.902s] -- Up-to-date: /home/cjs/Health_Node/ros2_ws/install/base_interfaces_demo/include/base_interfaces_demo/msg/detail/obs_laser__rosidl_typesupport_fastrtps_cpp.hpp
[1.902s] -- Up-to-date: /home/cjs/Health_Node/ros2_ws/install/base_interfaces_demo/include/base_interfaces_demo/msg/rosidl_typesupport_fastrtps_cpp__visibility_control.h
[1.902s] -- Up-to-date: /home/cjs/Health_Node/ros2_ws/install/base_interfaces_demo/lib/libbase_interfaces_demo__rosidl_typesupport_fastrtps_cpp.so
[1.907s] -- Up-to-date: /home/cjs/Health_Node/ros2_ws/install/base_interfaces_demo/include/base_interfaces_demo
[1.908s] -- Up-to-date: /home/cjs/Health_Node/ros2_ws/install/base_interfaces_demo/include/base_interfaces_demo/msg
[1.908s] -- Up-to-date: /home/cjs/Health_Node/ros2_ws/install/base_interfaces_demo/include/base_interfaces_demo/msg/detail
[1.908s] -- Up-to-date: /home/cjs/Health_Node/ros2_ws/install/base_interfaces_demo/include/base_interfaces_demo/msg/detail/motor_status__type_support.c
[1.908s] -- Up-to-date: /home/cjs/Health_Node/ros2_ws/install/base_interfaces_demo/include/base_interfaces_demo/msg/detail/manual__type_support.c
[1.908s] -- Up-to-date: /home/cjs/Health_Node/ros2_ws/install/base_interfaces_demo/include/base_interfaces_demo/msg/detail/motor_status__rosidl_typesupport_introspection_c.h
[1.909s] -- Up-to-date: /home/cjs/Health_Node/ros2_ws/install/base_interfaces_demo/include/base_interfaces_demo/msg/detail/bms_info__rosidl_typesupport_introspection_c.h
[1.912s] -- Up-to-date: /home/cjs/Health_Node/ros2_ws/install/base_interfaces_demo/include/base_interfaces_demo/msg/detail/hall_info__rosidl_typesupport_introspection_c.h
[1.914s] -- Up-to-date: /home/cjs/Health_Node/ros2_ws/install/base_interfaces_demo/include/base_interfaces_demo/msg/detail/system_status__type_support.c
[1.916s] -- Up-to-date: /home/cjs/Health_Node/ros2_ws/install/base_interfaces_demo/include/base_interfaces_demo/msg/detail/obs_laser__rosidl_typesupport_introspection_c.h
[1.916s] -- Up-to-date: /home/cjs/Health_Node/ros2_ws/install/base_interfaces_demo/include/base_interfaces_demo/msg/detail/location__type_support.c
[1.917s] -- Up-to-date: /home/cjs/Health_Node/ros2_ws/install/base_interfaces_demo/include/base_interfaces_demo/msg/detail/pallet_info__rosidl_typesupport_introspection_c.h
[1.917s] -- Up-to-date: /home/cjs/Health_Node/ros2_ws/install/base_interfaces_demo/include/base_interfaces_demo/msg/detail/charger_info__type_support.c
[1.917s] -- Up-to-date: /home/cjs/Health_Node/ros2_ws/install/base_interfaces_demo/include/base_interfaces_demo/msg/detail/system_status__rosidl_typesupport_introspection_c.h
[1.917s] -- Up-to-date: /home/cjs/Health_Node/ros2_ws/install/base_interfaces_demo/include/base_interfaces_demo/msg/detail/pub_sub_info__rosidl_typesupport_introspection_c.h
[1.917s] -- Up-to-date: /home/cjs/Health_Node/ros2_ws/install/base_interfaces_demo/include/base_interfaces_demo/msg/detail/seek_ret__type_support.c
[1.917s] -- Up-to-date: /home/cjs/Health_Node/ros2_ws/install/base_interfaces_demo/include/base_interfaces_demo/msg/detail/color_info__type_support.c
[1.917s] -- Up-to-date: /home/cjs/Health_Node/ros2_ws/install/base_interfaces_demo/include/base_interfaces_demo/msg/detail/bms_info__type_support.c
[1.918s] -- Up-to-date: /home/cjs/Health_Node/ros2_ws/install/base_interfaces_demo/include/base_interfaces_demo/msg/detail/manual__rosidl_typesupport_introspection_c.h
[1.918s] -- Up-to-date: /home/cjs/Health_Node/ros2_ws/install/base_interfaces_demo/include/base_interfaces_demo/msg/detail/charger_info__rosidl_typesupport_introspection_c.h
[1.918s] -- Up-to-date: /home/cjs/Health_Node/ros2_ws/install/base_interfaces_demo/include/base_interfaces_demo/msg/detail/hall_info__type_support.c
[1.918s] -- Up-to-date: /home/cjs/Health_Node/ros2_ws/install/base_interfaces_demo/include/base_interfaces_demo/msg/detail/device_info__type_support.c
[1.918s] -- Up-to-date: /home/cjs/Health_Node/ros2_ws/install/base_interfaces_demo/include/base_interfaces_demo/msg/detail/manual_seek_label__type_support.c
[1.918s] -- Up-to-date: /home/cjs/Health_Node/ros2_ws/install/base_interfaces_demo/include/base_interfaces_demo/msg/detail/manual_seek_label__rosidl_typesupport_introspection_c.h
[1.918s] -- Up-to-date: /home/cjs/Health_Node/ros2_ws/install/base_interfaces_demo/include/base_interfaces_demo/msg/detail/file_updata__type_support.c
[1.918s] -- Up-to-date: /home/cjs/Health_Node/ros2_ws/install/base_interfaces_demo/include/base_interfaces_demo/msg/detail/device_info__rosidl_typesupport_introspection_c.h
[1.919s] -- Up-to-date: /home/cjs/Health_Node/ros2_ws/install/base_interfaces_demo/include/base_interfaces_demo/msg/detail/pub_sub_info__type_support.c
[1.919s] -- Up-to-date: /home/cjs/Health_Node/ros2_ws/install/base_interfaces_demo/include/base_interfaces_demo/msg/detail/health_node__type_support.c
[1.919s] -- Up-to-date: /home/cjs/Health_Node/ros2_ws/install/base_interfaces_demo/include/base_interfaces_demo/msg/detail/obs_laser__type_support.c
[1.919s] -- Up-to-date: /home/cjs/Health_Node/ros2_ws/install/base_interfaces_demo/include/base_interfaces_demo/msg/detail/seek_ret__rosidl_typesupport_introspection_c.h
[1.919s] -- Up-to-date: /home/cjs/Health_Node/ros2_ws/install/base_interfaces_demo/include/base_interfaces_demo/msg/detail/file_updata__rosidl_typesupport_introspection_c.h
[1.919s] -- Up-to-date: /home/cjs/Health_Node/ros2_ws/install/base_interfaces_demo/include/base_interfaces_demo/msg/detail/device_id__rosidl_typesupport_introspection_c.h
[1.919s] -- Up-to-date: /home/cjs/Health_Node/ros2_ws/install/base_interfaces_demo/include/base_interfaces_demo/msg/detail/device_id__type_support.c
[1.919s] -- Up-to-date: /home/cjs/Health_Node/ros2_ws/install/base_interfaces_demo/include/base_interfaces_demo/msg/detail/location__rosidl_typesupport_introspection_c.h
[1.919s] -- Up-to-date: /home/cjs/Health_Node/ros2_ws/install/base_interfaces_demo/include/base_interfaces_demo/msg/detail/pallet_info__type_support.c
[1.919s] -- Up-to-date: /home/cjs/Health_Node/ros2_ws/install/base_interfaces_demo/include/base_interfaces_demo/msg/detail/health_node__rosidl_typesupport_introspection_c.h
[1.919s] -- Up-to-date: /home/cjs/Health_Node/ros2_ws/install/base_interfaces_demo/include/base_interfaces_demo/msg/detail/color_info__rosidl_typesupport_introspection_c.h
[1.920s] -- Up-to-date: /home/cjs/Health_Node/ros2_ws/install/base_interfaces_demo/include/base_interfaces_demo/msg/rosidl_typesupport_introspection_c__visibility_control.h
[1.920s] -- Up-to-date: /home/cjs/Health_Node/ros2_ws/install/base_interfaces_demo/lib/libbase_interfaces_demo__rosidl_typesupport_introspection_c.so
[1.920s] -- Up-to-date: /home/cjs/Health_Node/ros2_ws/install/base_interfaces_demo/lib/libbase_interfaces_demo__rosidl_typesupport_c.so
[1.920s] -- Up-to-date: /home/cjs/Health_Node/ros2_ws/install/base_interfaces_demo/include/base_interfaces_demo
[1.920s] -- Up-to-date: /home/cjs/Health_Node/ros2_ws/install/base_interfaces_demo/include/base_interfaces_demo/msg
[1.920s] -- Up-to-date: /home/cjs/Health_Node/ros2_ws/install/base_interfaces_demo/include/base_interfaces_demo/msg/color_info.hpp
[1.920s] -- Up-to-date: /home/cjs/Health_Node/ros2_ws/install/base_interfaces_demo/include/base_interfaces_demo/msg/seek_ret.hpp
[1.920s] -- Up-to-date: /home/cjs/Health_Node/ros2_ws/install/base_interfaces_demo/include/base_interfaces_demo/msg/device_id.hpp
[1.920s] -- Up-to-date: /home/cjs/Health_Node/ros2_ws/install/base_interfaces_demo/include/base_interfaces_demo/msg/pallet_info.hpp
[1.921s] -- Up-to-date: /home/cjs/Health_Node/ros2_ws/install/base_interfaces_demo/include/base_interfaces_demo/msg/detail
[1.921s] -- Up-to-date: /home/cjs/Health_Node/ros2_ws/install/base_interfaces_demo/include/base_interfaces_demo/msg/detail/pallet_info__type_support.hpp
[1.921s] -- Up-to-date: /home/cjs/Health_Node/ros2_ws/install/base_interfaces_demo/include/base_interfaces_demo/msg/detail/manual__struct.hpp
[1.921s] -- Up-to-date: /home/cjs/Health_Node/ros2_ws/install/base_interfaces_demo/include/base_interfaces_demo/msg/detail/device_id__type_support.hpp
[1.921s] -- Up-to-date: /home/cjs/Health_Node/ros2_ws/install/base_interfaces_demo/include/base_interfaces_demo/msg/detail/obs_laser__builder.hpp
[1.921s] -- Up-to-date: /home/cjs/Health_Node/ros2_ws/install/base_interfaces_demo/include/base_interfaces_demo/msg/detail/charger_info__traits.hpp
[1.921s] -- Up-to-date: /home/cjs/Health_Node/ros2_ws/install/base_interfaces_demo/include/base_interfaces_demo/msg/detail/system_status__traits.hpp
[1.921s] -- Up-to-date: /home/cjs/Health_Node/ros2_ws/install/base_interfaces_demo/include/base_interfaces_demo/msg/detail/seek_ret__type_support.hpp
[1.921s] -- Up-to-date: /home/cjs/Health_Node/ros2_ws/install/base_interfaces_demo/include/base_interfaces_demo/msg/detail/device_info__traits.hpp
[1.921s] -- Up-to-date: /home/cjs/Health_Node/ros2_ws/install/base_interfaces_demo/include/base_interfaces_demo/msg/detail/pub_sub_info__type_support.hpp
[1.922s] -- Up-to-date: /home/cjs/Health_Node/ros2_ws/install/base_interfaces_demo/include/base_interfaces_demo/msg/detail/system_status__struct.hpp
[1.922s] -- Up-to-date: /home/cjs/Health_Node/ros2_ws/install/base_interfaces_demo/include/base_interfaces_demo/msg/detail/pallet_info__builder.hpp
[1.922s] -- Up-to-date: /home/cjs/Health_Node/ros2_ws/install/base_interfaces_demo/include/base_interfaces_demo/msg/detail/seek_ret__traits.hpp
[1.922s] -- Up-to-date: /home/cjs/Health_Node/ros2_ws/install/base_interfaces_demo/include/base_interfaces_demo/msg/detail/pallet_info__traits.hpp
[1.922s] -- Up-to-date: /home/cjs/Health_Node/ros2_ws/install/base_interfaces_demo/include/base_interfaces_demo/msg/detail/location__traits.hpp
[1.922s] -- Up-to-date: /home/cjs/Health_Node/ros2_ws/install/base_interfaces_demo/include/base_interfaces_demo/msg/detail/system_status__type_support.hpp
[1.922s] -- Up-to-date: /home/cjs/Health_Node/ros2_ws/install/base_interfaces_demo/include/base_interfaces_demo/msg/detail/system_status__builder.hpp
[1.922s] -- Up-to-date: /home/cjs/Health_Node/ros2_ws/install/base_interfaces_demo/include/base_interfaces_demo/msg/detail/health_node__struct.hpp
[1.922s] -- Up-to-date: /home/cjs/Health_Node/ros2_ws/install/base_interfaces_demo/include/base_interfaces_demo/msg/detail/pub_sub_info__builder.hpp
[1.923s] -- Up-to-date: /home/cjs/Health_Node/ros2_ws/install/base_interfaces_demo/include/base_interfaces_demo/msg/detail/file_updata__struct.hpp
[1.923s] -- Up-to-date: /home/cjs/Health_Node/ros2_ws/install/base_interfaces_demo/include/base_interfaces_demo/msg/detail/bms_info__struct.hpp
[1.923s] -- Up-to-date: /home/cjs/Health_Node/ros2_ws/install/base_interfaces_demo/include/base_interfaces_demo/msg/detail/obs_laser__struct.hpp
[1.923s] -- Up-to-date: /home/cjs/Health_Node/ros2_ws/install/base_interfaces_demo/include/base_interfaces_demo/msg/detail/manual_seek_label__builder.hpp
[1.923s] -- Up-to-date: /home/cjs/Health_Node/ros2_ws/install/base_interfaces_demo/include/base_interfaces_demo/msg/detail/motor_status__type_support.hpp
[1.923s] -- Up-to-date: /home/cjs/Health_Node/ros2_ws/install/base_interfaces_demo/include/base_interfaces_demo/msg/detail/device_id__struct.hpp
[1.923s] -- Up-to-date: /home/cjs/Health_Node/ros2_ws/install/base_interfaces_demo/include/base_interfaces_demo/msg/detail/obs_laser__traits.hpp
[1.923s] -- Up-to-date: /home/cjs/Health_Node/ros2_ws/install/base_interfaces_demo/include/base_interfaces_demo/msg/detail/manual__traits.hpp
[1.923s] -- Up-to-date: /home/cjs/Health_Node/ros2_ws/install/base_interfaces_demo/include/base_interfaces_demo/msg/detail/manual__type_support.hpp
[1.924s] -- Up-to-date: /home/cjs/Health_Node/ros2_ws/install/base_interfaces_demo/include/base_interfaces_demo/msg/detail/device_info__builder.hpp
[1.924s] -- Up-to-date: /home/cjs/Health_Node/ros2_ws/install/base_interfaces_demo/include/base_interfaces_demo/msg/detail/color_info__type_support.hpp
[1.924s] -- Up-to-date: /home/cjs/Health_Node/ros2_ws/install/base_interfaces_demo/include/base_interfaces_demo/msg/detail/device_info__struct.hpp
[1.924s] -- Up-to-date: /home/cjs/Health_Node/ros2_ws/install/base_interfaces_demo/include/base_interfaces_demo/msg/detail/charger_info__builder.hpp
[1.924s] -- Up-to-date: /home/cjs/Health_Node/ros2_ws/install/base_interfaces_demo/include/base_interfaces_demo/msg/detail/hall_info__struct.hpp
[1.924s] -- Up-to-date: /home/cjs/Health_Node/ros2_ws/install/base_interfaces_demo/include/base_interfaces_demo/msg/detail/bms_info__builder.hpp
[1.924s] -- Up-to-date: /home/cjs/Health_Node/ros2_ws/install/base_interfaces_demo/include/base_interfaces_demo/msg/detail/file_updata__type_support.hpp
[1.924s] -- Up-to-date: /home/cjs/Health_Node/ros2_ws/install/base_interfaces_demo/include/base_interfaces_demo/msg/detail/color_info__traits.hpp
[1.924s] -- Up-to-date: /home/cjs/Health_Node/ros2_ws/install/base_interfaces_demo/include/base_interfaces_demo/msg/detail/health_node__builder.hpp
[1.924s] -- Up-to-date: /home/cjs/Health_Node/ros2_ws/install/base_interfaces_demo/include/base_interfaces_demo/msg/detail/obs_laser__type_support.hpp
[1.925s] -- Up-to-date: /home/cjs/Health_Node/ros2_ws/install/base_interfaces_demo/include/base_interfaces_demo/msg/detail/charger_info__type_support.hpp
[1.925s] -- Up-to-date: /home/cjs/Health_Node/ros2_ws/install/base_interfaces_demo/include/base_interfaces_demo/msg/detail/color_info__builder.hpp
[1.925s] -- Up-to-date: /home/cjs/Health_Node/ros2_ws/install/base_interfaces_demo/include/base_interfaces_demo/msg/detail/hall_info__traits.hpp
[1.925s] -- Up-to-date: /home/cjs/Health_Node/ros2_ws/install/base_interfaces_demo/include/base_interfaces_demo/msg/detail/health_node__traits.hpp
[1.928s] -- Up-to-date: /home/cjs/Health_Node/ros2_ws/install/base_interfaces_demo/include/base_interfaces_demo/msg/detail/color_info__struct.hpp
[1.928s] -- Up-to-date: /home/cjs/Health_Node/ros2_ws/install/base_interfaces_demo/include/base_interfaces_demo/msg/detail/location__builder.hpp
[1.929s] -- Up-to-date: /home/cjs/Health_Node/ros2_ws/install/base_interfaces_demo/include/base_interfaces_demo/msg/detail/manual_seek_label__traits.hpp
[1.929s] -- Up-to-date: /home/cjs/Health_Node/ros2_ws/install/base_interfaces_demo/include/base_interfaces_demo/msg/detail/pub_sub_info__traits.hpp
[1.929s] -- Up-to-date: /home/cjs/Health_Node/ros2_ws/install/base_interfaces_demo/include/base_interfaces_demo/msg/detail/seek_ret__builder.hpp
[1.929s] -- Up-to-date: /home/cjs/Health_Node/ros2_ws/install/base_interfaces_demo/include/base_interfaces_demo/msg/detail/motor_status__struct.hpp
[1.929s] -- Up-to-date: /home/cjs/Health_Node/ros2_ws/install/base_interfaces_demo/include/base_interfaces_demo/msg/detail/file_updata__traits.hpp
[1.930s] -- Up-to-date: /home/cjs/Health_Node/ros2_ws/install/base_interfaces_demo/include/base_interfaces_demo/msg/detail/bms_info__type_support.hpp
[1.930s] -- Up-to-date: /home/cjs/Health_Node/ros2_ws/install/base_interfaces_demo/include/base_interfaces_demo/msg/detail/health_node__type_support.hpp
[1.930s] -- Up-to-date: /home/cjs/Health_Node/ros2_ws/install/base_interfaces_demo/include/base_interfaces_demo/msg/detail/pub_sub_info__struct.hpp
[1.930s] -- Up-to-date: /home/cjs/Health_Node/ros2_ws/install/base_interfaces_demo/include/base_interfaces_demo/msg/detail/device_id__builder.hpp
[1.930s] -- Up-to-date: /home/cjs/Health_Node/ros2_ws/install/base_interfaces_demo/include/base_interfaces_demo/msg/detail/file_updata__builder.hpp
[1.930s] -- Up-to-date: /home/cjs/Health_Node/ros2_ws/install/base_interfaces_demo/include/base_interfaces_demo/msg/detail/motor_status__builder.hpp
[1.930s] -- Up-to-date: /home/cjs/Health_Node/ros2_ws/install/base_interfaces_demo/include/base_interfaces_demo/msg/detail/bms_info__traits.hpp
[1.930s] -- Up-to-date: /home/cjs/Health_Node/ros2_ws/install/base_interfaces_demo/include/base_interfaces_demo/msg/detail/device_info__type_support.hpp
[1.930s] -- Up-to-date: /home/cjs/Health_Node/ros2_ws/install/base_interfaces_demo/include/base_interfaces_demo/msg/detail/hall_info__type_support.hpp
[1.930s] -- Up-to-date: /home/cjs/Health_Node/ros2_ws/install/base_interfaces_demo/include/base_interfaces_demo/msg/detail/hall_info__builder.hpp
[1.931s] -- Up-to-date: /home/cjs/Health_Node/ros2_ws/install/base_interfaces_demo/include/base_interfaces_demo/msg/detail/manual__builder.hpp
[1.931s] -- Up-to-date: /home/cjs/Health_Node/ros2_ws/install/base_interfaces_demo/include/base_interfaces_demo/msg/detail/manual_seek_label__struct.hpp
[1.931s] -- Up-to-date: /home/cjs/Health_Node/ros2_ws/install/base_interfaces_demo/include/base_interfaces_demo/msg/detail/device_id__traits.hpp
[1.931s] -- Up-to-date: /home/cjs/Health_Node/ros2_ws/install/base_interfaces_demo/include/base_interfaces_demo/msg/detail/location__type_support.hpp
[1.931s] -- Up-to-date: /home/cjs/Health_Node/ros2_ws/install/base_interfaces_demo/include/base_interfaces_demo/msg/detail/manual_seek_label__type_support.hpp
[1.931s] -- Up-to-date: /home/cjs/Health_Node/ros2_ws/install/base_interfaces_demo/include/base_interfaces_demo/msg/detail/charger_info__struct.hpp
[1.931s] -- Up-to-date: /home/cjs/Health_Node/ros2_ws/install/base_interfaces_demo/include/base_interfaces_demo/msg/detail/motor_status__traits.hpp
[1.931s] -- Up-to-date: /home/cjs/Health_Node/ros2_ws/install/base_interfaces_demo/include/base_interfaces_demo/msg/detail/location__struct.hpp
[1.931s] -- Up-to-date: /home/cjs/Health_Node/ros2_ws/install/base_interfaces_demo/include/base_interfaces_demo/msg/detail/seek_ret__struct.hpp
[1.931s] -- Up-to-date: /home/cjs/Health_Node/ros2_ws/install/base_interfaces_demo/include/base_interfaces_demo/msg/detail/pallet_info__struct.hpp
[1.932s] -- Up-to-date: /home/cjs/Health_Node/ros2_ws/install/base_interfaces_demo/include/base_interfaces_demo/msg/pub_sub_info.hpp
[1.932s] -- Up-to-date: /home/cjs/Health_Node/ros2_ws/install/base_interfaces_demo/include/base_interfaces_demo/msg/manual_seek_label.hpp
[1.932s] -- Up-to-date: /home/cjs/Health_Node/ros2_ws/install/base_interfaces_demo/include/base_interfaces_demo/msg/motor_status.hpp
[1.932s] -- Up-to-date: /home/cjs/Health_Node/ros2_ws/install/base_interfaces_demo/include/base_interfaces_demo/msg/hall_info.hpp
[1.932s] -- Up-to-date: /home/cjs/Health_Node/ros2_ws/install/base_interfaces_demo/include/base_interfaces_demo/msg/charger_info.hpp
[1.932s] -- Up-to-date: /home/cjs/Health_Node/ros2_ws/install/base_interfaces_demo/include/base_interfaces_demo/msg/rosidl_generator_cpp__visibility_control.hpp
[1.932s] -- Up-to-date: /home/cjs/Health_Node/ros2_ws/install/base_interfaces_demo/include/base_interfaces_demo/msg/location.hpp
[1.932s] -- Up-to-date: /home/cjs/Health_Node/ros2_ws/install/base_interfaces_demo/include/base_interfaces_demo/msg/file_updata.hpp
[1.932s] -- Up-to-date: /home/cjs/Health_Node/ros2_ws/install/base_interfaces_demo/include/base_interfaces_demo/msg/health_node.hpp
[1.932s] -- Up-to-date: /home/cjs/Health_Node/ros2_ws/install/base_interfaces_demo/include/base_interfaces_demo/msg/device_info.hpp
[1.932s] -- Up-to-date: /home/cjs/Health_Node/ros2_ws/install/base_interfaces_demo/include/base_interfaces_demo/msg/obs_laser.hpp
[1.932s] -- Up-to-date: /home/cjs/Health_Node/ros2_ws/install/base_interfaces_demo/include/base_interfaces_demo/msg/system_status.hpp
[1.933s] -- Up-to-date: /home/cjs/Health_Node/ros2_ws/install/base_interfaces_demo/include/base_interfaces_demo/msg/bms_info.hpp
[1.933s] -- Up-to-date: /home/cjs/Health_Node/ros2_ws/install/base_interfaces_demo/include/base_interfaces_demo/msg/manual.hpp
[1.933s] -- Up-to-date: /home/cjs/Health_Node/ros2_ws/install/base_interfaces_demo/include/base_interfaces_demo
[1.933s] -- Up-to-date: /home/cjs/Health_Node/ros2_ws/install/base_interfaces_demo/include/base_interfaces_demo/msg
[1.933s] -- Up-to-date: /home/cjs/Health_Node/ros2_ws/install/base_interfaces_demo/include/base_interfaces_demo/msg/detail
[1.933s] -- Up-to-date: /home/cjs/Health_Node/ros2_ws/install/base_interfaces_demo/include/base_interfaces_demo/msg/detail/device_info__type_support.cpp
[1.933s] -- Up-to-date: /home/cjs/Health_Node/ros2_ws/install/base_interfaces_demo/include/base_interfaces_demo/msg/detail/health_node__rosidl_typesupport_introspection_cpp.hpp
[1.933s] -- Up-to-date: /home/cjs/Health_Node/ros2_ws/install/base_interfaces_demo/include/base_interfaces_demo/msg/detail/location__type_support.cpp
[1.933s] -- Up-to-date: /home/cjs/Health_Node/ros2_ws/install/base_interfaces_demo/include/base_interfaces_demo/msg/detail/health_node__type_support.cpp
[1.933s] -- Up-to-date: /home/cjs/Health_Node/ros2_ws/install/base_interfaces_demo/include/base_interfaces_demo/msg/detail/pub_sub_info__rosidl_typesupport_introspection_cpp.hpp
[1.933s] -- Up-to-date: /home/cjs/Health_Node/ros2_ws/install/base_interfaces_demo/include/base_interfaces_demo/msg/detail/seek_ret__type_support.cpp
[1.934s] -- Up-to-date: /home/cjs/Health_Node/ros2_ws/install/base_interfaces_demo/include/base_interfaces_demo/msg/detail/device_id__type_support.cpp
[1.934s] -- Up-to-date: /home/cjs/Health_Node/ros2_ws/install/base_interfaces_demo/include/base_interfaces_demo/msg/detail/manual__rosidl_typesupport_introspection_cpp.hpp
[1.934s] -- Up-to-date: /home/cjs/Health_Node/ros2_ws/install/base_interfaces_demo/include/base_interfaces_demo/msg/detail/charger_info__type_support.cpp
[1.934s] -- Up-to-date: /home/cjs/Health_Node/ros2_ws/install/base_interfaces_demo/include/base_interfaces_demo/msg/detail/color_info__rosidl_typesupport_introspection_cpp.hpp
[1.934s] -- Up-to-date: /home/cjs/Health_Node/ros2_ws/install/base_interfaces_demo/include/base_interfaces_demo/msg/detail/location__rosidl_typesupport_introspection_cpp.hpp
[1.934s] -- Up-to-date: /home/cjs/Health_Node/ros2_ws/install/base_interfaces_demo/include/base_interfaces_demo/msg/detail/manual_seek_label__type_support.cpp
[1.934s] -- Up-to-date: /home/cjs/Health_Node/ros2_ws/install/base_interfaces_demo/include/base_interfaces_demo/msg/detail/manual__type_support.cpp
[1.934s] -- Up-to-date: /home/cjs/Health_Node/ros2_ws/install/base_interfaces_demo/include/base_interfaces_demo/msg/detail/bms_info__type_support.cpp
[1.934s] -- Up-to-date: /home/cjs/Health_Node/ros2_ws/install/base_interfaces_demo/include/base_interfaces_demo/msg/detail/system_status__type_support.cpp
[1.935s] -- Up-to-date: /home/cjs/Health_Node/ros2_ws/install/base_interfaces_demo/include/base_interfaces_demo/msg/detail/manual_seek_label__rosidl_typesupport_introspection_cpp.hpp
[1.935s] -- Up-to-date: /home/cjs/Health_Node/ros2_ws/install/base_interfaces_demo/include/base_interfaces_demo/msg/detail/charger_info__rosidl_typesupport_introspection_cpp.hpp
[1.935s] -- Up-to-date: /home/cjs/Health_Node/ros2_ws/install/base_interfaces_demo/include/base_interfaces_demo/msg/detail/obs_laser__rosidl_typesupport_introspection_cpp.hpp
[1.935s] -- Up-to-date: /home/cjs/Health_Node/ros2_ws/install/base_interfaces_demo/include/base_interfaces_demo/msg/detail/device_id__rosidl_typesupport_introspection_cpp.hpp
[1.935s] -- Up-to-date: /home/cjs/Health_Node/ros2_ws/install/base_interfaces_demo/include/base_interfaces_demo/msg/detail/color_info__type_support.cpp
[1.935s] -- Up-to-date: /home/cjs/Health_Node/ros2_ws/install/base_interfaces_demo/include/base_interfaces_demo/msg/detail/pallet_info__rosidl_typesupport_introspection_cpp.hpp
[1.935s] -- Up-to-date: /home/cjs/Health_Node/ros2_ws/install/base_interfaces_demo/include/base_interfaces_demo/msg/detail/file_updata__rosidl_typesupport_introspection_cpp.hpp
[1.935s] -- Up-to-date: /home/cjs/Health_Node/ros2_ws/install/base_interfaces_demo/include/base_interfaces_demo/msg/detail/motor_status__type_support.cpp
[1.935s] -- Up-to-date: /home/cjs/Health_Node/ros2_ws/install/base_interfaces_demo/include/base_interfaces_demo/msg/detail/file_updata__type_support.cpp
[1.935s] -- Up-to-date: /home/cjs/Health_Node/ros2_ws/install/base_interfaces_demo/include/base_interfaces_demo/msg/detail/pub_sub_info__type_support.cpp
[1.936s] -- Up-to-date: /home/cjs/Health_Node/ros2_ws/install/base_interfaces_demo/include/base_interfaces_demo/msg/detail/bms_info__rosidl_typesupport_introspection_cpp.hpp
[1.936s] -- Up-to-date: /home/cjs/Health_Node/ros2_ws/install/base_interfaces_demo/include/base_interfaces_demo/msg/detail/seek_ret__rosidl_typesupport_introspection_cpp.hpp
[1.936s] -- Up-to-date: /home/cjs/Health_Node/ros2_ws/install/base_interfaces_demo/include/base_interfaces_demo/msg/detail/system_status__rosidl_typesupport_introspection_cpp.hpp
[1.936s] -- Up-to-date: /home/cjs/Health_Node/ros2_ws/install/base_interfaces_demo/include/base_interfaces_demo/msg/detail/hall_info__rosidl_typesupport_introspection_cpp.hpp
[1.936s] -- Up-to-date: /home/cjs/Health_Node/ros2_ws/install/base_interfaces_demo/include/base_interfaces_demo/msg/detail/motor_status__rosidl_typesupport_introspection_cpp.hpp
[1.936s] -- Up-to-date: /home/cjs/Health_Node/ros2_ws/install/base_interfaces_demo/include/base_interfaces_demo/msg/detail/device_info__rosidl_typesupport_introspection_cpp.hpp
[1.936s] -- Up-to-date: /home/cjs/Health_Node/ros2_ws/install/base_interfaces_demo/include/base_interfaces_demo/msg/detail/pallet_info__type_support.cpp
[1.936s] -- Up-to-date: /home/cjs/Health_Node/ros2_ws/install/base_interfaces_demo/include/base_interfaces_demo/msg/detail/obs_laser__type_support.cpp
[1.936s] -- Up-to-date: /home/cjs/Health_Node/ros2_ws/install/base_interfaces_demo/include/base_interfaces_demo/msg/detail/hall_info__type_support.cpp
[1.936s] -- Up-to-date: /home/cjs/Health_Node/ros2_ws/install/base_interfaces_demo/lib/libbase_interfaces_demo__rosidl_typesupport_introspection_cpp.so
[1.936s] -- Up-to-date: /home/cjs/Health_Node/ros2_ws/install/base_interfaces_demo/lib/libbase_interfaces_demo__rosidl_typesupport_cpp.so
[1.937s] -- Up-to-date: /home/cjs/Health_Node/ros2_ws/install/base_interfaces_demo/share/base_interfaces_demo/environment/pythonpath.sh
[1.937s] -- Up-to-date: /home/cjs/Health_Node/ros2_ws/install/base_interfaces_demo/share/base_interfaces_demo/environment/pythonpath.dsv
[1.937s] -- Up-to-date: /home/cjs/Health_Node/ros2_ws/install/base_interfaces_demo/lib/python3.8/site-packages/base_interfaces_demo/__init__.py
[1.987s] -- Up-to-date: /home/cjs/Health_Node/ros2_ws/install/base_interfaces_demo/lib/python3.8/site-packages/base_interfaces_demo/msg
[1.987s] -- Up-to-date: /home/cjs/Health_Node/ros2_ws/install/base_interfaces_demo/lib/python3.8/site-packages/base_interfaces_demo/msg/_hall_info_s.c
[1.987s] -- Up-to-date: /home/cjs/Health_Node/ros2_ws/install/base_interfaces_demo/lib/python3.8/site-packages/base_interfaces_demo/msg/_health_node.py
[1.987s] -- Up-to-date: /home/cjs/Health_Node/ros2_ws/install/base_interfaces_demo/lib/python3.8/site-packages/base_interfaces_demo/msg/_pub_sub_info.py
[1.987s] -- Up-to-date: /home/cjs/Health_Node/ros2_ws/install/base_interfaces_demo/lib/python3.8/site-packages/base_interfaces_demo/msg/_health_node_s.c
[1.987s] -- Up-to-date: /home/cjs/Health_Node/ros2_ws/install/base_interfaces_demo/lib/python3.8/site-packages/base_interfaces_demo/msg/_color_info.py
[1.987s] -- Up-to-date: /home/cjs/Health_Node/ros2_ws/install/base_interfaces_demo/lib/python3.8/site-packages/base_interfaces_demo/msg/_device_id.py
[1.987s] -- Up-to-date: /home/cjs/Health_Node/ros2_ws/install/base_interfaces_demo/lib/python3.8/site-packages/base_interfaces_demo/msg/_device_info.py
[1.988s] -- Up-to-date: /home/cjs/Health_Node/ros2_ws/install/base_interfaces_demo/lib/python3.8/site-packages/base_interfaces_demo/msg/_motor_status.py
[1.988s] -- Up-to-date: /home/cjs/Health_Node/ros2_ws/install/base_interfaces_demo/lib/python3.8/site-packages/base_interfaces_demo/msg/_pallet_info.py
[1.988s] -- Up-to-date: /home/cjs/Health_Node/ros2_ws/install/base_interfaces_demo/lib/python3.8/site-packages/base_interfaces_demo/msg/_obs_laser.py
[1.989s] -- Up-to-date: /home/cjs/Health_Node/ros2_ws/install/base_interfaces_demo/lib/python3.8/site-packages/base_interfaces_demo/msg/_device_id_s.c
[1.989s] -- Up-to-date: /home/cjs/Health_Node/ros2_ws/install/base_interfaces_demo/lib/python3.8/site-packages/base_interfaces_demo/msg/_seek_ret_s.c
[1.990s] -- Up-to-date: /home/cjs/Health_Node/ros2_ws/install/base_interfaces_demo/lib/python3.8/site-packages/base_interfaces_demo/msg/_file_updata_s.c
[1.990s] -- Up-to-date: /home/cjs/Health_Node/ros2_ws/install/base_interfaces_demo/lib/python3.8/site-packages/base_interfaces_demo/msg/_device_info_s.c
[1.990s] -- Up-to-date: /home/cjs/Health_Node/ros2_ws/install/base_interfaces_demo/lib/python3.8/site-packages/base_interfaces_demo/msg/_manual_seek_label.py
[1.990s] -- Up-to-date: /home/cjs/Health_Node/ros2_ws/install/base_interfaces_demo/lib/python3.8/site-packages/base_interfaces_demo/msg/_pub_sub_info_s.c
[1.990s] -- Up-to-date: /home/cjs/Health_Node/ros2_ws/install/base_interfaces_demo/lib/python3.8/site-packages/base_interfaces_demo/msg/_obs_laser_s.c
[1.990s] -- Up-to-date: /home/cjs/Health_Node/ros2_ws/install/base_interfaces_demo/lib/python3.8/site-packages/base_interfaces_demo/msg/_charger_info_s.c
[1.990s] -- Up-to-date: /home/cjs/Health_Node/ros2_ws/install/base_interfaces_demo/lib/python3.8/site-packages/base_interfaces_demo/msg/_system_status.py
[1.991s] -- Up-to-date: /home/cjs/Health_Node/ros2_ws/install/base_interfaces_demo/lib/python3.8/site-packages/base_interfaces_demo/msg/_manual.py
[1.991s] -- Up-to-date: /home/cjs/Health_Node/ros2_ws/install/base_interfaces_demo/lib/python3.8/site-packages/base_interfaces_demo/msg/_charger_info.py
[1.991s] -- Up-to-date: /home/cjs/Health_Node/ros2_ws/install/base_interfaces_demo/lib/python3.8/site-packages/base_interfaces_demo/msg/_manual_s.c
[1.991s] -- Up-to-date: /home/cjs/Health_Node/ros2_ws/install/base_interfaces_demo/lib/python3.8/site-packages/base_interfaces_demo/msg/_manual_seek_label_s.c
[1.991s] -- Up-to-date: /home/cjs/Health_Node/ros2_ws/install/base_interfaces_demo/lib/python3.8/site-packages/base_interfaces_demo/msg/_hall_info.py
[1.991s] -- Up-to-date: /home/cjs/Health_Node/ros2_ws/install/base_interfaces_demo/lib/python3.8/site-packages/base_interfaces_demo/msg/_location_s.c
[1.991s] -- Up-to-date: /home/cjs/Health_Node/ros2_ws/install/base_interfaces_demo/lib/python3.8/site-packages/base_interfaces_demo/msg/_seek_ret.py
[1.991s] -- Up-to-date: /home/cjs/Health_Node/ros2_ws/install/base_interfaces_demo/lib/python3.8/site-packages/base_interfaces_demo/msg/_system_status_s.c
[1.991s] -- Up-to-date: /home/cjs/Health_Node/ros2_ws/install/base_interfaces_demo/lib/python3.8/site-packages/base_interfaces_demo/msg/_location.py
[1.991s] -- Up-to-date: /home/cjs/Health_Node/ros2_ws/install/base_interfaces_demo/lib/python3.8/site-packages/base_interfaces_demo/msg/_color_info_s.c
[1.991s] -- Up-to-date: /home/cjs/Health_Node/ros2_ws/install/base_interfaces_demo/lib/python3.8/site-packages/base_interfaces_demo/msg/_motor_status_s.c
[1.991s] -- Up-to-date: /home/cjs/Health_Node/ros2_ws/install/base_interfaces_demo/lib/python3.8/site-packages/base_interfaces_demo/msg/_file_updata.py
[1.992s] -- Up-to-date: /home/cjs/Health_Node/ros2_ws/install/base_interfaces_demo/lib/python3.8/site-packages/base_interfaces_demo/msg/_bms_info_s.c
[1.992s] -- Up-to-date: /home/cjs/Health_Node/ros2_ws/install/base_interfaces_demo/lib/python3.8/site-packages/base_interfaces_demo/msg/_pallet_info_s.c
[1.992s] -- Up-to-date: /home/cjs/Health_Node/ros2_ws/install/base_interfaces_demo/lib/python3.8/site-packages/base_interfaces_demo/msg/__init__.py
[1.992s] -- Up-to-date: /home/cjs/Health_Node/ros2_ws/install/base_interfaces_demo/lib/python3.8/site-packages/base_interfaces_demo/msg/_bms_info.py
[1.992s] -- Up-to-date: /home/cjs/Health_Node/ros2_ws/install/base_interfaces_demo/lib/python3.8/site-packages/base_interfaces_demo/base_interfaces_demo_s__rosidl_typesupport_fastrtps_c.cpython-38-x86_64-linux-gnu.so
[1.995s] -- Up-to-date: /home/cjs/Health_Node/ros2_ws/install/base_interfaces_demo/lib/python3.8/site-packages/base_interfaces_demo/base_interfaces_demo_s__rosidl_typesupport_introspection_c.cpython-38-x86_64-linux-gnu.so
[1.995s] -- Up-to-date: /home/cjs/Health_Node/ros2_ws/install/base_interfaces_demo/lib/python3.8/site-packages/base_interfaces_demo/base_interfaces_demo_s__rosidl_typesupport_c.cpython-38-x86_64-linux-gnu.so
[1.997s] -- Up-to-date: /home/cjs/Health_Node/ros2_ws/install/base_interfaces_demo/lib/libbase_interfaces_demo__python.so
[1.998s] -- Up-to-date: /home/cjs/Health_Node/ros2_ws/install/base_interfaces_demo/share/base_interfaces_demo/msg/BmsInfo.idl
[1.998s] -- Up-to-date: /home/cjs/Health_Node/ros2_ws/install/base_interfaces_demo/share/base_interfaces_demo/msg/ChargerInfo.idl
[1.998s] -- Up-to-date: /home/cjs/Health_Node/ros2_ws/install/base_interfaces_demo/share/base_interfaces_demo/msg/ColorInfo.idl
[1.998s] -- Up-to-date: /home/cjs/Health_Node/ros2_ws/install/base_interfaces_demo/share/base_interfaces_demo/msg/DeviceId.idl
[1.999s] -- Up-to-date: /home/cjs/Health_Node/ros2_ws/install/base_interfaces_demo/share/base_interfaces_demo/msg/DeviceInfo.idl
[1.999s] -- Up-to-date: /home/cjs/Health_Node/ros2_ws/install/base_interfaces_demo/share/base_interfaces_demo/msg/FileUpdata.idl
[1.999s] -- Up-to-date: /home/cjs/Health_Node/ros2_ws/install/base_interfaces_demo/share/base_interfaces_demo/msg/HallInfo.idl
[1.999s] -- Up-to-date: /home/cjs/Health_Node/ros2_ws/install/base_interfaces_demo/share/base_interfaces_demo/msg/HealthNode.idl
[1.999s] -- Up-to-date: /home/cjs/Health_Node/ros2_ws/install/base_interfaces_demo/share/base_interfaces_demo/msg/Location.idl
[2.000s] -- Up-to-date: /home/cjs/Health_Node/ros2_ws/install/base_interfaces_demo/share/base_interfaces_demo/msg/Manual.idl
[2.000s] -- Up-to-date: /home/cjs/Health_Node/ros2_ws/install/base_interfaces_demo/share/base_interfaces_demo/msg/ManualSeekLabel.idl
[2.000s] -- Up-to-date: /home/cjs/Health_Node/ros2_ws/install/base_interfaces_demo/share/base_interfaces_demo/msg/MotorStatus.idl
[2.000s] -- Up-to-date: /home/cjs/Health_Node/ros2_ws/install/base_interfaces_demo/share/base_interfaces_demo/msg/ObsLaser.idl
[2.001s] -- Up-to-date: /home/cjs/Health_Node/ros2_ws/install/base_interfaces_demo/share/base_interfaces_demo/msg/PalletInfo.idl
[2.001s] -- Up-to-date: /home/cjs/Health_Node/ros2_ws/install/base_interfaces_demo/share/base_interfaces_demo/msg/PubSubInfo.idl
[2.001s] -- Up-to-date: /home/cjs/Health_Node/ros2_ws/install/base_interfaces_demo/share/base_interfaces_demo/msg/SeekRet.idl
[2.005s] -- Up-to-date: /home/cjs/Health_Node/ros2_ws/install/base_interfaces_demo/share/base_interfaces_demo/msg/SystemStatus.idl
[2.006s] -- Up-to-date: /home/cjs/Health_Node/ros2_ws/install/base_interfaces_demo/share/base_interfaces_demo/msg/BmsInfo.msg
[2.010s] -- Up-to-date: /home/cjs/Health_Node/ros2_ws/install/base_interfaces_demo/share/base_interfaces_demo/msg/ChargerInfo.msg
[2.010s] -- Up-to-date: /home/cjs/Health_Node/ros2_ws/install/base_interfaces_demo/share/base_interfaces_demo/msg/ColorInfo.msg
[2.011s] -- Up-to-date: /home/cjs/Health_Node/ros2_ws/install/base_interfaces_demo/share/base_interfaces_demo/msg/DeviceId.msg
[2.011s] -- Up-to-date: /home/cjs/Health_Node/ros2_ws/install/base_interfaces_demo/share/base_interfaces_demo/msg/DeviceInfo.msg
[2.011s] -- Up-to-date: /home/cjs/Health_Node/ros2_ws/install/base_interfaces_demo/share/base_interfaces_demo/msg/FileUpdata.msg
[2.011s] -- Up-to-date: /home/cjs/Health_Node/ros2_ws/install/base_interfaces_demo/share/base_interfaces_demo/msg/HallInfo.msg
[2.011s] -- Up-to-date: /home/cjs/Health_Node/ros2_ws/install/base_interfaces_demo/share/base_interfaces_demo/msg/HealthNode.msg
[2.012s] -- Up-to-date: /home/cjs/Health_Node/ros2_ws/install/base_interfaces_demo/share/base_interfaces_demo/msg/Location.msg
[2.012s] -- Up-to-date: /home/cjs/Health_Node/ros2_ws/install/base_interfaces_demo/share/base_interfaces_demo/msg/Manual.msg
[2.012s] -- Up-to-date: /home/cjs/Health_Node/ros2_ws/install/base_interfaces_demo/share/base_interfaces_demo/msg/ManualSeekLabel.msg
[2.012s] -- Up-to-date: /home/cjs/Health_Node/ros2_ws/install/base_interfaces_demo/share/base_interfaces_demo/msg/MotorStatus.msg
[2.012s] -- Up-to-date: /home/cjs/Health_Node/ros2_ws/install/base_interfaces_demo/share/base_interfaces_demo/msg/ObsLaser.msg
[2.012s] -- Up-to-date: /home/cjs/Health_Node/ros2_ws/install/base_interfaces_demo/share/base_interfaces_demo/msg/PalletInfo.msg
[2.012s] -- Up-to-date: /home/cjs/Health_Node/ros2_ws/install/base_interfaces_demo/share/base_interfaces_demo/msg/PubSubInfo.msg
[2.012s] -- Up-to-date: /home/cjs/Health_Node/ros2_ws/install/base_interfaces_demo/share/base_interfaces_demo/msg/SeekRet.msg
[2.012s] -- Up-to-date: /home/cjs/Health_Node/ros2_ws/install/base_interfaces_demo/share/base_interfaces_demo/msg/SystemStatus.msg
[2.013s] -- Up-to-date: /home/cjs/Health_Node/ros2_ws/install/base_interfaces_demo/share/ament_index/resource_index/package_run_dependencies/base_interfaces_demo
[2.013s] -- Up-to-date: /home/cjs/Health_Node/ros2_ws/install/base_interfaces_demo/share/ament_index/resource_index/parent_prefix_path/base_interfaces_demo
[2.013s] -- Up-to-date: /home/cjs/Health_Node/ros2_ws/install/base_interfaces_demo/share/base_interfaces_demo/environment/ament_prefix_path.sh
[2.013s] -- Up-to-date: /home/cjs/Health_Node/ros2_ws/install/base_interfaces_demo/share/base_interfaces_demo/environment/ament_prefix_path.dsv
[2.014s] -- Up-to-date: /home/cjs/Health_Node/ros2_ws/install/base_interfaces_demo/share/base_interfaces_demo/environment/path.sh
[2.014s] -- Up-to-date: /home/cjs/Health_Node/ros2_ws/install/base_interfaces_demo/share/base_interfaces_demo/environment/path.dsv
[2.014s] -- Up-to-date: /home/cjs/Health_Node/ros2_ws/install/base_interfaces_demo/share/base_interfaces_demo/local_setup.bash
[2.014s] -- Up-to-date: /home/cjs/Health_Node/ros2_ws/install/base_interfaces_demo/share/base_interfaces_demo/local_setup.sh
[2.014s] -- Up-to-date: /home/cjs/Health_Node/ros2_ws/install/base_interfaces_demo/share/base_interfaces_demo/local_setup.zsh
[2.014s] -- Up-to-date: /home/cjs/Health_Node/ros2_ws/install/base_interfaces_demo/share/base_interfaces_demo/local_setup.dsv
[2.014s] -- Installing: /home/cjs/Health_Node/ros2_ws/install/base_interfaces_demo/share/base_interfaces_demo/package.dsv
[2.015s] -- Up-to-date: /home/cjs/Health_Node/ros2_ws/install/base_interfaces_demo/share/ament_index/resource_index/packages/base_interfaces_demo
[2.015s] -- Up-to-date: /home/cjs/Health_Node/ros2_ws/install/base_interfaces_demo/share/base_interfaces_demo/cmake/base_interfaces_demo__rosidl_generator_cExport.cmake
[2.015s] -- Up-to-date: /home/cjs/Health_Node/ros2_ws/install/base_interfaces_demo/share/base_interfaces_demo/cmake/base_interfaces_demo__rosidl_generator_cExport-noconfig.cmake
[2.015s] -- Up-to-date: /home/cjs/Health_Node/ros2_ws/install/base_interfaces_demo/share/base_interfaces_demo/cmake/base_interfaces_demo__rosidl_typesupport_introspection_cExport.cmake
[2.015s] -- Up-to-date: /home/cjs/Health_Node/ros2_ws/install/base_interfaces_demo/share/base_interfaces_demo/cmake/base_interfaces_demo__rosidl_typesupport_introspection_cExport-noconfig.cmake
[2.015s] -- Up-to-date: /home/cjs/Health_Node/ros2_ws/install/base_interfaces_demo/share/base_interfaces_demo/cmake/base_interfaces_demo__rosidl_typesupport_cExport.cmake
[2.015s] -- Up-to-date: /home/cjs/Health_Node/ros2_ws/install/base_interfaces_demo/share/base_interfaces_demo/cmake/base_interfaces_demo__rosidl_typesupport_cExport-noconfig.cmake
[2.015s] -- Up-to-date: /home/cjs/Health_Node/ros2_ws/install/base_interfaces_demo/share/base_interfaces_demo/cmake/base_interfaces_demo__rosidl_generator_cppExport.cmake
[2.015s] -- Up-to-date: /home/cjs/Health_Node/ros2_ws/install/base_interfaces_demo/share/base_interfaces_demo/cmake/base_interfaces_demo__rosidl_typesupport_introspection_cppExport.cmake
[2.015s] -- Up-to-date: /home/cjs/Health_Node/ros2_ws/install/base_interfaces_demo/share/base_interfaces_demo/cmake/base_interfaces_demo__rosidl_typesupport_introspection_cppExport-noconfig.cmake
[2.015s] -- Up-to-date: /home/cjs/Health_Node/ros2_ws/install/base_interfaces_demo/share/base_interfaces_demo/cmake/base_interfaces_demo__rosidl_typesupport_cppExport.cmake
[2.015s] -- Up-to-date: /home/cjs/Health_Node/ros2_ws/install/base_interfaces_demo/share/base_interfaces_demo/cmake/base_interfaces_demo__rosidl_typesupport_cppExport-noconfig.cmake
[2.015s] -- Up-to-date: /home/cjs/Health_Node/ros2_ws/install/base_interfaces_demo/share/base_interfaces_demo/cmake/rosidl_cmake-extras.cmake
[2.015s] -- Up-to-date: /home/cjs/Health_Node/ros2_ws/install/base_interfaces_demo/share/base_interfaces_demo/cmake/ament_cmake_export_dependencies-extras.cmake
[2.016s] -- Up-to-date: /home/cjs/Health_Node/ros2_ws/install/base_interfaces_demo/share/base_interfaces_demo/cmake/ament_cmake_export_libraries-extras.cmake
[2.016s] -- Up-to-date: /home/cjs/Health_Node/ros2_ws/install/base_interfaces_demo/share/base_interfaces_demo/cmake/ament_cmake_export_targets-extras.cmake
[2.016s] -- Up-to-date: /home/cjs/Health_Node/ros2_ws/install/base_interfaces_demo/share/base_interfaces_demo/cmake/ament_cmake_export_include_directories-extras.cmake
[2.016s] -- Up-to-date: /home/cjs/Health_Node/ros2_ws/install/base_interfaces_demo/share/base_interfaces_demo/cmake/rosidl_cmake_export_typesupport_libraries-extras.cmake
[2.016s] -- Up-to-date: /home/cjs/Health_Node/ros2_ws/install/base_interfaces_demo/share/base_interfaces_demo/cmake/rosidl_cmake_export_typesupport_targets-extras.cmake
[2.016s] -- Up-to-date: /home/cjs/Health_Node/ros2_ws/install/base_interfaces_demo/share/base_interfaces_demo/cmake/base_interfaces_demoConfig.cmake
[2.016s] -- Up-to-date: /home/cjs/Health_Node/ros2_ws/install/base_interfaces_demo/share/base_interfaces_demo/cmake/base_interfaces_demoConfig-version.cmake
[2.016s] -- Up-to-date: /home/cjs/Health_Node/ros2_ws/install/base_interfaces_demo/share/base_interfaces_demo/package.xml
[2.028s] Invoked command in '/home/cjs/Health_Node/ros2_ws/build/base_interfaces_demo' returned '0': CMAKE_PREFIX_PATH=/opt/ros/foxy /usr/bin/cmake --install /home/cjs/Health_Node/ros2_ws/build/base_interfaces_demo
