[0.000000] (-) TimerEvent: {}
[0.000514] (-) JobUnselected: {'identifier': 'base_interfaces_demo'}
[0.000581] (pkg01_healthoper_cpp) JobQueued: {'identifier': 'pkg01_healthoper_cpp', 'dependencies': OrderedDict([('base_interfaces_demo', '/home/cjs/Health_Node/ros2_ws/install/base_interfaces_demo')])}
[0.000636] (pkg01_healthoper_cpp) JobStarted: {'identifier': 'pkg01_healthoper_cpp'}
[0.013747] (pkg01_healthoper_cpp) JobProgress: {'identifier': 'pkg01_healthoper_cpp', 'progress': 'cmake'}
[0.014727] (pkg01_healthoper_cpp) Command: {'cmd': ['/usr/bin/cmake', '/home/cjs/Health_Node/ros2_ws/src/pkg01_healthoper_cpp', '-DCMAKE_VERBOSE_MAKEFILE=ON', '-DCMAKE_INSTALL_PREFIX=/home/cjs/Health_Node/ros2_ws/install/pkg01_healthoper_cpp'], 'cwd': '/home/cjs/Health_Node/ros2_ws/build/pkg01_healthoper_cpp', 'env': OrderedDict([('USER', 'cjs'), ('LC_TIME', 'zh_CN.UTF-8'), ('SSH_AGENT_PID', '1542'), ('XDG_SESSION_TYPE', 'x11'), ('SHLVL', '1'), ('LD_LIBRARY_PATH', '/home/cjs/Health_Node/ros2_ws/install/base_interfaces_demo/lib:/opt/ros/foxy/opt/yaml_cpp_vendor/lib:/opt/ros/foxy/opt/rviz_ogre_vendor/lib:/opt/ros/foxy/lib/x86_64-linux-gnu:/opt/ros/foxy/lib'), ('HOME', '/home/cjs'), ('OLDPWD', '/home/cjs/Health_Node'), ('LESS', '-R'), ('DESKTOP_SESSION', 'ubuntu'), ('ZSH', '/home/cjs/.oh-my-zsh'), ('LSCOLORS', 'Gxfxcxdxbxegedabagacad'), ('ALL', 'en.US.UTF-8'), ('GTK_MODULES', 'gail:atk-bridge'), ('GNOME_SHELL_SESSION_MODE', 'ubuntu'), ('PAGER', 'less'), ('ROS_PYTHON_VERSION', '3'), ('LC_MONETARY', 'zh_CN.UTF-8'), ('MANAGERPID', '1446'), ('DBUS_SESSION_BUS_ADDRESS', 'unix:path=/run/user/1000/bus,guid=0fa02c7d661b6b7cbfd27f1066a0581b'), ('DBUS_STARTER_BUS_TYPE', 'session'), ('COLORTERM', 'truecolor'), ('IM_CONFIG_PHASE', '1'), ('ROS_DISTRO', 'foxy'), ('LOGNAME', 'cjs'), ('_', '/usr/bin/colcon'), ('JOURNAL_STREAM', '8:56620'), ('XDG_SESSION_CLASS', 'user'), ('ROS_VERSION', '2'), ('TERM', 'xterm-256color'), ('USERNAME', 'cjs'), ('GNOME_DESKTOP_SESSION_ID', 'this-is-deprecated'), ('ROS_LOCALHOST_ONLY', '0'), ('WINDOWPATH', '2'), ('PATH', '/opt/ros/foxy/bin:/usr/local/sbin:/usr/local/bin:/usr/sbin:/usr/bin:/sbin:/bin:/usr/games:/usr/local/games:/snap/bin'), ('SESSION_MANAGER', 'local/cjs-virtual-machine:@/tmp/.ICE-unix/1577,unix/cjs-virtual-machine:/tmp/.ICE-unix/1577'), ('INVOCATION_ID', '9e60448dcc804a64942f76a12b382da6'), ('XDG_MENU_PREFIX', 'gnome-'), ('XDG_RUNTIME_DIR', '/run/user/1000'), ('LC_ADDRESS', 'zh_CN.UTF-8'), ('DISPLAY', ':0'), ('LANG', 'en_US.UTF-8'), ('XDG_CURRENT_DESKTOP', 'ubuntu:GNOME'), ('TILIX_ID', 'd2614c47-5610-4a06-b620-bd0316d926ec'), ('LC_TELEPHONE', 'zh_CN.UTF-8'), ('XDG_SESSION_DESKTOP', 'ubuntu'), ('XMODIFIERS', '@im=ibus'), ('XAUTHORITY', '/run/user/1000/gdm/Xauthority'), ('LS_COLORS', 'no=00:fi=00:di=01;34:ln=00;36:pi=40;33:so=01;35:do=01;35:bd=40;33;01:cd=40;33;01:or=41;33;01:ex=00;32:*.cmd=00;32:*.exe=01;32:*.com=01;32:*.bat=01;32:*.btm=01;32:*.dll=01;32:*.tar=00;31:*.tbz=00;31:*.tgz=00;31:*.rpm=00;31:*.deb=00;31:*.arj=00;31:*.taz=00;31:*.lzh=00;31:*.lzma=00;31:*.zip=00;31:*.zoo=00;31:*.z=00;31:*.Z=00;31:*.gz=00;31:*.bz2=00;31:*.tb2=00;31:*.tz2=00;31:*.tbz2=00;31:*.avi=01;35:*.bmp=01;35:*.fli=01;35:*.gif=01;35:*.jpg=01;35:*.jpeg=01;35:*.mng=01;35:*.mov=01;35:*.mpg=01;35:*.pcx=01;35:*.pbm=01;35:*.pgm=01;35:*.png=01;35:*.ppm=01;35:*.tga=01;35:*.tif=01;35:*.xbm=01;35:*.xpm=01;35:*.dl=01;35:*.gl=01;35:*.wmv=01;35:*.aiff=00;32:*.au=00;32:*.mid=00;32:*.mp3=00;32:*.ogg=00;32:*.voc=00;32:*.wav=00;32:'), ('SSH_AUTH_SOCK', '/run/user/1000/keyring/ssh'), ('AMENT_PREFIX_PATH', '/home/cjs/Health_Node/ros2_ws/install/base_interfaces_demo:/opt/ros/foxy'), ('LC_NAME', 'zh_CN.UTF-8'), ('SHELL', '/usr/bin/zsh'), ('GDMSESSION', 'ubuntu'), ('QT_ACCESSIBILITY', '1'), ('LC_MEASUREMENT', 'zh_CN.UTF-8'), ('LC_IDENTIFICATION', 'zh_CN.UTF-8'), ('GPG_AGENT_INFO', '/run/user/1000/gnupg/S.gpg-agent:0:1'), ('QT_IM_MODULE', 'ibus'), ('PWD', '/home/cjs/Health_Node/ros2_ws/build/pkg01_healthoper_cpp'), ('XDG_DATA_DIRS', '/usr/share/ubuntu:/usr/local/share/:/usr/share/:/var/lib/snapd/desktop'), ('XDG_CONFIG_DIRS', '/etc/xdg/xdg-ubuntu:/etc/xdg'), ('DBUS_STARTER_ADDRESS', 'unix:path=/run/user/1000/bus,guid=0fa02c7d661b6b7cbfd27f1066a0581b'), ('LC_NUMERIC', 'zh_CN.UTF-8'), ('PYTHONPATH', '/home/cjs/Health_Node/ros2_ws/install/base_interfaces_demo/lib/python3.8/site-packages:/opt/ros/foxy/lib/python3.8/site-packages'), ('LC_PAPER', 'zh_CN.UTF-8'), ('COLCON', '1'), ('VTE_VERSION', '6003'), ('CMAKE_PREFIX_PATH', '/home/cjs/Health_Node/ros2_ws/install/base_interfaces_demo:/opt/ros/foxy')]), 'shell': False}
[0.084165] (pkg01_healthoper_cpp) StdoutLine: {'line': b'-- The C compiler identification is GNU 9.4.0\n'}
[0.099410] (-) TimerEvent: {}
[0.143042] (pkg01_healthoper_cpp) StdoutLine: {'line': b'-- The CXX compiler identification is GNU 9.4.0\n'}
[0.147680] (pkg01_healthoper_cpp) StdoutLine: {'line': b'-- Check for working C compiler: /usr/bin/cc\n'}
[0.200224] (-) TimerEvent: {}
[0.224128] (pkg01_healthoper_cpp) StdoutLine: {'line': b'-- Check for working C compiler: /usr/bin/cc -- works\n'}
[0.225177] (pkg01_healthoper_cpp) StdoutLine: {'line': b'-- Detecting C compiler ABI info\n'}
[0.300604] (pkg01_healthoper_cpp) StdoutLine: {'line': b'-- Detecting C compiler ABI info - done\n'}
[0.300805] (-) TimerEvent: {}
[0.308403] (pkg01_healthoper_cpp) StdoutLine: {'line': b'-- Detecting C compile features\n'}
[0.308749] (pkg01_healthoper_cpp) StdoutLine: {'line': b'-- Detecting C compile features - done\n'}
[0.311121] (pkg01_healthoper_cpp) StdoutLine: {'line': b'-- Check for working CXX compiler: /usr/bin/c++\n'}
[0.397648] (pkg01_healthoper_cpp) StdoutLine: {'line': b'-- Check for working CXX compiler: /usr/bin/c++ -- works\n'}
[0.398765] (pkg01_healthoper_cpp) StdoutLine: {'line': b'-- Detecting CXX compiler ABI info\n'}
[0.401406] (-) TimerEvent: {}
[0.491663] (pkg01_healthoper_cpp) StdoutLine: {'line': b'-- Detecting CXX compiler ABI info - done\n'}
[0.502012] (-) TimerEvent: {}
[0.505121] (pkg01_healthoper_cpp) StdoutLine: {'line': b'-- Detecting CXX compile features\n'}
[0.505765] (pkg01_healthoper_cpp) StdoutLine: {'line': b'-- Detecting CXX compile features - done\n'}
[0.507368] (pkg01_healthoper_cpp) StdoutLine: {'line': b'-- Found ament_cmake: 0.9.12 (/opt/ros/foxy/share/ament_cmake/cmake)\n'}
[0.530328] (pkg01_healthoper_cpp) StdoutLine: {'line': b'-- Found PythonInterp: /usr/bin/python3 (found suitable version "3.8.10", minimum required is "3") \n'}
[0.531054] (pkg01_healthoper_cpp) StdoutLine: {'line': b'-- Using PYTHON_EXECUTABLE: /usr/bin/python3\n'}
[0.602704] (-) TimerEvent: {}
[0.689079] (pkg01_healthoper_cpp) StdoutLine: {'line': b'-- Found rclcpp: 2.4.3 (/opt/ros/foxy/share/rclcpp/cmake)\n'}
[0.703113] (-) TimerEvent: {}
[0.720601] (pkg01_healthoper_cpp) StdoutLine: {'line': b'-- Using all available rosidl_typesupport_c: rosidl_typesupport_fastrtps_c;rosidl_typesupport_introspection_c\n'}
[0.725366] (pkg01_healthoper_cpp) StdoutLine: {'line': b'-- Found rosidl_adapter: 1.3.1 (/opt/ros/foxy/share/rosidl_adapter/cmake)\n'}
[0.803933] (-) TimerEvent: {}
[0.807444] (pkg01_healthoper_cpp) StdoutLine: {'line': b'-- Found OpenSSL: /usr/lib/x86_64-linux-gnu/libcrypto.so (found version "1.1.1f")  \n'}
[0.830454] (pkg01_healthoper_cpp) StdoutLine: {'line': b'-- Found FastRTPS: /opt/ros/foxy/include  \n'}
[0.891027] (pkg01_healthoper_cpp) StdoutLine: {'line': b'-- Using all available rosidl_typesupport_cpp: rosidl_typesupport_fastrtps_cpp;rosidl_typesupport_introspection_cpp\n'}
[0.904666] (-) TimerEvent: {}
[0.930958] (pkg01_healthoper_cpp) StdoutLine: {'line': b'-- Found rmw_implementation_cmake: 1.0.4 (/opt/ros/foxy/share/rmw_implementation_cmake/cmake)\n'}
[0.933770] (pkg01_healthoper_cpp) StdoutLine: {'line': b"-- Using RMW implementation 'rmw_fastrtps_cpp' as default\n"}
[0.935785] (pkg01_healthoper_cpp) StdoutLine: {'line': b'-- Looking for pthread.h\n'}
[1.005307] (-) TimerEvent: {}
[1.017093] (pkg01_healthoper_cpp) StdoutLine: {'line': b'-- Looking for pthread.h - found\n'}
[1.017605] (pkg01_healthoper_cpp) StdoutLine: {'line': b'-- Performing Test CMAKE_HAVE_LIBC_PTHREAD\n'}
[1.096185] (pkg01_healthoper_cpp) StdoutLine: {'line': b'-- Performing Test CMAKE_HAVE_LIBC_PTHREAD - Failed\n'}
[1.096559] (pkg01_healthoper_cpp) StdoutLine: {'line': b'-- Looking for pthread_create in pthreads\n'}
[1.105685] (-) TimerEvent: {}
[1.166280] (pkg01_healthoper_cpp) StdoutLine: {'line': b'-- Looking for pthread_create in pthreads - not found\n'}
[1.166607] (pkg01_healthoper_cpp) StdoutLine: {'line': b'-- Looking for pthread_create in pthread\n'}
[1.206255] (-) TimerEvent: {}
[1.243199] (pkg01_healthoper_cpp) StdoutLine: {'line': b'-- Looking for pthread_create in pthread - found\n'}
[1.244544] (pkg01_healthoper_cpp) StdoutLine: {'line': b'-- Found Threads: TRUE  \n'}
[1.306684] (-) TimerEvent: {}
[1.355074] (pkg01_healthoper_cpp) StdoutLine: {'line': b'-- Found base_interfaces_demo: 0.0.0 (/home/cjs/Health_Node/ros2_ws/install/base_interfaces_demo/share/base_interfaces_demo/cmake)\n'}
[1.406832] (-) TimerEvent: {}
[1.432944] (pkg01_healthoper_cpp) StdoutLine: {'line': b'-- Found ament_lint_auto: 0.9.8 (/opt/ros/foxy/share/ament_lint_auto/cmake)\n'}
[1.492011] (pkg01_healthoper_cpp) StdoutLine: {'line': b"-- Added test 'copyright' to check source files copyright and LICENSE\n"}
[1.492948] (pkg01_healthoper_cpp) StdoutLine: {'line': b"-- Added test 'cppcheck' to perform static code analysis on C / C++ code\n"}
[1.493230] (pkg01_healthoper_cpp) StdoutLine: {'line': b'-- Configured cppcheck include dirs: $<BUILD_INTERFACE:/home/cjs/Health_Node/ros2_ws/src/pkg01_healthoper_cpp/include>\n'}
[1.493309] (pkg01_healthoper_cpp) StdoutLine: {'line': b'-- Configured cppcheck exclude dirs and/or files: \n'}
[1.494093] (pkg01_healthoper_cpp) StdoutLine: {'line': b"-- Added test 'cpplint' to check C / C++ code against the Google style\n"}
[1.494250] (pkg01_healthoper_cpp) StdoutLine: {'line': b'-- Configured cpplint exclude dirs and/or files: \n'}
[1.494583] (pkg01_healthoper_cpp) StdoutLine: {'line': b"-- Added test 'lint_cmake' to check CMake code style\n"}
[1.496034] (pkg01_healthoper_cpp) StdoutLine: {'line': b"-- Added test 'uncrustify' to check C / C++ code style\n"}
[1.496288] (pkg01_healthoper_cpp) StdoutLine: {'line': b'-- Configured uncrustify additional arguments: \n'}
[1.496971] (pkg01_healthoper_cpp) StdoutLine: {'line': b"-- Added test 'xmllint' to check XML markup files\n"}
[1.499806] (pkg01_healthoper_cpp) StdoutLine: {'line': b'-- Configuring done\n'}
[1.507115] (-) TimerEvent: {}
[1.513843] (pkg01_healthoper_cpp) StdoutLine: {'line': b'-- Generating done\n'}
[1.516137] (pkg01_healthoper_cpp) StdoutLine: {'line': b'-- Build files have been written to: /home/cjs/Health_Node/ros2_ws/build/pkg01_healthoper_cpp\n'}
[1.524883] (pkg01_healthoper_cpp) CommandEnded: {'returncode': 0}
[1.526036] (pkg01_healthoper_cpp) JobProgress: {'identifier': 'pkg01_healthoper_cpp', 'progress': 'build'}
[1.528353] (pkg01_healthoper_cpp) Command: {'cmd': ['/usr/bin/cmake', '--build', '/home/cjs/Health_Node/ros2_ws/build/pkg01_healthoper_cpp', '--', '-j4', '-l4'], 'cwd': '/home/cjs/Health_Node/ros2_ws/build/pkg01_healthoper_cpp', 'env': OrderedDict([('USER', 'cjs'), ('LC_TIME', 'zh_CN.UTF-8'), ('SSH_AGENT_PID', '1542'), ('XDG_SESSION_TYPE', 'x11'), ('SHLVL', '1'), ('LD_LIBRARY_PATH', '/home/cjs/Health_Node/ros2_ws/install/base_interfaces_demo/lib:/opt/ros/foxy/opt/yaml_cpp_vendor/lib:/opt/ros/foxy/opt/rviz_ogre_vendor/lib:/opt/ros/foxy/lib/x86_64-linux-gnu:/opt/ros/foxy/lib'), ('HOME', '/home/cjs'), ('OLDPWD', '/home/cjs/Health_Node'), ('LESS', '-R'), ('DESKTOP_SESSION', 'ubuntu'), ('ZSH', '/home/cjs/.oh-my-zsh'), ('LSCOLORS', 'Gxfxcxdxbxegedabagacad'), ('ALL', 'en.US.UTF-8'), ('GTK_MODULES', 'gail:atk-bridge'), ('GNOME_SHELL_SESSION_MODE', 'ubuntu'), ('PAGER', 'less'), ('ROS_PYTHON_VERSION', '3'), ('LC_MONETARY', 'zh_CN.UTF-8'), ('MANAGERPID', '1446'), ('DBUS_SESSION_BUS_ADDRESS', 'unix:path=/run/user/1000/bus,guid=0fa02c7d661b6b7cbfd27f1066a0581b'), ('DBUS_STARTER_BUS_TYPE', 'session'), ('COLORTERM', 'truecolor'), ('IM_CONFIG_PHASE', '1'), ('ROS_DISTRO', 'foxy'), ('LOGNAME', 'cjs'), ('_', '/usr/bin/colcon'), ('JOURNAL_STREAM', '8:56620'), ('XDG_SESSION_CLASS', 'user'), ('ROS_VERSION', '2'), ('TERM', 'xterm-256color'), ('USERNAME', 'cjs'), ('GNOME_DESKTOP_SESSION_ID', 'this-is-deprecated'), ('ROS_LOCALHOST_ONLY', '0'), ('WINDOWPATH', '2'), ('PATH', '/opt/ros/foxy/bin:/usr/local/sbin:/usr/local/bin:/usr/sbin:/usr/bin:/sbin:/bin:/usr/games:/usr/local/games:/snap/bin'), ('SESSION_MANAGER', 'local/cjs-virtual-machine:@/tmp/.ICE-unix/1577,unix/cjs-virtual-machine:/tmp/.ICE-unix/1577'), ('INVOCATION_ID', '9e60448dcc804a64942f76a12b382da6'), ('XDG_MENU_PREFIX', 'gnome-'), ('XDG_RUNTIME_DIR', '/run/user/1000'), ('LC_ADDRESS', 'zh_CN.UTF-8'), ('DISPLAY', ':0'), ('LANG', 'en_US.UTF-8'), ('XDG_CURRENT_DESKTOP', 'ubuntu:GNOME'), ('TILIX_ID', 'd2614c47-5610-4a06-b620-bd0316d926ec'), ('LC_TELEPHONE', 'zh_CN.UTF-8'), ('XDG_SESSION_DESKTOP', 'ubuntu'), ('XMODIFIERS', '@im=ibus'), ('XAUTHORITY', '/run/user/1000/gdm/Xauthority'), ('LS_COLORS', 'no=00:fi=00:di=01;34:ln=00;36:pi=40;33:so=01;35:do=01;35:bd=40;33;01:cd=40;33;01:or=41;33;01:ex=00;32:*.cmd=00;32:*.exe=01;32:*.com=01;32:*.bat=01;32:*.btm=01;32:*.dll=01;32:*.tar=00;31:*.tbz=00;31:*.tgz=00;31:*.rpm=00;31:*.deb=00;31:*.arj=00;31:*.taz=00;31:*.lzh=00;31:*.lzma=00;31:*.zip=00;31:*.zoo=00;31:*.z=00;31:*.Z=00;31:*.gz=00;31:*.bz2=00;31:*.tb2=00;31:*.tz2=00;31:*.tbz2=00;31:*.avi=01;35:*.bmp=01;35:*.fli=01;35:*.gif=01;35:*.jpg=01;35:*.jpeg=01;35:*.mng=01;35:*.mov=01;35:*.mpg=01;35:*.pcx=01;35:*.pbm=01;35:*.pgm=01;35:*.png=01;35:*.ppm=01;35:*.tga=01;35:*.tif=01;35:*.xbm=01;35:*.xpm=01;35:*.dl=01;35:*.gl=01;35:*.wmv=01;35:*.aiff=00;32:*.au=00;32:*.mid=00;32:*.mp3=00;32:*.ogg=00;32:*.voc=00;32:*.wav=00;32:'), ('SSH_AUTH_SOCK', '/run/user/1000/keyring/ssh'), ('AMENT_PREFIX_PATH', '/home/cjs/Health_Node/ros2_ws/install/base_interfaces_demo:/opt/ros/foxy'), ('LC_NAME', 'zh_CN.UTF-8'), ('SHELL', '/usr/bin/zsh'), ('GDMSESSION', 'ubuntu'), ('QT_ACCESSIBILITY', '1'), ('LC_MEASUREMENT', 'zh_CN.UTF-8'), ('LC_IDENTIFICATION', 'zh_CN.UTF-8'), ('GPG_AGENT_INFO', '/run/user/1000/gnupg/S.gpg-agent:0:1'), ('QT_IM_MODULE', 'ibus'), ('PWD', '/home/cjs/Health_Node/ros2_ws/build/pkg01_healthoper_cpp'), ('XDG_DATA_DIRS', '/usr/share/ubuntu:/usr/local/share/:/usr/share/:/var/lib/snapd/desktop'), ('XDG_CONFIG_DIRS', '/etc/xdg/xdg-ubuntu:/etc/xdg'), ('DBUS_STARTER_ADDRESS', 'unix:path=/run/user/1000/bus,guid=0fa02c7d661b6b7cbfd27f1066a0581b'), ('LC_NUMERIC', 'zh_CN.UTF-8'), ('PYTHONPATH', '/home/cjs/Health_Node/ros2_ws/install/base_interfaces_demo/lib/python3.8/site-packages:/opt/ros/foxy/lib/python3.8/site-packages'), ('LC_PAPER', 'zh_CN.UTF-8'), ('COLCON', '1'), ('VTE_VERSION', '6003'), ('CMAKE_PREFIX_PATH', '/home/cjs/Health_Node/ros2_ws/install/base_interfaces_demo:/opt/ros/foxy')]), 'shell': False}
[1.548101] (pkg01_healthoper_cpp) StdoutLine: {'line': b'/usr/bin/cmake -S/home/cjs/Health_Node/ros2_ws/src/pkg01_healthoper_cpp -B/home/cjs/Health_Node/ros2_ws/build/pkg01_healthoper_cpp --check-build-system CMakeFiles/Makefile.cmake 0\n'}
[1.560498] (pkg01_healthoper_cpp) StdoutLine: {'line': b'/usr/bin/cmake -E cmake_progress_start /home/cjs/Health_Node/ros2_ws/build/pkg01_healthoper_cpp/CMakeFiles /home/cjs/Health_Node/ros2_ws/build/pkg01_healthoper_cpp/CMakeFiles/progress.marks\n'}
[1.570786] (pkg01_healthoper_cpp) StdoutLine: {'line': b'/usr/bin/make -f CMakeFiles/Makefile2 all\n'}
[1.572601] (pkg01_healthoper_cpp) StdoutLine: {'line': b"make[1]: Entering directory '/home/cjs/Health_Node/ros2_ws/build/pkg01_healthoper_cpp'\n"}
[1.572806] (pkg01_healthoper_cpp) StdoutLine: {'line': b'/usr/bin/make -f CMakeFiles/listener.dir/build.make CMakeFiles/listener.dir/depend\n'}
[1.573194] (pkg01_healthoper_cpp) StdoutLine: {'line': b'/usr/bin/make -f CMakeFiles/health_oper.dir/build.make CMakeFiles/health_oper.dir/depend\n'}
[1.574842] (pkg01_healthoper_cpp) StdoutLine: {'line': b"make[2]: Entering directory '/home/cjs/Health_Node/ros2_ws/build/pkg01_healthoper_cpp'\n"}
[1.575052] (pkg01_healthoper_cpp) StdoutLine: {'line': b'cd /home/cjs/Health_Node/ros2_ws/build/pkg01_healthoper_cpp && /usr/bin/cmake -E cmake_depends "Unix Makefiles" /home/cjs/Health_Node/ros2_ws/src/pkg01_healthoper_cpp /home/cjs/Health_Node/ros2_ws/src/pkg01_healthoper_cpp /home/cjs/Health_Node/ros2_ws/build/pkg01_healthoper_cpp /home/cjs/Health_Node/ros2_ws/build/pkg01_healthoper_cpp /home/cjs/Health_Node/ros2_ws/build/pkg01_healthoper_cpp/CMakeFiles/listener.dir/DependInfo.cmake --color=\n'}
[1.576084] (pkg01_healthoper_cpp) StdoutLine: {'line': b"make[2]: Entering directory '/home/cjs/Health_Node/ros2_ws/build/pkg01_healthoper_cpp'\n"}
[1.576199] (pkg01_healthoper_cpp) StdoutLine: {'line': b'cd /home/cjs/Health_Node/ros2_ws/build/pkg01_healthoper_cpp && /usr/bin/cmake -E cmake_depends "Unix Makefiles" /home/cjs/Health_Node/ros2_ws/src/pkg01_healthoper_cpp /home/cjs/Health_Node/ros2_ws/src/pkg01_healthoper_cpp /home/cjs/Health_Node/ros2_ws/build/pkg01_healthoper_cpp /home/cjs/Health_Node/ros2_ws/build/pkg01_healthoper_cpp /home/cjs/Health_Node/ros2_ws/build/pkg01_healthoper_cpp/CMakeFiles/health_oper.dir/DependInfo.cmake --color=\n'}
[1.584302] (pkg01_healthoper_cpp) StdoutLine: {'line': b'Dependee "/home/cjs/Health_Node/ros2_ws/build/pkg01_healthoper_cpp/CMakeFiles/CMakeDirectoryInformation.cmake" is newer than depender "/home/cjs/Health_Node/ros2_ws/build/pkg01_healthoper_cpp/CMakeFiles/listener.dir/depend.internal".\n'}
[1.584570] (pkg01_healthoper_cpp) StdoutLine: {'line': b'\x1b[35m\x1b[1mScanning dependencies of target listener\x1b[0m\n'}
[1.585422] (pkg01_healthoper_cpp) StdoutLine: {'line': b'Dependee "/home/cjs/Health_Node/ros2_ws/build/pkg01_healthoper_cpp/CMakeFiles/CMakeDirectoryInformation.cmake" is newer than depender "/home/cjs/Health_Node/ros2_ws/build/pkg01_healthoper_cpp/CMakeFiles/health_oper.dir/depend.internal".\n'}
[1.585594] (pkg01_healthoper_cpp) StdoutLine: {'line': b'\x1b[35m\x1b[1mScanning dependencies of target health_oper\x1b[0m\n'}
[1.602195] (pkg01_healthoper_cpp) StdoutLine: {'line': b"make[2]: Leaving directory '/home/cjs/Health_Node/ros2_ws/build/pkg01_healthoper_cpp'\n"}
[1.602479] (pkg01_healthoper_cpp) StdoutLine: {'line': b'/usr/bin/make -f CMakeFiles/listener.dir/build.make CMakeFiles/listener.dir/build\n'}
[1.607480] (-) TimerEvent: {}
[1.608875] (pkg01_healthoper_cpp) StdoutLine: {'line': b"make[2]: Leaving directory '/home/cjs/Health_Node/ros2_ws/build/pkg01_healthoper_cpp'\n"}
[1.609262] (pkg01_healthoper_cpp) StdoutLine: {'line': b'/usr/bin/make -f CMakeFiles/health_oper.dir/build.make CMakeFiles/health_oper.dir/build\n'}
[1.611120] (pkg01_healthoper_cpp) StdoutLine: {'line': b"make[2]: Entering directory '/home/cjs/Health_Node/ros2_ws/build/pkg01_healthoper_cpp'\n"}
[1.617672] (pkg01_healthoper_cpp) StdoutLine: {'line': b"make[2]: Entering directory '/home/cjs/Health_Node/ros2_ws/build/pkg01_healthoper_cpp'\n"}
[1.622850] (pkg01_healthoper_cpp) StdoutLine: {'line': b'[ 20%] \x1b[32m\x1b[1mLinking CXX executable listener\x1b[0m\n'}
[1.624327] (pkg01_healthoper_cpp) StdoutLine: {'line': b'/usr/bin/cmake -E cmake_link_script CMakeFiles/listener.dir/link.txt --verbose=1\n'}
[1.626892] (pkg01_healthoper_cpp) StdoutLine: {'line': b'[ 40%] \x1b[32m\x1b[1mLinking CXX executable health_oper\x1b[0m\n'}
[1.627852] (pkg01_healthoper_cpp) StdoutLine: {'line': b'/usr/bin/cmake -E cmake_link_script CMakeFiles/health_oper.dir/link.txt --verbose=1\n'}
[1.633996] (pkg01_healthoper_cpp) StdoutLine: {'line': b'/usr/bin/c++     CMakeFiles/listener.dir/src/listener.cpp.o  -o listener  -Wl,-rpath,/opt/ros/foxy/lib:/home/cjs/Health_Node/ros2_ws/install/base_interfaces_demo/lib: /opt/ros/foxy/lib/librclcpp.so /home/cjs/Health_Node/ros2_ws/install/base_interfaces_demo/lib/libbase_interfaces_demo__rosidl_typesupport_introspection_c.so /home/cjs/Health_Node/ros2_ws/install/base_interfaces_demo/lib/libbase_interfaces_demo__rosidl_typesupport_c.so /home/cjs/Health_Node/ros2_ws/install/base_interfaces_demo/lib/libbase_interfaces_demo__rosidl_typesupport_introspection_cpp.so /home/cjs/Health_Node/ros2_ws/install/base_interfaces_demo/lib/libbase_interfaces_demo__rosidl_typesupport_cpp.so /usr/lib/x86_64-linux-gnu/libyaml-cpp.so.0.6.2 /opt/ros/foxy/lib/liblibstatistics_collector.so /opt/ros/foxy/lib/liblibstatistics_collector_test_msgs__rosidl_typesupport_introspection_c.so /opt/ros/foxy/lib/liblibstatistics_collector_test_msgs__rosidl_generator_c.so /opt/ros/foxy/lib/liblibstatistics_collector_test_msgs__rosidl_typesupport_c.so /opt/ros/foxy/lib/liblibstatistics_collector_test_msgs__rosidl_typesupport_introspection_cpp.so /opt/ros/foxy/lib/liblibstatistics_collector_test_msgs__rosidl_typesupport_cpp.so /opt/ros/foxy/lib/libstd_msgs__rosidl_typesupport_introspection_c.so /opt/ros/foxy/lib/libstd_msgs__rosidl_generator_c.so /opt/ros/foxy/lib/libstd_msgs__rosidl_typesupport_c.so /opt/ros/foxy/lib/libstd_msgs__rosidl_typesupport_introspection_cpp.so /opt/ros/foxy/lib/libstd_msgs__rosidl_typesupport_cpp.so /opt/ros/foxy/lib/librcl.so /opt/ros/foxy/lib/librcl_interfaces__rosidl_typesupport_introspection_c.so /opt/ros/foxy/lib/librcl_interfaces__rosidl_generator_c.so /opt/ros/foxy/lib/librcl_interfaces__rosidl_typesupport_c.so /opt/ros/foxy/lib/librcl_interfaces__rosidl_typesupport_introspection_cpp.so /opt/ros/foxy/lib/librcl_interfaces__rosidl_typesupport_cpp.so /opt/ros/foxy/lib/librmw_implementation.so /opt/ros/foxy/lib/librmw.so /opt/ros/foxy/lib/librcl_logging_spdlog.so /usr/lib/x86_64-linux-gnu/libspdlog.so.1.5.0 -lpthread /opt/ros/foxy/lib/librcl_yaml_param_parser.so /opt/ros/foxy/lib/libyaml.so /opt/ros/foxy/lib/librosgraph_msgs__rosidl_typesupport_introspection_c.so /opt/ros/foxy/lib/librosgraph_msgs__rosidl_generator_c.so /opt/ros/foxy/lib/librosgraph_msgs__rosidl_typesupport_c.so /opt/ros/foxy/lib/librosgraph_msgs__rosidl_typesupport_introspection_cpp.so /opt/ros/foxy/lib/librosgraph_msgs__rosidl_typesupport_cpp.so /opt/ros/foxy/lib/libstatistics_msgs__rosidl_typesupport_introspection_c.so /opt/ros/foxy/lib/libstatistics_msgs__rosidl_generator_c.so /opt/ros/foxy/lib/libstatistics_msgs__rosidl_typesupport_c.so /opt/ros/foxy/lib/libstatistics_msgs__rosidl_typesupport_introspection_cpp.so /opt/ros/foxy/lib/libstatistics_msgs__rosidl_typesupport_cpp.so /opt/ros/foxy/lib/libtracetools.so /home/cjs/Health_Node/ros2_ws/install/base_interfaces_demo/lib/libbase_interfaces_demo__rosidl_generator_c.so /opt/ros/foxy/lib/libaction_msgs__rosidl_typesupport_introspection_c.so /opt/ros/foxy/lib/libaction_msgs__rosidl_generator_c.so /opt/ros/foxy/lib/libaction_msgs__rosidl_typesupport_c.so /opt/ros/foxy/lib/libaction_msgs__rosidl_typesupport_introspection_cpp.so /opt/ros/foxy/lib/libaction_msgs__rosidl_typesupport_cpp.so /opt/ros/foxy/lib/libbuiltin_interfaces__rosidl_typesupport_introspection_c.so /opt/ros/foxy/lib/libbuiltin_interfaces__rosidl_generator_c.so /opt/ros/foxy/lib/libbuiltin_interfaces__rosidl_typesupport_c.so /opt/ros/foxy/lib/libbuiltin_interfaces__rosidl_typesupport_introspection_cpp.so /opt/ros/foxy/lib/libbuiltin_interfaces__rosidl_typesupport_cpp.so /opt/ros/foxy/lib/libunique_identifier_msgs__rosidl_typesupport_introspection_c.so /opt/ros/foxy/lib/libunique_identifier_msgs__rosidl_generator_c.so /opt/ros/foxy/lib/libunique_identifier_msgs__rosidl_typesupport_c.so /opt/ros/foxy/lib/libunique_identifier_msgs__rosidl_typesupport_introspection_cpp.so /opt/ros/foxy/lib/librosidl_typesupport_introspection_cpp.so /opt/ros/foxy/lib/librosidl_typesupport_introspection_c.so /opt/ros/foxy/lib/libunique_identifier_msgs__rosidl_typesupport_cpp.so /opt/ros/foxy/lib/librosidl_typesupport_cpp.so /opt/ros/foxy/lib/librosidl_typesupport_c.so /opt/ros/foxy/lib/librcpputils.so /opt/ros/foxy/lib/librosidl_runtime_c.so /opt/ros/foxy/lib/librcutils.so -ldl \n'}
[1.636922] (pkg01_healthoper_cpp) StdoutLine: {'line': b'/usr/bin/c++     CMakeFiles/health_oper.dir/src/health_oper.cpp.o CMakeFiles/health_oper.dir/src/core_info.cpp.o  -o health_oper  -Wl,-rpath,/opt/ros/foxy/lib:/home/cjs/Health_Node/ros2_ws/install/base_interfaces_demo/lib: /opt/ros/foxy/lib/librclcpp.so /home/cjs/Health_Node/ros2_ws/install/base_interfaces_demo/lib/libbase_interfaces_demo__rosidl_typesupport_introspection_c.so /home/cjs/Health_Node/ros2_ws/install/base_interfaces_demo/lib/libbase_interfaces_demo__rosidl_typesupport_c.so /home/cjs/Health_Node/ros2_ws/install/base_interfaces_demo/lib/libbase_interfaces_demo__rosidl_typesupport_introspection_cpp.so /home/cjs/Health_Node/ros2_ws/install/base_interfaces_demo/lib/libbase_interfaces_demo__rosidl_typesupport_cpp.so -lyalm-cpp /opt/ros/foxy/lib/liblibstatistics_collector.so /opt/ros/foxy/lib/liblibstatistics_collector_test_msgs__rosidl_typesupport_introspection_c.so /opt/ros/foxy/lib/liblibstatistics_collector_test_msgs__rosidl_generator_c.so /opt/ros/foxy/lib/liblibstatistics_collector_test_msgs__rosidl_typesupport_c.so /opt/ros/foxy/lib/liblibstatistics_collector_test_msgs__rosidl_typesupport_introspection_cpp.so /opt/ros/foxy/lib/liblibstatistics_collector_test_msgs__rosidl_typesupport_cpp.so /opt/ros/foxy/lib/libstd_msgs__rosidl_typesupport_introspection_c.so /opt/ros/foxy/lib/libstd_msgs__rosidl_generator_c.so /opt/ros/foxy/lib/libstd_msgs__rosidl_typesupport_c.so /opt/ros/foxy/lib/libstd_msgs__rosidl_typesupport_introspection_cpp.so /opt/ros/foxy/lib/libstd_msgs__rosidl_typesupport_cpp.so /opt/ros/foxy/lib/librcl.so /opt/ros/foxy/lib/librcl_interfaces__rosidl_typesupport_introspection_c.so /opt/ros/foxy/lib/librcl_interfaces__rosidl_generator_c.so /opt/ros/foxy/lib/librcl_interfaces__rosidl_typesupport_c.so /opt/ros/foxy/lib/librcl_interfaces__rosidl_typesupport_introspection_cpp.so /opt/ros/foxy/lib/librcl_interfaces__rosidl_typesupport_cpp.so /opt/ros/foxy/lib/librmw_implementation.so /opt/ros/foxy/lib/librmw.so /opt/ros/foxy/lib/librcl_logging_spdlog.so /usr/lib/x86_64-linux-gnu/libspdlog.so.1.5.0 -lpthread /opt/ros/foxy/lib/librcl_yaml_param_parser.so /opt/ros/foxy/lib/libyaml.so /opt/ros/foxy/lib/librosgraph_msgs__rosidl_typesupport_introspection_c.so /opt/ros/foxy/lib/librosgraph_msgs__rosidl_generator_c.so /opt/ros/foxy/lib/librosgraph_msgs__rosidl_typesupport_c.so /opt/ros/foxy/lib/librosgraph_msgs__rosidl_typesupport_introspection_cpp.so /opt/ros/foxy/lib/librosgraph_msgs__rosidl_typesupport_cpp.so /opt/ros/foxy/lib/libstatistics_msgs__rosidl_typesupport_introspection_c.so /opt/ros/foxy/lib/libstatistics_msgs__rosidl_generator_c.so /opt/ros/foxy/lib/libstatistics_msgs__rosidl_typesupport_c.so /opt/ros/foxy/lib/libstatistics_msgs__rosidl_typesupport_introspection_cpp.so /opt/ros/foxy/lib/libstatistics_msgs__rosidl_typesupport_cpp.so /opt/ros/foxy/lib/libtracetools.so /home/cjs/Health_Node/ros2_ws/install/base_interfaces_demo/lib/libbase_interfaces_demo__rosidl_generator_c.so /opt/ros/foxy/lib/libaction_msgs__rosidl_typesupport_introspection_c.so /opt/ros/foxy/lib/libaction_msgs__rosidl_generator_c.so /opt/ros/foxy/lib/libaction_msgs__rosidl_typesupport_c.so /opt/ros/foxy/lib/libaction_msgs__rosidl_typesupport_introspection_cpp.so /opt/ros/foxy/lib/libaction_msgs__rosidl_typesupport_cpp.so /opt/ros/foxy/lib/libbuiltin_interfaces__rosidl_typesupport_introspection_c.so /opt/ros/foxy/lib/libbuiltin_interfaces__rosidl_generator_c.so /opt/ros/foxy/lib/libbuiltin_interfaces__rosidl_typesupport_c.so /opt/ros/foxy/lib/libbuiltin_interfaces__rosidl_typesupport_introspection_cpp.so /opt/ros/foxy/lib/libbuiltin_interfaces__rosidl_typesupport_cpp.so /opt/ros/foxy/lib/libunique_identifier_msgs__rosidl_typesupport_introspection_c.so /opt/ros/foxy/lib/libunique_identifier_msgs__rosidl_generator_c.so /opt/ros/foxy/lib/libunique_identifier_msgs__rosidl_typesupport_c.so /opt/ros/foxy/lib/libunique_identifier_msgs__rosidl_typesupport_introspection_cpp.so /opt/ros/foxy/lib/librosidl_typesupport_introspection_cpp.so /opt/ros/foxy/lib/librosidl_typesupport_introspection_c.so /opt/ros/foxy/lib/libunique_identifier_msgs__rosidl_typesupport_cpp.so /opt/ros/foxy/lib/librosidl_typesupport_cpp.so /opt/ros/foxy/lib/librosidl_typesupport_c.so /opt/ros/foxy/lib/librcpputils.so /opt/ros/foxy/lib/librosidl_runtime_c.so /opt/ros/foxy/lib/librcutils.so -ldl \n'}
[1.708014] (-) TimerEvent: {}
[1.809469] (-) TimerEvent: {}
[1.895857] (pkg01_healthoper_cpp) StdoutLine: {'line': b"make[2]: Leaving directory '/home/cjs/Health_Node/ros2_ws/build/pkg01_healthoper_cpp'\n"}
[1.907510] (pkg01_healthoper_cpp) StdoutLine: {'line': b'[ 60%] Built target listener\n'}
[1.910049] (-) TimerEvent: {}
[1.994763] (pkg01_healthoper_cpp) StderrLine: {'line': b'/usr/bin/ld: cannot find -lyalm-cpp\n'}
[1.995022] (pkg01_healthoper_cpp) StderrLine: {'line': b'collect2: error: ld returned 1 exit status\n'}
[1.996527] (pkg01_healthoper_cpp) StderrLine: {'line': b'make[2]: *** [CMakeFiles/health_oper.dir/build.make:164: health_oper] Error 1\n'}
[1.996628] (pkg01_healthoper_cpp) StdoutLine: {'line': b"make[2]: Leaving directory '/home/cjs/Health_Node/ros2_ws/build/pkg01_healthoper_cpp'\n"}
[1.996845] (pkg01_healthoper_cpp) StderrLine: {'line': b'make[1]: *** [CMakeFiles/Makefile2:137: CMakeFiles/health_oper.dir/all] Error 2\n'}
[1.996989] (pkg01_healthoper_cpp) StdoutLine: {'line': b"make[1]: Leaving directory '/home/cjs/Health_Node/ros2_ws/build/pkg01_healthoper_cpp'\n"}
[1.997220] (pkg01_healthoper_cpp) StderrLine: {'line': b'make: *** [Makefile:144: all] Error 2\n'}
[2.002880] (pkg01_healthoper_cpp) CommandEnded: {'returncode': 2}
[2.010448] (-) TimerEvent: {}
[2.067907] (pkg01_healthoper_cpp) JobEnded: {'identifier': 'pkg01_healthoper_cpp', 'rc': 2}
[2.079327] (-) EventReactorShutdown: {}
