[0.012s] Invoking command in '/home/cjs/Health_Node/ros2_ws/build/my_package': CMAKE_PREFIX_PATH=/opt/ros/foxy /usr/bin/cmake /home/cjs/Health_Node/ros2_ws/src/my_package -DCMAKE_INSTALL_PREFIX=/home/cjs/Health_Node/ros2_ws/install/my_package
[0.088s] -- The C compiler identification is GNU 9.4.0
[0.158s] -- The CXX compiler identification is GNU 9.4.0
[0.165s] -- Check for working C compiler: /usr/bin/cc
[0.256s] -- Check for working C compiler: /usr/bin/cc -- works
[0.256s] -- Detecting C compiler ABI info
[0.342s] -- Detecting C compiler ABI info - done
[0.351s] -- Detecting C compile features
[0.352s] -- Detecting C compile features - done
[0.354s] -- Check for working CXX compiler: /usr/bin/c++
[0.460s] -- Check for working CXX compiler: /usr/bin/c++ -- works
[0.461s] -- Detecting CXX compiler ABI info
[0.566s] -- Detecting CXX compiler ABI info - done
[0.581s] -- Detecting CXX compile features
[0.581s] -- Detecting CXX compile features - done
[0.585s] -- Found ament_cmake: 0.9.12 (/opt/ros/foxy/share/ament_cmake/cmake)
[0.605s] -- Found PythonInterp: /usr/bin/python3 (found suitable version "3.8.10", minimum required is "3") 
[0.606s] -- Using PYTHON_EXECUTABLE: /usr/bin/python3
[0.801s] -- Found rclcpp: 2.4.3 (/opt/ros/foxy/share/rclcpp/cmake)
[0.839s] -- Using all available rosidl_typesupport_c: rosidl_typesupport_fastrtps_c;rosidl_typesupport_introspection_c
[0.846s] -- Found rosidl_adapter: 1.3.1 (/opt/ros/foxy/share/rosidl_adapter/cmake)
[0.976s] -- Found OpenSSL: /usr/lib/x86_64-linux-gnu/libcrypto.so (found version "1.1.1f")  
[1.025s] -- Found FastRTPS: /opt/ros/foxy/include  
[1.117s] -- Using all available rosidl_typesupport_cpp: rosidl_typesupport_fastrtps_cpp;rosidl_typesupport_introspection_cpp
[1.172s] -- Found rmw_implementation_cmake: 1.0.4 (/opt/ros/foxy/share/rmw_implementation_cmake/cmake)
[1.174s] -- Using RMW implementation 'rmw_fastrtps_cpp' as default
[1.176s] -- Looking for pthread.h
[1.294s] -- Looking for pthread.h - found
[1.295s] -- Performing Test CMAKE_HAVE_LIBC_PTHREAD
[1.393s] -- Performing Test CMAKE_HAVE_LIBC_PTHREAD - Failed
[1.394s] -- Looking for pthread_create in pthreads
[1.480s] -- Looking for pthread_create in pthreads - not found
[1.480s] -- Looking for pthread_create in pthread
[1.587s] -- Looking for pthread_create in pthread - found
[1.588s] -- Found Threads: TRUE  
[1.733s] -- Found sensor_msgs: 2.0.5 (/opt/ros/foxy/share/sensor_msgs/cmake)
[1.820s] -- Found rosidl_default_generators: 1.0.1 (/opt/ros/foxy/share/rosidl_default_generators/cmake)
[1.860s] -- Found PythonInterp: /usr/bin/python3 (found version "3.8.10") 
[1.981s] CMake Error at /opt/ros/foxy/share/rosidl_cmake/cmake/rosidl_generate_interfaces.cmake:229 (message):
[1.982s]   Packages installing interfaces must include
[1.982s]   '<member_of_group>rosidl_interface_packages</member_of_group>' in their
[1.982s]   package.xml
[1.982s] Call Stack (most recent call first):
[1.982s]   CMakeLists.txt:10 (rosidl_generate_interfaces)
[1.982s] 
[1.982s] 
[1.982s] -- Configuring incomplete, errors occurred!
[1.982s] See also "/home/cjs/Health_Node/ros2_ws/build/my_package/CMakeFiles/CMakeOutput.log".
[1.982s] See also "/home/cjs/Health_Node/ros2_ws/build/my_package/CMakeFiles/CMakeError.log".
[2.000s] Invoked command in '/home/cjs/Health_Node/ros2_ws/build/my_package' returned '1': CMAKE_PREFIX_PATH=/opt/ros/foxy /usr/bin/cmake /home/cjs/Health_Node/ros2_ws/src/my_package -DCMAKE_INSTALL_PREFIX=/home/cjs/Health_Node/ros2_ws/install/my_package
