[0.000000] (-) TimerEvent: {}
[0.000165] (-) JobUnselected: {'identifier': 'base_interfaces_demo'}
[0.000499] (pkg01_healthoper_cpp) JobQueued: {'identifier': 'pkg01_healthoper_cpp', 'dependencies': OrderedDict([('base_interfaces_demo', '/home/cjs/Health_Node/ros2_ws/install/base_interfaces_demo')])}
[0.000567] (pkg01_healthoper_cpp) JobStarted: {'identifier': 'pkg01_healthoper_cpp'}
[0.016517] (pkg01_healthoper_cpp) JobProgress: {'identifier': 'pkg01_healthoper_cpp', 'progress': 'cmake'}
[0.018113] (pkg01_healthoper_cpp) Command: {'cmd': ['/usr/bin/cmake', '/home/cjs/Health_Node/ros2_ws/src/pkg01_healthoper_cpp', '-DCMAKE_INSTALL_PREFIX=/home/cjs/Health_Node/ros2_ws/install/pkg01_healthoper_cpp'], 'cwd': '/home/cjs/Health_Node/ros2_ws/build/pkg01_healthoper_cpp', 'env': OrderedDict([('LC_TIME', 'zh_CN.UTF-8'), ('USER', 'cjs'), ('SSH_AGENT_PID', '1542'), ('XDG_SESSION_TYPE', 'x11'), ('GIT_ASKPASS', '/snap/code/164/usr/share/code/resources/app/extensions/git/dist/askpass.sh'), ('LD_LIBRARY_PATH', '/home/cjs/Health_Node/ros2_ws/install/base_interfaces_demo/lib:/opt/ros/foxy/opt/yaml_cpp_vendor/lib:/opt/ros/foxy/opt/rviz_ogre_vendor/lib:/opt/ros/foxy/lib/x86_64-linux-gnu:/opt/ros/foxy/lib'), ('SHLVL', '2'), ('CHROME_DESKTOP', 'code-url-handler.desktop'), ('HOME', '/home/cjs'), ('LESS', '-R'), ('OLDPWD', '/home/cjs/Health_Node'), ('DESKTOP_SESSION', 'ubuntu'), ('TERM_PROGRAM_VERSION', '1.91.1'), ('LSCOLORS', 'Gxfxcxdxbxegedabagacad'), ('ZSH', '/home/cjs/.oh-my-zsh'), ('ALL', 'en.US.UTF-8'), ('GNOME_SHELL_SESSION_MODE', 'ubuntu'), ('GTK_MODULES', 'gail:atk-bridge'), ('PAGER', 'less'), ('ROS_PYTHON_VERSION', '3'), ('VSCODE_GIT_ASKPASS_MAIN', '/snap/code/164/usr/share/code/resources/app/extensions/git/dist/askpass-main.js'), ('LC_MONETARY', 'zh_CN.UTF-8'), ('MANAGERPID', '1446'), ('VSCODE_GIT_ASKPASS_NODE', '/snap/code/164/usr/share/code/code'), ('DBUS_SESSION_BUS_ADDRESS', 'unix:path=/run/user/1000/bus,guid=0fa02c7d661b6b7cbfd27f1066a0581b'), ('DBUS_STARTER_BUS_TYPE', 'session'), ('COLORTERM', 'truecolor'), ('IM_CONFIG_PHASE', '1'), ('ROS_DISTRO', 'foxy'), ('LOGNAME', 'cjs'), ('JOURNAL_STREAM', '8:56620'), ('_', '/usr/bin/colcon'), ('ROS_VERSION', '2'), ('XDG_CONFIG_DIRS_VSCODE_SNAP_ORIG', '/etc/xdg/xdg-ubuntu:/etc/xdg'), ('XDG_DATA_DIRS_VSCODE_SNAP_ORIG', '/usr/share/ubuntu:/usr/local/share/:/usr/share/:/var/lib/snapd/desktop'), ('XDG_SESSION_CLASS', 'user'), ('USER_ZDOTDIR', '/home/cjs'), ('TERM', 'xterm-256color'), ('USERNAME', 'cjs'), ('GNOME_DESKTOP_SESSION_ID', 'this-is-deprecated'), ('ROS_LOCALHOST_ONLY', '0'), ('WINDOWPATH', '2'), ('PATH', '/opt/ros/foxy/bin:/usr/local/sbin:/usr/local/bin:/usr/sbin:/usr/bin:/sbin:/bin:/usr/games:/usr/local/games:/snap/bin'), ('INVOCATION_ID', '9e60448dcc804a64942f76a12b382da6'), ('SESSION_MANAGER', 'local/cjs-virtual-machine:@/tmp/.ICE-unix/1577,unix/cjs-virtual-machine:/tmp/.ICE-unix/1577'), ('LC_ADDRESS', 'zh_CN.UTF-8'), ('XDG_MENU_PREFIX', 'gnome-'), ('XDG_RUNTIME_DIR', '/run/user/1000'), ('DISPLAY', ':0'), ('LANG', 'en_US.UTF-8'), ('LC_TELEPHONE', 'zh_CN.UTF-8'), ('TILIX_ID', '0475dc24-3fd7-4d53-9f63-2f607d7583a8'), ('XDG_CURRENT_DESKTOP', 'Unity'), ('VSCODE_INJECTION', '1'), ('LS_COLORS', 'no=00:fi=00:di=01;34:ln=00;36:pi=40;33:so=01;35:do=01;35:bd=40;33;01:cd=40;33;01:or=41;33;01:ex=00;32:*.cmd=00;32:*.exe=01;32:*.com=01;32:*.bat=01;32:*.btm=01;32:*.dll=01;32:*.tar=00;31:*.tbz=00;31:*.tgz=00;31:*.rpm=00;31:*.deb=00;31:*.arj=00;31:*.taz=00;31:*.lzh=00;31:*.lzma=00;31:*.zip=00;31:*.zoo=00;31:*.z=00;31:*.Z=00;31:*.gz=00;31:*.bz2=00;31:*.tb2=00;31:*.tz2=00;31:*.tbz2=00;31:*.avi=01;35:*.bmp=01;35:*.fli=01;35:*.gif=01;35:*.jpg=01;35:*.jpeg=01;35:*.mng=01;35:*.mov=01;35:*.mpg=01;35:*.pcx=01;35:*.pbm=01;35:*.pgm=01;35:*.png=01;35:*.ppm=01;35:*.tga=01;35:*.tif=01;35:*.xbm=01;35:*.xpm=01;35:*.dl=01;35:*.gl=01;35:*.wmv=01;35:*.aiff=00;32:*.au=00;32:*.mid=00;32:*.mp3=00;32:*.ogg=00;32:*.voc=00;32:*.wav=00;32:'), ('XAUTHORITY', '/run/user/1000/gdm/Xauthority'), ('XDG_SESSION_DESKTOP', 'ubuntu'), ('XMODIFIERS', '@im=ibus'), ('TERM_PROGRAM', 'vscode'), ('VSCODE_GIT_IPC_HANDLE', '/run/user/1000/vscode-git-8011e79f48.sock'), ('AMENT_PREFIX_PATH', '/home/cjs/Health_Node/ros2_ws/install/base_interfaces_demo:/opt/ros/foxy'), ('ORIGINAL_XDG_CURRENT_DESKTOP', 'ubuntu:GNOME'), ('SSH_AUTH_SOCK', '/run/user/1000/keyring/ssh'), ('LC_NAME', 'zh_CN.UTF-8'), ('SHELL', '/usr/bin/zsh'), ('GDMSESSION', 'ubuntu'), ('QT_ACCESSIBILITY', '1'), ('LC_MEASUREMENT', 'zh_CN.UTF-8'), ('GPG_AGENT_INFO', '/run/user/1000/gnupg/S.gpg-agent:0:1'), ('LC_IDENTIFICATION', 'zh_CN.UTF-8'), ('QT_IM_MODULE', 'ibus'), ('VSCODE_GIT_ASKPASS_EXTRA_ARGS', ''), ('PWD', '/home/cjs/Health_Node/ros2_ws/build/pkg01_healthoper_cpp'), ('DBUS_STARTER_ADDRESS', 'unix:path=/run/user/1000/bus,guid=0fa02c7d661b6b7cbfd27f1066a0581b'), ('XDG_CONFIG_DIRS', '/etc/xdg/xdg-ubuntu:/etc/xdg'), ('XDG_DATA_DIRS', '/usr/share/ubuntu:/usr/local/share/:/usr/share/:/var/lib/snapd/desktop'), ('ZDOTDIR', '/home/cjs'), ('LC_NUMERIC', 'zh_CN.UTF-8'), ('PYTHONPATH', '/home/cjs/Health_Node/ros2_ws/install/base_interfaces_demo/lib/python3.8/site-packages:/opt/ros/foxy/lib/python3.8/site-packages'), ('LC_PAPER', 'zh_CN.UTF-8'), ('COLCON', '1'), ('VTE_VERSION', '6003'), ('CMAKE_PREFIX_PATH', '/home/cjs/Health_Node/ros2_ws/install/base_interfaces_demo:/opt/ros/foxy')]), 'shell': False}
[0.099037] (-) TimerEvent: {}
[0.166404] (pkg01_healthoper_cpp) StdoutLine: {'line': b'-- The C compiler identification is GNU 9.4.0\n'}
[0.200239] (-) TimerEvent: {}
[0.229724] (pkg01_healthoper_cpp) StdoutLine: {'line': b'-- The CXX compiler identification is GNU 9.4.0\n'}
[0.236961] (pkg01_healthoper_cpp) StdoutLine: {'line': b'-- Check for working C compiler: /usr/bin/cc\n'}
[0.300971] (-) TimerEvent: {}
[0.318645] (pkg01_healthoper_cpp) StdoutLine: {'line': b'-- Check for working C compiler: /usr/bin/cc -- works\n'}
[0.325944] (pkg01_healthoper_cpp) StdoutLine: {'line': b'-- Detecting C compiler ABI info\n'}
[0.401142] (-) TimerEvent: {}
[0.416370] (pkg01_healthoper_cpp) StdoutLine: {'line': b'-- Detecting C compiler ABI info - done\n'}
[0.428357] (pkg01_healthoper_cpp) StdoutLine: {'line': b'-- Detecting C compile features\n'}
[0.429677] (pkg01_healthoper_cpp) StdoutLine: {'line': b'-- Detecting C compile features - done\n'}
[0.433736] (pkg01_healthoper_cpp) StdoutLine: {'line': b'-- Check for working CXX compiler: /usr/bin/c++\n'}
[0.501770] (-) TimerEvent: {}
[0.522818] (pkg01_healthoper_cpp) StdoutLine: {'line': b'-- Check for working CXX compiler: /usr/bin/c++ -- works\n'}
[0.523944] (pkg01_healthoper_cpp) StdoutLine: {'line': b'-- Detecting CXX compiler ABI info\n'}
[0.602532] (-) TimerEvent: {}
[0.608585] (pkg01_healthoper_cpp) StdoutLine: {'line': b'-- Detecting CXX compiler ABI info - done\n'}
[0.621834] (pkg01_healthoper_cpp) StdoutLine: {'line': b'-- Detecting CXX compile features\n'}
[0.622371] (pkg01_healthoper_cpp) StdoutLine: {'line': b'-- Detecting CXX compile features - done\n'}
[0.628269] (pkg01_healthoper_cpp) StdoutLine: {'line': b'-- Found ament_cmake: 0.9.12 (/opt/ros/foxy/share/ament_cmake/cmake)\n'}
[0.653794] (pkg01_healthoper_cpp) StdoutLine: {'line': b'-- Found PythonInterp: /usr/bin/python3 (found suitable version "3.8.10", minimum required is "3") \n'}
[0.653998] (pkg01_healthoper_cpp) StdoutLine: {'line': b'-- Using PYTHON_EXECUTABLE: /usr/bin/python3\n'}
[0.703334] (-) TimerEvent: {}
[0.803838] (-) TimerEvent: {}
[0.827198] (pkg01_healthoper_cpp) StdoutLine: {'line': b'-- Found rclcpp: 2.4.3 (/opt/ros/foxy/share/rclcpp/cmake)\n'}
[0.868387] (pkg01_healthoper_cpp) StdoutLine: {'line': b'-- Using all available rosidl_typesupport_c: rosidl_typesupport_fastrtps_c;rosidl_typesupport_introspection_c\n'}
[0.874388] (pkg01_healthoper_cpp) StdoutLine: {'line': b'-- Found rosidl_adapter: 1.3.1 (/opt/ros/foxy/share/rosidl_adapter/cmake)\n'}
[0.904041] (-) TimerEvent: {}
[0.980377] (pkg01_healthoper_cpp) StdoutLine: {'line': b'-- Found OpenSSL: /usr/lib/x86_64-linux-gnu/libcrypto.so (found version "1.1.1f")  \n'}
[1.002679] (pkg01_healthoper_cpp) StdoutLine: {'line': b'-- Found FastRTPS: /opt/ros/foxy/include  \n'}
[1.004823] (-) TimerEvent: {}
[1.073358] (pkg01_healthoper_cpp) StdoutLine: {'line': b'-- Using all available rosidl_typesupport_cpp: rosidl_typesupport_fastrtps_cpp;rosidl_typesupport_introspection_cpp\n'}
[1.105640] (-) TimerEvent: {}
[1.113924] (pkg01_healthoper_cpp) StdoutLine: {'line': b'-- Found rmw_implementation_cmake: 1.0.4 (/opt/ros/foxy/share/rmw_implementation_cmake/cmake)\n'}
[1.115415] (pkg01_healthoper_cpp) StdoutLine: {'line': b"-- Using RMW implementation 'rmw_fastrtps_cpp' as default\n"}
[1.121849] (pkg01_healthoper_cpp) StdoutLine: {'line': b'-- Looking for pthread.h\n'}
[1.199516] (pkg01_healthoper_cpp) StdoutLine: {'line': b'-- Looking for pthread.h - found\n'}
[1.199758] (pkg01_healthoper_cpp) StdoutLine: {'line': b'-- Performing Test CMAKE_HAVE_LIBC_PTHREAD\n'}
[1.206205] (-) TimerEvent: {}
[1.287797] (pkg01_healthoper_cpp) StdoutLine: {'line': b'-- Performing Test CMAKE_HAVE_LIBC_PTHREAD - Failed\n'}
[1.288079] (pkg01_healthoper_cpp) StdoutLine: {'line': b'-- Looking for pthread_create in pthreads\n'}
[1.306923] (-) TimerEvent: {}
[1.372917] (pkg01_healthoper_cpp) StdoutLine: {'line': b'-- Looking for pthread_create in pthreads - not found\n'}
[1.373154] (pkg01_healthoper_cpp) StdoutLine: {'line': b'-- Looking for pthread_create in pthread\n'}
[1.407565] (-) TimerEvent: {}
[1.455764] (pkg01_healthoper_cpp) StdoutLine: {'line': b'-- Looking for pthread_create in pthread - found\n'}
[1.457180] (pkg01_healthoper_cpp) StdoutLine: {'line': b'-- Found Threads: TRUE  \n'}
[1.508521] (-) TimerEvent: {}
[1.573415] (pkg01_healthoper_cpp) StdoutLine: {'line': b'-- Found base_interfaces_demo: 0.0.0 (/home/cjs/Health_Node/ros2_ws/install/base_interfaces_demo/share/base_interfaces_demo/cmake)\n'}
[1.609286] (-) TimerEvent: {}
[1.661085] (pkg01_healthoper_cpp) StdoutLine: {'line': b'-- Found ament_lint_auto: 0.9.8 (/opt/ros/foxy/share/ament_lint_auto/cmake)\n'}
[1.709614] (-) TimerEvent: {}
[1.724152] (pkg01_healthoper_cpp) StdoutLine: {'line': b"-- Added test 'copyright' to check source files copyright and LICENSE\n"}
[1.725388] (pkg01_healthoper_cpp) StdoutLine: {'line': b"-- Added test 'cppcheck' to perform static code analysis on C / C++ code\n"}
[1.725858] (pkg01_healthoper_cpp) StdoutLine: {'line': b'-- Configured cppcheck include dirs: $<BUILD_INTERFACE:/home/cjs/Health_Node/ros2_ws/src/pkg01_healthoper_cpp/include>\n'}
[1.725969] (pkg01_healthoper_cpp) StdoutLine: {'line': b'-- Configured cppcheck exclude dirs and/or files: \n'}
[1.726658] (pkg01_healthoper_cpp) StdoutLine: {'line': b"-- Added test 'cpplint' to check C / C++ code against the Google style\n"}
[1.726825] (pkg01_healthoper_cpp) StdoutLine: {'line': b'-- Configured cpplint exclude dirs and/or files: \n'}
[1.727400] (pkg01_healthoper_cpp) StdoutLine: {'line': b"-- Added test 'lint_cmake' to check CMake code style\n"}
[1.728655] (pkg01_healthoper_cpp) StdoutLine: {'line': b"-- Added test 'uncrustify' to check C / C++ code style\n"}
[1.728794] (pkg01_healthoper_cpp) StdoutLine: {'line': b'-- Configured uncrustify additional arguments: \n'}
[1.729671] (pkg01_healthoper_cpp) StdoutLine: {'line': b"-- Added test 'xmllint' to check XML markup files\n"}
[1.731717] (pkg01_healthoper_cpp) StdoutLine: {'line': b'-- Configuring done\n'}
[1.750067] (pkg01_healthoper_cpp) StdoutLine: {'line': b'-- Generating done\n'}
[1.752392] (pkg01_healthoper_cpp) StdoutLine: {'line': b'-- Build files have been written to: /home/cjs/Health_Node/ros2_ws/build/pkg01_healthoper_cpp\n'}
[1.763189] (pkg01_healthoper_cpp) CommandEnded: {'returncode': 0}
[1.764173] (pkg01_healthoper_cpp) JobProgress: {'identifier': 'pkg01_healthoper_cpp', 'progress': 'build'}
[1.766777] (pkg01_healthoper_cpp) Command: {'cmd': ['/usr/bin/cmake', '--build', '/home/cjs/Health_Node/ros2_ws/build/pkg01_healthoper_cpp', '--', '-j4', '-l4'], 'cwd': '/home/cjs/Health_Node/ros2_ws/build/pkg01_healthoper_cpp', 'env': OrderedDict([('LC_TIME', 'zh_CN.UTF-8'), ('USER', 'cjs'), ('SSH_AGENT_PID', '1542'), ('XDG_SESSION_TYPE', 'x11'), ('GIT_ASKPASS', '/snap/code/164/usr/share/code/resources/app/extensions/git/dist/askpass.sh'), ('LD_LIBRARY_PATH', '/home/cjs/Health_Node/ros2_ws/install/base_interfaces_demo/lib:/opt/ros/foxy/opt/yaml_cpp_vendor/lib:/opt/ros/foxy/opt/rviz_ogre_vendor/lib:/opt/ros/foxy/lib/x86_64-linux-gnu:/opt/ros/foxy/lib'), ('SHLVL', '2'), ('CHROME_DESKTOP', 'code-url-handler.desktop'), ('HOME', '/home/cjs'), ('LESS', '-R'), ('OLDPWD', '/home/cjs/Health_Node'), ('DESKTOP_SESSION', 'ubuntu'), ('TERM_PROGRAM_VERSION', '1.91.1'), ('LSCOLORS', 'Gxfxcxdxbxegedabagacad'), ('ZSH', '/home/cjs/.oh-my-zsh'), ('ALL', 'en.US.UTF-8'), ('GNOME_SHELL_SESSION_MODE', 'ubuntu'), ('GTK_MODULES', 'gail:atk-bridge'), ('PAGER', 'less'), ('ROS_PYTHON_VERSION', '3'), ('VSCODE_GIT_ASKPASS_MAIN', '/snap/code/164/usr/share/code/resources/app/extensions/git/dist/askpass-main.js'), ('LC_MONETARY', 'zh_CN.UTF-8'), ('MANAGERPID', '1446'), ('VSCODE_GIT_ASKPASS_NODE', '/snap/code/164/usr/share/code/code'), ('DBUS_SESSION_BUS_ADDRESS', 'unix:path=/run/user/1000/bus,guid=0fa02c7d661b6b7cbfd27f1066a0581b'), ('DBUS_STARTER_BUS_TYPE', 'session'), ('COLORTERM', 'truecolor'), ('IM_CONFIG_PHASE', '1'), ('ROS_DISTRO', 'foxy'), ('LOGNAME', 'cjs'), ('JOURNAL_STREAM', '8:56620'), ('_', '/usr/bin/colcon'), ('ROS_VERSION', '2'), ('XDG_CONFIG_DIRS_VSCODE_SNAP_ORIG', '/etc/xdg/xdg-ubuntu:/etc/xdg'), ('XDG_DATA_DIRS_VSCODE_SNAP_ORIG', '/usr/share/ubuntu:/usr/local/share/:/usr/share/:/var/lib/snapd/desktop'), ('XDG_SESSION_CLASS', 'user'), ('USER_ZDOTDIR', '/home/cjs'), ('TERM', 'xterm-256color'), ('USERNAME', 'cjs'), ('GNOME_DESKTOP_SESSION_ID', 'this-is-deprecated'), ('ROS_LOCALHOST_ONLY', '0'), ('WINDOWPATH', '2'), ('PATH', '/opt/ros/foxy/bin:/usr/local/sbin:/usr/local/bin:/usr/sbin:/usr/bin:/sbin:/bin:/usr/games:/usr/local/games:/snap/bin'), ('INVOCATION_ID', '9e60448dcc804a64942f76a12b382da6'), ('SESSION_MANAGER', 'local/cjs-virtual-machine:@/tmp/.ICE-unix/1577,unix/cjs-virtual-machine:/tmp/.ICE-unix/1577'), ('LC_ADDRESS', 'zh_CN.UTF-8'), ('XDG_MENU_PREFIX', 'gnome-'), ('XDG_RUNTIME_DIR', '/run/user/1000'), ('DISPLAY', ':0'), ('LANG', 'en_US.UTF-8'), ('LC_TELEPHONE', 'zh_CN.UTF-8'), ('TILIX_ID', '0475dc24-3fd7-4d53-9f63-2f607d7583a8'), ('XDG_CURRENT_DESKTOP', 'Unity'), ('VSCODE_INJECTION', '1'), ('LS_COLORS', 'no=00:fi=00:di=01;34:ln=00;36:pi=40;33:so=01;35:do=01;35:bd=40;33;01:cd=40;33;01:or=41;33;01:ex=00;32:*.cmd=00;32:*.exe=01;32:*.com=01;32:*.bat=01;32:*.btm=01;32:*.dll=01;32:*.tar=00;31:*.tbz=00;31:*.tgz=00;31:*.rpm=00;31:*.deb=00;31:*.arj=00;31:*.taz=00;31:*.lzh=00;31:*.lzma=00;31:*.zip=00;31:*.zoo=00;31:*.z=00;31:*.Z=00;31:*.gz=00;31:*.bz2=00;31:*.tb2=00;31:*.tz2=00;31:*.tbz2=00;31:*.avi=01;35:*.bmp=01;35:*.fli=01;35:*.gif=01;35:*.jpg=01;35:*.jpeg=01;35:*.mng=01;35:*.mov=01;35:*.mpg=01;35:*.pcx=01;35:*.pbm=01;35:*.pgm=01;35:*.png=01;35:*.ppm=01;35:*.tga=01;35:*.tif=01;35:*.xbm=01;35:*.xpm=01;35:*.dl=01;35:*.gl=01;35:*.wmv=01;35:*.aiff=00;32:*.au=00;32:*.mid=00;32:*.mp3=00;32:*.ogg=00;32:*.voc=00;32:*.wav=00;32:'), ('XAUTHORITY', '/run/user/1000/gdm/Xauthority'), ('XDG_SESSION_DESKTOP', 'ubuntu'), ('XMODIFIERS', '@im=ibus'), ('TERM_PROGRAM', 'vscode'), ('VSCODE_GIT_IPC_HANDLE', '/run/user/1000/vscode-git-8011e79f48.sock'), ('AMENT_PREFIX_PATH', '/home/cjs/Health_Node/ros2_ws/install/base_interfaces_demo:/opt/ros/foxy'), ('ORIGINAL_XDG_CURRENT_DESKTOP', 'ubuntu:GNOME'), ('SSH_AUTH_SOCK', '/run/user/1000/keyring/ssh'), ('LC_NAME', 'zh_CN.UTF-8'), ('SHELL', '/usr/bin/zsh'), ('GDMSESSION', 'ubuntu'), ('QT_ACCESSIBILITY', '1'), ('LC_MEASUREMENT', 'zh_CN.UTF-8'), ('GPG_AGENT_INFO', '/run/user/1000/gnupg/S.gpg-agent:0:1'), ('LC_IDENTIFICATION', 'zh_CN.UTF-8'), ('QT_IM_MODULE', 'ibus'), ('VSCODE_GIT_ASKPASS_EXTRA_ARGS', ''), ('PWD', '/home/cjs/Health_Node/ros2_ws/build/pkg01_healthoper_cpp'), ('DBUS_STARTER_ADDRESS', 'unix:path=/run/user/1000/bus,guid=0fa02c7d661b6b7cbfd27f1066a0581b'), ('XDG_CONFIG_DIRS', '/etc/xdg/xdg-ubuntu:/etc/xdg'), ('XDG_DATA_DIRS', '/usr/share/ubuntu:/usr/local/share/:/usr/share/:/var/lib/snapd/desktop'), ('ZDOTDIR', '/home/cjs'), ('LC_NUMERIC', 'zh_CN.UTF-8'), ('PYTHONPATH', '/home/cjs/Health_Node/ros2_ws/install/base_interfaces_demo/lib/python3.8/site-packages:/opt/ros/foxy/lib/python3.8/site-packages'), ('LC_PAPER', 'zh_CN.UTF-8'), ('COLCON', '1'), ('VTE_VERSION', '6003'), ('CMAKE_PREFIX_PATH', '/home/cjs/Health_Node/ros2_ws/install/base_interfaces_demo:/opt/ros/foxy')]), 'shell': False}
[1.810166] (-) TimerEvent: {}
[1.811870] (pkg01_healthoper_cpp) StdoutLine: {'line': b'\x1b[35m\x1b[1mScanning dependencies of target health_oper\x1b[0m\n'}
[1.812096] (pkg01_healthoper_cpp) StdoutLine: {'line': b'\x1b[35m\x1b[1mScanning dependencies of target listener\x1b[0m\n'}
[1.857116] (pkg01_healthoper_cpp) StdoutLine: {'line': b'[ 20%] \x1b[32m\x1b[1mLinking CXX executable listener\x1b[0m\n'}
[1.858355] (pkg01_healthoper_cpp) StdoutLine: {'line': b'[ 40%] \x1b[32m\x1b[1mLinking CXX executable health_oper\x1b[0m\n'}
[1.910791] (-) TimerEvent: {}
[2.012484] (-) TimerEvent: {}
[2.113088] (-) TimerEvent: {}
[2.189757] (pkg01_healthoper_cpp) StdoutLine: {'line': b'[ 60%] Built target listener\n'}
[2.213455] (-) TimerEvent: {}
[2.297569] (pkg01_healthoper_cpp) StderrLine: {'line': b'/usr/bin/ld: cannot find -lyalm-cpp\n'}
[2.297890] (pkg01_healthoper_cpp) StderrLine: {'line': b'collect2: error: ld returned 1 exit status\n'}
[2.299042] (pkg01_healthoper_cpp) StderrLine: {'line': b'make[2]: *** [CMakeFiles/health_oper.dir/build.make:161: health_oper] Error 1\n'}
[2.299275] (pkg01_healthoper_cpp) StderrLine: {'line': b'make[1]: *** [CMakeFiles/Makefile2:134: CMakeFiles/health_oper.dir/all] Error 2\n'}
[2.299501] (pkg01_healthoper_cpp) StderrLine: {'line': b'make: *** [Makefile:141: all] Error 2\n'}
[2.302048] (pkg01_healthoper_cpp) CommandEnded: {'returncode': 2}
[2.313993] (-) TimerEvent: {}
[2.369001] (pkg01_healthoper_cpp) JobEnded: {'identifier': 'pkg01_healthoper_cpp', 'rc': 2}
[2.370552] (-) EventReactorShutdown: {}
