[0.810s] DEBUG:colcon:Command line arguments: ['/usr/bin/colcon', 'build']
[0.810s] DEBUG:colcon:Parsed command line arguments: Namespace(allow_overriding=[], ament_cmake_args=None, base_paths=['.'], build_base='build', catkin_cmake_args=None, catkin_skip_building_tests=False, cmake_args=None, cmake_clean_cache=False, cmake_clean_first=False, cmake_force_configure=False, cmake_target=None, cmake_target_skip_unavailable=False, continue_on_error=False, event_handlers=None, executor='parallel', ignore_user_meta=False, install_base='install', log_base=None, log_level=None, main=<bound method BuildVerb.main of <colcon_core.verb.build.BuildVerb object at 0x7fa44cf1ebe0>>, merge_install=False, metas=['./colcon.meta'], mixin=None, mixin_files=None, mixin_verb=('build',), packages_above=None, packages_above_and_dependencies=None, packages_above_depth=None, packages_end=None, packages_ignore=None, packages_ignore_regex=None, packages_select=None, packages_select_build_failed=False, packages_select_by_dep=None, packages_select_regex=None, packages_select_test_failures=False, packages_skip=None, packages_skip_build_finished=False, packages_skip_by_dep=None, packages_skip_regex=None, packages_skip_test_passed=False, packages_skip_up_to=None, packages_start=None, packages_up_to=None, packages_up_to_regex=None, parallel_workers=4, paths=None, symlink_install=False, test_result_base=None, verb_extension=<colcon_core.verb.build.BuildVerb object at 0x7fa44cf1ebe0>, verb_name='build', verb_parser=<colcon_mixin.mixin.mixin_argument.MixinArgumentDecorator object at 0x7fa44ce02e80>)
[1.038s] Level 1:colcon.colcon_core.package_discovery:discover_packages(colcon_meta) check parameters
[1.038s] Level 1:colcon.colcon_core.package_discovery:discover_packages(recursive) check parameters
[1.038s] Level 1:colcon.colcon_core.package_discovery:discover_packages(ignore) check parameters
[1.038s] Level 1:colcon.colcon_core.package_discovery:discover_packages(path) check parameters
[1.038s] Level 1:colcon.colcon_core.package_discovery:discover_packages(colcon_meta) discover
[1.038s] Level 1:colcon.colcon_core.package_discovery:discover_packages(recursive) discover
[1.038s] INFO:colcon.colcon_core.package_discovery:Crawling recursively for packages in '/home/cjs/Health_Node'
[1.038s] Level 1:colcon.colcon_core.package_identification:_identify(.) by extensions ['ignore', 'ignore_ament_install']
[1.038s] Level 1:colcon.colcon_core.package_identification:_identify(.) by extension 'ignore'
[1.039s] Level 1:colcon.colcon_core.package_identification:_identify(.) by extension 'ignore_ament_install'
[1.039s] Level 1:colcon.colcon_core.package_identification:_identify(.) by extensions ['colcon_pkg']
[1.039s] Level 1:colcon.colcon_core.package_identification:_identify(.) by extension 'colcon_pkg'
[1.039s] Level 1:colcon.colcon_core.package_identification:_identify(.) by extensions ['colcon_meta']
[1.039s] Level 1:colcon.colcon_core.package_identification:_identify(.) by extension 'colcon_meta'
[1.039s] Level 1:colcon.colcon_core.package_identification:_identify(.) by extensions ['ros']
[1.039s] Level 1:colcon.colcon_core.package_identification:_identify(.) by extension 'ros'
[1.055s] Level 1:colcon.colcon_core.package_identification:_identify(.) by extensions ['cmake', 'python']
[1.055s] Level 1:colcon.colcon_core.package_identification:_identify(.) by extension 'cmake'
[1.055s] Level 1:colcon.colcon_core.package_identification:_identify(.) by extension 'python'
[1.055s] Level 1:colcon.colcon_core.package_identification:_identify(.) by extensions ['python_setup_py']
[1.055s] Level 1:colcon.colcon_core.package_identification:_identify(.) by extension 'python_setup_py'
[1.055s] Level 1:colcon.colcon_core.package_identification:_identify(build) by extensions ['ignore', 'ignore_ament_install']
[1.056s] Level 1:colcon.colcon_core.package_identification:_identify(build) by extension 'ignore'
[1.056s] Level 1:colcon.colcon_core.package_identification:_identify(build) ignored
[1.056s] Level 1:colcon.colcon_core.package_identification:_identify(install) by extensions ['ignore', 'ignore_ament_install']
[1.056s] Level 1:colcon.colcon_core.package_identification:_identify(install) by extension 'ignore'
[1.056s] Level 1:colcon.colcon_core.package_identification:_identify(install) ignored
[1.056s] Level 1:colcon.colcon_core.package_identification:_identify(log) by extensions ['ignore', 'ignore_ament_install']
[1.056s] Level 1:colcon.colcon_core.package_identification:_identify(log) by extension 'ignore'
[1.056s] Level 1:colcon.colcon_core.package_identification:_identify(log) ignored
[1.056s] Level 1:colcon.colcon_core.package_identification:_identify(ros2_ws) by extensions ['ignore', 'ignore_ament_install']
[1.056s] Level 1:colcon.colcon_core.package_identification:_identify(ros2_ws) by extension 'ignore'
[1.056s] Level 1:colcon.colcon_core.package_identification:_identify(ros2_ws) by extension 'ignore_ament_install'
[1.056s] Level 1:colcon.colcon_core.package_identification:_identify(ros2_ws) by extensions ['colcon_pkg']
[1.056s] Level 1:colcon.colcon_core.package_identification:_identify(ros2_ws) by extension 'colcon_pkg'
[1.056s] Level 1:colcon.colcon_core.package_identification:_identify(ros2_ws) by extensions ['colcon_meta']
[1.057s] Level 1:colcon.colcon_core.package_identification:_identify(ros2_ws) by extension 'colcon_meta'
[1.057s] Level 1:colcon.colcon_core.package_identification:_identify(ros2_ws) by extensions ['ros']
[1.057s] Level 1:colcon.colcon_core.package_identification:_identify(ros2_ws) by extension 'ros'
[1.057s] Level 1:colcon.colcon_core.package_identification:_identify(ros2_ws) by extensions ['cmake', 'python']
[1.057s] Level 1:colcon.colcon_core.package_identification:_identify(ros2_ws) by extension 'cmake'
[1.057s] Level 1:colcon.colcon_core.package_identification:_identify(ros2_ws) by extension 'python'
[1.057s] Level 1:colcon.colcon_core.package_identification:_identify(ros2_ws) by extensions ['python_setup_py']
[1.057s] Level 1:colcon.colcon_core.package_identification:_identify(ros2_ws) by extension 'python_setup_py'
[1.057s] Level 1:colcon.colcon_core.package_identification:_identify(ros2_ws/build) by extensions ['ignore', 'ignore_ament_install']
[1.057s] Level 1:colcon.colcon_core.package_identification:_identify(ros2_ws/build) by extension 'ignore'
[1.057s] Level 1:colcon.colcon_core.package_identification:_identify(ros2_ws/build) ignored
[1.057s] Level 1:colcon.colcon_core.package_identification:_identify(ros2_ws/install) by extensions ['ignore', 'ignore_ament_install']
[1.057s] Level 1:colcon.colcon_core.package_identification:_identify(ros2_ws/install) by extension 'ignore'
[1.057s] Level 1:colcon.colcon_core.package_identification:_identify(ros2_ws/install) ignored
[1.057s] Level 1:colcon.colcon_core.package_identification:_identify(ros2_ws/log) by extensions ['ignore', 'ignore_ament_install']
[1.057s] Level 1:colcon.colcon_core.package_identification:_identify(ros2_ws/log) by extension 'ignore'
[1.057s] Level 1:colcon.colcon_core.package_identification:_identify(ros2_ws/log) ignored
[1.057s] Level 1:colcon.colcon_core.package_identification:_identify(ros2_ws/src) by extensions ['ignore', 'ignore_ament_install']
[1.058s] Level 1:colcon.colcon_core.package_identification:_identify(ros2_ws/src) by extension 'ignore'
[1.058s] Level 1:colcon.colcon_core.package_identification:_identify(ros2_ws/src) by extension 'ignore_ament_install'
[1.058s] Level 1:colcon.colcon_core.package_identification:_identify(ros2_ws/src) by extensions ['colcon_pkg']
[1.058s] Level 1:colcon.colcon_core.package_identification:_identify(ros2_ws/src) by extension 'colcon_pkg'
[1.058s] Level 1:colcon.colcon_core.package_identification:_identify(ros2_ws/src) by extensions ['colcon_meta']
[1.058s] Level 1:colcon.colcon_core.package_identification:_identify(ros2_ws/src) by extension 'colcon_meta'
[1.058s] Level 1:colcon.colcon_core.package_identification:_identify(ros2_ws/src) by extensions ['ros']
[1.058s] Level 1:colcon.colcon_core.package_identification:_identify(ros2_ws/src) by extension 'ros'
[1.058s] Level 1:colcon.colcon_core.package_identification:_identify(ros2_ws/src) by extensions ['cmake', 'python']
[1.058s] Level 1:colcon.colcon_core.package_identification:_identify(ros2_ws/src) by extension 'cmake'
[1.058s] Level 1:colcon.colcon_core.package_identification:_identify(ros2_ws/src) by extension 'python'
[1.058s] Level 1:colcon.colcon_core.package_identification:_identify(ros2_ws/src) by extensions ['python_setup_py']
[1.058s] Level 1:colcon.colcon_core.package_identification:_identify(ros2_ws/src) by extension 'python_setup_py'
[1.058s] Level 1:colcon.colcon_core.package_identification:_identify(ros2_ws/src/base_interfaces_demo) by extensions ['ignore', 'ignore_ament_install']
[1.058s] Level 1:colcon.colcon_core.package_identification:_identify(ros2_ws/src/base_interfaces_demo) by extension 'ignore'
[1.058s] Level 1:colcon.colcon_core.package_identification:_identify(ros2_ws/src/base_interfaces_demo) by extension 'ignore_ament_install'
[1.058s] Level 1:colcon.colcon_core.package_identification:_identify(ros2_ws/src/base_interfaces_demo) by extensions ['colcon_pkg']
[1.058s] Level 1:colcon.colcon_core.package_identification:_identify(ros2_ws/src/base_interfaces_demo) by extension 'colcon_pkg'
[1.058s] Level 1:colcon.colcon_core.package_identification:_identify(ros2_ws/src/base_interfaces_demo) by extensions ['colcon_meta']
[1.058s] Level 1:colcon.colcon_core.package_identification:_identify(ros2_ws/src/base_interfaces_demo) by extension 'colcon_meta'
[1.059s] Level 1:colcon.colcon_core.package_identification:_identify(ros2_ws/src/base_interfaces_demo) by extensions ['ros']
[1.059s] Level 1:colcon.colcon_core.package_identification:_identify(ros2_ws/src/base_interfaces_demo) by extension 'ros'
[1.064s] DEBUG:colcon.colcon_core.package_identification:Package 'ros2_ws/src/base_interfaces_demo' with type 'ros.ament_cmake' and name 'base_interfaces_demo'
[1.064s] Level 1:colcon.colcon_core.package_identification:_identify(ros2_ws/src/pkg01_healthoper_cpp) by extensions ['ignore', 'ignore_ament_install']
[1.064s] Level 1:colcon.colcon_core.package_identification:_identify(ros2_ws/src/pkg01_healthoper_cpp) by extension 'ignore'
[1.064s] Level 1:colcon.colcon_core.package_identification:_identify(ros2_ws/src/pkg01_healthoper_cpp) by extension 'ignore_ament_install'
[1.064s] Level 1:colcon.colcon_core.package_identification:_identify(ros2_ws/src/pkg01_healthoper_cpp) by extensions ['colcon_pkg']
[1.064s] Level 1:colcon.colcon_core.package_identification:_identify(ros2_ws/src/pkg01_healthoper_cpp) by extension 'colcon_pkg'
[1.064s] Level 1:colcon.colcon_core.package_identification:_identify(ros2_ws/src/pkg01_healthoper_cpp) by extensions ['colcon_meta']
[1.064s] Level 1:colcon.colcon_core.package_identification:_identify(ros2_ws/src/pkg01_healthoper_cpp) by extension 'colcon_meta'
[1.064s] Level 1:colcon.colcon_core.package_identification:_identify(ros2_ws/src/pkg01_healthoper_cpp) by extensions ['ros']
[1.065s] Level 1:colcon.colcon_core.package_identification:_identify(ros2_ws/src/pkg01_healthoper_cpp) by extension 'ros'
[1.066s] DEBUG:colcon.colcon_core.package_identification:Package 'ros2_ws/src/pkg01_healthoper_cpp' with type 'ros.ament_cmake' and name 'pkg01_healthoper_cpp'
[1.066s] Level 1:colcon.colcon_core.package_discovery:discover_packages(recursive) using defaults
[1.066s] Level 1:colcon.colcon_core.package_discovery:discover_packages(ignore) discover
[1.066s] Level 1:colcon.colcon_core.package_discovery:discover_packages(ignore) using defaults
[1.066s] Level 1:colcon.colcon_core.package_discovery:discover_packages(path) discover
[1.066s] Level 1:colcon.colcon_core.package_discovery:discover_packages(path) using defaults
[1.099s] Level 1:colcon.colcon_core.package_discovery:discover_packages(prefix_path) check parameters
[1.099s] Level 1:colcon.colcon_core.package_discovery:discover_packages(prefix_path) discover
[1.106s] DEBUG:colcon.colcon_installed_package_information.package_discovery:Found 256 installed packages in /opt/ros/foxy
[1.108s] Level 1:colcon.colcon_core.package_discovery:discover_packages(prefix_path) using defaults
[1.293s] Level 5:colcon.colcon_core.verb:set package 'base_interfaces_demo' build argument 'cmake_args' from command line to 'None'
[1.294s] Level 5:colcon.colcon_core.verb:set package 'base_interfaces_demo' build argument 'cmake_target' from command line to 'None'
[1.294s] Level 5:colcon.colcon_core.verb:set package 'base_interfaces_demo' build argument 'cmake_target_skip_unavailable' from command line to 'False'
[1.294s] Level 5:colcon.colcon_core.verb:set package 'base_interfaces_demo' build argument 'cmake_clean_cache' from command line to 'False'
[1.294s] Level 5:colcon.colcon_core.verb:set package 'base_interfaces_demo' build argument 'cmake_clean_first' from command line to 'False'
[1.294s] Level 5:colcon.colcon_core.verb:set package 'base_interfaces_demo' build argument 'cmake_force_configure' from command line to 'False'
[1.294s] Level 5:colcon.colcon_core.verb:set package 'base_interfaces_demo' build argument 'ament_cmake_args' from command line to 'None'
[1.294s] Level 5:colcon.colcon_core.verb:set package 'base_interfaces_demo' build argument 'catkin_cmake_args' from command line to 'None'
[1.294s] Level 5:colcon.colcon_core.verb:set package 'base_interfaces_demo' build argument 'catkin_skip_building_tests' from command line to 'False'
[1.294s] DEBUG:colcon.colcon_core.verb:Building package 'base_interfaces_demo' with the following arguments: {'ament_cmake_args': None, 'build_base': '/home/cjs/Health_Node/build/base_interfaces_demo', 'catkin_cmake_args': None, 'catkin_skip_building_tests': False, 'cmake_args': None, 'cmake_clean_cache': False, 'cmake_clean_first': False, 'cmake_force_configure': False, 'cmake_target': None, 'cmake_target_skip_unavailable': False, 'install_base': '/home/cjs/Health_Node/install/base_interfaces_demo', 'merge_install': False, 'path': '/home/cjs/Health_Node/ros2_ws/src/base_interfaces_demo', 'symlink_install': False, 'test_result_base': None}
[1.294s] Level 5:colcon.colcon_core.verb:set package 'pkg01_healthoper_cpp' build argument 'cmake_args' from command line to 'None'
[1.294s] Level 5:colcon.colcon_core.verb:set package 'pkg01_healthoper_cpp' build argument 'cmake_target' from command line to 'None'
[1.294s] Level 5:colcon.colcon_core.verb:set package 'pkg01_healthoper_cpp' build argument 'cmake_target_skip_unavailable' from command line to 'False'
[1.294s] Level 5:colcon.colcon_core.verb:set package 'pkg01_healthoper_cpp' build argument 'cmake_clean_cache' from command line to 'False'
[1.294s] Level 5:colcon.colcon_core.verb:set package 'pkg01_healthoper_cpp' build argument 'cmake_clean_first' from command line to 'False'
[1.294s] Level 5:colcon.colcon_core.verb:set package 'pkg01_healthoper_cpp' build argument 'cmake_force_configure' from command line to 'False'
[1.294s] Level 5:colcon.colcon_core.verb:set package 'pkg01_healthoper_cpp' build argument 'ament_cmake_args' from command line to 'None'
[1.294s] Level 5:colcon.colcon_core.verb:set package 'pkg01_healthoper_cpp' build argument 'catkin_cmake_args' from command line to 'None'
[1.295s] Level 5:colcon.colcon_core.verb:set package 'pkg01_healthoper_cpp' build argument 'catkin_skip_building_tests' from command line to 'False'
[1.295s] DEBUG:colcon.colcon_core.verb:Building package 'pkg01_healthoper_cpp' with the following arguments: {'ament_cmake_args': None, 'build_base': '/home/cjs/Health_Node/build/pkg01_healthoper_cpp', 'catkin_cmake_args': None, 'catkin_skip_building_tests': False, 'cmake_args': None, 'cmake_clean_cache': False, 'cmake_clean_first': False, 'cmake_force_configure': False, 'cmake_target': None, 'cmake_target_skip_unavailable': False, 'install_base': '/home/cjs/Health_Node/install/pkg01_healthoper_cpp', 'merge_install': False, 'path': '/home/cjs/Health_Node/ros2_ws/src/pkg01_healthoper_cpp', 'symlink_install': False, 'test_result_base': None}
[1.295s] INFO:colcon.colcon_core.executor:Executing jobs using 'parallel' executor
[1.296s] DEBUG:colcon.colcon_parallel_executor.executor.parallel:run_until_complete
[1.297s] INFO:colcon.colcon_ros.task.ament_cmake.build:Building ROS package in '/home/cjs/Health_Node/ros2_ws/src/base_interfaces_demo' with build type 'ament_cmake'
[1.297s] INFO:colcon.colcon_cmake.task.cmake.build:Building CMake package in '/home/cjs/Health_Node/ros2_ws/src/base_interfaces_demo'
[1.309s] INFO:colcon.colcon_core.plugin_system:Skipping extension 'colcon_core.shell.bat': Not used on non-Windows systems
[1.309s] INFO:colcon.colcon_core.shell:Skip shell extension 'powershell' for command environment: Not usable outside of PowerShell
[1.310s] DEBUG:colcon.colcon_core.shell:Skip shell extension 'dsv' for command environment
[1.336s] DEBUG:colcon.colcon_core.event_handler.log_command:Invoking command in '/home/cjs/Health_Node/build/base_interfaces_demo': CMAKE_PREFIX_PATH=/opt/ros/foxy /usr/bin/cmake --build /home/cjs/Health_Node/build/base_interfaces_demo -- -j4 -l4
[31.744s] DEBUG:colcon.colcon_core.event_handler.log_command:Invoked command in '/home/cjs/Health_Node/build/base_interfaces_demo' returned '0': CMAKE_PREFIX_PATH=/opt/ros/foxy /usr/bin/cmake --build /home/cjs/Health_Node/build/base_interfaces_demo -- -j4 -l4
[32.874s] DEBUG:colcon.colcon_core.event_handler.log_command:Invoking command in '/home/cjs/Health_Node/build/base_interfaces_demo': CMAKE_PREFIX_PATH=/opt/ros/foxy /usr/bin/cmake --install /home/cjs/Health_Node/build/base_interfaces_demo
[33.305s] Level 1:colcon.colcon_core.environment:create_environment_scripts_only(base_interfaces_demo)
[33.306s] DEBUG:colcon.colcon_core.event_handler.log_command:Invoked command in '/home/cjs/Health_Node/build/base_interfaces_demo' returned '0': CMAKE_PREFIX_PATH=/opt/ros/foxy /usr/bin/cmake --install /home/cjs/Health_Node/build/base_interfaces_demo
[33.321s] Level 1:colcon.colcon_core.environment:checking '/home/cjs/Health_Node/install/base_interfaces_demo' for CMake module files
[33.322s] Level 1:colcon.colcon_core.environment:checking '/home/cjs/Health_Node/install/base_interfaces_demo' for CMake config files
[33.322s] Level 1:colcon.colcon_core.shell:create_environment_hook('base_interfaces_demo', 'cmake_prefix_path')
[33.323s] INFO:colcon.colcon_core.shell:Creating environment hook '/home/cjs/Health_Node/install/base_interfaces_demo/share/base_interfaces_demo/hook/cmake_prefix_path.ps1'
[33.325s] INFO:colcon.colcon_core.shell:Creating environment descriptor '/home/cjs/Health_Node/install/base_interfaces_demo/share/base_interfaces_demo/hook/cmake_prefix_path.dsv'
[33.327s] INFO:colcon.colcon_core.shell:Creating environment hook '/home/cjs/Health_Node/install/base_interfaces_demo/share/base_interfaces_demo/hook/cmake_prefix_path.sh'
[33.331s] Level 1:colcon.colcon_core.environment:checking '/home/cjs/Health_Node/install/base_interfaces_demo/lib'
[33.331s] Level 1:colcon.colcon_core.shell:create_environment_hook('base_interfaces_demo', 'ld_library_path_lib')
[33.331s] INFO:colcon.colcon_core.shell:Creating environment hook '/home/cjs/Health_Node/install/base_interfaces_demo/share/base_interfaces_demo/hook/ld_library_path_lib.ps1'
[33.332s] INFO:colcon.colcon_core.shell:Creating environment descriptor '/home/cjs/Health_Node/install/base_interfaces_demo/share/base_interfaces_demo/hook/ld_library_path_lib.dsv'
[33.333s] INFO:colcon.colcon_core.shell:Creating environment hook '/home/cjs/Health_Node/install/base_interfaces_demo/share/base_interfaces_demo/hook/ld_library_path_lib.sh'
[33.333s] Level 1:colcon.colcon_core.environment:checking '/home/cjs/Health_Node/install/base_interfaces_demo/bin'
[33.333s] Level 1:colcon.colcon_core.environment:checking '/home/cjs/Health_Node/install/base_interfaces_demo/lib/pkgconfig/base_interfaces_demo.pc'
[33.334s] Level 1:colcon.colcon_core.environment:checking '/home/cjs/Health_Node/install/base_interfaces_demo/lib/python3.8/site-packages'
[33.334s] Level 1:colcon.colcon_core.shell:create_environment_hook('base_interfaces_demo', 'pythonpath')
[33.334s] INFO:colcon.colcon_core.shell:Creating environment hook '/home/cjs/Health_Node/install/base_interfaces_demo/share/base_interfaces_demo/hook/pythonpath.ps1'
[33.334s] INFO:colcon.colcon_core.shell:Creating environment descriptor '/home/cjs/Health_Node/install/base_interfaces_demo/share/base_interfaces_demo/hook/pythonpath.dsv'
[33.335s] INFO:colcon.colcon_core.shell:Creating environment hook '/home/cjs/Health_Node/install/base_interfaces_demo/share/base_interfaces_demo/hook/pythonpath.sh'
[33.335s] Level 1:colcon.colcon_core.environment:checking '/home/cjs/Health_Node/install/base_interfaces_demo/bin'
[33.336s] INFO:colcon.colcon_core.shell:Creating package script '/home/cjs/Health_Node/install/base_interfaces_demo/share/base_interfaces_demo/package.ps1'
[33.337s] INFO:colcon.colcon_core.shell:Creating package descriptor '/home/cjs/Health_Node/install/base_interfaces_demo/share/base_interfaces_demo/package.dsv'
[33.338s] INFO:colcon.colcon_core.shell:Creating package script '/home/cjs/Health_Node/install/base_interfaces_demo/share/base_interfaces_demo/package.sh'
[33.340s] INFO:colcon.colcon_core.shell:Creating package script '/home/cjs/Health_Node/install/base_interfaces_demo/share/base_interfaces_demo/package.bash'
[33.342s] INFO:colcon.colcon_core.shell:Creating package script '/home/cjs/Health_Node/install/base_interfaces_demo/share/base_interfaces_demo/package.zsh'
[33.344s] Level 1:colcon.colcon_core.environment:create_file_with_runtime_dependencies(/home/cjs/Health_Node/install/base_interfaces_demo/share/colcon-core/packages/base_interfaces_demo)
[34.784s] Level 1:colcon.colcon_core.environment:create_environment_scripts_only(base_interfaces_demo)
[34.784s] Level 1:colcon.colcon_core.environment:checking '/home/cjs/Health_Node/install/base_interfaces_demo' for CMake module files
[34.785s] Level 1:colcon.colcon_core.environment:checking '/home/cjs/Health_Node/install/base_interfaces_demo' for CMake config files
[34.785s] Level 1:colcon.colcon_core.shell:create_environment_hook('base_interfaces_demo', 'cmake_prefix_path')
[34.786s] INFO:colcon.colcon_core.shell:Creating environment hook '/home/cjs/Health_Node/install/base_interfaces_demo/share/base_interfaces_demo/hook/cmake_prefix_path.ps1'
[34.787s] INFO:colcon.colcon_core.shell:Creating environment descriptor '/home/cjs/Health_Node/install/base_interfaces_demo/share/base_interfaces_demo/hook/cmake_prefix_path.dsv'
[34.787s] INFO:colcon.colcon_core.shell:Creating environment hook '/home/cjs/Health_Node/install/base_interfaces_demo/share/base_interfaces_demo/hook/cmake_prefix_path.sh'
[34.789s] Level 1:colcon.colcon_core.environment:checking '/home/cjs/Health_Node/install/base_interfaces_demo/lib'
[34.789s] Level 1:colcon.colcon_core.shell:create_environment_hook('base_interfaces_demo', 'ld_library_path_lib')
[34.789s] INFO:colcon.colcon_core.shell:Creating environment hook '/home/cjs/Health_Node/install/base_interfaces_demo/share/base_interfaces_demo/hook/ld_library_path_lib.ps1'
[34.790s] INFO:colcon.colcon_core.shell:Creating environment descriptor '/home/cjs/Health_Node/install/base_interfaces_demo/share/base_interfaces_demo/hook/ld_library_path_lib.dsv'
[34.790s] INFO:colcon.colcon_core.shell:Creating environment hook '/home/cjs/Health_Node/install/base_interfaces_demo/share/base_interfaces_demo/hook/ld_library_path_lib.sh'
[34.791s] Level 1:colcon.colcon_core.environment:checking '/home/cjs/Health_Node/install/base_interfaces_demo/bin'
[34.791s] Level 1:colcon.colcon_core.environment:checking '/home/cjs/Health_Node/install/base_interfaces_demo/lib/pkgconfig/base_interfaces_demo.pc'
[34.791s] Level 1:colcon.colcon_core.environment:checking '/home/cjs/Health_Node/install/base_interfaces_demo/lib/python3.8/site-packages'
[34.792s] Level 1:colcon.colcon_core.shell:create_environment_hook('base_interfaces_demo', 'pythonpath')
[34.792s] INFO:colcon.colcon_core.shell:Creating environment hook '/home/cjs/Health_Node/install/base_interfaces_demo/share/base_interfaces_demo/hook/pythonpath.ps1'
[34.793s] INFO:colcon.colcon_core.shell:Creating environment descriptor '/home/cjs/Health_Node/install/base_interfaces_demo/share/base_interfaces_demo/hook/pythonpath.dsv'
[34.793s] INFO:colcon.colcon_core.shell:Creating environment hook '/home/cjs/Health_Node/install/base_interfaces_demo/share/base_interfaces_demo/hook/pythonpath.sh'
[34.794s] Level 1:colcon.colcon_core.environment:checking '/home/cjs/Health_Node/install/base_interfaces_demo/bin'
[34.794s] INFO:colcon.colcon_core.shell:Creating package script '/home/cjs/Health_Node/install/base_interfaces_demo/share/base_interfaces_demo/package.ps1'
[34.796s] INFO:colcon.colcon_core.shell:Creating package descriptor '/home/cjs/Health_Node/install/base_interfaces_demo/share/base_interfaces_demo/package.dsv'
[34.798s] INFO:colcon.colcon_core.shell:Creating package script '/home/cjs/Health_Node/install/base_interfaces_demo/share/base_interfaces_demo/package.sh'
[34.799s] INFO:colcon.colcon_core.shell:Creating package script '/home/cjs/Health_Node/install/base_interfaces_demo/share/base_interfaces_demo/package.bash'
[34.800s] INFO:colcon.colcon_core.shell:Creating package script '/home/cjs/Health_Node/install/base_interfaces_demo/share/base_interfaces_demo/package.zsh'
[34.801s] Level 1:colcon.colcon_core.environment:create_file_with_runtime_dependencies(/home/cjs/Health_Node/install/base_interfaces_demo/share/colcon-core/packages/base_interfaces_demo)
[34.802s] INFO:colcon.colcon_ros.task.ament_cmake.build:Building ROS package in '/home/cjs/Health_Node/ros2_ws/src/pkg01_healthoper_cpp' with build type 'ament_cmake'
[34.803s] INFO:colcon.colcon_cmake.task.cmake.build:Building CMake package in '/home/cjs/Health_Node/ros2_ws/src/pkg01_healthoper_cpp'
[34.803s] INFO:colcon.colcon_core.shell:Skip shell extension 'powershell' for command environment: Not usable outside of PowerShell
[34.803s] DEBUG:colcon.colcon_core.shell:Skip shell extension 'dsv' for command environment
[34.835s] DEBUG:colcon.colcon_core.event_handler.log_command:Invoking command in '/home/cjs/Health_Node/build/pkg01_healthoper_cpp': AMENT_PREFIX_PATH=/home/cjs/Health_Node/install/base_interfaces_demo:${AMENT_PREFIX_PATH} CMAKE_PREFIX_PATH=/home/cjs/Health_Node/install/base_interfaces_demo:/opt/ros/foxy LD_LIBRARY_PATH=/home/cjs/Health_Node/install/base_interfaces_demo/lib:${LD_LIBRARY_PATH} PYTHONPATH=/home/cjs/Health_Node/install/base_interfaces_demo/lib/python3.8/site-packages:${PYTHONPATH} /usr/bin/cmake /home/cjs/Health_Node/ros2_ws/src/pkg01_healthoper_cpp -DCMAKE_INSTALL_PREFIX=/home/cjs/Health_Node/install/pkg01_healthoper_cpp
[38.248s] DEBUG:colcon.colcon_core.event_handler.log_command:Invoked command in '/home/cjs/Health_Node/build/pkg01_healthoper_cpp' returned '0': AMENT_PREFIX_PATH=/home/cjs/Health_Node/install/base_interfaces_demo:${AMENT_PREFIX_PATH} CMAKE_PREFIX_PATH=/home/cjs/Health_Node/install/base_interfaces_demo:/opt/ros/foxy LD_LIBRARY_PATH=/home/cjs/Health_Node/install/base_interfaces_demo/lib:${LD_LIBRARY_PATH} PYTHONPATH=/home/cjs/Health_Node/install/base_interfaces_demo/lib/python3.8/site-packages:${PYTHONPATH} /usr/bin/cmake /home/cjs/Health_Node/ros2_ws/src/pkg01_healthoper_cpp -DCMAKE_INSTALL_PREFIX=/home/cjs/Health_Node/install/pkg01_healthoper_cpp
[38.251s] DEBUG:colcon.colcon_core.event_handler.log_command:Invoking command in '/home/cjs/Health_Node/build/pkg01_healthoper_cpp': AMENT_PREFIX_PATH=/home/cjs/Health_Node/install/base_interfaces_demo:${AMENT_PREFIX_PATH} CMAKE_PREFIX_PATH=/home/cjs/Health_Node/install/base_interfaces_demo:/opt/ros/foxy LD_LIBRARY_PATH=/home/cjs/Health_Node/install/base_interfaces_demo/lib:${LD_LIBRARY_PATH} PYTHONPATH=/home/cjs/Health_Node/install/base_interfaces_demo/lib/python3.8/site-packages:${PYTHONPATH} /usr/bin/cmake --build /home/cjs/Health_Node/build/pkg01_healthoper_cpp -- -j4 -l4
[287.131s] DEBUG:colcon.colcon_core.event_handler.log_command:Invoked command in '/home/cjs/Health_Node/build/pkg01_healthoper_cpp' returned '2': AMENT_PREFIX_PATH=/home/cjs/Health_Node/install/base_interfaces_demo:${AMENT_PREFIX_PATH} CMAKE_PREFIX_PATH=/home/cjs/Health_Node/install/base_interfaces_demo:/opt/ros/foxy LD_LIBRARY_PATH=/home/cjs/Health_Node/install/base_interfaces_demo/lib:${LD_LIBRARY_PATH} PYTHONPATH=/home/cjs/Health_Node/install/base_interfaces_demo/lib/python3.8/site-packages:${PYTHONPATH} /usr/bin/cmake --build /home/cjs/Health_Node/build/pkg01_healthoper_cpp -- -j4 -l4
[287.208s] Level 1:colcon.colcon_core.environment:create_environment_scripts_only(pkg01_healthoper_cpp)
[287.209s] Level 1:colcon.colcon_core.environment:checking '/home/cjs/Health_Node/install/pkg01_healthoper_cpp' for CMake module files
[287.209s] Level 1:colcon.colcon_core.environment:checking '/home/cjs/Health_Node/install/pkg01_healthoper_cpp' for CMake config files
[287.210s] Level 1:colcon.colcon_core.environment:checking '/home/cjs/Health_Node/install/pkg01_healthoper_cpp/bin'
[287.210s] Level 1:colcon.colcon_core.environment:checking '/home/cjs/Health_Node/install/pkg01_healthoper_cpp/lib/pkgconfig/pkg01_healthoper_cpp.pc'
[287.210s] Level 1:colcon.colcon_core.environment:checking '/home/cjs/Health_Node/install/pkg01_healthoper_cpp/lib/python3.8/site-packages'
[287.210s] Level 1:colcon.colcon_core.environment:checking '/home/cjs/Health_Node/install/pkg01_healthoper_cpp/bin'
[287.211s] INFO:colcon.colcon_core.shell:Creating package script '/home/cjs/Health_Node/install/pkg01_healthoper_cpp/share/pkg01_healthoper_cpp/package.ps1'
[287.215s] INFO:colcon.colcon_core.shell:Creating package descriptor '/home/cjs/Health_Node/install/pkg01_healthoper_cpp/share/pkg01_healthoper_cpp/package.dsv'
[287.222s] INFO:colcon.colcon_core.shell:Creating package script '/home/cjs/Health_Node/install/pkg01_healthoper_cpp/share/pkg01_healthoper_cpp/package.sh'
[287.223s] INFO:colcon.colcon_core.shell:Creating package script '/home/cjs/Health_Node/install/pkg01_healthoper_cpp/share/pkg01_healthoper_cpp/package.bash'
[287.226s] INFO:colcon.colcon_core.shell:Creating package script '/home/cjs/Health_Node/install/pkg01_healthoper_cpp/share/pkg01_healthoper_cpp/package.zsh'
[287.229s] Level 1:colcon.colcon_core.environment:create_file_with_runtime_dependencies(/home/cjs/Health_Node/install/pkg01_healthoper_cpp/share/colcon-core/packages/pkg01_healthoper_cpp)
[287.234s] DEBUG:colcon.colcon_parallel_executor.executor.parallel:closing loop
[287.234s] DEBUG:colcon.colcon_parallel_executor.executor.parallel:loop closed
[287.234s] DEBUG:colcon.colcon_parallel_executor.executor.parallel:run_until_complete finished with '2'
[287.234s] DEBUG:colcon.colcon_core.event_reactor:joining thread
[287.273s] INFO:colcon.colcon_core.plugin_system:Skipping extension 'colcon_notification.desktop_notification.terminal_notifier': Not used on non-Darwin systems
[287.273s] INFO:colcon.colcon_core.plugin_system:Skipping extension 'colcon_notification.desktop_notification.win32': Not used on non-Windows systems
[287.273s] INFO:colcon.colcon_notification.desktop_notification:Sending desktop notification using 'notify2'
[287.450s] DEBUG:colcon.colcon_core.event_reactor:joined thread
[287.450s] INFO:colcon.colcon_core.shell:Creating prefix script '/home/cjs/Health_Node/install/local_setup.ps1'
[287.453s] INFO:colcon.colcon_core.shell:Creating prefix util module '/home/cjs/Health_Node/install/_local_setup_util_ps1.py'
[287.457s] INFO:colcon.colcon_core.shell:Creating prefix chain script '/home/cjs/Health_Node/install/setup.ps1'
[287.460s] INFO:colcon.colcon_core.shell:Creating prefix script '/home/cjs/Health_Node/install/local_setup.sh'
[287.463s] INFO:colcon.colcon_core.shell:Creating prefix util module '/home/cjs/Health_Node/install/_local_setup_util_sh.py'
[287.464s] INFO:colcon.colcon_core.shell:Creating prefix chain script '/home/cjs/Health_Node/install/setup.sh'
[287.467s] INFO:colcon.colcon_core.shell:Creating prefix script '/home/cjs/Health_Node/install/local_setup.bash'
[287.470s] INFO:colcon.colcon_core.shell:Creating prefix chain script '/home/cjs/Health_Node/install/setup.bash'
[287.471s] INFO:colcon.colcon_core.shell:Creating prefix script '/home/cjs/Health_Node/install/local_setup.zsh'
[287.476s] INFO:colcon.colcon_core.shell:Creating prefix chain script '/home/cjs/Health_Node/install/setup.zsh'
