[0.000000] (-) TimerEvent: {}
[0.000432] (-) JobUnselected: {'identifier': 'base_interfaces_demo'}
[0.000493] (-) JobUnselected: {'identifier': 'pkg01_healthoper_cpp'}
[0.000544] (pkg02_lifecycle_cpp) JobQueued: {'identifier': 'pkg02_lifecycle_cpp', 'dependencies': OrderedDict([('base_interfaces_demo', '/home/cjs/Health_Node/ros2_ws/install/base_interfaces_demo')])}
[0.000599] (pkg02_lifecycle_cpp) JobStarted: {'identifier': 'pkg02_lifecycle_cpp'}
[0.068910] (pkg02_lifecycle_cpp) JobProgress: {'identifier': 'pkg02_lifecycle_cpp', 'progress': 'cmake'}
[0.071469] (pkg02_lifecycle_cpp) Command: {'cmd': ['/usr/bin/cmake', '/home/cjs/Health_Node/ros2_ws/src/pkg02_lifecycle_cpp', '-DCMAKE_INSTALL_PREFIX=/home/cjs/Health_Node/ros2_ws/install/pkg02_lifecycle_cpp'], 'cwd': '/home/cjs/Health_Node/ros2_ws/build/pkg02_lifecycle_cpp', 'env': OrderedDict([('LC_TIME', 'zh_CN.UTF-8'), ('USER', 'cjs'), ('SSH_AGENT_PID', '1542'), ('XDG_SESSION_TYPE', 'x11'), ('GIT_ASKPASS', '/snap/code/164/usr/share/code/resources/app/extensions/git/dist/askpass.sh'), ('LD_LIBRARY_PATH', '/home/cjs/Health_Node/ros2_ws/install/base_interfaces_demo/lib:/opt/ros/foxy/opt/yaml_cpp_vendor/lib:/opt/ros/foxy/opt/rviz_ogre_vendor/lib:/opt/ros/foxy/lib/x86_64-linux-gnu:/opt/ros/foxy/lib'), ('SHLVL', '2'), ('CHROME_DESKTOP', 'code-url-handler.desktop'), ('HOME', '/home/cjs'), ('LESS', '-R'), ('OLDPWD', '/home/cjs/Health_Node/ros2_ws/src'), ('DESKTOP_SESSION', 'ubuntu'), ('TERM_PROGRAM_VERSION', '1.91.1'), ('LSCOLORS', 'Gxfxcxdxbxegedabagacad'), ('ZSH', '/home/cjs/.oh-my-zsh'), ('ALL', 'en.US.UTF-8'), ('GNOME_SHELL_SESSION_MODE', 'ubuntu'), ('GTK_MODULES', 'gail:atk-bridge'), ('PAGER', 'less'), ('ROS_PYTHON_VERSION', '3'), ('VSCODE_GIT_ASKPASS_MAIN', '/snap/code/164/usr/share/code/resources/app/extensions/git/dist/askpass-main.js'), ('LC_MONETARY', 'zh_CN.UTF-8'), ('MANAGERPID', '1446'), ('VSCODE_GIT_ASKPASS_NODE', '/snap/code/164/usr/share/code/code'), ('DBUS_SESSION_BUS_ADDRESS', 'unix:path=/run/user/1000/bus,guid=0fa02c7d661b6b7cbfd27f1066a0581b'), ('DBUS_STARTER_BUS_TYPE', 'session'), ('COLORTERM', 'truecolor'), ('IM_CONFIG_PHASE', '1'), ('ROS_DISTRO', 'foxy'), ('LOGNAME', 'cjs'), ('JOURNAL_STREAM', '8:56620'), ('_', '/usr/bin/colcon'), ('ROS_VERSION', '2'), ('XDG_CONFIG_DIRS_VSCODE_SNAP_ORIG', '/etc/xdg/xdg-ubuntu:/etc/xdg'), ('XDG_DATA_DIRS_VSCODE_SNAP_ORIG', '/usr/share/ubuntu:/usr/local/share/:/usr/share/:/var/lib/snapd/desktop'), ('XDG_SESSION_CLASS', 'user'), ('USER_ZDOTDIR', '/home/cjs'), ('TERM', 'xterm-256color'), ('USERNAME', 'cjs'), ('GNOME_DESKTOP_SESSION_ID', 'this-is-deprecated'), ('ROS_LOCALHOST_ONLY', '0'), ('WINDOWPATH', '2'), ('PATH', '/opt/ros/foxy/bin:/usr/local/sbin:/usr/local/bin:/usr/sbin:/usr/bin:/sbin:/bin:/usr/games:/usr/local/games:/snap/bin'), ('INVOCATION_ID', '9e60448dcc804a64942f76a12b382da6'), ('SESSION_MANAGER', 'local/cjs-virtual-machine:@/tmp/.ICE-unix/1577,unix/cjs-virtual-machine:/tmp/.ICE-unix/1577'), ('LC_ADDRESS', 'zh_CN.UTF-8'), ('XDG_MENU_PREFIX', 'gnome-'), ('XDG_RUNTIME_DIR', '/run/user/1000'), ('DISPLAY', ':0'), ('LANG', 'en_US.UTF-8'), ('LC_TELEPHONE', 'zh_CN.UTF-8'), ('TILIX_ID', 'aa2b7333-90b5-4e62-8b6d-36f0a2a23156'), ('XDG_CURRENT_DESKTOP', 'Unity'), ('VSCODE_INJECTION', '1'), ('LS_COLORS', 'no=00:fi=00:di=01;34:ln=00;36:pi=40;33:so=01;35:do=01;35:bd=40;33;01:cd=40;33;01:or=41;33;01:ex=00;32:*.cmd=00;32:*.exe=01;32:*.com=01;32:*.bat=01;32:*.btm=01;32:*.dll=01;32:*.tar=00;31:*.tbz=00;31:*.tgz=00;31:*.rpm=00;31:*.deb=00;31:*.arj=00;31:*.taz=00;31:*.lzh=00;31:*.lzma=00;31:*.zip=00;31:*.zoo=00;31:*.z=00;31:*.Z=00;31:*.gz=00;31:*.bz2=00;31:*.tb2=00;31:*.tz2=00;31:*.tbz2=00;31:*.avi=01;35:*.bmp=01;35:*.fli=01;35:*.gif=01;35:*.jpg=01;35:*.jpeg=01;35:*.mng=01;35:*.mov=01;35:*.mpg=01;35:*.pcx=01;35:*.pbm=01;35:*.pgm=01;35:*.png=01;35:*.ppm=01;35:*.tga=01;35:*.tif=01;35:*.xbm=01;35:*.xpm=01;35:*.dl=01;35:*.gl=01;35:*.wmv=01;35:*.aiff=00;32:*.au=00;32:*.mid=00;32:*.mp3=00;32:*.ogg=00;32:*.voc=00;32:*.wav=00;32:'), ('XAUTHORITY', '/run/user/1000/gdm/Xauthority'), ('XDG_SESSION_DESKTOP', 'ubuntu'), ('XMODIFIERS', '@im=ibus'), ('TERM_PROGRAM', 'vscode'), ('VSCODE_GIT_IPC_HANDLE', '/run/user/1000/vscode-git-8011e79f48.sock'), ('AMENT_PREFIX_PATH', '/home/cjs/Health_Node/ros2_ws/install/base_interfaces_demo:/opt/ros/foxy'), ('ORIGINAL_XDG_CURRENT_DESKTOP', 'ubuntu:GNOME'), ('SSH_AUTH_SOCK', '/run/user/1000/keyring/ssh'), ('LC_NAME', 'zh_CN.UTF-8'), ('SHELL', '/usr/bin/zsh'), ('GDMSESSION', 'ubuntu'), ('QT_ACCESSIBILITY', '1'), ('LC_MEASUREMENT', 'zh_CN.UTF-8'), ('GPG_AGENT_INFO', '/run/user/1000/gnupg/S.gpg-agent:0:1'), ('LC_IDENTIFICATION', 'zh_CN.UTF-8'), ('QT_IM_MODULE', 'ibus'), ('VSCODE_GIT_ASKPASS_EXTRA_ARGS', ''), ('PWD', '/home/cjs/Health_Node/ros2_ws/build/pkg02_lifecycle_cpp'), ('DBUS_STARTER_ADDRESS', 'unix:path=/run/user/1000/bus,guid=0fa02c7d661b6b7cbfd27f1066a0581b'), ('XDG_CONFIG_DIRS', '/etc/xdg/xdg-ubuntu:/etc/xdg'), ('XDG_DATA_DIRS', '/usr/share/ubuntu:/usr/local/share/:/usr/share/:/var/lib/snapd/desktop'), ('ZDOTDIR', '/home/cjs'), ('LC_NUMERIC', 'zh_CN.UTF-8'), ('PYTHONPATH', '/home/cjs/Health_Node/ros2_ws/install/base_interfaces_demo/lib/python3.8/site-packages:/opt/ros/foxy/lib/python3.8/site-packages'), ('LC_PAPER', 'zh_CN.UTF-8'), ('COLCON', '1'), ('VTE_VERSION', '6003'), ('CMAKE_PREFIX_PATH', '/home/cjs/Health_Node/ros2_ws/install/base_interfaces_demo:/opt/ros/foxy')]), 'shell': False}
[0.103813] (-) TimerEvent: {}
[0.205654] (-) TimerEvent: {}
[0.306451] (-) TimerEvent: {}
[0.407238] (-) TimerEvent: {}
[0.509023] (pkg02_lifecycle_cpp) StdoutLine: {'line': b'-- The C compiler identification is GNU 9.4.0\n'}
[0.509552] (-) TimerEvent: {}
[0.610490] (-) TimerEvent: {}
[0.712056] (-) TimerEvent: {}
[0.812951] (-) TimerEvent: {}
[0.822564] (pkg02_lifecycle_cpp) StdoutLine: {'line': b'-- The CXX compiler identification is GNU 9.4.0\n'}
[0.847245] (pkg02_lifecycle_cpp) StdoutLine: {'line': b'-- Check for working C compiler: /usr/bin/cc\n'}
[0.913553] (-) TimerEvent: {}
[1.014945] (-) TimerEvent: {}
[1.116736] (-) TimerEvent: {}
[1.198737] (pkg02_lifecycle_cpp) StdoutLine: {'line': b'-- Check for working C compiler: /usr/bin/cc -- works\n'}
[1.206229] (pkg02_lifecycle_cpp) StdoutLine: {'line': b'-- Detecting C compiler ABI info\n'}
[1.217317] (-) TimerEvent: {}
[1.318995] (-) TimerEvent: {}
[1.424036] (-) TimerEvent: {}
[1.503360] (pkg02_lifecycle_cpp) StdoutLine: {'line': b'-- Detecting C compiler ABI info - done\n'}
[1.521229] (pkg02_lifecycle_cpp) StdoutLine: {'line': b'-- Detecting C compile features\n'}
[1.522132] (pkg02_lifecycle_cpp) StdoutLine: {'line': b'-- Detecting C compile features - done\n'}
[1.524697] (-) TimerEvent: {}
[1.528294] (pkg02_lifecycle_cpp) StdoutLine: {'line': b'-- Check for working CXX compiler: /usr/bin/c++\n'}
[1.626739] (-) TimerEvent: {}
[1.728493] (-) TimerEvent: {}
[1.829241] (-) TimerEvent: {}
[1.873866] (pkg02_lifecycle_cpp) StdoutLine: {'line': b'-- Check for working CXX compiler: /usr/bin/c++ -- works\n'}
[1.876271] (pkg02_lifecycle_cpp) StdoutLine: {'line': b'-- Detecting CXX compiler ABI info\n'}
[1.929809] (-) TimerEvent: {}
[2.030645] (-) TimerEvent: {}
[2.132628] (-) TimerEvent: {}
[2.219615] (pkg02_lifecycle_cpp) StdoutLine: {'line': b'-- Detecting CXX compiler ABI info - done\n'}
[2.233334] (-) TimerEvent: {}
[2.238330] (pkg02_lifecycle_cpp) StdoutLine: {'line': b'-- Detecting CXX compile features\n'}
[2.238881] (pkg02_lifecycle_cpp) StdoutLine: {'line': b'-- Detecting CXX compile features - done\n'}
[2.261529] (pkg02_lifecycle_cpp) StdoutLine: {'line': b'-- Found ament_cmake: 0.9.12 (/opt/ros/foxy/share/ament_cmake/cmake)\n'}
[2.333880] (-) TimerEvent: {}
[2.343603] (pkg02_lifecycle_cpp) StdoutLine: {'line': b'-- Found PythonInterp: /usr/bin/python3 (found suitable version "3.8.10", minimum required is "3") \n'}
[2.344338] (pkg02_lifecycle_cpp) StdoutLine: {'line': b'-- Using PYTHON_EXECUTABLE: /usr/bin/python3\n'}
[2.434896] (-) TimerEvent: {}
[2.535622] (-) TimerEvent: {}
[2.636542] (-) TimerEvent: {}
[2.738049] (-) TimerEvent: {}
[2.838972] (-) TimerEvent: {}
[2.862141] (pkg02_lifecycle_cpp) StdoutLine: {'line': b'-- Found rclcpp: 2.4.3 (/opt/ros/foxy/share/rclcpp/cmake)\n'}
[2.939356] (-) TimerEvent: {}
[3.037771] (pkg02_lifecycle_cpp) StdoutLine: {'line': b'-- Using all available rosidl_typesupport_c: rosidl_typesupport_fastrtps_c;rosidl_typesupport_introspection_c\n'}
[3.039663] (-) TimerEvent: {}
[3.067212] (pkg02_lifecycle_cpp) StdoutLine: {'line': b'-- Found rosidl_adapter: 1.3.1 (/opt/ros/foxy/share/rosidl_adapter/cmake)\n'}
[3.140239] (-) TimerEvent: {}
[3.241050] (-) TimerEvent: {}
[3.344608] (-) TimerEvent: {}
[3.446231] (-) TimerEvent: {}
[3.479161] (pkg02_lifecycle_cpp) StdoutLine: {'line': b'-- Found OpenSSL: /usr/lib/x86_64-linux-gnu/libcrypto.so (found version "1.1.1f")  \n'}
[3.553080] (-) TimerEvent: {}
[3.560345] (pkg02_lifecycle_cpp) StdoutLine: {'line': b'-- Found FastRTPS: /opt/ros/foxy/include  \n'}
[3.653455] (-) TimerEvent: {}
[3.755125] (-) TimerEvent: {}
[3.790791] (pkg02_lifecycle_cpp) StdoutLine: {'line': b'-- Using all available rosidl_typesupport_cpp: rosidl_typesupport_fastrtps_cpp;rosidl_typesupport_introspection_cpp\n'}
[3.855781] (-) TimerEvent: {}
[3.957256] (-) TimerEvent: {}
[3.958249] (pkg02_lifecycle_cpp) StdoutLine: {'line': b'-- Found rmw_implementation_cmake: 1.0.4 (/opt/ros/foxy/share/rmw_implementation_cmake/cmake)\n'}
[3.964381] (pkg02_lifecycle_cpp) StdoutLine: {'line': b"-- Using RMW implementation 'rmw_fastrtps_cpp' as default\n"}
[3.969185] (pkg02_lifecycle_cpp) StdoutLine: {'line': b'-- Looking for pthread.h\n'}
[4.057865] (-) TimerEvent: {}
[4.158981] (-) TimerEvent: {}
[4.259597] (-) TimerEvent: {}
[4.284572] (pkg02_lifecycle_cpp) StdoutLine: {'line': b'-- Looking for pthread.h - found\n'}
[4.286743] (pkg02_lifecycle_cpp) StdoutLine: {'line': b'-- Performing Test CMAKE_HAVE_LIBC_PTHREAD\n'}
[4.360454] (-) TimerEvent: {}
[4.462252] (-) TimerEvent: {}
[4.565180] (-) TimerEvent: {}
[4.607485] (pkg02_lifecycle_cpp) StdoutLine: {'line': b'-- Performing Test CMAKE_HAVE_LIBC_PTHREAD - Failed\n'}
[4.608094] (pkg02_lifecycle_cpp) StdoutLine: {'line': b'-- Looking for pthread_create in pthreads\n'}
[4.666557] (-) TimerEvent: {}
[4.768447] (-) TimerEvent: {}
[4.873269] (-) TimerEvent: {}
[4.903528] (pkg02_lifecycle_cpp) StdoutLine: {'line': b'-- Looking for pthread_create in pthreads - not found\n'}
[4.904125] (pkg02_lifecycle_cpp) StdoutLine: {'line': b'-- Looking for pthread_create in pthread\n'}
[4.976776] (-) TimerEvent: {}
[5.078288] (-) TimerEvent: {}
[5.179426] (-) TimerEvent: {}
[5.233736] (pkg02_lifecycle_cpp) StdoutLine: {'line': b'-- Looking for pthread_create in pthread - found\n'}
[5.237953] (pkg02_lifecycle_cpp) StdoutLine: {'line': b'-- Found Threads: TRUE  \n'}
[5.280009] (-) TimerEvent: {}
[5.381419] (-) TimerEvent: {}
[5.482298] (-) TimerEvent: {}
[5.583123] (-) TimerEvent: {}
[5.612032] (pkg02_lifecycle_cpp) StderrLine: {'line': b'CMake Error at /opt/ros/foxy/share/ament_cmake_target_dependencies/cmake/ament_target_dependencies.cmake:77 (message):\n'}
[5.612444] (pkg02_lifecycle_cpp) StderrLine: {'line': b"  ament_target_dependencies() the passed package name 'base_interfaces_demo'\n"}
[5.612636] (pkg02_lifecycle_cpp) StderrLine: {'line': b'  was not found before\n'}
[5.612982] (pkg02_lifecycle_cpp) StderrLine: {'line': b'Call Stack (most recent call first):\n'}
[5.613141] (pkg02_lifecycle_cpp) StderrLine: {'line': b'  CMakeLists.txt:26 (ament_target_dependencies)\n'}
[5.613288] (pkg02_lifecycle_cpp) StderrLine: {'line': b'\n'}
[5.613433] (pkg02_lifecycle_cpp) StderrLine: {'line': b'\n'}
[5.623528] (pkg02_lifecycle_cpp) StdoutLine: {'line': b'-- Configuring incomplete, errors occurred!\n'}
[5.623870] (pkg02_lifecycle_cpp) StdoutLine: {'line': b'See also "/home/cjs/Health_Node/ros2_ws/build/pkg02_lifecycle_cpp/CMakeFiles/CMakeOutput.log".\n'}
[5.624036] (pkg02_lifecycle_cpp) StdoutLine: {'line': b'See also "/home/cjs/Health_Node/ros2_ws/build/pkg02_lifecycle_cpp/CMakeFiles/CMakeError.log".\n'}
[5.645553] (pkg02_lifecycle_cpp) CommandEnded: {'returncode': 1}
[5.684003] (-) TimerEvent: {}
[5.725123] (pkg02_lifecycle_cpp) JobEnded: {'identifier': 'pkg02_lifecycle_cpp', 'rc': 1}
[5.737856] (-) EventReactorShutdown: {}
