[0.057s] Invoking command in '/home/cjs/Health_Node/ros2_ws/build/pkg01_healthoper_cpp': CMAKE_PREFIX_PATH=/home/cjs/Health_Node/ros2_ws/install/base_interfaces_demo:/home/cjs/Health_Node/ros2_ws/install/pkg02_lifecycle_cpp:/home/cjs/Health_Node/ros2_ws/install/pkg01_healthoper_cpp:/opt/ros/foxy /usr/bin/cmake --build /home/cjs/Health_Node/ros2_ws/build/pkg01_healthoper_cpp -- -j4 -l4
[0.318s] [ 40%] Built target listener
[0.336s] [100%] Built target health_oper
[0.393s] Invoked command in '/home/cjs/Health_Node/ros2_ws/build/pkg01_healthoper_cpp' returned '0': CMAKE_PREFIX_PATH=/home/cjs/Health_Node/ros2_ws/install/base_interfaces_demo:/home/cjs/Health_Node/ros2_ws/install/pkg02_lifecycle_cpp:/home/cjs/Health_Node/ros2_ws/install/pkg01_healthoper_cpp:/opt/ros/foxy /usr/bin/cmake --build /home/cjs/Health_Node/ros2_ws/build/pkg01_healthoper_cpp -- -j4 -l4
[0.585s] Invoking command in '/home/cjs/Health_Node/ros2_ws/build/pkg01_healthoper_cpp': CMAKE_PREFIX_PATH=/home/cjs/Health_Node/ros2_ws/install/base_interfaces_demo:/home/cjs/Health_Node/ros2_ws/install/pkg02_lifecycle_cpp:/home/cjs/Health_Node/ros2_ws/install/pkg01_healthoper_cpp:/opt/ros/foxy /usr/bin/cmake --install /home/cjs/Health_Node/ros2_ws/build/pkg01_healthoper_cpp
[0.617s] -- Install configuration: ""
[0.618s] -- Up-to-date: /home/cjs/Health_Node/ros2_ws/install/pkg01_healthoper_cpp/lib/pkg01_healthoper_cpp/health_oper
[0.623s] -- Up-to-date: /home/cjs/Health_Node/ros2_ws/install/pkg01_healthoper_cpp/lib/pkg01_healthoper_cpp/listener
[0.624s] -- Up-to-date: /home/cjs/Health_Node/ros2_ws/install/pkg01_healthoper_cpp/share/ament_index/resource_index/package_run_dependencies/pkg01_healthoper_cpp
[0.625s] -- Up-to-date: /home/cjs/Health_Node/ros2_ws/install/pkg01_healthoper_cpp/share/ament_index/resource_index/parent_prefix_path/pkg01_healthoper_cpp
[0.625s] -- Up-to-date: /home/cjs/Health_Node/ros2_ws/install/pkg01_healthoper_cpp/share/pkg01_healthoper_cpp/environment/ament_prefix_path.sh
[0.625s] -- Up-to-date: /home/cjs/Health_Node/ros2_ws/install/pkg01_healthoper_cpp/share/pkg01_healthoper_cpp/environment/ament_prefix_path.dsv
[0.625s] -- Up-to-date: /home/cjs/Health_Node/ros2_ws/install/pkg01_healthoper_cpp/share/pkg01_healthoper_cpp/environment/path.sh
[0.626s] -- Up-to-date: /home/cjs/Health_Node/ros2_ws/install/pkg01_healthoper_cpp/share/pkg01_healthoper_cpp/environment/path.dsv
[0.626s] -- Up-to-date: /home/cjs/Health_Node/ros2_ws/install/pkg01_healthoper_cpp/share/pkg01_healthoper_cpp/local_setup.bash
[0.626s] -- Up-to-date: /home/cjs/Health_Node/ros2_ws/install/pkg01_healthoper_cpp/share/pkg01_healthoper_cpp/local_setup.sh
[0.627s] -- Up-to-date: /home/cjs/Health_Node/ros2_ws/install/pkg01_healthoper_cpp/share/pkg01_healthoper_cpp/local_setup.zsh
[0.627s] -- Up-to-date: /home/cjs/Health_Node/ros2_ws/install/pkg01_healthoper_cpp/share/pkg01_healthoper_cpp/local_setup.dsv
[0.627s] -- Installing: /home/cjs/Health_Node/ros2_ws/install/pkg01_healthoper_cpp/share/pkg01_healthoper_cpp/package.dsv
[0.628s] -- Up-to-date: /home/cjs/Health_Node/ros2_ws/install/pkg01_healthoper_cpp/share/ament_index/resource_index/packages/pkg01_healthoper_cpp
[0.628s] -- Up-to-date: /home/cjs/Health_Node/ros2_ws/install/pkg01_healthoper_cpp/share/pkg01_healthoper_cpp/cmake/pkg01_healthoper_cppConfig.cmake
[0.628s] -- Up-to-date: /home/cjs/Health_Node/ros2_ws/install/pkg01_healthoper_cpp/share/pkg01_healthoper_cpp/cmake/pkg01_healthoper_cppConfig-version.cmake
[0.629s] -- Up-to-date: /home/cjs/Health_Node/ros2_ws/install/pkg01_healthoper_cpp/share/pkg01_healthoper_cpp/package.xml
[0.634s] Invoked command in '/home/cjs/Health_Node/ros2_ws/build/pkg01_healthoper_cpp' returned '0': CMAKE_PREFIX_PATH=/home/cjs/Health_Node/ros2_ws/install/base_interfaces_demo:/home/cjs/Health_Node/ros2_ws/install/pkg02_lifecycle_cpp:/home/cjs/Health_Node/ros2_ws/install/pkg01_healthoper_cpp:/opt/ros/foxy /usr/bin/cmake --install /home/cjs/Health_Node/ros2_ws/build/pkg01_healthoper_cpp
