[0.095s] Invoking command in '/home/cjs/Health_Node/ros2_ws/build/pkg02_lifecycle_cpp': AMENT_PREFIX_PATH=/home/cjs/Health_Node/ros2_ws/install/base_interfaces_demo:${AMENT_PREFIX_PATH} CMAKE_PREFIX_PATH=/home/cjs/Health_Node/ros2_ws/install/base_interfaces_demo:/opt/ros/foxy LD_LIBRARY_PATH=/home/cjs/Health_Node/ros2_ws/install/base_interfaces_demo/lib:${LD_LIBRARY_PATH} PYTHONPATH=/home/cjs/Health_Node/ros2_ws/install/base_interfaces_demo/lib/python3.8/site-packages:${PYTHONPATH} /usr/bin/cmake --build /home/cjs/Health_Node/ros2_ws/build/pkg02_lifecycle_cpp -- -j4 -l4
[0.436s] [100%] Built target lifecycle_node
[0.479s] Invoked command in '/home/cjs/Health_Node/ros2_ws/build/pkg02_lifecycle_cpp' returned '0': AMENT_PREFIX_PATH=/home/cjs/Health_Node/ros2_ws/install/base_interfaces_demo:${AMENT_PREFIX_PATH} CMAKE_PREFIX_PATH=/home/cjs/Health_Node/ros2_ws/install/base_interfaces_demo:/opt/ros/foxy LD_LIBRARY_PATH=/home/cjs/Health_Node/ros2_ws/install/base_interfaces_demo/lib:${LD_LIBRARY_PATH} PYTHONPATH=/home/cjs/Health_Node/ros2_ws/install/base_interfaces_demo/lib/python3.8/site-packages:${PYTHONPATH} /usr/bin/cmake --build /home/cjs/Health_Node/ros2_ws/build/pkg02_lifecycle_cpp -- -j4 -l4
[0.656s] Invoking command in '/home/cjs/Health_Node/ros2_ws/build/pkg02_lifecycle_cpp': AMENT_PREFIX_PATH=/home/cjs/Health_Node/ros2_ws/install/base_interfaces_demo:${AMENT_PREFIX_PATH} CMAKE_PREFIX_PATH=/home/cjs/Health_Node/ros2_ws/install/base_interfaces_demo:/opt/ros/foxy LD_LIBRARY_PATH=/home/cjs/Health_Node/ros2_ws/install/base_interfaces_demo/lib:${LD_LIBRARY_PATH} PYTHONPATH=/home/cjs/Health_Node/ros2_ws/install/base_interfaces_demo/lib/python3.8/site-packages:${PYTHONPATH} /usr/bin/cmake --install /home/cjs/Health_Node/ros2_ws/build/pkg02_lifecycle_cpp
[0.708s] -- Install configuration: ""
[0.715s] -- Up-to-date: /home/cjs/Health_Node/ros2_ws/install/pkg02_lifecycle_cpp/lib/pkg02_lifecycle_cpp/lifecycle_node
[0.720s] -- Up-to-date: /home/cjs/Health_Node/ros2_ws/install/pkg02_lifecycle_cpp/share/ament_index/resource_index/package_run_dependencies/pkg02_lifecycle_cpp
[0.721s] -- Up-to-date: /home/cjs/Health_Node/ros2_ws/install/pkg02_lifecycle_cpp/share/ament_index/resource_index/parent_prefix_path/pkg02_lifecycle_cpp
[0.723s] -- Up-to-date: /home/cjs/Health_Node/ros2_ws/install/pkg02_lifecycle_cpp/share/pkg02_lifecycle_cpp/environment/ament_prefix_path.sh
[0.724s] -- Up-to-date: /home/cjs/Health_Node/ros2_ws/install/pkg02_lifecycle_cpp/share/pkg02_lifecycle_cpp/environment/ament_prefix_path.dsv
[0.725s] -- Up-to-date: /home/cjs/Health_Node/ros2_ws/install/pkg02_lifecycle_cpp/share/pkg02_lifecycle_cpp/environment/path.sh
[0.727s] -- Up-to-date: /home/cjs/Health_Node/ros2_ws/install/pkg02_lifecycle_cpp/share/pkg02_lifecycle_cpp/environment/path.dsv
[0.728s] -- Up-to-date: /home/cjs/Health_Node/ros2_ws/install/pkg02_lifecycle_cpp/share/pkg02_lifecycle_cpp/local_setup.bash
[0.731s] -- Up-to-date: /home/cjs/Health_Node/ros2_ws/install/pkg02_lifecycle_cpp/share/pkg02_lifecycle_cpp/local_setup.sh
[0.733s] -- Up-to-date: /home/cjs/Health_Node/ros2_ws/install/pkg02_lifecycle_cpp/share/pkg02_lifecycle_cpp/local_setup.zsh
[0.735s] -- Up-to-date: /home/cjs/Health_Node/ros2_ws/install/pkg02_lifecycle_cpp/share/pkg02_lifecycle_cpp/local_setup.dsv
[0.736s] -- Installing: /home/cjs/Health_Node/ros2_ws/install/pkg02_lifecycle_cpp/share/pkg02_lifecycle_cpp/package.dsv
[0.739s] -- Up-to-date: /home/cjs/Health_Node/ros2_ws/install/pkg02_lifecycle_cpp/share/ament_index/resource_index/packages/pkg02_lifecycle_cpp
[0.740s] -- Up-to-date: /home/cjs/Health_Node/ros2_ws/install/pkg02_lifecycle_cpp/share/pkg02_lifecycle_cpp/cmake/pkg02_lifecycle_cppConfig.cmake
[0.740s] -- Up-to-date: /home/cjs/Health_Node/ros2_ws/install/pkg02_lifecycle_cpp/share/pkg02_lifecycle_cpp/cmake/pkg02_lifecycle_cppConfig-version.cmake
[0.743s] -- Up-to-date: /home/cjs/Health_Node/ros2_ws/install/pkg02_lifecycle_cpp/share/pkg02_lifecycle_cpp/package.xml
[0.753s] Invoked command in '/home/cjs/Health_Node/ros2_ws/build/pkg02_lifecycle_cpp' returned '0': AMENT_PREFIX_PATH=/home/cjs/Health_Node/ros2_ws/install/base_interfaces_demo:${AMENT_PREFIX_PATH} CMAKE_PREFIX_PATH=/home/cjs/Health_Node/ros2_ws/install/base_interfaces_demo:/opt/ros/foxy LD_LIBRARY_PATH=/home/cjs/Health_Node/ros2_ws/install/base_interfaces_demo/lib:${LD_LIBRARY_PATH} PYTHONPATH=/home/cjs/Health_Node/ros2_ws/install/base_interfaces_demo/lib/python3.8/site-packages:${PYTHONPATH} /usr/bin/cmake --install /home/cjs/Health_Node/ros2_ws/build/pkg02_lifecycle_cpp
