[0.035s] Invoking command in '/home/cjs/Health_Node/ros2_ws/build/pkg01_healthoper_cpp': AMENT_PREFIX_PATH=/home/cjs/Health_Node/ros2_ws/install/base_interfaces_demo:${AMENT_PREFIX_PATH} CMAKE_PREFIX_PATH=/home/cjs/Health_Node/ros2_ws/install/base_interfaces_demo:/opt/ros/foxy LD_LIBRARY_PATH=/home/cjs/Health_Node/ros2_ws/install/base_interfaces_demo/lib:${LD_LIBRARY_PATH} PYTHONPATH=/home/cjs/Health_Node/ros2_ws/install/base_interfaces_demo/lib/python3.8/site-packages:${PYTHONPATH} /usr/bin/cmake --build /home/cjs/Health_Node/ros2_ws/build/pkg01_healthoper_cpp -- -j4 -l4
[0.090s] -- Found ament_cmake: 0.9.12 (/opt/ros/foxy/share/ament_cmake/cmake)
[0.120s] -- Using PYTHON_EXECUTABLE: /usr/bin/python3
[0.342s] -- Found rclcpp: 2.4.3 (/opt/ros/foxy/share/rclcpp/cmake)
[0.383s] -- Using all available rosidl_typesupport_c: rosidl_typesupport_fastrtps_c;rosidl_typesupport_introspection_c
[0.388s] -- Found rosidl_adapter: 1.3.1 (/opt/ros/foxy/share/rosidl_adapter/cmake)
[0.512s] -- Using all available rosidl_typesupport_cpp: rosidl_typesupport_fastrtps_cpp;rosidl_typesupport_introspection_cpp
[0.566s] -- Found rmw_implementation_cmake: 1.0.4 (/opt/ros/foxy/share/rmw_implementation_cmake/cmake)
[0.567s] -- Using RMW implementation 'rmw_fastrtps_cpp' as default
[0.748s] -- Found base_interfaces_demo: 0.0.0 (/home/cjs/Health_Node/ros2_ws/install/base_interfaces_demo/share/base_interfaces_demo/cmake)
[0.768s] -- Found ament_lint_auto: 0.9.8 (/opt/ros/foxy/share/ament_lint_auto/cmake)
[0.854s] -- Added test 'copyright' to check source files copyright and LICENSE
[0.855s] -- Added test 'cppcheck' to perform static code analysis on C / C++ code
[0.855s] -- Configured cppcheck include dirs: $<BUILD_INTERFACE:/home/cjs/Health_Node/ros2_ws/src/pkg01_healthoper_cpp/include>
[0.855s] -- Configured cppcheck exclude dirs and/or files: 
[0.857s] -- Added test 'cpplint' to check C / C++ code against the Google style
[0.857s] -- Configured cpplint exclude dirs and/or files: 
[0.857s] -- Added test 'lint_cmake' to check CMake code style
[0.859s] -- Added test 'uncrustify' to check C / C++ code style
[0.859s] -- Configured uncrustify additional arguments: 
[0.859s] -- Added test 'xmllint' to check XML markup files
[0.866s] -- Configuring done
[0.900s] -- Generating done
[0.902s] -- Build files have been written to: /home/cjs/Health_Node/ros2_ws/build/pkg01_healthoper_cpp
[0.988s] [35m[1mScanning dependencies of target health_oper[0m
[1.027s] [ 25%] [32m[1mLinking CXX executable listener[0m
[1.103s] [ 50%] [32mBuilding CXX object CMakeFiles/health_oper.dir/src/health_oper.cpp.o[0m
[1.769s] [ 75%] Built target listener
[9.766s] [01m[K/home/cjs/Health_Node/ros2_ws/src/pkg01_healthoper_cpp/src/health_oper.cpp:[m[K In member function ‘[01m[Kdouble HealthOperator::get_temperature()[m[K’:
[9.767s] [01m[K/home/cjs/Health_Node/ros2_ws/src/pkg01_healthoper_cpp/src/health_oper.cpp:276:3:[m[K [01;35m[Kwarning: [m[Kcontrol reaches end of non-void function [[01;35m[K-Wreturn-type[m[K]
[9.767s]   276 |   [01;35m[K}[m[K
[9.767s]       |   [01;35m[K^[m[K
[18.987s] [100%] [32m[1mLinking CXX executable health_oper[0m
[20.266s] [100%] Built target health_oper
[20.294s] Invoked command in '/home/cjs/Health_Node/ros2_ws/build/pkg01_healthoper_cpp' returned '0': AMENT_PREFIX_PATH=/home/cjs/Health_Node/ros2_ws/install/base_interfaces_demo:${AMENT_PREFIX_PATH} CMAKE_PREFIX_PATH=/home/cjs/Health_Node/ros2_ws/install/base_interfaces_demo:/opt/ros/foxy LD_LIBRARY_PATH=/home/cjs/Health_Node/ros2_ws/install/base_interfaces_demo/lib:${LD_LIBRARY_PATH} PYTHONPATH=/home/cjs/Health_Node/ros2_ws/install/base_interfaces_demo/lib/python3.8/site-packages:${PYTHONPATH} /usr/bin/cmake --build /home/cjs/Health_Node/ros2_ws/build/pkg01_healthoper_cpp -- -j4 -l4
[20.367s] Invoking command in '/home/cjs/Health_Node/ros2_ws/build/pkg01_healthoper_cpp': AMENT_PREFIX_PATH=/home/cjs/Health_Node/ros2_ws/install/base_interfaces_demo:${AMENT_PREFIX_PATH} CMAKE_PREFIX_PATH=/home/cjs/Health_Node/ros2_ws/install/base_interfaces_demo:/opt/ros/foxy LD_LIBRARY_PATH=/home/cjs/Health_Node/ros2_ws/install/base_interfaces_demo/lib:${LD_LIBRARY_PATH} PYTHONPATH=/home/cjs/Health_Node/ros2_ws/install/base_interfaces_demo/lib/python3.8/site-packages:${PYTHONPATH} /usr/bin/cmake --install /home/cjs/Health_Node/ros2_ws/build/pkg01_healthoper_cpp
[20.384s] -- Install configuration: ""
[20.390s] -- Installing: /home/cjs/Health_Node/ros2_ws/install/pkg01_healthoper_cpp/lib/pkg01_healthoper_cpp/health_oper
[20.402s] -- Set runtime path of "/home/cjs/Health_Node/ros2_ws/install/pkg01_healthoper_cpp/lib/pkg01_healthoper_cpp/health_oper" to ""
[20.405s] -- Installing: /home/cjs/Health_Node/ros2_ws/install/pkg01_healthoper_cpp/lib/pkg01_healthoper_cpp/listener
[20.412s] -- Set runtime path of "/home/cjs/Health_Node/ros2_ws/install/pkg01_healthoper_cpp/lib/pkg01_healthoper_cpp/listener" to ""
[20.414s] -- Up-to-date: /home/cjs/Health_Node/ros2_ws/install/pkg01_healthoper_cpp/share/ament_index/resource_index/package_run_dependencies/pkg01_healthoper_cpp
[20.415s] -- Up-to-date: /home/cjs/Health_Node/ros2_ws/install/pkg01_healthoper_cpp/share/ament_index/resource_index/parent_prefix_path/pkg01_healthoper_cpp
[20.417s] -- Up-to-date: /home/cjs/Health_Node/ros2_ws/install/pkg01_healthoper_cpp/share/pkg01_healthoper_cpp/environment/ament_prefix_path.sh
[20.417s] -- Installing: /home/cjs/Health_Node/ros2_ws/install/pkg01_healthoper_cpp/share/pkg01_healthoper_cpp/environment/ament_prefix_path.dsv
[20.418s] -- Up-to-date: /home/cjs/Health_Node/ros2_ws/install/pkg01_healthoper_cpp/share/pkg01_healthoper_cpp/environment/path.sh
[20.418s] -- Installing: /home/cjs/Health_Node/ros2_ws/install/pkg01_healthoper_cpp/share/pkg01_healthoper_cpp/environment/path.dsv
[20.419s] -- Up-to-date: /home/cjs/Health_Node/ros2_ws/install/pkg01_healthoper_cpp/share/pkg01_healthoper_cpp/local_setup.bash
[20.419s] -- Up-to-date: /home/cjs/Health_Node/ros2_ws/install/pkg01_healthoper_cpp/share/pkg01_healthoper_cpp/local_setup.sh
[20.419s] -- Up-to-date: /home/cjs/Health_Node/ros2_ws/install/pkg01_healthoper_cpp/share/pkg01_healthoper_cpp/local_setup.zsh
[20.420s] -- Installing: /home/cjs/Health_Node/ros2_ws/install/pkg01_healthoper_cpp/share/pkg01_healthoper_cpp/local_setup.dsv
[20.420s] -- Installing: /home/cjs/Health_Node/ros2_ws/install/pkg01_healthoper_cpp/share/pkg01_healthoper_cpp/package.dsv
[20.421s] -- Up-to-date: /home/cjs/Health_Node/ros2_ws/install/pkg01_healthoper_cpp/share/ament_index/resource_index/packages/pkg01_healthoper_cpp
[20.421s] -- Up-to-date: /home/cjs/Health_Node/ros2_ws/install/pkg01_healthoper_cpp/share/pkg01_healthoper_cpp/cmake/pkg01_healthoper_cppConfig.cmake
[20.422s] -- Up-to-date: /home/cjs/Health_Node/ros2_ws/install/pkg01_healthoper_cpp/share/pkg01_healthoper_cpp/cmake/pkg01_healthoper_cppConfig-version.cmake
[20.424s] -- Up-to-date: /home/cjs/Health_Node/ros2_ws/install/pkg01_healthoper_cpp/share/pkg01_healthoper_cpp/package.xml
[20.432s] Invoked command in '/home/cjs/Health_Node/ros2_ws/build/pkg01_healthoper_cpp' returned '0': AMENT_PREFIX_PATH=/home/cjs/Health_Node/ros2_ws/install/base_interfaces_demo:${AMENT_PREFIX_PATH} CMAKE_PREFIX_PATH=/home/cjs/Health_Node/ros2_ws/install/base_interfaces_demo:/opt/ros/foxy LD_LIBRARY_PATH=/home/cjs/Health_Node/ros2_ws/install/base_interfaces_demo/lib:${LD_LIBRARY_PATH} PYTHONPATH=/home/cjs/Health_Node/ros2_ws/install/base_interfaces_demo/lib/python3.8/site-packages:${PYTHONPATH} /usr/bin/cmake --install /home/cjs/Health_Node/ros2_ws/build/pkg01_healthoper_cpp
