[0.060s] Invoking command in '/home/cjs/Health_Node/ros2_ws/build/pkg02_lifecycle_cpp': AMENT_PREFIX_PATH=/home/cjs/Health_Node/ros2_ws/install/base_interfaces_demo:${AMENT_PREFIX_PATH} CMAKE_PREFIX_PATH=/home/cjs/Health_Node/ros2_ws/install/base_interfaces_demo:/opt/ros/foxy LD_LIBRARY_PATH=/home/cjs/Health_Node/ros2_ws/install/base_interfaces_demo/lib:${LD_LIBRARY_PATH} PYTHONPATH=/home/cjs/Health_Node/ros2_ws/install/base_interfaces_demo/lib/python3.8/site-packages:${PYTHONPATH} /usr/bin/cmake --build /home/cjs/Health_Node/ros2_ws/build/pkg02_lifecycle_cpp -- -j4 -l4
[0.132s] -- Found ament_cmake: 0.9.12 (/opt/ros/foxy/share/ament_cmake/cmake)
[0.174s] -- Using PYTHON_EXECUTABLE: /usr/bin/python3
[0.543s] -- Found rclcpp: 2.4.3 (/opt/ros/foxy/share/rclcpp/cmake)
[0.605s] -- Using all available rosidl_typesupport_c: rosidl_typesupport_fastrtps_c;rosidl_typesupport_introspection_c
[0.613s] -- Found rosidl_adapter: 1.3.1 (/opt/ros/foxy/share/rosidl_adapter/cmake)
[0.849s] -- Using all available rosidl_typesupport_cpp: rosidl_typesupport_fastrtps_cpp;rosidl_typesupport_introspection_cpp
[0.953s] -- Found rmw_implementation_cmake: 1.0.4 (/opt/ros/foxy/share/rmw_implementation_cmake/cmake)
[0.956s] -- Using RMW implementation 'rmw_fastrtps_cpp' as default
[1.189s] -- Found lifecycle_msgs: 1.0.0 (/opt/ros/foxy/share/lifecycle_msgs/cmake)
[1.209s] -- Found rclcpp_lifecycle: 2.4.3 (/opt/ros/foxy/share/rclcpp_lifecycle/cmake)
[1.241s] -- Found base_interfaces_demo: 0.0.0 (/home/cjs/Health_Node/ros2_ws/install/base_interfaces_demo/share/base_interfaces_demo/cmake)
[1.415s] CMake Error at /opt/ros/foxy/share/ament_cmake_target_dependencies/cmake/ament_target_dependencies.cmake:42 (message):
[1.416s]   ament_target_dependencies() the first argument must be a valid target name
[1.416s] Call Stack (most recent call first):
[1.416s]   CMakeLists.txt:31 (ament_target_dependencies)
[1.416s] 
[1.416s] 
[1.425s] -- Configuring incomplete, errors occurred!
[1.425s] See also "/home/cjs/Health_Node/ros2_ws/build/pkg02_lifecycle_cpp/CMakeFiles/CMakeOutput.log".
[1.425s] See also "/home/cjs/Health_Node/ros2_ws/build/pkg02_lifecycle_cpp/CMakeFiles/CMakeError.log".
[1.438s] make: *** [Makefile:266: cmake_check_build_system] Error 1
[1.451s] Invoked command in '/home/cjs/Health_Node/ros2_ws/build/pkg02_lifecycle_cpp' returned '2': AMENT_PREFIX_PATH=/home/cjs/Health_Node/ros2_ws/install/base_interfaces_demo:${AMENT_PREFIX_PATH} CMAKE_PREFIX_PATH=/home/cjs/Health_Node/ros2_ws/install/base_interfaces_demo:/opt/ros/foxy LD_LIBRARY_PATH=/home/cjs/Health_Node/ros2_ws/install/base_interfaces_demo/lib:${LD_LIBRARY_PATH} PYTHONPATH=/home/cjs/Health_Node/ros2_ws/install/base_interfaces_demo/lib/python3.8/site-packages:${PYTHONPATH} /usr/bin/cmake --build /home/cjs/Health_Node/ros2_ws/build/pkg02_lifecycle_cpp -- -j4 -l4
