[0.052s] Invoking command in '/home/cjs/Health_Node/ros2_ws/build/base_interfaces_demo': CMAKE_PREFIX_PATH=/opt/ros/foxy /usr/bin/cmake --build /home/cjs/Health_Node/ros2_ws/build/base_interfaces_demo -- -j4 -l4
[0.275s] [  0%] Built target base_interfaces_demo__cpp
[0.296s] [ 12%] Built target base_interfaces_demo__rosidl_generator_c
[0.367s] [ 24%] Built target base_interfaces_demo__rosidl_typesupport_cpp
[0.380s] [ 36%] Built target base_interfaces_demo__rosidl_typesupport_introspection_cpp
[0.452s] [ 49%] Built target base_interfaces_demo__rosidl_typesupport_c
[0.455s] [ 60%] Built target base_interfaces_demo__rosidl_typesupport_introspection_c
[0.510s] [ 72%] Built target base_interfaces_demo__rosidl_typesupport_fastrtps_cpp
[0.566s] [ 84%] Built target base_interfaces_demo__rosidl_typesupport_fastrtps_c
[0.609s] [ 84%] Built target base_interfaces_demo
[0.675s] [ 85%] Built target base_interfaces_demo__py
[0.772s] [ 96%] Built target base_interfaces_demo__python
[0.834s] [ 98%] Built target base_interfaces_demo__rosidl_typesupport_introspection_c__pyext
[0.890s] [ 99%] Built target base_interfaces_demo__rosidl_typesupport_c__pyext
[0.959s] [100%] Built target base_interfaces_demo__rosidl_typesupport_fastrtps_c__pyext
[0.987s] Invoked command in '/home/cjs/Health_Node/ros2_ws/build/base_interfaces_demo' returned '0': CMAKE_PREFIX_PATH=/opt/ros/foxy /usr/bin/cmake --build /home/cjs/Health_Node/ros2_ws/build/base_interfaces_demo -- -j4 -l4
[2.295s] Invoking command in '/home/cjs/Health_Node/ros2_ws/build/base_interfaces_demo': CMAKE_PREFIX_PATH=/opt/ros/foxy /usr/bin/cmake --install /home/cjs/Health_Node/ros2_ws/build/base_interfaces_demo
[2.313s] -- Install configuration: ""
[2.314s] -- Up-to-date: /home/cjs/Health_Node/ros2_ws/install/base_interfaces_demo/share/ament_index/resource_index/rosidl_interfaces/base_interfaces_demo
[2.314s] -- Up-to-date: /home/cjs/Health_Node/ros2_ws/install/base_interfaces_demo/include/base_interfaces_demo
[2.314s] -- Up-to-date: /home/cjs/Health_Node/ros2_ws/install/base_interfaces_demo/include/base_interfaces_demo/msg
[2.314s] -- Up-to-date: /home/cjs/Health_Node/ros2_ws/install/base_interfaces_demo/include/base_interfaces_demo/msg/bms_info.h
[2.314s] -- Up-to-date: /home/cjs/Health_Node/ros2_ws/install/base_interfaces_demo/include/base_interfaces_demo/msg/pub_sub_info.h
[2.314s] -- Up-to-date: /home/cjs/Health_Node/ros2_ws/install/base_interfaces_demo/include/base_interfaces_demo/msg/device_id.h
[2.315s] -- Up-to-date: /home/cjs/Health_Node/ros2_ws/install/base_interfaces_demo/include/base_interfaces_demo/msg/manual_seek_label.h
[2.315s] -- Up-to-date: /home/cjs/Health_Node/ros2_ws/install/base_interfaces_demo/include/base_interfaces_demo/msg/device_info.h
[2.315s] -- Up-to-date: /home/cjs/Health_Node/ros2_ws/install/base_interfaces_demo/include/base_interfaces_demo/msg/rosidl_generator_c__visibility_control.h
[2.315s] -- Up-to-date: /home/cjs/Health_Node/ros2_ws/install/base_interfaces_demo/include/base_interfaces_demo/msg/detail
[2.315s] -- Up-to-date: /home/cjs/Health_Node/ros2_ws/install/base_interfaces_demo/include/base_interfaces_demo/msg/detail/motor_status__functions.c
[2.315s] -- Up-to-date: /home/cjs/Health_Node/ros2_ws/install/base_interfaces_demo/include/base_interfaces_demo/msg/detail/core_info__functions.c
[2.315s] -- Up-to-date: /home/cjs/Health_Node/ros2_ws/install/base_interfaces_demo/include/base_interfaces_demo/msg/detail/bms_info__type_support.h
[2.315s] -- Up-to-date: /home/cjs/Health_Node/ros2_ws/install/base_interfaces_demo/include/base_interfaces_demo/msg/detail/seek_ret__type_support.h
[2.315s] -- Up-to-date: /home/cjs/Health_Node/ros2_ws/install/base_interfaces_demo/include/base_interfaces_demo/msg/detail/color_info__functions.c
[2.315s] -- Up-to-date: /home/cjs/Health_Node/ros2_ws/install/base_interfaces_demo/include/base_interfaces_demo/msg/detail/pallet_info__functions.h
[2.315s] -- Up-to-date: /home/cjs/Health_Node/ros2_ws/install/base_interfaces_demo/include/base_interfaces_demo/msg/detail/obs_laser__type_support.h
[2.318s] -- Up-to-date: /home/cjs/Health_Node/ros2_ws/install/base_interfaces_demo/include/base_interfaces_demo/msg/detail/manual__struct.h
[2.318s] -- Up-to-date: /home/cjs/Health_Node/ros2_ws/install/base_interfaces_demo/include/base_interfaces_demo/msg/detail/file_updata__struct.h
[2.318s] -- Up-to-date: /home/cjs/Health_Node/ros2_ws/install/base_interfaces_demo/include/base_interfaces_demo/msg/detail/pub_sub_info__struct.h
[2.318s] -- Up-to-date: /home/cjs/Health_Node/ros2_ws/install/base_interfaces_demo/include/base_interfaces_demo/msg/detail/motor_status__struct.h
[2.318s] -- Up-to-date: /home/cjs/Health_Node/ros2_ws/install/base_interfaces_demo/include/base_interfaces_demo/msg/detail/manual_seek_label__struct.h
[2.319s] -- Up-to-date: /home/cjs/Health_Node/ros2_ws/install/base_interfaces_demo/include/base_interfaces_demo/msg/detail/motor_status__type_support.h
[2.319s] -- Up-to-date: /home/cjs/Health_Node/ros2_ws/install/base_interfaces_demo/include/base_interfaces_demo/msg/detail/health_node__functions.c
[2.319s] -- Up-to-date: /home/cjs/Health_Node/ros2_ws/install/base_interfaces_demo/include/base_interfaces_demo/msg/detail/core_info__struct.h
[2.319s] -- Up-to-date: /home/cjs/Health_Node/ros2_ws/install/base_interfaces_demo/include/base_interfaces_demo/msg/detail/charger_info__functions.h
[2.319s] -- Up-to-date: /home/cjs/Health_Node/ros2_ws/install/base_interfaces_demo/include/base_interfaces_demo/msg/detail/core_info__type_support.h
[2.319s] -- Up-to-date: /home/cjs/Health_Node/ros2_ws/install/base_interfaces_demo/include/base_interfaces_demo/msg/detail/device_id__functions.c
[2.319s] -- Up-to-date: /home/cjs/Health_Node/ros2_ws/install/base_interfaces_demo/include/base_interfaces_demo/msg/detail/health_node__struct.h
[2.319s] -- Up-to-date: /home/cjs/Health_Node/ros2_ws/install/base_interfaces_demo/include/base_interfaces_demo/msg/detail/pub_sub_info__type_support.h
[2.319s] -- Up-to-date: /home/cjs/Health_Node/ros2_ws/install/base_interfaces_demo/include/base_interfaces_demo/msg/detail/motor_status__functions.h
[2.319s] -- Up-to-date: /home/cjs/Health_Node/ros2_ws/install/base_interfaces_demo/include/base_interfaces_demo/msg/detail/manual__functions.h
[2.319s] -- Up-to-date: /home/cjs/Health_Node/ros2_ws/install/base_interfaces_demo/include/base_interfaces_demo/msg/detail/hall_info__functions.h
[2.320s] -- Up-to-date: /home/cjs/Health_Node/ros2_ws/install/base_interfaces_demo/include/base_interfaces_demo/msg/detail/manual__functions.c
[2.320s] -- Up-to-date: /home/cjs/Health_Node/ros2_ws/install/base_interfaces_demo/include/base_interfaces_demo/msg/detail/file_updata__functions.c
[2.320s] -- Up-to-date: /home/cjs/Health_Node/ros2_ws/install/base_interfaces_demo/include/base_interfaces_demo/msg/detail/manual_seek_label__type_support.h
[2.323s] -- Up-to-date: /home/cjs/Health_Node/ros2_ws/install/base_interfaces_demo/include/base_interfaces_demo/msg/detail/pallet_info__type_support.h
[2.323s] -- Up-to-date: /home/cjs/Health_Node/ros2_ws/install/base_interfaces_demo/include/base_interfaces_demo/msg/detail/color_info__functions.h
[2.324s] -- Up-to-date: /home/cjs/Health_Node/ros2_ws/install/base_interfaces_demo/include/base_interfaces_demo/msg/detail/health_node__functions.h
[2.324s] -- Up-to-date: /home/cjs/Health_Node/ros2_ws/install/base_interfaces_demo/include/base_interfaces_demo/msg/detail/device_id__functions.h
[2.324s] -- Up-to-date: /home/cjs/Health_Node/ros2_ws/install/base_interfaces_demo/include/base_interfaces_demo/msg/detail/manual_seek_label__functions.c
[2.324s] -- Up-to-date: /home/cjs/Health_Node/ros2_ws/install/base_interfaces_demo/include/base_interfaces_demo/msg/detail/bms_info__functions.h
[2.324s] -- Up-to-date: /home/cjs/Health_Node/ros2_ws/install/base_interfaces_demo/include/base_interfaces_demo/msg/detail/system_status__functions.h
[2.324s] -- Up-to-date: /home/cjs/Health_Node/ros2_ws/install/base_interfaces_demo/include/base_interfaces_demo/msg/detail/location__functions.c
[2.324s] -- Up-to-date: /home/cjs/Health_Node/ros2_ws/install/base_interfaces_demo/include/base_interfaces_demo/msg/detail/system_status__functions.c
[2.324s] -- Up-to-date: /home/cjs/Health_Node/ros2_ws/install/base_interfaces_demo/include/base_interfaces_demo/msg/detail/device_id__type_support.h
[2.324s] -- Up-to-date: /home/cjs/Health_Node/ros2_ws/install/base_interfaces_demo/include/base_interfaces_demo/msg/detail/location__struct.h
[2.326s] -- Up-to-date: /home/cjs/Health_Node/ros2_ws/install/base_interfaces_demo/include/base_interfaces_demo/msg/detail/hall_info__functions.c
[2.326s] -- Up-to-date: /home/cjs/Health_Node/ros2_ws/install/base_interfaces_demo/include/base_interfaces_demo/msg/detail/core_info__functions.h
[2.327s] -- Up-to-date: /home/cjs/Health_Node/ros2_ws/install/base_interfaces_demo/include/base_interfaces_demo/msg/detail/file_updata__functions.h
[2.327s] -- Up-to-date: /home/cjs/Health_Node/ros2_ws/install/base_interfaces_demo/include/base_interfaces_demo/msg/detail/pallet_info__struct.h
[2.327s] -- Up-to-date: /home/cjs/Health_Node/ros2_ws/install/base_interfaces_demo/include/base_interfaces_demo/msg/detail/seek_ret__functions.h
[2.327s] -- Up-to-date: /home/cjs/Health_Node/ros2_ws/install/base_interfaces_demo/include/base_interfaces_demo/msg/detail/color_info__struct.h
[2.328s] -- Up-to-date: /home/cjs/Health_Node/ros2_ws/install/base_interfaces_demo/include/base_interfaces_demo/msg/detail/charger_info__functions.c
[2.328s] -- Up-to-date: /home/cjs/Health_Node/ros2_ws/install/base_interfaces_demo/include/base_interfaces_demo/msg/detail/pub_sub_info__functions.c
[2.328s] -- Up-to-date: /home/cjs/Health_Node/ros2_ws/install/base_interfaces_demo/include/base_interfaces_demo/msg/detail/obs_laser__functions.h
[2.328s] -- Up-to-date: /home/cjs/Health_Node/ros2_ws/install/base_interfaces_demo/include/base_interfaces_demo/msg/detail/device_info__functions.c
[2.329s] -- Up-to-date: /home/cjs/Health_Node/ros2_ws/install/base_interfaces_demo/include/base_interfaces_demo/msg/detail/manual__type_support.h
[2.330s] -- Up-to-date: /home/cjs/Health_Node/ros2_ws/install/base_interfaces_demo/include/base_interfaces_demo/msg/detail/system_status__type_support.h
[2.330s] -- Up-to-date: /home/cjs/Health_Node/ros2_ws/install/base_interfaces_demo/include/base_interfaces_demo/msg/detail/seek_ret__functions.c
[2.330s] -- Up-to-date: /home/cjs/Health_Node/ros2_ws/install/base_interfaces_demo/include/base_interfaces_demo/msg/detail/hall_info__type_support.h
[2.331s] -- Up-to-date: /home/cjs/Health_Node/ros2_ws/install/base_interfaces_demo/include/base_interfaces_demo/msg/detail/obs_laser__struct.h
[2.331s] -- Up-to-date: /home/cjs/Health_Node/ros2_ws/install/base_interfaces_demo/include/base_interfaces_demo/msg/detail/pub_sub_info__functions.h
[2.331s] -- Up-to-date: /home/cjs/Health_Node/ros2_ws/install/base_interfaces_demo/include/base_interfaces_demo/msg/detail/device_info__type_support.h
[2.331s] -- Up-to-date: /home/cjs/Health_Node/ros2_ws/install/base_interfaces_demo/include/base_interfaces_demo/msg/detail/location__type_support.h
[2.331s] -- Up-to-date: /home/cjs/Health_Node/ros2_ws/install/base_interfaces_demo/include/base_interfaces_demo/msg/detail/health_node__type_support.h
[2.331s] -- Up-to-date: /home/cjs/Health_Node/ros2_ws/install/base_interfaces_demo/include/base_interfaces_demo/msg/detail/seek_ret__struct.h
[2.331s] -- Up-to-date: /home/cjs/Health_Node/ros2_ws/install/base_interfaces_demo/include/base_interfaces_demo/msg/detail/device_info__functions.h
[2.331s] -- Up-to-date: /home/cjs/Health_Node/ros2_ws/install/base_interfaces_demo/include/base_interfaces_demo/msg/detail/hall_info__struct.h
[2.331s] -- Up-to-date: /home/cjs/Health_Node/ros2_ws/install/base_interfaces_demo/include/base_interfaces_demo/msg/detail/bms_info__struct.h
[2.332s] -- Up-to-date: /home/cjs/Health_Node/ros2_ws/install/base_interfaces_demo/include/base_interfaces_demo/msg/detail/pallet_info__functions.c
[2.332s] -- Up-to-date: /home/cjs/Health_Node/ros2_ws/install/base_interfaces_demo/include/base_interfaces_demo/msg/detail/charger_info__struct.h
[2.332s] -- Up-to-date: /home/cjs/Health_Node/ros2_ws/install/base_interfaces_demo/include/base_interfaces_demo/msg/detail/charger_info__type_support.h
[2.332s] -- Up-to-date: /home/cjs/Health_Node/ros2_ws/install/base_interfaces_demo/include/base_interfaces_demo/msg/detail/bms_info__functions.c
[2.332s] -- Up-to-date: /home/cjs/Health_Node/ros2_ws/install/base_interfaces_demo/include/base_interfaces_demo/msg/detail/location__functions.h
[2.332s] -- Up-to-date: /home/cjs/Health_Node/ros2_ws/install/base_interfaces_demo/include/base_interfaces_demo/msg/detail/manual_seek_label__functions.h
[2.332s] -- Up-to-date: /home/cjs/Health_Node/ros2_ws/install/base_interfaces_demo/include/base_interfaces_demo/msg/detail/device_info__struct.h
[2.332s] -- Up-to-date: /home/cjs/Health_Node/ros2_ws/install/base_interfaces_demo/include/base_interfaces_demo/msg/detail/system_status__struct.h
[2.332s] -- Up-to-date: /home/cjs/Health_Node/ros2_ws/install/base_interfaces_demo/include/base_interfaces_demo/msg/detail/obs_laser__functions.c
[2.333s] -- Up-to-date: /home/cjs/Health_Node/ros2_ws/install/base_interfaces_demo/include/base_interfaces_demo/msg/detail/device_id__struct.h
[2.333s] -- Up-to-date: /home/cjs/Health_Node/ros2_ws/install/base_interfaces_demo/include/base_interfaces_demo/msg/detail/color_info__type_support.h
[2.333s] -- Up-to-date: /home/cjs/Health_Node/ros2_ws/install/base_interfaces_demo/include/base_interfaces_demo/msg/detail/file_updata__type_support.h
[2.333s] -- Up-to-date: /home/cjs/Health_Node/ros2_ws/install/base_interfaces_demo/include/base_interfaces_demo/msg/pallet_info.h
[2.333s] -- Up-to-date: /home/cjs/Health_Node/ros2_ws/install/base_interfaces_demo/include/base_interfaces_demo/msg/motor_status.h
[2.333s] -- Up-to-date: /home/cjs/Health_Node/ros2_ws/install/base_interfaces_demo/include/base_interfaces_demo/msg/location.h
[2.333s] -- Up-to-date: /home/cjs/Health_Node/ros2_ws/install/base_interfaces_demo/include/base_interfaces_demo/msg/charger_info.h
[2.333s] -- Up-to-date: /home/cjs/Health_Node/ros2_ws/install/base_interfaces_demo/include/base_interfaces_demo/msg/core_info.h
[2.338s] -- Up-to-date: /home/cjs/Health_Node/ros2_ws/install/base_interfaces_demo/include/base_interfaces_demo/msg/color_info.h
[2.338s] -- Up-to-date: /home/cjs/Health_Node/ros2_ws/install/base_interfaces_demo/include/base_interfaces_demo/msg/obs_laser.h
[2.338s] -- Up-to-date: /home/cjs/Health_Node/ros2_ws/install/base_interfaces_demo/include/base_interfaces_demo/msg/hall_info.h
[2.338s] -- Up-to-date: /home/cjs/Health_Node/ros2_ws/install/base_interfaces_demo/include/base_interfaces_demo/msg/health_node.h
[2.338s] -- Up-to-date: /home/cjs/Health_Node/ros2_ws/install/base_interfaces_demo/include/base_interfaces_demo/msg/system_status.h
[2.339s] -- Up-to-date: /home/cjs/Health_Node/ros2_ws/install/base_interfaces_demo/include/base_interfaces_demo/msg/manual.h
[2.339s] -- Up-to-date: /home/cjs/Health_Node/ros2_ws/install/base_interfaces_demo/include/base_interfaces_demo/msg/seek_ret.h
[2.339s] -- Up-to-date: /home/cjs/Health_Node/ros2_ws/install/base_interfaces_demo/include/base_interfaces_demo/msg/file_updata.h
[2.339s] -- Up-to-date: /home/cjs/Health_Node/ros2_ws/install/base_interfaces_demo/share/base_interfaces_demo/environment/library_path.sh
[2.339s] -- Up-to-date: /home/cjs/Health_Node/ros2_ws/install/base_interfaces_demo/share/base_interfaces_demo/environment/library_path.dsv
[2.339s] -- Up-to-date: /home/cjs/Health_Node/ros2_ws/install/base_interfaces_demo/lib/libbase_interfaces_demo__rosidl_generator_c.so
[2.339s] -- Up-to-date: /home/cjs/Health_Node/ros2_ws/install/base_interfaces_demo/include/base_interfaces_demo
[2.340s] -- Up-to-date: /home/cjs/Health_Node/ros2_ws/install/base_interfaces_demo/include/base_interfaces_demo/msg
[2.340s] -- Up-to-date: /home/cjs/Health_Node/ros2_ws/install/base_interfaces_demo/include/base_interfaces_demo/msg/detail
[2.340s] -- Up-to-date: /home/cjs/Health_Node/ros2_ws/install/base_interfaces_demo/include/base_interfaces_demo/msg/detail/hall_info__rosidl_typesupport_fastrtps_c.h
[2.340s] -- Up-to-date: /home/cjs/Health_Node/ros2_ws/install/base_interfaces_demo/include/base_interfaces_demo/msg/detail/manual__rosidl_typesupport_fastrtps_c.h
[2.341s] -- Up-to-date: /home/cjs/Health_Node/ros2_ws/install/base_interfaces_demo/include/base_interfaces_demo/msg/detail/manual_seek_label__rosidl_typesupport_fastrtps_c.h
[2.342s] -- Up-to-date: /home/cjs/Health_Node/ros2_ws/install/base_interfaces_demo/include/base_interfaces_demo/msg/detail/location__rosidl_typesupport_fastrtps_c.h
[2.342s] -- Up-to-date: /home/cjs/Health_Node/ros2_ws/install/base_interfaces_demo/include/base_interfaces_demo/msg/detail/bms_info__rosidl_typesupport_fastrtps_c.h
[2.342s] -- Up-to-date: /home/cjs/Health_Node/ros2_ws/install/base_interfaces_demo/include/base_interfaces_demo/msg/detail/health_node__rosidl_typesupport_fastrtps_c.h
[2.342s] -- Up-to-date: /home/cjs/Health_Node/ros2_ws/install/base_interfaces_demo/include/base_interfaces_demo/msg/detail/color_info__rosidl_typesupport_fastrtps_c.h
[2.343s] -- Up-to-date: /home/cjs/Health_Node/ros2_ws/install/base_interfaces_demo/include/base_interfaces_demo/msg/detail/device_id__rosidl_typesupport_fastrtps_c.h
[2.343s] -- Up-to-date: /home/cjs/Health_Node/ros2_ws/install/base_interfaces_demo/include/base_interfaces_demo/msg/detail/device_info__rosidl_typesupport_fastrtps_c.h
[2.350s] -- Up-to-date: /home/cjs/Health_Node/ros2_ws/install/base_interfaces_demo/include/base_interfaces_demo/msg/detail/core_info__rosidl_typesupport_fastrtps_c.h
[2.350s] -- Up-to-date: /home/cjs/Health_Node/ros2_ws/install/base_interfaces_demo/include/base_interfaces_demo/msg/detail/pub_sub_info__rosidl_typesupport_fastrtps_c.h
[2.354s] -- Up-to-date: /home/cjs/Health_Node/ros2_ws/install/base_interfaces_demo/include/base_interfaces_demo/msg/detail/pallet_info__rosidl_typesupport_fastrtps_c.h
[2.354s] -- Up-to-date: /home/cjs/Health_Node/ros2_ws/install/base_interfaces_demo/include/base_interfaces_demo/msg/detail/seek_ret__rosidl_typesupport_fastrtps_c.h
[2.354s] -- Up-to-date: /home/cjs/Health_Node/ros2_ws/install/base_interfaces_demo/include/base_interfaces_demo/msg/detail/charger_info__rosidl_typesupport_fastrtps_c.h
[2.355s] -- Up-to-date: /home/cjs/Health_Node/ros2_ws/install/base_interfaces_demo/include/base_interfaces_demo/msg/detail/system_status__rosidl_typesupport_fastrtps_c.h
[2.355s] -- Up-to-date: /home/cjs/Health_Node/ros2_ws/install/base_interfaces_demo/include/base_interfaces_demo/msg/detail/file_updata__rosidl_typesupport_fastrtps_c.h
[2.355s] -- Up-to-date: /home/cjs/Health_Node/ros2_ws/install/base_interfaces_demo/include/base_interfaces_demo/msg/detail/obs_laser__rosidl_typesupport_fastrtps_c.h
[2.357s] -- Up-to-date: /home/cjs/Health_Node/ros2_ws/install/base_interfaces_demo/include/base_interfaces_demo/msg/detail/motor_status__rosidl_typesupport_fastrtps_c.h
[2.357s] -- Up-to-date: /home/cjs/Health_Node/ros2_ws/install/base_interfaces_demo/include/base_interfaces_demo/msg/rosidl_typesupport_fastrtps_c__visibility_control.h
[2.357s] -- Up-to-date: /home/cjs/Health_Node/ros2_ws/install/base_interfaces_demo/lib/libbase_interfaces_demo__rosidl_typesupport_fastrtps_c.so
[2.357s] -- Up-to-date: /home/cjs/Health_Node/ros2_ws/install/base_interfaces_demo/include/base_interfaces_demo
[2.357s] -- Up-to-date: /home/cjs/Health_Node/ros2_ws/install/base_interfaces_demo/include/base_interfaces_demo/msg
[2.357s] -- Up-to-date: /home/cjs/Health_Node/ros2_ws/install/base_interfaces_demo/include/base_interfaces_demo/msg/detail
[2.359s] -- Up-to-date: /home/cjs/Health_Node/ros2_ws/install/base_interfaces_demo/include/base_interfaces_demo/msg/detail/hall_info__rosidl_typesupport_fastrtps_cpp.hpp
[2.359s] -- Up-to-date: /home/cjs/Health_Node/ros2_ws/install/base_interfaces_demo/include/base_interfaces_demo/msg/detail/pallet_info__rosidl_typesupport_fastrtps_cpp.hpp
[2.359s] -- Up-to-date: /home/cjs/Health_Node/ros2_ws/install/base_interfaces_demo/include/base_interfaces_demo/msg/detail/pub_sub_info__rosidl_typesupport_fastrtps_cpp.hpp
[2.359s] -- Up-to-date: /home/cjs/Health_Node/ros2_ws/install/base_interfaces_demo/include/base_interfaces_demo/msg/detail/manual__rosidl_typesupport_fastrtps_cpp.hpp
[2.359s] -- Up-to-date: /home/cjs/Health_Node/ros2_ws/install/base_interfaces_demo/include/base_interfaces_demo/msg/detail/device_id__rosidl_typesupport_fastrtps_cpp.hpp
[2.359s] -- Up-to-date: /home/cjs/Health_Node/ros2_ws/install/base_interfaces_demo/include/base_interfaces_demo/msg/detail/manual_seek_label__rosidl_typesupport_fastrtps_cpp.hpp
[2.359s] -- Up-to-date: /home/cjs/Health_Node/ros2_ws/install/base_interfaces_demo/include/base_interfaces_demo/msg/detail/file_updata__rosidl_typesupport_fastrtps_cpp.hpp
[2.359s] -- Up-to-date: /home/cjs/Health_Node/ros2_ws/install/base_interfaces_demo/include/base_interfaces_demo/msg/detail/seek_ret__rosidl_typesupport_fastrtps_cpp.hpp
[2.359s] -- Up-to-date: /home/cjs/Health_Node/ros2_ws/install/base_interfaces_demo/include/base_interfaces_demo/msg/detail/color_info__rosidl_typesupport_fastrtps_cpp.hpp
[2.359s] -- Up-to-date: /home/cjs/Health_Node/ros2_ws/install/base_interfaces_demo/include/base_interfaces_demo/msg/detail/location__rosidl_typesupport_fastrtps_cpp.hpp
[2.360s] -- Up-to-date: /home/cjs/Health_Node/ros2_ws/install/base_interfaces_demo/include/base_interfaces_demo/msg/detail/dds_fastrtps
[2.360s] -- Up-to-date: /home/cjs/Health_Node/ros2_ws/install/base_interfaces_demo/include/base_interfaces_demo/msg/detail/device_info__rosidl_typesupport_fastrtps_cpp.hpp
[2.360s] -- Up-to-date: /home/cjs/Health_Node/ros2_ws/install/base_interfaces_demo/include/base_interfaces_demo/msg/detail/core_info__rosidl_typesupport_fastrtps_cpp.hpp
[2.361s] -- Up-to-date: /home/cjs/Health_Node/ros2_ws/install/base_interfaces_demo/include/base_interfaces_demo/msg/detail/bms_info__rosidl_typesupport_fastrtps_cpp.hpp
[2.361s] -- Up-to-date: /home/cjs/Health_Node/ros2_ws/install/base_interfaces_demo/include/base_interfaces_demo/msg/detail/charger_info__rosidl_typesupport_fastrtps_cpp.hpp
[2.361s] -- Up-to-date: /home/cjs/Health_Node/ros2_ws/install/base_interfaces_demo/include/base_interfaces_demo/msg/detail/system_status__rosidl_typesupport_fastrtps_cpp.hpp
[2.361s] -- Up-to-date: /home/cjs/Health_Node/ros2_ws/install/base_interfaces_demo/include/base_interfaces_demo/msg/detail/motor_status__rosidl_typesupport_fastrtps_cpp.hpp
[2.361s] -- Up-to-date: /home/cjs/Health_Node/ros2_ws/install/base_interfaces_demo/include/base_interfaces_demo/msg/detail/health_node__rosidl_typesupport_fastrtps_cpp.hpp
[2.361s] -- Up-to-date: /home/cjs/Health_Node/ros2_ws/install/base_interfaces_demo/include/base_interfaces_demo/msg/detail/obs_laser__rosidl_typesupport_fastrtps_cpp.hpp
[2.361s] -- Up-to-date: /home/cjs/Health_Node/ros2_ws/install/base_interfaces_demo/include/base_interfaces_demo/msg/rosidl_typesupport_fastrtps_cpp__visibility_control.h
[2.361s] -- Up-to-date: /home/cjs/Health_Node/ros2_ws/install/base_interfaces_demo/lib/libbase_interfaces_demo__rosidl_typesupport_fastrtps_cpp.so
[2.362s] -- Up-to-date: /home/cjs/Health_Node/ros2_ws/install/base_interfaces_demo/include/base_interfaces_demo
[2.362s] -- Up-to-date: /home/cjs/Health_Node/ros2_ws/install/base_interfaces_demo/include/base_interfaces_demo/msg
[2.362s] -- Up-to-date: /home/cjs/Health_Node/ros2_ws/install/base_interfaces_demo/include/base_interfaces_demo/msg/detail
[2.362s] -- Up-to-date: /home/cjs/Health_Node/ros2_ws/install/base_interfaces_demo/include/base_interfaces_demo/msg/detail/motor_status__type_support.c
[2.362s] -- Up-to-date: /home/cjs/Health_Node/ros2_ws/install/base_interfaces_demo/include/base_interfaces_demo/msg/detail/core_info__rosidl_typesupport_introspection_c.h
[2.362s] -- Up-to-date: /home/cjs/Health_Node/ros2_ws/install/base_interfaces_demo/include/base_interfaces_demo/msg/detail/manual__type_support.c
[2.362s] -- Up-to-date: /home/cjs/Health_Node/ros2_ws/install/base_interfaces_demo/include/base_interfaces_demo/msg/detail/motor_status__rosidl_typesupport_introspection_c.h
[2.362s] -- Up-to-date: /home/cjs/Health_Node/ros2_ws/install/base_interfaces_demo/include/base_interfaces_demo/msg/detail/bms_info__rosidl_typesupport_introspection_c.h
[2.362s] -- Up-to-date: /home/cjs/Health_Node/ros2_ws/install/base_interfaces_demo/include/base_interfaces_demo/msg/detail/hall_info__rosidl_typesupport_introspection_c.h
[2.363s] -- Up-to-date: /home/cjs/Health_Node/ros2_ws/install/base_interfaces_demo/include/base_interfaces_demo/msg/detail/system_status__type_support.c
[2.363s] -- Up-to-date: /home/cjs/Health_Node/ros2_ws/install/base_interfaces_demo/include/base_interfaces_demo/msg/detail/obs_laser__rosidl_typesupport_introspection_c.h
[2.363s] -- Up-to-date: /home/cjs/Health_Node/ros2_ws/install/base_interfaces_demo/include/base_interfaces_demo/msg/detail/location__type_support.c
[2.363s] -- Up-to-date: /home/cjs/Health_Node/ros2_ws/install/base_interfaces_demo/include/base_interfaces_demo/msg/detail/pallet_info__rosidl_typesupport_introspection_c.h
[2.363s] -- Up-to-date: /home/cjs/Health_Node/ros2_ws/install/base_interfaces_demo/include/base_interfaces_demo/msg/detail/charger_info__type_support.c
[2.363s] -- Up-to-date: /home/cjs/Health_Node/ros2_ws/install/base_interfaces_demo/include/base_interfaces_demo/msg/detail/system_status__rosidl_typesupport_introspection_c.h
[2.363s] -- Up-to-date: /home/cjs/Health_Node/ros2_ws/install/base_interfaces_demo/include/base_interfaces_demo/msg/detail/pub_sub_info__rosidl_typesupport_introspection_c.h
[2.363s] -- Up-to-date: /home/cjs/Health_Node/ros2_ws/install/base_interfaces_demo/include/base_interfaces_demo/msg/detail/seek_ret__type_support.c
[2.363s] -- Up-to-date: /home/cjs/Health_Node/ros2_ws/install/base_interfaces_demo/include/base_interfaces_demo/msg/detail/color_info__type_support.c
[2.363s] -- Up-to-date: /home/cjs/Health_Node/ros2_ws/install/base_interfaces_demo/include/base_interfaces_demo/msg/detail/bms_info__type_support.c
[2.363s] -- Up-to-date: /home/cjs/Health_Node/ros2_ws/install/base_interfaces_demo/include/base_interfaces_demo/msg/detail/manual__rosidl_typesupport_introspection_c.h
[2.363s] -- Up-to-date: /home/cjs/Health_Node/ros2_ws/install/base_interfaces_demo/include/base_interfaces_demo/msg/detail/charger_info__rosidl_typesupport_introspection_c.h
[2.363s] -- Up-to-date: /home/cjs/Health_Node/ros2_ws/install/base_interfaces_demo/include/base_interfaces_demo/msg/detail/hall_info__type_support.c
[2.364s] -- Up-to-date: /home/cjs/Health_Node/ros2_ws/install/base_interfaces_demo/include/base_interfaces_demo/msg/detail/device_info__type_support.c
[2.364s] -- Up-to-date: /home/cjs/Health_Node/ros2_ws/install/base_interfaces_demo/include/base_interfaces_demo/msg/detail/manual_seek_label__type_support.c
[2.364s] -- Up-to-date: /home/cjs/Health_Node/ros2_ws/install/base_interfaces_demo/include/base_interfaces_demo/msg/detail/manual_seek_label__rosidl_typesupport_introspection_c.h
[2.364s] -- Up-to-date: /home/cjs/Health_Node/ros2_ws/install/base_interfaces_demo/include/base_interfaces_demo/msg/detail/file_updata__type_support.c
[2.364s] -- Up-to-date: /home/cjs/Health_Node/ros2_ws/install/base_interfaces_demo/include/base_interfaces_demo/msg/detail/device_info__rosidl_typesupport_introspection_c.h
[2.364s] -- Up-to-date: /home/cjs/Health_Node/ros2_ws/install/base_interfaces_demo/include/base_interfaces_demo/msg/detail/pub_sub_info__type_support.c
[2.364s] -- Up-to-date: /home/cjs/Health_Node/ros2_ws/install/base_interfaces_demo/include/base_interfaces_demo/msg/detail/health_node__type_support.c
[2.364s] -- Up-to-date: /home/cjs/Health_Node/ros2_ws/install/base_interfaces_demo/include/base_interfaces_demo/msg/detail/obs_laser__type_support.c
[2.364s] -- Up-to-date: /home/cjs/Health_Node/ros2_ws/install/base_interfaces_demo/include/base_interfaces_demo/msg/detail/seek_ret__rosidl_typesupport_introspection_c.h
[2.364s] -- Up-to-date: /home/cjs/Health_Node/ros2_ws/install/base_interfaces_demo/include/base_interfaces_demo/msg/detail/core_info__type_support.c
[2.364s] -- Up-to-date: /home/cjs/Health_Node/ros2_ws/install/base_interfaces_demo/include/base_interfaces_demo/msg/detail/file_updata__rosidl_typesupport_introspection_c.h
[2.364s] -- Up-to-date: /home/cjs/Health_Node/ros2_ws/install/base_interfaces_demo/include/base_interfaces_demo/msg/detail/device_id__rosidl_typesupport_introspection_c.h
[2.364s] -- Up-to-date: /home/cjs/Health_Node/ros2_ws/install/base_interfaces_demo/include/base_interfaces_demo/msg/detail/device_id__type_support.c
[2.364s] -- Up-to-date: /home/cjs/Health_Node/ros2_ws/install/base_interfaces_demo/include/base_interfaces_demo/msg/detail/location__rosidl_typesupport_introspection_c.h
[2.365s] -- Up-to-date: /home/cjs/Health_Node/ros2_ws/install/base_interfaces_demo/include/base_interfaces_demo/msg/detail/pallet_info__type_support.c
[2.365s] -- Up-to-date: /home/cjs/Health_Node/ros2_ws/install/base_interfaces_demo/include/base_interfaces_demo/msg/detail/health_node__rosidl_typesupport_introspection_c.h
[2.365s] -- Up-to-date: /home/cjs/Health_Node/ros2_ws/install/base_interfaces_demo/include/base_interfaces_demo/msg/detail/color_info__rosidl_typesupport_introspection_c.h
[2.365s] -- Up-to-date: /home/cjs/Health_Node/ros2_ws/install/base_interfaces_demo/include/base_interfaces_demo/msg/rosidl_typesupport_introspection_c__visibility_control.h
[2.365s] -- Up-to-date: /home/cjs/Health_Node/ros2_ws/install/base_interfaces_demo/lib/libbase_interfaces_demo__rosidl_typesupport_introspection_c.so
[2.365s] -- Up-to-date: /home/cjs/Health_Node/ros2_ws/install/base_interfaces_demo/lib/libbase_interfaces_demo__rosidl_typesupport_c.so
[2.365s] -- Up-to-date: /home/cjs/Health_Node/ros2_ws/install/base_interfaces_demo/include/base_interfaces_demo
[2.365s] -- Up-to-date: /home/cjs/Health_Node/ros2_ws/install/base_interfaces_demo/include/base_interfaces_demo/msg
[2.365s] -- Up-to-date: /home/cjs/Health_Node/ros2_ws/install/base_interfaces_demo/include/base_interfaces_demo/msg/color_info.hpp
[2.365s] -- Up-to-date: /home/cjs/Health_Node/ros2_ws/install/base_interfaces_demo/include/base_interfaces_demo/msg/seek_ret.hpp
[2.365s] -- Up-to-date: /home/cjs/Health_Node/ros2_ws/install/base_interfaces_demo/include/base_interfaces_demo/msg/device_id.hpp
[2.365s] -- Up-to-date: /home/cjs/Health_Node/ros2_ws/install/base_interfaces_demo/include/base_interfaces_demo/msg/pallet_info.hpp
[2.366s] -- Up-to-date: /home/cjs/Health_Node/ros2_ws/install/base_interfaces_demo/include/base_interfaces_demo/msg/detail
[2.366s] -- Up-to-date: /home/cjs/Health_Node/ros2_ws/install/base_interfaces_demo/include/base_interfaces_demo/msg/detail/pallet_info__type_support.hpp
[2.366s] -- Up-to-date: /home/cjs/Health_Node/ros2_ws/install/base_interfaces_demo/include/base_interfaces_demo/msg/detail/manual__struct.hpp
[2.366s] -- Up-to-date: /home/cjs/Health_Node/ros2_ws/install/base_interfaces_demo/include/base_interfaces_demo/msg/detail/device_id__type_support.hpp
[2.366s] -- Up-to-date: /home/cjs/Health_Node/ros2_ws/install/base_interfaces_demo/include/base_interfaces_demo/msg/detail/obs_laser__builder.hpp
[2.366s] -- Up-to-date: /home/cjs/Health_Node/ros2_ws/install/base_interfaces_demo/include/base_interfaces_demo/msg/detail/charger_info__traits.hpp
[2.366s] -- Up-to-date: /home/cjs/Health_Node/ros2_ws/install/base_interfaces_demo/include/base_interfaces_demo/msg/detail/core_info__struct.hpp
[2.366s] -- Up-to-date: /home/cjs/Health_Node/ros2_ws/install/base_interfaces_demo/include/base_interfaces_demo/msg/detail/core_info__type_support.hpp
[2.366s] -- Up-to-date: /home/cjs/Health_Node/ros2_ws/install/base_interfaces_demo/include/base_interfaces_demo/msg/detail/system_status__traits.hpp
[2.366s] -- Up-to-date: /home/cjs/Health_Node/ros2_ws/install/base_interfaces_demo/include/base_interfaces_demo/msg/detail/seek_ret__type_support.hpp
[2.366s] -- Up-to-date: /home/cjs/Health_Node/ros2_ws/install/base_interfaces_demo/include/base_interfaces_demo/msg/detail/device_info__traits.hpp
[2.367s] -- Up-to-date: /home/cjs/Health_Node/ros2_ws/install/base_interfaces_demo/include/base_interfaces_demo/msg/detail/pub_sub_info__type_support.hpp
[2.367s] -- Up-to-date: /home/cjs/Health_Node/ros2_ws/install/base_interfaces_demo/include/base_interfaces_demo/msg/detail/system_status__struct.hpp
[2.367s] -- Up-to-date: /home/cjs/Health_Node/ros2_ws/install/base_interfaces_demo/include/base_interfaces_demo/msg/detail/pallet_info__builder.hpp
[2.367s] -- Up-to-date: /home/cjs/Health_Node/ros2_ws/install/base_interfaces_demo/include/base_interfaces_demo/msg/detail/seek_ret__traits.hpp
[2.367s] -- Up-to-date: /home/cjs/Health_Node/ros2_ws/install/base_interfaces_demo/include/base_interfaces_demo/msg/detail/pallet_info__traits.hpp
[2.367s] -- Up-to-date: /home/cjs/Health_Node/ros2_ws/install/base_interfaces_demo/include/base_interfaces_demo/msg/detail/location__traits.hpp
[2.367s] -- Up-to-date: /home/cjs/Health_Node/ros2_ws/install/base_interfaces_demo/include/base_interfaces_demo/msg/detail/core_info__traits.hpp
[2.367s] -- Up-to-date: /home/cjs/Health_Node/ros2_ws/install/base_interfaces_demo/include/base_interfaces_demo/msg/detail/system_status__type_support.hpp
[2.367s] -- Up-to-date: /home/cjs/Health_Node/ros2_ws/install/base_interfaces_demo/include/base_interfaces_demo/msg/detail/system_status__builder.hpp
[2.367s] -- Up-to-date: /home/cjs/Health_Node/ros2_ws/install/base_interfaces_demo/include/base_interfaces_demo/msg/detail/health_node__struct.hpp
[2.367s] -- Up-to-date: /home/cjs/Health_Node/ros2_ws/install/base_interfaces_demo/include/base_interfaces_demo/msg/detail/pub_sub_info__builder.hpp
[2.367s] -- Up-to-date: /home/cjs/Health_Node/ros2_ws/install/base_interfaces_demo/include/base_interfaces_demo/msg/detail/file_updata__struct.hpp
[2.368s] -- Up-to-date: /home/cjs/Health_Node/ros2_ws/install/base_interfaces_demo/include/base_interfaces_demo/msg/detail/bms_info__struct.hpp
[2.368s] -- Up-to-date: /home/cjs/Health_Node/ros2_ws/install/base_interfaces_demo/include/base_interfaces_demo/msg/detail/obs_laser__struct.hpp
[2.368s] -- Up-to-date: /home/cjs/Health_Node/ros2_ws/install/base_interfaces_demo/include/base_interfaces_demo/msg/detail/manual_seek_label__builder.hpp
[2.368s] -- Up-to-date: /home/cjs/Health_Node/ros2_ws/install/base_interfaces_demo/include/base_interfaces_demo/msg/detail/motor_status__type_support.hpp
[2.368s] -- Up-to-date: /home/cjs/Health_Node/ros2_ws/install/base_interfaces_demo/include/base_interfaces_demo/msg/detail/device_id__struct.hpp
[2.368s] -- Up-to-date: /home/cjs/Health_Node/ros2_ws/install/base_interfaces_demo/include/base_interfaces_demo/msg/detail/obs_laser__traits.hpp
[2.368s] -- Up-to-date: /home/cjs/Health_Node/ros2_ws/install/base_interfaces_demo/include/base_interfaces_demo/msg/detail/manual__traits.hpp
[2.368s] -- Up-to-date: /home/cjs/Health_Node/ros2_ws/install/base_interfaces_demo/include/base_interfaces_demo/msg/detail/core_info__builder.hpp
[2.368s] -- Up-to-date: /home/cjs/Health_Node/ros2_ws/install/base_interfaces_demo/include/base_interfaces_demo/msg/detail/manual__type_support.hpp
[2.368s] -- Up-to-date: /home/cjs/Health_Node/ros2_ws/install/base_interfaces_demo/include/base_interfaces_demo/msg/detail/device_info__builder.hpp
[2.368s] -- Up-to-date: /home/cjs/Health_Node/ros2_ws/install/base_interfaces_demo/include/base_interfaces_demo/msg/detail/color_info__type_support.hpp
[2.368s] -- Up-to-date: /home/cjs/Health_Node/ros2_ws/install/base_interfaces_demo/include/base_interfaces_demo/msg/detail/device_info__struct.hpp
[2.368s] -- Up-to-date: /home/cjs/Health_Node/ros2_ws/install/base_interfaces_demo/include/base_interfaces_demo/msg/detail/charger_info__builder.hpp
[2.368s] -- Up-to-date: /home/cjs/Health_Node/ros2_ws/install/base_interfaces_demo/include/base_interfaces_demo/msg/detail/hall_info__struct.hpp
[2.369s] -- Up-to-date: /home/cjs/Health_Node/ros2_ws/install/base_interfaces_demo/include/base_interfaces_demo/msg/detail/bms_info__builder.hpp
[2.369s] -- Up-to-date: /home/cjs/Health_Node/ros2_ws/install/base_interfaces_demo/include/base_interfaces_demo/msg/detail/file_updata__type_support.hpp
[2.369s] -- Up-to-date: /home/cjs/Health_Node/ros2_ws/install/base_interfaces_demo/include/base_interfaces_demo/msg/detail/color_info__traits.hpp
[2.369s] -- Up-to-date: /home/cjs/Health_Node/ros2_ws/install/base_interfaces_demo/include/base_interfaces_demo/msg/detail/health_node__builder.hpp
[2.369s] -- Up-to-date: /home/cjs/Health_Node/ros2_ws/install/base_interfaces_demo/include/base_interfaces_demo/msg/detail/obs_laser__type_support.hpp
[2.369s] -- Up-to-date: /home/cjs/Health_Node/ros2_ws/install/base_interfaces_demo/include/base_interfaces_demo/msg/detail/charger_info__type_support.hpp
[2.369s] -- Up-to-date: /home/cjs/Health_Node/ros2_ws/install/base_interfaces_demo/include/base_interfaces_demo/msg/detail/color_info__builder.hpp
[2.369s] -- Up-to-date: /home/cjs/Health_Node/ros2_ws/install/base_interfaces_demo/include/base_interfaces_demo/msg/detail/hall_info__traits.hpp
[2.369s] -- Up-to-date: /home/cjs/Health_Node/ros2_ws/install/base_interfaces_demo/include/base_interfaces_demo/msg/detail/health_node__traits.hpp
[2.369s] -- Up-to-date: /home/cjs/Health_Node/ros2_ws/install/base_interfaces_demo/include/base_interfaces_demo/msg/detail/color_info__struct.hpp
[2.369s] -- Up-to-date: /home/cjs/Health_Node/ros2_ws/install/base_interfaces_demo/include/base_interfaces_demo/msg/detail/location__builder.hpp
[2.369s] -- Up-to-date: /home/cjs/Health_Node/ros2_ws/install/base_interfaces_demo/include/base_interfaces_demo/msg/detail/manual_seek_label__traits.hpp
[2.369s] -- Up-to-date: /home/cjs/Health_Node/ros2_ws/install/base_interfaces_demo/include/base_interfaces_demo/msg/detail/pub_sub_info__traits.hpp
[2.369s] -- Up-to-date: /home/cjs/Health_Node/ros2_ws/install/base_interfaces_demo/include/base_interfaces_demo/msg/detail/seek_ret__builder.hpp
[2.370s] -- Up-to-date: /home/cjs/Health_Node/ros2_ws/install/base_interfaces_demo/include/base_interfaces_demo/msg/detail/motor_status__struct.hpp
[2.370s] -- Up-to-date: /home/cjs/Health_Node/ros2_ws/install/base_interfaces_demo/include/base_interfaces_demo/msg/detail/file_updata__traits.hpp
[2.370s] -- Up-to-date: /home/cjs/Health_Node/ros2_ws/install/base_interfaces_demo/include/base_interfaces_demo/msg/detail/bms_info__type_support.hpp
[2.370s] -- Up-to-date: /home/cjs/Health_Node/ros2_ws/install/base_interfaces_demo/include/base_interfaces_demo/msg/detail/health_node__type_support.hpp
[2.370s] -- Up-to-date: /home/cjs/Health_Node/ros2_ws/install/base_interfaces_demo/include/base_interfaces_demo/msg/detail/pub_sub_info__struct.hpp
[2.370s] -- Up-to-date: /home/cjs/Health_Node/ros2_ws/install/base_interfaces_demo/include/base_interfaces_demo/msg/detail/device_id__builder.hpp
[2.370s] -- Up-to-date: /home/cjs/Health_Node/ros2_ws/install/base_interfaces_demo/include/base_interfaces_demo/msg/detail/file_updata__builder.hpp
[2.370s] -- Up-to-date: /home/cjs/Health_Node/ros2_ws/install/base_interfaces_demo/include/base_interfaces_demo/msg/detail/motor_status__builder.hpp
[2.370s] -- Up-to-date: /home/cjs/Health_Node/ros2_ws/install/base_interfaces_demo/include/base_interfaces_demo/msg/detail/bms_info__traits.hpp
[2.370s] -- Up-to-date: /home/cjs/Health_Node/ros2_ws/install/base_interfaces_demo/include/base_interfaces_demo/msg/detail/device_info__type_support.hpp
[2.370s] -- Up-to-date: /home/cjs/Health_Node/ros2_ws/install/base_interfaces_demo/include/base_interfaces_demo/msg/detail/hall_info__type_support.hpp
[2.370s] -- Up-to-date: /home/cjs/Health_Node/ros2_ws/install/base_interfaces_demo/include/base_interfaces_demo/msg/detail/hall_info__builder.hpp
[2.371s] -- Up-to-date: /home/cjs/Health_Node/ros2_ws/install/base_interfaces_demo/include/base_interfaces_demo/msg/detail/manual__builder.hpp
[2.371s] -- Up-to-date: /home/cjs/Health_Node/ros2_ws/install/base_interfaces_demo/include/base_interfaces_demo/msg/detail/manual_seek_label__struct.hpp
[2.371s] -- Up-to-date: /home/cjs/Health_Node/ros2_ws/install/base_interfaces_demo/include/base_interfaces_demo/msg/detail/device_id__traits.hpp
[2.371s] -- Up-to-date: /home/cjs/Health_Node/ros2_ws/install/base_interfaces_demo/include/base_interfaces_demo/msg/detail/location__type_support.hpp
[2.371s] -- Up-to-date: /home/cjs/Health_Node/ros2_ws/install/base_interfaces_demo/include/base_interfaces_demo/msg/detail/manual_seek_label__type_support.hpp
[2.371s] -- Up-to-date: /home/cjs/Health_Node/ros2_ws/install/base_interfaces_demo/include/base_interfaces_demo/msg/detail/charger_info__struct.hpp
[2.371s] -- Up-to-date: /home/cjs/Health_Node/ros2_ws/install/base_interfaces_demo/include/base_interfaces_demo/msg/detail/motor_status__traits.hpp
[2.371s] -- Up-to-date: /home/cjs/Health_Node/ros2_ws/install/base_interfaces_demo/include/base_interfaces_demo/msg/detail/location__struct.hpp
[2.371s] -- Up-to-date: /home/cjs/Health_Node/ros2_ws/install/base_interfaces_demo/include/base_interfaces_demo/msg/detail/seek_ret__struct.hpp
[2.371s] -- Up-to-date: /home/cjs/Health_Node/ros2_ws/install/base_interfaces_demo/include/base_interfaces_demo/msg/detail/pallet_info__struct.hpp
[2.371s] -- Up-to-date: /home/cjs/Health_Node/ros2_ws/install/base_interfaces_demo/include/base_interfaces_demo/msg/pub_sub_info.hpp
[2.371s] -- Up-to-date: /home/cjs/Health_Node/ros2_ws/install/base_interfaces_demo/include/base_interfaces_demo/msg/core_info.hpp
[2.371s] -- Up-to-date: /home/cjs/Health_Node/ros2_ws/install/base_interfaces_demo/include/base_interfaces_demo/msg/manual_seek_label.hpp
[2.371s] -- Up-to-date: /home/cjs/Health_Node/ros2_ws/install/base_interfaces_demo/include/base_interfaces_demo/msg/motor_status.hpp
[2.372s] -- Up-to-date: /home/cjs/Health_Node/ros2_ws/install/base_interfaces_demo/include/base_interfaces_demo/msg/hall_info.hpp
[2.372s] -- Up-to-date: /home/cjs/Health_Node/ros2_ws/install/base_interfaces_demo/include/base_interfaces_demo/msg/charger_info.hpp
[2.372s] -- Up-to-date: /home/cjs/Health_Node/ros2_ws/install/base_interfaces_demo/include/base_interfaces_demo/msg/rosidl_generator_cpp__visibility_control.hpp
[2.372s] -- Up-to-date: /home/cjs/Health_Node/ros2_ws/install/base_interfaces_demo/include/base_interfaces_demo/msg/location.hpp
[2.372s] -- Up-to-date: /home/cjs/Health_Node/ros2_ws/install/base_interfaces_demo/include/base_interfaces_demo/msg/file_updata.hpp
[2.372s] -- Up-to-date: /home/cjs/Health_Node/ros2_ws/install/base_interfaces_demo/include/base_interfaces_demo/msg/health_node.hpp
[2.372s] -- Up-to-date: /home/cjs/Health_Node/ros2_ws/install/base_interfaces_demo/include/base_interfaces_demo/msg/device_info.hpp
[2.372s] -- Up-to-date: /home/cjs/Health_Node/ros2_ws/install/base_interfaces_demo/include/base_interfaces_demo/msg/obs_laser.hpp
[2.372s] -- Up-to-date: /home/cjs/Health_Node/ros2_ws/install/base_interfaces_demo/include/base_interfaces_demo/msg/system_status.hpp
[2.372s] -- Up-to-date: /home/cjs/Health_Node/ros2_ws/install/base_interfaces_demo/include/base_interfaces_demo/msg/bms_info.hpp
[2.372s] -- Up-to-date: /home/cjs/Health_Node/ros2_ws/install/base_interfaces_demo/include/base_interfaces_demo/msg/manual.hpp
[2.372s] -- Up-to-date: /home/cjs/Health_Node/ros2_ws/install/base_interfaces_demo/include/base_interfaces_demo
[2.372s] -- Up-to-date: /home/cjs/Health_Node/ros2_ws/install/base_interfaces_demo/include/base_interfaces_demo/msg
[2.372s] -- Up-to-date: /home/cjs/Health_Node/ros2_ws/install/base_interfaces_demo/include/base_interfaces_demo/msg/detail
[2.373s] -- Up-to-date: /home/cjs/Health_Node/ros2_ws/install/base_interfaces_demo/include/base_interfaces_demo/msg/detail/device_info__type_support.cpp
[2.373s] -- Up-to-date: /home/cjs/Health_Node/ros2_ws/install/base_interfaces_demo/include/base_interfaces_demo/msg/detail/health_node__rosidl_typesupport_introspection_cpp.hpp
[2.373s] -- Up-to-date: /home/cjs/Health_Node/ros2_ws/install/base_interfaces_demo/include/base_interfaces_demo/msg/detail/location__type_support.cpp
[2.373s] -- Up-to-date: /home/cjs/Health_Node/ros2_ws/install/base_interfaces_demo/include/base_interfaces_demo/msg/detail/health_node__type_support.cpp
[2.373s] -- Up-to-date: /home/cjs/Health_Node/ros2_ws/install/base_interfaces_demo/include/base_interfaces_demo/msg/detail/pub_sub_info__rosidl_typesupport_introspection_cpp.hpp
[2.373s] -- Up-to-date: /home/cjs/Health_Node/ros2_ws/install/base_interfaces_demo/include/base_interfaces_demo/msg/detail/seek_ret__type_support.cpp
[2.373s] -- Up-to-date: /home/cjs/Health_Node/ros2_ws/install/base_interfaces_demo/include/base_interfaces_demo/msg/detail/device_id__type_support.cpp
[2.373s] -- Up-to-date: /home/cjs/Health_Node/ros2_ws/install/base_interfaces_demo/include/base_interfaces_demo/msg/detail/manual__rosidl_typesupport_introspection_cpp.hpp
[2.373s] -- Up-to-date: /home/cjs/Health_Node/ros2_ws/install/base_interfaces_demo/include/base_interfaces_demo/msg/detail/charger_info__type_support.cpp
[2.373s] -- Up-to-date: /home/cjs/Health_Node/ros2_ws/install/base_interfaces_demo/include/base_interfaces_demo/msg/detail/color_info__rosidl_typesupport_introspection_cpp.hpp
[2.373s] -- Up-to-date: /home/cjs/Health_Node/ros2_ws/install/base_interfaces_demo/include/base_interfaces_demo/msg/detail/location__rosidl_typesupport_introspection_cpp.hpp
[2.373s] -- Up-to-date: /home/cjs/Health_Node/ros2_ws/install/base_interfaces_demo/include/base_interfaces_demo/msg/detail/manual_seek_label__type_support.cpp
[2.373s] -- Up-to-date: /home/cjs/Health_Node/ros2_ws/install/base_interfaces_demo/include/base_interfaces_demo/msg/detail/manual__type_support.cpp
[2.374s] -- Up-to-date: /home/cjs/Health_Node/ros2_ws/install/base_interfaces_demo/include/base_interfaces_demo/msg/detail/core_info__type_support.cpp
[2.374s] -- Up-to-date: /home/cjs/Health_Node/ros2_ws/install/base_interfaces_demo/include/base_interfaces_demo/msg/detail/bms_info__type_support.cpp
[2.374s] -- Up-to-date: /home/cjs/Health_Node/ros2_ws/install/base_interfaces_demo/include/base_interfaces_demo/msg/detail/core_info__rosidl_typesupport_introspection_cpp.hpp
[2.374s] -- Up-to-date: /home/cjs/Health_Node/ros2_ws/install/base_interfaces_demo/include/base_interfaces_demo/msg/detail/system_status__type_support.cpp
[2.374s] -- Up-to-date: /home/cjs/Health_Node/ros2_ws/install/base_interfaces_demo/include/base_interfaces_demo/msg/detail/manual_seek_label__rosidl_typesupport_introspection_cpp.hpp
[2.374s] -- Up-to-date: /home/cjs/Health_Node/ros2_ws/install/base_interfaces_demo/include/base_interfaces_demo/msg/detail/charger_info__rosidl_typesupport_introspection_cpp.hpp
[2.374s] -- Up-to-date: /home/cjs/Health_Node/ros2_ws/install/base_interfaces_demo/include/base_interfaces_demo/msg/detail/obs_laser__rosidl_typesupport_introspection_cpp.hpp
[2.374s] -- Up-to-date: /home/cjs/Health_Node/ros2_ws/install/base_interfaces_demo/include/base_interfaces_demo/msg/detail/device_id__rosidl_typesupport_introspection_cpp.hpp
[2.374s] -- Up-to-date: /home/cjs/Health_Node/ros2_ws/install/base_interfaces_demo/include/base_interfaces_demo/msg/detail/color_info__type_support.cpp
[2.374s] -- Up-to-date: /home/cjs/Health_Node/ros2_ws/install/base_interfaces_demo/include/base_interfaces_demo/msg/detail/pallet_info__rosidl_typesupport_introspection_cpp.hpp
[2.374s] -- Up-to-date: /home/cjs/Health_Node/ros2_ws/install/base_interfaces_demo/include/base_interfaces_demo/msg/detail/file_updata__rosidl_typesupport_introspection_cpp.hpp
[2.375s] -- Up-to-date: /home/cjs/Health_Node/ros2_ws/install/base_interfaces_demo/include/base_interfaces_demo/msg/detail/motor_status__type_support.cpp
[2.375s] -- Up-to-date: /home/cjs/Health_Node/ros2_ws/install/base_interfaces_demo/include/base_interfaces_demo/msg/detail/file_updata__type_support.cpp
[2.375s] -- Up-to-date: /home/cjs/Health_Node/ros2_ws/install/base_interfaces_demo/include/base_interfaces_demo/msg/detail/pub_sub_info__type_support.cpp
[2.375s] -- Up-to-date: /home/cjs/Health_Node/ros2_ws/install/base_interfaces_demo/include/base_interfaces_demo/msg/detail/bms_info__rosidl_typesupport_introspection_cpp.hpp
[2.375s] -- Up-to-date: /home/cjs/Health_Node/ros2_ws/install/base_interfaces_demo/include/base_interfaces_demo/msg/detail/seek_ret__rosidl_typesupport_introspection_cpp.hpp
[2.375s] -- Up-to-date: /home/cjs/Health_Node/ros2_ws/install/base_interfaces_demo/include/base_interfaces_demo/msg/detail/system_status__rosidl_typesupport_introspection_cpp.hpp
[2.375s] -- Up-to-date: /home/cjs/Health_Node/ros2_ws/install/base_interfaces_demo/include/base_interfaces_demo/msg/detail/hall_info__rosidl_typesupport_introspection_cpp.hpp
[2.375s] -- Up-to-date: /home/cjs/Health_Node/ros2_ws/install/base_interfaces_demo/include/base_interfaces_demo/msg/detail/motor_status__rosidl_typesupport_introspection_cpp.hpp
[2.375s] -- Up-to-date: /home/cjs/Health_Node/ros2_ws/install/base_interfaces_demo/include/base_interfaces_demo/msg/detail/device_info__rosidl_typesupport_introspection_cpp.hpp
[2.375s] -- Up-to-date: /home/cjs/Health_Node/ros2_ws/install/base_interfaces_demo/include/base_interfaces_demo/msg/detail/pallet_info__type_support.cpp
[2.375s] -- Up-to-date: /home/cjs/Health_Node/ros2_ws/install/base_interfaces_demo/include/base_interfaces_demo/msg/detail/obs_laser__type_support.cpp
[2.375s] -- Up-to-date: /home/cjs/Health_Node/ros2_ws/install/base_interfaces_demo/include/base_interfaces_demo/msg/detail/hall_info__type_support.cpp
[2.375s] -- Up-to-date: /home/cjs/Health_Node/ros2_ws/install/base_interfaces_demo/lib/libbase_interfaces_demo__rosidl_typesupport_introspection_cpp.so
[2.375s] -- Up-to-date: /home/cjs/Health_Node/ros2_ws/install/base_interfaces_demo/lib/libbase_interfaces_demo__rosidl_typesupport_cpp.so
[2.376s] -- Up-to-date: /home/cjs/Health_Node/ros2_ws/install/base_interfaces_demo/share/base_interfaces_demo/environment/pythonpath.sh
[2.376s] -- Up-to-date: /home/cjs/Health_Node/ros2_ws/install/base_interfaces_demo/share/base_interfaces_demo/environment/pythonpath.dsv
[2.376s] -- Up-to-date: /home/cjs/Health_Node/ros2_ws/install/base_interfaces_demo/lib/python3.8/site-packages/base_interfaces_demo/__init__.py
[2.419s] -- Up-to-date: /home/cjs/Health_Node/ros2_ws/install/base_interfaces_demo/lib/python3.8/site-packages/base_interfaces_demo/msg
[2.419s] -- Up-to-date: /home/cjs/Health_Node/ros2_ws/install/base_interfaces_demo/lib/python3.8/site-packages/base_interfaces_demo/msg/_hall_info_s.c
[2.419s] -- Up-to-date: /home/cjs/Health_Node/ros2_ws/install/base_interfaces_demo/lib/python3.8/site-packages/base_interfaces_demo/msg/_health_node.py
[2.419s] -- Up-to-date: /home/cjs/Health_Node/ros2_ws/install/base_interfaces_demo/lib/python3.8/site-packages/base_interfaces_demo/msg/_core_info_s.c
[2.419s] -- Up-to-date: /home/cjs/Health_Node/ros2_ws/install/base_interfaces_demo/lib/python3.8/site-packages/base_interfaces_demo/msg/_pub_sub_info.py
[2.420s] -- Up-to-date: /home/cjs/Health_Node/ros2_ws/install/base_interfaces_demo/lib/python3.8/site-packages/base_interfaces_demo/msg/_health_node_s.c
[2.420s] -- Up-to-date: /home/cjs/Health_Node/ros2_ws/install/base_interfaces_demo/lib/python3.8/site-packages/base_interfaces_demo/msg/_color_info.py
[2.420s] -- Up-to-date: /home/cjs/Health_Node/ros2_ws/install/base_interfaces_demo/lib/python3.8/site-packages/base_interfaces_demo/msg/_device_id.py
[2.420s] -- Up-to-date: /home/cjs/Health_Node/ros2_ws/install/base_interfaces_demo/lib/python3.8/site-packages/base_interfaces_demo/msg/_device_info.py
[2.420s] -- Up-to-date: /home/cjs/Health_Node/ros2_ws/install/base_interfaces_demo/lib/python3.8/site-packages/base_interfaces_demo/msg/_motor_status.py
[2.420s] -- Up-to-date: /home/cjs/Health_Node/ros2_ws/install/base_interfaces_demo/lib/python3.8/site-packages/base_interfaces_demo/msg/_pallet_info.py
[2.420s] -- Up-to-date: /home/cjs/Health_Node/ros2_ws/install/base_interfaces_demo/lib/python3.8/site-packages/base_interfaces_demo/msg/_obs_laser.py
[2.420s] -- Up-to-date: /home/cjs/Health_Node/ros2_ws/install/base_interfaces_demo/lib/python3.8/site-packages/base_interfaces_demo/msg/_device_id_s.c
[2.420s] -- Up-to-date: /home/cjs/Health_Node/ros2_ws/install/base_interfaces_demo/lib/python3.8/site-packages/base_interfaces_demo/msg/_seek_ret_s.c
[2.420s] -- Up-to-date: /home/cjs/Health_Node/ros2_ws/install/base_interfaces_demo/lib/python3.8/site-packages/base_interfaces_demo/msg/_file_updata_s.c
[2.420s] -- Up-to-date: /home/cjs/Health_Node/ros2_ws/install/base_interfaces_demo/lib/python3.8/site-packages/base_interfaces_demo/msg/_device_info_s.c
[2.420s] -- Up-to-date: /home/cjs/Health_Node/ros2_ws/install/base_interfaces_demo/lib/python3.8/site-packages/base_interfaces_demo/msg/_manual_seek_label.py
[2.420s] -- Up-to-date: /home/cjs/Health_Node/ros2_ws/install/base_interfaces_demo/lib/python3.8/site-packages/base_interfaces_demo/msg/_pub_sub_info_s.c
[2.421s] -- Up-to-date: /home/cjs/Health_Node/ros2_ws/install/base_interfaces_demo/lib/python3.8/site-packages/base_interfaces_demo/msg/_obs_laser_s.c
[2.421s] -- Up-to-date: /home/cjs/Health_Node/ros2_ws/install/base_interfaces_demo/lib/python3.8/site-packages/base_interfaces_demo/msg/_charger_info_s.c
[2.421s] -- Up-to-date: /home/cjs/Health_Node/ros2_ws/install/base_interfaces_demo/lib/python3.8/site-packages/base_interfaces_demo/msg/_system_status.py
[2.421s] -- Up-to-date: /home/cjs/Health_Node/ros2_ws/install/base_interfaces_demo/lib/python3.8/site-packages/base_interfaces_demo/msg/_manual.py
[2.421s] -- Up-to-date: /home/cjs/Health_Node/ros2_ws/install/base_interfaces_demo/lib/python3.8/site-packages/base_interfaces_demo/msg/_core_info.py
[2.421s] -- Up-to-date: /home/cjs/Health_Node/ros2_ws/install/base_interfaces_demo/lib/python3.8/site-packages/base_interfaces_demo/msg/_charger_info.py
[2.421s] -- Up-to-date: /home/cjs/Health_Node/ros2_ws/install/base_interfaces_demo/lib/python3.8/site-packages/base_interfaces_demo/msg/_manual_s.c
[2.421s] -- Up-to-date: /home/cjs/Health_Node/ros2_ws/install/base_interfaces_demo/lib/python3.8/site-packages/base_interfaces_demo/msg/_manual_seek_label_s.c
[2.421s] -- Up-to-date: /home/cjs/Health_Node/ros2_ws/install/base_interfaces_demo/lib/python3.8/site-packages/base_interfaces_demo/msg/_hall_info.py
[2.421s] -- Up-to-date: /home/cjs/Health_Node/ros2_ws/install/base_interfaces_demo/lib/python3.8/site-packages/base_interfaces_demo/msg/_location_s.c
[2.423s] -- Up-to-date: /home/cjs/Health_Node/ros2_ws/install/base_interfaces_demo/lib/python3.8/site-packages/base_interfaces_demo/msg/_seek_ret.py
[2.424s] -- Up-to-date: /home/cjs/Health_Node/ros2_ws/install/base_interfaces_demo/lib/python3.8/site-packages/base_interfaces_demo/msg/_system_status_s.c
[2.425s] -- Up-to-date: /home/cjs/Health_Node/ros2_ws/install/base_interfaces_demo/lib/python3.8/site-packages/base_interfaces_demo/msg/_location.py
[2.430s] -- Up-to-date: /home/cjs/Health_Node/ros2_ws/install/base_interfaces_demo/lib/python3.8/site-packages/base_interfaces_demo/msg/_color_info_s.c
[2.430s] -- Up-to-date: /home/cjs/Health_Node/ros2_ws/install/base_interfaces_demo/lib/python3.8/site-packages/base_interfaces_demo/msg/_motor_status_s.c
[2.430s] -- Up-to-date: /home/cjs/Health_Node/ros2_ws/install/base_interfaces_demo/lib/python3.8/site-packages/base_interfaces_demo/msg/_file_updata.py
[2.431s] -- Up-to-date: /home/cjs/Health_Node/ros2_ws/install/base_interfaces_demo/lib/python3.8/site-packages/base_interfaces_demo/msg/_bms_info_s.c
[2.431s] -- Up-to-date: /home/cjs/Health_Node/ros2_ws/install/base_interfaces_demo/lib/python3.8/site-packages/base_interfaces_demo/msg/_pallet_info_s.c
[2.431s] -- Up-to-date: /home/cjs/Health_Node/ros2_ws/install/base_interfaces_demo/lib/python3.8/site-packages/base_interfaces_demo/msg/__init__.py
[2.431s] -- Up-to-date: /home/cjs/Health_Node/ros2_ws/install/base_interfaces_demo/lib/python3.8/site-packages/base_interfaces_demo/msg/_bms_info.py
[2.431s] -- Up-to-date: /home/cjs/Health_Node/ros2_ws/install/base_interfaces_demo/lib/python3.8/site-packages/base_interfaces_demo/base_interfaces_demo_s__rosidl_typesupport_fastrtps_c.cpython-38-x86_64-linux-gnu.so
[2.431s] -- Up-to-date: /home/cjs/Health_Node/ros2_ws/install/base_interfaces_demo/lib/python3.8/site-packages/base_interfaces_demo/base_interfaces_demo_s__rosidl_typesupport_introspection_c.cpython-38-x86_64-linux-gnu.so
[2.431s] -- Up-to-date: /home/cjs/Health_Node/ros2_ws/install/base_interfaces_demo/lib/python3.8/site-packages/base_interfaces_demo/base_interfaces_demo_s__rosidl_typesupport_c.cpython-38-x86_64-linux-gnu.so
[2.431s] -- Up-to-date: /home/cjs/Health_Node/ros2_ws/install/base_interfaces_demo/lib/libbase_interfaces_demo__python.so
[2.431s] -- Up-to-date: /home/cjs/Health_Node/ros2_ws/install/base_interfaces_demo/share/base_interfaces_demo/msg/BmsInfo.idl
[2.431s] -- Up-to-date: /home/cjs/Health_Node/ros2_ws/install/base_interfaces_demo/share/base_interfaces_demo/msg/ChargerInfo.idl
[2.431s] -- Up-to-date: /home/cjs/Health_Node/ros2_ws/install/base_interfaces_demo/share/base_interfaces_demo/msg/ColorInfo.idl
[2.431s] -- Up-to-date: /home/cjs/Health_Node/ros2_ws/install/base_interfaces_demo/share/base_interfaces_demo/msg/CoreInfo.idl
[2.431s] -- Up-to-date: /home/cjs/Health_Node/ros2_ws/install/base_interfaces_demo/share/base_interfaces_demo/msg/DeviceId.idl
[2.431s] -- Up-to-date: /home/cjs/Health_Node/ros2_ws/install/base_interfaces_demo/share/base_interfaces_demo/msg/DeviceInfo.idl
[2.431s] -- Up-to-date: /home/cjs/Health_Node/ros2_ws/install/base_interfaces_demo/share/base_interfaces_demo/msg/FileUpdata.idl
[2.431s] -- Up-to-date: /home/cjs/Health_Node/ros2_ws/install/base_interfaces_demo/share/base_interfaces_demo/msg/HallInfo.idl
[2.431s] -- Up-to-date: /home/cjs/Health_Node/ros2_ws/install/base_interfaces_demo/share/base_interfaces_demo/msg/HealthNode.idl
[2.432s] -- Up-to-date: /home/cjs/Health_Node/ros2_ws/install/base_interfaces_demo/share/base_interfaces_demo/msg/Location.idl
[2.432s] -- Up-to-date: /home/cjs/Health_Node/ros2_ws/install/base_interfaces_demo/share/base_interfaces_demo/msg/Manual.idl
[2.432s] -- Up-to-date: /home/cjs/Health_Node/ros2_ws/install/base_interfaces_demo/share/base_interfaces_demo/msg/ManualSeekLabel.idl
[2.432s] -- Up-to-date: /home/cjs/Health_Node/ros2_ws/install/base_interfaces_demo/share/base_interfaces_demo/msg/MotorStatus.idl
[2.432s] -- Up-to-date: /home/cjs/Health_Node/ros2_ws/install/base_interfaces_demo/share/base_interfaces_demo/msg/ObsLaser.idl
[2.432s] -- Up-to-date: /home/cjs/Health_Node/ros2_ws/install/base_interfaces_demo/share/base_interfaces_demo/msg/PalletInfo.idl
[2.432s] -- Up-to-date: /home/cjs/Health_Node/ros2_ws/install/base_interfaces_demo/share/base_interfaces_demo/msg/PubSubInfo.idl
[2.432s] -- Up-to-date: /home/cjs/Health_Node/ros2_ws/install/base_interfaces_demo/share/base_interfaces_demo/msg/SeekRet.idl
[2.432s] -- Up-to-date: /home/cjs/Health_Node/ros2_ws/install/base_interfaces_demo/share/base_interfaces_demo/msg/SystemStatus.idl
[2.432s] -- Up-to-date: /home/cjs/Health_Node/ros2_ws/install/base_interfaces_demo/share/base_interfaces_demo/msg/BmsInfo.msg
[2.432s] -- Up-to-date: /home/cjs/Health_Node/ros2_ws/install/base_interfaces_demo/share/base_interfaces_demo/msg/ChargerInfo.msg
[2.432s] -- Up-to-date: /home/cjs/Health_Node/ros2_ws/install/base_interfaces_demo/share/base_interfaces_demo/msg/ColorInfo.msg
[2.432s] -- Up-to-date: /home/cjs/Health_Node/ros2_ws/install/base_interfaces_demo/share/base_interfaces_demo/msg/CoreInfo.msg
[2.432s] -- Up-to-date: /home/cjs/Health_Node/ros2_ws/install/base_interfaces_demo/share/base_interfaces_demo/msg/DeviceId.msg
[2.433s] -- Up-to-date: /home/cjs/Health_Node/ros2_ws/install/base_interfaces_demo/share/base_interfaces_demo/msg/DeviceInfo.msg
[2.433s] -- Up-to-date: /home/cjs/Health_Node/ros2_ws/install/base_interfaces_demo/share/base_interfaces_demo/msg/FileUpdata.msg
[2.433s] -- Up-to-date: /home/cjs/Health_Node/ros2_ws/install/base_interfaces_demo/share/base_interfaces_demo/msg/HallInfo.msg
[2.433s] -- Up-to-date: /home/cjs/Health_Node/ros2_ws/install/base_interfaces_demo/share/base_interfaces_demo/msg/HealthNode.msg
[2.433s] -- Up-to-date: /home/cjs/Health_Node/ros2_ws/install/base_interfaces_demo/share/base_interfaces_demo/msg/Location.msg
[2.433s] -- Up-to-date: /home/cjs/Health_Node/ros2_ws/install/base_interfaces_demo/share/base_interfaces_demo/msg/Manual.msg
[2.433s] -- Up-to-date: /home/cjs/Health_Node/ros2_ws/install/base_interfaces_demo/share/base_interfaces_demo/msg/ManualSeekLabel.msg
[2.433s] -- Up-to-date: /home/cjs/Health_Node/ros2_ws/install/base_interfaces_demo/share/base_interfaces_demo/msg/MotorStatus.msg
[2.433s] -- Up-to-date: /home/cjs/Health_Node/ros2_ws/install/base_interfaces_demo/share/base_interfaces_demo/msg/ObsLaser.msg
[2.433s] -- Up-to-date: /home/cjs/Health_Node/ros2_ws/install/base_interfaces_demo/share/base_interfaces_demo/msg/PalletInfo.msg
[2.433s] -- Up-to-date: /home/cjs/Health_Node/ros2_ws/install/base_interfaces_demo/share/base_interfaces_demo/msg/PubSubInfo.msg
[2.433s] -- Up-to-date: /home/cjs/Health_Node/ros2_ws/install/base_interfaces_demo/share/base_interfaces_demo/msg/SeekRet.msg
[2.433s] -- Up-to-date: /home/cjs/Health_Node/ros2_ws/install/base_interfaces_demo/share/base_interfaces_demo/msg/SystemStatus.msg
[2.434s] -- Up-to-date: /home/cjs/Health_Node/ros2_ws/install/base_interfaces_demo/share/ament_index/resource_index/package_run_dependencies/base_interfaces_demo
[2.434s] -- Up-to-date: /home/cjs/Health_Node/ros2_ws/install/base_interfaces_demo/share/ament_index/resource_index/parent_prefix_path/base_interfaces_demo
[2.434s] -- Up-to-date: /home/cjs/Health_Node/ros2_ws/install/base_interfaces_demo/share/base_interfaces_demo/environment/ament_prefix_path.sh
[2.434s] -- Up-to-date: /home/cjs/Health_Node/ros2_ws/install/base_interfaces_demo/share/base_interfaces_demo/environment/ament_prefix_path.dsv
[2.434s] -- Up-to-date: /home/cjs/Health_Node/ros2_ws/install/base_interfaces_demo/share/base_interfaces_demo/environment/path.sh
[2.434s] -- Up-to-date: /home/cjs/Health_Node/ros2_ws/install/base_interfaces_demo/share/base_interfaces_demo/environment/path.dsv
[2.434s] -- Up-to-date: /home/cjs/Health_Node/ros2_ws/install/base_interfaces_demo/share/base_interfaces_demo/local_setup.bash
[2.434s] -- Up-to-date: /home/cjs/Health_Node/ros2_ws/install/base_interfaces_demo/share/base_interfaces_demo/local_setup.sh
[2.434s] -- Up-to-date: /home/cjs/Health_Node/ros2_ws/install/base_interfaces_demo/share/base_interfaces_demo/local_setup.zsh
[2.434s] -- Up-to-date: /home/cjs/Health_Node/ros2_ws/install/base_interfaces_demo/share/base_interfaces_demo/local_setup.dsv
[2.435s] -- Installing: /home/cjs/Health_Node/ros2_ws/install/base_interfaces_demo/share/base_interfaces_demo/package.dsv
[2.437s] -- Up-to-date: /home/cjs/Health_Node/ros2_ws/install/base_interfaces_demo/share/ament_index/resource_index/packages/base_interfaces_demo
[2.437s] -- Up-to-date: /home/cjs/Health_Node/ros2_ws/install/base_interfaces_demo/share/base_interfaces_demo/cmake/base_interfaces_demo__rosidl_generator_cExport.cmake
[2.437s] -- Up-to-date: /home/cjs/Health_Node/ros2_ws/install/base_interfaces_demo/share/base_interfaces_demo/cmake/base_interfaces_demo__rosidl_generator_cExport-noconfig.cmake
[2.442s] -- Up-to-date: /home/cjs/Health_Node/ros2_ws/install/base_interfaces_demo/share/base_interfaces_demo/cmake/base_interfaces_demo__rosidl_typesupport_introspection_cExport.cmake
[2.443s] -- Up-to-date: /home/cjs/Health_Node/ros2_ws/install/base_interfaces_demo/share/base_interfaces_demo/cmake/base_interfaces_demo__rosidl_typesupport_introspection_cExport-noconfig.cmake
[2.443s] -- Up-to-date: /home/cjs/Health_Node/ros2_ws/install/base_interfaces_demo/share/base_interfaces_demo/cmake/base_interfaces_demo__rosidl_typesupport_cExport.cmake
[2.443s] -- Up-to-date: /home/cjs/Health_Node/ros2_ws/install/base_interfaces_demo/share/base_interfaces_demo/cmake/base_interfaces_demo__rosidl_typesupport_cExport-noconfig.cmake
[2.443s] -- Up-to-date: /home/cjs/Health_Node/ros2_ws/install/base_interfaces_demo/share/base_interfaces_demo/cmake/base_interfaces_demo__rosidl_generator_cppExport.cmake
[2.443s] -- Up-to-date: /home/cjs/Health_Node/ros2_ws/install/base_interfaces_demo/share/base_interfaces_demo/cmake/base_interfaces_demo__rosidl_typesupport_introspection_cppExport.cmake
[2.443s] -- Up-to-date: /home/cjs/Health_Node/ros2_ws/install/base_interfaces_demo/share/base_interfaces_demo/cmake/base_interfaces_demo__rosidl_typesupport_introspection_cppExport-noconfig.cmake
[2.443s] -- Up-to-date: /home/cjs/Health_Node/ros2_ws/install/base_interfaces_demo/share/base_interfaces_demo/cmake/base_interfaces_demo__rosidl_typesupport_cppExport.cmake
[2.444s] -- Up-to-date: /home/cjs/Health_Node/ros2_ws/install/base_interfaces_demo/share/base_interfaces_demo/cmake/base_interfaces_demo__rosidl_typesupport_cppExport-noconfig.cmake
[2.444s] -- Up-to-date: /home/cjs/Health_Node/ros2_ws/install/base_interfaces_demo/share/base_interfaces_demo/cmake/rosidl_cmake-extras.cmake
[2.444s] -- Up-to-date: /home/cjs/Health_Node/ros2_ws/install/base_interfaces_demo/share/base_interfaces_demo/cmake/ament_cmake_export_dependencies-extras.cmake
[2.444s] -- Up-to-date: /home/cjs/Health_Node/ros2_ws/install/base_interfaces_demo/share/base_interfaces_demo/cmake/ament_cmake_export_libraries-extras.cmake
[2.444s] -- Up-to-date: /home/cjs/Health_Node/ros2_ws/install/base_interfaces_demo/share/base_interfaces_demo/cmake/ament_cmake_export_targets-extras.cmake
[2.444s] -- Up-to-date: /home/cjs/Health_Node/ros2_ws/install/base_interfaces_demo/share/base_interfaces_demo/cmake/ament_cmake_export_include_directories-extras.cmake
[2.444s] -- Up-to-date: /home/cjs/Health_Node/ros2_ws/install/base_interfaces_demo/share/base_interfaces_demo/cmake/rosidl_cmake_export_typesupport_libraries-extras.cmake
[2.444s] -- Up-to-date: /home/cjs/Health_Node/ros2_ws/install/base_interfaces_demo/share/base_interfaces_demo/cmake/rosidl_cmake_export_typesupport_targets-extras.cmake
[2.444s] -- Up-to-date: /home/cjs/Health_Node/ros2_ws/install/base_interfaces_demo/share/base_interfaces_demo/cmake/base_interfaces_demoConfig.cmake
[2.444s] -- Up-to-date: /home/cjs/Health_Node/ros2_ws/install/base_interfaces_demo/share/base_interfaces_demo/cmake/base_interfaces_demoConfig-version.cmake
[2.444s] -- Up-to-date: /home/cjs/Health_Node/ros2_ws/install/base_interfaces_demo/share/base_interfaces_demo/package.xml
[2.448s] Invoked command in '/home/cjs/Health_Node/ros2_ws/build/base_interfaces_demo' returned '0': CMAKE_PREFIX_PATH=/opt/ros/foxy /usr/bin/cmake --install /home/cjs/Health_Node/ros2_ws/build/base_interfaces_demo
