[1.231s] DEBUG:colcon:Command line arguments: ['/usr/bin/colcon', 'build']
[1.231s] DEBUG:colcon:Parsed command line arguments: Namespace(allow_overriding=[], ament_cmake_args=None, base_paths=['.'], build_base='build', catkin_cmake_args=None, catkin_skip_building_tests=False, cmake_args=None, cmake_clean_cache=False, cmake_clean_first=False, cmake_force_configure=False, cmake_target=None, cmake_target_skip_unavailable=False, continue_on_error=False, event_handlers=None, executor='parallel', ignore_user_meta=False, install_base='install', log_base=None, log_level=None, main=<bound method BuildVerb.main of <colcon_core.verb.build.BuildVerb object at 0x7f605d00bbe0>>, merge_install=False, metas=['./colcon.meta'], mixin=None, mixin_files=None, mixin_verb=('build',), packages_above=None, packages_above_and_dependencies=None, packages_above_depth=None, packages_end=None, packages_ignore=None, packages_ignore_regex=None, packages_select=None, packages_select_build_failed=False, packages_select_by_dep=None, packages_select_regex=None, packages_select_test_failures=False, packages_skip=None, packages_skip_build_finished=False, packages_skip_by_dep=None, packages_skip_regex=None, packages_skip_test_passed=False, packages_skip_up_to=None, packages_start=None, packages_up_to=None, packages_up_to_regex=None, parallel_workers=4, paths=None, symlink_install=False, test_result_base=None, verb_extension=<colcon_core.verb.build.BuildVerb object at 0x7f605d00bbe0>, verb_name='build', verb_parser=<colcon_mixin.mixin.mixin_argument.MixinArgumentDecorator object at 0x7f605ceefe80>)
[1.692s] Level 1:colcon.colcon_core.package_discovery:discover_packages(colcon_meta) check parameters
[1.693s] Level 1:colcon.colcon_core.package_discovery:discover_packages(recursive) check parameters
[1.693s] Level 1:colcon.colcon_core.package_discovery:discover_packages(ignore) check parameters
[1.693s] Level 1:colcon.colcon_core.package_discovery:discover_packages(path) check parameters
[1.693s] Level 1:colcon.colcon_core.package_discovery:discover_packages(colcon_meta) discover
[1.693s] Level 1:colcon.colcon_core.package_discovery:discover_packages(recursive) discover
[1.693s] INFO:colcon.colcon_core.package_discovery:Crawling recursively for packages in '/home/cjs/Health_Node/ros2_ws'
[1.693s] Level 1:colcon.colcon_core.package_identification:_identify(.) by extensions ['ignore', 'ignore_ament_install']
[1.693s] Level 1:colcon.colcon_core.package_identification:_identify(.) by extension 'ignore'
[1.694s] Level 1:colcon.colcon_core.package_identification:_identify(.) by extension 'ignore_ament_install'
[1.694s] Level 1:colcon.colcon_core.package_identification:_identify(.) by extensions ['colcon_pkg']
[1.694s] Level 1:colcon.colcon_core.package_identification:_identify(.) by extension 'colcon_pkg'
[1.694s] Level 1:colcon.colcon_core.package_identification:_identify(.) by extensions ['colcon_meta']
[1.694s] Level 1:colcon.colcon_core.package_identification:_identify(.) by extension 'colcon_meta'
[1.694s] Level 1:colcon.colcon_core.package_identification:_identify(.) by extensions ['ros']
[1.694s] Level 1:colcon.colcon_core.package_identification:_identify(.) by extension 'ros'
[1.739s] Level 1:colcon.colcon_core.package_identification:_identify(.) by extensions ['cmake', 'python']
[1.739s] Level 1:colcon.colcon_core.package_identification:_identify(.) by extension 'cmake'
[1.739s] Level 1:colcon.colcon_core.package_identification:_identify(.) by extension 'python'
[1.739s] Level 1:colcon.colcon_core.package_identification:_identify(.) by extensions ['python_setup_py']
[1.740s] Level 1:colcon.colcon_core.package_identification:_identify(.) by extension 'python_setup_py'
[1.740s] Level 1:colcon.colcon_core.package_identification:_identify(build) by extensions ['ignore', 'ignore_ament_install']
[1.740s] Level 1:colcon.colcon_core.package_identification:_identify(build) by extension 'ignore'
[1.740s] Level 1:colcon.colcon_core.package_identification:_identify(build) ignored
[1.741s] Level 1:colcon.colcon_core.package_identification:_identify(install) by extensions ['ignore', 'ignore_ament_install']
[1.741s] Level 1:colcon.colcon_core.package_identification:_identify(install) by extension 'ignore'
[1.741s] Level 1:colcon.colcon_core.package_identification:_identify(install) ignored
[1.742s] Level 1:colcon.colcon_core.package_identification:_identify(log) by extensions ['ignore', 'ignore_ament_install']
[1.742s] Level 1:colcon.colcon_core.package_identification:_identify(log) by extension 'ignore'
[1.742s] Level 1:colcon.colcon_core.package_identification:_identify(log) ignored
[1.742s] Level 1:colcon.colcon_core.package_identification:_identify(src) by extensions ['ignore', 'ignore_ament_install']
[1.743s] Level 1:colcon.colcon_core.package_identification:_identify(src) by extension 'ignore'
[1.743s] Level 1:colcon.colcon_core.package_identification:_identify(src) by extension 'ignore_ament_install'
[1.743s] Level 1:colcon.colcon_core.package_identification:_identify(src) by extensions ['colcon_pkg']
[1.743s] Level 1:colcon.colcon_core.package_identification:_identify(src) by extension 'colcon_pkg'
[1.743s] Level 1:colcon.colcon_core.package_identification:_identify(src) by extensions ['colcon_meta']
[1.743s] Level 1:colcon.colcon_core.package_identification:_identify(src) by extension 'colcon_meta'
[1.743s] Level 1:colcon.colcon_core.package_identification:_identify(src) by extensions ['ros']
[1.744s] Level 1:colcon.colcon_core.package_identification:_identify(src) by extension 'ros'
[1.744s] Level 1:colcon.colcon_core.package_identification:_identify(src) by extensions ['cmake', 'python']
[1.744s] Level 1:colcon.colcon_core.package_identification:_identify(src) by extension 'cmake'
[1.744s] Level 1:colcon.colcon_core.package_identification:_identify(src) by extension 'python'
[1.744s] Level 1:colcon.colcon_core.package_identification:_identify(src) by extensions ['python_setup_py']
[1.744s] Level 1:colcon.colcon_core.package_identification:_identify(src) by extension 'python_setup_py'
[1.745s] Level 1:colcon.colcon_core.package_identification:_identify(src/base_interfaces_demo) by extensions ['ignore', 'ignore_ament_install']
[1.745s] Level 1:colcon.colcon_core.package_identification:_identify(src/base_interfaces_demo) by extension 'ignore'
[1.745s] Level 1:colcon.colcon_core.package_identification:_identify(src/base_interfaces_demo) by extension 'ignore_ament_install'
[1.745s] Level 1:colcon.colcon_core.package_identification:_identify(src/base_interfaces_demo) by extensions ['colcon_pkg']
[1.745s] Level 1:colcon.colcon_core.package_identification:_identify(src/base_interfaces_demo) by extension 'colcon_pkg'
[1.746s] Level 1:colcon.colcon_core.package_identification:_identify(src/base_interfaces_demo) by extensions ['colcon_meta']
[1.746s] Level 1:colcon.colcon_core.package_identification:_identify(src/base_interfaces_demo) by extension 'colcon_meta'
[1.746s] Level 1:colcon.colcon_core.package_identification:_identify(src/base_interfaces_demo) by extensions ['ros']
[1.746s] Level 1:colcon.colcon_core.package_identification:_identify(src/base_interfaces_demo) by extension 'ros'
[1.755s] DEBUG:colcon.colcon_core.package_identification:Package 'src/base_interfaces_demo' with type 'ros.ament_cmake' and name 'base_interfaces_demo'
[1.756s] Level 1:colcon.colcon_core.package_identification:_identify(src/pkg01_healthoper_cpp) by extensions ['ignore', 'ignore_ament_install']
[1.757s] Level 1:colcon.colcon_core.package_identification:_identify(src/pkg01_healthoper_cpp) by extension 'ignore'
[1.758s] Level 1:colcon.colcon_core.package_identification:_identify(src/pkg01_healthoper_cpp) by extension 'ignore_ament_install'
[1.759s] Level 1:colcon.colcon_core.package_identification:_identify(src/pkg01_healthoper_cpp) by extensions ['colcon_pkg']
[1.759s] Level 1:colcon.colcon_core.package_identification:_identify(src/pkg01_healthoper_cpp) by extension 'colcon_pkg'
[1.759s] Level 1:colcon.colcon_core.package_identification:_identify(src/pkg01_healthoper_cpp) by extensions ['colcon_meta']
[1.759s] Level 1:colcon.colcon_core.package_identification:_identify(src/pkg01_healthoper_cpp) by extension 'colcon_meta'
[1.760s] Level 1:colcon.colcon_core.package_identification:_identify(src/pkg01_healthoper_cpp) by extensions ['ros']
[1.760s] Level 1:colcon.colcon_core.package_identification:_identify(src/pkg01_healthoper_cpp) by extension 'ros'
[1.763s] DEBUG:colcon.colcon_core.package_identification:Package 'src/pkg01_healthoper_cpp' with type 'ros.ament_cmake' and name 'pkg01_healthoper_cpp'
[1.763s] Level 1:colcon.colcon_core.package_discovery:discover_packages(recursive) using defaults
[1.764s] Level 1:colcon.colcon_core.package_discovery:discover_packages(ignore) discover
[1.764s] Level 1:colcon.colcon_core.package_discovery:discover_packages(ignore) using defaults
[1.764s] Level 1:colcon.colcon_core.package_discovery:discover_packages(path) discover
[1.764s] Level 1:colcon.colcon_core.package_discovery:discover_packages(path) using defaults
[1.836s] Level 1:colcon.colcon_core.package_discovery:discover_packages(prefix_path) check parameters
[1.836s] Level 1:colcon.colcon_core.package_discovery:discover_packages(prefix_path) discover
[1.859s] DEBUG:colcon.colcon_installed_package_information.package_discovery:Found 256 installed packages in /opt/ros/foxy
[1.861s] Level 1:colcon.colcon_core.package_discovery:discover_packages(prefix_path) using defaults
[2.227s] Level 5:colcon.colcon_core.verb:set package 'base_interfaces_demo' build argument 'cmake_args' from command line to 'None'
[2.227s] Level 5:colcon.colcon_core.verb:set package 'base_interfaces_demo' build argument 'cmake_target' from command line to 'None'
[2.227s] Level 5:colcon.colcon_core.verb:set package 'base_interfaces_demo' build argument 'cmake_target_skip_unavailable' from command line to 'False'
[2.227s] Level 5:colcon.colcon_core.verb:set package 'base_interfaces_demo' build argument 'cmake_clean_cache' from command line to 'False'
[2.228s] Level 5:colcon.colcon_core.verb:set package 'base_interfaces_demo' build argument 'cmake_clean_first' from command line to 'False'
[2.228s] Level 5:colcon.colcon_core.verb:set package 'base_interfaces_demo' build argument 'cmake_force_configure' from command line to 'False'
[2.228s] Level 5:colcon.colcon_core.verb:set package 'base_interfaces_demo' build argument 'ament_cmake_args' from command line to 'None'
[2.228s] Level 5:colcon.colcon_core.verb:set package 'base_interfaces_demo' build argument 'catkin_cmake_args' from command line to 'None'
[2.228s] Level 5:colcon.colcon_core.verb:set package 'base_interfaces_demo' build argument 'catkin_skip_building_tests' from command line to 'False'
[2.228s] DEBUG:colcon.colcon_core.verb:Building package 'base_interfaces_demo' with the following arguments: {'ament_cmake_args': None, 'build_base': '/home/cjs/Health_Node/ros2_ws/build/base_interfaces_demo', 'catkin_cmake_args': None, 'catkin_skip_building_tests': False, 'cmake_args': None, 'cmake_clean_cache': False, 'cmake_clean_first': False, 'cmake_force_configure': False, 'cmake_target': None, 'cmake_target_skip_unavailable': False, 'install_base': '/home/cjs/Health_Node/ros2_ws/install/base_interfaces_demo', 'merge_install': False, 'path': '/home/cjs/Health_Node/ros2_ws/src/base_interfaces_demo', 'symlink_install': False, 'test_result_base': None}
[2.228s] Level 5:colcon.colcon_core.verb:set package 'pkg01_healthoper_cpp' build argument 'cmake_args' from command line to 'None'
[2.229s] Level 5:colcon.colcon_core.verb:set package 'pkg01_healthoper_cpp' build argument 'cmake_target' from command line to 'None'
[2.229s] Level 5:colcon.colcon_core.verb:set package 'pkg01_healthoper_cpp' build argument 'cmake_target_skip_unavailable' from command line to 'False'
[2.229s] Level 5:colcon.colcon_core.verb:set package 'pkg01_healthoper_cpp' build argument 'cmake_clean_cache' from command line to 'False'
[2.229s] Level 5:colcon.colcon_core.verb:set package 'pkg01_healthoper_cpp' build argument 'cmake_clean_first' from command line to 'False'
[2.229s] Level 5:colcon.colcon_core.verb:set package 'pkg01_healthoper_cpp' build argument 'cmake_force_configure' from command line to 'False'
[2.229s] Level 5:colcon.colcon_core.verb:set package 'pkg01_healthoper_cpp' build argument 'ament_cmake_args' from command line to 'None'
[2.229s] Level 5:colcon.colcon_core.verb:set package 'pkg01_healthoper_cpp' build argument 'catkin_cmake_args' from command line to 'None'
[2.229s] Level 5:colcon.colcon_core.verb:set package 'pkg01_healthoper_cpp' build argument 'catkin_skip_building_tests' from command line to 'False'
[2.229s] DEBUG:colcon.colcon_core.verb:Building package 'pkg01_healthoper_cpp' with the following arguments: {'ament_cmake_args': None, 'build_base': '/home/cjs/Health_Node/ros2_ws/build/pkg01_healthoper_cpp', 'catkin_cmake_args': None, 'catkin_skip_building_tests': False, 'cmake_args': None, 'cmake_clean_cache': False, 'cmake_clean_first': False, 'cmake_force_configure': False, 'cmake_target': None, 'cmake_target_skip_unavailable': False, 'install_base': '/home/cjs/Health_Node/ros2_ws/install/pkg01_healthoper_cpp', 'merge_install': False, 'path': '/home/cjs/Health_Node/ros2_ws/src/pkg01_healthoper_cpp', 'symlink_install': False, 'test_result_base': None}
[2.229s] INFO:colcon.colcon_core.executor:Executing jobs using 'parallel' executor
[2.231s] DEBUG:colcon.colcon_parallel_executor.executor.parallel:run_until_complete
[2.232s] INFO:colcon.colcon_ros.task.ament_cmake.build:Building ROS package in '/home/cjs/Health_Node/ros2_ws/src/base_interfaces_demo' with build type 'ament_cmake'
[2.232s] INFO:colcon.colcon_cmake.task.cmake.build:Building CMake package in '/home/cjs/Health_Node/ros2_ws/src/base_interfaces_demo'
[2.244s] INFO:colcon.colcon_core.plugin_system:Skipping extension 'colcon_core.shell.bat': Not used on non-Windows systems
[2.244s] INFO:colcon.colcon_core.shell:Skip shell extension 'powershell' for command environment: Not usable outside of PowerShell
[2.244s] DEBUG:colcon.colcon_core.shell:Skip shell extension 'dsv' for command environment
[2.310s] DEBUG:colcon.colcon_core.event_handler.log_command:Invoking command in '/home/cjs/Health_Node/ros2_ws/build/base_interfaces_demo': CMAKE_PREFIX_PATH=/opt/ros/foxy /usr/bin/cmake --build /home/cjs/Health_Node/ros2_ws/build/base_interfaces_demo -- -j4 -l4
[97.745s] DEBUG:colcon.colcon_core.event_handler.log_command:Invoked command in '/home/cjs/Health_Node/ros2_ws/build/base_interfaces_demo' returned '0': CMAKE_PREFIX_PATH=/opt/ros/foxy /usr/bin/cmake --build /home/cjs/Health_Node/ros2_ws/build/base_interfaces_demo -- -j4 -l4
[100.881s] DEBUG:colcon.colcon_core.event_handler.log_command:Invoking command in '/home/cjs/Health_Node/ros2_ws/build/base_interfaces_demo': CMAKE_PREFIX_PATH=/opt/ros/foxy /usr/bin/cmake --install /home/cjs/Health_Node/ros2_ws/build/base_interfaces_demo
[101.938s] Level 1:colcon.colcon_core.environment:create_environment_scripts_only(base_interfaces_demo)
[101.940s] DEBUG:colcon.colcon_core.event_handler.log_command:Invoked command in '/home/cjs/Health_Node/ros2_ws/build/base_interfaces_demo' returned '0': CMAKE_PREFIX_PATH=/opt/ros/foxy /usr/bin/cmake --install /home/cjs/Health_Node/ros2_ws/build/base_interfaces_demo
[101.971s] Level 1:colcon.colcon_core.environment:checking '/home/cjs/Health_Node/ros2_ws/install/base_interfaces_demo' for CMake module files
[101.973s] Level 1:colcon.colcon_core.environment:checking '/home/cjs/Health_Node/ros2_ws/install/base_interfaces_demo' for CMake config files
[101.974s] Level 1:colcon.colcon_core.shell:create_environment_hook('base_interfaces_demo', 'cmake_prefix_path')
[101.976s] INFO:colcon.colcon_core.shell:Creating environment hook '/home/cjs/Health_Node/ros2_ws/install/base_interfaces_demo/share/base_interfaces_demo/hook/cmake_prefix_path.ps1'
[101.982s] INFO:colcon.colcon_core.shell:Creating environment descriptor '/home/cjs/Health_Node/ros2_ws/install/base_interfaces_demo/share/base_interfaces_demo/hook/cmake_prefix_path.dsv'
[101.984s] INFO:colcon.colcon_core.shell:Creating environment hook '/home/cjs/Health_Node/ros2_ws/install/base_interfaces_demo/share/base_interfaces_demo/hook/cmake_prefix_path.sh'
[101.988s] Level 1:colcon.colcon_core.environment:checking '/home/cjs/Health_Node/ros2_ws/install/base_interfaces_demo/lib'
[101.988s] Level 1:colcon.colcon_core.shell:create_environment_hook('base_interfaces_demo', 'ld_library_path_lib')
[101.989s] INFO:colcon.colcon_core.shell:Creating environment hook '/home/cjs/Health_Node/ros2_ws/install/base_interfaces_demo/share/base_interfaces_demo/hook/ld_library_path_lib.ps1'
[101.990s] INFO:colcon.colcon_core.shell:Creating environment descriptor '/home/cjs/Health_Node/ros2_ws/install/base_interfaces_demo/share/base_interfaces_demo/hook/ld_library_path_lib.dsv'
[101.991s] INFO:colcon.colcon_core.shell:Creating environment hook '/home/cjs/Health_Node/ros2_ws/install/base_interfaces_demo/share/base_interfaces_demo/hook/ld_library_path_lib.sh'
[101.992s] Level 1:colcon.colcon_core.environment:checking '/home/cjs/Health_Node/ros2_ws/install/base_interfaces_demo/bin'
[101.992s] Level 1:colcon.colcon_core.environment:checking '/home/cjs/Health_Node/ros2_ws/install/base_interfaces_demo/lib/pkgconfig/base_interfaces_demo.pc'
[101.993s] Level 1:colcon.colcon_core.environment:checking '/home/cjs/Health_Node/ros2_ws/install/base_interfaces_demo/lib/python3.8/site-packages'
[101.993s] Level 1:colcon.colcon_core.shell:create_environment_hook('base_interfaces_demo', 'pythonpath')
[101.994s] INFO:colcon.colcon_core.shell:Creating environment hook '/home/cjs/Health_Node/ros2_ws/install/base_interfaces_demo/share/base_interfaces_demo/hook/pythonpath.ps1'
[101.997s] INFO:colcon.colcon_core.shell:Creating environment descriptor '/home/cjs/Health_Node/ros2_ws/install/base_interfaces_demo/share/base_interfaces_demo/hook/pythonpath.dsv'
[101.999s] INFO:colcon.colcon_core.shell:Creating environment hook '/home/cjs/Health_Node/ros2_ws/install/base_interfaces_demo/share/base_interfaces_demo/hook/pythonpath.sh'
[102.000s] Level 1:colcon.colcon_core.environment:checking '/home/cjs/Health_Node/ros2_ws/install/base_interfaces_demo/bin'
[102.001s] INFO:colcon.colcon_core.shell:Creating package script '/home/cjs/Health_Node/ros2_ws/install/base_interfaces_demo/share/base_interfaces_demo/package.ps1'
[102.002s] INFO:colcon.colcon_core.shell:Creating package descriptor '/home/cjs/Health_Node/ros2_ws/install/base_interfaces_demo/share/base_interfaces_demo/package.dsv'
[102.004s] INFO:colcon.colcon_core.shell:Creating package script '/home/cjs/Health_Node/ros2_ws/install/base_interfaces_demo/share/base_interfaces_demo/package.sh'
[102.006s] INFO:colcon.colcon_core.shell:Creating package script '/home/cjs/Health_Node/ros2_ws/install/base_interfaces_demo/share/base_interfaces_demo/package.bash'
[102.009s] INFO:colcon.colcon_core.shell:Creating package script '/home/cjs/Health_Node/ros2_ws/install/base_interfaces_demo/share/base_interfaces_demo/package.zsh'
[102.013s] Level 1:colcon.colcon_core.environment:create_file_with_runtime_dependencies(/home/cjs/Health_Node/ros2_ws/install/base_interfaces_demo/share/colcon-core/packages/base_interfaces_demo)
[105.176s] Level 1:colcon.colcon_core.environment:create_environment_scripts_only(base_interfaces_demo)
[105.177s] Level 1:colcon.colcon_core.environment:checking '/home/cjs/Health_Node/ros2_ws/install/base_interfaces_demo' for CMake module files
[105.180s] Level 1:colcon.colcon_core.environment:checking '/home/cjs/Health_Node/ros2_ws/install/base_interfaces_demo' for CMake config files
[105.181s] Level 1:colcon.colcon_core.shell:create_environment_hook('base_interfaces_demo', 'cmake_prefix_path')
[105.182s] INFO:colcon.colcon_core.shell:Creating environment hook '/home/cjs/Health_Node/ros2_ws/install/base_interfaces_demo/share/base_interfaces_demo/hook/cmake_prefix_path.ps1'
[105.184s] INFO:colcon.colcon_core.shell:Creating environment descriptor '/home/cjs/Health_Node/ros2_ws/install/base_interfaces_demo/share/base_interfaces_demo/hook/cmake_prefix_path.dsv'
[105.185s] INFO:colcon.colcon_core.shell:Creating environment hook '/home/cjs/Health_Node/ros2_ws/install/base_interfaces_demo/share/base_interfaces_demo/hook/cmake_prefix_path.sh'
[105.188s] Level 1:colcon.colcon_core.environment:checking '/home/cjs/Health_Node/ros2_ws/install/base_interfaces_demo/lib'
[105.188s] Level 1:colcon.colcon_core.shell:create_environment_hook('base_interfaces_demo', 'ld_library_path_lib')
[105.189s] INFO:colcon.colcon_core.shell:Creating environment hook '/home/cjs/Health_Node/ros2_ws/install/base_interfaces_demo/share/base_interfaces_demo/hook/ld_library_path_lib.ps1'
[105.190s] INFO:colcon.colcon_core.shell:Creating environment descriptor '/home/cjs/Health_Node/ros2_ws/install/base_interfaces_demo/share/base_interfaces_demo/hook/ld_library_path_lib.dsv'
[105.191s] INFO:colcon.colcon_core.shell:Creating environment hook '/home/cjs/Health_Node/ros2_ws/install/base_interfaces_demo/share/base_interfaces_demo/hook/ld_library_path_lib.sh'
[105.192s] Level 1:colcon.colcon_core.environment:checking '/home/cjs/Health_Node/ros2_ws/install/base_interfaces_demo/bin'
[105.193s] Level 1:colcon.colcon_core.environment:checking '/home/cjs/Health_Node/ros2_ws/install/base_interfaces_demo/lib/pkgconfig/base_interfaces_demo.pc'
[105.194s] Level 1:colcon.colcon_core.environment:checking '/home/cjs/Health_Node/ros2_ws/install/base_interfaces_demo/lib/python3.8/site-packages'
[105.194s] Level 1:colcon.colcon_core.shell:create_environment_hook('base_interfaces_demo', 'pythonpath')
[105.194s] INFO:colcon.colcon_core.shell:Creating environment hook '/home/cjs/Health_Node/ros2_ws/install/base_interfaces_demo/share/base_interfaces_demo/hook/pythonpath.ps1'
[105.195s] INFO:colcon.colcon_core.shell:Creating environment descriptor '/home/cjs/Health_Node/ros2_ws/install/base_interfaces_demo/share/base_interfaces_demo/hook/pythonpath.dsv'
[105.196s] INFO:colcon.colcon_core.shell:Creating environment hook '/home/cjs/Health_Node/ros2_ws/install/base_interfaces_demo/share/base_interfaces_demo/hook/pythonpath.sh'
[105.199s] Level 1:colcon.colcon_core.environment:checking '/home/cjs/Health_Node/ros2_ws/install/base_interfaces_demo/bin'
[105.200s] INFO:colcon.colcon_core.shell:Creating package script '/home/cjs/Health_Node/ros2_ws/install/base_interfaces_demo/share/base_interfaces_demo/package.ps1'
[105.202s] INFO:colcon.colcon_core.shell:Creating package descriptor '/home/cjs/Health_Node/ros2_ws/install/base_interfaces_demo/share/base_interfaces_demo/package.dsv'
[105.203s] INFO:colcon.colcon_core.shell:Creating package script '/home/cjs/Health_Node/ros2_ws/install/base_interfaces_demo/share/base_interfaces_demo/package.sh'
[105.204s] INFO:colcon.colcon_core.shell:Creating package script '/home/cjs/Health_Node/ros2_ws/install/base_interfaces_demo/share/base_interfaces_demo/package.bash'
[105.205s] INFO:colcon.colcon_core.shell:Creating package script '/home/cjs/Health_Node/ros2_ws/install/base_interfaces_demo/share/base_interfaces_demo/package.zsh'
[105.206s] Level 1:colcon.colcon_core.environment:create_file_with_runtime_dependencies(/home/cjs/Health_Node/ros2_ws/install/base_interfaces_demo/share/colcon-core/packages/base_interfaces_demo)
[105.208s] INFO:colcon.colcon_ros.task.ament_cmake.build:Building ROS package in '/home/cjs/Health_Node/ros2_ws/src/pkg01_healthoper_cpp' with build type 'ament_cmake'
[105.209s] INFO:colcon.colcon_cmake.task.cmake.build:Building CMake package in '/home/cjs/Health_Node/ros2_ws/src/pkg01_healthoper_cpp'
[105.209s] INFO:colcon.colcon_core.shell:Skip shell extension 'powershell' for command environment: Not usable outside of PowerShell
[105.209s] DEBUG:colcon.colcon_core.shell:Skip shell extension 'dsv' for command environment
[105.289s] DEBUG:colcon.colcon_core.event_handler.log_command:Invoking command in '/home/cjs/Health_Node/ros2_ws/build/pkg01_healthoper_cpp': AMENT_PREFIX_PATH=/home/cjs/Health_Node/ros2_ws/install/base_interfaces_demo:${AMENT_PREFIX_PATH} CMAKE_PREFIX_PATH=/home/cjs/Health_Node/ros2_ws/install/base_interfaces_demo:/opt/ros/foxy LD_LIBRARY_PATH=/home/cjs/Health_Node/ros2_ws/install/base_interfaces_demo/lib:${LD_LIBRARY_PATH} PYTHONPATH=/home/cjs/Health_Node/ros2_ws/install/base_interfaces_demo/lib/python3.8/site-packages:${PYTHONPATH} /usr/bin/cmake --build /home/cjs/Health_Node/ros2_ws/build/pkg01_healthoper_cpp -- -j4 -l4
[113.450s] DEBUG:colcon.colcon_core.event_handler.log_command:Invoked command in '/home/cjs/Health_Node/ros2_ws/build/pkg01_healthoper_cpp' returned '2': AMENT_PREFIX_PATH=/home/cjs/Health_Node/ros2_ws/install/base_interfaces_demo:${AMENT_PREFIX_PATH} CMAKE_PREFIX_PATH=/home/cjs/Health_Node/ros2_ws/install/base_interfaces_demo:/opt/ros/foxy LD_LIBRARY_PATH=/home/cjs/Health_Node/ros2_ws/install/base_interfaces_demo/lib:${LD_LIBRARY_PATH} PYTHONPATH=/home/cjs/Health_Node/ros2_ws/install/base_interfaces_demo/lib/python3.8/site-packages:${PYTHONPATH} /usr/bin/cmake --build /home/cjs/Health_Node/ros2_ws/build/pkg01_healthoper_cpp -- -j4 -l4
[113.602s] Level 1:colcon.colcon_core.environment:create_environment_scripts_only(pkg01_healthoper_cpp)
[113.603s] Level 1:colcon.colcon_core.environment:checking '/home/cjs/Health_Node/ros2_ws/install/pkg01_healthoper_cpp' for CMake module files
[113.605s] Level 1:colcon.colcon_core.environment:checking '/home/cjs/Health_Node/ros2_ws/install/pkg01_healthoper_cpp' for CMake config files
[113.607s] Level 1:colcon.colcon_core.shell:create_environment_hook('pkg01_healthoper_cpp', 'cmake_prefix_path')
[113.608s] INFO:colcon.colcon_core.shell:Creating environment hook '/home/cjs/Health_Node/ros2_ws/install/pkg01_healthoper_cpp/share/pkg01_healthoper_cpp/hook/cmake_prefix_path.ps1'
[113.610s] INFO:colcon.colcon_core.shell:Creating environment descriptor '/home/cjs/Health_Node/ros2_ws/install/pkg01_healthoper_cpp/share/pkg01_healthoper_cpp/hook/cmake_prefix_path.dsv'
[113.611s] INFO:colcon.colcon_core.shell:Creating environment hook '/home/cjs/Health_Node/ros2_ws/install/pkg01_healthoper_cpp/share/pkg01_healthoper_cpp/hook/cmake_prefix_path.sh'
[113.613s] Level 1:colcon.colcon_core.environment:checking '/home/cjs/Health_Node/ros2_ws/install/pkg01_healthoper_cpp/lib'
[113.613s] Level 1:colcon.colcon_core.environment:checking '/home/cjs/Health_Node/ros2_ws/install/pkg01_healthoper_cpp/bin'
[113.614s] Level 1:colcon.colcon_core.environment:checking '/home/cjs/Health_Node/ros2_ws/install/pkg01_healthoper_cpp/lib/pkgconfig/pkg01_healthoper_cpp.pc'
[113.615s] Level 1:colcon.colcon_core.environment:checking '/home/cjs/Health_Node/ros2_ws/install/pkg01_healthoper_cpp/lib/python3.8/site-packages'
[113.615s] Level 1:colcon.colcon_core.environment:checking '/home/cjs/Health_Node/ros2_ws/install/pkg01_healthoper_cpp/bin'
[113.615s] INFO:colcon.colcon_core.shell:Creating package script '/home/cjs/Health_Node/ros2_ws/install/pkg01_healthoper_cpp/share/pkg01_healthoper_cpp/package.ps1'
[113.616s] INFO:colcon.colcon_core.shell:Creating package descriptor '/home/cjs/Health_Node/ros2_ws/install/pkg01_healthoper_cpp/share/pkg01_healthoper_cpp/package.dsv'
[113.617s] INFO:colcon.colcon_core.shell:Creating package script '/home/cjs/Health_Node/ros2_ws/install/pkg01_healthoper_cpp/share/pkg01_healthoper_cpp/package.sh'
[113.618s] INFO:colcon.colcon_core.shell:Creating package script '/home/cjs/Health_Node/ros2_ws/install/pkg01_healthoper_cpp/share/pkg01_healthoper_cpp/package.bash'
[113.619s] INFO:colcon.colcon_core.shell:Creating package script '/home/cjs/Health_Node/ros2_ws/install/pkg01_healthoper_cpp/share/pkg01_healthoper_cpp/package.zsh'
[113.620s] Level 1:colcon.colcon_core.environment:create_file_with_runtime_dependencies(/home/cjs/Health_Node/ros2_ws/install/pkg01_healthoper_cpp/share/colcon-core/packages/pkg01_healthoper_cpp)
[113.632s] DEBUG:colcon.colcon_parallel_executor.executor.parallel:closing loop
[113.633s] DEBUG:colcon.colcon_parallel_executor.executor.parallel:loop closed
[113.633s] DEBUG:colcon.colcon_parallel_executor.executor.parallel:run_until_complete finished with '2'
[113.633s] DEBUG:colcon.colcon_core.event_reactor:joining thread
[113.673s] INFO:colcon.colcon_core.plugin_system:Skipping extension 'colcon_notification.desktop_notification.terminal_notifier': Not used on non-Darwin systems
[113.673s] INFO:colcon.colcon_core.plugin_system:Skipping extension 'colcon_notification.desktop_notification.win32': Not used on non-Windows systems
[113.673s] INFO:colcon.colcon_notification.desktop_notification:Sending desktop notification using 'notify2'
[114.022s] DEBUG:colcon.colcon_core.event_reactor:joined thread
[114.023s] INFO:colcon.colcon_core.shell:Creating prefix script '/home/cjs/Health_Node/ros2_ws/install/local_setup.ps1'
[114.026s] INFO:colcon.colcon_core.shell:Creating prefix util module '/home/cjs/Health_Node/ros2_ws/install/_local_setup_util_ps1.py'
[114.029s] INFO:colcon.colcon_core.shell:Creating prefix chain script '/home/cjs/Health_Node/ros2_ws/install/setup.ps1'
[114.032s] INFO:colcon.colcon_core.shell:Creating prefix script '/home/cjs/Health_Node/ros2_ws/install/local_setup.sh'
[114.033s] INFO:colcon.colcon_core.shell:Creating prefix util module '/home/cjs/Health_Node/ros2_ws/install/_local_setup_util_sh.py'
[114.035s] INFO:colcon.colcon_core.shell:Creating prefix chain script '/home/cjs/Health_Node/ros2_ws/install/setup.sh'
[114.038s] INFO:colcon.colcon_core.shell:Creating prefix script '/home/cjs/Health_Node/ros2_ws/install/local_setup.bash'
[114.041s] INFO:colcon.colcon_core.shell:Creating prefix chain script '/home/cjs/Health_Node/ros2_ws/install/setup.bash'
[114.044s] INFO:colcon.colcon_core.shell:Creating prefix script '/home/cjs/Health_Node/ros2_ws/install/local_setup.zsh'
[114.047s] INFO:colcon.colcon_core.shell:Creating prefix chain script '/home/cjs/Health_Node/ros2_ws/install/setup.zsh'
