-- Found ament_cmake: 0.9.12 (/opt/ros/foxy/share/ament_cmake/cmake)
-- Using PYTHON_EXECUTABLE: /usr/bin/python3
-- Found rclcpp: 2.4.3 (/opt/ros/foxy/share/rclcpp/cmake)
-- Using all available rosidl_typesupport_c: rosidl_typesupport_fastrtps_c;rosidl_typesupport_introspection_c
-- Found rosidl_adapter: 1.3.1 (/opt/ros/foxy/share/rosidl_adapter/cmake)
-- Using all available rosidl_typesupport_cpp: rosidl_typesupport_fastrtps_cpp;rosidl_typesupport_introspection_cpp
-- Found rmw_implementation_cmake: 1.0.4 (/opt/ros/foxy/share/rmw_implementation_cmake/cmake)
-- Using RMW implementation 'rmw_fastrtps_cpp' as default
-- Found base_interfaces_demo: 0.0.0 (/home/cjs/Health_Node/ros2_ws/install/base_interfaces_demo/share/base_interfaces_demo/cmake)
-- Found ament_lint_auto: 0.9.8 (/opt/ros/foxy/share/ament_lint_auto/cmake)
-- Added test 'copyright' to check source files copyright and LICENSE
-- Added test 'cppcheck' to perform static code analysis on C / C++ code
-- Configured cppcheck include dirs: $<BUILD_INTERFACE:/home/cjs/Health_Node/ros2_ws/src/pkg01_healthoper_cpp/include>
-- Configured cppcheck exclude dirs and/or files: 
-- Added test 'cpplint' to check C / C++ code against the Google style
-- Configured cpplint exclude dirs and/or files: 
-- Added test 'lint_cmake' to check CMake code style
-- Added test 'uncrustify' to check C / C++ code style
-- Configured uncrustify additional arguments: 
-- Added test 'xmllint' to check XML markup files
-- Configuring done
-- Generating done
-- Build files have been written to: /home/cjs/Health_Node/ros2_ws/build/pkg01_healthoper_cpp
[ 25%] [32mBuilding CXX object CMakeFiles/listener.dir/src/listener.cpp.o[0m
[ 50%] [32m[1mLinking CXX executable listener[0m
[ 50%] Built target listener
[35m[1mScanning dependencies of target health_oper[0m
[ 75%] [32mBuilding CXX object CMakeFiles/health_oper.dir/src/health_oper.cpp.o[0m
[01m[K/home/cjs/Health_Node/ros2_ws/src/pkg01_healthoper_cpp/src/health_oper.cpp:8:10:[m[K [01;31m[Kfatal error: [m[Kbase_interfaces_demo/msg/motor_cmd.hpp: No such file or directory
    8 | #include [01;31m[K"base_interfaces_demo/msg/motor_cmd.hpp"[m[K
      |          [01;31m[K^~~~~~~~~~~~~~~~~~~~~~~~~~~~~~~~~~~~~~~~[m[K
compilation terminated.
make[2]: *** [CMakeFiles/health_oper.dir/build.make:63: CMakeFiles/health_oper.dir/src/health_oper.cpp.o] Error 1
make[1]: *** [CMakeFiles/Makefile2:134: CMakeFiles/health_oper.dir/all] Error 2
make: *** [Makefile:141: all] Error 2
