[01m[K/home/cjs/Health_Node/ros2_ws/src/pkg01_healthoper_cpp/src/health_oper.cpp:[m[K In member function ‘[01m[Kvoid HealthOperator::publish_health_node()[m[K’:
[01m[K/home/cjs/Health_Node/ros2_ws/src/pkg01_healthoper_cpp/src/health_oper.cpp:103:62:[m[K [01;31m[Kerror: [m[Kno match for ‘[01m[Koperator=[m[K’ (operand types are ‘[01m[Kbase_interfaces_demo::msg::HealthNode_<std::allocator<void> >::_error_array_type[m[K’ {aka ‘[01m[Kstd::array<long unsigned int, 12>[m[K’} and ‘[01m[Kstd::vector<long unsigned int>[m[K’)
  103 |     health_node_msg.error_array = std::vector<uint64_t>(12, 0[01;31m[K)[m[K; // Fill error_array with 0
      |                                                              [01;31m[K^[m[K
In file included from [01m[K/usr/include/c++/9/tuple:39[m[K,
                 from [01m[K/usr/include/c++/9/bits/unique_ptr.h:37[m[K,
                 from [01m[K/usr/include/c++/9/memory:80[m[K,
                 from [01m[K/opt/ros/foxy/include/rclcpp/rclcpp.hpp:144[m[K,
                 from [01m[K/home/cjs/Health_Node/ros2_ws/src/pkg01_healthoper_cpp/src/health_oper.cpp:1[m[K:
[01m[K/usr/include/c++/9/array:94:12:[m[K [01;36m[Knote: [m[Kcandidate: ‘[01m[Kconstexpr std::array<long unsigned int, 12>& std::array<long unsigned int, 12>::operator=(const std::array<long unsigned int, 12>&)[m[K’
   94 |     struct [01;36m[Karray[m[K
      |            [01;36m[K^~~~~[m[K
[01m[K/usr/include/c++/9/array:94:12:[m[K [01;36m[Knote: [m[K  no known conversion for argument 1 from ‘[01m[Kstd::vector<long unsigned int>[m[K’ to ‘[01m[Kconst std::array<long unsigned int, 12>&[m[K’
[01m[K/usr/include/c++/9/array:94:12:[m[K [01;36m[Knote: [m[Kcandidate: ‘[01m[Kconstexpr std::array<long unsigned int, 12>& std::array<long unsigned int, 12>::operator=(std::array<long unsigned int, 12>&&)[m[K’
[01m[K/usr/include/c++/9/array:94:12:[m[K [01;36m[Knote: [m[K  no known conversion for argument 1 from ‘[01m[Kstd::vector<long unsigned int>[m[K’ to ‘[01m[Kstd::array<long unsigned int, 12>&&[m[K’
[01m[K/home/cjs/Health_Node/ros2_ws/src/pkg01_healthoper_cpp/src/health_oper.cpp:104:21:[m[K [01;31m[Kerror: [m[K‘[01m[Kstruct base_interfaces_demo::msg::HealthNode_<std::allocator<void> >[m[K’ has no member named ‘[01m[Kerror_level[m[K’
  104 |     health_node_msg.[01;31m[Kerror_level[m[K = 0; // Set error_level to 0
      |                     [01;31m[K^~~~~~~~~~~[m[K
[01m[K/home/cjs/Health_Node/ros2_ws/src/pkg01_healthoper_cpp/src/health_oper.cpp:[m[K In member function ‘[01m[Kdouble HealthOperator::get_temperature()[m[K’:
[01m[K/home/cjs/Health_Node/ros2_ws/src/pkg01_healthoper_cpp/src/health_oper.cpp:286:3:[m[K [01;35m[Kwarning: [m[Kcontrol reaches end of non-void function [[01;35m[K-Wreturn-type[m[K]
  286 |   [01;35m[K}[m[K
      |   [01;35m[K^[m[K
make[2]: *** [CMakeFiles/health_oper.dir/build.make:63: CMakeFiles/health_oper.dir/src/health_oper.cpp.o] Error 1
make[1]: *** [CMakeFiles/Makefile2:134: CMakeFiles/health_oper.dir/all] Error 2
make: *** [Makefile:141: all] Error 2
