[0.000000] (-) TimerEvent: {}
[0.000164] (base_interfaces_demo) JobQueued: {'identifier': 'base_interfaces_demo', 'dependencies': OrderedDict()}
[0.000193] (pkg01_healthoper_cpp) JobQueued: {'identifier': 'pkg01_healthoper_cpp', 'dependencies': OrderedDict([('base_interfaces_demo', '/home/cjs/Health_Node/install/base_interfaces_demo')])}
[0.000209] (base_interfaces_demo) JobStarted: {'identifier': 'base_interfaces_demo'}
[0.025317] (base_interfaces_demo) JobProgress: {'identifier': 'base_interfaces_demo', 'progress': 'cmake'}
[0.026566] (base_interfaces_demo) Command: {'cmd': ['/usr/bin/cmake', '/home/cjs/Health_Node/ros2_ws/src/base_interfaces_demo', '-DCMAKE_INSTALL_PREFIX=/home/cjs/Health_Node/install/base_interfaces_demo'], 'cwd': '/home/cjs/Health_Node/build/base_interfaces_demo', 'env': OrderedDict([('LC_TIME', 'zh_CN.UTF-8'), ('USER', 'cjs'), ('SSH_AGENT_PID', '1545'), ('XDG_SESSION_TYPE', 'x11'), ('GIT_ASKPASS', '/snap/code/163/usr/share/code/resources/app/extensions/git/dist/askpass.sh'), ('LD_LIBRARY_PATH', '/opt/ros/foxy/opt/yaml_cpp_vendor/lib:/opt/ros/foxy/opt/rviz_ogre_vendor/lib:/opt/ros/foxy/lib/x86_64-linux-gnu:/opt/ros/foxy/lib'), ('SHLVL', '2'), ('CHROME_DESKTOP', 'code-url-handler.desktop'), ('HOME', '/home/cjs'), ('LESS', '-R'), ('OLDPWD', '/home/cjs/Health_Node'), ('DESKTOP_SESSION', 'ubuntu'), ('TERM_PROGRAM_VERSION', '1.91.0'), ('LSCOLORS', 'Gxfxcxdxbxegedabagacad'), ('ZSH', '/home/cjs/.oh-my-zsh'), ('ALL', 'en.US.UTF-8'), ('GNOME_SHELL_SESSION_MODE', 'ubuntu'), ('GTK_MODULES', 'gail:atk-bridge'), ('PAGER', 'less'), ('ROS_PYTHON_VERSION', '3'), ('VSCODE_GIT_ASKPASS_MAIN', '/snap/code/163/usr/share/code/resources/app/extensions/git/dist/askpass-main.js'), ('LC_MONETARY', 'zh_CN.UTF-8'), ('MANAGERPID', '1449'), ('VSCODE_GIT_ASKPASS_NODE', '/snap/code/163/usr/share/code/code'), ('DBUS_SESSION_BUS_ADDRESS', 'unix:path=/run/user/1000/bus,guid=7f8bb76331e9e183af496bf8668f7ca2'), ('DBUS_STARTER_BUS_TYPE', 'session'), ('COLORTERM', 'truecolor'), ('IM_CONFIG_PHASE', '1'), ('ROS_DISTRO', 'foxy'), ('LOGNAME', 'cjs'), ('JOURNAL_STREAM', '8:54960'), ('_', '/usr/bin/colcon'), ('ROS_VERSION', '2'), ('XDG_CONFIG_DIRS_VSCODE_SNAP_ORIG', '/etc/xdg/xdg-ubuntu:/etc/xdg'), ('XDG_DATA_DIRS_VSCODE_SNAP_ORIG', '/usr/share/ubuntu:/usr/local/share/:/usr/share/:/var/lib/snapd/desktop'), ('XDG_SESSION_CLASS', 'user'), ('USER_ZDOTDIR', '/home/cjs'), ('TERM', 'xterm-256color'), ('USERNAME', 'cjs'), ('GNOME_DESKTOP_SESSION_ID', 'this-is-deprecated'), ('ROS_LOCALHOST_ONLY', '0'), ('WINDOWPATH', '2'), ('PATH', '/opt/ros/foxy/bin:/usr/local/sbin:/usr/local/bin:/usr/sbin:/usr/bin:/sbin:/bin:/usr/games:/usr/local/games:/snap/bin'), ('INVOCATION_ID', '913260a869294196bf44516fdbe7c444'), ('SESSION_MANAGER', 'local/cjs-virtual-machine:@/tmp/.ICE-unix/1580,unix/cjs-virtual-machine:/tmp/.ICE-unix/1580'), ('LC_ADDRESS', 'zh_CN.UTF-8'), ('XDG_MENU_PREFIX', 'gnome-'), ('XDG_RUNTIME_DIR', '/run/user/1000'), ('DISPLAY', ':0'), ('LANG', 'en_US.UTF-8'), ('LC_TELEPHONE', 'zh_CN.UTF-8'), ('TILIX_ID', 'a30939c5-3eeb-4a61-b263-2cd365dd8b0d'), ('XDG_CURRENT_DESKTOP', 'Unity'), ('VSCODE_INJECTION', '1'), ('LS_COLORS', 'no=00:fi=00:di=01;34:ln=00;36:pi=40;33:so=01;35:do=01;35:bd=40;33;01:cd=40;33;01:or=41;33;01:ex=00;32:*.cmd=00;32:*.exe=01;32:*.com=01;32:*.bat=01;32:*.btm=01;32:*.dll=01;32:*.tar=00;31:*.tbz=00;31:*.tgz=00;31:*.rpm=00;31:*.deb=00;31:*.arj=00;31:*.taz=00;31:*.lzh=00;31:*.lzma=00;31:*.zip=00;31:*.zoo=00;31:*.z=00;31:*.Z=00;31:*.gz=00;31:*.bz2=00;31:*.tb2=00;31:*.tz2=00;31:*.tbz2=00;31:*.avi=01;35:*.bmp=01;35:*.fli=01;35:*.gif=01;35:*.jpg=01;35:*.jpeg=01;35:*.mng=01;35:*.mov=01;35:*.mpg=01;35:*.pcx=01;35:*.pbm=01;35:*.pgm=01;35:*.png=01;35:*.ppm=01;35:*.tga=01;35:*.tif=01;35:*.xbm=01;35:*.xpm=01;35:*.dl=01;35:*.gl=01;35:*.wmv=01;35:*.aiff=00;32:*.au=00;32:*.mid=00;32:*.mp3=00;32:*.ogg=00;32:*.voc=00;32:*.wav=00;32:'), ('XAUTHORITY', '/run/user/1000/gdm/Xauthority'), ('XDG_SESSION_DESKTOP', 'ubuntu'), ('XMODIFIERS', '@im=ibus'), ('TERM_PROGRAM', 'vscode'), ('VSCODE_GIT_IPC_HANDLE', '/run/user/1000/vscode-git-8011e79f48.sock'), ('AMENT_PREFIX_PATH', '/opt/ros/foxy'), ('ORIGINAL_XDG_CURRENT_DESKTOP', 'ubuntu:GNOME'), ('SSH_AUTH_SOCK', '/run/user/1000/keyring/ssh'), ('LC_NAME', 'zh_CN.UTF-8'), ('SHELL', '/usr/bin/zsh'), ('GDMSESSION', 'ubuntu'), ('QT_ACCESSIBILITY', '1'), ('LC_MEASUREMENT', 'zh_CN.UTF-8'), ('GPG_AGENT_INFO', '/run/user/1000/gnupg/S.gpg-agent:0:1'), ('LC_IDENTIFICATION', 'zh_CN.UTF-8'), ('QT_IM_MODULE', 'ibus'), ('VSCODE_GIT_ASKPASS_EXTRA_ARGS', ''), ('PWD', '/home/cjs/Health_Node/build/base_interfaces_demo'), ('DBUS_STARTER_ADDRESS', 'unix:path=/run/user/1000/bus,guid=7f8bb76331e9e183af496bf8668f7ca2'), ('XDG_CONFIG_DIRS', '/etc/xdg/xdg-ubuntu:/etc/xdg'), ('XDG_DATA_DIRS', '/usr/share/ubuntu:/usr/local/share/:/usr/share/:/var/lib/snapd/desktop'), ('ZDOTDIR', '/home/cjs'), ('LC_NUMERIC', 'zh_CN.UTF-8'), ('PYTHONPATH', '/opt/ros/foxy/lib/python3.8/site-packages'), ('LC_PAPER', 'zh_CN.UTF-8'), ('COLCON', '1'), ('VTE_VERSION', '6003'), ('CMAKE_PREFIX_PATH', '/opt/ros/foxy')]), 'shell': False}
[0.098540] (-) TimerEvent: {}
[0.199376] (-) TimerEvent: {}
[0.300443] (-) TimerEvent: {}
[0.401106] (-) TimerEvent: {}
[0.477702] (base_interfaces_demo) StdoutLine: {'line': b'-- The C compiler identification is GNU 9.4.0\n'}
[0.501916] (-) TimerEvent: {}
[0.602592] (-) TimerEvent: {}
[0.703257] (-) TimerEvent: {}
[0.717558] (base_interfaces_demo) StdoutLine: {'line': b'-- The CXX compiler identification is GNU 9.4.0\n'}
[0.737850] (base_interfaces_demo) StdoutLine: {'line': b'-- Check for working C compiler: /usr/bin/cc\n'}
[0.806731] (-) TimerEvent: {}
[0.853322] (base_interfaces_demo) StdoutLine: {'line': b'-- Check for working C compiler: /usr/bin/cc -- works\n'}
[0.861319] (base_interfaces_demo) StdoutLine: {'line': b'-- Detecting C compiler ABI info\n'}
[0.907331] (-) TimerEvent: {}
[1.003826] (base_interfaces_demo) StdoutLine: {'line': b'-- Detecting C compiler ABI info - done\n'}
[1.007800] (-) TimerEvent: {}
[1.014571] (base_interfaces_demo) StdoutLine: {'line': b'-- Detecting C compile features\n'}
[1.016337] (base_interfaces_demo) StdoutLine: {'line': b'-- Detecting C compile features - done\n'}
[1.021425] (base_interfaces_demo) StdoutLine: {'line': b'-- Check for working CXX compiler: /usr/bin/c++\n'}
[1.111765] (-) TimerEvent: {}
[1.189679] (base_interfaces_demo) StdoutLine: {'line': b'-- Check for working CXX compiler: /usr/bin/c++ -- works\n'}
[1.191256] (base_interfaces_demo) StdoutLine: {'line': b'-- Detecting CXX compiler ABI info\n'}
[1.214301] (-) TimerEvent: {}
[1.316180] (-) TimerEvent: {}
[1.367985] (base_interfaces_demo) StdoutLine: {'line': b'-- Detecting CXX compiler ABI info - done\n'}
[1.387982] (base_interfaces_demo) StdoutLine: {'line': b'-- Detecting CXX compile features\n'}
[1.388826] (base_interfaces_demo) StdoutLine: {'line': b'-- Detecting CXX compile features - done\n'}
[1.414982] (base_interfaces_demo) StdoutLine: {'line': b'-- Found ament_cmake: 0.9.12 (/opt/ros/foxy/share/ament_cmake/cmake)\n'}
[1.416635] (-) TimerEvent: {}
[1.466898] (base_interfaces_demo) StdoutLine: {'line': b'-- Found PythonInterp: /usr/bin/python3 (found suitable version "3.8.10", minimum required is "3") \n'}
[1.467231] (base_interfaces_demo) StdoutLine: {'line': b'-- Using PYTHON_EXECUTABLE: /usr/bin/python3\n'}
[1.517600] (-) TimerEvent: {}
[1.618512] (-) TimerEvent: {}
[1.720912] (-) TimerEvent: {}
[1.773045] (base_interfaces_demo) StdoutLine: {'line': b'-- Found rosidl_default_generators: 1.0.1 (/opt/ros/foxy/share/rosidl_default_generators/cmake)\n'}
[1.782806] (base_interfaces_demo) StdoutLine: {'line': b'-- Using all available rosidl_typesupport_c: rosidl_typesupport_fastrtps_c;rosidl_typesupport_introspection_c\n'}
[1.797697] (base_interfaces_demo) StdoutLine: {'line': b'-- Found rosidl_adapter: 1.3.1 (/opt/ros/foxy/share/rosidl_adapter/cmake)\n'}
[1.821644] (-) TimerEvent: {}
[1.922441] (-) TimerEvent: {}
[2.023644] (-) TimerEvent: {}
[2.043955] (base_interfaces_demo) StdoutLine: {'line': b'-- Found OpenSSL: /usr/lib/x86_64-linux-gnu/libcrypto.so (found version "1.1.1f")  \n'}
[2.089704] (base_interfaces_demo) StdoutLine: {'line': b'-- Found FastRTPS: /opt/ros/foxy/include  \n'}
[2.123774] (-) TimerEvent: {}
[2.223157] (base_interfaces_demo) StdoutLine: {'line': b'-- Using all available rosidl_typesupport_cpp: rosidl_typesupport_fastrtps_cpp;rosidl_typesupport_introspection_cpp\n'}
[2.223894] (-) TimerEvent: {}
[2.320633] (base_interfaces_demo) StdoutLine: {'line': b'-- Found PythonInterp: /usr/bin/python3 (found version "3.8.10") \n'}
[2.324786] (-) TimerEvent: {}
[2.426031] (-) TimerEvent: {}
[2.526873] (-) TimerEvent: {}
[2.627644] (-) TimerEvent: {}
[2.728051] (-) TimerEvent: {}
[2.766173] (base_interfaces_demo) StdoutLine: {'line': b'-- Found ament_cmake_ros: 0.9.2 (/opt/ros/foxy/share/ament_cmake_ros/cmake)\n'}
[2.828801] (-) TimerEvent: {}
[2.930634] (-) TimerEvent: {}
[2.944785] (base_interfaces_demo) StdoutLine: {'line': b'-- Using all available rosidl_typesupport_c: rosidl_typesupport_fastrtps_c;rosidl_typesupport_introspection_c\n'}
[2.987373] (base_interfaces_demo) StdoutLine: {'line': b'-- Using all available rosidl_typesupport_cpp: rosidl_typesupport_fastrtps_cpp;rosidl_typesupport_introspection_cpp\n'}
[3.021696] (base_interfaces_demo) StdoutLine: {'line': b'-- Found PythonInterp: /usr/bin/python3 (found suitable version "3.8.10", minimum required is "3.5") \n'}
[3.025642] (base_interfaces_demo) StdoutLine: {'line': b'-- Found python_cmake_module: 0.8.1 (/opt/ros/foxy/share/python_cmake_module/cmake)\n'}
[3.031259] (-) TimerEvent: {}
[3.068859] (base_interfaces_demo) StdoutLine: {'line': b'-- Found PythonLibs: /usr/lib/x86_64-linux-gnu/libpython3.8.so (found suitable version "3.8.10", minimum required is "3.5") \n'}
[3.069107] (base_interfaces_demo) StdoutLine: {'line': b'-- Using PYTHON_EXECUTABLE: /usr/bin/python3\n'}
[3.069157] (base_interfaces_demo) StdoutLine: {'line': b'-- Using PYTHON_INCLUDE_DIRS: /usr/include/python3.8\n'}
[3.069197] (base_interfaces_demo) StdoutLine: {'line': b'-- Using PYTHON_LIBRARIES: /usr/lib/x86_64-linux-gnu/libpython3.8.so\n'}
[3.098076] (base_interfaces_demo) StdoutLine: {'line': b'-- Found PythonExtra: .so  \n'}
[3.131466] (-) TimerEvent: {}
[3.167935] (base_interfaces_demo) StdoutLine: {'line': b'-- Found ament_lint_auto: 0.9.8 (/opt/ros/foxy/share/ament_lint_auto/cmake)\n'}
[3.231756] (-) TimerEvent: {}
[3.232696] (base_interfaces_demo) StdoutLine: {'line': b"-- Added test 'lint_cmake' to check CMake code style\n"}
[3.237890] (base_interfaces_demo) StdoutLine: {'line': b"-- Added test 'xmllint' to check XML markup files\n"}
[3.251748] (base_interfaces_demo) StdoutLine: {'line': b'-- Configuring done\n'}
[3.332819] (-) TimerEvent: {}
[3.407664] (base_interfaces_demo) StdoutLine: {'line': b'-- Generating done\n'}
[3.411877] (base_interfaces_demo) StdoutLine: {'line': b'-- Build files have been written to: /home/cjs/Health_Node/build/base_interfaces_demo\n'}
[3.424995] (base_interfaces_demo) CommandEnded: {'returncode': 0}
[3.428847] (base_interfaces_demo) JobProgress: {'identifier': 'base_interfaces_demo', 'progress': 'build'}
[3.428989] (base_interfaces_demo) Command: {'cmd': ['/usr/bin/cmake', '--build', '/home/cjs/Health_Node/build/base_interfaces_demo', '--', '-j4', '-l4'], 'cwd': '/home/cjs/Health_Node/build/base_interfaces_demo', 'env': OrderedDict([('LC_TIME', 'zh_CN.UTF-8'), ('USER', 'cjs'), ('SSH_AGENT_PID', '1545'), ('XDG_SESSION_TYPE', 'x11'), ('GIT_ASKPASS', '/snap/code/163/usr/share/code/resources/app/extensions/git/dist/askpass.sh'), ('LD_LIBRARY_PATH', '/opt/ros/foxy/opt/yaml_cpp_vendor/lib:/opt/ros/foxy/opt/rviz_ogre_vendor/lib:/opt/ros/foxy/lib/x86_64-linux-gnu:/opt/ros/foxy/lib'), ('SHLVL', '2'), ('CHROME_DESKTOP', 'code-url-handler.desktop'), ('HOME', '/home/cjs'), ('LESS', '-R'), ('OLDPWD', '/home/cjs/Health_Node'), ('DESKTOP_SESSION', 'ubuntu'), ('TERM_PROGRAM_VERSION', '1.91.0'), ('LSCOLORS', 'Gxfxcxdxbxegedabagacad'), ('ZSH', '/home/cjs/.oh-my-zsh'), ('ALL', 'en.US.UTF-8'), ('GNOME_SHELL_SESSION_MODE', 'ubuntu'), ('GTK_MODULES', 'gail:atk-bridge'), ('PAGER', 'less'), ('ROS_PYTHON_VERSION', '3'), ('VSCODE_GIT_ASKPASS_MAIN', '/snap/code/163/usr/share/code/resources/app/extensions/git/dist/askpass-main.js'), ('LC_MONETARY', 'zh_CN.UTF-8'), ('MANAGERPID', '1449'), ('VSCODE_GIT_ASKPASS_NODE', '/snap/code/163/usr/share/code/code'), ('DBUS_SESSION_BUS_ADDRESS', 'unix:path=/run/user/1000/bus,guid=7f8bb76331e9e183af496bf8668f7ca2'), ('DBUS_STARTER_BUS_TYPE', 'session'), ('COLORTERM', 'truecolor'), ('IM_CONFIG_PHASE', '1'), ('ROS_DISTRO', 'foxy'), ('LOGNAME', 'cjs'), ('JOURNAL_STREAM', '8:54960'), ('_', '/usr/bin/colcon'), ('ROS_VERSION', '2'), ('XDG_CONFIG_DIRS_VSCODE_SNAP_ORIG', '/etc/xdg/xdg-ubuntu:/etc/xdg'), ('XDG_DATA_DIRS_VSCODE_SNAP_ORIG', '/usr/share/ubuntu:/usr/local/share/:/usr/share/:/var/lib/snapd/desktop'), ('XDG_SESSION_CLASS', 'user'), ('USER_ZDOTDIR', '/home/cjs'), ('TERM', 'xterm-256color'), ('USERNAME', 'cjs'), ('GNOME_DESKTOP_SESSION_ID', 'this-is-deprecated'), ('ROS_LOCALHOST_ONLY', '0'), ('WINDOWPATH', '2'), ('PATH', '/opt/ros/foxy/bin:/usr/local/sbin:/usr/local/bin:/usr/sbin:/usr/bin:/sbin:/bin:/usr/games:/usr/local/games:/snap/bin'), ('INVOCATION_ID', '913260a869294196bf44516fdbe7c444'), ('SESSION_MANAGER', 'local/cjs-virtual-machine:@/tmp/.ICE-unix/1580,unix/cjs-virtual-machine:/tmp/.ICE-unix/1580'), ('LC_ADDRESS', 'zh_CN.UTF-8'), ('XDG_MENU_PREFIX', 'gnome-'), ('XDG_RUNTIME_DIR', '/run/user/1000'), ('DISPLAY', ':0'), ('LANG', 'en_US.UTF-8'), ('LC_TELEPHONE', 'zh_CN.UTF-8'), ('TILIX_ID', 'a30939c5-3eeb-4a61-b263-2cd365dd8b0d'), ('XDG_CURRENT_DESKTOP', 'Unity'), ('VSCODE_INJECTION', '1'), ('LS_COLORS', 'no=00:fi=00:di=01;34:ln=00;36:pi=40;33:so=01;35:do=01;35:bd=40;33;01:cd=40;33;01:or=41;33;01:ex=00;32:*.cmd=00;32:*.exe=01;32:*.com=01;32:*.bat=01;32:*.btm=01;32:*.dll=01;32:*.tar=00;31:*.tbz=00;31:*.tgz=00;31:*.rpm=00;31:*.deb=00;31:*.arj=00;31:*.taz=00;31:*.lzh=00;31:*.lzma=00;31:*.zip=00;31:*.zoo=00;31:*.z=00;31:*.Z=00;31:*.gz=00;31:*.bz2=00;31:*.tb2=00;31:*.tz2=00;31:*.tbz2=00;31:*.avi=01;35:*.bmp=01;35:*.fli=01;35:*.gif=01;35:*.jpg=01;35:*.jpeg=01;35:*.mng=01;35:*.mov=01;35:*.mpg=01;35:*.pcx=01;35:*.pbm=01;35:*.pgm=01;35:*.png=01;35:*.ppm=01;35:*.tga=01;35:*.tif=01;35:*.xbm=01;35:*.xpm=01;35:*.dl=01;35:*.gl=01;35:*.wmv=01;35:*.aiff=00;32:*.au=00;32:*.mid=00;32:*.mp3=00;32:*.ogg=00;32:*.voc=00;32:*.wav=00;32:'), ('XAUTHORITY', '/run/user/1000/gdm/Xauthority'), ('XDG_SESSION_DESKTOP', 'ubuntu'), ('XMODIFIERS', '@im=ibus'), ('TERM_PROGRAM', 'vscode'), ('VSCODE_GIT_IPC_HANDLE', '/run/user/1000/vscode-git-8011e79f48.sock'), ('AMENT_PREFIX_PATH', '/opt/ros/foxy'), ('ORIGINAL_XDG_CURRENT_DESKTOP', 'ubuntu:GNOME'), ('SSH_AUTH_SOCK', '/run/user/1000/keyring/ssh'), ('LC_NAME', 'zh_CN.UTF-8'), ('SHELL', '/usr/bin/zsh'), ('GDMSESSION', 'ubuntu'), ('QT_ACCESSIBILITY', '1'), ('LC_MEASUREMENT', 'zh_CN.UTF-8'), ('GPG_AGENT_INFO', '/run/user/1000/gnupg/S.gpg-agent:0:1'), ('LC_IDENTIFICATION', 'zh_CN.UTF-8'), ('QT_IM_MODULE', 'ibus'), ('VSCODE_GIT_ASKPASS_EXTRA_ARGS', ''), ('PWD', '/home/cjs/Health_Node/build/base_interfaces_demo'), ('DBUS_STARTER_ADDRESS', 'unix:path=/run/user/1000/bus,guid=7f8bb76331e9e183af496bf8668f7ca2'), ('XDG_CONFIG_DIRS', '/etc/xdg/xdg-ubuntu:/etc/xdg'), ('XDG_DATA_DIRS', '/usr/share/ubuntu:/usr/local/share/:/usr/share/:/var/lib/snapd/desktop'), ('ZDOTDIR', '/home/cjs'), ('LC_NUMERIC', 'zh_CN.UTF-8'), ('PYTHONPATH', '/opt/ros/foxy/lib/python3.8/site-packages'), ('LC_PAPER', 'zh_CN.UTF-8'), ('COLCON', '1'), ('VTE_VERSION', '6003'), ('CMAKE_PREFIX_PATH', '/opt/ros/foxy')]), 'shell': False}
[3.433164] (-) TimerEvent: {}
[3.527588] (base_interfaces_demo) StdoutLine: {'line': b'\x1b[35m\x1b[1mScanning dependencies of target base_interfaces_demo__cpp\x1b[0m\n'}
[3.528413] (base_interfaces_demo) StdoutLine: {'line': b'[  0%] \x1b[34m\x1b[1mGenerating C code for ROS interfaces\x1b[0m\n'}
[3.534089] (-) TimerEvent: {}
[3.553411] (base_interfaces_demo) StdoutLine: {'line': b'[  0%] \x1b[34m\x1b[1mGenerating C++ code for ROS interfaces\x1b[0m\n'}
[3.635672] (-) TimerEvent: {}
[3.736399] (-) TimerEvent: {}
[3.837487] (-) TimerEvent: {}
[3.938298] (-) TimerEvent: {}
[4.038954] (-) TimerEvent: {}
[4.140216] (-) TimerEvent: {}
[4.240943] (-) TimerEvent: {}
[4.341987] (-) TimerEvent: {}
[4.443922] (-) TimerEvent: {}
[4.544403] (-) TimerEvent: {}
[4.645225] (-) TimerEvent: {}
[4.746177] (-) TimerEvent: {}
[4.846733] (-) TimerEvent: {}
[4.949425] (-) TimerEvent: {}
[5.050913] (-) TimerEvent: {}
[5.152378] (-) TimerEvent: {}
[5.252934] (-) TimerEvent: {}
[5.353904] (-) TimerEvent: {}
[5.454291] (-) TimerEvent: {}
[5.554842] (-) TimerEvent: {}
[5.656658] (-) TimerEvent: {}
[5.758332] (-) TimerEvent: {}
[5.859271] (-) TimerEvent: {}
[5.960749] (-) TimerEvent: {}
[6.065895] (-) TimerEvent: {}
[6.168132] (-) TimerEvent: {}
[6.268717] (-) TimerEvent: {}
[6.370592] (-) TimerEvent: {}
[6.471508] (-) TimerEvent: {}
[6.575575] (-) TimerEvent: {}
[6.676610] (-) TimerEvent: {}
[6.778315] (-) TimerEvent: {}
[6.880431] (-) TimerEvent: {}
[6.981628] (-) TimerEvent: {}
[7.083135] (-) TimerEvent: {}
[7.188457] (-) TimerEvent: {}
[7.294587] (-) TimerEvent: {}
[7.396221] (-) TimerEvent: {}
[7.428314] (base_interfaces_demo) StdoutLine: {'line': b'[  0%] Built target base_interfaces_demo__cpp\n'}
[7.472373] (base_interfaces_demo) StdoutLine: {'line': b'[  1%] \x1b[34m\x1b[1mGenerating C++ type support dispatch for ROS interfaces\x1b[0m\n'}
[7.497449] (-) TimerEvent: {}
[7.519075] (base_interfaces_demo) StdoutLine: {'line': b'\x1b[35m\x1b[1mScanning dependencies of target base_interfaces_demo__rosidl_generator_c\x1b[0m\n'}
[7.521841] (base_interfaces_demo) StdoutLine: {'line': b'[  2%] \x1b[34m\x1b[1mGenerating C++ type support for eProsima Fast-RTPS\x1b[0m\n'}
[7.525414] (base_interfaces_demo) StdoutLine: {'line': b'[  3%] \x1b[34m\x1b[1mGenerating C++ introspection for ROS interfaces\x1b[0m\n'}
[7.597784] (-) TimerEvent: {}
[7.610844] (base_interfaces_demo) StdoutLine: {'line': b'[  4%] \x1b[32mBuilding C object CMakeFiles/base_interfaces_demo__rosidl_generator_c.dir/rosidl_generator_c/base_interfaces_demo/action/detail/nav__functions.c.o\x1b[0m\n'}
[7.698402] (-) TimerEvent: {}
[7.800762] (-) TimerEvent: {}
[7.903558] (-) TimerEvent: {}
[8.006740] (-) TimerEvent: {}
[8.109522] (base_interfaces_demo) StdoutLine: {'line': b'[  4%] \x1b[32mBuilding C object CMakeFiles/base_interfaces_demo__rosidl_generator_c.dir/rosidl_generator_c/base_interfaces_demo/action/detail/reverse__functions.c.o\x1b[0m\n'}
[8.110391] (-) TimerEvent: {}
[8.218006] (-) TimerEvent: {}
[8.320661] (-) TimerEvent: {}
[8.425267] (-) TimerEvent: {}
[8.523909] (base_interfaces_demo) StdoutLine: {'line': b'[  5%] \x1b[32mBuilding C object CMakeFiles/base_interfaces_demo__rosidl_generator_c.dir/rosidl_generator_c/base_interfaces_demo/msg/detail/bms_info__functions.c.o\x1b[0m\n'}
[8.525576] (-) TimerEvent: {}
[8.627268] (-) TimerEvent: {}
[8.727140] (base_interfaces_demo) StdoutLine: {'line': b'[  5%] \x1b[32mBuilding C object CMakeFiles/base_interfaces_demo__rosidl_generator_c.dir/rosidl_generator_c/base_interfaces_demo/msg/detail/bt_status__functions.c.o\x1b[0m\n'}
[8.727383] (-) TimerEvent: {}
[8.821833] (base_interfaces_demo) StdoutLine: {'line': b'[  6%] \x1b[32mBuilding C object CMakeFiles/base_interfaces_demo__rosidl_generator_c.dir/rosidl_generator_c/base_interfaces_demo/msg/detail/charger_info__functions.c.o\x1b[0m\n'}
[8.827726] (-) TimerEvent: {}
[8.932523] (-) TimerEvent: {}
[8.961896] (base_interfaces_demo) StdoutLine: {'line': b'[  6%] \x1b[32mBuilding C object CMakeFiles/base_interfaces_demo__rosidl_generator_c.dir/rosidl_generator_c/base_interfaces_demo/msg/detail/color_info__functions.c.o\x1b[0m\n'}
[9.033901] (-) TimerEvent: {}
[9.137819] (-) TimerEvent: {}
[9.142161] (base_interfaces_demo) StdoutLine: {'line': b'[  6%] \x1b[32mBuilding C object CMakeFiles/base_interfaces_demo__rosidl_generator_c.dir/rosidl_generator_c/base_interfaces_demo/msg/detail/file_updata__functions.c.o\x1b[0m\n'}
[9.238806] (-) TimerEvent: {}
[9.309246] (base_interfaces_demo) StdoutLine: {'line': b'[  7%] \x1b[32mBuilding C object CMakeFiles/base_interfaces_demo__rosidl_generator_c.dir/rosidl_generator_c/base_interfaces_demo/msg/detail/hall_info__functions.c.o\x1b[0m\n'}
[9.341859] (-) TimerEvent: {}
[9.443081] (-) TimerEvent: {}
[9.469838] (base_interfaces_demo) StdoutLine: {'line': b'[  7%] \x1b[32mBuilding C object CMakeFiles/base_interfaces_demo__rosidl_generator_c.dir/rosidl_generator_c/base_interfaces_demo/msg/detail/health_node__functions.c.o\x1b[0m\n'}
[9.530124] (base_interfaces_demo) StdoutLine: {'line': b'[  8%] \x1b[32mBuilding C object CMakeFiles/base_interfaces_demo__rosidl_generator_c.dir/rosidl_generator_c/base_interfaces_demo/msg/detail/lift_control__functions.c.o\x1b[0m\n'}
[9.543570] (-) TimerEvent: {}
[9.590416] (base_interfaces_demo) StdoutLine: {'line': b'[  8%] \x1b[32mBuilding C object CMakeFiles/base_interfaces_demo__rosidl_generator_c.dir/rosidl_generator_c/base_interfaces_demo/msg/detail/lift_info__functions.c.o\x1b[0m\n'}
[9.643733] (-) TimerEvent: {}
[9.712000] (base_interfaces_demo) StdoutLine: {'line': b'[  8%] \x1b[32mBuilding C object CMakeFiles/base_interfaces_demo__rosidl_generator_c.dir/rosidl_generator_c/base_interfaces_demo/msg/detail/location__functions.c.o\x1b[0m\n'}
[9.744056] (-) TimerEvent: {}
[9.831765] (base_interfaces_demo) StdoutLine: {'line': b'[  9%] \x1b[32mBuilding C object CMakeFiles/base_interfaces_demo__rosidl_generator_c.dir/rosidl_generator_c/base_interfaces_demo/msg/detail/manual__functions.c.o\x1b[0m\n'}
[9.844961] (-) TimerEvent: {}
[9.946248] (-) TimerEvent: {}
[9.956572] (base_interfaces_demo) StdoutLine: {'line': b'[  9%] \x1b[32mBuilding C object CMakeFiles/base_interfaces_demo__rosidl_generator_c.dir/rosidl_generator_c/base_interfaces_demo/msg/detail/manual_seek_label__functions.c.o\x1b[0m\n'}
[10.046640] (-) TimerEvent: {}
[10.086765] (base_interfaces_demo) StdoutLine: {'line': b'[ 10%] \x1b[32mBuilding C object CMakeFiles/base_interfaces_demo__rosidl_generator_c.dir/rosidl_generator_c/base_interfaces_demo/msg/detail/motion_control__functions.c.o\x1b[0m\n'}
[10.097549] (base_interfaces_demo) StdoutLine: {'line': b'\x1b[35m\x1b[1mScanning dependencies of target base_interfaces_demo__rosidl_typesupport_cpp\x1b[0m\n'}
[10.147117] (-) TimerEvent: {}
[10.247959] (-) TimerEvent: {}
[10.248286] (base_interfaces_demo) StdoutLine: {'line': b'[ 10%] \x1b[32mBuilding CXX object CMakeFiles/base_interfaces_demo__rosidl_typesupport_cpp.dir/rosidl_typesupport_cpp/base_interfaces_demo/action/nav__type_support.cpp.o\x1b[0m\n'}
[10.300245] (base_interfaces_demo) StdoutLine: {'line': b'[ 10%] \x1b[32mBuilding C object CMakeFiles/base_interfaces_demo__rosidl_generator_c.dir/rosidl_generator_c/base_interfaces_demo/msg/detail/motor_cmd__functions.c.o\x1b[0m\n'}
[10.348797] (-) TimerEvent: {}
[10.417235] (base_interfaces_demo) StdoutLine: {'line': b'[ 11%] \x1b[32mBuilding C object CMakeFiles/base_interfaces_demo__rosidl_generator_c.dir/rosidl_generator_c/base_interfaces_demo/msg/detail/motor_status__functions.c.o\x1b[0m\n'}
[10.449130] (-) TimerEvent: {}
[10.499524] (base_interfaces_demo) StdoutLine: {'line': b'[ 11%] \x1b[32mBuilding C object CMakeFiles/base_interfaces_demo__rosidl_generator_c.dir/rosidl_generator_c/base_interfaces_demo/msg/detail/movecontrol_info__functions.c.o\x1b[0m\n'}
[10.549570] (-) TimerEvent: {}
[10.566551] (base_interfaces_demo) StdoutLine: {'line': b'[ 11%] \x1b[32mBuilding C object CMakeFiles/base_interfaces_demo__rosidl_generator_c.dir/rosidl_generator_c/base_interfaces_demo/msg/detail/obs_laser__functions.c.o\x1b[0m\n'}
[10.630805] (base_interfaces_demo) StdoutLine: {'line': b'[ 12%] \x1b[32mBuilding C object CMakeFiles/base_interfaces_demo__rosidl_generator_c.dir/rosidl_generator_c/base_interfaces_demo/msg/detail/ohom__functions.c.o\x1b[0m\n'}
[10.650814] (-) TimerEvent: {}
[10.686450] (base_interfaces_demo) StdoutLine: {'line': b'[ 12%] \x1b[32mBuilding C object CMakeFiles/base_interfaces_demo__rosidl_generator_c.dir/rosidl_generator_c/base_interfaces_demo/msg/detail/pallet_info__functions.c.o\x1b[0m\n'}
[10.750981] (-) TimerEvent: {}
[10.762765] (base_interfaces_demo) StdoutLine: {'line': b'[ 13%] \x1b[32mBuilding C object CMakeFiles/base_interfaces_demo__rosidl_generator_c.dir/rosidl_generator_c/base_interfaces_demo/msg/detail/rcs_info__functions.c.o\x1b[0m\n'}
[10.830568] (base_interfaces_demo) StdoutLine: {'line': b'[ 13%] \x1b[32mBuilding C object CMakeFiles/base_interfaces_demo__rosidl_generator_c.dir/rosidl_generator_c/base_interfaces_demo/msg/detail/seek_cmd__functions.c.o\x1b[0m\n'}
[10.851237] (-) TimerEvent: {}
[10.882009] (base_interfaces_demo) StdoutLine: {'line': b'[ 14%] \x1b[32mBuilding C object CMakeFiles/base_interfaces_demo__rosidl_generator_c.dir/rosidl_generator_c/base_interfaces_demo/msg/detail/seek_ret__functions.c.o\x1b[0m\n'}
[10.946852] (base_interfaces_demo) StdoutLine: {'line': b'[ 14%] \x1b[32mBuilding C object CMakeFiles/base_interfaces_demo__rosidl_generator_c.dir/rosidl_generator_c/base_interfaces_demo/msg/detail/system_status__functions.c.o\x1b[0m\n'}
[10.951774] (-) TimerEvent: {}
[10.963112] (base_interfaces_demo) StdoutLine: {'line': b'\x1b[35m\x1b[1mScanning dependencies of target base_interfaces_demo__rosidl_typesupport_introspection_cpp\x1b[0m\n'}
[10.975899] (base_interfaces_demo) StdoutLine: {'line': b'[ 14%] \x1b[32mBuilding CXX object CMakeFiles/base_interfaces_demo__rosidl_typesupport_cpp.dir/rosidl_typesupport_cpp/base_interfaces_demo/action/reverse__type_support.cpp.o\x1b[0m\n'}
[11.042022] (base_interfaces_demo) StdoutLine: {'line': b'[ 14%] \x1b[32mBuilding C object CMakeFiles/base_interfaces_demo__rosidl_generator_c.dir/rosidl_generator_c/base_interfaces_demo/msg/detail/test__functions.c.o\x1b[0m\n'}
[11.051993] (-) TimerEvent: {}
[11.100741] (base_interfaces_demo) StdoutLine: {'line': b'[ 14%] \x1b[32mBuilding CXX object CMakeFiles/base_interfaces_demo__rosidl_typesupport_introspection_cpp.dir/rosidl_typesupport_introspection_cpp/base_interfaces_demo/action/detail/nav__type_support.cpp.o\x1b[0m\n'}
[11.152389] (-) TimerEvent: {}
[11.180932] (base_interfaces_demo) StdoutLine: {'line': b'[ 15%] \x1b[32mBuilding C object CMakeFiles/base_interfaces_demo__rosidl_generator_c.dir/rosidl_generator_c/base_interfaces_demo/srv/detail/hall__functions.c.o\x1b[0m\n'}
[11.252955] (-) TimerEvent: {}
[11.254815] (base_interfaces_demo) StdoutLine: {'line': b'[ 15%] \x1b[32m\x1b[1mLinking C shared library libbase_interfaces_demo__rosidl_generator_c.so\x1b[0m\n'}
[11.353186] (-) TimerEvent: {}
[11.354018] (base_interfaces_demo) StdoutLine: {'line': b'[ 15%] Built target base_interfaces_demo__rosidl_generator_c\n'}
[11.374914] (base_interfaces_demo) StdoutLine: {'line': b'[ 16%] \x1b[34m\x1b[1mGenerating C introspection for ROS interfaces\x1b[0m\n'}
[11.389853] (base_interfaces_demo) StdoutLine: {'line': b'[ 17%] \x1b[32mBuilding CXX object CMakeFiles/base_interfaces_demo__rosidl_typesupport_cpp.dir/rosidl_typesupport_cpp/base_interfaces_demo/msg/bms_info__type_support.cpp.o\x1b[0m\n'}
[11.454263] (-) TimerEvent: {}
[11.461935] (base_interfaces_demo) StdoutLine: {'line': b'\x1b[35m\x1b[1mScanning dependencies of target base_interfaces_demo__rosidl_typesupport_fastrtps_cpp\x1b[0m\n'}
[11.555007] (-) TimerEvent: {}
[11.572863] (base_interfaces_demo) StdoutLine: {'line': b'[ 18%] \x1b[32mBuilding CXX object CMakeFiles/base_interfaces_demo__rosidl_typesupport_introspection_cpp.dir/rosidl_typesupport_introspection_cpp/base_interfaces_demo/action/detail/reverse__type_support.cpp.o\x1b[0m\n'}
[11.593330] (base_interfaces_demo) StdoutLine: {'line': b'[ 18%] \x1b[32mBuilding CXX object CMakeFiles/base_interfaces_demo__rosidl_typesupport_fastrtps_cpp.dir/rosidl_typesupport_fastrtps_cpp/base_interfaces_demo/action/detail/dds_fastrtps/nav__type_support.cpp.o\x1b[0m\n'}
[11.655736] (-) TimerEvent: {}
[11.756334] (-) TimerEvent: {}
[11.758629] (base_interfaces_demo) StdoutLine: {'line': b'[ 18%] \x1b[32mBuilding CXX object CMakeFiles/base_interfaces_demo__rosidl_typesupport_cpp.dir/rosidl_typesupport_cpp/base_interfaces_demo/msg/bt_status__type_support.cpp.o\x1b[0m\n'}
[11.856935] (-) TimerEvent: {}
[11.957659] (-) TimerEvent: {}
[12.039288] (base_interfaces_demo) StdoutLine: {'line': b'[ 18%] \x1b[32mBuilding CXX object CMakeFiles/base_interfaces_demo__rosidl_typesupport_introspection_cpp.dir/rosidl_typesupport_introspection_cpp/base_interfaces_demo/msg/detail/bms_info__type_support.cpp.o\x1b[0m\n'}
[12.058499] (-) TimerEvent: {}
[12.112002] (base_interfaces_demo) StderrLine: {'line': b"make[2]: *** Deleting file 'rosidl_typesupport_introspection_c/base_interfaces_demo/action/detail/nav__rosidl_typesupport_introspection_c.h'\n"}
