[0.032s] Invoking command in '/home/cjs/Health_Node/ros2_ws/build/pkg00_base_interfaces': CMAKE_PREFIX_PATH=/opt/ros/foxy /usr/bin/cmake /home/cjs/Health_Node/ros2_ws/src/pkg00_base_interfaces -DCMAKE_INSTALL_PREFIX=/home/cjs/Health_Node/ros2_ws/install/pkg00_base_interfaces
[0.076s] -- Found ament_cmake: 0.9.12 (/opt/ros/foxy/share/ament_cmake/cmake)
[0.119s] -- Using PYTHON_EXECUTABLE: /usr/bin/python3
[0.453s] -- Found rosidl_default_generators: 1.0.1 (/opt/ros/foxy/share/rosidl_default_generators/cmake)
[0.456s] -- Using all available rosidl_typesupport_c: rosidl_typesupport_fastrtps_c;rosidl_typesupport_introspection_c
[0.462s] -- Found rosidl_adapter: 1.3.1 (/opt/ros/foxy/share/rosidl_adapter/cmake)
[0.685s] -- Using all available rosidl_typesupport_cpp: rosidl_typesupport_fastrtps_cpp;rosidl_typesupport_introspection_cpp
[0.767s] -- Found PythonInterp: /usr/bin/python3 (found version "3.8.10") 
[0.975s] -- Found ament_cmake_ros: 0.9.2 (/opt/ros/foxy/share/ament_cmake_ros/cmake)
[1.176s] -- Using all available rosidl_typesupport_c: rosidl_typesupport_fastrtps_c;rosidl_typesupport_introspection_c
[1.197s] -- Using all available rosidl_typesupport_cpp: rosidl_typesupport_fastrtps_cpp;rosidl_typesupport_introspection_cpp
[1.243s] -- Found PythonInterp: /usr/bin/python3 (found suitable version "3.8.10", minimum required is "3.5") 
[1.249s] -- Found python_cmake_module: 0.8.1 (/opt/ros/foxy/share/python_cmake_module/cmake)
[1.297s] -- Found PythonLibs: /usr/lib/x86_64-linux-gnu/libpython3.8.so (found suitable version "3.8.10", minimum required is "3.5") 
[1.297s] -- Using PYTHON_EXECUTABLE: /usr/bin/python3
[1.297s] -- Using PYTHON_INCLUDE_DIRS: /usr/include/python3.8
[1.298s] -- Using PYTHON_LIBRARIES: /usr/lib/x86_64-linux-gnu/libpython3.8.so
[1.340s] -- Found PythonExtra: .so  
[1.412s] -- Found ament_lint_auto: 0.9.8 (/opt/ros/foxy/share/ament_lint_auto/cmake)
[1.460s] -- Added test 'copyright' to check source files copyright and LICENSE
[1.469s] -- Added test 'lint_cmake' to check CMake code style
[1.473s] -- Added test 'xmllint' to check XML markup files
[1.488s] -- Configuring done
[1.624s] -- Generating done
[1.631s] -- Build files have been written to: /home/cjs/Health_Node/ros2_ws/build/pkg00_base_interfaces
[1.646s] Invoked command in '/home/cjs/Health_Node/ros2_ws/build/pkg00_base_interfaces' returned '0': CMAKE_PREFIX_PATH=/opt/ros/foxy /usr/bin/cmake /home/cjs/Health_Node/ros2_ws/src/pkg00_base_interfaces -DCMAKE_INSTALL_PREFIX=/home/cjs/Health_Node/ros2_ws/install/pkg00_base_interfaces
[1.656s] Invoking command in '/home/cjs/Health_Node/ros2_ws/build/pkg00_base_interfaces': CMAKE_PREFIX_PATH=/opt/ros/foxy /usr/bin/cmake --build /home/cjs/Health_Node/ros2_ws/build/pkg00_base_interfaces -- -j4 -l4
[1.778s] [  3%] [34m[1mGenerating C code for ROS interfaces[0m
[1.781s] [35m[1mScanning dependencies of target pkg00_base_interfaces__cpp[0m
[1.824s] [  6%] [34m[1mGenerating C++ code for ROS interfaces[0m
[2.219s] [35m[1mScanning dependencies of target pkg00_base_interfaces__rosidl_generator_c[0m
[2.226s] [  6%] Built target pkg00_base_interfaces__cpp
[2.266s] [  9%] [34m[1mGenerating C++ type support for eProsima Fast-RTPS[0m
[2.271s] [ 12%] [34m[1mGenerating C++ introspection for ROS interfaces[0m
[2.280s] [ 16%] [34m[1mGenerating C++ type support dispatch for ROS interfaces[0m
[2.296s] [ 19%] [32mBuilding C object CMakeFiles/pkg00_base_interfaces__rosidl_generator_c.dir/rosidl_generator_c/pkg00_base_interfaces/msg/detail/core_info__functions.c.o[0m
[2.469s] [ 22%] [32m[1mLinking C shared library libpkg00_base_interfaces__rosidl_generator_c.so[0m
[2.618s] [35m[1mScanning dependencies of target pkg00_base_interfaces__rosidl_typesupport_fastrtps_cpp[0m
[2.622s] [ 22%] Built target pkg00_base_interfaces__rosidl_generator_c
[2.674s] [35m[1mScanning dependencies of target pkg00_base_interfaces__rosidl_typesupport_introspection_cpp[0m
[2.692s] [ 25%] [34m[1mGenerating C introspection for ROS interfaces[0m
[2.692s] [35m[1mScanning dependencies of target pkg00_base_interfaces__rosidl_typesupport_cpp[0m
[2.702s] [ 29%] [32mBuilding CXX object CMakeFiles/pkg00_base_interfaces__rosidl_typesupport_fastrtps_cpp.dir/rosidl_typesupport_fastrtps_cpp/pkg00_base_interfaces/msg/detail/dds_fastrtps/core_info__type_support.cpp.o[0m
[2.739s] [ 32%] [32mBuilding CXX object CMakeFiles/pkg00_base_interfaces__rosidl_typesupport_introspection_cpp.dir/rosidl_typesupport_introspection_cpp/pkg00_base_interfaces/msg/detail/core_info__type_support.cpp.o[0m
[2.748s] [ 35%] [32mBuilding CXX object CMakeFiles/pkg00_base_interfaces__rosidl_typesupport_cpp.dir/rosidl_typesupport_cpp/pkg00_base_interfaces/msg/core_info__type_support.cpp.o[0m
[3.146s] [35m[1mScanning dependencies of target pkg00_base_interfaces__rosidl_typesupport_introspection_c[0m
[3.216s] [ 38%] [32mBuilding C object CMakeFiles/pkg00_base_interfaces__rosidl_typesupport_introspection_c.dir/rosidl_typesupport_introspection_c/pkg00_base_interfaces/msg/detail/core_info__type_support.c.o[0m
[3.344s] [ 41%] [32m[1mLinking CXX shared library libpkg00_base_interfaces__rosidl_typesupport_cpp.so[0m
[3.393s] [ 45%] [32m[1mLinking CXX shared library libpkg00_base_interfaces__rosidl_typesupport_introspection_cpp.so[0m
[3.402s] [ 48%] [32m[1mLinking C shared library libpkg00_base_interfaces__rosidl_typesupport_introspection_c.so[0m
[3.527s] [ 48%] Built target pkg00_base_interfaces__rosidl_typesupport_cpp
[3.534s] [ 48%] Built target pkg00_base_interfaces__rosidl_typesupport_introspection_c
[3.582s] [ 51%] [34m[1mGenerating C type support dispatch for ROS interfaces[0m
[3.592s] [ 51%] Built target pkg00_base_interfaces__rosidl_typesupport_introspection_cpp
[3.630s] [ 54%] [32m[1mLinking CXX shared library libpkg00_base_interfaces__rosidl_typesupport_fastrtps_cpp.so[0m
[3.836s] [35m[1mScanning dependencies of target pkg00_base_interfaces__rosidl_typesupport_c[0m
[3.888s] [ 58%] [32mBuilding CXX object CMakeFiles/pkg00_base_interfaces__rosidl_typesupport_c.dir/rosidl_typesupport_c/pkg00_base_interfaces/msg/core_info__type_support.cpp.o[0m
[3.900s] [ 58%] Built target pkg00_base_interfaces__rosidl_typesupport_fastrtps_cpp
[3.930s] [ 61%] [34m[1mGenerating C type support for eProsima Fast-RTPS[0m
[3.990s] [ 64%] [32m[1mLinking CXX shared library libpkg00_base_interfaces__rosidl_typesupport_c.so[0m
[4.128s] [ 64%] Built target pkg00_base_interfaces__rosidl_typesupport_c
[4.233s] [35m[1mScanning dependencies of target pkg00_base_interfaces__rosidl_typesupport_fastrtps_c[0m
[4.287s] [ 67%] [32mBuilding CXX object CMakeFiles/pkg00_base_interfaces__rosidl_typesupport_fastrtps_c.dir/rosidl_typesupport_fastrtps_c/pkg00_base_interfaces/msg/detail/core_info__type_support_c.cpp.o[0m
[4.825s] [ 70%] [32m[1mLinking CXX shared library libpkg00_base_interfaces__rosidl_typesupport_fastrtps_c.so[0m
[5.051s] [ 70%] Built target pkg00_base_interfaces__rosidl_typesupport_fastrtps_c
[5.083s] [35m[1mScanning dependencies of target pkg00_base_interfaces[0m
[5.115s] [ 70%] Built target pkg00_base_interfaces
[5.145s] [35m[1mScanning dependencies of target pkg00_base_interfaces__py[0m
[5.182s] [ 74%] [34m[1mGenerating Python code for ROS interfaces[0m
[5.800s] [ 74%] Built target pkg00_base_interfaces__py
[5.832s] [35m[1mScanning dependencies of target pkg00_base_interfaces__python[0m
[5.950s] [ 77%] [32mBuilding C object CMakeFiles/pkg00_base_interfaces__python.dir/rosidl_generator_py/pkg00_base_interfaces/msg/_core_info_s.c.o[0m
[6.178s] [ 80%] [32m[1mLinking C shared library rosidl_generator_py/pkg00_base_interfaces/libpkg00_base_interfaces__python.so[0m
[6.304s] [ 80%] Built target pkg00_base_interfaces__python
[6.338s] [35m[1mScanning dependencies of target pkg00_base_interfaces__rosidl_typesupport_c__pyext[0m
[6.340s] [35m[1mScanning dependencies of target pkg00_base_interfaces__rosidl_typesupport_introspection_c__pyext[0m
[6.342s] [35m[1mScanning dependencies of target pkg00_base_interfaces__rosidl_typesupport_fastrtps_c__pyext[0m
[6.427s] [ 87%] [32mBuilding C object CMakeFiles/pkg00_base_interfaces__rosidl_typesupport_c__pyext.dir/rosidl_generator_py/pkg00_base_interfaces/_pkg00_base_interfaces_s.ep.rosidl_typesupport_c.c.o[0m
[6.427s] [ 87%] [32mBuilding C object CMakeFiles/pkg00_base_interfaces__rosidl_typesupport_introspection_c__pyext.dir/rosidl_generator_py/pkg00_base_interfaces/_pkg00_base_interfaces_s.ep.rosidl_typesupport_introspection_c.c.o[0m
[6.429s] [ 90%] [32mBuilding C object CMakeFiles/pkg00_base_interfaces__rosidl_typesupport_fastrtps_c__pyext.dir/rosidl_generator_py/pkg00_base_interfaces/_pkg00_base_interfaces_s.ep.rosidl_typesupport_fastrtps_c.c.o[0m
[6.653s] [ 93%] [32m[1mLinking C shared library rosidl_generator_py/pkg00_base_interfaces/pkg00_base_interfaces_s__rosidl_typesupport_introspection_c.cpython-38-x86_64-linux-gnu.so[0m
[6.705s] [ 96%] [32m[1mLinking CXX shared library rosidl_generator_py/pkg00_base_interfaces/pkg00_base_interfaces_s__rosidl_typesupport_fastrtps_c.cpython-38-x86_64-linux-gnu.so[0m
[6.721s] [100%] [32m[1mLinking C shared library rosidl_generator_py/pkg00_base_interfaces/pkg00_base_interfaces_s__rosidl_typesupport_c.cpython-38-x86_64-linux-gnu.so[0m
[6.806s] [100%] Built target pkg00_base_interfaces__rosidl_typesupport_introspection_c__pyext
[6.843s] [100%] Built target pkg00_base_interfaces__rosidl_typesupport_c__pyext
[6.918s] [100%] Built target pkg00_base_interfaces__rosidl_typesupport_fastrtps_c__pyext
[6.948s] Invoked command in '/home/cjs/Health_Node/ros2_ws/build/pkg00_base_interfaces' returned '0': CMAKE_PREFIX_PATH=/opt/ros/foxy /usr/bin/cmake --build /home/cjs/Health_Node/ros2_ws/build/pkg00_base_interfaces -- -j4 -l4
[7.235s] Invoking command in '/home/cjs/Health_Node/ros2_ws/build/pkg00_base_interfaces': CMAKE_PREFIX_PATH=/opt/ros/foxy /usr/bin/cmake --install /home/cjs/Health_Node/ros2_ws/build/pkg00_base_interfaces
[7.255s] -- Install configuration: ""
[7.259s] -- Installing: /home/cjs/Health_Node/ros2_ws/install/pkg00_base_interfaces/share/ament_index/resource_index/rosidl_interfaces/pkg00_base_interfaces
[7.260s] -- Installing: /home/cjs/Health_Node/ros2_ws/install/pkg00_base_interfaces/include/pkg00_base_interfaces
[7.261s] -- Installing: /home/cjs/Health_Node/ros2_ws/install/pkg00_base_interfaces/include/pkg00_base_interfaces/msg
[7.261s] -- Installing: /home/cjs/Health_Node/ros2_ws/install/pkg00_base_interfaces/include/pkg00_base_interfaces/msg/rosidl_generator_c__visibility_control.h
[7.261s] -- Installing: /home/cjs/Health_Node/ros2_ws/install/pkg00_base_interfaces/include/pkg00_base_interfaces/msg/detail
[7.262s] -- Installing: /home/cjs/Health_Node/ros2_ws/install/pkg00_base_interfaces/include/pkg00_base_interfaces/msg/detail/core_info__functions.c
[7.262s] -- Installing: /home/cjs/Health_Node/ros2_ws/install/pkg00_base_interfaces/include/pkg00_base_interfaces/msg/detail/core_info__struct.h
[7.262s] -- Installing: /home/cjs/Health_Node/ros2_ws/install/pkg00_base_interfaces/include/pkg00_base_interfaces/msg/detail/core_info__type_support.h
[7.263s] -- Installing: /home/cjs/Health_Node/ros2_ws/install/pkg00_base_interfaces/include/pkg00_base_interfaces/msg/detail/core_info__functions.h
[7.263s] -- Installing: /home/cjs/Health_Node/ros2_ws/install/pkg00_base_interfaces/include/pkg00_base_interfaces/msg/core_info.h
[7.264s] -- Installing: /home/cjs/Health_Node/ros2_ws/install/pkg00_base_interfaces/share/pkg00_base_interfaces/environment/library_path.sh
[7.264s] -- Installing: /home/cjs/Health_Node/ros2_ws/install/pkg00_base_interfaces/share/pkg00_base_interfaces/environment/library_path.dsv
[7.265s] -- Installing: /home/cjs/Health_Node/ros2_ws/install/pkg00_base_interfaces/lib/libpkg00_base_interfaces__rosidl_generator_c.so
[7.269s] -- Set runtime path of "/home/cjs/Health_Node/ros2_ws/install/pkg00_base_interfaces/lib/libpkg00_base_interfaces__rosidl_generator_c.so" to ""
[7.270s] -- Up-to-date: /home/cjs/Health_Node/ros2_ws/install/pkg00_base_interfaces/include/pkg00_base_interfaces
[7.271s] -- Up-to-date: /home/cjs/Health_Node/ros2_ws/install/pkg00_base_interfaces/include/pkg00_base_interfaces/msg
[7.272s] -- Up-to-date: /home/cjs/Health_Node/ros2_ws/install/pkg00_base_interfaces/include/pkg00_base_interfaces/msg/detail
[7.274s] -- Installing: /home/cjs/Health_Node/ros2_ws/install/pkg00_base_interfaces/include/pkg00_base_interfaces/msg/detail/core_info__rosidl_typesupport_fastrtps_c.h
[7.275s] -- Installing: /home/cjs/Health_Node/ros2_ws/install/pkg00_base_interfaces/include/pkg00_base_interfaces/msg/rosidl_typesupport_fastrtps_c__visibility_control.h
[7.277s] -- Installing: /home/cjs/Health_Node/ros2_ws/install/pkg00_base_interfaces/lib/libpkg00_base_interfaces__rosidl_typesupport_fastrtps_c.so
[7.277s] -- Set runtime path of "/home/cjs/Health_Node/ros2_ws/install/pkg00_base_interfaces/lib/libpkg00_base_interfaces__rosidl_typesupport_fastrtps_c.so" to ""
[7.277s] -- Up-to-date: /home/cjs/Health_Node/ros2_ws/install/pkg00_base_interfaces/include/pkg00_base_interfaces
[7.277s] -- Up-to-date: /home/cjs/Health_Node/ros2_ws/install/pkg00_base_interfaces/include/pkg00_base_interfaces/msg
[7.277s] -- Up-to-date: /home/cjs/Health_Node/ros2_ws/install/pkg00_base_interfaces/include/pkg00_base_interfaces/msg/detail
[7.277s] -- Installing: /home/cjs/Health_Node/ros2_ws/install/pkg00_base_interfaces/include/pkg00_base_interfaces/msg/detail/dds_fastrtps
[7.277s] -- Installing: /home/cjs/Health_Node/ros2_ws/install/pkg00_base_interfaces/include/pkg00_base_interfaces/msg/detail/core_info__rosidl_typesupport_fastrtps_cpp.hpp
[7.278s] -- Installing: /home/cjs/Health_Node/ros2_ws/install/pkg00_base_interfaces/include/pkg00_base_interfaces/msg/rosidl_typesupport_fastrtps_cpp__visibility_control.h
[7.278s] -- Installing: /home/cjs/Health_Node/ros2_ws/install/pkg00_base_interfaces/lib/libpkg00_base_interfaces__rosidl_typesupport_fastrtps_cpp.so
[7.279s] -- Set runtime path of "/home/cjs/Health_Node/ros2_ws/install/pkg00_base_interfaces/lib/libpkg00_base_interfaces__rosidl_typesupport_fastrtps_cpp.so" to ""
[7.279s] -- Up-to-date: /home/cjs/Health_Node/ros2_ws/install/pkg00_base_interfaces/include/pkg00_base_interfaces
[7.280s] -- Up-to-date: /home/cjs/Health_Node/ros2_ws/install/pkg00_base_interfaces/include/pkg00_base_interfaces/msg
[7.280s] -- Up-to-date: /home/cjs/Health_Node/ros2_ws/install/pkg00_base_interfaces/include/pkg00_base_interfaces/msg/detail
[7.281s] -- Installing: /home/cjs/Health_Node/ros2_ws/install/pkg00_base_interfaces/include/pkg00_base_interfaces/msg/detail/core_info__rosidl_typesupport_introspection_c.h
[7.281s] -- Installing: /home/cjs/Health_Node/ros2_ws/install/pkg00_base_interfaces/include/pkg00_base_interfaces/msg/detail/core_info__type_support.c
[7.281s] -- Installing: /home/cjs/Health_Node/ros2_ws/install/pkg00_base_interfaces/include/pkg00_base_interfaces/msg/rosidl_typesupport_introspection_c__visibility_control.h
[7.281s] -- Installing: /home/cjs/Health_Node/ros2_ws/install/pkg00_base_interfaces/lib/libpkg00_base_interfaces__rosidl_typesupport_introspection_c.so
[7.284s] -- Set runtime path of "/home/cjs/Health_Node/ros2_ws/install/pkg00_base_interfaces/lib/libpkg00_base_interfaces__rosidl_typesupport_introspection_c.so" to ""
[7.285s] -- Installing: /home/cjs/Health_Node/ros2_ws/install/pkg00_base_interfaces/lib/libpkg00_base_interfaces__rosidl_typesupport_c.so
[7.288s] -- Set runtime path of "/home/cjs/Health_Node/ros2_ws/install/pkg00_base_interfaces/lib/libpkg00_base_interfaces__rosidl_typesupport_c.so" to ""
[7.288s] -- Up-to-date: /home/cjs/Health_Node/ros2_ws/install/pkg00_base_interfaces/include/pkg00_base_interfaces
[7.288s] -- Up-to-date: /home/cjs/Health_Node/ros2_ws/install/pkg00_base_interfaces/include/pkg00_base_interfaces/msg
[7.289s] -- Up-to-date: /home/cjs/Health_Node/ros2_ws/install/pkg00_base_interfaces/include/pkg00_base_interfaces/msg/detail
[7.289s] -- Installing: /home/cjs/Health_Node/ros2_ws/install/pkg00_base_interfaces/include/pkg00_base_interfaces/msg/detail/core_info__struct.hpp
[7.289s] -- Installing: /home/cjs/Health_Node/ros2_ws/install/pkg00_base_interfaces/include/pkg00_base_interfaces/msg/detail/core_info__type_support.hpp
[7.290s] -- Installing: /home/cjs/Health_Node/ros2_ws/install/pkg00_base_interfaces/include/pkg00_base_interfaces/msg/detail/core_info__traits.hpp
[7.292s] -- Installing: /home/cjs/Health_Node/ros2_ws/install/pkg00_base_interfaces/include/pkg00_base_interfaces/msg/detail/core_info__builder.hpp
[7.293s] -- Installing: /home/cjs/Health_Node/ros2_ws/install/pkg00_base_interfaces/include/pkg00_base_interfaces/msg/core_info.hpp
[7.293s] -- Installing: /home/cjs/Health_Node/ros2_ws/install/pkg00_base_interfaces/include/pkg00_base_interfaces/msg/rosidl_generator_cpp__visibility_control.hpp
[7.293s] -- Up-to-date: /home/cjs/Health_Node/ros2_ws/install/pkg00_base_interfaces/include/pkg00_base_interfaces
[7.293s] -- Up-to-date: /home/cjs/Health_Node/ros2_ws/install/pkg00_base_interfaces/include/pkg00_base_interfaces/msg
[7.293s] -- Up-to-date: /home/cjs/Health_Node/ros2_ws/install/pkg00_base_interfaces/include/pkg00_base_interfaces/msg/detail
[7.293s] -- Installing: /home/cjs/Health_Node/ros2_ws/install/pkg00_base_interfaces/include/pkg00_base_interfaces/msg/detail/core_info__type_support.cpp
[7.294s] -- Installing: /home/cjs/Health_Node/ros2_ws/install/pkg00_base_interfaces/include/pkg00_base_interfaces/msg/detail/core_info__rosidl_typesupport_introspection_cpp.hpp
[7.294s] -- Installing: /home/cjs/Health_Node/ros2_ws/install/pkg00_base_interfaces/lib/libpkg00_base_interfaces__rosidl_typesupport_introspection_cpp.so
[7.295s] -- Set runtime path of "/home/cjs/Health_Node/ros2_ws/install/pkg00_base_interfaces/lib/libpkg00_base_interfaces__rosidl_typesupport_introspection_cpp.so" to ""
[7.296s] -- Installing: /home/cjs/Health_Node/ros2_ws/install/pkg00_base_interfaces/lib/libpkg00_base_interfaces__rosidl_typesupport_cpp.so
[7.299s] -- Set runtime path of "/home/cjs/Health_Node/ros2_ws/install/pkg00_base_interfaces/lib/libpkg00_base_interfaces__rosidl_typesupport_cpp.so" to ""
[7.299s] -- Installing: /home/cjs/Health_Node/ros2_ws/install/pkg00_base_interfaces/share/pkg00_base_interfaces/environment/pythonpath.sh
[7.299s] -- Installing: /home/cjs/Health_Node/ros2_ws/install/pkg00_base_interfaces/share/pkg00_base_interfaces/environment/pythonpath.dsv
[7.300s] -- Installing: /home/cjs/Health_Node/ros2_ws/install/pkg00_base_interfaces/lib/python3.8/site-packages/pkg00_base_interfaces/__init__.py
[7.356s] Compiling '/home/cjs/Health_Node/ros2_ws/install/pkg00_base_interfaces/lib/python3.8/site-packages/pkg00_base_interfaces/__init__.py'...
[7.361s] -- Installing: /home/cjs/Health_Node/ros2_ws/install/pkg00_base_interfaces/lib/python3.8/site-packages/pkg00_base_interfaces/msg
[7.361s] -- Installing: /home/cjs/Health_Node/ros2_ws/install/pkg00_base_interfaces/lib/python3.8/site-packages/pkg00_base_interfaces/msg/_core_info_s.c
[7.362s] -- Installing: /home/cjs/Health_Node/ros2_ws/install/pkg00_base_interfaces/lib/python3.8/site-packages/pkg00_base_interfaces/msg/_core_info.py
[7.362s] -- Installing: /home/cjs/Health_Node/ros2_ws/install/pkg00_base_interfaces/lib/python3.8/site-packages/pkg00_base_interfaces/msg/__init__.py
[7.363s] -- Installing: /home/cjs/Health_Node/ros2_ws/install/pkg00_base_interfaces/lib/python3.8/site-packages/pkg00_base_interfaces/pkg00_base_interfaces_s__rosidl_typesupport_fastrtps_c.cpython-38-x86_64-linux-gnu.so
[7.365s] -- Set runtime path of "/home/cjs/Health_Node/ros2_ws/install/pkg00_base_interfaces/lib/python3.8/site-packages/pkg00_base_interfaces/pkg00_base_interfaces_s__rosidl_typesupport_fastrtps_c.cpython-38-x86_64-linux-gnu.so" to ""
[7.366s] -- Installing: /home/cjs/Health_Node/ros2_ws/install/pkg00_base_interfaces/lib/python3.8/site-packages/pkg00_base_interfaces/pkg00_base_interfaces_s__rosidl_typesupport_introspection_c.cpython-38-x86_64-linux-gnu.so
[7.370s] -- Set runtime path of "/home/cjs/Health_Node/ros2_ws/install/pkg00_base_interfaces/lib/python3.8/site-packages/pkg00_base_interfaces/pkg00_base_interfaces_s__rosidl_typesupport_introspection_c.cpython-38-x86_64-linux-gnu.so" to ""
[7.370s] -- Installing: /home/cjs/Health_Node/ros2_ws/install/pkg00_base_interfaces/lib/python3.8/site-packages/pkg00_base_interfaces/pkg00_base_interfaces_s__rosidl_typesupport_c.cpython-38-x86_64-linux-gnu.so
[7.372s] -- Set runtime path of "/home/cjs/Health_Node/ros2_ws/install/pkg00_base_interfaces/lib/python3.8/site-packages/pkg00_base_interfaces/pkg00_base_interfaces_s__rosidl_typesupport_c.cpython-38-x86_64-linux-gnu.so" to ""
[7.372s] -- Installing: /home/cjs/Health_Node/ros2_ws/install/pkg00_base_interfaces/lib/libpkg00_base_interfaces__python.so
[7.375s] -- Set runtime path of "/home/cjs/Health_Node/ros2_ws/install/pkg00_base_interfaces/lib/libpkg00_base_interfaces__python.so" to ""
[7.377s] -- Installing: /home/cjs/Health_Node/ros2_ws/install/pkg00_base_interfaces/share/pkg00_base_interfaces/msg/CoreInfo.idl
[7.377s] -- Installing: /home/cjs/Health_Node/ros2_ws/install/pkg00_base_interfaces/share/pkg00_base_interfaces/msg/CoreInfo.msg
[7.378s] -- Installing: /home/cjs/Health_Node/ros2_ws/install/pkg00_base_interfaces/share/ament_index/resource_index/package_run_dependencies/pkg00_base_interfaces
[7.378s] -- Installing: /home/cjs/Health_Node/ros2_ws/install/pkg00_base_interfaces/share/ament_index/resource_index/parent_prefix_path/pkg00_base_interfaces
[7.379s] -- Installing: /home/cjs/Health_Node/ros2_ws/install/pkg00_base_interfaces/share/pkg00_base_interfaces/environment/ament_prefix_path.sh
[7.379s] -- Installing: /home/cjs/Health_Node/ros2_ws/install/pkg00_base_interfaces/share/pkg00_base_interfaces/environment/ament_prefix_path.dsv
[7.379s] -- Installing: /home/cjs/Health_Node/ros2_ws/install/pkg00_base_interfaces/share/pkg00_base_interfaces/environment/path.sh
[7.380s] -- Installing: /home/cjs/Health_Node/ros2_ws/install/pkg00_base_interfaces/share/pkg00_base_interfaces/environment/path.dsv
[7.381s] -- Installing: /home/cjs/Health_Node/ros2_ws/install/pkg00_base_interfaces/share/pkg00_base_interfaces/local_setup.bash
[7.381s] -- Installing: /home/cjs/Health_Node/ros2_ws/install/pkg00_base_interfaces/share/pkg00_base_interfaces/local_setup.sh
[7.382s] -- Installing: /home/cjs/Health_Node/ros2_ws/install/pkg00_base_interfaces/share/pkg00_base_interfaces/local_setup.zsh
[7.382s] -- Installing: /home/cjs/Health_Node/ros2_ws/install/pkg00_base_interfaces/share/pkg00_base_interfaces/local_setup.dsv
[7.383s] -- Installing: /home/cjs/Health_Node/ros2_ws/install/pkg00_base_interfaces/share/pkg00_base_interfaces/package.dsv
[7.384s] -- Installing: /home/cjs/Health_Node/ros2_ws/install/pkg00_base_interfaces/share/ament_index/resource_index/packages/pkg00_base_interfaces
[7.384s] -- Installing: /home/cjs/Health_Node/ros2_ws/install/pkg00_base_interfaces/share/pkg00_base_interfaces/cmake/pkg00_base_interfaces__rosidl_generator_cExport.cmake
[7.385s] -- Installing: /home/cjs/Health_Node/ros2_ws/install/pkg00_base_interfaces/share/pkg00_base_interfaces/cmake/pkg00_base_interfaces__rosidl_generator_cExport-noconfig.cmake
[7.386s] -- Installing: /home/cjs/Health_Node/ros2_ws/install/pkg00_base_interfaces/share/pkg00_base_interfaces/cmake/pkg00_base_interfaces__rosidl_typesupport_introspection_cExport.cmake
[7.386s] -- Installing: /home/cjs/Health_Node/ros2_ws/install/pkg00_base_interfaces/share/pkg00_base_interfaces/cmake/pkg00_base_interfaces__rosidl_typesupport_introspection_cExport-noconfig.cmake
[7.389s] -- Installing: /home/cjs/Health_Node/ros2_ws/install/pkg00_base_interfaces/share/pkg00_base_interfaces/cmake/pkg00_base_interfaces__rosidl_typesupport_cExport.cmake
[7.389s] -- Installing: /home/cjs/Health_Node/ros2_ws/install/pkg00_base_interfaces/share/pkg00_base_interfaces/cmake/pkg00_base_interfaces__rosidl_typesupport_cExport-noconfig.cmake
[7.389s] -- Installing: /home/cjs/Health_Node/ros2_ws/install/pkg00_base_interfaces/share/pkg00_base_interfaces/cmake/pkg00_base_interfaces__rosidl_generator_cppExport.cmake
[7.391s] -- Installing: /home/cjs/Health_Node/ros2_ws/install/pkg00_base_interfaces/share/pkg00_base_interfaces/cmake/pkg00_base_interfaces__rosidl_typesupport_introspection_cppExport.cmake
[7.391s] -- Installing: /home/cjs/Health_Node/ros2_ws/install/pkg00_base_interfaces/share/pkg00_base_interfaces/cmake/pkg00_base_interfaces__rosidl_typesupport_introspection_cppExport-noconfig.cmake
[7.391s] -- Installing: /home/cjs/Health_Node/ros2_ws/install/pkg00_base_interfaces/share/pkg00_base_interfaces/cmake/pkg00_base_interfaces__rosidl_typesupport_cppExport.cmake
[7.392s] -- Installing: /home/cjs/Health_Node/ros2_ws/install/pkg00_base_interfaces/share/pkg00_base_interfaces/cmake/pkg00_base_interfaces__rosidl_typesupport_cppExport-noconfig.cmake
[7.392s] -- Installing: /home/cjs/Health_Node/ros2_ws/install/pkg00_base_interfaces/share/pkg00_base_interfaces/cmake/rosidl_cmake-extras.cmake
[7.393s] -- Installing: /home/cjs/Health_Node/ros2_ws/install/pkg00_base_interfaces/share/pkg00_base_interfaces/cmake/ament_cmake_export_dependencies-extras.cmake
[7.393s] -- Installing: /home/cjs/Health_Node/ros2_ws/install/pkg00_base_interfaces/share/pkg00_base_interfaces/cmake/ament_cmake_export_libraries-extras.cmake
[7.393s] -- Installing: /home/cjs/Health_Node/ros2_ws/install/pkg00_base_interfaces/share/pkg00_base_interfaces/cmake/ament_cmake_export_targets-extras.cmake
[7.394s] -- Installing: /home/cjs/Health_Node/ros2_ws/install/pkg00_base_interfaces/share/pkg00_base_interfaces/cmake/ament_cmake_export_include_directories-extras.cmake
[7.394s] -- Installing: /home/cjs/Health_Node/ros2_ws/install/pkg00_base_interfaces/share/pkg00_base_interfaces/cmake/rosidl_cmake_export_typesupport_libraries-extras.cmake
[7.395s] -- Installing: /home/cjs/Health_Node/ros2_ws/install/pkg00_base_interfaces/share/pkg00_base_interfaces/cmake/rosidl_cmake_export_typesupport_targets-extras.cmake
[7.395s] -- Installing: /home/cjs/Health_Node/ros2_ws/install/pkg00_base_interfaces/share/pkg00_base_interfaces/cmake/pkg00_base_interfacesConfig.cmake
[7.395s] -- Installing: /home/cjs/Health_Node/ros2_ws/install/pkg00_base_interfaces/share/pkg00_base_interfaces/cmake/pkg00_base_interfacesConfig-version.cmake
[7.396s] -- Installing: /home/cjs/Health_Node/ros2_ws/install/pkg00_base_interfaces/share/pkg00_base_interfaces/package.xml
[7.403s] Invoked command in '/home/cjs/Health_Node/ros2_ws/build/pkg00_base_interfaces' returned '0': CMAKE_PREFIX_PATH=/opt/ros/foxy /usr/bin/cmake --install /home/cjs/Health_Node/ros2_ws/build/pkg00_base_interfaces
