[0.024s] Invoking command in '/home/cjs/Health_Node/ros2_ws/build/pkg01_healthoper_cpp': CMAKE_PREFIX_PATH=/home/cjs/Health_Node/ros2_ws/install/pkg00_base_interfaces:/home/cjs/Health_Node/ros2_ws/install/pkg01_healthoper_cpp:/home/cjs/Health_Node/ros2_ws/install/pkg00_interface_base:/opt/ros/foxy /usr/bin/cmake --build /home/cjs/Health_Node/ros2_ws/build/pkg01_healthoper_cpp -- -j4 -l4
[0.088s] [35m[1mScanning dependencies of target health_oper[0m
[0.121s] [ 50%] Built target listener
[0.131s] [ 75%] [32mBuilding CXX object CMakeFiles/health_oper.dir/src/health_oper.cpp.o[0m
[2.087s] [01m[K/home/cjs/Health_Node/ros2_ws/src/pkg01_healthoper_cpp/src/health_oper.cpp:[m[K In member function ‘[01m[Kstd::string HealthOperator::get_ping_time()[m[K’:
[2.087s] [01m[K/home/cjs/Health_Node/ros2_ws/src/pkg01_healthoper_cpp/src/health_oper.cpp:169:12:[m[K [01;35m[Kwarning: [m[K‘[01m[Kping_time_o[m[K’ may be used uninitialized in this function [[01;35m[K-Wmaybe-uninitialized[m[K]
[2.087s]   169 |     [01;35m[Ksprintf(ping_time_o, "%.2f", ping_time)[m[K;
[2.087s]       |     [01;35m[K~~~~~~~^~~~~~~~~~~~~~~~~~~~~~~~~~~~~~~~[m[K
[2.772s] [100%] [32m[1mLinking CXX executable health_oper[0m
[2.946s] [100%] Built target health_oper
[2.964s] Invoked command in '/home/cjs/Health_Node/ros2_ws/build/pkg01_healthoper_cpp' returned '0': CMAKE_PREFIX_PATH=/home/cjs/Health_Node/ros2_ws/install/pkg00_base_interfaces:/home/cjs/Health_Node/ros2_ws/install/pkg01_healthoper_cpp:/home/cjs/Health_Node/ros2_ws/install/pkg00_interface_base:/opt/ros/foxy /usr/bin/cmake --build /home/cjs/Health_Node/ros2_ws/build/pkg01_healthoper_cpp -- -j4 -l4
[3.022s] Invoking command in '/home/cjs/Health_Node/ros2_ws/build/pkg01_healthoper_cpp': CMAKE_PREFIX_PATH=/home/cjs/Health_Node/ros2_ws/install/pkg00_base_interfaces:/home/cjs/Health_Node/ros2_ws/install/pkg01_healthoper_cpp:/home/cjs/Health_Node/ros2_ws/install/pkg00_interface_base:/opt/ros/foxy /usr/bin/cmake --install /home/cjs/Health_Node/ros2_ws/build/pkg01_healthoper_cpp
[3.031s] -- Install configuration: ""
[3.031s] -- Installing: /home/cjs/Health_Node/ros2_ws/install/pkg01_healthoper_cpp/lib/pkg01_healthoper_cpp/health_oper
[3.032s] -- Set runtime path of "/home/cjs/Health_Node/ros2_ws/install/pkg01_healthoper_cpp/lib/pkg01_healthoper_cpp/health_oper" to ""
[3.033s] -- Up-to-date: /home/cjs/Health_Node/ros2_ws/install/pkg01_healthoper_cpp/lib/pkg01_healthoper_cpp/listener
[3.033s] -- Up-to-date: /home/cjs/Health_Node/ros2_ws/install/pkg01_healthoper_cpp/share/ament_index/resource_index/package_run_dependencies/pkg01_healthoper_cpp
[3.033s] -- Up-to-date: /home/cjs/Health_Node/ros2_ws/install/pkg01_healthoper_cpp/share/ament_index/resource_index/parent_prefix_path/pkg01_healthoper_cpp
[3.033s] -- Up-to-date: /home/cjs/Health_Node/ros2_ws/install/pkg01_healthoper_cpp/share/pkg01_healthoper_cpp/environment/ament_prefix_path.sh
[3.033s] -- Up-to-date: /home/cjs/Health_Node/ros2_ws/install/pkg01_healthoper_cpp/share/pkg01_healthoper_cpp/environment/ament_prefix_path.dsv
[3.034s] -- Up-to-date: /home/cjs/Health_Node/ros2_ws/install/pkg01_healthoper_cpp/share/pkg01_healthoper_cpp/environment/path.sh
[3.034s] -- Up-to-date: /home/cjs/Health_Node/ros2_ws/install/pkg01_healthoper_cpp/share/pkg01_healthoper_cpp/environment/path.dsv
[3.034s] -- Up-to-date: /home/cjs/Health_Node/ros2_ws/install/pkg01_healthoper_cpp/share/pkg01_healthoper_cpp/local_setup.bash
[3.034s] -- Up-to-date: /home/cjs/Health_Node/ros2_ws/install/pkg01_healthoper_cpp/share/pkg01_healthoper_cpp/local_setup.sh
[3.034s] -- Up-to-date: /home/cjs/Health_Node/ros2_ws/install/pkg01_healthoper_cpp/share/pkg01_healthoper_cpp/local_setup.zsh
[3.034s] -- Up-to-date: /home/cjs/Health_Node/ros2_ws/install/pkg01_healthoper_cpp/share/pkg01_healthoper_cpp/local_setup.dsv
[3.034s] -- Installing: /home/cjs/Health_Node/ros2_ws/install/pkg01_healthoper_cpp/share/pkg01_healthoper_cpp/package.dsv
[3.034s] -- Up-to-date: /home/cjs/Health_Node/ros2_ws/install/pkg01_healthoper_cpp/share/ament_index/resource_index/packages/pkg01_healthoper_cpp
[3.034s] -- Up-to-date: /home/cjs/Health_Node/ros2_ws/install/pkg01_healthoper_cpp/share/pkg01_healthoper_cpp/cmake/pkg01_healthoper_cppConfig.cmake
[3.034s] -- Up-to-date: /home/cjs/Health_Node/ros2_ws/install/pkg01_healthoper_cpp/share/pkg01_healthoper_cpp/cmake/pkg01_healthoper_cppConfig-version.cmake
[3.035s] -- Up-to-date: /home/cjs/Health_Node/ros2_ws/install/pkg01_healthoper_cpp/share/pkg01_healthoper_cpp/package.xml
[3.039s] Invoked command in '/home/cjs/Health_Node/ros2_ws/build/pkg01_healthoper_cpp' returned '0': CMAKE_PREFIX_PATH=/home/cjs/Health_Node/ros2_ws/install/pkg00_base_interfaces:/home/cjs/Health_Node/ros2_ws/install/pkg01_healthoper_cpp:/home/cjs/Health_Node/ros2_ws/install/pkg00_interface_base:/opt/ros/foxy /usr/bin/cmake --install /home/cjs/Health_Node/ros2_ws/build/pkg01_healthoper_cpp
