[0.028s] Invoking command in '/home/cjs/Health_Node/ros2_ws/build/base_interfaces_demo': /usr/bin/cmake --build /home/cjs/Health_Node/ros2_ws/build/base_interfaces_demo -- -j4 -l4
[0.197s] -- Found ament_cmake: 0.9.12 (/opt/ros/foxy/share/ament_cmake/cmake)
[0.226s] -- Found PythonInterp: /usr/bin/python3 (found suitable version "3.8.10", minimum required is "3") 
[0.226s] -- Using PYTHON_EXECUTABLE: /usr/bin/python3
[0.579s] Traceback (most recent call last):
[0.580s]   File "/opt/ros/foxy/share/ament_cmake_core/cmake/package_templates/templates_2_cmake.py", line 21, in <module>
[0.580s]     from ament_package.templates import get_environment_hook_template_path
[0.580s] ModuleNotFoundError: No module named 'ament_package'
[0.604s] -- Configuring incomplete, errors occurred!
[0.604s] See also "/home/cjs/Health_Node/ros2_ws/build/base_interfaces_demo/CMakeFiles/CMakeOutput.log".
[0.604s] See also "/home/cjs/Health_Node/ros2_ws/build/base_interfaces_demo/CMakeFiles/CMakeError.log".
[0.605s] CMake Error at /opt/ros/foxy/share/ament_cmake_core/cmake/ament_cmake_package_templates-extras.cmake:41 (message):
[0.605s]   execute_process(/usr/bin/python3
[0.605s]   /opt/ros/foxy/share/ament_cmake_core/cmake/package_templates/templates_2_cmake.py
[0.605s]   /home/cjs/Health_Node/ros2_ws/build/base_interfaces_demo/ament_cmake_package_templates/templates.cmake)
[0.605s]   returned error code 1
[0.605s] Call Stack (most recent call first):
[0.605s]   /opt/ros/foxy/share/ament_cmake_core/cmake/ament_cmake_coreConfig.cmake:41 (include)
[0.605s]   /opt/ros/foxy/share/ament_cmake/cmake/ament_cmake_export_dependencies-extras.cmake:15 (find_package)
[0.605s]   /opt/ros/foxy/share/ament_cmake/cmake/ament_cmakeConfig.cmake:41 (include)
[0.605s]   CMakeLists.txt:19 (find_package)
[0.605s] 
[0.605s] 
[0.613s] make: *** [Makefile:4828: cmake_check_build_system] Error 1
[0.622s] Invoked command in '/home/cjs/Health_Node/ros2_ws/build/base_interfaces_demo' returned '2': /usr/bin/cmake --build /home/cjs/Health_Node/ros2_ws/build/base_interfaces_demo -- -j4 -l4
