[0.017s] Invoking command in '/home/cjs/Health_Node/build/pkg00_base_interfaces': CMAKE_PREFIX_PATH=/opt/ros/foxy /usr/bin/cmake /home/cjs/Health_Node/ros2_ws/src/pkg00_base_interfaces -DCMAKE_INSTALL_PREFIX=/home/cjs/Health_Node/install/pkg00_base_interfaces
[0.248s] -- The C compiler identification is GNU 9.4.0
[0.419s] -- The CXX compiler identification is GNU 9.4.0
[0.434s] -- Check for working C compiler: /usr/bin/cc
[0.542s] -- Check for working C compiler: /usr/bin/cc -- works
[0.549s] -- Detecting C compiler ABI info
[0.683s] -- Detecting C compiler ABI info - done
[0.699s] -- Detecting C compile features
[0.700s] -- Detecting C compile features - done
[0.705s] -- Check for working CXX compiler: /usr/bin/c++
[0.829s] -- Check for working CXX compiler: /usr/bin/c++ -- works
[0.831s] -- Detecting CXX compiler ABI info
[0.961s] -- Detecting CXX compiler ABI info - done
[0.974s] -- Detecting CXX compile features
[0.975s] -- Detecting CXX compile features - done
[0.993s] -- Found ament_cmake: 0.9.12 (/opt/ros/foxy/share/ament_cmake/cmake)
[1.039s] -- Found PythonInterp: /usr/bin/python3 (found suitable version "3.8.10", minimum required is "3") 
[1.039s] -- Using PYTHON_EXECUTABLE: /usr/bin/python3
[1.320s] -- Found rosidl_default_generators: 1.0.1 (/opt/ros/foxy/share/rosidl_default_generators/cmake)
[1.336s] -- Using all available rosidl_typesupport_c: rosidl_typesupport_fastrtps_c;rosidl_typesupport_introspection_c
[1.355s] -- Found rosidl_adapter: 1.3.1 (/opt/ros/foxy/share/rosidl_adapter/cmake)
[1.545s] -- Found OpenSSL: /usr/lib/x86_64-linux-gnu/libcrypto.so (found version "1.1.1f")  
[1.589s] -- Found FastRTPS: /opt/ros/foxy/include  
[1.715s] -- Using all available rosidl_typesupport_cpp: rosidl_typesupport_fastrtps_cpp;rosidl_typesupport_introspection_cpp
[1.771s] CMake Error at /opt/ros/foxy/share/rosidl_cmake/cmake/rosidl_generate_interfaces.cmake:93 (message):
[1.771s]   rosidl_generate_interfaces() the passed file 'msg/ChargeInfo.msg' doesn't
[1.771s]   exist relative to the CMAKE_CURRENT_SOURCE_DIR
[1.771s]   '/home/cjs/Health_Node/ros2_ws/src/pkg00_base_interfaces'
[1.771s] Call Stack (most recent call first):
[1.771s]   CMakeLists.txt:22 (rosidl_generate_interfaces)
[1.771s] 
[1.771s] 
[1.772s] -- Configuring incomplete, errors occurred!
[1.772s] See also "/home/cjs/Health_Node/build/pkg00_base_interfaces/CMakeFiles/CMakeOutput.log".
[1.790s] Invoked command in '/home/cjs/Health_Node/build/pkg00_base_interfaces' returned '1': CMAKE_PREFIX_PATH=/opt/ros/foxy /usr/bin/cmake /home/cjs/Health_Node/ros2_ws/src/pkg00_base_interfaces -DCMAKE_INSTALL_PREFIX=/home/cjs/Health_Node/install/pkg00_base_interfaces
