[0.077s] Invoking command in '/home/cjs/Health_Node/ros2_ws/build/pkg02_lifecycle_cpp': AMENT_PREFIX_PATH=/home/cjs/Health_Node/ros2_ws/install/base_interfaces_demo:${AMENT_PREFIX_PATH} CMAKE_PREFIX_PATH=/home/cjs/Health_Node/ros2_ws/install/base_interfaces_demo:/opt/ros/foxy LD_LIBRARY_PATH=/home/cjs/Health_Node/ros2_ws/install/base_interfaces_demo/lib:${LD_LIBRARY_PATH} PYTHONPATH=/home/cjs/Health_Node/ros2_ws/install/base_interfaces_demo/lib/python3.8/site-packages:${PYTHONPATH} /usr/bin/cmake --build /home/cjs/Health_Node/ros2_ws/build/pkg02_lifecycle_cpp -- -j4 -l4
[0.188s] -- Found ament_cmake: 0.9.12 (/opt/ros/foxy/share/ament_cmake/cmake)
[0.248s] -- Using PYTHON_EXECUTABLE: /usr/bin/python3
[0.657s] -- Found rclcpp: 2.4.3 (/opt/ros/foxy/share/rclcpp/cmake)
[0.737s] -- Using all available rosidl_typesupport_c: rosidl_typesupport_fastrtps_c;rosidl_typesupport_introspection_c
[0.744s] -- Found rosidl_adapter: 1.3.1 (/opt/ros/foxy/share/rosidl_adapter/cmake)
[1.006s] -- Using all available rosidl_typesupport_cpp: rosidl_typesupport_fastrtps_cpp;rosidl_typesupport_introspection_cpp
[1.106s] -- Found rmw_implementation_cmake: 1.0.4 (/opt/ros/foxy/share/rmw_implementation_cmake/cmake)
[1.109s] -- Using RMW implementation 'rmw_fastrtps_cpp' as default
[1.380s] -- Found lifecycle_msgs: 1.0.0 (/opt/ros/foxy/share/lifecycle_msgs/cmake)
[1.399s] -- Found rclcpp_lifecycle: 2.4.3 (/opt/ros/foxy/share/rclcpp_lifecycle/cmake)
[1.431s] -- Found base_interfaces_demo: 0.0.0 (/home/cjs/Health_Node/ros2_ws/install/base_interfaces_demo/share/base_interfaces_demo/cmake)
[1.605s] CMake Error at CMakeLists.txt:28 (target_include_directories):
[1.605s]   Cannot specify include directories for target "lifecycle" which is not
[1.606s]   built by this project.
[1.606s] 
[1.606s] 
[1.608s] -- Found ament_lint_auto: 0.9.8 (/opt/ros/foxy/share/ament_lint_auto/cmake)
[1.754s] -- Added test 'copyright' to check source files copyright and LICENSE
[1.760s] -- Added test 'cppcheck' to perform static code analysis on C / C++ code
[1.761s] -- Configured cppcheck include dirs: 
[1.761s] -- Configured cppcheck exclude dirs and/or files: 
[1.765s] -- Added test 'cpplint' to check C / C++ code against the Google style
[1.765s] -- Configured cpplint exclude dirs and/or files: 
[1.767s] -- Added test 'lint_cmake' to check CMake code style
[1.771s] -- Added test 'uncrustify' to check C / C++ code style
[1.771s] -- Configured uncrustify additional arguments: 
[1.772s] -- Added test 'xmllint' to check XML markup files
[1.785s] -- Configuring incomplete, errors occurred!
[1.785s] See also "/home/cjs/Health_Node/ros2_ws/build/pkg02_lifecycle_cpp/CMakeFiles/CMakeOutput.log".
[1.786s] See also "/home/cjs/Health_Node/ros2_ws/build/pkg02_lifecycle_cpp/CMakeFiles/CMakeError.log".
[1.804s] make: *** [Makefile:266: cmake_check_build_system] Error 1
[1.819s] Invoked command in '/home/cjs/Health_Node/ros2_ws/build/pkg02_lifecycle_cpp' returned '2': AMENT_PREFIX_PATH=/home/cjs/Health_Node/ros2_ws/install/base_interfaces_demo:${AMENT_PREFIX_PATH} CMAKE_PREFIX_PATH=/home/cjs/Health_Node/ros2_ws/install/base_interfaces_demo:/opt/ros/foxy LD_LIBRARY_PATH=/home/cjs/Health_Node/ros2_ws/install/base_interfaces_demo/lib:${LD_LIBRARY_PATH} PYTHONPATH=/home/cjs/Health_Node/ros2_ws/install/base_interfaces_demo/lib/python3.8/site-packages:${PYTHONPATH} /usr/bin/cmake --build /home/cjs/Health_Node/ros2_ws/build/pkg02_lifecycle_cpp -- -j4 -l4
