-- The C compiler identification is GNU 9.4.0
-- The CXX compiler identification is GNU 9.4.0
-- Check for working C compiler: /usr/bin/cc
-- Check for working C compiler: /usr/bin/cc -- works
-- Detecting C compiler ABI info
-- Detecting C compiler ABI info - done
-- Detecting C compile features
-- Detecting C compile features - done
-- Check for working CXX compiler: /usr/bin/c++
-- Check for working CXX compiler: /usr/bin/c++ -- works
-- Detecting CXX compiler ABI info
-- Detecting CXX compiler ABI info - done
-- Detecting CXX compile features
-- Detecting CXX compile features - done
-- Found ament_cmake: 0.9.12 (/opt/ros/foxy/share/ament_cmake/cmake)
-- Found PythonInterp: /usr/bin/python3 (found suitable version "3.8.10", minimum required is "3") 
-- Using PYTHON_EXECUTABLE: /usr/bin/python3
-- Found rclcpp: 2.4.3 (/opt/ros/foxy/share/rclcpp/cmake)
-- Using all available rosidl_typesupport_c: rosidl_typesupport_fastrtps_c;rosidl_typesupport_introspection_c
-- Found rosidl_adapter: 1.3.1 (/opt/ros/foxy/share/rosidl_adapter/cmake)
-- Found OpenSSL: /usr/lib/x86_64-linux-gnu/libcrypto.so (found version "1.1.1f")  
-- Found FastRTPS: /opt/ros/foxy/include  
-- Using all available rosidl_typesupport_cpp: rosidl_typesupport_fastrtps_cpp;rosidl_typesupport_introspection_cpp
-- Found rmw_implementation_cmake: 1.0.4 (/opt/ros/foxy/share/rmw_implementation_cmake/cmake)
-- Using RMW implementation 'rmw_fastrtps_cpp' as default
-- Looking for pthread.h
-- Looking for pthread.h - found
-- Performing Test CMAKE_HAVE_LIBC_PTHREAD
-- Performing Test CMAKE_HAVE_LIBC_PTHREAD - Failed
-- Looking for pthread_create in pthreads
-- Looking for pthread_create in pthreads - not found
-- Looking for pthread_create in pthread
-- Looking for pthread_create in pthread - found
-- Found Threads: TRUE  
-- Found base_interfaces_demo: 0.0.0 (/home/cjs/Health_Node/ros2_ws/install/base_interfaces_demo/share/base_interfaces_demo/cmake)
-- Found ament_lint_auto: 0.9.8 (/opt/ros/foxy/share/ament_lint_auto/cmake)
-- Added test 'copyright' to check source files copyright and LICENSE
-- Added test 'cppcheck' to perform static code analysis on C / C++ code
-- Configured cppcheck include dirs: $<BUILD_INTERFACE:/home/cjs/Health_Node/ros2_ws/src/pkg01_healthoper_cpp/include>
-- Configured cppcheck exclude dirs and/or files: 
-- Added test 'cpplint' to check C / C++ code against the Google style
-- Configured cpplint exclude dirs and/or files: 
-- Added test 'lint_cmake' to check CMake code style
-- Added test 'uncrustify' to check C / C++ code style
-- Configured uncrustify additional arguments: 
-- Added test 'xmllint' to check XML markup files
-- Configuring done
-- Generating done
-- Build files have been written to: /home/cjs/Health_Node/ros2_ws/build/pkg01_healthoper_cpp
/usr/bin/cmake -S/home/cjs/Health_Node/ros2_ws/src/pkg01_healthoper_cpp -B/home/cjs/Health_Node/ros2_ws/build/pkg01_healthoper_cpp --check-build-system CMakeFiles/Makefile.cmake 0
/usr/bin/cmake -E cmake_progress_start /home/cjs/Health_Node/ros2_ws/build/pkg01_healthoper_cpp/CMakeFiles /home/cjs/Health_Node/ros2_ws/build/pkg01_healthoper_cpp/CMakeFiles/progress.marks
/usr/bin/make -f CMakeFiles/Makefile2 all
make[1]: Entering directory '/home/cjs/Health_Node/ros2_ws/build/pkg01_healthoper_cpp'
/usr/bin/make -f CMakeFiles/listener.dir/build.make CMakeFiles/listener.dir/depend
/usr/bin/make -f CMakeFiles/health_oper.dir/build.make CMakeFiles/health_oper.dir/depend
make[2]: Entering directory '/home/cjs/Health_Node/ros2_ws/build/pkg01_healthoper_cpp'
cd /home/cjs/Health_Node/ros2_ws/build/pkg01_healthoper_cpp && /usr/bin/cmake -E cmake_depends "Unix Makefiles" /home/cjs/Health_Node/ros2_ws/src/pkg01_healthoper_cpp /home/cjs/Health_Node/ros2_ws/src/pkg01_healthoper_cpp /home/cjs/Health_Node/ros2_ws/build/pkg01_healthoper_cpp /home/cjs/Health_Node/ros2_ws/build/pkg01_healthoper_cpp /home/cjs/Health_Node/ros2_ws/build/pkg01_healthoper_cpp/CMakeFiles/listener.dir/DependInfo.cmake --color=
make[2]: Entering directory '/home/cjs/Health_Node/ros2_ws/build/pkg01_healthoper_cpp'
cd /home/cjs/Health_Node/ros2_ws/build/pkg01_healthoper_cpp && /usr/bin/cmake -E cmake_depends "Unix Makefiles" /home/cjs/Health_Node/ros2_ws/src/pkg01_healthoper_cpp /home/cjs/Health_Node/ros2_ws/src/pkg01_healthoper_cpp /home/cjs/Health_Node/ros2_ws/build/pkg01_healthoper_cpp /home/cjs/Health_Node/ros2_ws/build/pkg01_healthoper_cpp /home/cjs/Health_Node/ros2_ws/build/pkg01_healthoper_cpp/CMakeFiles/health_oper.dir/DependInfo.cmake --color=
Dependee "/home/cjs/Health_Node/ros2_ws/build/pkg01_healthoper_cpp/CMakeFiles/CMakeDirectoryInformation.cmake" is newer than depender "/home/cjs/Health_Node/ros2_ws/build/pkg01_healthoper_cpp/CMakeFiles/listener.dir/depend.internal".
[35m[1mScanning dependencies of target listener[0m
Dependee "/home/cjs/Health_Node/ros2_ws/build/pkg01_healthoper_cpp/CMakeFiles/CMakeDirectoryInformation.cmake" is newer than depender "/home/cjs/Health_Node/ros2_ws/build/pkg01_healthoper_cpp/CMakeFiles/health_oper.dir/depend.internal".
[35m[1mScanning dependencies of target health_oper[0m
make[2]: Leaving directory '/home/cjs/Health_Node/ros2_ws/build/pkg01_healthoper_cpp'
/usr/bin/make -f CMakeFiles/listener.dir/build.make CMakeFiles/listener.dir/build
make[2]: Leaving directory '/home/cjs/Health_Node/ros2_ws/build/pkg01_healthoper_cpp'
/usr/bin/make -f CMakeFiles/health_oper.dir/build.make CMakeFiles/health_oper.dir/build
make[2]: Entering directory '/home/cjs/Health_Node/ros2_ws/build/pkg01_healthoper_cpp'
make[2]: Entering directory '/home/cjs/Health_Node/ros2_ws/build/pkg01_healthoper_cpp'
[ 20%] [32m[1mLinking CXX executable listener[0m
/usr/bin/cmake -E cmake_link_script CMakeFiles/listener.dir/link.txt --verbose=1
[ 40%] [32m[1mLinking CXX executable health_oper[0m
/usr/bin/cmake -E cmake_link_script CMakeFiles/health_oper.dir/link.txt --verbose=1
/usr/bin/c++     CMakeFiles/listener.dir/src/listener.cpp.o  -o listener  -Wl,-rpath,/opt/ros/foxy/lib:/home/cjs/Health_Node/ros2_ws/install/base_interfaces_demo/lib: /opt/ros/foxy/lib/librclcpp.so /home/cjs/Health_Node/ros2_ws/install/base_interfaces_demo/lib/libbase_interfaces_demo__rosidl_typesupport_introspection_c.so /home/cjs/Health_Node/ros2_ws/install/base_interfaces_demo/lib/libbase_interfaces_demo__rosidl_typesupport_c.so /home/cjs/Health_Node/ros2_ws/install/base_interfaces_demo/lib/libbase_interfaces_demo__rosidl_typesupport_introspection_cpp.so /home/cjs/Health_Node/ros2_ws/install/base_interfaces_demo/lib/libbase_interfaces_demo__rosidl_typesupport_cpp.so /usr/lib/x86_64-linux-gnu/libyaml-cpp.so.0.6.2 /opt/ros/foxy/lib/liblibstatistics_collector.so /opt/ros/foxy/lib/liblibstatistics_collector_test_msgs__rosidl_typesupport_introspection_c.so /opt/ros/foxy/lib/liblibstatistics_collector_test_msgs__rosidl_generator_c.so /opt/ros/foxy/lib/liblibstatistics_collector_test_msgs__rosidl_typesupport_c.so /opt/ros/foxy/lib/liblibstatistics_collector_test_msgs__rosidl_typesupport_introspection_cpp.so /opt/ros/foxy/lib/liblibstatistics_collector_test_msgs__rosidl_typesupport_cpp.so /opt/ros/foxy/lib/libstd_msgs__rosidl_typesupport_introspection_c.so /opt/ros/foxy/lib/libstd_msgs__rosidl_generator_c.so /opt/ros/foxy/lib/libstd_msgs__rosidl_typesupport_c.so /opt/ros/foxy/lib/libstd_msgs__rosidl_typesupport_introspection_cpp.so /opt/ros/foxy/lib/libstd_msgs__rosidl_typesupport_cpp.so /opt/ros/foxy/lib/librcl.so /opt/ros/foxy/lib/librcl_interfaces__rosidl_typesupport_introspection_c.so /opt/ros/foxy/lib/librcl_interfaces__rosidl_generator_c.so /opt/ros/foxy/lib/librcl_interfaces__rosidl_typesupport_c.so /opt/ros/foxy/lib/librcl_interfaces__rosidl_typesupport_introspection_cpp.so /opt/ros/foxy/lib/librcl_interfaces__rosidl_typesupport_cpp.so /opt/ros/foxy/lib/librmw_implementation.so /opt/ros/foxy/lib/librmw.so /opt/ros/foxy/lib/librcl_logging_spdlog.so /usr/lib/x86_64-linux-gnu/libspdlog.so.1.5.0 -lpthread /opt/ros/foxy/lib/librcl_yaml_param_parser.so /opt/ros/foxy/lib/libyaml.so /opt/ros/foxy/lib/librosgraph_msgs__rosidl_typesupport_introspection_c.so /opt/ros/foxy/lib/librosgraph_msgs__rosidl_generator_c.so /opt/ros/foxy/lib/librosgraph_msgs__rosidl_typesupport_c.so /opt/ros/foxy/lib/librosgraph_msgs__rosidl_typesupport_introspection_cpp.so /opt/ros/foxy/lib/librosgraph_msgs__rosidl_typesupport_cpp.so /opt/ros/foxy/lib/libstatistics_msgs__rosidl_typesupport_introspection_c.so /opt/ros/foxy/lib/libstatistics_msgs__rosidl_generator_c.so /opt/ros/foxy/lib/libstatistics_msgs__rosidl_typesupport_c.so /opt/ros/foxy/lib/libstatistics_msgs__rosidl_typesupport_introspection_cpp.so /opt/ros/foxy/lib/libstatistics_msgs__rosidl_typesupport_cpp.so /opt/ros/foxy/lib/libtracetools.so /home/cjs/Health_Node/ros2_ws/install/base_interfaces_demo/lib/libbase_interfaces_demo__rosidl_generator_c.so /opt/ros/foxy/lib/libaction_msgs__rosidl_typesupport_introspection_c.so /opt/ros/foxy/lib/libaction_msgs__rosidl_generator_c.so /opt/ros/foxy/lib/libaction_msgs__rosidl_typesupport_c.so /opt/ros/foxy/lib/libaction_msgs__rosidl_typesupport_introspection_cpp.so /opt/ros/foxy/lib/libaction_msgs__rosidl_typesupport_cpp.so /opt/ros/foxy/lib/libbuiltin_interfaces__rosidl_typesupport_introspection_c.so /opt/ros/foxy/lib/libbuiltin_interfaces__rosidl_generator_c.so /opt/ros/foxy/lib/libbuiltin_interfaces__rosidl_typesupport_c.so /opt/ros/foxy/lib/libbuiltin_interfaces__rosidl_typesupport_introspection_cpp.so /opt/ros/foxy/lib/libbuiltin_interfaces__rosidl_typesupport_cpp.so /opt/ros/foxy/lib/libunique_identifier_msgs__rosidl_typesupport_introspection_c.so /opt/ros/foxy/lib/libunique_identifier_msgs__rosidl_generator_c.so /opt/ros/foxy/lib/libunique_identifier_msgs__rosidl_typesupport_c.so /opt/ros/foxy/lib/libunique_identifier_msgs__rosidl_typesupport_introspection_cpp.so /opt/ros/foxy/lib/librosidl_typesupport_introspection_cpp.so /opt/ros/foxy/lib/librosidl_typesupport_introspection_c.so /opt/ros/foxy/lib/libunique_identifier_msgs__rosidl_typesupport_cpp.so /opt/ros/foxy/lib/librosidl_typesupport_cpp.so /opt/ros/foxy/lib/librosidl_typesupport_c.so /opt/ros/foxy/lib/librcpputils.so /opt/ros/foxy/lib/librosidl_runtime_c.so /opt/ros/foxy/lib/librcutils.so -ldl 
/usr/bin/c++     CMakeFiles/health_oper.dir/src/health_oper.cpp.o CMakeFiles/health_oper.dir/src/core_info.cpp.o  -o health_oper  -Wl,-rpath,/opt/ros/foxy/lib:/home/cjs/Health_Node/ros2_ws/install/base_interfaces_demo/lib: /opt/ros/foxy/lib/librclcpp.so /home/cjs/Health_Node/ros2_ws/install/base_interfaces_demo/lib/libbase_interfaces_demo__rosidl_typesupport_introspection_c.so /home/cjs/Health_Node/ros2_ws/install/base_interfaces_demo/lib/libbase_interfaces_demo__rosidl_typesupport_c.so /home/cjs/Health_Node/ros2_ws/install/base_interfaces_demo/lib/libbase_interfaces_demo__rosidl_typesupport_introspection_cpp.so /home/cjs/Health_Node/ros2_ws/install/base_interfaces_demo/lib/libbase_interfaces_demo__rosidl_typesupport_cpp.so -lyalm-cpp /opt/ros/foxy/lib/liblibstatistics_collector.so /opt/ros/foxy/lib/liblibstatistics_collector_test_msgs__rosidl_typesupport_introspection_c.so /opt/ros/foxy/lib/liblibstatistics_collector_test_msgs__rosidl_generator_c.so /opt/ros/foxy/lib/liblibstatistics_collector_test_msgs__rosidl_typesupport_c.so /opt/ros/foxy/lib/liblibstatistics_collector_test_msgs__rosidl_typesupport_introspection_cpp.so /opt/ros/foxy/lib/liblibstatistics_collector_test_msgs__rosidl_typesupport_cpp.so /opt/ros/foxy/lib/libstd_msgs__rosidl_typesupport_introspection_c.so /opt/ros/foxy/lib/libstd_msgs__rosidl_generator_c.so /opt/ros/foxy/lib/libstd_msgs__rosidl_typesupport_c.so /opt/ros/foxy/lib/libstd_msgs__rosidl_typesupport_introspection_cpp.so /opt/ros/foxy/lib/libstd_msgs__rosidl_typesupport_cpp.so /opt/ros/foxy/lib/librcl.so /opt/ros/foxy/lib/librcl_interfaces__rosidl_typesupport_introspection_c.so /opt/ros/foxy/lib/librcl_interfaces__rosidl_generator_c.so /opt/ros/foxy/lib/librcl_interfaces__rosidl_typesupport_c.so /opt/ros/foxy/lib/librcl_interfaces__rosidl_typesupport_introspection_cpp.so /opt/ros/foxy/lib/librcl_interfaces__rosidl_typesupport_cpp.so /opt/ros/foxy/lib/librmw_implementation.so /opt/ros/foxy/lib/librmw.so /opt/ros/foxy/lib/librcl_logging_spdlog.so /usr/lib/x86_64-linux-gnu/libspdlog.so.1.5.0 -lpthread /opt/ros/foxy/lib/librcl_yaml_param_parser.so /opt/ros/foxy/lib/libyaml.so /opt/ros/foxy/lib/librosgraph_msgs__rosidl_typesupport_introspection_c.so /opt/ros/foxy/lib/librosgraph_msgs__rosidl_generator_c.so /opt/ros/foxy/lib/librosgraph_msgs__rosidl_typesupport_c.so /opt/ros/foxy/lib/librosgraph_msgs__rosidl_typesupport_introspection_cpp.so /opt/ros/foxy/lib/librosgraph_msgs__rosidl_typesupport_cpp.so /opt/ros/foxy/lib/libstatistics_msgs__rosidl_typesupport_introspection_c.so /opt/ros/foxy/lib/libstatistics_msgs__rosidl_generator_c.so /opt/ros/foxy/lib/libstatistics_msgs__rosidl_typesupport_c.so /opt/ros/foxy/lib/libstatistics_msgs__rosidl_typesupport_introspection_cpp.so /opt/ros/foxy/lib/libstatistics_msgs__rosidl_typesupport_cpp.so /opt/ros/foxy/lib/libtracetools.so /home/cjs/Health_Node/ros2_ws/install/base_interfaces_demo/lib/libbase_interfaces_demo__rosidl_generator_c.so /opt/ros/foxy/lib/libaction_msgs__rosidl_typesupport_introspection_c.so /opt/ros/foxy/lib/libaction_msgs__rosidl_generator_c.so /opt/ros/foxy/lib/libaction_msgs__rosidl_typesupport_c.so /opt/ros/foxy/lib/libaction_msgs__rosidl_typesupport_introspection_cpp.so /opt/ros/foxy/lib/libaction_msgs__rosidl_typesupport_cpp.so /opt/ros/foxy/lib/libbuiltin_interfaces__rosidl_typesupport_introspection_c.so /opt/ros/foxy/lib/libbuiltin_interfaces__rosidl_generator_c.so /opt/ros/foxy/lib/libbuiltin_interfaces__rosidl_typesupport_c.so /opt/ros/foxy/lib/libbuiltin_interfaces__rosidl_typesupport_introspection_cpp.so /opt/ros/foxy/lib/libbuiltin_interfaces__rosidl_typesupport_cpp.so /opt/ros/foxy/lib/libunique_identifier_msgs__rosidl_typesupport_introspection_c.so /opt/ros/foxy/lib/libunique_identifier_msgs__rosidl_generator_c.so /opt/ros/foxy/lib/libunique_identifier_msgs__rosidl_typesupport_c.so /opt/ros/foxy/lib/libunique_identifier_msgs__rosidl_typesupport_introspection_cpp.so /opt/ros/foxy/lib/librosidl_typesupport_introspection_cpp.so /opt/ros/foxy/lib/librosidl_typesupport_introspection_c.so /opt/ros/foxy/lib/libunique_identifier_msgs__rosidl_typesupport_cpp.so /opt/ros/foxy/lib/librosidl_typesupport_cpp.so /opt/ros/foxy/lib/librosidl_typesupport_c.so /opt/ros/foxy/lib/librcpputils.so /opt/ros/foxy/lib/librosidl_runtime_c.so /opt/ros/foxy/lib/librcutils.so -ldl 
make[2]: Leaving directory '/home/cjs/Health_Node/ros2_ws/build/pkg01_healthoper_cpp'
[ 60%] Built target listener
/usr/bin/ld: cannot find -lyalm-cpp
collect2: error: ld returned 1 exit status
make[2]: *** [CMakeFiles/health_oper.dir/build.make:164: health_oper] Error 1
make[2]: Leaving directory '/home/cjs/Health_Node/ros2_ws/build/pkg01_healthoper_cpp'
make[1]: *** [CMakeFiles/Makefile2:137: CMakeFiles/health_oper.dir/all] Error 2
make[1]: Leaving directory '/home/cjs/Health_Node/ros2_ws/build/pkg01_healthoper_cpp'
make: *** [Makefile:144: all] Error 2
