[0.015s] Invoking command in '/home/cjs/Health_Node/ros2_ws/build/pkg01_healthoper_cpp': AMENT_PREFIX_PATH=/home/cjs/Health_Node/ros2_ws/install/base_interfaces_demo:${AMENT_PREFIX_PATH} CMAKE_PREFIX_PATH=/home/cjs/Health_Node/ros2_ws/install/base_interfaces_demo:/opt/ros/foxy LD_LIBRARY_PATH=/home/cjs/Health_Node/ros2_ws/install/base_interfaces_demo/lib:${LD_LIBRARY_PATH} PYTHONPATH=/home/cjs/Health_Node/ros2_ws/install/base_interfaces_demo/lib/python3.8/site-packages:${PYTHONPATH} /usr/bin/cmake /home/cjs/Health_Node/ros2_ws/src/pkg01_healthoper_cpp -DCMAKE_VERBOSE_MAKEFILE=ON -DCMAKE_INSTALL_PREFIX=/home/cjs/Health_Node/ros2_ws/install/pkg01_healthoper_cpp
[0.084s] -- The C compiler identification is GNU 9.4.0
[0.143s] -- The CXX compiler identification is GNU 9.4.0
[0.147s] -- Check for working C compiler: /usr/bin/cc
[0.224s] -- Check for working C compiler: /usr/bin/cc -- works
[0.225s] -- Detecting C compiler ABI info
[0.300s] -- Detecting C compiler ABI info - done
[0.308s] -- Detecting C compile features
[0.308s] -- Detecting C compile features - done
[0.311s] -- Check for working CXX compiler: /usr/bin/c++
[0.397s] -- Check for working CXX compiler: /usr/bin/c++ -- works
[0.398s] -- Detecting CXX compiler ABI info
[0.491s] -- Detecting CXX compiler ABI info - done
[0.505s] -- Detecting CXX compile features
[0.505s] -- Detecting CXX compile features - done
[0.507s] -- Found ament_cmake: 0.9.12 (/opt/ros/foxy/share/ament_cmake/cmake)
[0.530s] -- Found PythonInterp: /usr/bin/python3 (found suitable version "3.8.10", minimum required is "3") 
[0.531s] -- Using PYTHON_EXECUTABLE: /usr/bin/python3
[0.689s] -- Found rclcpp: 2.4.3 (/opt/ros/foxy/share/rclcpp/cmake)
[0.720s] -- Using all available rosidl_typesupport_c: rosidl_typesupport_fastrtps_c;rosidl_typesupport_introspection_c
[0.725s] -- Found rosidl_adapter: 1.3.1 (/opt/ros/foxy/share/rosidl_adapter/cmake)
[0.807s] -- Found OpenSSL: /usr/lib/x86_64-linux-gnu/libcrypto.so (found version "1.1.1f")  
[0.830s] -- Found FastRTPS: /opt/ros/foxy/include  
[0.891s] -- Using all available rosidl_typesupport_cpp: rosidl_typesupport_fastrtps_cpp;rosidl_typesupport_introspection_cpp
[0.932s] -- Found rmw_implementation_cmake: 1.0.4 (/opt/ros/foxy/share/rmw_implementation_cmake/cmake)
[0.933s] -- Using RMW implementation 'rmw_fastrtps_cpp' as default
[0.936s] -- Looking for pthread.h
[1.017s] -- Looking for pthread.h - found
[1.017s] -- Performing Test CMAKE_HAVE_LIBC_PTHREAD
[1.096s] -- Performing Test CMAKE_HAVE_LIBC_PTHREAD - Failed
[1.096s] -- Looking for pthread_create in pthreads
[1.166s] -- Looking for pthread_create in pthreads - not found
[1.166s] -- Looking for pthread_create in pthread
[1.243s] -- Looking for pthread_create in pthread - found
[1.244s] -- Found Threads: TRUE  
[1.355s] -- Found base_interfaces_demo: 0.0.0 (/home/cjs/Health_Node/ros2_ws/install/base_interfaces_demo/share/base_interfaces_demo/cmake)
[1.432s] -- Found ament_lint_auto: 0.9.8 (/opt/ros/foxy/share/ament_lint_auto/cmake)
[1.492s] -- Added test 'copyright' to check source files copyright and LICENSE
[1.493s] -- Added test 'cppcheck' to perform static code analysis on C / C++ code
[1.493s] -- Configured cppcheck include dirs: $<BUILD_INTERFACE:/home/cjs/Health_Node/ros2_ws/src/pkg01_healthoper_cpp/include>
[1.493s] -- Configured cppcheck exclude dirs and/or files: 
[1.494s] -- Added test 'cpplint' to check C / C++ code against the Google style
[1.494s] -- Configured cpplint exclude dirs and/or files: 
[1.494s] -- Added test 'lint_cmake' to check CMake code style
[1.496s] -- Added test 'uncrustify' to check C / C++ code style
[1.496s] -- Configured uncrustify additional arguments: 
[1.496s] -- Added test 'xmllint' to check XML markup files
[1.499s] -- Configuring done
[1.513s] -- Generating done
[1.516s] -- Build files have been written to: /home/cjs/Health_Node/ros2_ws/build/pkg01_healthoper_cpp
[1.525s] Invoked command in '/home/cjs/Health_Node/ros2_ws/build/pkg01_healthoper_cpp' returned '0': AMENT_PREFIX_PATH=/home/cjs/Health_Node/ros2_ws/install/base_interfaces_demo:${AMENT_PREFIX_PATH} CMAKE_PREFIX_PATH=/home/cjs/Health_Node/ros2_ws/install/base_interfaces_demo:/opt/ros/foxy LD_LIBRARY_PATH=/home/cjs/Health_Node/ros2_ws/install/base_interfaces_demo/lib:${LD_LIBRARY_PATH} PYTHONPATH=/home/cjs/Health_Node/ros2_ws/install/base_interfaces_demo/lib/python3.8/site-packages:${PYTHONPATH} /usr/bin/cmake /home/cjs/Health_Node/ros2_ws/src/pkg01_healthoper_cpp -DCMAKE_VERBOSE_MAKEFILE=ON -DCMAKE_INSTALL_PREFIX=/home/cjs/Health_Node/ros2_ws/install/pkg01_healthoper_cpp
[1.528s] Invoking command in '/home/cjs/Health_Node/ros2_ws/build/pkg01_healthoper_cpp': AMENT_PREFIX_PATH=/home/cjs/Health_Node/ros2_ws/install/base_interfaces_demo:${AMENT_PREFIX_PATH} CMAKE_PREFIX_PATH=/home/cjs/Health_Node/ros2_ws/install/base_interfaces_demo:/opt/ros/foxy LD_LIBRARY_PATH=/home/cjs/Health_Node/ros2_ws/install/base_interfaces_demo/lib:${LD_LIBRARY_PATH} PYTHONPATH=/home/cjs/Health_Node/ros2_ws/install/base_interfaces_demo/lib/python3.8/site-packages:${PYTHONPATH} /usr/bin/cmake --build /home/cjs/Health_Node/ros2_ws/build/pkg01_healthoper_cpp -- -j4 -l4
[1.548s] /usr/bin/cmake -S/home/cjs/Health_Node/ros2_ws/src/pkg01_healthoper_cpp -B/home/cjs/Health_Node/ros2_ws/build/pkg01_healthoper_cpp --check-build-system CMakeFiles/Makefile.cmake 0
[1.560s] /usr/bin/cmake -E cmake_progress_start /home/cjs/Health_Node/ros2_ws/build/pkg01_healthoper_cpp/CMakeFiles /home/cjs/Health_Node/ros2_ws/build/pkg01_healthoper_cpp/CMakeFiles/progress.marks
[1.570s] /usr/bin/make -f CMakeFiles/Makefile2 all
[1.572s] make[1]: Entering directory '/home/cjs/Health_Node/ros2_ws/build/pkg01_healthoper_cpp'
[1.572s] /usr/bin/make -f CMakeFiles/listener.dir/build.make CMakeFiles/listener.dir/depend
[1.573s] /usr/bin/make -f CMakeFiles/health_oper.dir/build.make CMakeFiles/health_oper.dir/depend
[1.574s] make[2]: Entering directory '/home/cjs/Health_Node/ros2_ws/build/pkg01_healthoper_cpp'
[1.574s] cd /home/cjs/Health_Node/ros2_ws/build/pkg01_healthoper_cpp && /usr/bin/cmake -E cmake_depends "Unix Makefiles" /home/cjs/Health_Node/ros2_ws/src/pkg01_healthoper_cpp /home/cjs/Health_Node/ros2_ws/src/pkg01_healthoper_cpp /home/cjs/Health_Node/ros2_ws/build/pkg01_healthoper_cpp /home/cjs/Health_Node/ros2_ws/build/pkg01_healthoper_cpp /home/cjs/Health_Node/ros2_ws/build/pkg01_healthoper_cpp/CMakeFiles/listener.dir/DependInfo.cmake --color=
[1.576s] make[2]: Entering directory '/home/cjs/Health_Node/ros2_ws/build/pkg01_healthoper_cpp'
[1.576s] cd /home/cjs/Health_Node/ros2_ws/build/pkg01_healthoper_cpp && /usr/bin/cmake -E cmake_depends "Unix Makefiles" /home/cjs/Health_Node/ros2_ws/src/pkg01_healthoper_cpp /home/cjs/Health_Node/ros2_ws/src/pkg01_healthoper_cpp /home/cjs/Health_Node/ros2_ws/build/pkg01_healthoper_cpp /home/cjs/Health_Node/ros2_ws/build/pkg01_healthoper_cpp /home/cjs/Health_Node/ros2_ws/build/pkg01_healthoper_cpp/CMakeFiles/health_oper.dir/DependInfo.cmake --color=
[1.584s] Dependee "/home/cjs/Health_Node/ros2_ws/build/pkg01_healthoper_cpp/CMakeFiles/CMakeDirectoryInformation.cmake" is newer than depender "/home/cjs/Health_Node/ros2_ws/build/pkg01_healthoper_cpp/CMakeFiles/listener.dir/depend.internal".
[1.584s] [35m[1mScanning dependencies of target listener[0m
[1.585s] Dependee "/home/cjs/Health_Node/ros2_ws/build/pkg01_healthoper_cpp/CMakeFiles/CMakeDirectoryInformation.cmake" is newer than depender "/home/cjs/Health_Node/ros2_ws/build/pkg01_healthoper_cpp/CMakeFiles/health_oper.dir/depend.internal".
[1.585s] [35m[1mScanning dependencies of target health_oper[0m
[1.602s] make[2]: Leaving directory '/home/cjs/Health_Node/ros2_ws/build/pkg01_healthoper_cpp'
[1.602s] /usr/bin/make -f CMakeFiles/listener.dir/build.make CMakeFiles/listener.dir/build
[1.608s] make[2]: Leaving directory '/home/cjs/Health_Node/ros2_ws/build/pkg01_healthoper_cpp'
[1.609s] /usr/bin/make -f CMakeFiles/health_oper.dir/build.make CMakeFiles/health_oper.dir/build
[1.611s] make[2]: Entering directory '/home/cjs/Health_Node/ros2_ws/build/pkg01_healthoper_cpp'
[1.617s] make[2]: Entering directory '/home/cjs/Health_Node/ros2_ws/build/pkg01_healthoper_cpp'
[1.622s] [ 20%] [32m[1mLinking CXX executable listener[0m
[1.624s] /usr/bin/cmake -E cmake_link_script CMakeFiles/listener.dir/link.txt --verbose=1
[1.626s] [ 40%] [32m[1mLinking CXX executable health_oper[0m
[1.627s] /usr/bin/cmake -E cmake_link_script CMakeFiles/health_oper.dir/link.txt --verbose=1
[1.633s] /usr/bin/c++     CMakeFiles/listener.dir/src/listener.cpp.o  -o listener  -Wl,-rpath,/opt/ros/foxy/lib:/home/cjs/Health_Node/ros2_ws/install/base_interfaces_demo/lib: /opt/ros/foxy/lib/librclcpp.so /home/cjs/Health_Node/ros2_ws/install/base_interfaces_demo/lib/libbase_interfaces_demo__rosidl_typesupport_introspection_c.so /home/cjs/Health_Node/ros2_ws/install/base_interfaces_demo/lib/libbase_interfaces_demo__rosidl_typesupport_c.so /home/cjs/Health_Node/ros2_ws/install/base_interfaces_demo/lib/libbase_interfaces_demo__rosidl_typesupport_introspection_cpp.so /home/cjs/Health_Node/ros2_ws/install/base_interfaces_demo/lib/libbase_interfaces_demo__rosidl_typesupport_cpp.so /usr/lib/x86_64-linux-gnu/libyaml-cpp.so.0.6.2 /opt/ros/foxy/lib/liblibstatistics_collector.so /opt/ros/foxy/lib/liblibstatistics_collector_test_msgs__rosidl_typesupport_introspection_c.so /opt/ros/foxy/lib/liblibstatistics_collector_test_msgs__rosidl_generator_c.so /opt/ros/foxy/lib/liblibstatistics_collector_test_msgs__rosidl_typesupport_c.so /opt/ros/foxy/lib/liblibstatistics_collector_test_msgs__rosidl_typesupport_introspection_cpp.so /opt/ros/foxy/lib/liblibstatistics_collector_test_msgs__rosidl_typesupport_cpp.so /opt/ros/foxy/lib/libstd_msgs__rosidl_typesupport_introspection_c.so /opt/ros/foxy/lib/libstd_msgs__rosidl_generator_c.so /opt/ros/foxy/lib/libstd_msgs__rosidl_typesupport_c.so /opt/ros/foxy/lib/libstd_msgs__rosidl_typesupport_introspection_cpp.so /opt/ros/foxy/lib/libstd_msgs__rosidl_typesupport_cpp.so /opt/ros/foxy/lib/librcl.so /opt/ros/foxy/lib/librcl_interfaces__rosidl_typesupport_introspection_c.so /opt/ros/foxy/lib/librcl_interfaces__rosidl_generator_c.so /opt/ros/foxy/lib/librcl_interfaces__rosidl_typesupport_c.so /opt/ros/foxy/lib/librcl_interfaces__rosidl_typesupport_introspection_cpp.so /opt/ros/foxy/lib/librcl_interfaces__rosidl_typesupport_cpp.so /opt/ros/foxy/lib/librmw_implementation.so /opt/ros/foxy/lib/librmw.so /opt/ros/foxy/lib/librcl_logging_spdlog.so /usr/lib/x86_64-linux-gnu/libspdlog.so.1.5.0 -lpthread /opt/ros/foxy/lib/librcl_yaml_param_parser.so /opt/ros/foxy/lib/libyaml.so /opt/ros/foxy/lib/librosgraph_msgs__rosidl_typesupport_introspection_c.so /opt/ros/foxy/lib/librosgraph_msgs__rosidl_generator_c.so /opt/ros/foxy/lib/librosgraph_msgs__rosidl_typesupport_c.so /opt/ros/foxy/lib/librosgraph_msgs__rosidl_typesupport_introspection_cpp.so /opt/ros/foxy/lib/librosgraph_msgs__rosidl_typesupport_cpp.so /opt/ros/foxy/lib/libstatistics_msgs__rosidl_typesupport_introspection_c.so /opt/ros/foxy/lib/libstatistics_msgs__rosidl_generator_c.so /opt/ros/foxy/lib/libstatistics_msgs__rosidl_typesupport_c.so /opt/ros/foxy/lib/libstatistics_msgs__rosidl_typesupport_introspection_cpp.so /opt/ros/foxy/lib/libstatistics_msgs__rosidl_typesupport_cpp.so /opt/ros/foxy/lib/libtracetools.so /home/cjs/Health_Node/ros2_ws/install/base_interfaces_demo/lib/libbase_interfaces_demo__rosidl_generator_c.so /opt/ros/foxy/lib/libaction_msgs__rosidl_typesupport_introspection_c.so /opt/ros/foxy/lib/libaction_msgs__rosidl_generator_c.so /opt/ros/foxy/lib/libaction_msgs__rosidl_typesupport_c.so /opt/ros/foxy/lib/libaction_msgs__rosidl_typesupport_introspection_cpp.so /opt/ros/foxy/lib/libaction_msgs__rosidl_typesupport_cpp.so /opt/ros/foxy/lib/libbuiltin_interfaces__rosidl_typesupport_introspection_c.so /opt/ros/foxy/lib/libbuiltin_interfaces__rosidl_generator_c.so /opt/ros/foxy/lib/libbuiltin_interfaces__rosidl_typesupport_c.so /opt/ros/foxy/lib/libbuiltin_interfaces__rosidl_typesupport_introspection_cpp.so /opt/ros/foxy/lib/libbuiltin_interfaces__rosidl_typesupport_cpp.so /opt/ros/foxy/lib/libunique_identifier_msgs__rosidl_typesupport_introspection_c.so /opt/ros/foxy/lib/libunique_identifier_msgs__rosidl_generator_c.so /opt/ros/foxy/lib/libunique_identifier_msgs__rosidl_typesupport_c.so /opt/ros/foxy/lib/libunique_identifier_msgs__rosidl_typesupport_introspection_cpp.so /opt/ros/foxy/lib/librosidl_typesupport_introspection_cpp.so /opt/ros/foxy/lib/librosidl_typesupport_introspection_c.so /opt/ros/foxy/lib/libunique_identifier_msgs__rosidl_typesupport_cpp.so /opt/ros/foxy/lib/librosidl_typesupport_cpp.so /opt/ros/foxy/lib/librosidl_typesupport_c.so /opt/ros/foxy/lib/librcpputils.so /opt/ros/foxy/lib/librosidl_runtime_c.so /opt/ros/foxy/lib/librcutils.so -ldl 
[1.636s] /usr/bin/c++     CMakeFiles/health_oper.dir/src/health_oper.cpp.o CMakeFiles/health_oper.dir/src/core_info.cpp.o  -o health_oper  -Wl,-rpath,/opt/ros/foxy/lib:/home/cjs/Health_Node/ros2_ws/install/base_interfaces_demo/lib: /opt/ros/foxy/lib/librclcpp.so /home/cjs/Health_Node/ros2_ws/install/base_interfaces_demo/lib/libbase_interfaces_demo__rosidl_typesupport_introspection_c.so /home/cjs/Health_Node/ros2_ws/install/base_interfaces_demo/lib/libbase_interfaces_demo__rosidl_typesupport_c.so /home/cjs/Health_Node/ros2_ws/install/base_interfaces_demo/lib/libbase_interfaces_demo__rosidl_typesupport_introspection_cpp.so /home/cjs/Health_Node/ros2_ws/install/base_interfaces_demo/lib/libbase_interfaces_demo__rosidl_typesupport_cpp.so -lyalm-cpp /opt/ros/foxy/lib/liblibstatistics_collector.so /opt/ros/foxy/lib/liblibstatistics_collector_test_msgs__rosidl_typesupport_introspection_c.so /opt/ros/foxy/lib/liblibstatistics_collector_test_msgs__rosidl_generator_c.so /opt/ros/foxy/lib/liblibstatistics_collector_test_msgs__rosidl_typesupport_c.so /opt/ros/foxy/lib/liblibstatistics_collector_test_msgs__rosidl_typesupport_introspection_cpp.so /opt/ros/foxy/lib/liblibstatistics_collector_test_msgs__rosidl_typesupport_cpp.so /opt/ros/foxy/lib/libstd_msgs__rosidl_typesupport_introspection_c.so /opt/ros/foxy/lib/libstd_msgs__rosidl_generator_c.so /opt/ros/foxy/lib/libstd_msgs__rosidl_typesupport_c.so /opt/ros/foxy/lib/libstd_msgs__rosidl_typesupport_introspection_cpp.so /opt/ros/foxy/lib/libstd_msgs__rosidl_typesupport_cpp.so /opt/ros/foxy/lib/librcl.so /opt/ros/foxy/lib/librcl_interfaces__rosidl_typesupport_introspection_c.so /opt/ros/foxy/lib/librcl_interfaces__rosidl_generator_c.so /opt/ros/foxy/lib/librcl_interfaces__rosidl_typesupport_c.so /opt/ros/foxy/lib/librcl_interfaces__rosidl_typesupport_introspection_cpp.so /opt/ros/foxy/lib/librcl_interfaces__rosidl_typesupport_cpp.so /opt/ros/foxy/lib/librmw_implementation.so /opt/ros/foxy/lib/librmw.so /opt/ros/foxy/lib/librcl_logging_spdlog.so /usr/lib/x86_64-linux-gnu/libspdlog.so.1.5.0 -lpthread /opt/ros/foxy/lib/librcl_yaml_param_parser.so /opt/ros/foxy/lib/libyaml.so /opt/ros/foxy/lib/librosgraph_msgs__rosidl_typesupport_introspection_c.so /opt/ros/foxy/lib/librosgraph_msgs__rosidl_generator_c.so /opt/ros/foxy/lib/librosgraph_msgs__rosidl_typesupport_c.so /opt/ros/foxy/lib/librosgraph_msgs__rosidl_typesupport_introspection_cpp.so /opt/ros/foxy/lib/librosgraph_msgs__rosidl_typesupport_cpp.so /opt/ros/foxy/lib/libstatistics_msgs__rosidl_typesupport_introspection_c.so /opt/ros/foxy/lib/libstatistics_msgs__rosidl_generator_c.so /opt/ros/foxy/lib/libstatistics_msgs__rosidl_typesupport_c.so /opt/ros/foxy/lib/libstatistics_msgs__rosidl_typesupport_introspection_cpp.so /opt/ros/foxy/lib/libstatistics_msgs__rosidl_typesupport_cpp.so /opt/ros/foxy/lib/libtracetools.so /home/cjs/Health_Node/ros2_ws/install/base_interfaces_demo/lib/libbase_interfaces_demo__rosidl_generator_c.so /opt/ros/foxy/lib/libaction_msgs__rosidl_typesupport_introspection_c.so /opt/ros/foxy/lib/libaction_msgs__rosidl_generator_c.so /opt/ros/foxy/lib/libaction_msgs__rosidl_typesupport_c.so /opt/ros/foxy/lib/libaction_msgs__rosidl_typesupport_introspection_cpp.so /opt/ros/foxy/lib/libaction_msgs__rosidl_typesupport_cpp.so /opt/ros/foxy/lib/libbuiltin_interfaces__rosidl_typesupport_introspection_c.so /opt/ros/foxy/lib/libbuiltin_interfaces__rosidl_generator_c.so /opt/ros/foxy/lib/libbuiltin_interfaces__rosidl_typesupport_c.so /opt/ros/foxy/lib/libbuiltin_interfaces__rosidl_typesupport_introspection_cpp.so /opt/ros/foxy/lib/libbuiltin_interfaces__rosidl_typesupport_cpp.so /opt/ros/foxy/lib/libunique_identifier_msgs__rosidl_typesupport_introspection_c.so /opt/ros/foxy/lib/libunique_identifier_msgs__rosidl_generator_c.so /opt/ros/foxy/lib/libunique_identifier_msgs__rosidl_typesupport_c.so /opt/ros/foxy/lib/libunique_identifier_msgs__rosidl_typesupport_introspection_cpp.so /opt/ros/foxy/lib/librosidl_typesupport_introspection_cpp.so /opt/ros/foxy/lib/librosidl_typesupport_introspection_c.so /opt/ros/foxy/lib/libunique_identifier_msgs__rosidl_typesupport_cpp.so /opt/ros/foxy/lib/librosidl_typesupport_cpp.so /opt/ros/foxy/lib/librosidl_typesupport_c.so /opt/ros/foxy/lib/librcpputils.so /opt/ros/foxy/lib/librosidl_runtime_c.so /opt/ros/foxy/lib/librcutils.so -ldl 
[1.895s] make[2]: Leaving directory '/home/cjs/Health_Node/ros2_ws/build/pkg01_healthoper_cpp'
[1.907s] [ 60%] Built target listener
[1.994s] /usr/bin/ld: cannot find -lyalm-cpp
[1.994s] collect2: error: ld returned 1 exit status
[1.996s] make[2]: *** [CMakeFiles/health_oper.dir/build.make:164: health_oper] Error 1
[1.996s] make[2]: Leaving directory '/home/cjs/Health_Node/ros2_ws/build/pkg01_healthoper_cpp'
[1.996s] make[1]: *** [CMakeFiles/Makefile2:137: CMakeFiles/health_oper.dir/all] Error 2
[1.996s] make[1]: Leaving directory '/home/cjs/Health_Node/ros2_ws/build/pkg01_healthoper_cpp'
[1.997s] make: *** [Makefile:144: all] Error 2
[2.003s] Invoked command in '/home/cjs/Health_Node/ros2_ws/build/pkg01_healthoper_cpp' returned '2': AMENT_PREFIX_PATH=/home/cjs/Health_Node/ros2_ws/install/base_interfaces_demo:${AMENT_PREFIX_PATH} CMAKE_PREFIX_PATH=/home/cjs/Health_Node/ros2_ws/install/base_interfaces_demo:/opt/ros/foxy LD_LIBRARY_PATH=/home/cjs/Health_Node/ros2_ws/install/base_interfaces_demo/lib:${LD_LIBRARY_PATH} PYTHONPATH=/home/cjs/Health_Node/ros2_ws/install/base_interfaces_demo/lib/python3.8/site-packages:${PYTHONPATH} /usr/bin/cmake --build /home/cjs/Health_Node/ros2_ws/build/pkg01_healthoper_cpp -- -j4 -l4
