-- Found ament_cmake: 0.9.12 (/opt/ros/foxy/share/ament_cmake/cmake)
-- Using PYTHON_EXECUTABLE: /usr/bin/python3
-- Found rosidl_default_generators: 1.0.1 (/opt/ros/foxy/share/rosidl_default_generators/cmake)
-- Using all available rosidl_typesupport_c: rosidl_typesupport_fastrtps_c;rosidl_typesupport_introspection_c
-- Found rosidl_adapter: 1.3.1 (/opt/ros/foxy/share/rosidl_adapter/cmake)
-- Using all available rosidl_typesupport_cpp: rosidl_typesupport_fastrtps_cpp;rosidl_typesupport_introspection_cpp
-- Found PythonInterp: /usr/bin/python3 (found version "3.8.10") 
-- Found ament_cmake_ros: 0.9.2 (/opt/ros/foxy/share/ament_cmake_ros/cmake)
-- Using all available rosidl_typesupport_c: rosidl_typesupport_fastrtps_c;rosidl_typesupport_introspection_c
-- Using all available rosidl_typesupport_cpp: rosidl_typesupport_fastrtps_cpp;rosidl_typesupport_introspection_cpp
-- Found PythonInterp: /usr/bin/python3 (found suitable version "3.8.10", minimum required is "3.5") 
-- Found python_cmake_module: 0.8.1 (/opt/ros/foxy/share/python_cmake_module/cmake)
-- Found PythonLibs: /usr/lib/x86_64-linux-gnu/libpython3.8.so (found suitable version "3.8.10", minimum required is "3.5") 
-- Using PYTHON_EXECUTABLE: /usr/bin/python3
-- Using PYTHON_INCLUDE_DIRS: /usr/include/python3.8
-- Using PYTHON_LIBRARIES: /usr/lib/x86_64-linux-gnu/libpython3.8.so
-- Found PythonExtra: .so  
-- Found ament_lint_auto: 0.9.8 (/opt/ros/foxy/share/ament_lint_auto/cmake)
-- Added test 'copyright' to check source files copyright and LICENSE
-- Added test 'lint_cmake' to check CMake code style
-- Added test 'xmllint' to check XML markup files
-- Configuring done
-- Generating done
-- Build files have been written to: /home/cjs/Health_Node/build/pkg00_base_interfaces
[35m[1mScanning dependencies of target pkg00_base_interfaces__cpp[0m
[  1%] [34m[1mGenerating C code for ROS interfaces[0m
[  1%] [34m[1mGenerating C++ code for ROS interfaces[0m
[35m[1mScanning dependencies of target pkg00_base_interfaces__rosidl_generator_c[0m
[  2%] [32mBuilding C object CMakeFiles/pkg00_base_interfaces__rosidl_generator_c.dir/rosidl_generator_c/pkg00_base_interfaces/msg/detail/bms_info__functions.c.o[0m
[  3%] [32mBuilding C object CMakeFiles/pkg00_base_interfaces__rosidl_generator_c.dir/rosidl_generator_c/pkg00_base_interfaces/msg/detail/charger_info__functions.c.o[0m
[  3%] [32mBuilding C object CMakeFiles/pkg00_base_interfaces__rosidl_generator_c.dir/rosidl_generator_c/pkg00_base_interfaces/msg/detail/color_info__functions.c.o[0m
[  4%] [32mBuilding C object CMakeFiles/pkg00_base_interfaces__rosidl_generator_c.dir/rosidl_generator_c/pkg00_base_interfaces/msg/detail/core_info__functions.c.o[0m
[  5%] [32mBuilding C object CMakeFiles/pkg00_base_interfaces__rosidl_generator_c.dir/rosidl_generator_c/pkg00_base_interfaces/msg/detail/hall_info__functions.c.o[0m
[  6%] [32mBuilding C object CMakeFiles/pkg00_base_interfaces__rosidl_generator_c.dir/rosidl_generator_c/pkg00_base_interfaces/msg/detail/lift_info__functions.c.o[0m
[  7%] [32mBuilding C object CMakeFiles/pkg00_base_interfaces__rosidl_generator_c.dir/rosidl_generator_c/pkg00_base_interfaces/msg/detail/location__functions.c.o[0m
[  8%] [32mBuilding C object CMakeFiles/pkg00_base_interfaces__rosidl_generator_c.dir/rosidl_generator_c/pkg00_base_interfaces/msg/detail/motor_cmd__functions.c.o[0m
[  9%] [32mBuilding C object CMakeFiles/pkg00_base_interfaces__rosidl_generator_c.dir/rosidl_generator_c/pkg00_base_interfaces/msg/detail/motor_status__functions.c.o[0m
[ 10%] [32mBuilding C object CMakeFiles/pkg00_base_interfaces__rosidl_generator_c.dir/rosidl_generator_c/pkg00_base_interfaces/msg/detail/seek_ret__functions.c.o[0m
[ 11%] [32mBuilding C object CMakeFiles/pkg00_base_interfaces__rosidl_generator_c.dir/rosidl_generator_c/pkg00_base_interfaces/msg/detail/system_status__functions.c.o[0m
[ 11%] [32mBuilding C object CMakeFiles/pkg00_base_interfaces__rosidl_generator_c.dir/rosidl_generator_c/pkg00_base_interfaces/msg/detail/obs_laser__functions.c.o[0m
[ 11%] Built target pkg00_base_interfaces__cpp
[ 12%] [32m[1mLinking C shared library libpkg00_base_interfaces__rosidl_generator_c.so[0m
[ 12%] [34m[1mGenerating C++ type support for eProsima Fast-RTPS[0m
[ 13%] [34m[1mGenerating C++ type support dispatch for ROS interfaces[0m
[ 14%] [34m[1mGenerating C++ introspection for ROS interfaces[0m
[ 14%] Built target pkg00_base_interfaces__rosidl_generator_c
[ 15%] [34m[1mGenerating C introspection for ROS interfaces[0m
[35m[1mScanning dependencies of target pkg00_base_interfaces__rosidl_typesupport_cpp[0m
[ 16%] [32mBuilding CXX object CMakeFiles/pkg00_base_interfaces__rosidl_typesupport_cpp.dir/rosidl_typesupport_cpp/pkg00_base_interfaces/msg/bms_info__type_support.cpp.o[0m
[35m[1mScanning dependencies of target pkg00_base_interfaces__rosidl_typesupport_introspection_cpp[0m
[ 16%] [32mBuilding CXX object CMakeFiles/pkg00_base_interfaces__rosidl_typesupport_introspection_cpp.dir/rosidl_typesupport_introspection_cpp/pkg00_base_interfaces/msg/detail/bms_info__type_support.cpp.o[0m
[ 17%] [32mBuilding CXX object CMakeFiles/pkg00_base_interfaces__rosidl_typesupport_cpp.dir/rosidl_typesupport_cpp/pkg00_base_interfaces/msg/charger_info__type_support.cpp.o[0m
[35m[1mScanning dependencies of target pkg00_base_interfaces__rosidl_typesupport_fastrtps_cpp[0m
[35m[1mScanning dependencies of target pkg00_base_interfaces__rosidl_typesupport_introspection_c[0m
[ 18%] [32mBuilding CXX object CMakeFiles/pkg00_base_interfaces__rosidl_typesupport_fastrtps_cpp.dir/rosidl_typesupport_fastrtps_cpp/pkg00_base_interfaces/msg/detail/dds_fastrtps/bms_info__type_support.cpp.o[0m
[ 19%] [32mBuilding C object CMakeFiles/pkg00_base_interfaces__rosidl_typesupport_introspection_c.dir/rosidl_typesupport_introspection_c/pkg00_base_interfaces/msg/detail/bms_info__type_support.c.o[0m
[ 20%] [32mBuilding CXX object CMakeFiles/pkg00_base_interfaces__rosidl_typesupport_introspection_cpp.dir/rosidl_typesupport_introspection_cpp/pkg00_base_interfaces/msg/detail/charger_info__type_support.cpp.o[0m
[ 21%] [32mBuilding C object CMakeFiles/pkg00_base_interfaces__rosidl_typesupport_introspection_c.dir/rosidl_typesupport_introspection_c/pkg00_base_interfaces/msg/detail/charger_info__type_support.c.o[0m
[ 22%] [32mBuilding C object CMakeFiles/pkg00_base_interfaces__rosidl_typesupport_introspection_c.dir/rosidl_typesupport_introspection_c/pkg00_base_interfaces/msg/detail/color_info__type_support.c.o[0m
[ 23%] [32mBuilding CXX object CMakeFiles/pkg00_base_interfaces__rosidl_typesupport_cpp.dir/rosidl_typesupport_cpp/pkg00_base_interfaces/msg/color_info__type_support.cpp.o[0m
[ 23%] [32mBuilding C object CMakeFiles/pkg00_base_interfaces__rosidl_typesupport_introspection_c.dir/rosidl_typesupport_introspection_c/pkg00_base_interfaces/msg/detail/core_info__type_support.c.o[0m
[ 24%] [32mBuilding C object CMakeFiles/pkg00_base_interfaces__rosidl_typesupport_introspection_c.dir/rosidl_typesupport_introspection_c/pkg00_base_interfaces/msg/detail/hall_info__type_support.c.o[0m
[ 25%] [32mBuilding CXX object CMakeFiles/pkg00_base_interfaces__rosidl_typesupport_introspection_cpp.dir/rosidl_typesupport_introspection_cpp/pkg00_base_interfaces/msg/detail/color_info__type_support.cpp.o[0m
[ 26%] [32mBuilding C object CMakeFiles/pkg00_base_interfaces__rosidl_typesupport_introspection_c.dir/rosidl_typesupport_introspection_c/pkg00_base_interfaces/msg/detail/lift_info__type_support.c.o[0m
[ 27%] [32mBuilding C object CMakeFiles/pkg00_base_interfaces__rosidl_typesupport_introspection_c.dir/rosidl_typesupport_introspection_c/pkg00_base_interfaces/msg/detail/location__type_support.c.o[0m
[ 28%] [32mBuilding C object CMakeFiles/pkg00_base_interfaces__rosidl_typesupport_introspection_c.dir/rosidl_typesupport_introspection_c/pkg00_base_interfaces/msg/detail/motor_cmd__type_support.c.o[0m
[ 29%] [32mBuilding CXX object CMakeFiles/pkg00_base_interfaces__rosidl_typesupport_cpp.dir/rosidl_typesupport_cpp/pkg00_base_interfaces/msg/core_info__type_support.cpp.o[0m
[ 30%] [32mBuilding C object CMakeFiles/pkg00_base_interfaces__rosidl_typesupport_introspection_c.dir/rosidl_typesupport_introspection_c/pkg00_base_interfaces/msg/detail/motor_status__type_support.c.o[0m
[ 31%] [32mBuilding CXX object CMakeFiles/pkg00_base_interfaces__rosidl_typesupport_fastrtps_cpp.dir/rosidl_typesupport_fastrtps_cpp/pkg00_base_interfaces/msg/detail/dds_fastrtps/charger_info__type_support.cpp.o[0m
[ 32%] [32mBuilding C object CMakeFiles/pkg00_base_interfaces__rosidl_typesupport_introspection_c.dir/rosidl_typesupport_introspection_c/pkg00_base_interfaces/msg/detail/obs_laser__type_support.c.o[0m
[ 32%] [32mBuilding C object CMakeFiles/pkg00_base_interfaces__rosidl_typesupport_introspection_c.dir/rosidl_typesupport_introspection_c/pkg00_base_interfaces/msg/detail/seek_ret__type_support.c.o[0m
[ 33%] [32mBuilding CXX object CMakeFiles/pkg00_base_interfaces__rosidl_typesupport_introspection_cpp.dir/rosidl_typesupport_introspection_cpp/pkg00_base_interfaces/msg/detail/core_info__type_support.cpp.o[0m
[ 34%] [32mBuilding C object CMakeFiles/pkg00_base_interfaces__rosidl_typesupport_introspection_c.dir/rosidl_typesupport_introspection_c/pkg00_base_interfaces/msg/detail/system_status__type_support.c.o[0m
[ 35%] [32m[1mLinking C shared library libpkg00_base_interfaces__rosidl_typesupport_introspection_c.so[0m
[ 35%] [32mBuilding CXX object CMakeFiles/pkg00_base_interfaces__rosidl_typesupport_cpp.dir/rosidl_typesupport_cpp/pkg00_base_interfaces/msg/hall_info__type_support.cpp.o[0m
[ 35%] Built target pkg00_base_interfaces__rosidl_typesupport_introspection_c
[ 36%] [34m[1mGenerating C type support dispatch for ROS interfaces[0m
[ 37%] [32mBuilding CXX object CMakeFiles/pkg00_base_interfaces__rosidl_typesupport_introspection_cpp.dir/rosidl_typesupport_introspection_cpp/pkg00_base_interfaces/msg/detail/hall_info__type_support.cpp.o[0m
[ 38%] [32mBuilding CXX object CMakeFiles/pkg00_base_interfaces__rosidl_typesupport_fastrtps_cpp.dir/rosidl_typesupport_fastrtps_cpp/pkg00_base_interfaces/msg/detail/dds_fastrtps/color_info__type_support.cpp.o[0m
[ 39%] [32mBuilding CXX object CMakeFiles/pkg00_base_interfaces__rosidl_typesupport_cpp.dir/rosidl_typesupport_cpp/pkg00_base_interfaces/msg/lift_info__type_support.cpp.o[0m
[ 40%] [32mBuilding CXX object CMakeFiles/pkg00_base_interfaces__rosidl_typesupport_introspection_cpp.dir/rosidl_typesupport_introspection_cpp/pkg00_base_interfaces/msg/detail/lift_info__type_support.cpp.o[0m
[35m[1mScanning dependencies of target pkg00_base_interfaces__rosidl_typesupport_c[0m
[ 41%] [32mBuilding CXX object CMakeFiles/pkg00_base_interfaces__rosidl_typesupport_fastrtps_cpp.dir/rosidl_typesupport_fastrtps_cpp/pkg00_base_interfaces/msg/detail/dds_fastrtps/core_info__type_support.cpp.o[0m
[ 42%] [32mBuilding CXX object CMakeFiles/pkg00_base_interfaces__rosidl_typesupport_cpp.dir/rosidl_typesupport_cpp/pkg00_base_interfaces/msg/location__type_support.cpp.o[0m
[ 43%] [32mBuilding CXX object CMakeFiles/pkg00_base_interfaces__rosidl_typesupport_c.dir/rosidl_typesupport_c/pkg00_base_interfaces/msg/bms_info__type_support.cpp.o[0m
[ 43%] [32mBuilding CXX object CMakeFiles/pkg00_base_interfaces__rosidl_typesupport_c.dir/rosidl_typesupport_c/pkg00_base_interfaces/msg/charger_info__type_support.cpp.o[0m
[ 44%] [32mBuilding CXX object CMakeFiles/pkg00_base_interfaces__rosidl_typesupport_c.dir/rosidl_typesupport_c/pkg00_base_interfaces/msg/color_info__type_support.cpp.o[0m
[ 45%] [32mBuilding CXX object CMakeFiles/pkg00_base_interfaces__rosidl_typesupport_c.dir/rosidl_typesupport_c/pkg00_base_interfaces/msg/core_info__type_support.cpp.o[0m
[ 46%] [32mBuilding CXX object CMakeFiles/pkg00_base_interfaces__rosidl_typesupport_c.dir/rosidl_typesupport_c/pkg00_base_interfaces/msg/hall_info__type_support.cpp.o[0m
[ 46%] [32mBuilding CXX object CMakeFiles/pkg00_base_interfaces__rosidl_typesupport_introspection_cpp.dir/rosidl_typesupport_introspection_cpp/pkg00_base_interfaces/msg/detail/location__type_support.cpp.o[0m
[ 47%] [32mBuilding CXX object CMakeFiles/pkg00_base_interfaces__rosidl_typesupport_c.dir/rosidl_typesupport_c/pkg00_base_interfaces/msg/lift_info__type_support.cpp.o[0m
[ 48%] [32mBuilding CXX object CMakeFiles/pkg00_base_interfaces__rosidl_typesupport_c.dir/rosidl_typesupport_c/pkg00_base_interfaces/msg/location__type_support.cpp.o[0m
[ 49%] [32mBuilding CXX object CMakeFiles/pkg00_base_interfaces__rosidl_typesupport_cpp.dir/rosidl_typesupport_cpp/pkg00_base_interfaces/msg/motor_cmd__type_support.cpp.o[0m
[ 49%] [32mBuilding CXX object CMakeFiles/pkg00_base_interfaces__rosidl_typesupport_c.dir/rosidl_typesupport_c/pkg00_base_interfaces/msg/motor_cmd__type_support.cpp.o[0m
[ 50%] [32mBuilding CXX object CMakeFiles/pkg00_base_interfaces__rosidl_typesupport_fastrtps_cpp.dir/rosidl_typesupport_fastrtps_cpp/pkg00_base_interfaces/msg/detail/dds_fastrtps/hall_info__type_support.cpp.o[0m
[ 51%] [32mBuilding CXX object CMakeFiles/pkg00_base_interfaces__rosidl_typesupport_c.dir/rosidl_typesupport_c/pkg00_base_interfaces/msg/motor_status__type_support.cpp.o[0m
[ 52%] [32mBuilding CXX object CMakeFiles/pkg00_base_interfaces__rosidl_typesupport_c.dir/rosidl_typesupport_c/pkg00_base_interfaces/msg/obs_laser__type_support.cpp.o[0m
[ 53%] [32mBuilding CXX object CMakeFiles/pkg00_base_interfaces__rosidl_typesupport_introspection_cpp.dir/rosidl_typesupport_introspection_cpp/pkg00_base_interfaces/msg/detail/motor_cmd__type_support.cpp.o[0m
[ 54%] [32mBuilding CXX object CMakeFiles/pkg00_base_interfaces__rosidl_typesupport_c.dir/rosidl_typesupport_c/pkg00_base_interfaces/msg/seek_ret__type_support.cpp.o[0m
[ 55%] [32mBuilding CXX object CMakeFiles/pkg00_base_interfaces__rosidl_typesupport_cpp.dir/rosidl_typesupport_cpp/pkg00_base_interfaces/msg/motor_status__type_support.cpp.o[0m
[ 56%] [32mBuilding CXX object CMakeFiles/pkg00_base_interfaces__rosidl_typesupport_c.dir/rosidl_typesupport_c/pkg00_base_interfaces/msg/system_status__type_support.cpp.o[0m
[ 57%] [32m[1mLinking CXX shared library libpkg00_base_interfaces__rosidl_typesupport_c.so[0m
[ 58%] [32mBuilding CXX object CMakeFiles/pkg00_base_interfaces__rosidl_typesupport_introspection_cpp.dir/rosidl_typesupport_introspection_cpp/pkg00_base_interfaces/msg/detail/motor_status__type_support.cpp.o[0m
[ 58%] Built target pkg00_base_interfaces__rosidl_typesupport_c
[ 59%] [32mBuilding CXX object CMakeFiles/pkg00_base_interfaces__rosidl_typesupport_introspection_cpp.dir/rosidl_typesupport_introspection_cpp/pkg00_base_interfaces/msg/detail/obs_laser__type_support.cpp.o[0m
[ 59%] [32mBuilding CXX object CMakeFiles/pkg00_base_interfaces__rosidl_typesupport_fastrtps_cpp.dir/rosidl_typesupport_fastrtps_cpp/pkg00_base_interfaces/msg/detail/dds_fastrtps/lift_info__type_support.cpp.o[0m
[ 60%] [32mBuilding CXX object CMakeFiles/pkg00_base_interfaces__rosidl_typesupport_cpp.dir/rosidl_typesupport_cpp/pkg00_base_interfaces/msg/obs_laser__type_support.cpp.o[0m
[ 61%] [32mBuilding CXX object CMakeFiles/pkg00_base_interfaces__rosidl_typesupport_introspection_cpp.dir/rosidl_typesupport_introspection_cpp/pkg00_base_interfaces/msg/detail/seek_ret__type_support.cpp.o[0m
[ 62%] [32mBuilding CXX object CMakeFiles/pkg00_base_interfaces__rosidl_typesupport_introspection_cpp.dir/rosidl_typesupport_introspection_cpp/pkg00_base_interfaces/msg/detail/system_status__type_support.cpp.o[0m
[ 62%] [32mBuilding CXX object CMakeFiles/pkg00_base_interfaces__rosidl_typesupport_cpp.dir/rosidl_typesupport_cpp/pkg00_base_interfaces/msg/seek_ret__type_support.cpp.o[0m
[ 63%] [32mBuilding CXX object CMakeFiles/pkg00_base_interfaces__rosidl_typesupport_fastrtps_cpp.dir/rosidl_typesupport_fastrtps_cpp/pkg00_base_interfaces/msg/detail/dds_fastrtps/location__type_support.cpp.o[0m
[ 64%] [32mBuilding CXX object CMakeFiles/pkg00_base_interfaces__rosidl_typesupport_fastrtps_cpp.dir/rosidl_typesupport_fastrtps_cpp/pkg00_base_interfaces/msg/detail/dds_fastrtps/motor_cmd__type_support.cpp.o[0m
[ 65%] [32m[1mLinking CXX shared library libpkg00_base_interfaces__rosidl_typesupport_introspection_cpp.so[0m
[ 65%] Built target pkg00_base_interfaces__rosidl_typesupport_introspection_cpp
[ 66%] [32mBuilding CXX object CMakeFiles/pkg00_base_interfaces__rosidl_typesupport_cpp.dir/rosidl_typesupport_cpp/pkg00_base_interfaces/msg/system_status__type_support.cpp.o[0m
[ 67%] [32mBuilding CXX object CMakeFiles/pkg00_base_interfaces__rosidl_typesupport_fastrtps_cpp.dir/rosidl_typesupport_fastrtps_cpp/pkg00_base_interfaces/msg/detail/dds_fastrtps/motor_status__type_support.cpp.o[0m
[ 68%] [32mBuilding CXX object CMakeFiles/pkg00_base_interfaces__rosidl_typesupport_fastrtps_cpp.dir/rosidl_typesupport_fastrtps_cpp/pkg00_base_interfaces/msg/detail/dds_fastrtps/obs_laser__type_support.cpp.o[0m
[ 69%] [32mBuilding CXX object CMakeFiles/pkg00_base_interfaces__rosidl_typesupport_fastrtps_cpp.dir/rosidl_typesupport_fastrtps_cpp/pkg00_base_interfaces/msg/detail/dds_fastrtps/seek_ret__type_support.cpp.o[0m
[ 70%] [32m[1mLinking CXX shared library libpkg00_base_interfaces__rosidl_typesupport_cpp.so[0m
[ 70%] Built target pkg00_base_interfaces__rosidl_typesupport_cpp
[ 70%] [32mBuilding CXX object CMakeFiles/pkg00_base_interfaces__rosidl_typesupport_fastrtps_cpp.dir/rosidl_typesupport_fastrtps_cpp/pkg00_base_interfaces/msg/detail/dds_fastrtps/system_status__type_support.cpp.o[0m
[ 71%] [32m[1mLinking CXX shared library libpkg00_base_interfaces__rosidl_typesupport_fastrtps_cpp.so[0m
[ 71%] Built target pkg00_base_interfaces__rosidl_typesupport_fastrtps_cpp
[ 72%] [34m[1mGenerating C type support for eProsima Fast-RTPS[0m
[35m[1mScanning dependencies of target pkg00_base_interfaces__rosidl_typesupport_fastrtps_c[0m
[ 73%] [32mBuilding CXX object CMakeFiles/pkg00_base_interfaces__rosidl_typesupport_fastrtps_c.dir/rosidl_typesupport_fastrtps_c/pkg00_base_interfaces/msg/detail/bms_info__type_support_c.cpp.o[0m
[ 74%] [32mBuilding CXX object CMakeFiles/pkg00_base_interfaces__rosidl_typesupport_fastrtps_c.dir/rosidl_typesupport_fastrtps_c/pkg00_base_interfaces/msg/detail/charger_info__type_support_c.cpp.o[0m
[ 74%] [32mBuilding CXX object CMakeFiles/pkg00_base_interfaces__rosidl_typesupport_fastrtps_c.dir/rosidl_typesupport_fastrtps_c/pkg00_base_interfaces/msg/detail/color_info__type_support_c.cpp.o[0m
[ 75%] [32mBuilding CXX object CMakeFiles/pkg00_base_interfaces__rosidl_typesupport_fastrtps_c.dir/rosidl_typesupport_fastrtps_c/pkg00_base_interfaces/msg/detail/core_info__type_support_c.cpp.o[0m
[ 76%] [32mBuilding CXX object CMakeFiles/pkg00_base_interfaces__rosidl_typesupport_fastrtps_c.dir/rosidl_typesupport_fastrtps_c/pkg00_base_interfaces/msg/detail/hall_info__type_support_c.cpp.o[0m
[ 77%] [32mBuilding CXX object CMakeFiles/pkg00_base_interfaces__rosidl_typesupport_fastrtps_c.dir/rosidl_typesupport_fastrtps_c/pkg00_base_interfaces/msg/detail/lift_info__type_support_c.cpp.o[0m
[ 78%] [32mBuilding CXX object CMakeFiles/pkg00_base_interfaces__rosidl_typesupport_fastrtps_c.dir/rosidl_typesupport_fastrtps_c/pkg00_base_interfaces/msg/detail/location__type_support_c.cpp.o[0m
[ 79%] [32mBuilding CXX object CMakeFiles/pkg00_base_interfaces__rosidl_typesupport_fastrtps_c.dir/rosidl_typesupport_fastrtps_c/pkg00_base_interfaces/msg/detail/motor_cmd__type_support_c.cpp.o[0m
[ 79%] [32mBuilding CXX object CMakeFiles/pkg00_base_interfaces__rosidl_typesupport_fastrtps_c.dir/rosidl_typesupport_fastrtps_c/pkg00_base_interfaces/msg/detail/motor_status__type_support_c.cpp.o[0m
[ 80%] [32mBuilding CXX object CMakeFiles/pkg00_base_interfaces__rosidl_typesupport_fastrtps_c.dir/rosidl_typesupport_fastrtps_c/pkg00_base_interfaces/msg/detail/obs_laser__type_support_c.cpp.o[0m
[ 81%] [32mBuilding CXX object CMakeFiles/pkg00_base_interfaces__rosidl_typesupport_fastrtps_c.dir/rosidl_typesupport_fastrtps_c/pkg00_base_interfaces/msg/detail/system_status__type_support_c.cpp.o[0m
[ 82%] [32mBuilding CXX object CMakeFiles/pkg00_base_interfaces__rosidl_typesupport_fastrtps_c.dir/rosidl_typesupport_fastrtps_c/pkg00_base_interfaces/msg/detail/seek_ret__type_support_c.cpp.o[0m
[ 83%] [32m[1mLinking CXX shared library libpkg00_base_interfaces__rosidl_typesupport_fastrtps_c.so[0m
[ 83%] Built target pkg00_base_interfaces__rosidl_typesupport_fastrtps_c
[35m[1mScanning dependencies of target pkg00_base_interfaces[0m
[ 83%] Built target pkg00_base_interfaces
[35m[1mScanning dependencies of target pkg00_base_interfaces__py[0m
[ 84%] [34m[1mGenerating Python code for ROS interfaces[0m
[ 84%] Built target pkg00_base_interfaces__py
[35m[1mScanning dependencies of target pkg00_base_interfaces__python[0m
[ 85%] [32mBuilding C object CMakeFiles/pkg00_base_interfaces__python.dir/rosidl_generator_py/pkg00_base_interfaces/msg/_color_info_s.c.o[0m
[ 86%] [32mBuilding C object CMakeFiles/pkg00_base_interfaces__python.dir/rosidl_generator_py/pkg00_base_interfaces/msg/_bms_info_s.c.o[0m
[ 88%] [32mBuilding C object CMakeFiles/pkg00_base_interfaces__python.dir/rosidl_generator_py/pkg00_base_interfaces/msg/_core_info_s.c.o[0m
[ 87%] [32mBuilding C object CMakeFiles/pkg00_base_interfaces__python.dir/rosidl_generator_py/pkg00_base_interfaces/msg/_charger_info_s.c.o[0m
[ 88%] [32mBuilding C object CMakeFiles/pkg00_base_interfaces__python.dir/rosidl_generator_py/pkg00_base_interfaces/msg/_hall_info_s.c.o[0m
[ 89%] [32mBuilding C object CMakeFiles/pkg00_base_interfaces__python.dir/rosidl_generator_py/pkg00_base_interfaces/msg/_lift_info_s.c.o[0m
[ 90%] [32mBuilding C object CMakeFiles/pkg00_base_interfaces__python.dir/rosidl_generator_py/pkg00_base_interfaces/msg/_location_s.c.o[0m
[ 91%] [32mBuilding C object CMakeFiles/pkg00_base_interfaces__python.dir/rosidl_generator_py/pkg00_base_interfaces/msg/_motor_cmd_s.c.o[0m
[ 92%] [32mBuilding C object CMakeFiles/pkg00_base_interfaces__python.dir/rosidl_generator_py/pkg00_base_interfaces/msg/_motor_status_s.c.o[0m
[ 93%] [32mBuilding C object CMakeFiles/pkg00_base_interfaces__python.dir/rosidl_generator_py/pkg00_base_interfaces/msg/_obs_laser_s.c.o[0m
[ 93%] [32mBuilding C object CMakeFiles/pkg00_base_interfaces__python.dir/rosidl_generator_py/pkg00_base_interfaces/msg/_seek_ret_s.c.o[0m
[ 94%] [32mBuilding C object CMakeFiles/pkg00_base_interfaces__python.dir/rosidl_generator_py/pkg00_base_interfaces/msg/_system_status_s.c.o[0m
[ 95%] [32m[1mLinking C shared library rosidl_generator_py/pkg00_base_interfaces/libpkg00_base_interfaces__python.so[0m
[ 95%] Built target pkg00_base_interfaces__python
[35m[1mScanning dependencies of target pkg00_base_interfaces__rosidl_typesupport_fastrtps_c__pyext[0m
[35m[1mScanning dependencies of target pkg00_base_interfaces__rosidl_typesupport_introspection_c__pyext[0m
[35m[1mScanning dependencies of target pkg00_base_interfaces__rosidl_typesupport_c__pyext[0m
[ 96%] [32mBuilding C object CMakeFiles/pkg00_base_interfaces__rosidl_typesupport_fastrtps_c__pyext.dir/rosidl_generator_py/pkg00_base_interfaces/_pkg00_base_interfaces_s.ep.rosidl_typesupport_fastrtps_c.c.o[0m
[ 97%] [32mBuilding C object CMakeFiles/pkg00_base_interfaces__rosidl_typesupport_introspection_c__pyext.dir/rosidl_generator_py/pkg00_base_interfaces/_pkg00_base_interfaces_s.ep.rosidl_typesupport_introspection_c.c.o[0m
[ 97%] [32mBuilding C object CMakeFiles/pkg00_base_interfaces__rosidl_typesupport_c__pyext.dir/rosidl_generator_py/pkg00_base_interfaces/_pkg00_base_interfaces_s.ep.rosidl_typesupport_c.c.o[0m
[ 98%] [32m[1mLinking CXX shared library rosidl_generator_py/pkg00_base_interfaces/pkg00_base_interfaces_s__rosidl_typesupport_fastrtps_c.cpython-38-x86_64-linux-gnu.so[0m
[ 99%] [32m[1mLinking C shared library rosidl_generator_py/pkg00_base_interfaces/pkg00_base_interfaces_s__rosidl_typesupport_introspection_c.cpython-38-x86_64-linux-gnu.so[0m
[100%] [32m[1mLinking C shared library rosidl_generator_py/pkg00_base_interfaces/pkg00_base_interfaces_s__rosidl_typesupport_c.cpython-38-x86_64-linux-gnu.so[0m
[100%] Built target pkg00_base_interfaces__rosidl_typesupport_introspection_c__pyext
[100%] Built target pkg00_base_interfaces__rosidl_typesupport_fastrtps_c__pyext
[100%] Built target pkg00_base_interfaces__rosidl_typesupport_c__pyext
-- Install configuration: ""
-- Installing: /home/cjs/Health_Node/install/pkg00_base_interfaces/share/ament_index/resource_index/rosidl_interfaces/pkg00_base_interfaces
-- Installing: /home/cjs/Health_Node/install/pkg00_base_interfaces/include/pkg00_base_interfaces
-- Installing: /home/cjs/Health_Node/install/pkg00_base_interfaces/include/pkg00_base_interfaces/msg
-- Installing: /home/cjs/Health_Node/install/pkg00_base_interfaces/include/pkg00_base_interfaces/msg/bms_info.h
-- Installing: /home/cjs/Health_Node/install/pkg00_base_interfaces/include/pkg00_base_interfaces/msg/motor_cmd.h
-- Installing: /home/cjs/Health_Node/install/pkg00_base_interfaces/include/pkg00_base_interfaces/msg/rosidl_generator_c__visibility_control.h
-- Installing: /home/cjs/Health_Node/install/pkg00_base_interfaces/include/pkg00_base_interfaces/msg/detail
-- Installing: /home/cjs/Health_Node/install/pkg00_base_interfaces/include/pkg00_base_interfaces/msg/detail/motor_status__functions.c
-- Installing: /home/cjs/Health_Node/install/pkg00_base_interfaces/include/pkg00_base_interfaces/msg/detail/core_info__functions.c
-- Installing: /home/cjs/Health_Node/install/pkg00_base_interfaces/include/pkg00_base_interfaces/msg/detail/bms_info__type_support.h
-- Installing: /home/cjs/Health_Node/install/pkg00_base_interfaces/include/pkg00_base_interfaces/msg/detail/seek_ret__type_support.h
-- Installing: /home/cjs/Health_Node/install/pkg00_base_interfaces/include/pkg00_base_interfaces/msg/detail/color_info__functions.c
-- Installing: /home/cjs/Health_Node/install/pkg00_base_interfaces/include/pkg00_base_interfaces/msg/detail/obs_laser__type_support.h
-- Installing: /home/cjs/Health_Node/install/pkg00_base_interfaces/include/pkg00_base_interfaces/msg/detail/motor_status__struct.h
-- Installing: /home/cjs/Health_Node/install/pkg00_base_interfaces/include/pkg00_base_interfaces/msg/detail/motor_cmd__functions.c
-- Installing: /home/cjs/Health_Node/install/pkg00_base_interfaces/include/pkg00_base_interfaces/msg/detail/motor_status__type_support.h
-- Installing: /home/cjs/Health_Node/install/pkg00_base_interfaces/include/pkg00_base_interfaces/msg/detail/core_info__struct.h
-- Installing: /home/cjs/Health_Node/install/pkg00_base_interfaces/include/pkg00_base_interfaces/msg/detail/charger_info__functions.h
-- Installing: /home/cjs/Health_Node/install/pkg00_base_interfaces/include/pkg00_base_interfaces/msg/detail/core_info__type_support.h
-- Installing: /home/cjs/Health_Node/install/pkg00_base_interfaces/include/pkg00_base_interfaces/msg/detail/lift_info__functions.c
-- Installing: /home/cjs/Health_Node/install/pkg00_base_interfaces/include/pkg00_base_interfaces/msg/detail/motor_status__functions.h
-- Installing: /home/cjs/Health_Node/install/pkg00_base_interfaces/include/pkg00_base_interfaces/msg/detail/lift_info__functions.h
-- Installing: /home/cjs/Health_Node/install/pkg00_base_interfaces/include/pkg00_base_interfaces/msg/detail/motor_cmd__functions.h
-- Installing: /home/cjs/Health_Node/install/pkg00_base_interfaces/include/pkg00_base_interfaces/msg/detail/hall_info__functions.h
-- Installing: /home/cjs/Health_Node/install/pkg00_base_interfaces/include/pkg00_base_interfaces/msg/detail/color_info__functions.h
-- Installing: /home/cjs/Health_Node/install/pkg00_base_interfaces/include/pkg00_base_interfaces/msg/detail/bms_info__functions.h
-- Installing: /home/cjs/Health_Node/install/pkg00_base_interfaces/include/pkg00_base_interfaces/msg/detail/system_status__functions.h
-- Installing: /home/cjs/Health_Node/install/pkg00_base_interfaces/include/pkg00_base_interfaces/msg/detail/location__functions.c
-- Installing: /home/cjs/Health_Node/install/pkg00_base_interfaces/include/pkg00_base_interfaces/msg/detail/lift_info__struct.h
-- Installing: /home/cjs/Health_Node/install/pkg00_base_interfaces/include/pkg00_base_interfaces/msg/detail/motor_cmd__struct.h
-- Installing: /home/cjs/Health_Node/install/pkg00_base_interfaces/include/pkg00_base_interfaces/msg/detail/system_status__functions.c
-- Installing: /home/cjs/Health_Node/install/pkg00_base_interfaces/include/pkg00_base_interfaces/msg/detail/location__struct.h
-- Installing: /home/cjs/Health_Node/install/pkg00_base_interfaces/include/pkg00_base_interfaces/msg/detail/motor_cmd__type_support.h
-- Installing: /home/cjs/Health_Node/install/pkg00_base_interfaces/include/pkg00_base_interfaces/msg/detail/hall_info__functions.c
-- Installing: /home/cjs/Health_Node/install/pkg00_base_interfaces/include/pkg00_base_interfaces/msg/detail/core_info__functions.h
-- Installing: /home/cjs/Health_Node/install/pkg00_base_interfaces/include/pkg00_base_interfaces/msg/detail/seek_ret__functions.h
-- Installing: /home/cjs/Health_Node/install/pkg00_base_interfaces/include/pkg00_base_interfaces/msg/detail/color_info__struct.h
-- Installing: /home/cjs/Health_Node/install/pkg00_base_interfaces/include/pkg00_base_interfaces/msg/detail/charger_info__functions.c
-- Installing: /home/cjs/Health_Node/install/pkg00_base_interfaces/include/pkg00_base_interfaces/msg/detail/obs_laser__functions.h
-- Installing: /home/cjs/Health_Node/install/pkg00_base_interfaces/include/pkg00_base_interfaces/msg/detail/system_status__type_support.h
-- Installing: /home/cjs/Health_Node/install/pkg00_base_interfaces/include/pkg00_base_interfaces/msg/detail/seek_ret__functions.c
-- Installing: /home/cjs/Health_Node/install/pkg00_base_interfaces/include/pkg00_base_interfaces/msg/detail/hall_info__type_support.h
-- Installing: /home/cjs/Health_Node/install/pkg00_base_interfaces/include/pkg00_base_interfaces/msg/detail/obs_laser__struct.h
-- Installing: /home/cjs/Health_Node/install/pkg00_base_interfaces/include/pkg00_base_interfaces/msg/detail/lift_info__type_support.h
-- Installing: /home/cjs/Health_Node/install/pkg00_base_interfaces/include/pkg00_base_interfaces/msg/detail/location__type_support.h
-- Installing: /home/cjs/Health_Node/install/pkg00_base_interfaces/include/pkg00_base_interfaces/msg/detail/seek_ret__struct.h
-- Installing: /home/cjs/Health_Node/install/pkg00_base_interfaces/include/pkg00_base_interfaces/msg/detail/hall_info__struct.h
-- Installing: /home/cjs/Health_Node/install/pkg00_base_interfaces/include/pkg00_base_interfaces/msg/detail/bms_info__struct.h
-- Installing: /home/cjs/Health_Node/install/pkg00_base_interfaces/include/pkg00_base_interfaces/msg/detail/charger_info__struct.h
-- Installing: /home/cjs/Health_Node/install/pkg00_base_interfaces/include/pkg00_base_interfaces/msg/detail/charger_info__type_support.h
-- Installing: /home/cjs/Health_Node/install/pkg00_base_interfaces/include/pkg00_base_interfaces/msg/detail/bms_info__functions.c
-- Installing: /home/cjs/Health_Node/install/pkg00_base_interfaces/include/pkg00_base_interfaces/msg/detail/location__functions.h
-- Installing: /home/cjs/Health_Node/install/pkg00_base_interfaces/include/pkg00_base_interfaces/msg/detail/system_status__struct.h
-- Installing: /home/cjs/Health_Node/install/pkg00_base_interfaces/include/pkg00_base_interfaces/msg/detail/obs_laser__functions.c
-- Installing: /home/cjs/Health_Node/install/pkg00_base_interfaces/include/pkg00_base_interfaces/msg/detail/color_info__type_support.h
-- Installing: /home/cjs/Health_Node/install/pkg00_base_interfaces/include/pkg00_base_interfaces/msg/motor_status.h
-- Installing: /home/cjs/Health_Node/install/pkg00_base_interfaces/include/pkg00_base_interfaces/msg/location.h
-- Installing: /home/cjs/Health_Node/install/pkg00_base_interfaces/include/pkg00_base_interfaces/msg/charger_info.h
-- Installing: /home/cjs/Health_Node/install/pkg00_base_interfaces/include/pkg00_base_interfaces/msg/core_info.h
-- Installing: /home/cjs/Health_Node/install/pkg00_base_interfaces/include/pkg00_base_interfaces/msg/lift_info.h
-- Installing: /home/cjs/Health_Node/install/pkg00_base_interfaces/include/pkg00_base_interfaces/msg/color_info.h
-- Installing: /home/cjs/Health_Node/install/pkg00_base_interfaces/include/pkg00_base_interfaces/msg/obs_laser.h
-- Installing: /home/cjs/Health_Node/install/pkg00_base_interfaces/include/pkg00_base_interfaces/msg/hall_info.h
-- Installing: /home/cjs/Health_Node/install/pkg00_base_interfaces/include/pkg00_base_interfaces/msg/system_status.h
-- Installing: /home/cjs/Health_Node/install/pkg00_base_interfaces/include/pkg00_base_interfaces/msg/seek_ret.h
-- Installing: /home/cjs/Health_Node/install/pkg00_base_interfaces/share/pkg00_base_interfaces/environment/library_path.sh
-- Installing: /home/cjs/Health_Node/install/pkg00_base_interfaces/share/pkg00_base_interfaces/environment/library_path.dsv
-- Installing: /home/cjs/Health_Node/install/pkg00_base_interfaces/lib/libpkg00_base_interfaces__rosidl_generator_c.so
-- Set runtime path of "/home/cjs/Health_Node/install/pkg00_base_interfaces/lib/libpkg00_base_interfaces__rosidl_generator_c.so" to ""
-- Up-to-date: /home/cjs/Health_Node/install/pkg00_base_interfaces/include/pkg00_base_interfaces
-- Up-to-date: /home/cjs/Health_Node/install/pkg00_base_interfaces/include/pkg00_base_interfaces/msg
-- Up-to-date: /home/cjs/Health_Node/install/pkg00_base_interfaces/include/pkg00_base_interfaces/msg/detail
-- Installing: /home/cjs/Health_Node/install/pkg00_base_interfaces/include/pkg00_base_interfaces/msg/detail/hall_info__rosidl_typesupport_fastrtps_c.h
-- Installing: /home/cjs/Health_Node/install/pkg00_base_interfaces/include/pkg00_base_interfaces/msg/detail/lift_info__rosidl_typesupport_fastrtps_c.h
-- Installing: /home/cjs/Health_Node/install/pkg00_base_interfaces/include/pkg00_base_interfaces/msg/detail/location__rosidl_typesupport_fastrtps_c.h
-- Installing: /home/cjs/Health_Node/install/pkg00_base_interfaces/include/pkg00_base_interfaces/msg/detail/bms_info__rosidl_typesupport_fastrtps_c.h
-- Installing: /home/cjs/Health_Node/install/pkg00_base_interfaces/include/pkg00_base_interfaces/msg/detail/color_info__rosidl_typesupport_fastrtps_c.h
-- Installing: /home/cjs/Health_Node/install/pkg00_base_interfaces/include/pkg00_base_interfaces/msg/detail/core_info__rosidl_typesupport_fastrtps_c.h
-- Installing: /home/cjs/Health_Node/install/pkg00_base_interfaces/include/pkg00_base_interfaces/msg/detail/seek_ret__rosidl_typesupport_fastrtps_c.h
-- Installing: /home/cjs/Health_Node/install/pkg00_base_interfaces/include/pkg00_base_interfaces/msg/detail/charger_info__rosidl_typesupport_fastrtps_c.h
-- Installing: /home/cjs/Health_Node/install/pkg00_base_interfaces/include/pkg00_base_interfaces/msg/detail/system_status__rosidl_typesupport_fastrtps_c.h
-- Installing: /home/cjs/Health_Node/install/pkg00_base_interfaces/include/pkg00_base_interfaces/msg/detail/motor_cmd__rosidl_typesupport_fastrtps_c.h
-- Installing: /home/cjs/Health_Node/install/pkg00_base_interfaces/include/pkg00_base_interfaces/msg/detail/obs_laser__rosidl_typesupport_fastrtps_c.h
-- Installing: /home/cjs/Health_Node/install/pkg00_base_interfaces/include/pkg00_base_interfaces/msg/detail/motor_status__rosidl_typesupport_fastrtps_c.h
-- Installing: /home/cjs/Health_Node/install/pkg00_base_interfaces/include/pkg00_base_interfaces/msg/rosidl_typesupport_fastrtps_c__visibility_control.h
-- Installing: /home/cjs/Health_Node/install/pkg00_base_interfaces/lib/libpkg00_base_interfaces__rosidl_typesupport_fastrtps_c.so
-- Set runtime path of "/home/cjs/Health_Node/install/pkg00_base_interfaces/lib/libpkg00_base_interfaces__rosidl_typesupport_fastrtps_c.so" to ""
-- Up-to-date: /home/cjs/Health_Node/install/pkg00_base_interfaces/include/pkg00_base_interfaces
-- Up-to-date: /home/cjs/Health_Node/install/pkg00_base_interfaces/include/pkg00_base_interfaces/msg
-- Up-to-date: /home/cjs/Health_Node/install/pkg00_base_interfaces/include/pkg00_base_interfaces/msg/detail
-- Installing: /home/cjs/Health_Node/install/pkg00_base_interfaces/include/pkg00_base_interfaces/msg/detail/hall_info__rosidl_typesupport_fastrtps_cpp.hpp
-- Installing: /home/cjs/Health_Node/install/pkg00_base_interfaces/include/pkg00_base_interfaces/msg/detail/lift_info__rosidl_typesupport_fastrtps_cpp.hpp
-- Installing: /home/cjs/Health_Node/install/pkg00_base_interfaces/include/pkg00_base_interfaces/msg/detail/seek_ret__rosidl_typesupport_fastrtps_cpp.hpp
-- Installing: /home/cjs/Health_Node/install/pkg00_base_interfaces/include/pkg00_base_interfaces/msg/detail/color_info__rosidl_typesupport_fastrtps_cpp.hpp
-- Installing: /home/cjs/Health_Node/install/pkg00_base_interfaces/include/pkg00_base_interfaces/msg/detail/location__rosidl_typesupport_fastrtps_cpp.hpp
-- Installing: /home/cjs/Health_Node/install/pkg00_base_interfaces/include/pkg00_base_interfaces/msg/detail/dds_fastrtps
-- Installing: /home/cjs/Health_Node/install/pkg00_base_interfaces/include/pkg00_base_interfaces/msg/detail/motor_cmd__rosidl_typesupport_fastrtps_cpp.hpp
-- Installing: /home/cjs/Health_Node/install/pkg00_base_interfaces/include/pkg00_base_interfaces/msg/detail/core_info__rosidl_typesupport_fastrtps_cpp.hpp
-- Installing: /home/cjs/Health_Node/install/pkg00_base_interfaces/include/pkg00_base_interfaces/msg/detail/bms_info__rosidl_typesupport_fastrtps_cpp.hpp
-- Installing: /home/cjs/Health_Node/install/pkg00_base_interfaces/include/pkg00_base_interfaces/msg/detail/charger_info__rosidl_typesupport_fastrtps_cpp.hpp
-- Installing: /home/cjs/Health_Node/install/pkg00_base_interfaces/include/pkg00_base_interfaces/msg/detail/system_status__rosidl_typesupport_fastrtps_cpp.hpp
-- Installing: /home/cjs/Health_Node/install/pkg00_base_interfaces/include/pkg00_base_interfaces/msg/detail/motor_status__rosidl_typesupport_fastrtps_cpp.hpp
-- Installing: /home/cjs/Health_Node/install/pkg00_base_interfaces/include/pkg00_base_interfaces/msg/detail/obs_laser__rosidl_typesupport_fastrtps_cpp.hpp
-- Installing: /home/cjs/Health_Node/install/pkg00_base_interfaces/include/pkg00_base_interfaces/msg/rosidl_typesupport_fastrtps_cpp__visibility_control.h
-- Installing: /home/cjs/Health_Node/install/pkg00_base_interfaces/lib/libpkg00_base_interfaces__rosidl_typesupport_fastrtps_cpp.so
-- Set runtime path of "/home/cjs/Health_Node/install/pkg00_base_interfaces/lib/libpkg00_base_interfaces__rosidl_typesupport_fastrtps_cpp.so" to ""
-- Up-to-date: /home/cjs/Health_Node/install/pkg00_base_interfaces/include/pkg00_base_interfaces
-- Up-to-date: /home/cjs/Health_Node/install/pkg00_base_interfaces/include/pkg00_base_interfaces/msg
-- Up-to-date: /home/cjs/Health_Node/install/pkg00_base_interfaces/include/pkg00_base_interfaces/msg/detail
-- Installing: /home/cjs/Health_Node/install/pkg00_base_interfaces/include/pkg00_base_interfaces/msg/detail/motor_status__type_support.c
-- Installing: /home/cjs/Health_Node/install/pkg00_base_interfaces/include/pkg00_base_interfaces/msg/detail/core_info__rosidl_typesupport_introspection_c.h
-- Installing: /home/cjs/Health_Node/install/pkg00_base_interfaces/include/pkg00_base_interfaces/msg/detail/motor_status__rosidl_typesupport_introspection_c.h
-- Installing: /home/cjs/Health_Node/install/pkg00_base_interfaces/include/pkg00_base_interfaces/msg/detail/lift_info__type_support.c
-- Installing: /home/cjs/Health_Node/install/pkg00_base_interfaces/include/pkg00_base_interfaces/msg/detail/bms_info__rosidl_typesupport_introspection_c.h
-- Installing: /home/cjs/Health_Node/install/pkg00_base_interfaces/include/pkg00_base_interfaces/msg/detail/hall_info__rosidl_typesupport_introspection_c.h
-- Installing: /home/cjs/Health_Node/install/pkg00_base_interfaces/include/pkg00_base_interfaces/msg/detail/system_status__type_support.c
-- Installing: /home/cjs/Health_Node/install/pkg00_base_interfaces/include/pkg00_base_interfaces/msg/detail/obs_laser__rosidl_typesupport_introspection_c.h
-- Installing: /home/cjs/Health_Node/install/pkg00_base_interfaces/include/pkg00_base_interfaces/msg/detail/location__type_support.c
-- Installing: /home/cjs/Health_Node/install/pkg00_base_interfaces/include/pkg00_base_interfaces/msg/detail/charger_info__type_support.c
-- Installing: /home/cjs/Health_Node/install/pkg00_base_interfaces/include/pkg00_base_interfaces/msg/detail/system_status__rosidl_typesupport_introspection_c.h
-- Installing: /home/cjs/Health_Node/install/pkg00_base_interfaces/include/pkg00_base_interfaces/msg/detail/seek_ret__type_support.c
-- Installing: /home/cjs/Health_Node/install/pkg00_base_interfaces/include/pkg00_base_interfaces/msg/detail/color_info__type_support.c
-- Installing: /home/cjs/Health_Node/install/pkg00_base_interfaces/include/pkg00_base_interfaces/msg/detail/bms_info__type_support.c
-- Installing: /home/cjs/Health_Node/install/pkg00_base_interfaces/include/pkg00_base_interfaces/msg/detail/charger_info__rosidl_typesupport_introspection_c.h
-- Installing: /home/cjs/Health_Node/install/pkg00_base_interfaces/include/pkg00_base_interfaces/msg/detail/hall_info__type_support.c
-- Installing: /home/cjs/Health_Node/install/pkg00_base_interfaces/include/pkg00_base_interfaces/msg/detail/lift_info__rosidl_typesupport_introspection_c.h
-- Installing: /home/cjs/Health_Node/install/pkg00_base_interfaces/include/pkg00_base_interfaces/msg/detail/motor_cmd__type_support.c
-- Installing: /home/cjs/Health_Node/install/pkg00_base_interfaces/include/pkg00_base_interfaces/msg/detail/obs_laser__type_support.c
-- Installing: /home/cjs/Health_Node/install/pkg00_base_interfaces/include/pkg00_base_interfaces/msg/detail/seek_ret__rosidl_typesupport_introspection_c.h
-- Installing: /home/cjs/Health_Node/install/pkg00_base_interfaces/include/pkg00_base_interfaces/msg/detail/core_info__type_support.c
-- Installing: /home/cjs/Health_Node/install/pkg00_base_interfaces/include/pkg00_base_interfaces/msg/detail/motor_cmd__rosidl_typesupport_introspection_c.h
-- Installing: /home/cjs/Health_Node/install/pkg00_base_interfaces/include/pkg00_base_interfaces/msg/detail/location__rosidl_typesupport_introspection_c.h
-- Installing: /home/cjs/Health_Node/install/pkg00_base_interfaces/include/pkg00_base_interfaces/msg/detail/color_info__rosidl_typesupport_introspection_c.h
-- Installing: /home/cjs/Health_Node/install/pkg00_base_interfaces/include/pkg00_base_interfaces/msg/rosidl_typesupport_introspection_c__visibility_control.h
-- Installing: /home/cjs/Health_Node/install/pkg00_base_interfaces/lib/libpkg00_base_interfaces__rosidl_typesupport_introspection_c.so
-- Set runtime path of "/home/cjs/Health_Node/install/pkg00_base_interfaces/lib/libpkg00_base_interfaces__rosidl_typesupport_introspection_c.so" to ""
-- Installing: /home/cjs/Health_Node/install/pkg00_base_interfaces/lib/libpkg00_base_interfaces__rosidl_typesupport_c.so
-- Set runtime path of "/home/cjs/Health_Node/install/pkg00_base_interfaces/lib/libpkg00_base_interfaces__rosidl_typesupport_c.so" to ""
-- Up-to-date: /home/cjs/Health_Node/install/pkg00_base_interfaces/include/pkg00_base_interfaces
-- Up-to-date: /home/cjs/Health_Node/install/pkg00_base_interfaces/include/pkg00_base_interfaces/msg
-- Installing: /home/cjs/Health_Node/install/pkg00_base_interfaces/include/pkg00_base_interfaces/msg/color_info.hpp
-- Installing: /home/cjs/Health_Node/install/pkg00_base_interfaces/include/pkg00_base_interfaces/msg/seek_ret.hpp
-- Installing: /home/cjs/Health_Node/install/pkg00_base_interfaces/include/pkg00_base_interfaces/msg/motor_cmd.hpp
-- Up-to-date: /home/cjs/Health_Node/install/pkg00_base_interfaces/include/pkg00_base_interfaces/msg/detail
-- Installing: /home/cjs/Health_Node/install/pkg00_base_interfaces/include/pkg00_base_interfaces/msg/detail/obs_laser__builder.hpp
-- Installing: /home/cjs/Health_Node/install/pkg00_base_interfaces/include/pkg00_base_interfaces/msg/detail/charger_info__traits.hpp
-- Installing: /home/cjs/Health_Node/install/pkg00_base_interfaces/include/pkg00_base_interfaces/msg/detail/motor_cmd__struct.hpp
-- Installing: /home/cjs/Health_Node/install/pkg00_base_interfaces/include/pkg00_base_interfaces/msg/detail/core_info__struct.hpp
-- Installing: /home/cjs/Health_Node/install/pkg00_base_interfaces/include/pkg00_base_interfaces/msg/detail/core_info__type_support.hpp
-- Installing: /home/cjs/Health_Node/install/pkg00_base_interfaces/include/pkg00_base_interfaces/msg/detail/system_status__traits.hpp
-- Installing: /home/cjs/Health_Node/install/pkg00_base_interfaces/include/pkg00_base_interfaces/msg/detail/seek_ret__type_support.hpp
-- Installing: /home/cjs/Health_Node/install/pkg00_base_interfaces/include/pkg00_base_interfaces/msg/detail/system_status__struct.hpp
-- Installing: /home/cjs/Health_Node/install/pkg00_base_interfaces/include/pkg00_base_interfaces/msg/detail/seek_ret__traits.hpp
-- Installing: /home/cjs/Health_Node/install/pkg00_base_interfaces/include/pkg00_base_interfaces/msg/detail/motor_cmd__builder.hpp
-- Installing: /home/cjs/Health_Node/install/pkg00_base_interfaces/include/pkg00_base_interfaces/msg/detail/location__traits.hpp
-- Installing: /home/cjs/Health_Node/install/pkg00_base_interfaces/include/pkg00_base_interfaces/msg/detail/core_info__traits.hpp
-- Installing: /home/cjs/Health_Node/install/pkg00_base_interfaces/include/pkg00_base_interfaces/msg/detail/lift_info__builder.hpp
-- Installing: /home/cjs/Health_Node/install/pkg00_base_interfaces/include/pkg00_base_interfaces/msg/detail/system_status__type_support.hpp
-- Installing: /home/cjs/Health_Node/install/pkg00_base_interfaces/include/pkg00_base_interfaces/msg/detail/system_status__builder.hpp
-- Installing: /home/cjs/Health_Node/install/pkg00_base_interfaces/include/pkg00_base_interfaces/msg/detail/bms_info__struct.hpp
-- Installing: /home/cjs/Health_Node/install/pkg00_base_interfaces/include/pkg00_base_interfaces/msg/detail/obs_laser__struct.hpp
-- Installing: /home/cjs/Health_Node/install/pkg00_base_interfaces/include/pkg00_base_interfaces/msg/detail/motor_status__type_support.hpp
-- Installing: /home/cjs/Health_Node/install/pkg00_base_interfaces/include/pkg00_base_interfaces/msg/detail/motor_cmd__traits.hpp
-- Installing: /home/cjs/Health_Node/install/pkg00_base_interfaces/include/pkg00_base_interfaces/msg/detail/lift_info__type_support.hpp
-- Installing: /home/cjs/Health_Node/install/pkg00_base_interfaces/include/pkg00_base_interfaces/msg/detail/obs_laser__traits.hpp
-- Installing: /home/cjs/Health_Node/install/pkg00_base_interfaces/include/pkg00_base_interfaces/msg/detail/core_info__builder.hpp
-- Installing: /home/cjs/Health_Node/install/pkg00_base_interfaces/include/pkg00_base_interfaces/msg/detail/color_info__type_support.hpp
-- Installing: /home/cjs/Health_Node/install/pkg00_base_interfaces/include/pkg00_base_interfaces/msg/detail/charger_info__builder.hpp
-- Installing: /home/cjs/Health_Node/install/pkg00_base_interfaces/include/pkg00_base_interfaces/msg/detail/hall_info__struct.hpp
-- Installing: /home/cjs/Health_Node/install/pkg00_base_interfaces/include/pkg00_base_interfaces/msg/detail/bms_info__builder.hpp
-- Installing: /home/cjs/Health_Node/install/pkg00_base_interfaces/include/pkg00_base_interfaces/msg/detail/color_info__traits.hpp
-- Installing: /home/cjs/Health_Node/install/pkg00_base_interfaces/include/pkg00_base_interfaces/msg/detail/obs_laser__type_support.hpp
-- Installing: /home/cjs/Health_Node/install/pkg00_base_interfaces/include/pkg00_base_interfaces/msg/detail/charger_info__type_support.hpp
-- Installing: /home/cjs/Health_Node/install/pkg00_base_interfaces/include/pkg00_base_interfaces/msg/detail/color_info__builder.hpp
-- Installing: /home/cjs/Health_Node/install/pkg00_base_interfaces/include/pkg00_base_interfaces/msg/detail/lift_info__traits.hpp
-- Installing: /home/cjs/Health_Node/install/pkg00_base_interfaces/include/pkg00_base_interfaces/msg/detail/hall_info__traits.hpp
-- Installing: /home/cjs/Health_Node/install/pkg00_base_interfaces/include/pkg00_base_interfaces/msg/detail/color_info__struct.hpp
-- Installing: /home/cjs/Health_Node/install/pkg00_base_interfaces/include/pkg00_base_interfaces/msg/detail/location__builder.hpp
-- Installing: /home/cjs/Health_Node/install/pkg00_base_interfaces/include/pkg00_base_interfaces/msg/detail/motor_cmd__type_support.hpp
-- Installing: /home/cjs/Health_Node/install/pkg00_base_interfaces/include/pkg00_base_interfaces/msg/detail/seek_ret__builder.hpp
-- Installing: /home/cjs/Health_Node/install/pkg00_base_interfaces/include/pkg00_base_interfaces/msg/detail/motor_status__struct.hpp
-- Installing: /home/cjs/Health_Node/install/pkg00_base_interfaces/include/pkg00_base_interfaces/msg/detail/bms_info__type_support.hpp
-- Installing: /home/cjs/Health_Node/install/pkg00_base_interfaces/include/pkg00_base_interfaces/msg/detail/motor_status__builder.hpp
-- Installing: /home/cjs/Health_Node/install/pkg00_base_interfaces/include/pkg00_base_interfaces/msg/detail/bms_info__traits.hpp
-- Installing: /home/cjs/Health_Node/install/pkg00_base_interfaces/include/pkg00_base_interfaces/msg/detail/hall_info__type_support.hpp
-- Installing: /home/cjs/Health_Node/install/pkg00_base_interfaces/include/pkg00_base_interfaces/msg/detail/lift_info__struct.hpp
-- Installing: /home/cjs/Health_Node/install/pkg00_base_interfaces/include/pkg00_base_interfaces/msg/detail/hall_info__builder.hpp
-- Installing: /home/cjs/Health_Node/install/pkg00_base_interfaces/include/pkg00_base_interfaces/msg/detail/location__type_support.hpp
-- Installing: /home/cjs/Health_Node/install/pkg00_base_interfaces/include/pkg00_base_interfaces/msg/detail/charger_info__struct.hpp
-- Installing: /home/cjs/Health_Node/install/pkg00_base_interfaces/include/pkg00_base_interfaces/msg/detail/motor_status__traits.hpp
-- Installing: /home/cjs/Health_Node/install/pkg00_base_interfaces/include/pkg00_base_interfaces/msg/detail/location__struct.hpp
-- Installing: /home/cjs/Health_Node/install/pkg00_base_interfaces/include/pkg00_base_interfaces/msg/detail/seek_ret__struct.hpp
-- Installing: /home/cjs/Health_Node/install/pkg00_base_interfaces/include/pkg00_base_interfaces/msg/core_info.hpp
-- Installing: /home/cjs/Health_Node/install/pkg00_base_interfaces/include/pkg00_base_interfaces/msg/motor_status.hpp
-- Installing: /home/cjs/Health_Node/install/pkg00_base_interfaces/include/pkg00_base_interfaces/msg/hall_info.hpp
-- Installing: /home/cjs/Health_Node/install/pkg00_base_interfaces/include/pkg00_base_interfaces/msg/charger_info.hpp
-- Installing: /home/cjs/Health_Node/install/pkg00_base_interfaces/include/pkg00_base_interfaces/msg/rosidl_generator_cpp__visibility_control.hpp
-- Installing: /home/cjs/Health_Node/install/pkg00_base_interfaces/include/pkg00_base_interfaces/msg/location.hpp
-- Installing: /home/cjs/Health_Node/install/pkg00_base_interfaces/include/pkg00_base_interfaces/msg/obs_laser.hpp
-- Installing: /home/cjs/Health_Node/install/pkg00_base_interfaces/include/pkg00_base_interfaces/msg/system_status.hpp
-- Installing: /home/cjs/Health_Node/install/pkg00_base_interfaces/include/pkg00_base_interfaces/msg/bms_info.hpp
-- Installing: /home/cjs/Health_Node/install/pkg00_base_interfaces/include/pkg00_base_interfaces/msg/lift_info.hpp
-- Up-to-date: /home/cjs/Health_Node/install/pkg00_base_interfaces/include/pkg00_base_interfaces
-- Up-to-date: /home/cjs/Health_Node/install/pkg00_base_interfaces/include/pkg00_base_interfaces/msg
-- Up-to-date: /home/cjs/Health_Node/install/pkg00_base_interfaces/include/pkg00_base_interfaces/msg/detail
-- Installing: /home/cjs/Health_Node/install/pkg00_base_interfaces/include/pkg00_base_interfaces/msg/detail/lift_info__rosidl_typesupport_introspection_cpp.hpp
-- Installing: /home/cjs/Health_Node/install/pkg00_base_interfaces/include/pkg00_base_interfaces/msg/detail/motor_cmd__rosidl_typesupport_introspection_cpp.hpp
-- Installing: /home/cjs/Health_Node/install/pkg00_base_interfaces/include/pkg00_base_interfaces/msg/detail/location__type_support.cpp
-- Installing: /home/cjs/Health_Node/install/pkg00_base_interfaces/include/pkg00_base_interfaces/msg/detail/seek_ret__type_support.cpp
-- Installing: /home/cjs/Health_Node/install/pkg00_base_interfaces/include/pkg00_base_interfaces/msg/detail/charger_info__type_support.cpp
-- Installing: /home/cjs/Health_Node/install/pkg00_base_interfaces/include/pkg00_base_interfaces/msg/detail/color_info__rosidl_typesupport_introspection_cpp.hpp
-- Installing: /home/cjs/Health_Node/install/pkg00_base_interfaces/include/pkg00_base_interfaces/msg/detail/location__rosidl_typesupport_introspection_cpp.hpp
-- Installing: /home/cjs/Health_Node/install/pkg00_base_interfaces/include/pkg00_base_interfaces/msg/detail/core_info__type_support.cpp
-- Installing: /home/cjs/Health_Node/install/pkg00_base_interfaces/include/pkg00_base_interfaces/msg/detail/bms_info__type_support.cpp
-- Installing: /home/cjs/Health_Node/install/pkg00_base_interfaces/include/pkg00_base_interfaces/msg/detail/core_info__rosidl_typesupport_introspection_cpp.hpp
-- Installing: /home/cjs/Health_Node/install/pkg00_base_interfaces/include/pkg00_base_interfaces/msg/detail/system_status__type_support.cpp
-- Installing: /home/cjs/Health_Node/install/pkg00_base_interfaces/include/pkg00_base_interfaces/msg/detail/lift_info__type_support.cpp
-- Installing: /home/cjs/Health_Node/install/pkg00_base_interfaces/include/pkg00_base_interfaces/msg/detail/charger_info__rosidl_typesupport_introspection_cpp.hpp
-- Installing: /home/cjs/Health_Node/install/pkg00_base_interfaces/include/pkg00_base_interfaces/msg/detail/obs_laser__rosidl_typesupport_introspection_cpp.hpp
-- Installing: /home/cjs/Health_Node/install/pkg00_base_interfaces/include/pkg00_base_interfaces/msg/detail/color_info__type_support.cpp
-- Installing: /home/cjs/Health_Node/install/pkg00_base_interfaces/include/pkg00_base_interfaces/msg/detail/motor_cmd__type_support.cpp
-- Installing: /home/cjs/Health_Node/install/pkg00_base_interfaces/include/pkg00_base_interfaces/msg/detail/motor_status__type_support.cpp
-- Installing: /home/cjs/Health_Node/install/pkg00_base_interfaces/include/pkg00_base_interfaces/msg/detail/bms_info__rosidl_typesupport_introspection_cpp.hpp
-- Installing: /home/cjs/Health_Node/install/pkg00_base_interfaces/include/pkg00_base_interfaces/msg/detail/seek_ret__rosidl_typesupport_introspection_cpp.hpp
-- Installing: /home/cjs/Health_Node/install/pkg00_base_interfaces/include/pkg00_base_interfaces/msg/detail/system_status__rosidl_typesupport_introspection_cpp.hpp
-- Installing: /home/cjs/Health_Node/install/pkg00_base_interfaces/include/pkg00_base_interfaces/msg/detail/hall_info__rosidl_typesupport_introspection_cpp.hpp
-- Installing: /home/cjs/Health_Node/install/pkg00_base_interfaces/include/pkg00_base_interfaces/msg/detail/motor_status__rosidl_typesupport_introspection_cpp.hpp
-- Installing: /home/cjs/Health_Node/install/pkg00_base_interfaces/include/pkg00_base_interfaces/msg/detail/obs_laser__type_support.cpp
-- Installing: /home/cjs/Health_Node/install/pkg00_base_interfaces/include/pkg00_base_interfaces/msg/detail/hall_info__type_support.cpp
-- Installing: /home/cjs/Health_Node/install/pkg00_base_interfaces/lib/libpkg00_base_interfaces__rosidl_typesupport_introspection_cpp.so
-- Set runtime path of "/home/cjs/Health_Node/install/pkg00_base_interfaces/lib/libpkg00_base_interfaces__rosidl_typesupport_introspection_cpp.so" to ""
-- Installing: /home/cjs/Health_Node/install/pkg00_base_interfaces/lib/libpkg00_base_interfaces__rosidl_typesupport_cpp.so
-- Set runtime path of "/home/cjs/Health_Node/install/pkg00_base_interfaces/lib/libpkg00_base_interfaces__rosidl_typesupport_cpp.so" to ""
-- Installing: /home/cjs/Health_Node/install/pkg00_base_interfaces/share/pkg00_base_interfaces/environment/pythonpath.sh
-- Installing: /home/cjs/Health_Node/install/pkg00_base_interfaces/share/pkg00_base_interfaces/environment/pythonpath.dsv
-- Installing: /home/cjs/Health_Node/install/pkg00_base_interfaces/lib/python3.8/site-packages/pkg00_base_interfaces/__init__.py
Compiling '/home/cjs/Health_Node/install/pkg00_base_interfaces/lib/python3.8/site-packages/pkg00_base_interfaces/__init__.py'...
-- Installing: /home/cjs/Health_Node/install/pkg00_base_interfaces/lib/python3.8/site-packages/pkg00_base_interfaces/msg
-- Installing: /home/cjs/Health_Node/install/pkg00_base_interfaces/lib/python3.8/site-packages/pkg00_base_interfaces/msg/_hall_info_s.c
-- Installing: /home/cjs/Health_Node/install/pkg00_base_interfaces/lib/python3.8/site-packages/pkg00_base_interfaces/msg/_core_info_s.c
-- Installing: /home/cjs/Health_Node/install/pkg00_base_interfaces/lib/python3.8/site-packages/pkg00_base_interfaces/msg/_color_info.py
-- Installing: /home/cjs/Health_Node/install/pkg00_base_interfaces/lib/python3.8/site-packages/pkg00_base_interfaces/msg/_lift_info_s.c
-- Installing: /home/cjs/Health_Node/install/pkg00_base_interfaces/lib/python3.8/site-packages/pkg00_base_interfaces/msg/_motor_status.py
-- Installing: /home/cjs/Health_Node/install/pkg00_base_interfaces/lib/python3.8/site-packages/pkg00_base_interfaces/msg/_obs_laser.py
-- Installing: /home/cjs/Health_Node/install/pkg00_base_interfaces/lib/python3.8/site-packages/pkg00_base_interfaces/msg/_seek_ret_s.c
-- Installing: /home/cjs/Health_Node/install/pkg00_base_interfaces/lib/python3.8/site-packages/pkg00_base_interfaces/msg/_motor_cmd_s.c
-- Installing: /home/cjs/Health_Node/install/pkg00_base_interfaces/lib/python3.8/site-packages/pkg00_base_interfaces/msg/_obs_laser_s.c
-- Installing: /home/cjs/Health_Node/install/pkg00_base_interfaces/lib/python3.8/site-packages/pkg00_base_interfaces/msg/_charger_info_s.c
-- Installing: /home/cjs/Health_Node/install/pkg00_base_interfaces/lib/python3.8/site-packages/pkg00_base_interfaces/msg/_system_status.py
-- Installing: /home/cjs/Health_Node/install/pkg00_base_interfaces/lib/python3.8/site-packages/pkg00_base_interfaces/msg/_core_info.py
-- Installing: /home/cjs/Health_Node/install/pkg00_base_interfaces/lib/python3.8/site-packages/pkg00_base_interfaces/msg/_charger_info.py
-- Installing: /home/cjs/Health_Node/install/pkg00_base_interfaces/lib/python3.8/site-packages/pkg00_base_interfaces/msg/_hall_info.py
-- Installing: /home/cjs/Health_Node/install/pkg00_base_interfaces/lib/python3.8/site-packages/pkg00_base_interfaces/msg/_location_s.c
-- Installing: /home/cjs/Health_Node/install/pkg00_base_interfaces/lib/python3.8/site-packages/pkg00_base_interfaces/msg/_seek_ret.py
-- Installing: /home/cjs/Health_Node/install/pkg00_base_interfaces/lib/python3.8/site-packages/pkg00_base_interfaces/msg/_system_status_s.c
-- Installing: /home/cjs/Health_Node/install/pkg00_base_interfaces/lib/python3.8/site-packages/pkg00_base_interfaces/msg/_location.py
-- Installing: /home/cjs/Health_Node/install/pkg00_base_interfaces/lib/python3.8/site-packages/pkg00_base_interfaces/msg/_motor_cmd.py
-- Installing: /home/cjs/Health_Node/install/pkg00_base_interfaces/lib/python3.8/site-packages/pkg00_base_interfaces/msg/_color_info_s.c
-- Installing: /home/cjs/Health_Node/install/pkg00_base_interfaces/lib/python3.8/site-packages/pkg00_base_interfaces/msg/_motor_status_s.c
-- Installing: /home/cjs/Health_Node/install/pkg00_base_interfaces/lib/python3.8/site-packages/pkg00_base_interfaces/msg/_lift_info.py
-- Installing: /home/cjs/Health_Node/install/pkg00_base_interfaces/lib/python3.8/site-packages/pkg00_base_interfaces/msg/_bms_info_s.c
-- Installing: /home/cjs/Health_Node/install/pkg00_base_interfaces/lib/python3.8/site-packages/pkg00_base_interfaces/msg/__init__.py
-- Installing: /home/cjs/Health_Node/install/pkg00_base_interfaces/lib/python3.8/site-packages/pkg00_base_interfaces/msg/_bms_info.py
-- Installing: /home/cjs/Health_Node/install/pkg00_base_interfaces/lib/python3.8/site-packages/pkg00_base_interfaces/pkg00_base_interfaces_s__rosidl_typesupport_fastrtps_c.cpython-38-x86_64-linux-gnu.so
-- Set runtime path of "/home/cjs/Health_Node/install/pkg00_base_interfaces/lib/python3.8/site-packages/pkg00_base_interfaces/pkg00_base_interfaces_s__rosidl_typesupport_fastrtps_c.cpython-38-x86_64-linux-gnu.so" to ""
-- Installing: /home/cjs/Health_Node/install/pkg00_base_interfaces/lib/python3.8/site-packages/pkg00_base_interfaces/pkg00_base_interfaces_s__rosidl_typesupport_introspection_c.cpython-38-x86_64-linux-gnu.so
-- Set runtime path of "/home/cjs/Health_Node/install/pkg00_base_interfaces/lib/python3.8/site-packages/pkg00_base_interfaces/pkg00_base_interfaces_s__rosidl_typesupport_introspection_c.cpython-38-x86_64-linux-gnu.so" to ""
-- Installing: /home/cjs/Health_Node/install/pkg00_base_interfaces/lib/python3.8/site-packages/pkg00_base_interfaces/pkg00_base_interfaces_s__rosidl_typesupport_c.cpython-38-x86_64-linux-gnu.so
-- Set runtime path of "/home/cjs/Health_Node/install/pkg00_base_interfaces/lib/python3.8/site-packages/pkg00_base_interfaces/pkg00_base_interfaces_s__rosidl_typesupport_c.cpython-38-x86_64-linux-gnu.so" to ""
-- Installing: /home/cjs/Health_Node/install/pkg00_base_interfaces/lib/libpkg00_base_interfaces__python.so
-- Set runtime path of "/home/cjs/Health_Node/install/pkg00_base_interfaces/lib/libpkg00_base_interfaces__python.so" to ""
-- Installing: /home/cjs/Health_Node/install/pkg00_base_interfaces/share/pkg00_base_interfaces/msg/BmsInfo.idl
-- Installing: /home/cjs/Health_Node/install/pkg00_base_interfaces/share/pkg00_base_interfaces/msg/ChargerInfo.idl
-- Installing: /home/cjs/Health_Node/install/pkg00_base_interfaces/share/pkg00_base_interfaces/msg/ColorInfo.idl
-- Installing: /home/cjs/Health_Node/install/pkg00_base_interfaces/share/pkg00_base_interfaces/msg/CoreInfo.idl
-- Installing: /home/cjs/Health_Node/install/pkg00_base_interfaces/share/pkg00_base_interfaces/msg/HallInfo.idl
-- Installing: /home/cjs/Health_Node/install/pkg00_base_interfaces/share/pkg00_base_interfaces/msg/LiftInfo.idl
-- Installing: /home/cjs/Health_Node/install/pkg00_base_interfaces/share/pkg00_base_interfaces/msg/Location.idl
-- Installing: /home/cjs/Health_Node/install/pkg00_base_interfaces/share/pkg00_base_interfaces/msg/MotorCmd.idl
-- Installing: /home/cjs/Health_Node/install/pkg00_base_interfaces/share/pkg00_base_interfaces/msg/MotorStatus.idl
-- Installing: /home/cjs/Health_Node/install/pkg00_base_interfaces/share/pkg00_base_interfaces/msg/ObsLaser.idl
-- Installing: /home/cjs/Health_Node/install/pkg00_base_interfaces/share/pkg00_base_interfaces/msg/SeekRet.idl
-- Installing: /home/cjs/Health_Node/install/pkg00_base_interfaces/share/pkg00_base_interfaces/msg/SystemStatus.idl
-- Installing: /home/cjs/Health_Node/install/pkg00_base_interfaces/share/pkg00_base_interfaces/msg/BmsInfo.msg
-- Installing: /home/cjs/Health_Node/install/pkg00_base_interfaces/share/pkg00_base_interfaces/msg/ChargerInfo.msg
-- Installing: /home/cjs/Health_Node/install/pkg00_base_interfaces/share/pkg00_base_interfaces/msg/ColorInfo.msg
-- Installing: /home/cjs/Health_Node/install/pkg00_base_interfaces/share/pkg00_base_interfaces/msg/CoreInfo.msg
-- Installing: /home/cjs/Health_Node/install/pkg00_base_interfaces/share/pkg00_base_interfaces/msg/HallInfo.msg
-- Installing: /home/cjs/Health_Node/install/pkg00_base_interfaces/share/pkg00_base_interfaces/msg/LiftInfo.msg
-- Installing: /home/cjs/Health_Node/install/pkg00_base_interfaces/share/pkg00_base_interfaces/msg/Location.msg
-- Installing: /home/cjs/Health_Node/install/pkg00_base_interfaces/share/pkg00_base_interfaces/msg/MotorCmd.msg
-- Installing: /home/cjs/Health_Node/install/pkg00_base_interfaces/share/pkg00_base_interfaces/msg/MotorStatus.msg
-- Installing: /home/cjs/Health_Node/install/pkg00_base_interfaces/share/pkg00_base_interfaces/msg/ObsLaser.msg
-- Installing: /home/cjs/Health_Node/install/pkg00_base_interfaces/share/pkg00_base_interfaces/msg/SeekRet.msg
-- Installing: /home/cjs/Health_Node/install/pkg00_base_interfaces/share/pkg00_base_interfaces/msg/SystemStatus.msg
-- Installing: /home/cjs/Health_Node/install/pkg00_base_interfaces/share/ament_index/resource_index/package_run_dependencies/pkg00_base_interfaces
-- Installing: /home/cjs/Health_Node/install/pkg00_base_interfaces/share/ament_index/resource_index/parent_prefix_path/pkg00_base_interfaces
-- Installing: /home/cjs/Health_Node/install/pkg00_base_interfaces/share/pkg00_base_interfaces/environment/ament_prefix_path.sh
-- Installing: /home/cjs/Health_Node/install/pkg00_base_interfaces/share/pkg00_base_interfaces/environment/ament_prefix_path.dsv
-- Installing: /home/cjs/Health_Node/install/pkg00_base_interfaces/share/pkg00_base_interfaces/environment/path.sh
-- Installing: /home/cjs/Health_Node/install/pkg00_base_interfaces/share/pkg00_base_interfaces/environment/path.dsv
-- Installing: /home/cjs/Health_Node/install/pkg00_base_interfaces/share/pkg00_base_interfaces/local_setup.bash
-- Installing: /home/cjs/Health_Node/install/pkg00_base_interfaces/share/pkg00_base_interfaces/local_setup.sh
-- Installing: /home/cjs/Health_Node/install/pkg00_base_interfaces/share/pkg00_base_interfaces/local_setup.zsh
-- Installing: /home/cjs/Health_Node/install/pkg00_base_interfaces/share/pkg00_base_interfaces/local_setup.dsv
-- Installing: /home/cjs/Health_Node/install/pkg00_base_interfaces/share/pkg00_base_interfaces/package.dsv
-- Installing: /home/cjs/Health_Node/install/pkg00_base_interfaces/share/ament_index/resource_index/packages/pkg00_base_interfaces
-- Installing: /home/cjs/Health_Node/install/pkg00_base_interfaces/share/pkg00_base_interfaces/cmake/pkg00_base_interfaces__rosidl_generator_cExport.cmake
-- Installing: /home/cjs/Health_Node/install/pkg00_base_interfaces/share/pkg00_base_interfaces/cmake/pkg00_base_interfaces__rosidl_generator_cExport-noconfig.cmake
-- Installing: /home/cjs/Health_Node/install/pkg00_base_interfaces/share/pkg00_base_interfaces/cmake/pkg00_base_interfaces__rosidl_typesupport_introspection_cExport.cmake
-- Installing: /home/cjs/Health_Node/install/pkg00_base_interfaces/share/pkg00_base_interfaces/cmake/pkg00_base_interfaces__rosidl_typesupport_introspection_cExport-noconfig.cmake
-- Installing: /home/cjs/Health_Node/install/pkg00_base_interfaces/share/pkg00_base_interfaces/cmake/pkg00_base_interfaces__rosidl_typesupport_cExport.cmake
-- Installing: /home/cjs/Health_Node/install/pkg00_base_interfaces/share/pkg00_base_interfaces/cmake/pkg00_base_interfaces__rosidl_typesupport_cExport-noconfig.cmake
-- Installing: /home/cjs/Health_Node/install/pkg00_base_interfaces/share/pkg00_base_interfaces/cmake/pkg00_base_interfaces__rosidl_generator_cppExport.cmake
-- Installing: /home/cjs/Health_Node/install/pkg00_base_interfaces/share/pkg00_base_interfaces/cmake/pkg00_base_interfaces__rosidl_typesupport_introspection_cppExport.cmake
-- Installing: /home/cjs/Health_Node/install/pkg00_base_interfaces/share/pkg00_base_interfaces/cmake/pkg00_base_interfaces__rosidl_typesupport_introspection_cppExport-noconfig.cmake
-- Installing: /home/cjs/Health_Node/install/pkg00_base_interfaces/share/pkg00_base_interfaces/cmake/pkg00_base_interfaces__rosidl_typesupport_cppExport.cmake
-- Installing: /home/cjs/Health_Node/install/pkg00_base_interfaces/share/pkg00_base_interfaces/cmake/pkg00_base_interfaces__rosidl_typesupport_cppExport-noconfig.cmake
-- Installing: /home/cjs/Health_Node/install/pkg00_base_interfaces/share/pkg00_base_interfaces/cmake/rosidl_cmake-extras.cmake
-- Installing: /home/cjs/Health_Node/install/pkg00_base_interfaces/share/pkg00_base_interfaces/cmake/ament_cmake_export_dependencies-extras.cmake
-- Installing: /home/cjs/Health_Node/install/pkg00_base_interfaces/share/pkg00_base_interfaces/cmake/ament_cmake_export_libraries-extras.cmake
-- Installing: /home/cjs/Health_Node/install/pkg00_base_interfaces/share/pkg00_base_interfaces/cmake/ament_cmake_export_targets-extras.cmake
-- Installing: /home/cjs/Health_Node/install/pkg00_base_interfaces/share/pkg00_base_interfaces/cmake/ament_cmake_export_include_directories-extras.cmake
-- Installing: /home/cjs/Health_Node/install/pkg00_base_interfaces/share/pkg00_base_interfaces/cmake/rosidl_cmake_export_typesupport_libraries-extras.cmake
-- Installing: /home/cjs/Health_Node/install/pkg00_base_interfaces/share/pkg00_base_interfaces/cmake/rosidl_cmake_export_typesupport_targets-extras.cmake
-- Installing: /home/cjs/Health_Node/install/pkg00_base_interfaces/share/pkg00_base_interfaces/cmake/pkg00_base_interfacesConfig.cmake
-- Installing: /home/cjs/Health_Node/install/pkg00_base_interfaces/share/pkg00_base_interfaces/cmake/pkg00_base_interfacesConfig-version.cmake
-- Installing: /home/cjs/Health_Node/install/pkg00_base_interfaces/share/pkg00_base_interfaces/package.xml
