[0.021s] Invoking command in '/home/cjs/Health_Node/build/pkg00_base_interfaces': CMAKE_PREFIX_PATH=/opt/ros/foxy /usr/bin/cmake /home/cjs/Health_Node/ros2_ws/src/pkg00_base_interfaces -DCMAKE_INSTALL_PREFIX=/home/cjs/Health_Node/install/pkg00_base_interfaces
[0.052s] -- Found ament_cmake: 0.9.12 (/opt/ros/foxy/share/ament_cmake/cmake)
[0.078s] -- Using PYTHON_EXECUTABLE: /usr/bin/python3
[0.263s] -- Found rosidl_default_generators: 1.0.1 (/opt/ros/foxy/share/rosidl_default_generators/cmake)
[0.264s] -- Using all available rosidl_typesupport_c: rosidl_typesupport_fastrtps_c;rosidl_typesupport_introspection_c
[0.267s] -- Found rosidl_adapter: 1.3.1 (/opt/ros/foxy/share/rosidl_adapter/cmake)
[0.415s] -- Using all available rosidl_typesupport_cpp: rosidl_typesupport_fastrtps_cpp;rosidl_typesupport_introspection_cpp
[0.478s] -- Found PythonInterp: /usr/bin/python3 (found version "3.8.10") 
[0.712s] -- Found ament_cmake_ros: 0.9.2 (/opt/ros/foxy/share/ament_cmake_ros/cmake)
[0.848s] -- Using all available rosidl_typesupport_c: rosidl_typesupport_fastrtps_c;rosidl_typesupport_introspection_c
[0.864s] -- Using all available rosidl_typesupport_cpp: rosidl_typesupport_fastrtps_cpp;rosidl_typesupport_introspection_cpp
[0.896s] -- Found PythonInterp: /usr/bin/python3 (found suitable version "3.8.10", minimum required is "3.5") 
[0.900s] -- Found python_cmake_module: 0.8.1 (/opt/ros/foxy/share/python_cmake_module/cmake)
[0.934s] -- Found PythonLibs: /usr/lib/x86_64-linux-gnu/libpython3.8.so (found suitable version "3.8.10", minimum required is "3.5") 
[0.935s] -- Using PYTHON_EXECUTABLE: /usr/bin/python3
[0.935s] -- Using PYTHON_INCLUDE_DIRS: /usr/include/python3.8
[0.935s] -- Using PYTHON_LIBRARIES: /usr/lib/x86_64-linux-gnu/libpython3.8.so
[0.959s] -- Found PythonExtra: .so  
[1.013s] -- Found ament_lint_auto: 0.9.8 (/opt/ros/foxy/share/ament_lint_auto/cmake)
[1.068s] -- Added test 'copyright' to check source files copyright and LICENSE
[1.077s] -- Added test 'lint_cmake' to check CMake code style
[1.080s] -- Added test 'xmllint' to check XML markup files
[1.088s] -- Configuring done
[1.169s] -- Generating done
[1.173s] -- Build files have been written to: /home/cjs/Health_Node/build/pkg00_base_interfaces
[1.180s] Invoked command in '/home/cjs/Health_Node/build/pkg00_base_interfaces' returned '0': CMAKE_PREFIX_PATH=/opt/ros/foxy /usr/bin/cmake /home/cjs/Health_Node/ros2_ws/src/pkg00_base_interfaces -DCMAKE_INSTALL_PREFIX=/home/cjs/Health_Node/install/pkg00_base_interfaces
[1.185s] Invoking command in '/home/cjs/Health_Node/build/pkg00_base_interfaces': CMAKE_PREFIX_PATH=/opt/ros/foxy /usr/bin/cmake --build /home/cjs/Health_Node/build/pkg00_base_interfaces -- -j4 -l4
[1.266s] [35m[1mScanning dependencies of target pkg00_base_interfaces__cpp[0m
[1.270s] [  1%] [34m[1mGenerating C code for ROS interfaces[0m
[1.288s] [  1%] [34m[1mGenerating C++ code for ROS interfaces[0m
[2.468s] [35m[1mScanning dependencies of target pkg00_base_interfaces__rosidl_generator_c[0m
[2.529s] [  2%] [32mBuilding C object CMakeFiles/pkg00_base_interfaces__rosidl_generator_c.dir/rosidl_generator_c/pkg00_base_interfaces/msg/detail/bms_info__functions.c.o[0m
[2.561s] [  3%] [32mBuilding C object CMakeFiles/pkg00_base_interfaces__rosidl_generator_c.dir/rosidl_generator_c/pkg00_base_interfaces/msg/detail/charger_info__functions.c.o[0m
[2.595s] [  3%] [32mBuilding C object CMakeFiles/pkg00_base_interfaces__rosidl_generator_c.dir/rosidl_generator_c/pkg00_base_interfaces/msg/detail/color_info__functions.c.o[0m
[2.619s] [  4%] [32mBuilding C object CMakeFiles/pkg00_base_interfaces__rosidl_generator_c.dir/rosidl_generator_c/pkg00_base_interfaces/msg/detail/core_info__functions.c.o[0m
[2.671s] [  5%] [32mBuilding C object CMakeFiles/pkg00_base_interfaces__rosidl_generator_c.dir/rosidl_generator_c/pkg00_base_interfaces/msg/detail/hall_info__functions.c.o[0m
[2.684s] [  6%] [32mBuilding C object CMakeFiles/pkg00_base_interfaces__rosidl_generator_c.dir/rosidl_generator_c/pkg00_base_interfaces/msg/detail/lift_info__functions.c.o[0m
[2.751s] [  7%] [32mBuilding C object CMakeFiles/pkg00_base_interfaces__rosidl_generator_c.dir/rosidl_generator_c/pkg00_base_interfaces/msg/detail/location__functions.c.o[0m
[2.773s] [  8%] [32mBuilding C object CMakeFiles/pkg00_base_interfaces__rosidl_generator_c.dir/rosidl_generator_c/pkg00_base_interfaces/msg/detail/motor_cmd__functions.c.o[0m
[2.773s] [  9%] [32mBuilding C object CMakeFiles/pkg00_base_interfaces__rosidl_generator_c.dir/rosidl_generator_c/pkg00_base_interfaces/msg/detail/motor_status__functions.c.o[0m
[2.874s] [ 10%] [32mBuilding C object CMakeFiles/pkg00_base_interfaces__rosidl_generator_c.dir/rosidl_generator_c/pkg00_base_interfaces/msg/detail/seek_ret__functions.c.o[0m
[2.877s] [ 11%] [32mBuilding C object CMakeFiles/pkg00_base_interfaces__rosidl_generator_c.dir/rosidl_generator_c/pkg00_base_interfaces/msg/detail/system_status__functions.c.o[0m
[2.889s] [ 11%] [32mBuilding C object CMakeFiles/pkg00_base_interfaces__rosidl_generator_c.dir/rosidl_generator_c/pkg00_base_interfaces/msg/detail/obs_laser__functions.c.o[0m
[2.991s] [ 11%] Built target pkg00_base_interfaces__cpp
[2.993s] [ 12%] [32m[1mLinking C shared library libpkg00_base_interfaces__rosidl_generator_c.so[0m
[3.011s] [ 12%] [34m[1mGenerating C++ type support for eProsima Fast-RTPS[0m
[3.011s] [ 13%] [34m[1mGenerating C++ type support dispatch for ROS interfaces[0m
[3.026s] [ 14%] [34m[1mGenerating C++ introspection for ROS interfaces[0m
[3.104s] [ 14%] Built target pkg00_base_interfaces__rosidl_generator_c
[3.124s] [ 15%] [34m[1mGenerating C introspection for ROS interfaces[0m
[4.089s] [35m[1mScanning dependencies of target pkg00_base_interfaces__rosidl_typesupport_cpp[0m
[4.127s] [ 16%] [32mBuilding CXX object CMakeFiles/pkg00_base_interfaces__rosidl_typesupport_cpp.dir/rosidl_typesupport_cpp/pkg00_base_interfaces/msg/bms_info__type_support.cpp.o[0m
[4.284s] [35m[1mScanning dependencies of target pkg00_base_interfaces__rosidl_typesupport_introspection_cpp[0m
[4.339s] [ 16%] [32mBuilding CXX object CMakeFiles/pkg00_base_interfaces__rosidl_typesupport_introspection_cpp.dir/rosidl_typesupport_introspection_cpp/pkg00_base_interfaces/msg/detail/bms_info__type_support.cpp.o[0m
[4.607s] [ 17%] [32mBuilding CXX object CMakeFiles/pkg00_base_interfaces__rosidl_typesupport_cpp.dir/rosidl_typesupport_cpp/pkg00_base_interfaces/msg/charger_info__type_support.cpp.o[0m
[4.613s] [35m[1mScanning dependencies of target pkg00_base_interfaces__rosidl_typesupport_fastrtps_cpp[0m
[4.655s] [35m[1mScanning dependencies of target pkg00_base_interfaces__rosidl_typesupport_introspection_c[0m
[4.709s] [ 18%] [32mBuilding CXX object CMakeFiles/pkg00_base_interfaces__rosidl_typesupport_fastrtps_cpp.dir/rosidl_typesupport_fastrtps_cpp/pkg00_base_interfaces/msg/detail/dds_fastrtps/bms_info__type_support.cpp.o[0m
[4.721s] [ 19%] [32mBuilding C object CMakeFiles/pkg00_base_interfaces__rosidl_typesupport_introspection_c.dir/rosidl_typesupport_introspection_c/pkg00_base_interfaces/msg/detail/bms_info__type_support.c.o[0m
[4.796s] [ 20%] [32mBuilding CXX object CMakeFiles/pkg00_base_interfaces__rosidl_typesupport_introspection_cpp.dir/rosidl_typesupport_introspection_cpp/pkg00_base_interfaces/msg/detail/charger_info__type_support.cpp.o[0m
[4.847s] [ 21%] [32mBuilding C object CMakeFiles/pkg00_base_interfaces__rosidl_typesupport_introspection_c.dir/rosidl_typesupport_introspection_c/pkg00_base_interfaces/msg/detail/charger_info__type_support.c.o[0m
[5.000s] [ 22%] [32mBuilding C object CMakeFiles/pkg00_base_interfaces__rosidl_typesupport_introspection_c.dir/rosidl_typesupport_introspection_c/pkg00_base_interfaces/msg/detail/color_info__type_support.c.o[0m
[5.090s] [ 23%] [32mBuilding CXX object CMakeFiles/pkg00_base_interfaces__rosidl_typesupport_cpp.dir/rosidl_typesupport_cpp/pkg00_base_interfaces/msg/color_info__type_support.cpp.o[0m
[5.132s] [ 23%] [32mBuilding C object CMakeFiles/pkg00_base_interfaces__rosidl_typesupport_introspection_c.dir/rosidl_typesupport_introspection_c/pkg00_base_interfaces/msg/detail/core_info__type_support.c.o[0m
[5.207s] [ 24%] [32mBuilding C object CMakeFiles/pkg00_base_interfaces__rosidl_typesupport_introspection_c.dir/rosidl_typesupport_introspection_c/pkg00_base_interfaces/msg/detail/hall_info__type_support.c.o[0m
[5.275s] [ 25%] [32mBuilding CXX object CMakeFiles/pkg00_base_interfaces__rosidl_typesupport_introspection_cpp.dir/rosidl_typesupport_introspection_cpp/pkg00_base_interfaces/msg/detail/color_info__type_support.cpp.o[0m
[5.315s] [ 26%] [32mBuilding C object CMakeFiles/pkg00_base_interfaces__rosidl_typesupport_introspection_c.dir/rosidl_typesupport_introspection_c/pkg00_base_interfaces/msg/detail/lift_info__type_support.c.o[0m
[5.419s] [ 27%] [32mBuilding C object CMakeFiles/pkg00_base_interfaces__rosidl_typesupport_introspection_c.dir/rosidl_typesupport_introspection_c/pkg00_base_interfaces/msg/detail/location__type_support.c.o[0m
[5.524s] [ 28%] [32mBuilding C object CMakeFiles/pkg00_base_interfaces__rosidl_typesupport_introspection_c.dir/rosidl_typesupport_introspection_c/pkg00_base_interfaces/msg/detail/motor_cmd__type_support.c.o[0m
[5.620s] [ 29%] [32mBuilding CXX object CMakeFiles/pkg00_base_interfaces__rosidl_typesupport_cpp.dir/rosidl_typesupport_cpp/pkg00_base_interfaces/msg/core_info__type_support.cpp.o[0m
[5.663s] [ 30%] [32mBuilding C object CMakeFiles/pkg00_base_interfaces__rosidl_typesupport_introspection_c.dir/rosidl_typesupport_introspection_c/pkg00_base_interfaces/msg/detail/motor_status__type_support.c.o[0m
[5.697s] [ 31%] [32mBuilding CXX object CMakeFiles/pkg00_base_interfaces__rosidl_typesupport_fastrtps_cpp.dir/rosidl_typesupport_fastrtps_cpp/pkg00_base_interfaces/msg/detail/dds_fastrtps/charger_info__type_support.cpp.o[0m
[5.735s] [ 32%] [32mBuilding C object CMakeFiles/pkg00_base_interfaces__rosidl_typesupport_introspection_c.dir/rosidl_typesupport_introspection_c/pkg00_base_interfaces/msg/detail/obs_laser__type_support.c.o[0m
[5.834s] [ 32%] [32mBuilding C object CMakeFiles/pkg00_base_interfaces__rosidl_typesupport_introspection_c.dir/rosidl_typesupport_introspection_c/pkg00_base_interfaces/msg/detail/seek_ret__type_support.c.o[0m
[5.910s] [ 33%] [32mBuilding CXX object CMakeFiles/pkg00_base_interfaces__rosidl_typesupport_introspection_cpp.dir/rosidl_typesupport_introspection_cpp/pkg00_base_interfaces/msg/detail/core_info__type_support.cpp.o[0m
[5.946s] [ 34%] [32mBuilding C object CMakeFiles/pkg00_base_interfaces__rosidl_typesupport_introspection_c.dir/rosidl_typesupport_introspection_c/pkg00_base_interfaces/msg/detail/system_status__type_support.c.o[0m
[6.043s] [ 35%] [32m[1mLinking C shared library libpkg00_base_interfaces__rosidl_typesupport_introspection_c.so[0m
[6.128s] [ 35%] [32mBuilding CXX object CMakeFiles/pkg00_base_interfaces__rosidl_typesupport_cpp.dir/rosidl_typesupport_cpp/pkg00_base_interfaces/msg/hall_info__type_support.cpp.o[0m
[6.187s] [ 35%] Built target pkg00_base_interfaces__rosidl_typesupport_introspection_c
[6.221s] [ 36%] [34m[1mGenerating C type support dispatch for ROS interfaces[0m
[6.532s] [ 37%] [32mBuilding CXX object CMakeFiles/pkg00_base_interfaces__rosidl_typesupport_introspection_cpp.dir/rosidl_typesupport_introspection_cpp/pkg00_base_interfaces/msg/detail/hall_info__type_support.cpp.o[0m
[6.635s] [ 38%] [32mBuilding CXX object CMakeFiles/pkg00_base_interfaces__rosidl_typesupport_fastrtps_cpp.dir/rosidl_typesupport_fastrtps_cpp/pkg00_base_interfaces/msg/detail/dds_fastrtps/color_info__type_support.cpp.o[0m
[6.708s] [ 39%] [32mBuilding CXX object CMakeFiles/pkg00_base_interfaces__rosidl_typesupport_cpp.dir/rosidl_typesupport_cpp/pkg00_base_interfaces/msg/lift_info__type_support.cpp.o[0m
[7.253s] [ 40%] [32mBuilding CXX object CMakeFiles/pkg00_base_interfaces__rosidl_typesupport_introspection_cpp.dir/rosidl_typesupport_introspection_cpp/pkg00_base_interfaces/msg/detail/lift_info__type_support.cpp.o[0m
[7.267s] [35m[1mScanning dependencies of target pkg00_base_interfaces__rosidl_typesupport_c[0m
[7.302s] [ 41%] [32mBuilding CXX object CMakeFiles/pkg00_base_interfaces__rosidl_typesupport_fastrtps_cpp.dir/rosidl_typesupport_fastrtps_cpp/pkg00_base_interfaces/msg/detail/dds_fastrtps/core_info__type_support.cpp.o[0m
[7.319s] [ 42%] [32mBuilding CXX object CMakeFiles/pkg00_base_interfaces__rosidl_typesupport_cpp.dir/rosidl_typesupport_cpp/pkg00_base_interfaces/msg/location__type_support.cpp.o[0m
[7.330s] [ 43%] [32mBuilding CXX object CMakeFiles/pkg00_base_interfaces__rosidl_typesupport_c.dir/rosidl_typesupport_c/pkg00_base_interfaces/msg/bms_info__type_support.cpp.o[0m
[7.434s] [ 43%] [32mBuilding CXX object CMakeFiles/pkg00_base_interfaces__rosidl_typesupport_c.dir/rosidl_typesupport_c/pkg00_base_interfaces/msg/charger_info__type_support.cpp.o[0m
[7.552s] [ 44%] [32mBuilding CXX object CMakeFiles/pkg00_base_interfaces__rosidl_typesupport_c.dir/rosidl_typesupport_c/pkg00_base_interfaces/msg/color_info__type_support.cpp.o[0m
[7.627s] [ 45%] [32mBuilding CXX object CMakeFiles/pkg00_base_interfaces__rosidl_typesupport_c.dir/rosidl_typesupport_c/pkg00_base_interfaces/msg/core_info__type_support.cpp.o[0m
[7.723s] [ 46%] [32mBuilding CXX object CMakeFiles/pkg00_base_interfaces__rosidl_typesupport_c.dir/rosidl_typesupport_c/pkg00_base_interfaces/msg/hall_info__type_support.cpp.o[0m
[7.818s] [ 46%] [32mBuilding CXX object CMakeFiles/pkg00_base_interfaces__rosidl_typesupport_introspection_cpp.dir/rosidl_typesupport_introspection_cpp/pkg00_base_interfaces/msg/detail/location__type_support.cpp.o[0m
[7.823s] [ 47%] [32mBuilding CXX object CMakeFiles/pkg00_base_interfaces__rosidl_typesupport_c.dir/rosidl_typesupport_c/pkg00_base_interfaces/msg/lift_info__type_support.cpp.o[0m
[7.924s] [ 48%] [32mBuilding CXX object CMakeFiles/pkg00_base_interfaces__rosidl_typesupport_c.dir/rosidl_typesupport_c/pkg00_base_interfaces/msg/location__type_support.cpp.o[0m
[7.956s] [ 49%] [32mBuilding CXX object CMakeFiles/pkg00_base_interfaces__rosidl_typesupport_cpp.dir/rosidl_typesupport_cpp/pkg00_base_interfaces/msg/motor_cmd__type_support.cpp.o[0m
[8.031s] [ 49%] [32mBuilding CXX object CMakeFiles/pkg00_base_interfaces__rosidl_typesupport_c.dir/rosidl_typesupport_c/pkg00_base_interfaces/msg/motor_cmd__type_support.cpp.o[0m
[8.074s] [ 50%] [32mBuilding CXX object CMakeFiles/pkg00_base_interfaces__rosidl_typesupport_fastrtps_cpp.dir/rosidl_typesupport_fastrtps_cpp/pkg00_base_interfaces/msg/detail/dds_fastrtps/hall_info__type_support.cpp.o[0m
[8.128s] [ 51%] [32mBuilding CXX object CMakeFiles/pkg00_base_interfaces__rosidl_typesupport_c.dir/rosidl_typesupport_c/pkg00_base_interfaces/msg/motor_status__type_support.cpp.o[0m
[8.279s] [ 52%] [32mBuilding CXX object CMakeFiles/pkg00_base_interfaces__rosidl_typesupport_c.dir/rosidl_typesupport_c/pkg00_base_interfaces/msg/obs_laser__type_support.cpp.o[0m
[8.323s] [ 53%] [32mBuilding CXX object CMakeFiles/pkg00_base_interfaces__rosidl_typesupport_introspection_cpp.dir/rosidl_typesupport_introspection_cpp/pkg00_base_interfaces/msg/detail/motor_cmd__type_support.cpp.o[0m
[8.377s] [ 54%] [32mBuilding CXX object CMakeFiles/pkg00_base_interfaces__rosidl_typesupport_c.dir/rosidl_typesupport_c/pkg00_base_interfaces/msg/seek_ret__type_support.cpp.o[0m
[8.437s] [ 55%] [32mBuilding CXX object CMakeFiles/pkg00_base_interfaces__rosidl_typesupport_cpp.dir/rosidl_typesupport_cpp/pkg00_base_interfaces/msg/motor_status__type_support.cpp.o[0m
[8.509s] [ 56%] [32mBuilding CXX object CMakeFiles/pkg00_base_interfaces__rosidl_typesupport_c.dir/rosidl_typesupport_c/pkg00_base_interfaces/msg/system_status__type_support.cpp.o[0m
[8.639s] [ 57%] [32m[1mLinking CXX shared library libpkg00_base_interfaces__rosidl_typesupport_c.so[0m
[8.737s] [ 58%] [32mBuilding CXX object CMakeFiles/pkg00_base_interfaces__rosidl_typesupport_introspection_cpp.dir/rosidl_typesupport_introspection_cpp/pkg00_base_interfaces/msg/detail/motor_status__type_support.cpp.o[0m
[8.766s] [ 58%] Built target pkg00_base_interfaces__rosidl_typesupport_c
[8.781s] [ 59%] [32mBuilding CXX object CMakeFiles/pkg00_base_interfaces__rosidl_typesupport_introspection_cpp.dir/rosidl_typesupport_introspection_cpp/pkg00_base_interfaces/msg/detail/obs_laser__type_support.cpp.o[0m
[8.842s] [ 59%] [32mBuilding CXX object CMakeFiles/pkg00_base_interfaces__rosidl_typesupport_fastrtps_cpp.dir/rosidl_typesupport_fastrtps_cpp/pkg00_base_interfaces/msg/detail/dds_fastrtps/lift_info__type_support.cpp.o[0m
[8.909s] [ 60%] [32mBuilding CXX object CMakeFiles/pkg00_base_interfaces__rosidl_typesupport_cpp.dir/rosidl_typesupport_cpp/pkg00_base_interfaces/msg/obs_laser__type_support.cpp.o[0m
[9.266s] [ 61%] [32mBuilding CXX object CMakeFiles/pkg00_base_interfaces__rosidl_typesupport_introspection_cpp.dir/rosidl_typesupport_introspection_cpp/pkg00_base_interfaces/msg/detail/seek_ret__type_support.cpp.o[0m
[9.317s] [ 62%] [32mBuilding CXX object CMakeFiles/pkg00_base_interfaces__rosidl_typesupport_introspection_cpp.dir/rosidl_typesupport_introspection_cpp/pkg00_base_interfaces/msg/detail/system_status__type_support.cpp.o[0m
[9.540s] [ 62%] [32mBuilding CXX object CMakeFiles/pkg00_base_interfaces__rosidl_typesupport_cpp.dir/rosidl_typesupport_cpp/pkg00_base_interfaces/msg/seek_ret__type_support.cpp.o[0m
[9.540s] [ 63%] [32mBuilding CXX object CMakeFiles/pkg00_base_interfaces__rosidl_typesupport_fastrtps_cpp.dir/rosidl_typesupport_fastrtps_cpp/pkg00_base_interfaces/msg/detail/dds_fastrtps/location__type_support.cpp.o[0m
[9.669s] [ 64%] [32mBuilding CXX object CMakeFiles/pkg00_base_interfaces__rosidl_typesupport_fastrtps_cpp.dir/rosidl_typesupport_fastrtps_cpp/pkg00_base_interfaces/msg/detail/dds_fastrtps/motor_cmd__type_support.cpp.o[0m
[9.806s] [ 65%] [32m[1mLinking CXX shared library libpkg00_base_interfaces__rosidl_typesupport_introspection_cpp.so[0m
[9.934s] [ 65%] Built target pkg00_base_interfaces__rosidl_typesupport_introspection_cpp
[9.945s] [ 66%] [32mBuilding CXX object CMakeFiles/pkg00_base_interfaces__rosidl_typesupport_cpp.dir/rosidl_typesupport_cpp/pkg00_base_interfaces/msg/system_status__type_support.cpp.o[0m
[10.012s] [ 67%] [32mBuilding CXX object CMakeFiles/pkg00_base_interfaces__rosidl_typesupport_fastrtps_cpp.dir/rosidl_typesupport_fastrtps_cpp/pkg00_base_interfaces/msg/detail/dds_fastrtps/motor_status__type_support.cpp.o[0m
[10.272s] [ 68%] [32mBuilding CXX object CMakeFiles/pkg00_base_interfaces__rosidl_typesupport_fastrtps_cpp.dir/rosidl_typesupport_fastrtps_cpp/pkg00_base_interfaces/msg/detail/dds_fastrtps/obs_laser__type_support.cpp.o[0m
[10.296s] [ 69%] [32mBuilding CXX object CMakeFiles/pkg00_base_interfaces__rosidl_typesupport_fastrtps_cpp.dir/rosidl_typesupport_fastrtps_cpp/pkg00_base_interfaces/msg/detail/dds_fastrtps/seek_ret__type_support.cpp.o[0m
[10.409s] [ 70%] [32m[1mLinking CXX shared library libpkg00_base_interfaces__rosidl_typesupport_cpp.so[0m
[10.594s] [ 70%] Built target pkg00_base_interfaces__rosidl_typesupport_cpp
[10.654s] [ 70%] [32mBuilding CXX object CMakeFiles/pkg00_base_interfaces__rosidl_typesupport_fastrtps_cpp.dir/rosidl_typesupport_fastrtps_cpp/pkg00_base_interfaces/msg/detail/dds_fastrtps/system_status__type_support.cpp.o[0m
[11.211s] [ 71%] [32m[1mLinking CXX shared library libpkg00_base_interfaces__rosidl_typesupport_fastrtps_cpp.so[0m
[11.346s] [ 71%] Built target pkg00_base_interfaces__rosidl_typesupport_fastrtps_cpp
[11.366s] [ 72%] [34m[1mGenerating C type support for eProsima Fast-RTPS[0m
[12.164s] [35m[1mScanning dependencies of target pkg00_base_interfaces__rosidl_typesupport_fastrtps_c[0m
[12.223s] [ 73%] [32mBuilding CXX object CMakeFiles/pkg00_base_interfaces__rosidl_typesupport_fastrtps_c.dir/rosidl_typesupport_fastrtps_c/pkg00_base_interfaces/msg/detail/bms_info__type_support_c.cpp.o[0m
[12.223s] [ 74%] [32mBuilding CXX object CMakeFiles/pkg00_base_interfaces__rosidl_typesupport_fastrtps_c.dir/rosidl_typesupport_fastrtps_c/pkg00_base_interfaces/msg/detail/charger_info__type_support_c.cpp.o[0m
[12.225s] [ 74%] [32mBuilding CXX object CMakeFiles/pkg00_base_interfaces__rosidl_typesupport_fastrtps_c.dir/rosidl_typesupport_fastrtps_c/pkg00_base_interfaces/msg/detail/color_info__type_support_c.cpp.o[0m
[12.236s] [ 75%] [32mBuilding CXX object CMakeFiles/pkg00_base_interfaces__rosidl_typesupport_fastrtps_c.dir/rosidl_typesupport_fastrtps_c/pkg00_base_interfaces/msg/detail/core_info__type_support_c.cpp.o[0m
[12.733s] [ 76%] [32mBuilding CXX object CMakeFiles/pkg00_base_interfaces__rosidl_typesupport_fastrtps_c.dir/rosidl_typesupport_fastrtps_c/pkg00_base_interfaces/msg/detail/hall_info__type_support_c.cpp.o[0m
[12.744s] [ 77%] [32mBuilding CXX object CMakeFiles/pkg00_base_interfaces__rosidl_typesupport_fastrtps_c.dir/rosidl_typesupport_fastrtps_c/pkg00_base_interfaces/msg/detail/lift_info__type_support_c.cpp.o[0m
[12.773s] [ 78%] [32mBuilding CXX object CMakeFiles/pkg00_base_interfaces__rosidl_typesupport_fastrtps_c.dir/rosidl_typesupport_fastrtps_c/pkg00_base_interfaces/msg/detail/location__type_support_c.cpp.o[0m
[12.791s] [ 79%] [32mBuilding CXX object CMakeFiles/pkg00_base_interfaces__rosidl_typesupport_fastrtps_c.dir/rosidl_typesupport_fastrtps_c/pkg00_base_interfaces/msg/detail/motor_cmd__type_support_c.cpp.o[0m
[13.246s] [ 79%] [32mBuilding CXX object CMakeFiles/pkg00_base_interfaces__rosidl_typesupport_fastrtps_c.dir/rosidl_typesupport_fastrtps_c/pkg00_base_interfaces/msg/detail/motor_status__type_support_c.cpp.o[0m
[13.320s] [ 80%] [32mBuilding CXX object CMakeFiles/pkg00_base_interfaces__rosidl_typesupport_fastrtps_c.dir/rosidl_typesupport_fastrtps_c/pkg00_base_interfaces/msg/detail/obs_laser__type_support_c.cpp.o[0m
[13.575s] [ 81%] [32mBuilding CXX object CMakeFiles/pkg00_base_interfaces__rosidl_typesupport_fastrtps_c.dir/rosidl_typesupport_fastrtps_c/pkg00_base_interfaces/msg/detail/system_status__type_support_c.cpp.o[0m
[13.594s] [ 82%] [32mBuilding CXX object CMakeFiles/pkg00_base_interfaces__rosidl_typesupport_fastrtps_c.dir/rosidl_typesupport_fastrtps_c/pkg00_base_interfaces/msg/detail/seek_ret__type_support_c.cpp.o[0m
[14.091s] [ 83%] [32m[1mLinking CXX shared library libpkg00_base_interfaces__rosidl_typesupport_fastrtps_c.so[0m
[14.219s] [ 83%] Built target pkg00_base_interfaces__rosidl_typesupport_fastrtps_c
[14.234s] [35m[1mScanning dependencies of target pkg00_base_interfaces[0m
[14.252s] [ 83%] Built target pkg00_base_interfaces
[14.267s] [35m[1mScanning dependencies of target pkg00_base_interfaces__py[0m
[14.286s] [ 84%] [34m[1mGenerating Python code for ROS interfaces[0m
[16.114s] [ 84%] Built target pkg00_base_interfaces__py
[16.142s] [35m[1mScanning dependencies of target pkg00_base_interfaces__python[0m
[16.246s] [ 85%] [32mBuilding C object CMakeFiles/pkg00_base_interfaces__python.dir/rosidl_generator_py/pkg00_base_interfaces/msg/_color_info_s.c.o[0m
[16.247s] [ 86%] [32mBuilding C object CMakeFiles/pkg00_base_interfaces__python.dir/rosidl_generator_py/pkg00_base_interfaces/msg/_bms_info_s.c.o[0m
[16.253s] [ 88%] [32mBuilding C object CMakeFiles/pkg00_base_interfaces__python.dir/rosidl_generator_py/pkg00_base_interfaces/msg/_core_info_s.c.o[0m
[16.259s] [ 87%] [32mBuilding C object CMakeFiles/pkg00_base_interfaces__python.dir/rosidl_generator_py/pkg00_base_interfaces/msg/_charger_info_s.c.o[0m
[16.435s] [ 88%] [32mBuilding C object CMakeFiles/pkg00_base_interfaces__python.dir/rosidl_generator_py/pkg00_base_interfaces/msg/_hall_info_s.c.o[0m
[16.503s] [ 89%] [32mBuilding C object CMakeFiles/pkg00_base_interfaces__python.dir/rosidl_generator_py/pkg00_base_interfaces/msg/_lift_info_s.c.o[0m
[16.508s] [ 90%] [32mBuilding C object CMakeFiles/pkg00_base_interfaces__python.dir/rosidl_generator_py/pkg00_base_interfaces/msg/_location_s.c.o[0m
[16.565s] [ 91%] [32mBuilding C object CMakeFiles/pkg00_base_interfaces__python.dir/rosidl_generator_py/pkg00_base_interfaces/msg/_motor_cmd_s.c.o[0m
[16.624s] [ 92%] [32mBuilding C object CMakeFiles/pkg00_base_interfaces__python.dir/rosidl_generator_py/pkg00_base_interfaces/msg/_motor_status_s.c.o[0m
[16.697s] [ 93%] [32mBuilding C object CMakeFiles/pkg00_base_interfaces__python.dir/rosidl_generator_py/pkg00_base_interfaces/msg/_obs_laser_s.c.o[0m
[16.712s] [ 93%] [32mBuilding C object CMakeFiles/pkg00_base_interfaces__python.dir/rosidl_generator_py/pkg00_base_interfaces/msg/_seek_ret_s.c.o[0m
[16.726s] [ 94%] [32mBuilding C object CMakeFiles/pkg00_base_interfaces__python.dir/rosidl_generator_py/pkg00_base_interfaces/msg/_system_status_s.c.o[0m
[16.892s] [ 95%] [32m[1mLinking C shared library rosidl_generator_py/pkg00_base_interfaces/libpkg00_base_interfaces__python.so[0m
[16.968s] [ 95%] Built target pkg00_base_interfaces__python
[16.990s] [35m[1mScanning dependencies of target pkg00_base_interfaces__rosidl_typesupport_fastrtps_c__pyext[0m
[17.011s] [35m[1mScanning dependencies of target pkg00_base_interfaces__rosidl_typesupport_introspection_c__pyext[0m
[17.016s] [35m[1mScanning dependencies of target pkg00_base_interfaces__rosidl_typesupport_c__pyext[0m
[17.017s] [ 96%] [32mBuilding C object CMakeFiles/pkg00_base_interfaces__rosidl_typesupport_fastrtps_c__pyext.dir/rosidl_generator_py/pkg00_base_interfaces/_pkg00_base_interfaces_s.ep.rosidl_typesupport_fastrtps_c.c.o[0m
[17.041s] [ 97%] [32mBuilding C object CMakeFiles/pkg00_base_interfaces__rosidl_typesupport_introspection_c__pyext.dir/rosidl_generator_py/pkg00_base_interfaces/_pkg00_base_interfaces_s.ep.rosidl_typesupport_introspection_c.c.o[0m
[17.052s] [ 97%] [32mBuilding C object CMakeFiles/pkg00_base_interfaces__rosidl_typesupport_c__pyext.dir/rosidl_generator_py/pkg00_base_interfaces/_pkg00_base_interfaces_s.ep.rosidl_typesupport_c.c.o[0m
[17.195s] [ 98%] [32m[1mLinking CXX shared library rosidl_generator_py/pkg00_base_interfaces/pkg00_base_interfaces_s__rosidl_typesupport_fastrtps_c.cpython-38-x86_64-linux-gnu.so[0m
[17.206s] [ 99%] [32m[1mLinking C shared library rosidl_generator_py/pkg00_base_interfaces/pkg00_base_interfaces_s__rosidl_typesupport_introspection_c.cpython-38-x86_64-linux-gnu.so[0m
[17.260s] [100%] [32m[1mLinking C shared library rosidl_generator_py/pkg00_base_interfaces/pkg00_base_interfaces_s__rosidl_typesupport_c.cpython-38-x86_64-linux-gnu.so[0m
[17.299s] [100%] Built target pkg00_base_interfaces__rosidl_typesupport_introspection_c__pyext
[17.314s] [100%] Built target pkg00_base_interfaces__rosidl_typesupport_fastrtps_c__pyext
[17.341s] [100%] Built target pkg00_base_interfaces__rosidl_typesupport_c__pyext
[17.364s] Invoked command in '/home/cjs/Health_Node/build/pkg00_base_interfaces' returned '0': CMAKE_PREFIX_PATH=/opt/ros/foxy /usr/bin/cmake --build /home/cjs/Health_Node/build/pkg00_base_interfaces -- -j4 -l4
[17.986s] Invoking command in '/home/cjs/Health_Node/build/pkg00_base_interfaces': CMAKE_PREFIX_PATH=/opt/ros/foxy /usr/bin/cmake --install /home/cjs/Health_Node/build/pkg00_base_interfaces
[18.005s] -- Install configuration: ""
[18.005s] -- Installing: /home/cjs/Health_Node/install/pkg00_base_interfaces/share/ament_index/resource_index/rosidl_interfaces/pkg00_base_interfaces
[18.005s] -- Installing: /home/cjs/Health_Node/install/pkg00_base_interfaces/include/pkg00_base_interfaces
[18.005s] -- Installing: /home/cjs/Health_Node/install/pkg00_base_interfaces/include/pkg00_base_interfaces/msg
[18.005s] -- Installing: /home/cjs/Health_Node/install/pkg00_base_interfaces/include/pkg00_base_interfaces/msg/bms_info.h
[18.007s] -- Installing: /home/cjs/Health_Node/install/pkg00_base_interfaces/include/pkg00_base_interfaces/msg/motor_cmd.h
[18.007s] -- Installing: /home/cjs/Health_Node/install/pkg00_base_interfaces/include/pkg00_base_interfaces/msg/rosidl_generator_c__visibility_control.h
[18.007s] -- Installing: /home/cjs/Health_Node/install/pkg00_base_interfaces/include/pkg00_base_interfaces/msg/detail
[18.007s] -- Installing: /home/cjs/Health_Node/install/pkg00_base_interfaces/include/pkg00_base_interfaces/msg/detail/motor_status__functions.c
[18.007s] -- Installing: /home/cjs/Health_Node/install/pkg00_base_interfaces/include/pkg00_base_interfaces/msg/detail/core_info__functions.c
[18.007s] -- Installing: /home/cjs/Health_Node/install/pkg00_base_interfaces/include/pkg00_base_interfaces/msg/detail/bms_info__type_support.h
[18.007s] -- Installing: /home/cjs/Health_Node/install/pkg00_base_interfaces/include/pkg00_base_interfaces/msg/detail/seek_ret__type_support.h
[18.007s] -- Installing: /home/cjs/Health_Node/install/pkg00_base_interfaces/include/pkg00_base_interfaces/msg/detail/color_info__functions.c
[18.007s] -- Installing: /home/cjs/Health_Node/install/pkg00_base_interfaces/include/pkg00_base_interfaces/msg/detail/obs_laser__type_support.h
[18.007s] -- Installing: /home/cjs/Health_Node/install/pkg00_base_interfaces/include/pkg00_base_interfaces/msg/detail/motor_status__struct.h
[18.007s] -- Installing: /home/cjs/Health_Node/install/pkg00_base_interfaces/include/pkg00_base_interfaces/msg/detail/motor_cmd__functions.c
[18.007s] -- Installing: /home/cjs/Health_Node/install/pkg00_base_interfaces/include/pkg00_base_interfaces/msg/detail/motor_status__type_support.h
[18.007s] -- Installing: /home/cjs/Health_Node/install/pkg00_base_interfaces/include/pkg00_base_interfaces/msg/detail/core_info__struct.h
[18.008s] -- Installing: /home/cjs/Health_Node/install/pkg00_base_interfaces/include/pkg00_base_interfaces/msg/detail/charger_info__functions.h
[18.008s] -- Installing: /home/cjs/Health_Node/install/pkg00_base_interfaces/include/pkg00_base_interfaces/msg/detail/core_info__type_support.h
[18.008s] -- Installing: /home/cjs/Health_Node/install/pkg00_base_interfaces/include/pkg00_base_interfaces/msg/detail/lift_info__functions.c
[18.008s] -- Installing: /home/cjs/Health_Node/install/pkg00_base_interfaces/include/pkg00_base_interfaces/msg/detail/motor_status__functions.h
[18.008s] -- Installing: /home/cjs/Health_Node/install/pkg00_base_interfaces/include/pkg00_base_interfaces/msg/detail/lift_info__functions.h
[18.011s] -- Installing: /home/cjs/Health_Node/install/pkg00_base_interfaces/include/pkg00_base_interfaces/msg/detail/motor_cmd__functions.h
[18.011s] -- Installing: /home/cjs/Health_Node/install/pkg00_base_interfaces/include/pkg00_base_interfaces/msg/detail/hall_info__functions.h
[18.011s] -- Installing: /home/cjs/Health_Node/install/pkg00_base_interfaces/include/pkg00_base_interfaces/msg/detail/color_info__functions.h
[18.011s] -- Installing: /home/cjs/Health_Node/install/pkg00_base_interfaces/include/pkg00_base_interfaces/msg/detail/bms_info__functions.h
[18.011s] -- Installing: /home/cjs/Health_Node/install/pkg00_base_interfaces/include/pkg00_base_interfaces/msg/detail/system_status__functions.h
[18.011s] -- Installing: /home/cjs/Health_Node/install/pkg00_base_interfaces/include/pkg00_base_interfaces/msg/detail/location__functions.c
[18.012s] -- Installing: /home/cjs/Health_Node/install/pkg00_base_interfaces/include/pkg00_base_interfaces/msg/detail/lift_info__struct.h
[18.012s] -- Installing: /home/cjs/Health_Node/install/pkg00_base_interfaces/include/pkg00_base_interfaces/msg/detail/motor_cmd__struct.h
[18.012s] -- Installing: /home/cjs/Health_Node/install/pkg00_base_interfaces/include/pkg00_base_interfaces/msg/detail/system_status__functions.c
[18.012s] -- Installing: /home/cjs/Health_Node/install/pkg00_base_interfaces/include/pkg00_base_interfaces/msg/detail/location__struct.h
[18.012s] -- Installing: /home/cjs/Health_Node/install/pkg00_base_interfaces/include/pkg00_base_interfaces/msg/detail/motor_cmd__type_support.h
[18.012s] -- Installing: /home/cjs/Health_Node/install/pkg00_base_interfaces/include/pkg00_base_interfaces/msg/detail/hall_info__functions.c
[18.012s] -- Installing: /home/cjs/Health_Node/install/pkg00_base_interfaces/include/pkg00_base_interfaces/msg/detail/core_info__functions.h
[18.012s] -- Installing: /home/cjs/Health_Node/install/pkg00_base_interfaces/include/pkg00_base_interfaces/msg/detail/seek_ret__functions.h
[18.012s] -- Installing: /home/cjs/Health_Node/install/pkg00_base_interfaces/include/pkg00_base_interfaces/msg/detail/color_info__struct.h
[18.012s] -- Installing: /home/cjs/Health_Node/install/pkg00_base_interfaces/include/pkg00_base_interfaces/msg/detail/charger_info__functions.c
[18.012s] -- Installing: /home/cjs/Health_Node/install/pkg00_base_interfaces/include/pkg00_base_interfaces/msg/detail/obs_laser__functions.h
[18.012s] -- Installing: /home/cjs/Health_Node/install/pkg00_base_interfaces/include/pkg00_base_interfaces/msg/detail/system_status__type_support.h
[18.012s] -- Installing: /home/cjs/Health_Node/install/pkg00_base_interfaces/include/pkg00_base_interfaces/msg/detail/seek_ret__functions.c
[18.012s] -- Installing: /home/cjs/Health_Node/install/pkg00_base_interfaces/include/pkg00_base_interfaces/msg/detail/hall_info__type_support.h
[18.012s] -- Installing: /home/cjs/Health_Node/install/pkg00_base_interfaces/include/pkg00_base_interfaces/msg/detail/obs_laser__struct.h
[18.012s] -- Installing: /home/cjs/Health_Node/install/pkg00_base_interfaces/include/pkg00_base_interfaces/msg/detail/lift_info__type_support.h
[18.013s] -- Installing: /home/cjs/Health_Node/install/pkg00_base_interfaces/include/pkg00_base_interfaces/msg/detail/location__type_support.h
[18.013s] -- Installing: /home/cjs/Health_Node/install/pkg00_base_interfaces/include/pkg00_base_interfaces/msg/detail/seek_ret__struct.h
[18.013s] -- Installing: /home/cjs/Health_Node/install/pkg00_base_interfaces/include/pkg00_base_interfaces/msg/detail/hall_info__struct.h
[18.013s] -- Installing: /home/cjs/Health_Node/install/pkg00_base_interfaces/include/pkg00_base_interfaces/msg/detail/bms_info__struct.h
[18.013s] -- Installing: /home/cjs/Health_Node/install/pkg00_base_interfaces/include/pkg00_base_interfaces/msg/detail/charger_info__struct.h
[18.013s] -- Installing: /home/cjs/Health_Node/install/pkg00_base_interfaces/include/pkg00_base_interfaces/msg/detail/charger_info__type_support.h
[18.013s] -- Installing: /home/cjs/Health_Node/install/pkg00_base_interfaces/include/pkg00_base_interfaces/msg/detail/bms_info__functions.c
[18.013s] -- Installing: /home/cjs/Health_Node/install/pkg00_base_interfaces/include/pkg00_base_interfaces/msg/detail/location__functions.h
[18.015s] -- Installing: /home/cjs/Health_Node/install/pkg00_base_interfaces/include/pkg00_base_interfaces/msg/detail/system_status__struct.h
[18.015s] -- Installing: /home/cjs/Health_Node/install/pkg00_base_interfaces/include/pkg00_base_interfaces/msg/detail/obs_laser__functions.c
[18.015s] -- Installing: /home/cjs/Health_Node/install/pkg00_base_interfaces/include/pkg00_base_interfaces/msg/detail/color_info__type_support.h
[18.015s] -- Installing: /home/cjs/Health_Node/install/pkg00_base_interfaces/include/pkg00_base_interfaces/msg/motor_status.h
[18.015s] -- Installing: /home/cjs/Health_Node/install/pkg00_base_interfaces/include/pkg00_base_interfaces/msg/location.h
[18.015s] -- Installing: /home/cjs/Health_Node/install/pkg00_base_interfaces/include/pkg00_base_interfaces/msg/charger_info.h
[18.016s] -- Installing: /home/cjs/Health_Node/install/pkg00_base_interfaces/include/pkg00_base_interfaces/msg/core_info.h
[18.016s] -- Installing: /home/cjs/Health_Node/install/pkg00_base_interfaces/include/pkg00_base_interfaces/msg/lift_info.h
[18.016s] -- Installing: /home/cjs/Health_Node/install/pkg00_base_interfaces/include/pkg00_base_interfaces/msg/color_info.h
[18.016s] -- Installing: /home/cjs/Health_Node/install/pkg00_base_interfaces/include/pkg00_base_interfaces/msg/obs_laser.h
[18.016s] -- Installing: /home/cjs/Health_Node/install/pkg00_base_interfaces/include/pkg00_base_interfaces/msg/hall_info.h
[18.016s] -- Installing: /home/cjs/Health_Node/install/pkg00_base_interfaces/include/pkg00_base_interfaces/msg/system_status.h
[18.016s] -- Installing: /home/cjs/Health_Node/install/pkg00_base_interfaces/include/pkg00_base_interfaces/msg/seek_ret.h
[18.016s] -- Installing: /home/cjs/Health_Node/install/pkg00_base_interfaces/share/pkg00_base_interfaces/environment/library_path.sh
[18.016s] -- Installing: /home/cjs/Health_Node/install/pkg00_base_interfaces/share/pkg00_base_interfaces/environment/library_path.dsv
[18.016s] -- Installing: /home/cjs/Health_Node/install/pkg00_base_interfaces/lib/libpkg00_base_interfaces__rosidl_generator_c.so
[18.016s] -- Set runtime path of "/home/cjs/Health_Node/install/pkg00_base_interfaces/lib/libpkg00_base_interfaces__rosidl_generator_c.so" to ""
[18.016s] -- Up-to-date: /home/cjs/Health_Node/install/pkg00_base_interfaces/include/pkg00_base_interfaces
[18.016s] -- Up-to-date: /home/cjs/Health_Node/install/pkg00_base_interfaces/include/pkg00_base_interfaces/msg
[18.016s] -- Up-to-date: /home/cjs/Health_Node/install/pkg00_base_interfaces/include/pkg00_base_interfaces/msg/detail
[18.016s] -- Installing: /home/cjs/Health_Node/install/pkg00_base_interfaces/include/pkg00_base_interfaces/msg/detail/hall_info__rosidl_typesupport_fastrtps_c.h
[18.016s] -- Installing: /home/cjs/Health_Node/install/pkg00_base_interfaces/include/pkg00_base_interfaces/msg/detail/lift_info__rosidl_typesupport_fastrtps_c.h
[18.017s] -- Installing: /home/cjs/Health_Node/install/pkg00_base_interfaces/include/pkg00_base_interfaces/msg/detail/location__rosidl_typesupport_fastrtps_c.h
[18.017s] -- Installing: /home/cjs/Health_Node/install/pkg00_base_interfaces/include/pkg00_base_interfaces/msg/detail/bms_info__rosidl_typesupport_fastrtps_c.h
[18.021s] -- Installing: /home/cjs/Health_Node/install/pkg00_base_interfaces/include/pkg00_base_interfaces/msg/detail/color_info__rosidl_typesupport_fastrtps_c.h
[18.022s] -- Installing: /home/cjs/Health_Node/install/pkg00_base_interfaces/include/pkg00_base_interfaces/msg/detail/core_info__rosidl_typesupport_fastrtps_c.h
[18.022s] -- Installing: /home/cjs/Health_Node/install/pkg00_base_interfaces/include/pkg00_base_interfaces/msg/detail/seek_ret__rosidl_typesupport_fastrtps_c.h
[18.022s] -- Installing: /home/cjs/Health_Node/install/pkg00_base_interfaces/include/pkg00_base_interfaces/msg/detail/charger_info__rosidl_typesupport_fastrtps_c.h
[18.022s] -- Installing: /home/cjs/Health_Node/install/pkg00_base_interfaces/include/pkg00_base_interfaces/msg/detail/system_status__rosidl_typesupport_fastrtps_c.h
[18.022s] -- Installing: /home/cjs/Health_Node/install/pkg00_base_interfaces/include/pkg00_base_interfaces/msg/detail/motor_cmd__rosidl_typesupport_fastrtps_c.h
[18.022s] -- Installing: /home/cjs/Health_Node/install/pkg00_base_interfaces/include/pkg00_base_interfaces/msg/detail/obs_laser__rosidl_typesupport_fastrtps_c.h
[18.022s] -- Installing: /home/cjs/Health_Node/install/pkg00_base_interfaces/include/pkg00_base_interfaces/msg/detail/motor_status__rosidl_typesupport_fastrtps_c.h
[18.022s] -- Installing: /home/cjs/Health_Node/install/pkg00_base_interfaces/include/pkg00_base_interfaces/msg/rosidl_typesupport_fastrtps_c__visibility_control.h
[18.022s] -- Installing: /home/cjs/Health_Node/install/pkg00_base_interfaces/lib/libpkg00_base_interfaces__rosidl_typesupport_fastrtps_c.so
[18.022s] -- Set runtime path of "/home/cjs/Health_Node/install/pkg00_base_interfaces/lib/libpkg00_base_interfaces__rosidl_typesupport_fastrtps_c.so" to ""
[18.022s] -- Up-to-date: /home/cjs/Health_Node/install/pkg00_base_interfaces/include/pkg00_base_interfaces
[18.022s] -- Up-to-date: /home/cjs/Health_Node/install/pkg00_base_interfaces/include/pkg00_base_interfaces/msg
[18.023s] -- Up-to-date: /home/cjs/Health_Node/install/pkg00_base_interfaces/include/pkg00_base_interfaces/msg/detail
[18.023s] -- Installing: /home/cjs/Health_Node/install/pkg00_base_interfaces/include/pkg00_base_interfaces/msg/detail/hall_info__rosidl_typesupport_fastrtps_cpp.hpp
[18.026s] -- Installing: /home/cjs/Health_Node/install/pkg00_base_interfaces/include/pkg00_base_interfaces/msg/detail/lift_info__rosidl_typesupport_fastrtps_cpp.hpp
[18.026s] -- Installing: /home/cjs/Health_Node/install/pkg00_base_interfaces/include/pkg00_base_interfaces/msg/detail/seek_ret__rosidl_typesupport_fastrtps_cpp.hpp
[18.026s] -- Installing: /home/cjs/Health_Node/install/pkg00_base_interfaces/include/pkg00_base_interfaces/msg/detail/color_info__rosidl_typesupport_fastrtps_cpp.hpp
[18.026s] -- Installing: /home/cjs/Health_Node/install/pkg00_base_interfaces/include/pkg00_base_interfaces/msg/detail/location__rosidl_typesupport_fastrtps_cpp.hpp
[18.026s] -- Installing: /home/cjs/Health_Node/install/pkg00_base_interfaces/include/pkg00_base_interfaces/msg/detail/dds_fastrtps
[18.026s] -- Installing: /home/cjs/Health_Node/install/pkg00_base_interfaces/include/pkg00_base_interfaces/msg/detail/motor_cmd__rosidl_typesupport_fastrtps_cpp.hpp
[18.026s] -- Installing: /home/cjs/Health_Node/install/pkg00_base_interfaces/include/pkg00_base_interfaces/msg/detail/core_info__rosidl_typesupport_fastrtps_cpp.hpp
[18.026s] -- Installing: /home/cjs/Health_Node/install/pkg00_base_interfaces/include/pkg00_base_interfaces/msg/detail/bms_info__rosidl_typesupport_fastrtps_cpp.hpp
[18.026s] -- Installing: /home/cjs/Health_Node/install/pkg00_base_interfaces/include/pkg00_base_interfaces/msg/detail/charger_info__rosidl_typesupport_fastrtps_cpp.hpp
[18.026s] -- Installing: /home/cjs/Health_Node/install/pkg00_base_interfaces/include/pkg00_base_interfaces/msg/detail/system_status__rosidl_typesupport_fastrtps_cpp.hpp
[18.026s] -- Installing: /home/cjs/Health_Node/install/pkg00_base_interfaces/include/pkg00_base_interfaces/msg/detail/motor_status__rosidl_typesupport_fastrtps_cpp.hpp
[18.026s] -- Installing: /home/cjs/Health_Node/install/pkg00_base_interfaces/include/pkg00_base_interfaces/msg/detail/obs_laser__rosidl_typesupport_fastrtps_cpp.hpp
[18.026s] -- Installing: /home/cjs/Health_Node/install/pkg00_base_interfaces/include/pkg00_base_interfaces/msg/rosidl_typesupport_fastrtps_cpp__visibility_control.h
[18.026s] -- Installing: /home/cjs/Health_Node/install/pkg00_base_interfaces/lib/libpkg00_base_interfaces__rosidl_typesupport_fastrtps_cpp.so
[18.026s] -- Set runtime path of "/home/cjs/Health_Node/install/pkg00_base_interfaces/lib/libpkg00_base_interfaces__rosidl_typesupport_fastrtps_cpp.so" to ""
[18.026s] -- Up-to-date: /home/cjs/Health_Node/install/pkg00_base_interfaces/include/pkg00_base_interfaces
[18.026s] -- Up-to-date: /home/cjs/Health_Node/install/pkg00_base_interfaces/include/pkg00_base_interfaces/msg
[18.027s] -- Up-to-date: /home/cjs/Health_Node/install/pkg00_base_interfaces/include/pkg00_base_interfaces/msg/detail
[18.027s] -- Installing: /home/cjs/Health_Node/install/pkg00_base_interfaces/include/pkg00_base_interfaces/msg/detail/motor_status__type_support.c
[18.028s] -- Installing: /home/cjs/Health_Node/install/pkg00_base_interfaces/include/pkg00_base_interfaces/msg/detail/core_info__rosidl_typesupport_introspection_c.h
[18.028s] -- Installing: /home/cjs/Health_Node/install/pkg00_base_interfaces/include/pkg00_base_interfaces/msg/detail/motor_status__rosidl_typesupport_introspection_c.h
[18.028s] -- Installing: /home/cjs/Health_Node/install/pkg00_base_interfaces/include/pkg00_base_interfaces/msg/detail/lift_info__type_support.c
[18.028s] -- Installing: /home/cjs/Health_Node/install/pkg00_base_interfaces/include/pkg00_base_interfaces/msg/detail/bms_info__rosidl_typesupport_introspection_c.h
[18.030s] -- Installing: /home/cjs/Health_Node/install/pkg00_base_interfaces/include/pkg00_base_interfaces/msg/detail/hall_info__rosidl_typesupport_introspection_c.h
[18.030s] -- Installing: /home/cjs/Health_Node/install/pkg00_base_interfaces/include/pkg00_base_interfaces/msg/detail/system_status__type_support.c
[18.031s] -- Installing: /home/cjs/Health_Node/install/pkg00_base_interfaces/include/pkg00_base_interfaces/msg/detail/obs_laser__rosidl_typesupport_introspection_c.h
[18.031s] -- Installing: /home/cjs/Health_Node/install/pkg00_base_interfaces/include/pkg00_base_interfaces/msg/detail/location__type_support.c
[18.031s] -- Installing: /home/cjs/Health_Node/install/pkg00_base_interfaces/include/pkg00_base_interfaces/msg/detail/charger_info__type_support.c
[18.031s] -- Installing: /home/cjs/Health_Node/install/pkg00_base_interfaces/include/pkg00_base_interfaces/msg/detail/system_status__rosidl_typesupport_introspection_c.h
[18.031s] -- Installing: /home/cjs/Health_Node/install/pkg00_base_interfaces/include/pkg00_base_interfaces/msg/detail/seek_ret__type_support.c
[18.031s] -- Installing: /home/cjs/Health_Node/install/pkg00_base_interfaces/include/pkg00_base_interfaces/msg/detail/color_info__type_support.c
[18.031s] -- Installing: /home/cjs/Health_Node/install/pkg00_base_interfaces/include/pkg00_base_interfaces/msg/detail/bms_info__type_support.c
[18.031s] -- Installing: /home/cjs/Health_Node/install/pkg00_base_interfaces/include/pkg00_base_interfaces/msg/detail/charger_info__rosidl_typesupport_introspection_c.h
[18.031s] -- Installing: /home/cjs/Health_Node/install/pkg00_base_interfaces/include/pkg00_base_interfaces/msg/detail/hall_info__type_support.c
[18.035s] -- Installing: /home/cjs/Health_Node/install/pkg00_base_interfaces/include/pkg00_base_interfaces/msg/detail/lift_info__rosidl_typesupport_introspection_c.h
[18.035s] -- Installing: /home/cjs/Health_Node/install/pkg00_base_interfaces/include/pkg00_base_interfaces/msg/detail/motor_cmd__type_support.c
[18.035s] -- Installing: /home/cjs/Health_Node/install/pkg00_base_interfaces/include/pkg00_base_interfaces/msg/detail/obs_laser__type_support.c
[18.035s] -- Installing: /home/cjs/Health_Node/install/pkg00_base_interfaces/include/pkg00_base_interfaces/msg/detail/seek_ret__rosidl_typesupport_introspection_c.h
[18.035s] -- Installing: /home/cjs/Health_Node/install/pkg00_base_interfaces/include/pkg00_base_interfaces/msg/detail/core_info__type_support.c
[18.035s] -- Installing: /home/cjs/Health_Node/install/pkg00_base_interfaces/include/pkg00_base_interfaces/msg/detail/motor_cmd__rosidl_typesupport_introspection_c.h
[18.037s] -- Installing: /home/cjs/Health_Node/install/pkg00_base_interfaces/include/pkg00_base_interfaces/msg/detail/location__rosidl_typesupport_introspection_c.h
[18.037s] -- Installing: /home/cjs/Health_Node/install/pkg00_base_interfaces/include/pkg00_base_interfaces/msg/detail/color_info__rosidl_typesupport_introspection_c.h
[18.037s] -- Installing: /home/cjs/Health_Node/install/pkg00_base_interfaces/include/pkg00_base_interfaces/msg/rosidl_typesupport_introspection_c__visibility_control.h
[18.037s] -- Installing: /home/cjs/Health_Node/install/pkg00_base_interfaces/lib/libpkg00_base_interfaces__rosidl_typesupport_introspection_c.so
[18.037s] -- Set runtime path of "/home/cjs/Health_Node/install/pkg00_base_interfaces/lib/libpkg00_base_interfaces__rosidl_typesupport_introspection_c.so" to ""
[18.037s] -- Installing: /home/cjs/Health_Node/install/pkg00_base_interfaces/lib/libpkg00_base_interfaces__rosidl_typesupport_c.so
[18.037s] -- Set runtime path of "/home/cjs/Health_Node/install/pkg00_base_interfaces/lib/libpkg00_base_interfaces__rosidl_typesupport_c.so" to ""
[18.037s] -- Up-to-date: /home/cjs/Health_Node/install/pkg00_base_interfaces/include/pkg00_base_interfaces
[18.037s] -- Up-to-date: /home/cjs/Health_Node/install/pkg00_base_interfaces/include/pkg00_base_interfaces/msg
[18.038s] -- Installing: /home/cjs/Health_Node/install/pkg00_base_interfaces/include/pkg00_base_interfaces/msg/color_info.hpp
[18.038s] -- Installing: /home/cjs/Health_Node/install/pkg00_base_interfaces/include/pkg00_base_interfaces/msg/seek_ret.hpp
[18.038s] -- Installing: /home/cjs/Health_Node/install/pkg00_base_interfaces/include/pkg00_base_interfaces/msg/motor_cmd.hpp
[18.038s] -- Up-to-date: /home/cjs/Health_Node/install/pkg00_base_interfaces/include/pkg00_base_interfaces/msg/detail
[18.038s] -- Installing: /home/cjs/Health_Node/install/pkg00_base_interfaces/include/pkg00_base_interfaces/msg/detail/obs_laser__builder.hpp
[18.038s] -- Installing: /home/cjs/Health_Node/install/pkg00_base_interfaces/include/pkg00_base_interfaces/msg/detail/charger_info__traits.hpp
[18.038s] -- Installing: /home/cjs/Health_Node/install/pkg00_base_interfaces/include/pkg00_base_interfaces/msg/detail/motor_cmd__struct.hpp
[18.038s] -- Installing: /home/cjs/Health_Node/install/pkg00_base_interfaces/include/pkg00_base_interfaces/msg/detail/core_info__struct.hpp
[18.038s] -- Installing: /home/cjs/Health_Node/install/pkg00_base_interfaces/include/pkg00_base_interfaces/msg/detail/core_info__type_support.hpp
[18.038s] -- Installing: /home/cjs/Health_Node/install/pkg00_base_interfaces/include/pkg00_base_interfaces/msg/detail/system_status__traits.hpp
[18.038s] -- Installing: /home/cjs/Health_Node/install/pkg00_base_interfaces/include/pkg00_base_interfaces/msg/detail/seek_ret__type_support.hpp
[18.038s] -- Installing: /home/cjs/Health_Node/install/pkg00_base_interfaces/include/pkg00_base_interfaces/msg/detail/system_status__struct.hpp
[18.038s] -- Installing: /home/cjs/Health_Node/install/pkg00_base_interfaces/include/pkg00_base_interfaces/msg/detail/seek_ret__traits.hpp
[18.038s] -- Installing: /home/cjs/Health_Node/install/pkg00_base_interfaces/include/pkg00_base_interfaces/msg/detail/motor_cmd__builder.hpp
[18.038s] -- Installing: /home/cjs/Health_Node/install/pkg00_base_interfaces/include/pkg00_base_interfaces/msg/detail/location__traits.hpp
[18.038s] -- Installing: /home/cjs/Health_Node/install/pkg00_base_interfaces/include/pkg00_base_interfaces/msg/detail/core_info__traits.hpp
[18.038s] -- Installing: /home/cjs/Health_Node/install/pkg00_base_interfaces/include/pkg00_base_interfaces/msg/detail/lift_info__builder.hpp
[18.038s] -- Installing: /home/cjs/Health_Node/install/pkg00_base_interfaces/include/pkg00_base_interfaces/msg/detail/system_status__type_support.hpp
[18.038s] -- Installing: /home/cjs/Health_Node/install/pkg00_base_interfaces/include/pkg00_base_interfaces/msg/detail/system_status__builder.hpp
[18.038s] -- Installing: /home/cjs/Health_Node/install/pkg00_base_interfaces/include/pkg00_base_interfaces/msg/detail/bms_info__struct.hpp
[18.038s] -- Installing: /home/cjs/Health_Node/install/pkg00_base_interfaces/include/pkg00_base_interfaces/msg/detail/obs_laser__struct.hpp
[18.038s] -- Installing: /home/cjs/Health_Node/install/pkg00_base_interfaces/include/pkg00_base_interfaces/msg/detail/motor_status__type_support.hpp
[18.038s] -- Installing: /home/cjs/Health_Node/install/pkg00_base_interfaces/include/pkg00_base_interfaces/msg/detail/motor_cmd__traits.hpp
[18.038s] -- Installing: /home/cjs/Health_Node/install/pkg00_base_interfaces/include/pkg00_base_interfaces/msg/detail/lift_info__type_support.hpp
[18.038s] -- Installing: /home/cjs/Health_Node/install/pkg00_base_interfaces/include/pkg00_base_interfaces/msg/detail/obs_laser__traits.hpp
[18.039s] -- Installing: /home/cjs/Health_Node/install/pkg00_base_interfaces/include/pkg00_base_interfaces/msg/detail/core_info__builder.hpp
[18.039s] -- Installing: /home/cjs/Health_Node/install/pkg00_base_interfaces/include/pkg00_base_interfaces/msg/detail/color_info__type_support.hpp
[18.039s] -- Installing: /home/cjs/Health_Node/install/pkg00_base_interfaces/include/pkg00_base_interfaces/msg/detail/charger_info__builder.hpp
[18.039s] -- Installing: /home/cjs/Health_Node/install/pkg00_base_interfaces/include/pkg00_base_interfaces/msg/detail/hall_info__struct.hpp
[18.039s] -- Installing: /home/cjs/Health_Node/install/pkg00_base_interfaces/include/pkg00_base_interfaces/msg/detail/bms_info__builder.hpp
[18.039s] -- Installing: /home/cjs/Health_Node/install/pkg00_base_interfaces/include/pkg00_base_interfaces/msg/detail/color_info__traits.hpp
[18.039s] -- Installing: /home/cjs/Health_Node/install/pkg00_base_interfaces/include/pkg00_base_interfaces/msg/detail/obs_laser__type_support.hpp
[18.039s] -- Installing: /home/cjs/Health_Node/install/pkg00_base_interfaces/include/pkg00_base_interfaces/msg/detail/charger_info__type_support.hpp
[18.039s] -- Installing: /home/cjs/Health_Node/install/pkg00_base_interfaces/include/pkg00_base_interfaces/msg/detail/color_info__builder.hpp
[18.039s] -- Installing: /home/cjs/Health_Node/install/pkg00_base_interfaces/include/pkg00_base_interfaces/msg/detail/lift_info__traits.hpp
[18.039s] -- Installing: /home/cjs/Health_Node/install/pkg00_base_interfaces/include/pkg00_base_interfaces/msg/detail/hall_info__traits.hpp
[18.039s] -- Installing: /home/cjs/Health_Node/install/pkg00_base_interfaces/include/pkg00_base_interfaces/msg/detail/color_info__struct.hpp
[18.039s] -- Installing: /home/cjs/Health_Node/install/pkg00_base_interfaces/include/pkg00_base_interfaces/msg/detail/location__builder.hpp
[18.039s] -- Installing: /home/cjs/Health_Node/install/pkg00_base_interfaces/include/pkg00_base_interfaces/msg/detail/motor_cmd__type_support.hpp
[18.039s] -- Installing: /home/cjs/Health_Node/install/pkg00_base_interfaces/include/pkg00_base_interfaces/msg/detail/seek_ret__builder.hpp
[18.039s] -- Installing: /home/cjs/Health_Node/install/pkg00_base_interfaces/include/pkg00_base_interfaces/msg/detail/motor_status__struct.hpp
[18.039s] -- Installing: /home/cjs/Health_Node/install/pkg00_base_interfaces/include/pkg00_base_interfaces/msg/detail/bms_info__type_support.hpp
[18.039s] -- Installing: /home/cjs/Health_Node/install/pkg00_base_interfaces/include/pkg00_base_interfaces/msg/detail/motor_status__builder.hpp
[18.039s] -- Installing: /home/cjs/Health_Node/install/pkg00_base_interfaces/include/pkg00_base_interfaces/msg/detail/bms_info__traits.hpp
[18.039s] -- Installing: /home/cjs/Health_Node/install/pkg00_base_interfaces/include/pkg00_base_interfaces/msg/detail/hall_info__type_support.hpp
[18.039s] -- Installing: /home/cjs/Health_Node/install/pkg00_base_interfaces/include/pkg00_base_interfaces/msg/detail/lift_info__struct.hpp
[18.039s] -- Installing: /home/cjs/Health_Node/install/pkg00_base_interfaces/include/pkg00_base_interfaces/msg/detail/hall_info__builder.hpp
[18.039s] -- Installing: /home/cjs/Health_Node/install/pkg00_base_interfaces/include/pkg00_base_interfaces/msg/detail/location__type_support.hpp
[18.040s] -- Installing: /home/cjs/Health_Node/install/pkg00_base_interfaces/include/pkg00_base_interfaces/msg/detail/charger_info__struct.hpp
[18.040s] -- Installing: /home/cjs/Health_Node/install/pkg00_base_interfaces/include/pkg00_base_interfaces/msg/detail/motor_status__traits.hpp
[18.040s] -- Installing: /home/cjs/Health_Node/install/pkg00_base_interfaces/include/pkg00_base_interfaces/msg/detail/location__struct.hpp
[18.040s] -- Installing: /home/cjs/Health_Node/install/pkg00_base_interfaces/include/pkg00_base_interfaces/msg/detail/seek_ret__struct.hpp
[18.040s] -- Installing: /home/cjs/Health_Node/install/pkg00_base_interfaces/include/pkg00_base_interfaces/msg/core_info.hpp
[18.040s] -- Installing: /home/cjs/Health_Node/install/pkg00_base_interfaces/include/pkg00_base_interfaces/msg/motor_status.hpp
[18.040s] -- Installing: /home/cjs/Health_Node/install/pkg00_base_interfaces/include/pkg00_base_interfaces/msg/hall_info.hpp
[18.040s] -- Installing: /home/cjs/Health_Node/install/pkg00_base_interfaces/include/pkg00_base_interfaces/msg/charger_info.hpp
[18.040s] -- Installing: /home/cjs/Health_Node/install/pkg00_base_interfaces/include/pkg00_base_interfaces/msg/rosidl_generator_cpp__visibility_control.hpp
[18.040s] -- Installing: /home/cjs/Health_Node/install/pkg00_base_interfaces/include/pkg00_base_interfaces/msg/location.hpp
[18.040s] -- Installing: /home/cjs/Health_Node/install/pkg00_base_interfaces/include/pkg00_base_interfaces/msg/obs_laser.hpp
[18.040s] -- Installing: /home/cjs/Health_Node/install/pkg00_base_interfaces/include/pkg00_base_interfaces/msg/system_status.hpp
[18.040s] -- Installing: /home/cjs/Health_Node/install/pkg00_base_interfaces/include/pkg00_base_interfaces/msg/bms_info.hpp
[18.040s] -- Installing: /home/cjs/Health_Node/install/pkg00_base_interfaces/include/pkg00_base_interfaces/msg/lift_info.hpp
[18.040s] -- Up-to-date: /home/cjs/Health_Node/install/pkg00_base_interfaces/include/pkg00_base_interfaces
[18.040s] -- Up-to-date: /home/cjs/Health_Node/install/pkg00_base_interfaces/include/pkg00_base_interfaces/msg
[18.040s] -- Up-to-date: /home/cjs/Health_Node/install/pkg00_base_interfaces/include/pkg00_base_interfaces/msg/detail
[18.040s] -- Installing: /home/cjs/Health_Node/install/pkg00_base_interfaces/include/pkg00_base_interfaces/msg/detail/lift_info__rosidl_typesupport_introspection_cpp.hpp
[18.040s] -- Installing: /home/cjs/Health_Node/install/pkg00_base_interfaces/include/pkg00_base_interfaces/msg/detail/motor_cmd__rosidl_typesupport_introspection_cpp.hpp
[18.040s] -- Installing: /home/cjs/Health_Node/install/pkg00_base_interfaces/include/pkg00_base_interfaces/msg/detail/location__type_support.cpp
[18.040s] -- Installing: /home/cjs/Health_Node/install/pkg00_base_interfaces/include/pkg00_base_interfaces/msg/detail/seek_ret__type_support.cpp
[18.040s] -- Installing: /home/cjs/Health_Node/install/pkg00_base_interfaces/include/pkg00_base_interfaces/msg/detail/charger_info__type_support.cpp
[18.040s] -- Installing: /home/cjs/Health_Node/install/pkg00_base_interfaces/include/pkg00_base_interfaces/msg/detail/color_info__rosidl_typesupport_introspection_cpp.hpp
[18.040s] -- Installing: /home/cjs/Health_Node/install/pkg00_base_interfaces/include/pkg00_base_interfaces/msg/detail/location__rosidl_typesupport_introspection_cpp.hpp
[18.040s] -- Installing: /home/cjs/Health_Node/install/pkg00_base_interfaces/include/pkg00_base_interfaces/msg/detail/core_info__type_support.cpp
[18.040s] -- Installing: /home/cjs/Health_Node/install/pkg00_base_interfaces/include/pkg00_base_interfaces/msg/detail/bms_info__type_support.cpp
[18.041s] -- Installing: /home/cjs/Health_Node/install/pkg00_base_interfaces/include/pkg00_base_interfaces/msg/detail/core_info__rosidl_typesupport_introspection_cpp.hpp
[18.041s] -- Installing: /home/cjs/Health_Node/install/pkg00_base_interfaces/include/pkg00_base_interfaces/msg/detail/system_status__type_support.cpp
[18.041s] -- Installing: /home/cjs/Health_Node/install/pkg00_base_interfaces/include/pkg00_base_interfaces/msg/detail/lift_info__type_support.cpp
[18.041s] -- Installing: /home/cjs/Health_Node/install/pkg00_base_interfaces/include/pkg00_base_interfaces/msg/detail/charger_info__rosidl_typesupport_introspection_cpp.hpp
[18.041s] -- Installing: /home/cjs/Health_Node/install/pkg00_base_interfaces/include/pkg00_base_interfaces/msg/detail/obs_laser__rosidl_typesupport_introspection_cpp.hpp
[18.041s] -- Installing: /home/cjs/Health_Node/install/pkg00_base_interfaces/include/pkg00_base_interfaces/msg/detail/color_info__type_support.cpp
[18.041s] -- Installing: /home/cjs/Health_Node/install/pkg00_base_interfaces/include/pkg00_base_interfaces/msg/detail/motor_cmd__type_support.cpp
[18.041s] -- Installing: /home/cjs/Health_Node/install/pkg00_base_interfaces/include/pkg00_base_interfaces/msg/detail/motor_status__type_support.cpp
[18.041s] -- Installing: /home/cjs/Health_Node/install/pkg00_base_interfaces/include/pkg00_base_interfaces/msg/detail/bms_info__rosidl_typesupport_introspection_cpp.hpp
[18.041s] -- Installing: /home/cjs/Health_Node/install/pkg00_base_interfaces/include/pkg00_base_interfaces/msg/detail/seek_ret__rosidl_typesupport_introspection_cpp.hpp
[18.041s] -- Installing: /home/cjs/Health_Node/install/pkg00_base_interfaces/include/pkg00_base_interfaces/msg/detail/system_status__rosidl_typesupport_introspection_cpp.hpp
[18.041s] -- Installing: /home/cjs/Health_Node/install/pkg00_base_interfaces/include/pkg00_base_interfaces/msg/detail/hall_info__rosidl_typesupport_introspection_cpp.hpp
[18.041s] -- Installing: /home/cjs/Health_Node/install/pkg00_base_interfaces/include/pkg00_base_interfaces/msg/detail/motor_status__rosidl_typesupport_introspection_cpp.hpp
[18.041s] -- Installing: /home/cjs/Health_Node/install/pkg00_base_interfaces/include/pkg00_base_interfaces/msg/detail/obs_laser__type_support.cpp
[18.041s] -- Installing: /home/cjs/Health_Node/install/pkg00_base_interfaces/include/pkg00_base_interfaces/msg/detail/hall_info__type_support.cpp
[18.041s] -- Installing: /home/cjs/Health_Node/install/pkg00_base_interfaces/lib/libpkg00_base_interfaces__rosidl_typesupport_introspection_cpp.so
[18.041s] -- Set runtime path of "/home/cjs/Health_Node/install/pkg00_base_interfaces/lib/libpkg00_base_interfaces__rosidl_typesupport_introspection_cpp.so" to ""
[18.041s] -- Installing: /home/cjs/Health_Node/install/pkg00_base_interfaces/lib/libpkg00_base_interfaces__rosidl_typesupport_cpp.so
[18.041s] -- Set runtime path of "/home/cjs/Health_Node/install/pkg00_base_interfaces/lib/libpkg00_base_interfaces__rosidl_typesupport_cpp.so" to ""
[18.043s] -- Installing: /home/cjs/Health_Node/install/pkg00_base_interfaces/share/pkg00_base_interfaces/environment/pythonpath.sh
[18.043s] -- Installing: /home/cjs/Health_Node/install/pkg00_base_interfaces/share/pkg00_base_interfaces/environment/pythonpath.dsv
[18.043s] -- Installing: /home/cjs/Health_Node/install/pkg00_base_interfaces/lib/python3.8/site-packages/pkg00_base_interfaces/__init__.py
[18.076s] Compiling '/home/cjs/Health_Node/install/pkg00_base_interfaces/lib/python3.8/site-packages/pkg00_base_interfaces/__init__.py'...
[18.080s] -- Installing: /home/cjs/Health_Node/install/pkg00_base_interfaces/lib/python3.8/site-packages/pkg00_base_interfaces/msg
[18.081s] -- Installing: /home/cjs/Health_Node/install/pkg00_base_interfaces/lib/python3.8/site-packages/pkg00_base_interfaces/msg/_hall_info_s.c
[18.081s] -- Installing: /home/cjs/Health_Node/install/pkg00_base_interfaces/lib/python3.8/site-packages/pkg00_base_interfaces/msg/_core_info_s.c
[18.081s] -- Installing: /home/cjs/Health_Node/install/pkg00_base_interfaces/lib/python3.8/site-packages/pkg00_base_interfaces/msg/_color_info.py
[18.081s] -- Installing: /home/cjs/Health_Node/install/pkg00_base_interfaces/lib/python3.8/site-packages/pkg00_base_interfaces/msg/_lift_info_s.c
[18.081s] -- Installing: /home/cjs/Health_Node/install/pkg00_base_interfaces/lib/python3.8/site-packages/pkg00_base_interfaces/msg/_motor_status.py
[18.081s] -- Installing: /home/cjs/Health_Node/install/pkg00_base_interfaces/lib/python3.8/site-packages/pkg00_base_interfaces/msg/_obs_laser.py
[18.081s] -- Installing: /home/cjs/Health_Node/install/pkg00_base_interfaces/lib/python3.8/site-packages/pkg00_base_interfaces/msg/_seek_ret_s.c
[18.081s] -- Installing: /home/cjs/Health_Node/install/pkg00_base_interfaces/lib/python3.8/site-packages/pkg00_base_interfaces/msg/_motor_cmd_s.c
[18.081s] -- Installing: /home/cjs/Health_Node/install/pkg00_base_interfaces/lib/python3.8/site-packages/pkg00_base_interfaces/msg/_obs_laser_s.c
[18.081s] -- Installing: /home/cjs/Health_Node/install/pkg00_base_interfaces/lib/python3.8/site-packages/pkg00_base_interfaces/msg/_charger_info_s.c
[18.081s] -- Installing: /home/cjs/Health_Node/install/pkg00_base_interfaces/lib/python3.8/site-packages/pkg00_base_interfaces/msg/_system_status.py
[18.081s] -- Installing: /home/cjs/Health_Node/install/pkg00_base_interfaces/lib/python3.8/site-packages/pkg00_base_interfaces/msg/_core_info.py
[18.081s] -- Installing: /home/cjs/Health_Node/install/pkg00_base_interfaces/lib/python3.8/site-packages/pkg00_base_interfaces/msg/_charger_info.py
[18.081s] -- Installing: /home/cjs/Health_Node/install/pkg00_base_interfaces/lib/python3.8/site-packages/pkg00_base_interfaces/msg/_hall_info.py
[18.081s] -- Installing: /home/cjs/Health_Node/install/pkg00_base_interfaces/lib/python3.8/site-packages/pkg00_base_interfaces/msg/_location_s.c
[18.081s] -- Installing: /home/cjs/Health_Node/install/pkg00_base_interfaces/lib/python3.8/site-packages/pkg00_base_interfaces/msg/_seek_ret.py
[18.081s] -- Installing: /home/cjs/Health_Node/install/pkg00_base_interfaces/lib/python3.8/site-packages/pkg00_base_interfaces/msg/_system_status_s.c
[18.081s] -- Installing: /home/cjs/Health_Node/install/pkg00_base_interfaces/lib/python3.8/site-packages/pkg00_base_interfaces/msg/_location.py
[18.082s] -- Installing: /home/cjs/Health_Node/install/pkg00_base_interfaces/lib/python3.8/site-packages/pkg00_base_interfaces/msg/_motor_cmd.py
[18.082s] -- Installing: /home/cjs/Health_Node/install/pkg00_base_interfaces/lib/python3.8/site-packages/pkg00_base_interfaces/msg/_color_info_s.c
[18.082s] -- Installing: /home/cjs/Health_Node/install/pkg00_base_interfaces/lib/python3.8/site-packages/pkg00_base_interfaces/msg/_motor_status_s.c
[18.082s] -- Installing: /home/cjs/Health_Node/install/pkg00_base_interfaces/lib/python3.8/site-packages/pkg00_base_interfaces/msg/_lift_info.py
[18.082s] -- Installing: /home/cjs/Health_Node/install/pkg00_base_interfaces/lib/python3.8/site-packages/pkg00_base_interfaces/msg/_bms_info_s.c
[18.082s] -- Installing: /home/cjs/Health_Node/install/pkg00_base_interfaces/lib/python3.8/site-packages/pkg00_base_interfaces/msg/__init__.py
[18.082s] -- Installing: /home/cjs/Health_Node/install/pkg00_base_interfaces/lib/python3.8/site-packages/pkg00_base_interfaces/msg/_bms_info.py
[18.082s] -- Installing: /home/cjs/Health_Node/install/pkg00_base_interfaces/lib/python3.8/site-packages/pkg00_base_interfaces/pkg00_base_interfaces_s__rosidl_typesupport_fastrtps_c.cpython-38-x86_64-linux-gnu.so
[18.082s] -- Set runtime path of "/home/cjs/Health_Node/install/pkg00_base_interfaces/lib/python3.8/site-packages/pkg00_base_interfaces/pkg00_base_interfaces_s__rosidl_typesupport_fastrtps_c.cpython-38-x86_64-linux-gnu.so" to ""
[18.082s] -- Installing: /home/cjs/Health_Node/install/pkg00_base_interfaces/lib/python3.8/site-packages/pkg00_base_interfaces/pkg00_base_interfaces_s__rosidl_typesupport_introspection_c.cpython-38-x86_64-linux-gnu.so
[18.083s] -- Set runtime path of "/home/cjs/Health_Node/install/pkg00_base_interfaces/lib/python3.8/site-packages/pkg00_base_interfaces/pkg00_base_interfaces_s__rosidl_typesupport_introspection_c.cpython-38-x86_64-linux-gnu.so" to ""
[18.084s] -- Installing: /home/cjs/Health_Node/install/pkg00_base_interfaces/lib/python3.8/site-packages/pkg00_base_interfaces/pkg00_base_interfaces_s__rosidl_typesupport_c.cpython-38-x86_64-linux-gnu.so
[18.084s] -- Set runtime path of "/home/cjs/Health_Node/install/pkg00_base_interfaces/lib/python3.8/site-packages/pkg00_base_interfaces/pkg00_base_interfaces_s__rosidl_typesupport_c.cpython-38-x86_64-linux-gnu.so" to ""
[18.084s] -- Installing: /home/cjs/Health_Node/install/pkg00_base_interfaces/lib/libpkg00_base_interfaces__python.so
[18.085s] -- Set runtime path of "/home/cjs/Health_Node/install/pkg00_base_interfaces/lib/libpkg00_base_interfaces__python.so" to ""
[18.085s] -- Installing: /home/cjs/Health_Node/install/pkg00_base_interfaces/share/pkg00_base_interfaces/msg/BmsInfo.idl
[18.085s] -- Installing: /home/cjs/Health_Node/install/pkg00_base_interfaces/share/pkg00_base_interfaces/msg/ChargerInfo.idl
[18.086s] -- Installing: /home/cjs/Health_Node/install/pkg00_base_interfaces/share/pkg00_base_interfaces/msg/ColorInfo.idl
[18.086s] -- Installing: /home/cjs/Health_Node/install/pkg00_base_interfaces/share/pkg00_base_interfaces/msg/CoreInfo.idl
[18.087s] -- Installing: /home/cjs/Health_Node/install/pkg00_base_interfaces/share/pkg00_base_interfaces/msg/HallInfo.idl
[18.087s] -- Installing: /home/cjs/Health_Node/install/pkg00_base_interfaces/share/pkg00_base_interfaces/msg/LiftInfo.idl
[18.090s] -- Installing: /home/cjs/Health_Node/install/pkg00_base_interfaces/share/pkg00_base_interfaces/msg/Location.idl
[18.090s] -- Installing: /home/cjs/Health_Node/install/pkg00_base_interfaces/share/pkg00_base_interfaces/msg/MotorCmd.idl
[18.090s] -- Installing: /home/cjs/Health_Node/install/pkg00_base_interfaces/share/pkg00_base_interfaces/msg/MotorStatus.idl
[18.090s] -- Installing: /home/cjs/Health_Node/install/pkg00_base_interfaces/share/pkg00_base_interfaces/msg/ObsLaser.idl
[18.090s] -- Installing: /home/cjs/Health_Node/install/pkg00_base_interfaces/share/pkg00_base_interfaces/msg/SeekRet.idl
[18.091s] -- Installing: /home/cjs/Health_Node/install/pkg00_base_interfaces/share/pkg00_base_interfaces/msg/SystemStatus.idl
[18.091s] -- Installing: /home/cjs/Health_Node/install/pkg00_base_interfaces/share/pkg00_base_interfaces/msg/BmsInfo.msg
[18.091s] -- Installing: /home/cjs/Health_Node/install/pkg00_base_interfaces/share/pkg00_base_interfaces/msg/ChargerInfo.msg
[18.091s] -- Installing: /home/cjs/Health_Node/install/pkg00_base_interfaces/share/pkg00_base_interfaces/msg/ColorInfo.msg
[18.091s] -- Installing: /home/cjs/Health_Node/install/pkg00_base_interfaces/share/pkg00_base_interfaces/msg/CoreInfo.msg
[18.091s] -- Installing: /home/cjs/Health_Node/install/pkg00_base_interfaces/share/pkg00_base_interfaces/msg/HallInfo.msg
[18.091s] -- Installing: /home/cjs/Health_Node/install/pkg00_base_interfaces/share/pkg00_base_interfaces/msg/LiftInfo.msg
[18.091s] -- Installing: /home/cjs/Health_Node/install/pkg00_base_interfaces/share/pkg00_base_interfaces/msg/Location.msg
[18.091s] -- Installing: /home/cjs/Health_Node/install/pkg00_base_interfaces/share/pkg00_base_interfaces/msg/MotorCmd.msg
[18.091s] -- Installing: /home/cjs/Health_Node/install/pkg00_base_interfaces/share/pkg00_base_interfaces/msg/MotorStatus.msg
[18.091s] -- Installing: /home/cjs/Health_Node/install/pkg00_base_interfaces/share/pkg00_base_interfaces/msg/ObsLaser.msg
[18.091s] -- Installing: /home/cjs/Health_Node/install/pkg00_base_interfaces/share/pkg00_base_interfaces/msg/SeekRet.msg
[18.091s] -- Installing: /home/cjs/Health_Node/install/pkg00_base_interfaces/share/pkg00_base_interfaces/msg/SystemStatus.msg
[18.092s] -- Installing: /home/cjs/Health_Node/install/pkg00_base_interfaces/share/ament_index/resource_index/package_run_dependencies/pkg00_base_interfaces
[18.092s] -- Installing: /home/cjs/Health_Node/install/pkg00_base_interfaces/share/ament_index/resource_index/parent_prefix_path/pkg00_base_interfaces
[18.094s] -- Installing: /home/cjs/Health_Node/install/pkg00_base_interfaces/share/pkg00_base_interfaces/environment/ament_prefix_path.sh
[18.094s] -- Installing: /home/cjs/Health_Node/install/pkg00_base_interfaces/share/pkg00_base_interfaces/environment/ament_prefix_path.dsv
[18.094s] -- Installing: /home/cjs/Health_Node/install/pkg00_base_interfaces/share/pkg00_base_interfaces/environment/path.sh
[18.094s] -- Installing: /home/cjs/Health_Node/install/pkg00_base_interfaces/share/pkg00_base_interfaces/environment/path.dsv
[18.094s] -- Installing: /home/cjs/Health_Node/install/pkg00_base_interfaces/share/pkg00_base_interfaces/local_setup.bash
[18.094s] -- Installing: /home/cjs/Health_Node/install/pkg00_base_interfaces/share/pkg00_base_interfaces/local_setup.sh
[18.094s] -- Installing: /home/cjs/Health_Node/install/pkg00_base_interfaces/share/pkg00_base_interfaces/local_setup.zsh
[18.095s] -- Installing: /home/cjs/Health_Node/install/pkg00_base_interfaces/share/pkg00_base_interfaces/local_setup.dsv
[18.095s] -- Installing: /home/cjs/Health_Node/install/pkg00_base_interfaces/share/pkg00_base_interfaces/package.dsv
[18.096s] -- Installing: /home/cjs/Health_Node/install/pkg00_base_interfaces/share/ament_index/resource_index/packages/pkg00_base_interfaces
[18.097s] -- Installing: /home/cjs/Health_Node/install/pkg00_base_interfaces/share/pkg00_base_interfaces/cmake/pkg00_base_interfaces__rosidl_generator_cExport.cmake
[18.097s] -- Installing: /home/cjs/Health_Node/install/pkg00_base_interfaces/share/pkg00_base_interfaces/cmake/pkg00_base_interfaces__rosidl_generator_cExport-noconfig.cmake
[18.097s] -- Installing: /home/cjs/Health_Node/install/pkg00_base_interfaces/share/pkg00_base_interfaces/cmake/pkg00_base_interfaces__rosidl_typesupport_introspection_cExport.cmake
[18.097s] -- Installing: /home/cjs/Health_Node/install/pkg00_base_interfaces/share/pkg00_base_interfaces/cmake/pkg00_base_interfaces__rosidl_typesupport_introspection_cExport-noconfig.cmake
[18.097s] -- Installing: /home/cjs/Health_Node/install/pkg00_base_interfaces/share/pkg00_base_interfaces/cmake/pkg00_base_interfaces__rosidl_typesupport_cExport.cmake
[18.097s] -- Installing: /home/cjs/Health_Node/install/pkg00_base_interfaces/share/pkg00_base_interfaces/cmake/pkg00_base_interfaces__rosidl_typesupport_cExport-noconfig.cmake
[18.098s] -- Installing: /home/cjs/Health_Node/install/pkg00_base_interfaces/share/pkg00_base_interfaces/cmake/pkg00_base_interfaces__rosidl_generator_cppExport.cmake
[18.098s] -- Installing: /home/cjs/Health_Node/install/pkg00_base_interfaces/share/pkg00_base_interfaces/cmake/pkg00_base_interfaces__rosidl_typesupport_introspection_cppExport.cmake
[18.098s] -- Installing: /home/cjs/Health_Node/install/pkg00_base_interfaces/share/pkg00_base_interfaces/cmake/pkg00_base_interfaces__rosidl_typesupport_introspection_cppExport-noconfig.cmake
[18.098s] -- Installing: /home/cjs/Health_Node/install/pkg00_base_interfaces/share/pkg00_base_interfaces/cmake/pkg00_base_interfaces__rosidl_typesupport_cppExport.cmake
[18.098s] -- Installing: /home/cjs/Health_Node/install/pkg00_base_interfaces/share/pkg00_base_interfaces/cmake/pkg00_base_interfaces__rosidl_typesupport_cppExport-noconfig.cmake
[18.099s] -- Installing: /home/cjs/Health_Node/install/pkg00_base_interfaces/share/pkg00_base_interfaces/cmake/rosidl_cmake-extras.cmake
[18.099s] -- Installing: /home/cjs/Health_Node/install/pkg00_base_interfaces/share/pkg00_base_interfaces/cmake/ament_cmake_export_dependencies-extras.cmake
[18.099s] -- Installing: /home/cjs/Health_Node/install/pkg00_base_interfaces/share/pkg00_base_interfaces/cmake/ament_cmake_export_libraries-extras.cmake
[18.099s] -- Installing: /home/cjs/Health_Node/install/pkg00_base_interfaces/share/pkg00_base_interfaces/cmake/ament_cmake_export_targets-extras.cmake
[18.102s] -- Installing: /home/cjs/Health_Node/install/pkg00_base_interfaces/share/pkg00_base_interfaces/cmake/ament_cmake_export_include_directories-extras.cmake
[18.102s] -- Installing: /home/cjs/Health_Node/install/pkg00_base_interfaces/share/pkg00_base_interfaces/cmake/rosidl_cmake_export_typesupport_libraries-extras.cmake
[18.102s] -- Installing: /home/cjs/Health_Node/install/pkg00_base_interfaces/share/pkg00_base_interfaces/cmake/rosidl_cmake_export_typesupport_targets-extras.cmake
[18.103s] -- Installing: /home/cjs/Health_Node/install/pkg00_base_interfaces/share/pkg00_base_interfaces/cmake/pkg00_base_interfacesConfig.cmake
[18.103s] -- Installing: /home/cjs/Health_Node/install/pkg00_base_interfaces/share/pkg00_base_interfaces/cmake/pkg00_base_interfacesConfig-version.cmake
[18.103s] -- Installing: /home/cjs/Health_Node/install/pkg00_base_interfaces/share/pkg00_base_interfaces/package.xml
[18.109s] Invoked command in '/home/cjs/Health_Node/build/pkg00_base_interfaces' returned '0': CMAKE_PREFIX_PATH=/opt/ros/foxy /usr/bin/cmake --install /home/cjs/Health_Node/build/pkg00_base_interfaces
