[0.095s] Invoking command in '/home/cjs/Health_Node/build/pkg02_lifecycle_cpp': AMENT_PREFIX_PATH=/home/cjs/Health_Node/install/base_interfaces_demo:${AMENT_PREFIX_PATH} CMAKE_PREFIX_PATH=/home/cjs/Health_Node/install/base_interfaces_demo:/opt/ros/foxy LD_LIBRARY_PATH=/home/cjs/Health_Node/install/base_interfaces_demo/lib:${LD_LIBRARY_PATH} PYTHONPATH=/home/cjs/Health_Node/install/base_interfaces_demo/lib/python3.8/site-packages:${PYTHONPATH} /usr/bin/cmake /home/cjs/Health_Node/ros2_ws/src/pkg02_lifecycle_cpp -DCMAKE_INSTALL_PREFIX=/home/cjs/Health_Node/install/pkg02_lifecycle_cpp
[0.458s] -- The C compiler identification is GNU 9.4.0
[0.756s] -- The CXX compiler identification is GNU 9.4.0
[0.775s] -- Check for working C compiler: /usr/bin/cc
[1.163s] -- Check for working C compiler: /usr/bin/cc -- works
[1.170s] -- Detecting C compiler ABI info
[1.517s] -- Detecting C compiler ABI info - done
[1.539s] -- Detecting C compile features
[1.548s] -- Detecting C compile features - done
[1.550s] -- Check for working CXX compiler: /usr/bin/c++
[1.949s] -- Check for working CXX compiler: /usr/bin/c++ -- works
[1.955s] -- Detecting CXX compiler ABI info
[2.279s] -- Detecting CXX compiler ABI info - done
[2.296s] -- Detecting CXX compile features
[2.296s] -- Detecting CXX compile features - done
[2.312s] -- Found ament_cmake: 0.9.12 (/opt/ros/foxy/share/ament_cmake/cmake)
[2.375s] -- Found PythonInterp: /usr/bin/python3 (found suitable version "3.8.10", minimum required is "3") 
[2.378s] -- Using PYTHON_EXECUTABLE: /usr/bin/python3
[2.891s] -- Found rclcpp: 2.4.3 (/opt/ros/foxy/share/rclcpp/cmake)
[3.030s] -- Using all available rosidl_typesupport_c: rosidl_typesupport_fastrtps_c;rosidl_typesupport_introspection_c
[3.049s] -- Found rosidl_adapter: 1.3.1 (/opt/ros/foxy/share/rosidl_adapter/cmake)
[3.586s] -- Found OpenSSL: /usr/lib/x86_64-linux-gnu/libcrypto.so (found version "1.1.1f")  
[3.672s] -- Found FastRTPS: /opt/ros/foxy/include  
[3.927s] -- Using all available rosidl_typesupport_cpp: rosidl_typesupport_fastrtps_cpp;rosidl_typesupport_introspection_cpp
[4.080s] -- Found rmw_implementation_cmake: 1.0.4 (/opt/ros/foxy/share/rmw_implementation_cmake/cmake)
[4.085s] -- Using RMW implementation 'rmw_fastrtps_cpp' as default
[4.093s] -- Looking for pthread.h
[4.497s] -- Looking for pthread.h - found
[4.498s] -- Performing Test CMAKE_HAVE_LIBC_PTHREAD
[4.935s] -- Performing Test CMAKE_HAVE_LIBC_PTHREAD - Failed
[4.936s] -- Looking for pthread_create in pthreads
[5.308s] -- Looking for pthread_create in pthreads - not found
[5.308s] -- Looking for pthread_create in pthread
[5.684s] -- Looking for pthread_create in pthread - found
[5.689s] -- Found Threads: TRUE  
[5.975s] -- Found lifecycle_msgs: 1.0.0 (/opt/ros/foxy/share/lifecycle_msgs/cmake)
[6.012s] -- Found rclcpp_lifecycle: 2.4.3 (/opt/ros/foxy/share/rclcpp_lifecycle/cmake)
[6.059s] -- Found base_interfaces_demo: 0.0.0 (/home/cjs/Health_Node/install/base_interfaces_demo/share/base_interfaces_demo/cmake)
[6.240s] -- Found ament_lint_auto: 0.9.8 (/opt/ros/foxy/share/ament_lint_auto/cmake)
[6.394s] -- Added test 'copyright' to check source files copyright and LICENSE
[6.399s] -- Added test 'cppcheck' to perform static code analysis on C / C++ code
[6.400s] -- Configured cppcheck include dirs: $<BUILD_INTERFACE:/home/cjs/Health_Node/ros2_ws/src/pkg02_lifecycle_cpp/include>
[6.400s] -- Configured cppcheck exclude dirs and/or files: 
[6.404s] -- Added test 'cpplint' to check C / C++ code against the Google style
[6.404s] -- Configured cpplint exclude dirs and/or files: 
[6.407s] -- Added test 'lint_cmake' to check CMake code style
[6.412s] -- Added test 'uncrustify' to check C / C++ code style
[6.412s] -- Configured uncrustify additional arguments: 
[6.413s] -- Added test 'xmllint' to check XML markup files
[6.432s] -- Configuring done
[6.468s] -- Generating done
[6.471s] -- Build files have been written to: /home/cjs/Health_Node/build/pkg02_lifecycle_cpp
[6.502s] Invoked command in '/home/cjs/Health_Node/build/pkg02_lifecycle_cpp' returned '0': AMENT_PREFIX_PATH=/home/cjs/Health_Node/install/base_interfaces_demo:${AMENT_PREFIX_PATH} CMAKE_PREFIX_PATH=/home/cjs/Health_Node/install/base_interfaces_demo:/opt/ros/foxy LD_LIBRARY_PATH=/home/cjs/Health_Node/install/base_interfaces_demo/lib:${LD_LIBRARY_PATH} PYTHONPATH=/home/cjs/Health_Node/install/base_interfaces_demo/lib/python3.8/site-packages:${PYTHONPATH} /usr/bin/cmake /home/cjs/Health_Node/ros2_ws/src/pkg02_lifecycle_cpp -DCMAKE_INSTALL_PREFIX=/home/cjs/Health_Node/install/pkg02_lifecycle_cpp
[6.510s] Invoking command in '/home/cjs/Health_Node/build/pkg02_lifecycle_cpp': AMENT_PREFIX_PATH=/home/cjs/Health_Node/install/base_interfaces_demo:${AMENT_PREFIX_PATH} CMAKE_PREFIX_PATH=/home/cjs/Health_Node/install/base_interfaces_demo:/opt/ros/foxy LD_LIBRARY_PATH=/home/cjs/Health_Node/install/base_interfaces_demo/lib:${LD_LIBRARY_PATH} PYTHONPATH=/home/cjs/Health_Node/install/base_interfaces_demo/lib/python3.8/site-packages:${PYTHONPATH} /usr/bin/cmake --build /home/cjs/Health_Node/build/pkg02_lifecycle_cpp -- -j4 -l4
[6.716s] [35m[1mScanning dependencies of target lifecycle_node[0m
[6.951s] [ 50%] [32mBuilding CXX object CMakeFiles/lifecycle_node.dir/src/lifecycle_oper.cpp.o[0m
[12.675s] [100%] [32m[1mLinking CXX executable lifecycle_node[0m
[13.388s] [100%] Built target lifecycle_node
[13.436s] Invoked command in '/home/cjs/Health_Node/build/pkg02_lifecycle_cpp' returned '0': AMENT_PREFIX_PATH=/home/cjs/Health_Node/install/base_interfaces_demo:${AMENT_PREFIX_PATH} CMAKE_PREFIX_PATH=/home/cjs/Health_Node/install/base_interfaces_demo:/opt/ros/foxy LD_LIBRARY_PATH=/home/cjs/Health_Node/install/base_interfaces_demo/lib:${LD_LIBRARY_PATH} PYTHONPATH=/home/cjs/Health_Node/install/base_interfaces_demo/lib/python3.8/site-packages:${PYTHONPATH} /usr/bin/cmake --build /home/cjs/Health_Node/build/pkg02_lifecycle_cpp -- -j4 -l4
[13.607s] Invoking command in '/home/cjs/Health_Node/build/pkg02_lifecycle_cpp': AMENT_PREFIX_PATH=/home/cjs/Health_Node/install/base_interfaces_demo:${AMENT_PREFIX_PATH} CMAKE_PREFIX_PATH=/home/cjs/Health_Node/install/base_interfaces_demo:/opt/ros/foxy LD_LIBRARY_PATH=/home/cjs/Health_Node/install/base_interfaces_demo/lib:${LD_LIBRARY_PATH} PYTHONPATH=/home/cjs/Health_Node/install/base_interfaces_demo/lib/python3.8/site-packages:${PYTHONPATH} /usr/bin/cmake --install /home/cjs/Health_Node/build/pkg02_lifecycle_cpp
[13.644s] -- Install configuration: ""
[13.646s] -- Installing: /home/cjs/Health_Node/install/pkg02_lifecycle_cpp/lib/pkg02_lifecycle_cpp/lifecycle_node
[13.652s] -- Set runtime path of "/home/cjs/Health_Node/install/pkg02_lifecycle_cpp/lib/pkg02_lifecycle_cpp/lifecycle_node" to ""
[13.654s] -- Installing: /home/cjs/Health_Node/install/pkg02_lifecycle_cpp/share/ament_index/resource_index/package_run_dependencies/pkg02_lifecycle_cpp
[13.655s] -- Installing: /home/cjs/Health_Node/install/pkg02_lifecycle_cpp/share/ament_index/resource_index/parent_prefix_path/pkg02_lifecycle_cpp
[13.660s] -- Installing: /home/cjs/Health_Node/install/pkg02_lifecycle_cpp/share/pkg02_lifecycle_cpp/environment/ament_prefix_path.sh
[13.660s] -- Installing: /home/cjs/Health_Node/install/pkg02_lifecycle_cpp/share/pkg02_lifecycle_cpp/environment/ament_prefix_path.dsv
[13.660s] -- Installing: /home/cjs/Health_Node/install/pkg02_lifecycle_cpp/share/pkg02_lifecycle_cpp/environment/path.sh
[13.667s] -- Installing: /home/cjs/Health_Node/install/pkg02_lifecycle_cpp/share/pkg02_lifecycle_cpp/environment/path.dsv
[13.667s] -- Installing: /home/cjs/Health_Node/install/pkg02_lifecycle_cpp/share/pkg02_lifecycle_cpp/local_setup.bash
[13.668s] -- Installing: /home/cjs/Health_Node/install/pkg02_lifecycle_cpp/share/pkg02_lifecycle_cpp/local_setup.sh
[13.668s] -- Installing: /home/cjs/Health_Node/install/pkg02_lifecycle_cpp/share/pkg02_lifecycle_cpp/local_setup.zsh
[13.671s] -- Installing: /home/cjs/Health_Node/install/pkg02_lifecycle_cpp/share/pkg02_lifecycle_cpp/local_setup.dsv
[13.676s] -- Installing: /home/cjs/Health_Node/install/pkg02_lifecycle_cpp/share/pkg02_lifecycle_cpp/package.dsv
[13.676s] -- Installing: /home/cjs/Health_Node/install/pkg02_lifecycle_cpp/share/ament_index/resource_index/packages/pkg02_lifecycle_cpp
[13.676s] -- Installing: /home/cjs/Health_Node/install/pkg02_lifecycle_cpp/share/pkg02_lifecycle_cpp/cmake/pkg02_lifecycle_cppConfig.cmake
[13.677s] -- Installing: /home/cjs/Health_Node/install/pkg02_lifecycle_cpp/share/pkg02_lifecycle_cpp/cmake/pkg02_lifecycle_cppConfig-version.cmake
[13.677s] -- Installing: /home/cjs/Health_Node/install/pkg02_lifecycle_cpp/share/pkg02_lifecycle_cpp/package.xml
[13.684s] Invoked command in '/home/cjs/Health_Node/build/pkg02_lifecycle_cpp' returned '0': AMENT_PREFIX_PATH=/home/cjs/Health_Node/install/base_interfaces_demo:${AMENT_PREFIX_PATH} CMAKE_PREFIX_PATH=/home/cjs/Health_Node/install/base_interfaces_demo:/opt/ros/foxy LD_LIBRARY_PATH=/home/cjs/Health_Node/install/base_interfaces_demo/lib:${LD_LIBRARY_PATH} PYTHONPATH=/home/cjs/Health_Node/install/base_interfaces_demo/lib/python3.8/site-packages:${PYTHONPATH} /usr/bin/cmake --install /home/cjs/Health_Node/build/pkg02_lifecycle_cpp
