[0.000000] (-) TimerEvent: {}
[0.000289] (-) JobUnselected: {'identifier': 'base_interfaces_demo'}
[0.000595] (-) JobUnselected: {'identifier': 'pkg02_lifecycle_cpp'}
[0.000680] (pkg01_healthoper_cpp) JobQueued: {'identifier': 'pkg01_healthoper_cpp', 'dependencies': OrderedDict([('base_interfaces_demo', '/home/cjs/Health_Node/ros2_ws/install/base_interfaces_demo')])}
[0.001582] (pkg01_healthoper_cpp) JobStarted: {'identifier': 'pkg01_healthoper_cpp'}
[0.042274] (pkg01_healthoper_cpp) JobProgress: {'identifier': 'pkg01_healthoper_cpp', 'progress': 'cmake'}
[0.044697] (pkg01_healthoper_cpp) JobProgress: {'identifier': 'pkg01_healthoper_cpp', 'progress': 'build'}
[0.046230] (pkg01_healthoper_cpp) Command: {'cmd': ['/usr/bin/cmake', '--build', '/home/cjs/Health_Node/ros2_ws/build/pkg01_healthoper_cpp', '--', '-j4', '-l4'], 'cwd': '/home/cjs/Health_Node/ros2_ws/build/pkg01_healthoper_cpp', 'env': OrderedDict([('LC_TIME', 'zh_CN.UTF-8'), ('USER', 'cjs'), ('SSH_AGENT_PID', '1542'), ('XDG_SESSION_TYPE', 'x11'), ('GIT_ASKPASS', '/snap/code/164/usr/share/code/resources/app/extensions/git/dist/askpass.sh'), ('LD_LIBRARY_PATH', '/home/cjs/Health_Node/ros2_ws/install/base_interfaces_demo/lib:/opt/ros/foxy/opt/yaml_cpp_vendor/lib:/opt/ros/foxy/opt/rviz_ogre_vendor/lib:/opt/ros/foxy/lib/x86_64-linux-gnu:/opt/ros/foxy/lib'), ('SHLVL', '2'), ('CHROME_DESKTOP', 'code-url-handler.desktop'), ('HOME', '/home/cjs'), ('LESS', '-R'), ('OLDPWD', '/home/cjs/Health_Node'), ('DESKTOP_SESSION', 'ubuntu'), ('TERM_PROGRAM_VERSION', '1.91.1'), ('LSCOLORS', 'Gxfxcxdxbxegedabagacad'), ('ZSH', '/home/cjs/.oh-my-zsh'), ('ALL', 'en.US.UTF-8'), ('GNOME_SHELL_SESSION_MODE', 'ubuntu'), ('GTK_MODULES', 'gail:atk-bridge'), ('PAGER', 'less'), ('ROS_PYTHON_VERSION', '3'), ('VSCODE_GIT_ASKPASS_MAIN', '/snap/code/164/usr/share/code/resources/app/extensions/git/dist/askpass-main.js'), ('LC_MONETARY', 'zh_CN.UTF-8'), ('MANAGERPID', '1446'), ('VSCODE_GIT_ASKPASS_NODE', '/snap/code/164/usr/share/code/code'), ('DBUS_SESSION_BUS_ADDRESS', 'unix:path=/run/user/1000/bus,guid=0fa02c7d661b6b7cbfd27f1066a0581b'), ('DBUS_STARTER_BUS_TYPE', 'session'), ('COLORTERM', 'truecolor'), ('IM_CONFIG_PHASE', '1'), ('ROS_DISTRO', 'foxy'), ('COLCON_PREFIX_PATH', '/home/cjs/Health_Node/ros2_ws/install'), ('LOGNAME', 'cjs'), ('JOURNAL_STREAM', '8:56620'), ('_', '/usr/bin/colcon'), ('ROS_VERSION', '2'), ('XDG_CONFIG_DIRS_VSCODE_SNAP_ORIG', '/etc/xdg/xdg-ubuntu:/etc/xdg'), ('XDG_DATA_DIRS_VSCODE_SNAP_ORIG', '/usr/share/ubuntu:/usr/local/share/:/usr/share/:/var/lib/snapd/desktop'), ('XDG_SESSION_CLASS', 'user'), ('USER_ZDOTDIR', '/home/cjs'), ('TERM', 'xterm-256color'), ('USERNAME', 'cjs'), ('GNOME_DESKTOP_SESSION_ID', 'this-is-deprecated'), ('ROS_LOCALHOST_ONLY', '0'), ('WINDOWPATH', '2'), ('PATH', '/opt/ros/foxy/bin:/usr/local/sbin:/usr/local/bin:/usr/sbin:/usr/bin:/sbin:/bin:/usr/games:/usr/local/games:/snap/bin'), ('INVOCATION_ID', '9e60448dcc804a64942f76a12b382da6'), ('SESSION_MANAGER', 'local/cjs-virtual-machine:@/tmp/.ICE-unix/1577,unix/cjs-virtual-machine:/tmp/.ICE-unix/1577'), ('LC_ADDRESS', 'zh_CN.UTF-8'), ('XDG_MENU_PREFIX', 'gnome-'), ('XDG_RUNTIME_DIR', '/run/user/1000'), ('DISPLAY', ':0'), ('LANG', 'en_US.UTF-8'), ('LC_TELEPHONE', 'zh_CN.UTF-8'), ('TILIX_ID', 'aa2b7333-90b5-4e62-8b6d-36f0a2a23156'), ('XDG_CURRENT_DESKTOP', 'Unity'), ('VSCODE_INJECTION', '1'), ('LS_COLORS', 'no=00:fi=00:di=01;34:ln=00;36:pi=40;33:so=01;35:do=01;35:bd=40;33;01:cd=40;33;01:or=41;33;01:ex=00;32:*.cmd=00;32:*.exe=01;32:*.com=01;32:*.bat=01;32:*.btm=01;32:*.dll=01;32:*.tar=00;31:*.tbz=00;31:*.tgz=00;31:*.rpm=00;31:*.deb=00;31:*.arj=00;31:*.taz=00;31:*.lzh=00;31:*.lzma=00;31:*.zip=00;31:*.zoo=00;31:*.z=00;31:*.Z=00;31:*.gz=00;31:*.bz2=00;31:*.tb2=00;31:*.tz2=00;31:*.tbz2=00;31:*.avi=01;35:*.bmp=01;35:*.fli=01;35:*.gif=01;35:*.jpg=01;35:*.jpeg=01;35:*.mng=01;35:*.mov=01;35:*.mpg=01;35:*.pcx=01;35:*.pbm=01;35:*.pgm=01;35:*.png=01;35:*.ppm=01;35:*.tga=01;35:*.tif=01;35:*.xbm=01;35:*.xpm=01;35:*.dl=01;35:*.gl=01;35:*.wmv=01;35:*.aiff=00;32:*.au=00;32:*.mid=00;32:*.mp3=00;32:*.ogg=00;32:*.voc=00;32:*.wav=00;32:'), ('XAUTHORITY', '/run/user/1000/gdm/Xauthority'), ('XDG_SESSION_DESKTOP', 'ubuntu'), ('XMODIFIERS', '@im=ibus'), ('TERM_PROGRAM', 'vscode'), ('VSCODE_GIT_IPC_HANDLE', '/run/user/1000/vscode-git-8011e79f48.sock'), ('AMENT_PREFIX_PATH', '/home/cjs/Health_Node/ros2_ws/install/pkg02_lifecycle_cpp:/home/cjs/Health_Node/ros2_ws/install/pkg01_healthoper_cpp:/home/cjs/Health_Node/ros2_ws/install/base_interfaces_demo:/opt/ros/foxy'), ('ORIGINAL_XDG_CURRENT_DESKTOP', 'ubuntu:GNOME'), ('SSH_AUTH_SOCK', '/run/user/1000/keyring/ssh'), ('LC_NAME', 'zh_CN.UTF-8'), ('SHELL', '/usr/bin/zsh'), ('GDMSESSION', 'ubuntu'), ('QT_ACCESSIBILITY', '1'), ('LC_MEASUREMENT', 'zh_CN.UTF-8'), ('GPG_AGENT_INFO', '/run/user/1000/gnupg/S.gpg-agent:0:1'), ('LC_IDENTIFICATION', 'zh_CN.UTF-8'), ('QT_IM_MODULE', 'ibus'), ('VSCODE_GIT_ASKPASS_EXTRA_ARGS', ''), ('PWD', '/home/cjs/Health_Node/ros2_ws/build/pkg01_healthoper_cpp'), ('DBUS_STARTER_ADDRESS', 'unix:path=/run/user/1000/bus,guid=0fa02c7d661b6b7cbfd27f1066a0581b'), ('XDG_CONFIG_DIRS', '/etc/xdg/xdg-ubuntu:/etc/xdg'), ('XDG_DATA_DIRS', '/usr/share/ubuntu:/usr/local/share/:/usr/share/:/var/lib/snapd/desktop'), ('ZDOTDIR', '/home/cjs'), ('LC_NUMERIC', 'zh_CN.UTF-8'), ('PYTHONPATH', '/home/cjs/Health_Node/ros2_ws/install/base_interfaces_demo/lib/python3.8/site-packages:/opt/ros/foxy/lib/python3.8/site-packages'), ('LC_PAPER', 'zh_CN.UTF-8'), ('COLCON', '1'), ('VTE_VERSION', '6003'), ('CMAKE_PREFIX_PATH', '/home/cjs/Health_Node/ros2_ws/install/base_interfaces_demo:/home/cjs/Health_Node/ros2_ws/install/pkg02_lifecycle_cpp:/home/cjs/Health_Node/ros2_ws/install/pkg01_healthoper_cpp:/opt/ros/foxy')]), 'shell': False}
[0.099476] (-) TimerEvent: {}
[0.204137] (-) TimerEvent: {}
[0.265452] (pkg01_healthoper_cpp) StdoutLine: {'line': b'\x1b[35m\x1b[1mScanning dependencies of target health_oper\x1b[0m\n'}
[0.294115] (pkg01_healthoper_cpp) StdoutLine: {'line': b'[ 40%] Built target listener\n'}
[0.304872] (-) TimerEvent: {}
[0.406400] (-) TimerEvent: {}
[0.445768] (pkg01_healthoper_cpp) StdoutLine: {'line': b'[ 60%] \x1b[32mBuilding CXX object CMakeFiles/health_oper.dir/src/health_oper.cpp.o\x1b[0m\n'}
[0.507186] (-) TimerEvent: {}
[0.608002] (-) TimerEvent: {}
[0.708754] (-) TimerEvent: {}
[0.809452] (-) TimerEvent: {}
[0.910329] (-) TimerEvent: {}
[1.011101] (-) TimerEvent: {}
[1.111912] (-) TimerEvent: {}
[1.212694] (-) TimerEvent: {}
[1.314325] (-) TimerEvent: {}
[1.415046] (-) TimerEvent: {}
[1.516711] (-) TimerEvent: {}
[1.617511] (-) TimerEvent: {}
[1.718219] (-) TimerEvent: {}
[1.818909] (-) TimerEvent: {}
[1.919760] (-) TimerEvent: {}
[2.021255] (-) TimerEvent: {}
[2.122187] (-) TimerEvent: {}
[2.222919] (-) TimerEvent: {}
[2.324663] (-) TimerEvent: {}
[2.425305] (-) TimerEvent: {}
[2.526189] (-) TimerEvent: {}
[2.626953] (-) TimerEvent: {}
[2.728614] (-) TimerEvent: {}
[2.830341] (-) TimerEvent: {}
[2.931130] (-) TimerEvent: {}
[3.031828] (-) TimerEvent: {}
[3.132520] (-) TimerEvent: {}
[3.234109] (-) TimerEvent: {}
[3.334901] (-) TimerEvent: {}
[3.435667] (-) TimerEvent: {}
[3.536491] (-) TimerEvent: {}
[3.637191] (-) TimerEvent: {}
[3.737923] (-) TimerEvent: {}
[3.839517] (-) TimerEvent: {}
[3.940148] (-) TimerEvent: {}
[4.040976] (-) TimerEvent: {}
[4.141787] (-) TimerEvent: {}
[4.242589] (-) TimerEvent: {}
[4.343355] (-) TimerEvent: {}
[4.444049] (-) TimerEvent: {}
[4.544909] (-) TimerEvent: {}
[4.645675] (-) TimerEvent: {}
[4.746496] (-) TimerEvent: {}
[4.847388] (-) TimerEvent: {}
[4.948070] (-) TimerEvent: {}
[5.048850] (-) TimerEvent: {}
[5.149531] (-) TimerEvent: {}
[5.250160] (-) TimerEvent: {}
[5.350970] (-) TimerEvent: {}
[5.452450] (-) TimerEvent: {}
[5.553223] (-) TimerEvent: {}
[5.653978] (-) TimerEvent: {}
[5.755007] (-) TimerEvent: {}
[5.856579] (-) TimerEvent: {}
[5.957503] (-) TimerEvent: {}
[6.059011] (-) TimerEvent: {}
[6.159812] (-) TimerEvent: {}
[6.261261] (-) TimerEvent: {}
[6.362685] (-) TimerEvent: {}
[6.464288] (-) TimerEvent: {}
[6.564989] (-) TimerEvent: {}
[6.665827] (-) TimerEvent: {}
[6.767401] (-) TimerEvent: {}
[6.868032] (-) TimerEvent: {}
[6.972287] (-) TimerEvent: {}
[7.073257] (-) TimerEvent: {}
[7.174291] (-) TimerEvent: {}
[7.275773] (-) TimerEvent: {}
[7.377142] (-) TimerEvent: {}
[7.478035] (-) TimerEvent: {}
[7.578784] (-) TimerEvent: {}
[7.679604] (-) TimerEvent: {}
[7.780914] (-) TimerEvent: {}
[7.882328] (-) TimerEvent: {}
[7.983261] (-) TimerEvent: {}
[8.083832] (-) TimerEvent: {}
[8.185509] (-) TimerEvent: {}
[8.287175] (-) TimerEvent: {}
[8.388751] (-) TimerEvent: {}
[8.489380] (-) TimerEvent: {}
[8.590090] (-) TimerEvent: {}
[8.691865] (-) TimerEvent: {}
[8.793246] (-) TimerEvent: {}
[8.893990] (-) TimerEvent: {}
[8.995591] (-) TimerEvent: {}
[9.096762] (-) TimerEvent: {}
[9.197901] (-) TimerEvent: {}
[9.299221] (-) TimerEvent: {}
[9.400755] (-) TimerEvent: {}
[9.502531] (-) TimerEvent: {}
[9.604013] (-) TimerEvent: {}
[9.704906] (-) TimerEvent: {}
[9.806409] (-) TimerEvent: {}
[9.906972] (-) TimerEvent: {}
[10.008570] (-) TimerEvent: {}
[10.110067] (-) TimerEvent: {}
[10.210760] (-) TimerEvent: {}
[10.311481] (-) TimerEvent: {}
[10.412810] (-) TimerEvent: {}
[10.514388] (-) TimerEvent: {}
[10.615480] (-) TimerEvent: {}
[10.716201] (-) TimerEvent: {}
[10.817456] (-) TimerEvent: {}
[10.919085] (-) TimerEvent: {}
[11.020690] (-) TimerEvent: {}
[11.122111] (-) TimerEvent: {}
[11.223737] (-) TimerEvent: {}
[11.325096] (-) TimerEvent: {}
[11.425985] (-) TimerEvent: {}
[11.527079] (-) TimerEvent: {}
[11.628673] (-) TimerEvent: {}
[11.730201] (-) TimerEvent: {}
[11.831498] (-) TimerEvent: {}
[11.932199] (-) TimerEvent: {}
[12.034279] (-) TimerEvent: {}
[12.135141] (-) TimerEvent: {}
[12.236737] (-) TimerEvent: {}
[12.338144] (-) TimerEvent: {}
[12.439177] (-) TimerEvent: {}
[12.540291] (-) TimerEvent: {}
[12.641246] (-) TimerEvent: {}
[12.742833] (-) TimerEvent: {}
[12.844120] (-) TimerEvent: {}
[12.945908] (-) TimerEvent: {}
[13.047494] (-) TimerEvent: {}
[13.148922] (-) TimerEvent: {}
[13.249581] (-) TimerEvent: {}
[13.351138] (-) TimerEvent: {}
[13.452814] (-) TimerEvent: {}
[13.553515] (-) TimerEvent: {}
[13.654989] (-) TimerEvent: {}
[13.756472] (-) TimerEvent: {}
[13.857846] (-) TimerEvent: {}
[13.958522] (-) TimerEvent: {}
[14.060139] (-) TimerEvent: {}
[14.161409] (-) TimerEvent: {}
[14.262862] (-) TimerEvent: {}
[14.364553] (-) TimerEvent: {}
[14.466137] (-) TimerEvent: {}
[14.567221] (-) TimerEvent: {}
[14.668459] (-) TimerEvent: {}
[14.770004] (-) TimerEvent: {}
[14.870644] (-) TimerEvent: {}
[14.972140] (-) TimerEvent: {}
[15.073555] (-) TimerEvent: {}
[15.174240] (-) TimerEvent: {}
[15.275819] (-) TimerEvent: {}
[15.376450] (-) TimerEvent: {}
[15.477762] (-) TimerEvent: {}
[15.579266] (-) TimerEvent: {}
[15.679933] (-) TimerEvent: {}
[15.781349] (-) TimerEvent: {}
[15.882865] (-) TimerEvent: {}
[15.984475] (-) TimerEvent: {}
[16.085933] (-) TimerEvent: {}
[16.187006] (-) TimerEvent: {}
[16.288652] (-) TimerEvent: {}
[16.390093] (-) TimerEvent: {}
[16.490789] (-) TimerEvent: {}
[16.592301] (-) TimerEvent: {}
[16.693830] (-) TimerEvent: {}
[16.794621] (-) TimerEvent: {}
[16.896078] (-) TimerEvent: {}
[16.996645] (-) TimerEvent: {}
[17.098211] (-) TimerEvent: {}
[17.199705] (-) TimerEvent: {}
[17.300494] (-) TimerEvent: {}
[17.401871] (-) TimerEvent: {}
[17.503364] (-) TimerEvent: {}
[17.604125] (-) TimerEvent: {}
[17.704807] (-) TimerEvent: {}
[17.805527] (-) TimerEvent: {}
[17.906723] (-) TimerEvent: {}
[18.007528] (-) TimerEvent: {}
[18.108400] (-) TimerEvent: {}
[18.209936] (-) TimerEvent: {}
[18.310699] (-) TimerEvent: {}
[18.412415] (-) TimerEvent: {}
[18.514034] (-) TimerEvent: {}
[18.614706] (-) TimerEvent: {}
[18.716241] (-) TimerEvent: {}
[18.817727] (-) TimerEvent: {}
[18.919078] (-) TimerEvent: {}
[19.019877] (-) TimerEvent: {}
[19.120977] (-) TimerEvent: {}
[19.221598] (-) TimerEvent: {}
[19.322257] (-) TimerEvent: {}
[19.423700] (-) TimerEvent: {}
[19.524298] (-) TimerEvent: {}
[19.626155] (-) TimerEvent: {}
[19.727472] (-) TimerEvent: {}
[19.828239] (-) TimerEvent: {}
[19.929758] (-) TimerEvent: {}
[20.030506] (-) TimerEvent: {}
[20.131454] (-) TimerEvent: {}
[20.232757] (-) TimerEvent: {}
[20.334343] (-) TimerEvent: {}
[20.436017] (-) TimerEvent: {}
[20.537508] (-) TimerEvent: {}
[20.639050] (-) TimerEvent: {}
[20.740453] (-) TimerEvent: {}
[20.841898] (-) TimerEvent: {}
[20.942709] (-) TimerEvent: {}
[21.044311] (-) TimerEvent: {}
[21.145626] (-) TimerEvent: {}
[21.246314] (-) TimerEvent: {}
[21.347111] (-) TimerEvent: {}
[21.448773] (-) TimerEvent: {}
[21.550387] (-) TimerEvent: {}
[21.651170] (-) TimerEvent: {}
[21.752107] (-) TimerEvent: {}
[21.853445] (-) TimerEvent: {}
[21.954275] (-) TimerEvent: {}
[22.055492] (-) TimerEvent: {}
[22.156744] (-) TimerEvent: {}
[22.159248] (pkg01_healthoper_cpp) StdoutLine: {'line': b'[ 80%] \x1b[32m\x1b[1mLinking CXX executable health_oper\x1b[0m\n'}
[22.257644] (-) TimerEvent: {}
[22.359183] (-) TimerEvent: {}
[22.460818] (-) TimerEvent: {}
[22.562283] (-) TimerEvent: {}
[22.663858] (-) TimerEvent: {}
[22.764611] (-) TimerEvent: {}
[22.866180] (-) TimerEvent: {}
[22.966857] (-) TimerEvent: {}
[23.068465] (-) TimerEvent: {}
[23.169920] (-) TimerEvent: {}
[23.270683] (-) TimerEvent: {}
[23.371824] (-) TimerEvent: {}
[23.473021] (-) TimerEvent: {}
[23.574118] (-) TimerEvent: {}
[23.675186] (-) TimerEvent: {}
[23.775811] (-) TimerEvent: {}
[23.876574] (-) TimerEvent: {}
[23.978493] (-) TimerEvent: {}
[24.080043] (-) TimerEvent: {}
[24.181612] (-) TimerEvent: {}
[24.283006] (-) TimerEvent: {}
[24.384614] (-) TimerEvent: {}
[24.486245] (-) TimerEvent: {}
[24.587776] (-) TimerEvent: {}
[24.641632] (pkg01_healthoper_cpp) StderrLine: {'line': b"/usr/bin/ld: CMakeFiles/health_oper.dir/src/health_oper.cpp.o: in function `HealthOperator::HealthOperator()':\n"}
[24.642825] (pkg01_healthoper_cpp) StderrLine: {'line': b"health_oper.cpp:(.text._ZN14HealthOperatorC2Ev[_ZN14HealthOperatorC5Ev]+0x4ac): undefined reference to `ament_index_cpp::get_package_share_directory(std::__cxx11::basic_string<char, std::char_traits<char>, std::allocator<char> > const&)'\n"}
[24.643009] (pkg01_healthoper_cpp) StderrLine: {'line': b'collect2: error: ld returned 1 exit status\n'}
[24.651726] (pkg01_healthoper_cpp) StderrLine: {'line': b'make[2]: *** [CMakeFiles/health_oper.dir/build.make:162: health_oper] Error 1\n'}
[24.652150] (pkg01_healthoper_cpp) StderrLine: {'line': b'make[1]: *** [CMakeFiles/Makefile2:134: CMakeFiles/health_oper.dir/all] Error 2\n'}
[24.653708] (pkg01_healthoper_cpp) StderrLine: {'line': b'make: *** [Makefile:141: all] Error 2\n'}
[24.663131] (pkg01_healthoper_cpp) CommandEnded: {'returncode': 2}
[24.688262] (-) TimerEvent: {}
[24.789783] (-) TimerEvent: {}
[24.844918] (pkg01_healthoper_cpp) JobEnded: {'identifier': 'pkg01_healthoper_cpp', 'rc': 2}
[24.847895] (-) EventReactorShutdown: {}
