[0.000000] (-) TimerEvent: {}
[0.001416] (-) JobUnselected: {'identifier': 'base_interfaces_demo'}
[0.001576] (-) JobUnselected: {'identifier': 'pkg01_healthoper_cpp'}
[0.001627] (pkg02_lifecycle_cpp) JobQueued: {'identifier': 'pkg02_lifecycle_cpp', 'dependencies': OrderedDict([('base_interfaces_demo', '/home/cjs/Health_Node/ros2_ws/install/base_interfaces_demo')])}
[0.001694] (pkg02_lifecycle_cpp) JobStarted: {'identifier': 'pkg02_lifecycle_cpp'}
[0.047580] (pkg02_lifecycle_cpp) JobProgress: {'identifier': 'pkg02_lifecycle_cpp', 'progress': 'cmake'}
[0.050966] (pkg02_lifecycle_cpp) JobProgress: {'identifier': 'pkg02_lifecycle_cpp', 'progress': 'build'}
[0.052597] (pkg02_lifecycle_cpp) Command: {'cmd': ['/usr/bin/cmake', '--build', '/home/cjs/Health_Node/ros2_ws/build/pkg02_lifecycle_cpp', '--', '-j4', '-l4'], 'cwd': '/home/cjs/Health_Node/ros2_ws/build/pkg02_lifecycle_cpp', 'env': OrderedDict([('LC_TIME', 'zh_CN.UTF-8'), ('USER', 'cjs'), ('SSH_AGENT_PID', '1542'), ('XDG_SESSION_TYPE', 'x11'), ('GIT_ASKPASS', '/snap/code/164/usr/share/code/resources/app/extensions/git/dist/askpass.sh'), ('LD_LIBRARY_PATH', '/home/cjs/Health_Node/ros2_ws/install/base_interfaces_demo/lib:/opt/ros/foxy/opt/yaml_cpp_vendor/lib:/opt/ros/foxy/opt/rviz_ogre_vendor/lib:/opt/ros/foxy/lib/x86_64-linux-gnu:/opt/ros/foxy/lib'), ('SHLVL', '2'), ('CHROME_DESKTOP', 'code-url-handler.desktop'), ('HOME', '/home/cjs'), ('LESS', '-R'), ('OLDPWD', '/home/cjs/Health_Node/ros2_ws/src'), ('DESKTOP_SESSION', 'ubuntu'), ('TERM_PROGRAM_VERSION', '1.91.1'), ('LSCOLORS', 'Gxfxcxdxbxegedabagacad'), ('ZSH', '/home/cjs/.oh-my-zsh'), ('ALL', 'en.US.UTF-8'), ('GNOME_SHELL_SESSION_MODE', 'ubuntu'), ('GTK_MODULES', 'gail:atk-bridge'), ('PAGER', 'less'), ('ROS_PYTHON_VERSION', '3'), ('VSCODE_GIT_ASKPASS_MAIN', '/snap/code/164/usr/share/code/resources/app/extensions/git/dist/askpass-main.js'), ('LC_MONETARY', 'zh_CN.UTF-8'), ('MANAGERPID', '1446'), ('VSCODE_GIT_ASKPASS_NODE', '/snap/code/164/usr/share/code/code'), ('DBUS_SESSION_BUS_ADDRESS', 'unix:path=/run/user/1000/bus,guid=0fa02c7d661b6b7cbfd27f1066a0581b'), ('DBUS_STARTER_BUS_TYPE', 'session'), ('COLORTERM', 'truecolor'), ('IM_CONFIG_PHASE', '1'), ('ROS_DISTRO', 'foxy'), ('LOGNAME', 'cjs'), ('JOURNAL_STREAM', '8:56620'), ('_', '/usr/bin/colcon'), ('ROS_VERSION', '2'), ('XDG_CONFIG_DIRS_VSCODE_SNAP_ORIG', '/etc/xdg/xdg-ubuntu:/etc/xdg'), ('XDG_DATA_DIRS_VSCODE_SNAP_ORIG', '/usr/share/ubuntu:/usr/local/share/:/usr/share/:/var/lib/snapd/desktop'), ('XDG_SESSION_CLASS', 'user'), ('USER_ZDOTDIR', '/home/cjs'), ('TERM', 'xterm-256color'), ('USERNAME', 'cjs'), ('GNOME_DESKTOP_SESSION_ID', 'this-is-deprecated'), ('ROS_LOCALHOST_ONLY', '0'), ('WINDOWPATH', '2'), ('PATH', '/opt/ros/foxy/bin:/usr/local/sbin:/usr/local/bin:/usr/sbin:/usr/bin:/sbin:/bin:/usr/games:/usr/local/games:/snap/bin'), ('INVOCATION_ID', '9e60448dcc804a64942f76a12b382da6'), ('SESSION_MANAGER', 'local/cjs-virtual-machine:@/tmp/.ICE-unix/1577,unix/cjs-virtual-machine:/tmp/.ICE-unix/1577'), ('LC_ADDRESS', 'zh_CN.UTF-8'), ('XDG_MENU_PREFIX', 'gnome-'), ('XDG_RUNTIME_DIR', '/run/user/1000'), ('DISPLAY', ':0'), ('LANG', 'en_US.UTF-8'), ('LC_TELEPHONE', 'zh_CN.UTF-8'), ('TILIX_ID', 'aa2b7333-90b5-4e62-8b6d-36f0a2a23156'), ('XDG_CURRENT_DESKTOP', 'Unity'), ('VSCODE_INJECTION', '1'), ('LS_COLORS', 'no=00:fi=00:di=01;34:ln=00;36:pi=40;33:so=01;35:do=01;35:bd=40;33;01:cd=40;33;01:or=41;33;01:ex=00;32:*.cmd=00;32:*.exe=01;32:*.com=01;32:*.bat=01;32:*.btm=01;32:*.dll=01;32:*.tar=00;31:*.tbz=00;31:*.tgz=00;31:*.rpm=00;31:*.deb=00;31:*.arj=00;31:*.taz=00;31:*.lzh=00;31:*.lzma=00;31:*.zip=00;31:*.zoo=00;31:*.z=00;31:*.Z=00;31:*.gz=00;31:*.bz2=00;31:*.tb2=00;31:*.tz2=00;31:*.tbz2=00;31:*.avi=01;35:*.bmp=01;35:*.fli=01;35:*.gif=01;35:*.jpg=01;35:*.jpeg=01;35:*.mng=01;35:*.mov=01;35:*.mpg=01;35:*.pcx=01;35:*.pbm=01;35:*.pgm=01;35:*.png=01;35:*.ppm=01;35:*.tga=01;35:*.tif=01;35:*.xbm=01;35:*.xpm=01;35:*.dl=01;35:*.gl=01;35:*.wmv=01;35:*.aiff=00;32:*.au=00;32:*.mid=00;32:*.mp3=00;32:*.ogg=00;32:*.voc=00;32:*.wav=00;32:'), ('XAUTHORITY', '/run/user/1000/gdm/Xauthority'), ('XDG_SESSION_DESKTOP', 'ubuntu'), ('XMODIFIERS', '@im=ibus'), ('TERM_PROGRAM', 'vscode'), ('VSCODE_GIT_IPC_HANDLE', '/run/user/1000/vscode-git-8011e79f48.sock'), ('AMENT_PREFIX_PATH', '/home/cjs/Health_Node/ros2_ws/install/base_interfaces_demo:/opt/ros/foxy'), ('ORIGINAL_XDG_CURRENT_DESKTOP', 'ubuntu:GNOME'), ('SSH_AUTH_SOCK', '/run/user/1000/keyring/ssh'), ('LC_NAME', 'zh_CN.UTF-8'), ('SHELL', '/usr/bin/zsh'), ('GDMSESSION', 'ubuntu'), ('QT_ACCESSIBILITY', '1'), ('LC_MEASUREMENT', 'zh_CN.UTF-8'), ('GPG_AGENT_INFO', '/run/user/1000/gnupg/S.gpg-agent:0:1'), ('LC_IDENTIFICATION', 'zh_CN.UTF-8'), ('QT_IM_MODULE', 'ibus'), ('VSCODE_GIT_ASKPASS_EXTRA_ARGS', ''), ('PWD', '/home/cjs/Health_Node/ros2_ws/build/pkg02_lifecycle_cpp'), ('DBUS_STARTER_ADDRESS', 'unix:path=/run/user/1000/bus,guid=0fa02c7d661b6b7cbfd27f1066a0581b'), ('XDG_CONFIG_DIRS', '/etc/xdg/xdg-ubuntu:/etc/xdg'), ('XDG_DATA_DIRS', '/usr/share/ubuntu:/usr/local/share/:/usr/share/:/var/lib/snapd/desktop'), ('ZDOTDIR', '/home/cjs'), ('LC_NUMERIC', 'zh_CN.UTF-8'), ('PYTHONPATH', '/home/cjs/Health_Node/ros2_ws/install/base_interfaces_demo/lib/python3.8/site-packages:/opt/ros/foxy/lib/python3.8/site-packages'), ('LC_PAPER', 'zh_CN.UTF-8'), ('COLCON', '1'), ('VTE_VERSION', '6003'), ('CMAKE_PREFIX_PATH', '/home/cjs/Health_Node/ros2_ws/install/base_interfaces_demo:/opt/ros/foxy')]), 'shell': False}
[0.098121] (-) TimerEvent: {}
[0.153056] (pkg02_lifecycle_cpp) StdoutLine: {'line': b'-- Found ament_cmake: 0.9.12 (/opt/ros/foxy/share/ament_cmake/cmake)\n'}
[0.198686] (-) TimerEvent: {}
[0.204457] (pkg02_lifecycle_cpp) StdoutLine: {'line': b'-- Using PYTHON_EXECUTABLE: /usr/bin/python3\n'}
[0.299228] (-) TimerEvent: {}
[0.400944] (-) TimerEvent: {}
[0.502466] (-) TimerEvent: {}
[0.572278] (pkg02_lifecycle_cpp) StdoutLine: {'line': b'-- Found rclcpp: 2.4.3 (/opt/ros/foxy/share/rclcpp/cmake)\n'}
[0.603086] (-) TimerEvent: {}
[0.642609] (pkg02_lifecycle_cpp) StdoutLine: {'line': b'-- Using all available rosidl_typesupport_c: rosidl_typesupport_fastrtps_c;rosidl_typesupport_introspection_c\n'}
[0.651623] (pkg02_lifecycle_cpp) StdoutLine: {'line': b'-- Found rosidl_adapter: 1.3.1 (/opt/ros/foxy/share/rosidl_adapter/cmake)\n'}
[0.703434] (-) TimerEvent: {}
[0.804160] (-) TimerEvent: {}
[0.894984] (pkg02_lifecycle_cpp) StdoutLine: {'line': b'-- Using all available rosidl_typesupport_cpp: rosidl_typesupport_fastrtps_cpp;rosidl_typesupport_introspection_cpp\n'}
[0.904514] (-) TimerEvent: {}
[0.981871] (pkg02_lifecycle_cpp) StdoutLine: {'line': b'-- Found rmw_implementation_cmake: 1.0.4 (/opt/ros/foxy/share/rmw_implementation_cmake/cmake)\n'}
[0.984074] (pkg02_lifecycle_cpp) StdoutLine: {'line': b"-- Using RMW implementation 'rmw_fastrtps_cpp' as default\n"}
[1.004908] (-) TimerEvent: {}
[1.105902] (-) TimerEvent: {}
[1.207239] (-) TimerEvent: {}
[1.214379] (pkg02_lifecycle_cpp) StdoutLine: {'line': b'-- Found lifecycle_msgs: 1.0.0 (/opt/ros/foxy/share/lifecycle_msgs/cmake)\n'}
[1.232459] (pkg02_lifecycle_cpp) StdoutLine: {'line': b'-- Found rclcpp_lifecycle: 2.4.3 (/opt/ros/foxy/share/rclcpp_lifecycle/cmake)\n'}
[1.261239] (pkg02_lifecycle_cpp) StdoutLine: {'line': b'-- Found base_interfaces_demo: 0.0.0 (/home/cjs/Health_Node/ros2_ws/install/base_interfaces_demo/share/base_interfaces_demo/cmake)\n'}
[1.308097] (-) TimerEvent: {}
[1.408877] (-) TimerEvent: {}
[1.438246] (pkg02_lifecycle_cpp) StdoutLine: {'line': b'-- Found ament_lint_auto: 0.9.8 (/opt/ros/foxy/share/ament_lint_auto/cmake)\n'}
[1.509493] (-) TimerEvent: {}
[1.579597] (pkg02_lifecycle_cpp) StdoutLine: {'line': b"-- Added test 'copyright' to check source files copyright and LICENSE\n"}
[1.583580] (pkg02_lifecycle_cpp) StdoutLine: {'line': b"-- Added test 'cppcheck' to perform static code analysis on C / C++ code\n"}
[1.584040] (pkg02_lifecycle_cpp) StdoutLine: {'line': b'-- Configured cppcheck include dirs: $<BUILD_INTERFACE:/home/cjs/Health_Node/ros2_ws/src/pkg02_lifecycle_cpp/include>\n'}
[1.584230] (pkg02_lifecycle_cpp) StdoutLine: {'line': b'-- Configured cppcheck exclude dirs and/or files: \n'}
[1.587566] (pkg02_lifecycle_cpp) StdoutLine: {'line': b"-- Added test 'cpplint' to check C / C++ code against the Google style\n"}
[1.587829] (pkg02_lifecycle_cpp) StdoutLine: {'line': b'-- Configured cpplint exclude dirs and/or files: \n'}
[1.589360] (pkg02_lifecycle_cpp) StdoutLine: {'line': b"-- Added test 'lint_cmake' to check CMake code style\n"}
[1.593029] (pkg02_lifecycle_cpp) StdoutLine: {'line': b"-- Added test 'uncrustify' to check C / C++ code style\n"}
[1.593290] (pkg02_lifecycle_cpp) StdoutLine: {'line': b'-- Configured uncrustify additional arguments: \n'}
[1.593885] (pkg02_lifecycle_cpp) StdoutLine: {'line': b"-- Added test 'xmllint' to check XML markup files\n"}
[1.606478] (pkg02_lifecycle_cpp) StdoutLine: {'line': b'-- Configuring done\n'}
[1.610143] (-) TimerEvent: {}
[1.652798] (pkg02_lifecycle_cpp) StdoutLine: {'line': b'-- Generating done\n'}
[1.657912] (pkg02_lifecycle_cpp) StdoutLine: {'line': b'-- Build files have been written to: /home/cjs/Health_Node/ros2_ws/build/pkg02_lifecycle_cpp\n'}
[1.714868] (-) TimerEvent: {}
[1.774001] (pkg02_lifecycle_cpp) StdoutLine: {'line': b'\x1b[35m\x1b[1mScanning dependencies of target lifecycle_node\x1b[0m\n'}
[1.816179] (-) TimerEvent: {}
[1.917739] (-) TimerEvent: {}
[1.991652] (pkg02_lifecycle_cpp) StdoutLine: {'line': b'[ 50%] \x1b[32mBuilding CXX object CMakeFiles/lifecycle_node.dir/src/lifecycle_oper.cpp.o\x1b[0m\n'}
[2.018399] (-) TimerEvent: {}
[2.119738] (-) TimerEvent: {}
[2.221353] (-) TimerEvent: {}
[2.322605] (-) TimerEvent: {}
[2.424302] (-) TimerEvent: {}
[2.525367] (-) TimerEvent: {}
[2.626106] (-) TimerEvent: {}
[2.727479] (-) TimerEvent: {}
[2.828867] (-) TimerEvent: {}
[2.930622] (-) TimerEvent: {}
[3.032150] (-) TimerEvent: {}
[3.132804] (-) TimerEvent: {}
[3.233894] (-) TimerEvent: {}
[3.334584] (-) TimerEvent: {}
[3.436008] (-) TimerEvent: {}
[3.536832] (-) TimerEvent: {}
[3.638189] (-) TimerEvent: {}
[3.738746] (-) TimerEvent: {}
[3.839994] (-) TimerEvent: {}
[3.940894] (-) TimerEvent: {}
[4.042328] (-) TimerEvent: {}
[4.143763] (-) TimerEvent: {}
[4.244480] (-) TimerEvent: {}
[4.345720] (-) TimerEvent: {}
[4.446395] (-) TimerEvent: {}
[4.547099] (-) TimerEvent: {}
[4.647901] (-) TimerEvent: {}
[4.748942] (-) TimerEvent: {}
[4.849727] (-) TimerEvent: {}
[4.950900] (-) TimerEvent: {}
[5.051781] (-) TimerEvent: {}
[5.152945] (-) TimerEvent: {}
[5.254503] (-) TimerEvent: {}
[5.355223] (-) TimerEvent: {}
[5.456491] (-) TimerEvent: {}
[5.558017] (-) TimerEvent: {}
[5.659528] (-) TimerEvent: {}
[5.761009] (-) TimerEvent: {}
[5.862601] (-) TimerEvent: {}
[5.963262] (-) TimerEvent: {}
[6.064526] (-) TimerEvent: {}
[6.166222] (-) TimerEvent: {}
[6.267678] (-) TimerEvent: {}
[6.369185] (-) TimerEvent: {}
[6.470693] (-) TimerEvent: {}
[6.572199] (-) TimerEvent: {}
[6.673679] (-) TimerEvent: {}
[6.774398] (-) TimerEvent: {}
[6.875775] (-) TimerEvent: {}
[6.977202] (-) TimerEvent: {}
[7.078875] (-) TimerEvent: {}
[7.180319] (-) TimerEvent: {}
[7.281866] (-) TimerEvent: {}
[7.382451] (-) TimerEvent: {}
[7.483754] (-) TimerEvent: {}
[7.584394] (-) TimerEvent: {}
[7.685462] (-) TimerEvent: {}
[7.787013] (-) TimerEvent: {}
[7.843470] (pkg02_lifecycle_cpp) StdoutLine: {'line': b'[100%] \x1b[32m\x1b[1mLinking CXX executable lifecycle_node\x1b[0m\n'}
[7.888274] (-) TimerEvent: {}
[7.989065] (-) TimerEvent: {}
[8.090579] (-) TimerEvent: {}
[8.191643] (-) TimerEvent: {}
[8.293222] (-) TimerEvent: {}
[8.393715] (-) TimerEvent: {}
[8.494276] (-) TimerEvent: {}
[8.574621] (pkg02_lifecycle_cpp) StdoutLine: {'line': b'[100%] Built target lifecycle_node\n'}
[8.594691] (-) TimerEvent: {}
[8.648658] (pkg02_lifecycle_cpp) CommandEnded: {'returncode': 0}
[8.695123] (-) TimerEvent: {}
[8.776564] (pkg02_lifecycle_cpp) JobProgress: {'identifier': 'pkg02_lifecycle_cpp', 'progress': 'install'}
[8.796317] (-) TimerEvent: {}
[8.815786] (pkg02_lifecycle_cpp) Command: {'cmd': ['/usr/bin/cmake', '--install', '/home/cjs/Health_Node/ros2_ws/build/pkg02_lifecycle_cpp'], 'cwd': '/home/cjs/Health_Node/ros2_ws/build/pkg02_lifecycle_cpp', 'env': OrderedDict([('LC_TIME', 'zh_CN.UTF-8'), ('USER', 'cjs'), ('SSH_AGENT_PID', '1542'), ('XDG_SESSION_TYPE', 'x11'), ('GIT_ASKPASS', '/snap/code/164/usr/share/code/resources/app/extensions/git/dist/askpass.sh'), ('LD_LIBRARY_PATH', '/home/cjs/Health_Node/ros2_ws/install/base_interfaces_demo/lib:/opt/ros/foxy/opt/yaml_cpp_vendor/lib:/opt/ros/foxy/opt/rviz_ogre_vendor/lib:/opt/ros/foxy/lib/x86_64-linux-gnu:/opt/ros/foxy/lib'), ('SHLVL', '2'), ('CHROME_DESKTOP', 'code-url-handler.desktop'), ('HOME', '/home/cjs'), ('LESS', '-R'), ('OLDPWD', '/home/cjs/Health_Node/ros2_ws/src'), ('DESKTOP_SESSION', 'ubuntu'), ('TERM_PROGRAM_VERSION', '1.91.1'), ('LSCOLORS', 'Gxfxcxdxbxegedabagacad'), ('ZSH', '/home/cjs/.oh-my-zsh'), ('ALL', 'en.US.UTF-8'), ('GNOME_SHELL_SESSION_MODE', 'ubuntu'), ('GTK_MODULES', 'gail:atk-bridge'), ('PAGER', 'less'), ('ROS_PYTHON_VERSION', '3'), ('VSCODE_GIT_ASKPASS_MAIN', '/snap/code/164/usr/share/code/resources/app/extensions/git/dist/askpass-main.js'), ('LC_MONETARY', 'zh_CN.UTF-8'), ('MANAGERPID', '1446'), ('VSCODE_GIT_ASKPASS_NODE', '/snap/code/164/usr/share/code/code'), ('DBUS_SESSION_BUS_ADDRESS', 'unix:path=/run/user/1000/bus,guid=0fa02c7d661b6b7cbfd27f1066a0581b'), ('DBUS_STARTER_BUS_TYPE', 'session'), ('COLORTERM', 'truecolor'), ('IM_CONFIG_PHASE', '1'), ('ROS_DISTRO', 'foxy'), ('LOGNAME', 'cjs'), ('JOURNAL_STREAM', '8:56620'), ('_', '/usr/bin/colcon'), ('ROS_VERSION', '2'), ('XDG_CONFIG_DIRS_VSCODE_SNAP_ORIG', '/etc/xdg/xdg-ubuntu:/etc/xdg'), ('XDG_DATA_DIRS_VSCODE_SNAP_ORIG', '/usr/share/ubuntu:/usr/local/share/:/usr/share/:/var/lib/snapd/desktop'), ('XDG_SESSION_CLASS', 'user'), ('USER_ZDOTDIR', '/home/cjs'), ('TERM', 'xterm-256color'), ('USERNAME', 'cjs'), ('GNOME_DESKTOP_SESSION_ID', 'this-is-deprecated'), ('ROS_LOCALHOST_ONLY', '0'), ('WINDOWPATH', '2'), ('PATH', '/opt/ros/foxy/bin:/usr/local/sbin:/usr/local/bin:/usr/sbin:/usr/bin:/sbin:/bin:/usr/games:/usr/local/games:/snap/bin'), ('INVOCATION_ID', '9e60448dcc804a64942f76a12b382da6'), ('SESSION_MANAGER', 'local/cjs-virtual-machine:@/tmp/.ICE-unix/1577,unix/cjs-virtual-machine:/tmp/.ICE-unix/1577'), ('LC_ADDRESS', 'zh_CN.UTF-8'), ('XDG_MENU_PREFIX', 'gnome-'), ('XDG_RUNTIME_DIR', '/run/user/1000'), ('DISPLAY', ':0'), ('LANG', 'en_US.UTF-8'), ('LC_TELEPHONE', 'zh_CN.UTF-8'), ('TILIX_ID', 'aa2b7333-90b5-4e62-8b6d-36f0a2a23156'), ('XDG_CURRENT_DESKTOP', 'Unity'), ('VSCODE_INJECTION', '1'), ('LS_COLORS', 'no=00:fi=00:di=01;34:ln=00;36:pi=40;33:so=01;35:do=01;35:bd=40;33;01:cd=40;33;01:or=41;33;01:ex=00;32:*.cmd=00;32:*.exe=01;32:*.com=01;32:*.bat=01;32:*.btm=01;32:*.dll=01;32:*.tar=00;31:*.tbz=00;31:*.tgz=00;31:*.rpm=00;31:*.deb=00;31:*.arj=00;31:*.taz=00;31:*.lzh=00;31:*.lzma=00;31:*.zip=00;31:*.zoo=00;31:*.z=00;31:*.Z=00;31:*.gz=00;31:*.bz2=00;31:*.tb2=00;31:*.tz2=00;31:*.tbz2=00;31:*.avi=01;35:*.bmp=01;35:*.fli=01;35:*.gif=01;35:*.jpg=01;35:*.jpeg=01;35:*.mng=01;35:*.mov=01;35:*.mpg=01;35:*.pcx=01;35:*.pbm=01;35:*.pgm=01;35:*.png=01;35:*.ppm=01;35:*.tga=01;35:*.tif=01;35:*.xbm=01;35:*.xpm=01;35:*.dl=01;35:*.gl=01;35:*.wmv=01;35:*.aiff=00;32:*.au=00;32:*.mid=00;32:*.mp3=00;32:*.ogg=00;32:*.voc=00;32:*.wav=00;32:'), ('XAUTHORITY', '/run/user/1000/gdm/Xauthority'), ('XDG_SESSION_DESKTOP', 'ubuntu'), ('XMODIFIERS', '@im=ibus'), ('TERM_PROGRAM', 'vscode'), ('VSCODE_GIT_IPC_HANDLE', '/run/user/1000/vscode-git-8011e79f48.sock'), ('AMENT_PREFIX_PATH', '/home/cjs/Health_Node/ros2_ws/install/base_interfaces_demo:/opt/ros/foxy'), ('ORIGINAL_XDG_CURRENT_DESKTOP', 'ubuntu:GNOME'), ('SSH_AUTH_SOCK', '/run/user/1000/keyring/ssh'), ('LC_NAME', 'zh_CN.UTF-8'), ('SHELL', '/usr/bin/zsh'), ('GDMSESSION', 'ubuntu'), ('QT_ACCESSIBILITY', '1'), ('LC_MEASUREMENT', 'zh_CN.UTF-8'), ('GPG_AGENT_INFO', '/run/user/1000/gnupg/S.gpg-agent:0:1'), ('LC_IDENTIFICATION', 'zh_CN.UTF-8'), ('QT_IM_MODULE', 'ibus'), ('VSCODE_GIT_ASKPASS_EXTRA_ARGS', ''), ('PWD', '/home/cjs/Health_Node/ros2_ws/build/pkg02_lifecycle_cpp'), ('DBUS_STARTER_ADDRESS', 'unix:path=/run/user/1000/bus,guid=0fa02c7d661b6b7cbfd27f1066a0581b'), ('XDG_CONFIG_DIRS', '/etc/xdg/xdg-ubuntu:/etc/xdg'), ('XDG_DATA_DIRS', '/usr/share/ubuntu:/usr/local/share/:/usr/share/:/var/lib/snapd/desktop'), ('ZDOTDIR', '/home/cjs'), ('LC_NUMERIC', 'zh_CN.UTF-8'), ('PYTHONPATH', '/home/cjs/Health_Node/ros2_ws/install/base_interfaces_demo/lib/python3.8/site-packages:/opt/ros/foxy/lib/python3.8/site-packages'), ('LC_PAPER', 'zh_CN.UTF-8'), ('COLCON', '1'), ('VTE_VERSION', '6003'), ('CMAKE_PREFIX_PATH', '/home/cjs/Health_Node/ros2_ws/install/base_interfaces_demo:/opt/ros/foxy')]), 'shell': False}
[8.864830] (pkg02_lifecycle_cpp) StdoutLine: {'line': b'-- Install configuration: ""\n'}
[8.870715] (pkg02_lifecycle_cpp) StdoutLine: {'line': b'-- Installing: /home/cjs/Health_Node/ros2_ws/install/pkg02_lifecycle_cpp/lib/pkg02_lifecycle_cpp/lifecycle_node\n'}
[8.877895] (pkg02_lifecycle_cpp) StdoutLine: {'line': b'-- Set runtime path of "/home/cjs/Health_Node/ros2_ws/install/pkg02_lifecycle_cpp/lib/pkg02_lifecycle_cpp/lifecycle_node" to ""\n'}
[8.878716] (pkg02_lifecycle_cpp) StdoutLine: {'line': b'-- Installing: /home/cjs/Health_Node/ros2_ws/install/pkg02_lifecycle_cpp/share/ament_index/resource_index/package_run_dependencies/pkg02_lifecycle_cpp\n'}
[8.879553] (pkg02_lifecycle_cpp) StdoutLine: {'line': b'-- Installing: /home/cjs/Health_Node/ros2_ws/install/pkg02_lifecycle_cpp/share/ament_index/resource_index/parent_prefix_path/pkg02_lifecycle_cpp\n'}
[8.880529] (pkg02_lifecycle_cpp) StdoutLine: {'line': b'-- Installing: /home/cjs/Health_Node/ros2_ws/install/pkg02_lifecycle_cpp/share/pkg02_lifecycle_cpp/environment/ament_prefix_path.sh\n'}
[8.881351] (pkg02_lifecycle_cpp) StdoutLine: {'line': b'-- Installing: /home/cjs/Health_Node/ros2_ws/install/pkg02_lifecycle_cpp/share/pkg02_lifecycle_cpp/environment/ament_prefix_path.dsv\n'}
[8.882258] (pkg02_lifecycle_cpp) StdoutLine: {'line': b'-- Installing: /home/cjs/Health_Node/ros2_ws/install/pkg02_lifecycle_cpp/share/pkg02_lifecycle_cpp/environment/path.sh\n'}
[8.883039] (pkg02_lifecycle_cpp) StdoutLine: {'line': b'-- Installing: /home/cjs/Health_Node/ros2_ws/install/pkg02_lifecycle_cpp/share/pkg02_lifecycle_cpp/environment/path.dsv\n'}
[8.883845] (pkg02_lifecycle_cpp) StdoutLine: {'line': b'-- Installing: /home/cjs/Health_Node/ros2_ws/install/pkg02_lifecycle_cpp/share/pkg02_lifecycle_cpp/local_setup.bash\n'}
[8.884667] (pkg02_lifecycle_cpp) StdoutLine: {'line': b'-- Installing: /home/cjs/Health_Node/ros2_ws/install/pkg02_lifecycle_cpp/share/pkg02_lifecycle_cpp/local_setup.sh\n'}
[8.885359] (pkg02_lifecycle_cpp) StdoutLine: {'line': b'-- Installing: /home/cjs/Health_Node/ros2_ws/install/pkg02_lifecycle_cpp/share/pkg02_lifecycle_cpp/local_setup.zsh\n'}
[8.886253] (pkg02_lifecycle_cpp) StdoutLine: {'line': b'-- Installing: /home/cjs/Health_Node/ros2_ws/install/pkg02_lifecycle_cpp/share/pkg02_lifecycle_cpp/local_setup.dsv\n'}
[8.887573] (pkg02_lifecycle_cpp) StdoutLine: {'line': b'-- Installing: /home/cjs/Health_Node/ros2_ws/install/pkg02_lifecycle_cpp/share/pkg02_lifecycle_cpp/package.dsv\n'}
[8.888041] (pkg02_lifecycle_cpp) StdoutLine: {'line': b'-- Installing: /home/cjs/Health_Node/ros2_ws/install/pkg02_lifecycle_cpp/share/ament_index/resource_index/packages/pkg02_lifecycle_cpp\n'}
[8.888849] (pkg02_lifecycle_cpp) StdoutLine: {'line': b'-- Installing: /home/cjs/Health_Node/ros2_ws/install/pkg02_lifecycle_cpp/share/pkg02_lifecycle_cpp/cmake/pkg02_lifecycle_cppConfig.cmake\n'}
[8.889458] (pkg02_lifecycle_cpp) StdoutLine: {'line': b'-- Installing: /home/cjs/Health_Node/ros2_ws/install/pkg02_lifecycle_cpp/share/pkg02_lifecycle_cpp/cmake/pkg02_lifecycle_cppConfig-version.cmake\n'}
[8.890450] (pkg02_lifecycle_cpp) StdoutLine: {'line': b'-- Installing: /home/cjs/Health_Node/ros2_ws/install/pkg02_lifecycle_cpp/share/pkg02_lifecycle_cpp/package.xml\n'}
[8.898521] (pkg02_lifecycle_cpp) CommandEnded: {'returncode': 0}
[8.901980] (-) TimerEvent: {}
[9.004273] (-) TimerEvent: {}
[9.090451] (pkg02_lifecycle_cpp) JobEnded: {'identifier': 'pkg02_lifecycle_cpp', 'rc': 0}
[9.095292] (-) EventReactorShutdown: {}
