[  0%] Built target base_interfaces_demo__cpp
[ 12%] Built target base_interfaces_demo__rosidl_generator_c
[ 24%] Built target base_interfaces_demo__rosidl_typesupport_cpp
[ 36%] Built target base_interfaces_demo__rosidl_typesupport_introspection_cpp
[ 48%] Built target base_interfaces_demo__rosidl_typesupport_introspection_c
[ 60%] Built target base_interfaces_demo__rosidl_typesupport_fastrtps_cpp
[ 72%] Built target base_interfaces_demo__rosidl_typesupport_c
[ 84%] Built target base_interfaces_demo__rosidl_typesupport_fastrtps_c
[ 84%] Built target base_interfaces_demo
[ 85%] Built target base_interfaces_demo__py
[ 96%] Built target base_interfaces_demo__python
[ 98%] Built target base_interfaces_demo__rosidl_typesupport_introspection_c__pyext
[ 99%] Built target base_interfaces_demo__rosidl_typesupport_fastrtps_c__pyext
[100%] Built target base_interfaces_demo__rosidl_typesupport_c__pyext
-- Install configuration: ""
-- Up-to-date: /home/cjs/Health_Node/ros2_ws/install/base_interfaces_demo/share/ament_index/resource_index/rosidl_interfaces/base_interfaces_demo
-- Up-to-date: /home/cjs/Health_Node/ros2_ws/install/base_interfaces_demo/include/base_interfaces_demo
-- Up-to-date: /home/cjs/Health_Node/ros2_ws/install/base_interfaces_demo/include/base_interfaces_demo/msg
-- Up-to-date: /home/cjs/Health_Node/ros2_ws/install/base_interfaces_demo/include/base_interfaces_demo/msg/bms_info.h
-- Up-to-date: /home/cjs/Health_Node/ros2_ws/install/base_interfaces_demo/include/base_interfaces_demo/msg/pub_sub_info.h
-- Up-to-date: /home/cjs/Health_Node/ros2_ws/install/base_interfaces_demo/include/base_interfaces_demo/msg/device_id.h
-- Up-to-date: /home/cjs/Health_Node/ros2_ws/install/base_interfaces_demo/include/base_interfaces_demo/msg/manual_seek_label.h
-- Up-to-date: /home/cjs/Health_Node/ros2_ws/install/base_interfaces_demo/include/base_interfaces_demo/msg/device_info.h
-- Up-to-date: /home/cjs/Health_Node/ros2_ws/install/base_interfaces_demo/include/base_interfaces_demo/msg/rosidl_generator_c__visibility_control.h
-- Up-to-date: /home/cjs/Health_Node/ros2_ws/install/base_interfaces_demo/include/base_interfaces_demo/msg/detail
-- Up-to-date: /home/cjs/Health_Node/ros2_ws/install/base_interfaces_demo/include/base_interfaces_demo/msg/detail/motor_status__functions.c
-- Up-to-date: /home/cjs/Health_Node/ros2_ws/install/base_interfaces_demo/include/base_interfaces_demo/msg/detail/core_info__functions.c
-- Up-to-date: /home/cjs/Health_Node/ros2_ws/install/base_interfaces_demo/include/base_interfaces_demo/msg/detail/bms_info__type_support.h
-- Up-to-date: /home/cjs/Health_Node/ros2_ws/install/base_interfaces_demo/include/base_interfaces_demo/msg/detail/seek_ret__type_support.h
-- Up-to-date: /home/cjs/Health_Node/ros2_ws/install/base_interfaces_demo/include/base_interfaces_demo/msg/detail/color_info__functions.c
-- Up-to-date: /home/cjs/Health_Node/ros2_ws/install/base_interfaces_demo/include/base_interfaces_demo/msg/detail/pallet_info__functions.h
-- Up-to-date: /home/cjs/Health_Node/ros2_ws/install/base_interfaces_demo/include/base_interfaces_demo/msg/detail/obs_laser__type_support.h
-- Up-to-date: /home/cjs/Health_Node/ros2_ws/install/base_interfaces_demo/include/base_interfaces_demo/msg/detail/manual__struct.h
-- Up-to-date: /home/cjs/Health_Node/ros2_ws/install/base_interfaces_demo/include/base_interfaces_demo/msg/detail/file_updata__struct.h
-- Up-to-date: /home/cjs/Health_Node/ros2_ws/install/base_interfaces_demo/include/base_interfaces_demo/msg/detail/pub_sub_info__struct.h
-- Up-to-date: /home/cjs/Health_Node/ros2_ws/install/base_interfaces_demo/include/base_interfaces_demo/msg/detail/motor_status__struct.h
-- Up-to-date: /home/cjs/Health_Node/ros2_ws/install/base_interfaces_demo/include/base_interfaces_demo/msg/detail/manual_seek_label__struct.h
-- Up-to-date: /home/cjs/Health_Node/ros2_ws/install/base_interfaces_demo/include/base_interfaces_demo/msg/detail/motor_status__type_support.h
-- Up-to-date: /home/cjs/Health_Node/ros2_ws/install/base_interfaces_demo/include/base_interfaces_demo/msg/detail/health_node__functions.c
-- Up-to-date: /home/cjs/Health_Node/ros2_ws/install/base_interfaces_demo/include/base_interfaces_demo/msg/detail/core_info__struct.h
-- Up-to-date: /home/cjs/Health_Node/ros2_ws/install/base_interfaces_demo/include/base_interfaces_demo/msg/detail/charger_info__functions.h
-- Up-to-date: /home/cjs/Health_Node/ros2_ws/install/base_interfaces_demo/include/base_interfaces_demo/msg/detail/core_info__type_support.h
-- Up-to-date: /home/cjs/Health_Node/ros2_ws/install/base_interfaces_demo/include/base_interfaces_demo/msg/detail/device_id__functions.c
-- Up-to-date: /home/cjs/Health_Node/ros2_ws/install/base_interfaces_demo/include/base_interfaces_demo/msg/detail/health_node__struct.h
-- Up-to-date: /home/cjs/Health_Node/ros2_ws/install/base_interfaces_demo/include/base_interfaces_demo/msg/detail/pub_sub_info__type_support.h
-- Up-to-date: /home/cjs/Health_Node/ros2_ws/install/base_interfaces_demo/include/base_interfaces_demo/msg/detail/motor_status__functions.h
-- Up-to-date: /home/cjs/Health_Node/ros2_ws/install/base_interfaces_demo/include/base_interfaces_demo/msg/detail/manual__functions.h
-- Up-to-date: /home/cjs/Health_Node/ros2_ws/install/base_interfaces_demo/include/base_interfaces_demo/msg/detail/hall_info__functions.h
-- Up-to-date: /home/cjs/Health_Node/ros2_ws/install/base_interfaces_demo/include/base_interfaces_demo/msg/detail/manual__functions.c
-- Up-to-date: /home/cjs/Health_Node/ros2_ws/install/base_interfaces_demo/include/base_interfaces_demo/msg/detail/file_updata__functions.c
-- Up-to-date: /home/cjs/Health_Node/ros2_ws/install/base_interfaces_demo/include/base_interfaces_demo/msg/detail/manual_seek_label__type_support.h
-- Up-to-date: /home/cjs/Health_Node/ros2_ws/install/base_interfaces_demo/include/base_interfaces_demo/msg/detail/pallet_info__type_support.h
-- Up-to-date: /home/cjs/Health_Node/ros2_ws/install/base_interfaces_demo/include/base_interfaces_demo/msg/detail/color_info__functions.h
-- Up-to-date: /home/cjs/Health_Node/ros2_ws/install/base_interfaces_demo/include/base_interfaces_demo/msg/detail/health_node__functions.h
-- Up-to-date: /home/cjs/Health_Node/ros2_ws/install/base_interfaces_demo/include/base_interfaces_demo/msg/detail/device_id__functions.h
-- Up-to-date: /home/cjs/Health_Node/ros2_ws/install/base_interfaces_demo/include/base_interfaces_demo/msg/detail/manual_seek_label__functions.c
-- Up-to-date: /home/cjs/Health_Node/ros2_ws/install/base_interfaces_demo/include/base_interfaces_demo/msg/detail/bms_info__functions.h
-- Up-to-date: /home/cjs/Health_Node/ros2_ws/install/base_interfaces_demo/include/base_interfaces_demo/msg/detail/system_status__functions.h
-- Up-to-date: /home/cjs/Health_Node/ros2_ws/install/base_interfaces_demo/include/base_interfaces_demo/msg/detail/location__functions.c
-- Up-to-date: /home/cjs/Health_Node/ros2_ws/install/base_interfaces_demo/include/base_interfaces_demo/msg/detail/system_status__functions.c
-- Up-to-date: /home/cjs/Health_Node/ros2_ws/install/base_interfaces_demo/include/base_interfaces_demo/msg/detail/device_id__type_support.h
-- Up-to-date: /home/cjs/Health_Node/ros2_ws/install/base_interfaces_demo/include/base_interfaces_demo/msg/detail/location__struct.h
-- Up-to-date: /home/cjs/Health_Node/ros2_ws/install/base_interfaces_demo/include/base_interfaces_demo/msg/detail/hall_info__functions.c
-- Up-to-date: /home/cjs/Health_Node/ros2_ws/install/base_interfaces_demo/include/base_interfaces_demo/msg/detail/core_info__functions.h
-- Up-to-date: /home/cjs/Health_Node/ros2_ws/install/base_interfaces_demo/include/base_interfaces_demo/msg/detail/file_updata__functions.h
-- Up-to-date: /home/cjs/Health_Node/ros2_ws/install/base_interfaces_demo/include/base_interfaces_demo/msg/detail/pallet_info__struct.h
-- Up-to-date: /home/cjs/Health_Node/ros2_ws/install/base_interfaces_demo/include/base_interfaces_demo/msg/detail/seek_ret__functions.h
-- Up-to-date: /home/cjs/Health_Node/ros2_ws/install/base_interfaces_demo/include/base_interfaces_demo/msg/detail/color_info__struct.h
-- Up-to-date: /home/cjs/Health_Node/ros2_ws/install/base_interfaces_demo/include/base_interfaces_demo/msg/detail/charger_info__functions.c
-- Up-to-date: /home/cjs/Health_Node/ros2_ws/install/base_interfaces_demo/include/base_interfaces_demo/msg/detail/pub_sub_info__functions.c
-- Up-to-date: /home/cjs/Health_Node/ros2_ws/install/base_interfaces_demo/include/base_interfaces_demo/msg/detail/obs_laser__functions.h
-- Up-to-date: /home/cjs/Health_Node/ros2_ws/install/base_interfaces_demo/include/base_interfaces_demo/msg/detail/device_info__functions.c
-- Up-to-date: /home/cjs/Health_Node/ros2_ws/install/base_interfaces_demo/include/base_interfaces_demo/msg/detail/manual__type_support.h
-- Up-to-date: /home/cjs/Health_Node/ros2_ws/install/base_interfaces_demo/include/base_interfaces_demo/msg/detail/system_status__type_support.h
-- Up-to-date: /home/cjs/Health_Node/ros2_ws/install/base_interfaces_demo/include/base_interfaces_demo/msg/detail/seek_ret__functions.c
-- Up-to-date: /home/cjs/Health_Node/ros2_ws/install/base_interfaces_demo/include/base_interfaces_demo/msg/detail/hall_info__type_support.h
-- Up-to-date: /home/cjs/Health_Node/ros2_ws/install/base_interfaces_demo/include/base_interfaces_demo/msg/detail/obs_laser__struct.h
-- Up-to-date: /home/cjs/Health_Node/ros2_ws/install/base_interfaces_demo/include/base_interfaces_demo/msg/detail/pub_sub_info__functions.h
-- Up-to-date: /home/cjs/Health_Node/ros2_ws/install/base_interfaces_demo/include/base_interfaces_demo/msg/detail/device_info__type_support.h
-- Up-to-date: /home/cjs/Health_Node/ros2_ws/install/base_interfaces_demo/include/base_interfaces_demo/msg/detail/location__type_support.h
-- Up-to-date: /home/cjs/Health_Node/ros2_ws/install/base_interfaces_demo/include/base_interfaces_demo/msg/detail/health_node__type_support.h
-- Up-to-date: /home/cjs/Health_Node/ros2_ws/install/base_interfaces_demo/include/base_interfaces_demo/msg/detail/seek_ret__struct.h
-- Up-to-date: /home/cjs/Health_Node/ros2_ws/install/base_interfaces_demo/include/base_interfaces_demo/msg/detail/device_info__functions.h
-- Up-to-date: /home/cjs/Health_Node/ros2_ws/install/base_interfaces_demo/include/base_interfaces_demo/msg/detail/hall_info__struct.h
-- Up-to-date: /home/cjs/Health_Node/ros2_ws/install/base_interfaces_demo/include/base_interfaces_demo/msg/detail/bms_info__struct.h
-- Up-to-date: /home/cjs/Health_Node/ros2_ws/install/base_interfaces_demo/include/base_interfaces_demo/msg/detail/pallet_info__functions.c
-- Up-to-date: /home/cjs/Health_Node/ros2_ws/install/base_interfaces_demo/include/base_interfaces_demo/msg/detail/charger_info__struct.h
-- Up-to-date: /home/cjs/Health_Node/ros2_ws/install/base_interfaces_demo/include/base_interfaces_demo/msg/detail/charger_info__type_support.h
-- Up-to-date: /home/cjs/Health_Node/ros2_ws/install/base_interfaces_demo/include/base_interfaces_demo/msg/detail/bms_info__functions.c
-- Up-to-date: /home/cjs/Health_Node/ros2_ws/install/base_interfaces_demo/include/base_interfaces_demo/msg/detail/location__functions.h
-- Up-to-date: /home/cjs/Health_Node/ros2_ws/install/base_interfaces_demo/include/base_interfaces_demo/msg/detail/manual_seek_label__functions.h
-- Up-to-date: /home/cjs/Health_Node/ros2_ws/install/base_interfaces_demo/include/base_interfaces_demo/msg/detail/device_info__struct.h
-- Up-to-date: /home/cjs/Health_Node/ros2_ws/install/base_interfaces_demo/include/base_interfaces_demo/msg/detail/system_status__struct.h
-- Up-to-date: /home/cjs/Health_Node/ros2_ws/install/base_interfaces_demo/include/base_interfaces_demo/msg/detail/obs_laser__functions.c
-- Up-to-date: /home/cjs/Health_Node/ros2_ws/install/base_interfaces_demo/include/base_interfaces_demo/msg/detail/device_id__struct.h
-- Up-to-date: /home/cjs/Health_Node/ros2_ws/install/base_interfaces_demo/include/base_interfaces_demo/msg/detail/color_info__type_support.h
-- Up-to-date: /home/cjs/Health_Node/ros2_ws/install/base_interfaces_demo/include/base_interfaces_demo/msg/detail/file_updata__type_support.h
-- Up-to-date: /home/cjs/Health_Node/ros2_ws/install/base_interfaces_demo/include/base_interfaces_demo/msg/pallet_info.h
-- Up-to-date: /home/cjs/Health_Node/ros2_ws/install/base_interfaces_demo/include/base_interfaces_demo/msg/motor_status.h
-- Up-to-date: /home/cjs/Health_Node/ros2_ws/install/base_interfaces_demo/include/base_interfaces_demo/msg/location.h
-- Up-to-date: /home/cjs/Health_Node/ros2_ws/install/base_interfaces_demo/include/base_interfaces_demo/msg/charger_info.h
-- Up-to-date: /home/cjs/Health_Node/ros2_ws/install/base_interfaces_demo/include/base_interfaces_demo/msg/core_info.h
-- Up-to-date: /home/cjs/Health_Node/ros2_ws/install/base_interfaces_demo/include/base_interfaces_demo/msg/color_info.h
-- Up-to-date: /home/cjs/Health_Node/ros2_ws/install/base_interfaces_demo/include/base_interfaces_demo/msg/obs_laser.h
-- Up-to-date: /home/cjs/Health_Node/ros2_ws/install/base_interfaces_demo/include/base_interfaces_demo/msg/hall_info.h
-- Up-to-date: /home/cjs/Health_Node/ros2_ws/install/base_interfaces_demo/include/base_interfaces_demo/msg/health_node.h
-- Up-to-date: /home/cjs/Health_Node/ros2_ws/install/base_interfaces_demo/include/base_interfaces_demo/msg/system_status.h
-- Up-to-date: /home/cjs/Health_Node/ros2_ws/install/base_interfaces_demo/include/base_interfaces_demo/msg/manual.h
-- Up-to-date: /home/cjs/Health_Node/ros2_ws/install/base_interfaces_demo/include/base_interfaces_demo/msg/seek_ret.h
-- Up-to-date: /home/cjs/Health_Node/ros2_ws/install/base_interfaces_demo/include/base_interfaces_demo/msg/file_updata.h
-- Up-to-date: /home/cjs/Health_Node/ros2_ws/install/base_interfaces_demo/share/base_interfaces_demo/environment/library_path.sh
-- Up-to-date: /home/cjs/Health_Node/ros2_ws/install/base_interfaces_demo/share/base_interfaces_demo/environment/library_path.dsv
-- Up-to-date: /home/cjs/Health_Node/ros2_ws/install/base_interfaces_demo/lib/libbase_interfaces_demo__rosidl_generator_c.so
-- Up-to-date: /home/cjs/Health_Node/ros2_ws/install/base_interfaces_demo/include/base_interfaces_demo
-- Up-to-date: /home/cjs/Health_Node/ros2_ws/install/base_interfaces_demo/include/base_interfaces_demo/msg
-- Up-to-date: /home/cjs/Health_Node/ros2_ws/install/base_interfaces_demo/include/base_interfaces_demo/msg/detail
-- Up-to-date: /home/cjs/Health_Node/ros2_ws/install/base_interfaces_demo/include/base_interfaces_demo/msg/detail/hall_info__rosidl_typesupport_fastrtps_c.h
-- Up-to-date: /home/cjs/Health_Node/ros2_ws/install/base_interfaces_demo/include/base_interfaces_demo/msg/detail/manual__rosidl_typesupport_fastrtps_c.h
-- Up-to-date: /home/cjs/Health_Node/ros2_ws/install/base_interfaces_demo/include/base_interfaces_demo/msg/detail/manual_seek_label__rosidl_typesupport_fastrtps_c.h
-- Up-to-date: /home/cjs/Health_Node/ros2_ws/install/base_interfaces_demo/include/base_interfaces_demo/msg/detail/location__rosidl_typesupport_fastrtps_c.h
-- Up-to-date: /home/cjs/Health_Node/ros2_ws/install/base_interfaces_demo/include/base_interfaces_demo/msg/detail/bms_info__rosidl_typesupport_fastrtps_c.h
-- Up-to-date: /home/cjs/Health_Node/ros2_ws/install/base_interfaces_demo/include/base_interfaces_demo/msg/detail/health_node__rosidl_typesupport_fastrtps_c.h
-- Up-to-date: /home/cjs/Health_Node/ros2_ws/install/base_interfaces_demo/include/base_interfaces_demo/msg/detail/color_info__rosidl_typesupport_fastrtps_c.h
-- Up-to-date: /home/cjs/Health_Node/ros2_ws/install/base_interfaces_demo/include/base_interfaces_demo/msg/detail/device_id__rosidl_typesupport_fastrtps_c.h
-- Up-to-date: /home/cjs/Health_Node/ros2_ws/install/base_interfaces_demo/include/base_interfaces_demo/msg/detail/device_info__rosidl_typesupport_fastrtps_c.h
-- Up-to-date: /home/cjs/Health_Node/ros2_ws/install/base_interfaces_demo/include/base_interfaces_demo/msg/detail/core_info__rosidl_typesupport_fastrtps_c.h
-- Up-to-date: /home/cjs/Health_Node/ros2_ws/install/base_interfaces_demo/include/base_interfaces_demo/msg/detail/pub_sub_info__rosidl_typesupport_fastrtps_c.h
-- Up-to-date: /home/cjs/Health_Node/ros2_ws/install/base_interfaces_demo/include/base_interfaces_demo/msg/detail/pallet_info__rosidl_typesupport_fastrtps_c.h
-- Up-to-date: /home/cjs/Health_Node/ros2_ws/install/base_interfaces_demo/include/base_interfaces_demo/msg/detail/seek_ret__rosidl_typesupport_fastrtps_c.h
-- Up-to-date: /home/cjs/Health_Node/ros2_ws/install/base_interfaces_demo/include/base_interfaces_demo/msg/detail/charger_info__rosidl_typesupport_fastrtps_c.h
-- Up-to-date: /home/cjs/Health_Node/ros2_ws/install/base_interfaces_demo/include/base_interfaces_demo/msg/detail/system_status__rosidl_typesupport_fastrtps_c.h
-- Up-to-date: /home/cjs/Health_Node/ros2_ws/install/base_interfaces_demo/include/base_interfaces_demo/msg/detail/file_updata__rosidl_typesupport_fastrtps_c.h
-- Up-to-date: /home/cjs/Health_Node/ros2_ws/install/base_interfaces_demo/include/base_interfaces_demo/msg/detail/obs_laser__rosidl_typesupport_fastrtps_c.h
-- Up-to-date: /home/cjs/Health_Node/ros2_ws/install/base_interfaces_demo/include/base_interfaces_demo/msg/detail/motor_status__rosidl_typesupport_fastrtps_c.h
-- Up-to-date: /home/cjs/Health_Node/ros2_ws/install/base_interfaces_demo/include/base_interfaces_demo/msg/rosidl_typesupport_fastrtps_c__visibility_control.h
-- Up-to-date: /home/cjs/Health_Node/ros2_ws/install/base_interfaces_demo/lib/libbase_interfaces_demo__rosidl_typesupport_fastrtps_c.so
-- Up-to-date: /home/cjs/Health_Node/ros2_ws/install/base_interfaces_demo/include/base_interfaces_demo
-- Up-to-date: /home/cjs/Health_Node/ros2_ws/install/base_interfaces_demo/include/base_interfaces_demo/msg
-- Up-to-date: /home/cjs/Health_Node/ros2_ws/install/base_interfaces_demo/include/base_interfaces_demo/msg/detail
-- Up-to-date: /home/cjs/Health_Node/ros2_ws/install/base_interfaces_demo/include/base_interfaces_demo/msg/detail/hall_info__rosidl_typesupport_fastrtps_cpp.hpp
-- Up-to-date: /home/cjs/Health_Node/ros2_ws/install/base_interfaces_demo/include/base_interfaces_demo/msg/detail/pallet_info__rosidl_typesupport_fastrtps_cpp.hpp
-- Up-to-date: /home/cjs/Health_Node/ros2_ws/install/base_interfaces_demo/include/base_interfaces_demo/msg/detail/pub_sub_info__rosidl_typesupport_fastrtps_cpp.hpp
-- Up-to-date: /home/cjs/Health_Node/ros2_ws/install/base_interfaces_demo/include/base_interfaces_demo/msg/detail/manual__rosidl_typesupport_fastrtps_cpp.hpp
-- Up-to-date: /home/cjs/Health_Node/ros2_ws/install/base_interfaces_demo/include/base_interfaces_demo/msg/detail/device_id__rosidl_typesupport_fastrtps_cpp.hpp
-- Up-to-date: /home/cjs/Health_Node/ros2_ws/install/base_interfaces_demo/include/base_interfaces_demo/msg/detail/manual_seek_label__rosidl_typesupport_fastrtps_cpp.hpp
-- Up-to-date: /home/cjs/Health_Node/ros2_ws/install/base_interfaces_demo/include/base_interfaces_demo/msg/detail/file_updata__rosidl_typesupport_fastrtps_cpp.hpp
-- Up-to-date: /home/cjs/Health_Node/ros2_ws/install/base_interfaces_demo/include/base_interfaces_demo/msg/detail/seek_ret__rosidl_typesupport_fastrtps_cpp.hpp
-- Up-to-date: /home/cjs/Health_Node/ros2_ws/install/base_interfaces_demo/include/base_interfaces_demo/msg/detail/color_info__rosidl_typesupport_fastrtps_cpp.hpp
-- Up-to-date: /home/cjs/Health_Node/ros2_ws/install/base_interfaces_demo/include/base_interfaces_demo/msg/detail/location__rosidl_typesupport_fastrtps_cpp.hpp
-- Up-to-date: /home/cjs/Health_Node/ros2_ws/install/base_interfaces_demo/include/base_interfaces_demo/msg/detail/dds_fastrtps
-- Up-to-date: /home/cjs/Health_Node/ros2_ws/install/base_interfaces_demo/include/base_interfaces_demo/msg/detail/device_info__rosidl_typesupport_fastrtps_cpp.hpp
-- Up-to-date: /home/cjs/Health_Node/ros2_ws/install/base_interfaces_demo/include/base_interfaces_demo/msg/detail/core_info__rosidl_typesupport_fastrtps_cpp.hpp
-- Up-to-date: /home/cjs/Health_Node/ros2_ws/install/base_interfaces_demo/include/base_interfaces_demo/msg/detail/bms_info__rosidl_typesupport_fastrtps_cpp.hpp
-- Up-to-date: /home/cjs/Health_Node/ros2_ws/install/base_interfaces_demo/include/base_interfaces_demo/msg/detail/charger_info__rosidl_typesupport_fastrtps_cpp.hpp
-- Up-to-date: /home/cjs/Health_Node/ros2_ws/install/base_interfaces_demo/include/base_interfaces_demo/msg/detail/system_status__rosidl_typesupport_fastrtps_cpp.hpp
-- Up-to-date: /home/cjs/Health_Node/ros2_ws/install/base_interfaces_demo/include/base_interfaces_demo/msg/detail/motor_status__rosidl_typesupport_fastrtps_cpp.hpp
-- Up-to-date: /home/cjs/Health_Node/ros2_ws/install/base_interfaces_demo/include/base_interfaces_demo/msg/detail/health_node__rosidl_typesupport_fastrtps_cpp.hpp
-- Up-to-date: /home/cjs/Health_Node/ros2_ws/install/base_interfaces_demo/include/base_interfaces_demo/msg/detail/obs_laser__rosidl_typesupport_fastrtps_cpp.hpp
-- Up-to-date: /home/cjs/Health_Node/ros2_ws/install/base_interfaces_demo/include/base_interfaces_demo/msg/rosidl_typesupport_fastrtps_cpp__visibility_control.h
-- Up-to-date: /home/cjs/Health_Node/ros2_ws/install/base_interfaces_demo/lib/libbase_interfaces_demo__rosidl_typesupport_fastrtps_cpp.so
-- Up-to-date: /home/cjs/Health_Node/ros2_ws/install/base_interfaces_demo/include/base_interfaces_demo
-- Up-to-date: /home/cjs/Health_Node/ros2_ws/install/base_interfaces_demo/include/base_interfaces_demo/msg
-- Up-to-date: /home/cjs/Health_Node/ros2_ws/install/base_interfaces_demo/include/base_interfaces_demo/msg/detail
-- Up-to-date: /home/cjs/Health_Node/ros2_ws/install/base_interfaces_demo/include/base_interfaces_demo/msg/detail/motor_status__type_support.c
-- Up-to-date: /home/cjs/Health_Node/ros2_ws/install/base_interfaces_demo/include/base_interfaces_demo/msg/detail/core_info__rosidl_typesupport_introspection_c.h
-- Up-to-date: /home/cjs/Health_Node/ros2_ws/install/base_interfaces_demo/include/base_interfaces_demo/msg/detail/manual__type_support.c
-- Up-to-date: /home/cjs/Health_Node/ros2_ws/install/base_interfaces_demo/include/base_interfaces_demo/msg/detail/motor_status__rosidl_typesupport_introspection_c.h
-- Up-to-date: /home/cjs/Health_Node/ros2_ws/install/base_interfaces_demo/include/base_interfaces_demo/msg/detail/bms_info__rosidl_typesupport_introspection_c.h
-- Up-to-date: /home/cjs/Health_Node/ros2_ws/install/base_interfaces_demo/include/base_interfaces_demo/msg/detail/hall_info__rosidl_typesupport_introspection_c.h
-- Up-to-date: /home/cjs/Health_Node/ros2_ws/install/base_interfaces_demo/include/base_interfaces_demo/msg/detail/system_status__type_support.c
-- Up-to-date: /home/cjs/Health_Node/ros2_ws/install/base_interfaces_demo/include/base_interfaces_demo/msg/detail/obs_laser__rosidl_typesupport_introspection_c.h
-- Up-to-date: /home/cjs/Health_Node/ros2_ws/install/base_interfaces_demo/include/base_interfaces_demo/msg/detail/location__type_support.c
-- Up-to-date: /home/cjs/Health_Node/ros2_ws/install/base_interfaces_demo/include/base_interfaces_demo/msg/detail/pallet_info__rosidl_typesupport_introspection_c.h
-- Up-to-date: /home/cjs/Health_Node/ros2_ws/install/base_interfaces_demo/include/base_interfaces_demo/msg/detail/charger_info__type_support.c
-- Up-to-date: /home/cjs/Health_Node/ros2_ws/install/base_interfaces_demo/include/base_interfaces_demo/msg/detail/system_status__rosidl_typesupport_introspection_c.h
-- Up-to-date: /home/cjs/Health_Node/ros2_ws/install/base_interfaces_demo/include/base_interfaces_demo/msg/detail/pub_sub_info__rosidl_typesupport_introspection_c.h
-- Up-to-date: /home/cjs/Health_Node/ros2_ws/install/base_interfaces_demo/include/base_interfaces_demo/msg/detail/seek_ret__type_support.c
-- Up-to-date: /home/cjs/Health_Node/ros2_ws/install/base_interfaces_demo/include/base_interfaces_demo/msg/detail/color_info__type_support.c
-- Up-to-date: /home/cjs/Health_Node/ros2_ws/install/base_interfaces_demo/include/base_interfaces_demo/msg/detail/bms_info__type_support.c
-- Up-to-date: /home/cjs/Health_Node/ros2_ws/install/base_interfaces_demo/include/base_interfaces_demo/msg/detail/manual__rosidl_typesupport_introspection_c.h
-- Up-to-date: /home/cjs/Health_Node/ros2_ws/install/base_interfaces_demo/include/base_interfaces_demo/msg/detail/charger_info__rosidl_typesupport_introspection_c.h
-- Up-to-date: /home/cjs/Health_Node/ros2_ws/install/base_interfaces_demo/include/base_interfaces_demo/msg/detail/hall_info__type_support.c
-- Up-to-date: /home/cjs/Health_Node/ros2_ws/install/base_interfaces_demo/include/base_interfaces_demo/msg/detail/device_info__type_support.c
-- Up-to-date: /home/cjs/Health_Node/ros2_ws/install/base_interfaces_demo/include/base_interfaces_demo/msg/detail/manual_seek_label__type_support.c
-- Up-to-date: /home/cjs/Health_Node/ros2_ws/install/base_interfaces_demo/include/base_interfaces_demo/msg/detail/manual_seek_label__rosidl_typesupport_introspection_c.h
-- Up-to-date: /home/cjs/Health_Node/ros2_ws/install/base_interfaces_demo/include/base_interfaces_demo/msg/detail/file_updata__type_support.c
-- Up-to-date: /home/cjs/Health_Node/ros2_ws/install/base_interfaces_demo/include/base_interfaces_demo/msg/detail/device_info__rosidl_typesupport_introspection_c.h
-- Up-to-date: /home/cjs/Health_Node/ros2_ws/install/base_interfaces_demo/include/base_interfaces_demo/msg/detail/pub_sub_info__type_support.c
-- Up-to-date: /home/cjs/Health_Node/ros2_ws/install/base_interfaces_demo/include/base_interfaces_demo/msg/detail/health_node__type_support.c
-- Up-to-date: /home/cjs/Health_Node/ros2_ws/install/base_interfaces_demo/include/base_interfaces_demo/msg/detail/obs_laser__type_support.c
-- Up-to-date: /home/cjs/Health_Node/ros2_ws/install/base_interfaces_demo/include/base_interfaces_demo/msg/detail/seek_ret__rosidl_typesupport_introspection_c.h
-- Up-to-date: /home/cjs/Health_Node/ros2_ws/install/base_interfaces_demo/include/base_interfaces_demo/msg/detail/core_info__type_support.c
-- Up-to-date: /home/cjs/Health_Node/ros2_ws/install/base_interfaces_demo/include/base_interfaces_demo/msg/detail/file_updata__rosidl_typesupport_introspection_c.h
-- Up-to-date: /home/cjs/Health_Node/ros2_ws/install/base_interfaces_demo/include/base_interfaces_demo/msg/detail/device_id__rosidl_typesupport_introspection_c.h
-- Up-to-date: /home/cjs/Health_Node/ros2_ws/install/base_interfaces_demo/include/base_interfaces_demo/msg/detail/device_id__type_support.c
-- Up-to-date: /home/cjs/Health_Node/ros2_ws/install/base_interfaces_demo/include/base_interfaces_demo/msg/detail/location__rosidl_typesupport_introspection_c.h
-- Up-to-date: /home/cjs/Health_Node/ros2_ws/install/base_interfaces_demo/include/base_interfaces_demo/msg/detail/pallet_info__type_support.c
-- Up-to-date: /home/cjs/Health_Node/ros2_ws/install/base_interfaces_demo/include/base_interfaces_demo/msg/detail/health_node__rosidl_typesupport_introspection_c.h
-- Up-to-date: /home/cjs/Health_Node/ros2_ws/install/base_interfaces_demo/include/base_interfaces_demo/msg/detail/color_info__rosidl_typesupport_introspection_c.h
-- Up-to-date: /home/cjs/Health_Node/ros2_ws/install/base_interfaces_demo/include/base_interfaces_demo/msg/rosidl_typesupport_introspection_c__visibility_control.h
-- Up-to-date: /home/cjs/Health_Node/ros2_ws/install/base_interfaces_demo/lib/libbase_interfaces_demo__rosidl_typesupport_introspection_c.so
-- Up-to-date: /home/cjs/Health_Node/ros2_ws/install/base_interfaces_demo/lib/libbase_interfaces_demo__rosidl_typesupport_c.so
-- Up-to-date: /home/cjs/Health_Node/ros2_ws/install/base_interfaces_demo/include/base_interfaces_demo
-- Up-to-date: /home/cjs/Health_Node/ros2_ws/install/base_interfaces_demo/include/base_interfaces_demo/msg
-- Up-to-date: /home/cjs/Health_Node/ros2_ws/install/base_interfaces_demo/include/base_interfaces_demo/msg/color_info.hpp
-- Up-to-date: /home/cjs/Health_Node/ros2_ws/install/base_interfaces_demo/include/base_interfaces_demo/msg/seek_ret.hpp
-- Up-to-date: /home/cjs/Health_Node/ros2_ws/install/base_interfaces_demo/include/base_interfaces_demo/msg/device_id.hpp
-- Up-to-date: /home/cjs/Health_Node/ros2_ws/install/base_interfaces_demo/include/base_interfaces_demo/msg/pallet_info.hpp
-- Up-to-date: /home/cjs/Health_Node/ros2_ws/install/base_interfaces_demo/include/base_interfaces_demo/msg/detail
-- Up-to-date: /home/cjs/Health_Node/ros2_ws/install/base_interfaces_demo/include/base_interfaces_demo/msg/detail/pallet_info__type_support.hpp
-- Up-to-date: /home/cjs/Health_Node/ros2_ws/install/base_interfaces_demo/include/base_interfaces_demo/msg/detail/manual__struct.hpp
-- Up-to-date: /home/cjs/Health_Node/ros2_ws/install/base_interfaces_demo/include/base_interfaces_demo/msg/detail/device_id__type_support.hpp
-- Up-to-date: /home/cjs/Health_Node/ros2_ws/install/base_interfaces_demo/include/base_interfaces_demo/msg/detail/obs_laser__builder.hpp
-- Up-to-date: /home/cjs/Health_Node/ros2_ws/install/base_interfaces_demo/include/base_interfaces_demo/msg/detail/charger_info__traits.hpp
-- Up-to-date: /home/cjs/Health_Node/ros2_ws/install/base_interfaces_demo/include/base_interfaces_demo/msg/detail/core_info__struct.hpp
-- Up-to-date: /home/cjs/Health_Node/ros2_ws/install/base_interfaces_demo/include/base_interfaces_demo/msg/detail/core_info__type_support.hpp
-- Up-to-date: /home/cjs/Health_Node/ros2_ws/install/base_interfaces_demo/include/base_interfaces_demo/msg/detail/system_status__traits.hpp
-- Up-to-date: /home/cjs/Health_Node/ros2_ws/install/base_interfaces_demo/include/base_interfaces_demo/msg/detail/seek_ret__type_support.hpp
-- Up-to-date: /home/cjs/Health_Node/ros2_ws/install/base_interfaces_demo/include/base_interfaces_demo/msg/detail/device_info__traits.hpp
-- Up-to-date: /home/cjs/Health_Node/ros2_ws/install/base_interfaces_demo/include/base_interfaces_demo/msg/detail/pub_sub_info__type_support.hpp
-- Up-to-date: /home/cjs/Health_Node/ros2_ws/install/base_interfaces_demo/include/base_interfaces_demo/msg/detail/system_status__struct.hpp
-- Up-to-date: /home/cjs/Health_Node/ros2_ws/install/base_interfaces_demo/include/base_interfaces_demo/msg/detail/pallet_info__builder.hpp
-- Up-to-date: /home/cjs/Health_Node/ros2_ws/install/base_interfaces_demo/include/base_interfaces_demo/msg/detail/seek_ret__traits.hpp
-- Up-to-date: /home/cjs/Health_Node/ros2_ws/install/base_interfaces_demo/include/base_interfaces_demo/msg/detail/pallet_info__traits.hpp
-- Up-to-date: /home/cjs/Health_Node/ros2_ws/install/base_interfaces_demo/include/base_interfaces_demo/msg/detail/location__traits.hpp
-- Up-to-date: /home/cjs/Health_Node/ros2_ws/install/base_interfaces_demo/include/base_interfaces_demo/msg/detail/core_info__traits.hpp
-- Up-to-date: /home/cjs/Health_Node/ros2_ws/install/base_interfaces_demo/include/base_interfaces_demo/msg/detail/system_status__type_support.hpp
-- Up-to-date: /home/cjs/Health_Node/ros2_ws/install/base_interfaces_demo/include/base_interfaces_demo/msg/detail/system_status__builder.hpp
-- Up-to-date: /home/cjs/Health_Node/ros2_ws/install/base_interfaces_demo/include/base_interfaces_demo/msg/detail/health_node__struct.hpp
-- Up-to-date: /home/cjs/Health_Node/ros2_ws/install/base_interfaces_demo/include/base_interfaces_demo/msg/detail/pub_sub_info__builder.hpp
-- Up-to-date: /home/cjs/Health_Node/ros2_ws/install/base_interfaces_demo/include/base_interfaces_demo/msg/detail/file_updata__struct.hpp
-- Up-to-date: /home/cjs/Health_Node/ros2_ws/install/base_interfaces_demo/include/base_interfaces_demo/msg/detail/bms_info__struct.hpp
-- Up-to-date: /home/cjs/Health_Node/ros2_ws/install/base_interfaces_demo/include/base_interfaces_demo/msg/detail/obs_laser__struct.hpp
-- Up-to-date: /home/cjs/Health_Node/ros2_ws/install/base_interfaces_demo/include/base_interfaces_demo/msg/detail/manual_seek_label__builder.hpp
-- Up-to-date: /home/cjs/Health_Node/ros2_ws/install/base_interfaces_demo/include/base_interfaces_demo/msg/detail/motor_status__type_support.hpp
-- Up-to-date: /home/cjs/Health_Node/ros2_ws/install/base_interfaces_demo/include/base_interfaces_demo/msg/detail/device_id__struct.hpp
-- Up-to-date: /home/cjs/Health_Node/ros2_ws/install/base_interfaces_demo/include/base_interfaces_demo/msg/detail/obs_laser__traits.hpp
-- Up-to-date: /home/cjs/Health_Node/ros2_ws/install/base_interfaces_demo/include/base_interfaces_demo/msg/detail/manual__traits.hpp
-- Up-to-date: /home/cjs/Health_Node/ros2_ws/install/base_interfaces_demo/include/base_interfaces_demo/msg/detail/core_info__builder.hpp
-- Up-to-date: /home/cjs/Health_Node/ros2_ws/install/base_interfaces_demo/include/base_interfaces_demo/msg/detail/manual__type_support.hpp
-- Up-to-date: /home/cjs/Health_Node/ros2_ws/install/base_interfaces_demo/include/base_interfaces_demo/msg/detail/device_info__builder.hpp
-- Up-to-date: /home/cjs/Health_Node/ros2_ws/install/base_interfaces_demo/include/base_interfaces_demo/msg/detail/color_info__type_support.hpp
-- Up-to-date: /home/cjs/Health_Node/ros2_ws/install/base_interfaces_demo/include/base_interfaces_demo/msg/detail/device_info__struct.hpp
-- Up-to-date: /home/cjs/Health_Node/ros2_ws/install/base_interfaces_demo/include/base_interfaces_demo/msg/detail/charger_info__builder.hpp
-- Up-to-date: /home/cjs/Health_Node/ros2_ws/install/base_interfaces_demo/include/base_interfaces_demo/msg/detail/hall_info__struct.hpp
-- Up-to-date: /home/cjs/Health_Node/ros2_ws/install/base_interfaces_demo/include/base_interfaces_demo/msg/detail/bms_info__builder.hpp
-- Up-to-date: /home/cjs/Health_Node/ros2_ws/install/base_interfaces_demo/include/base_interfaces_demo/msg/detail/file_updata__type_support.hpp
-- Up-to-date: /home/cjs/Health_Node/ros2_ws/install/base_interfaces_demo/include/base_interfaces_demo/msg/detail/color_info__traits.hpp
-- Up-to-date: /home/cjs/Health_Node/ros2_ws/install/base_interfaces_demo/include/base_interfaces_demo/msg/detail/health_node__builder.hpp
-- Up-to-date: /home/cjs/Health_Node/ros2_ws/install/base_interfaces_demo/include/base_interfaces_demo/msg/detail/obs_laser__type_support.hpp
-- Up-to-date: /home/cjs/Health_Node/ros2_ws/install/base_interfaces_demo/include/base_interfaces_demo/msg/detail/charger_info__type_support.hpp
-- Up-to-date: /home/cjs/Health_Node/ros2_ws/install/base_interfaces_demo/include/base_interfaces_demo/msg/detail/color_info__builder.hpp
-- Up-to-date: /home/cjs/Health_Node/ros2_ws/install/base_interfaces_demo/include/base_interfaces_demo/msg/detail/hall_info__traits.hpp
-- Up-to-date: /home/cjs/Health_Node/ros2_ws/install/base_interfaces_demo/include/base_interfaces_demo/msg/detail/health_node__traits.hpp
-- Up-to-date: /home/cjs/Health_Node/ros2_ws/install/base_interfaces_demo/include/base_interfaces_demo/msg/detail/color_info__struct.hpp
-- Up-to-date: /home/cjs/Health_Node/ros2_ws/install/base_interfaces_demo/include/base_interfaces_demo/msg/detail/location__builder.hpp
-- Up-to-date: /home/cjs/Health_Node/ros2_ws/install/base_interfaces_demo/include/base_interfaces_demo/msg/detail/manual_seek_label__traits.hpp
-- Up-to-date: /home/cjs/Health_Node/ros2_ws/install/base_interfaces_demo/include/base_interfaces_demo/msg/detail/pub_sub_info__traits.hpp
-- Up-to-date: /home/cjs/Health_Node/ros2_ws/install/base_interfaces_demo/include/base_interfaces_demo/msg/detail/seek_ret__builder.hpp
-- Up-to-date: /home/cjs/Health_Node/ros2_ws/install/base_interfaces_demo/include/base_interfaces_demo/msg/detail/motor_status__struct.hpp
-- Up-to-date: /home/cjs/Health_Node/ros2_ws/install/base_interfaces_demo/include/base_interfaces_demo/msg/detail/file_updata__traits.hpp
-- Up-to-date: /home/cjs/Health_Node/ros2_ws/install/base_interfaces_demo/include/base_interfaces_demo/msg/detail/bms_info__type_support.hpp
-- Up-to-date: /home/cjs/Health_Node/ros2_ws/install/base_interfaces_demo/include/base_interfaces_demo/msg/detail/health_node__type_support.hpp
-- Up-to-date: /home/cjs/Health_Node/ros2_ws/install/base_interfaces_demo/include/base_interfaces_demo/msg/detail/pub_sub_info__struct.hpp
-- Up-to-date: /home/cjs/Health_Node/ros2_ws/install/base_interfaces_demo/include/base_interfaces_demo/msg/detail/device_id__builder.hpp
-- Up-to-date: /home/cjs/Health_Node/ros2_ws/install/base_interfaces_demo/include/base_interfaces_demo/msg/detail/file_updata__builder.hpp
-- Up-to-date: /home/cjs/Health_Node/ros2_ws/install/base_interfaces_demo/include/base_interfaces_demo/msg/detail/motor_status__builder.hpp
-- Up-to-date: /home/cjs/Health_Node/ros2_ws/install/base_interfaces_demo/include/base_interfaces_demo/msg/detail/bms_info__traits.hpp
-- Up-to-date: /home/cjs/Health_Node/ros2_ws/install/base_interfaces_demo/include/base_interfaces_demo/msg/detail/device_info__type_support.hpp
-- Up-to-date: /home/cjs/Health_Node/ros2_ws/install/base_interfaces_demo/include/base_interfaces_demo/msg/detail/hall_info__type_support.hpp
-- Up-to-date: /home/cjs/Health_Node/ros2_ws/install/base_interfaces_demo/include/base_interfaces_demo/msg/detail/hall_info__builder.hpp
-- Up-to-date: /home/cjs/Health_Node/ros2_ws/install/base_interfaces_demo/include/base_interfaces_demo/msg/detail/manual__builder.hpp
-- Up-to-date: /home/cjs/Health_Node/ros2_ws/install/base_interfaces_demo/include/base_interfaces_demo/msg/detail/manual_seek_label__struct.hpp
-- Up-to-date: /home/cjs/Health_Node/ros2_ws/install/base_interfaces_demo/include/base_interfaces_demo/msg/detail/device_id__traits.hpp
-- Up-to-date: /home/cjs/Health_Node/ros2_ws/install/base_interfaces_demo/include/base_interfaces_demo/msg/detail/location__type_support.hpp
-- Up-to-date: /home/cjs/Health_Node/ros2_ws/install/base_interfaces_demo/include/base_interfaces_demo/msg/detail/manual_seek_label__type_support.hpp
-- Up-to-date: /home/cjs/Health_Node/ros2_ws/install/base_interfaces_demo/include/base_interfaces_demo/msg/detail/charger_info__struct.hpp
-- Up-to-date: /home/cjs/Health_Node/ros2_ws/install/base_interfaces_demo/include/base_interfaces_demo/msg/detail/motor_status__traits.hpp
-- Up-to-date: /home/cjs/Health_Node/ros2_ws/install/base_interfaces_demo/include/base_interfaces_demo/msg/detail/location__struct.hpp
-- Up-to-date: /home/cjs/Health_Node/ros2_ws/install/base_interfaces_demo/include/base_interfaces_demo/msg/detail/seek_ret__struct.hpp
-- Up-to-date: /home/cjs/Health_Node/ros2_ws/install/base_interfaces_demo/include/base_interfaces_demo/msg/detail/pallet_info__struct.hpp
-- Up-to-date: /home/cjs/Health_Node/ros2_ws/install/base_interfaces_demo/include/base_interfaces_demo/msg/pub_sub_info.hpp
-- Up-to-date: /home/cjs/Health_Node/ros2_ws/install/base_interfaces_demo/include/base_interfaces_demo/msg/core_info.hpp
-- Up-to-date: /home/cjs/Health_Node/ros2_ws/install/base_interfaces_demo/include/base_interfaces_demo/msg/manual_seek_label.hpp
-- Up-to-date: /home/cjs/Health_Node/ros2_ws/install/base_interfaces_demo/include/base_interfaces_demo/msg/motor_status.hpp
-- Up-to-date: /home/cjs/Health_Node/ros2_ws/install/base_interfaces_demo/include/base_interfaces_demo/msg/hall_info.hpp
-- Up-to-date: /home/cjs/Health_Node/ros2_ws/install/base_interfaces_demo/include/base_interfaces_demo/msg/charger_info.hpp
-- Up-to-date: /home/cjs/Health_Node/ros2_ws/install/base_interfaces_demo/include/base_interfaces_demo/msg/rosidl_generator_cpp__visibility_control.hpp
-- Up-to-date: /home/cjs/Health_Node/ros2_ws/install/base_interfaces_demo/include/base_interfaces_demo/msg/location.hpp
-- Up-to-date: /home/cjs/Health_Node/ros2_ws/install/base_interfaces_demo/include/base_interfaces_demo/msg/file_updata.hpp
-- Up-to-date: /home/cjs/Health_Node/ros2_ws/install/base_interfaces_demo/include/base_interfaces_demo/msg/health_node.hpp
-- Up-to-date: /home/cjs/Health_Node/ros2_ws/install/base_interfaces_demo/include/base_interfaces_demo/msg/device_info.hpp
-- Up-to-date: /home/cjs/Health_Node/ros2_ws/install/base_interfaces_demo/include/base_interfaces_demo/msg/obs_laser.hpp
-- Up-to-date: /home/cjs/Health_Node/ros2_ws/install/base_interfaces_demo/include/base_interfaces_demo/msg/system_status.hpp
-- Up-to-date: /home/cjs/Health_Node/ros2_ws/install/base_interfaces_demo/include/base_interfaces_demo/msg/bms_info.hpp
-- Up-to-date: /home/cjs/Health_Node/ros2_ws/install/base_interfaces_demo/include/base_interfaces_demo/msg/manual.hpp
-- Up-to-date: /home/cjs/Health_Node/ros2_ws/install/base_interfaces_demo/include/base_interfaces_demo
-- Up-to-date: /home/cjs/Health_Node/ros2_ws/install/base_interfaces_demo/include/base_interfaces_demo/msg
-- Up-to-date: /home/cjs/Health_Node/ros2_ws/install/base_interfaces_demo/include/base_interfaces_demo/msg/detail
-- Up-to-date: /home/cjs/Health_Node/ros2_ws/install/base_interfaces_demo/include/base_interfaces_demo/msg/detail/device_info__type_support.cpp
-- Up-to-date: /home/cjs/Health_Node/ros2_ws/install/base_interfaces_demo/include/base_interfaces_demo/msg/detail/health_node__rosidl_typesupport_introspection_cpp.hpp
-- Up-to-date: /home/cjs/Health_Node/ros2_ws/install/base_interfaces_demo/include/base_interfaces_demo/msg/detail/location__type_support.cpp
-- Up-to-date: /home/cjs/Health_Node/ros2_ws/install/base_interfaces_demo/include/base_interfaces_demo/msg/detail/health_node__type_support.cpp
-- Up-to-date: /home/cjs/Health_Node/ros2_ws/install/base_interfaces_demo/include/base_interfaces_demo/msg/detail/pub_sub_info__rosidl_typesupport_introspection_cpp.hpp
-- Up-to-date: /home/cjs/Health_Node/ros2_ws/install/base_interfaces_demo/include/base_interfaces_demo/msg/detail/seek_ret__type_support.cpp
-- Up-to-date: /home/cjs/Health_Node/ros2_ws/install/base_interfaces_demo/include/base_interfaces_demo/msg/detail/device_id__type_support.cpp
-- Up-to-date: /home/cjs/Health_Node/ros2_ws/install/base_interfaces_demo/include/base_interfaces_demo/msg/detail/manual__rosidl_typesupport_introspection_cpp.hpp
-- Up-to-date: /home/cjs/Health_Node/ros2_ws/install/base_interfaces_demo/include/base_interfaces_demo/msg/detail/charger_info__type_support.cpp
-- Up-to-date: /home/cjs/Health_Node/ros2_ws/install/base_interfaces_demo/include/base_interfaces_demo/msg/detail/color_info__rosidl_typesupport_introspection_cpp.hpp
-- Up-to-date: /home/cjs/Health_Node/ros2_ws/install/base_interfaces_demo/include/base_interfaces_demo/msg/detail/location__rosidl_typesupport_introspection_cpp.hpp
-- Up-to-date: /home/cjs/Health_Node/ros2_ws/install/base_interfaces_demo/include/base_interfaces_demo/msg/detail/manual_seek_label__type_support.cpp
-- Up-to-date: /home/cjs/Health_Node/ros2_ws/install/base_interfaces_demo/include/base_interfaces_demo/msg/detail/manual__type_support.cpp
-- Up-to-date: /home/cjs/Health_Node/ros2_ws/install/base_interfaces_demo/include/base_interfaces_demo/msg/detail/core_info__type_support.cpp
-- Up-to-date: /home/cjs/Health_Node/ros2_ws/install/base_interfaces_demo/include/base_interfaces_demo/msg/detail/bms_info__type_support.cpp
-- Up-to-date: /home/cjs/Health_Node/ros2_ws/install/base_interfaces_demo/include/base_interfaces_demo/msg/detail/core_info__rosidl_typesupport_introspection_cpp.hpp
-- Up-to-date: /home/cjs/Health_Node/ros2_ws/install/base_interfaces_demo/include/base_interfaces_demo/msg/detail/system_status__type_support.cpp
-- Up-to-date: /home/cjs/Health_Node/ros2_ws/install/base_interfaces_demo/include/base_interfaces_demo/msg/detail/manual_seek_label__rosidl_typesupport_introspection_cpp.hpp
-- Up-to-date: /home/cjs/Health_Node/ros2_ws/install/base_interfaces_demo/include/base_interfaces_demo/msg/detail/charger_info__rosidl_typesupport_introspection_cpp.hpp
-- Up-to-date: /home/cjs/Health_Node/ros2_ws/install/base_interfaces_demo/include/base_interfaces_demo/msg/detail/obs_laser__rosidl_typesupport_introspection_cpp.hpp
-- Up-to-date: /home/cjs/Health_Node/ros2_ws/install/base_interfaces_demo/include/base_interfaces_demo/msg/detail/device_id__rosidl_typesupport_introspection_cpp.hpp
-- Up-to-date: /home/cjs/Health_Node/ros2_ws/install/base_interfaces_demo/include/base_interfaces_demo/msg/detail/color_info__type_support.cpp
-- Up-to-date: /home/cjs/Health_Node/ros2_ws/install/base_interfaces_demo/include/base_interfaces_demo/msg/detail/pallet_info__rosidl_typesupport_introspection_cpp.hpp
-- Up-to-date: /home/cjs/Health_Node/ros2_ws/install/base_interfaces_demo/include/base_interfaces_demo/msg/detail/file_updata__rosidl_typesupport_introspection_cpp.hpp
-- Up-to-date: /home/cjs/Health_Node/ros2_ws/install/base_interfaces_demo/include/base_interfaces_demo/msg/detail/motor_status__type_support.cpp
-- Up-to-date: /home/cjs/Health_Node/ros2_ws/install/base_interfaces_demo/include/base_interfaces_demo/msg/detail/file_updata__type_support.cpp
-- Up-to-date: /home/cjs/Health_Node/ros2_ws/install/base_interfaces_demo/include/base_interfaces_demo/msg/detail/pub_sub_info__type_support.cpp
-- Up-to-date: /home/cjs/Health_Node/ros2_ws/install/base_interfaces_demo/include/base_interfaces_demo/msg/detail/bms_info__rosidl_typesupport_introspection_cpp.hpp
-- Up-to-date: /home/cjs/Health_Node/ros2_ws/install/base_interfaces_demo/include/base_interfaces_demo/msg/detail/seek_ret__rosidl_typesupport_introspection_cpp.hpp
-- Up-to-date: /home/cjs/Health_Node/ros2_ws/install/base_interfaces_demo/include/base_interfaces_demo/msg/detail/system_status__rosidl_typesupport_introspection_cpp.hpp
-- Up-to-date: /home/cjs/Health_Node/ros2_ws/install/base_interfaces_demo/include/base_interfaces_demo/msg/detail/hall_info__rosidl_typesupport_introspection_cpp.hpp
-- Up-to-date: /home/cjs/Health_Node/ros2_ws/install/base_interfaces_demo/include/base_interfaces_demo/msg/detail/motor_status__rosidl_typesupport_introspection_cpp.hpp
-- Up-to-date: /home/cjs/Health_Node/ros2_ws/install/base_interfaces_demo/include/base_interfaces_demo/msg/detail/device_info__rosidl_typesupport_introspection_cpp.hpp
-- Up-to-date: /home/cjs/Health_Node/ros2_ws/install/base_interfaces_demo/include/base_interfaces_demo/msg/detail/pallet_info__type_support.cpp
-- Up-to-date: /home/cjs/Health_Node/ros2_ws/install/base_interfaces_demo/include/base_interfaces_demo/msg/detail/obs_laser__type_support.cpp
-- Up-to-date: /home/cjs/Health_Node/ros2_ws/install/base_interfaces_demo/include/base_interfaces_demo/msg/detail/hall_info__type_support.cpp
-- Up-to-date: /home/cjs/Health_Node/ros2_ws/install/base_interfaces_demo/lib/libbase_interfaces_demo__rosidl_typesupport_introspection_cpp.so
-- Up-to-date: /home/cjs/Health_Node/ros2_ws/install/base_interfaces_demo/lib/libbase_interfaces_demo__rosidl_typesupport_cpp.so
-- Up-to-date: /home/cjs/Health_Node/ros2_ws/install/base_interfaces_demo/share/base_interfaces_demo/environment/pythonpath.sh
-- Up-to-date: /home/cjs/Health_Node/ros2_ws/install/base_interfaces_demo/share/base_interfaces_demo/environment/pythonpath.dsv
-- Up-to-date: /home/cjs/Health_Node/ros2_ws/install/base_interfaces_demo/lib/python3.8/site-packages/base_interfaces_demo/__init__.py
-- Up-to-date: /home/cjs/Health_Node/ros2_ws/install/base_interfaces_demo/lib/python3.8/site-packages/base_interfaces_demo/msg
-- Up-to-date: /home/cjs/Health_Node/ros2_ws/install/base_interfaces_demo/lib/python3.8/site-packages/base_interfaces_demo/msg/_hall_info_s.c
-- Up-to-date: /home/cjs/Health_Node/ros2_ws/install/base_interfaces_demo/lib/python3.8/site-packages/base_interfaces_demo/msg/_health_node.py
-- Up-to-date: /home/cjs/Health_Node/ros2_ws/install/base_interfaces_demo/lib/python3.8/site-packages/base_interfaces_demo/msg/_core_info_s.c
-- Up-to-date: /home/cjs/Health_Node/ros2_ws/install/base_interfaces_demo/lib/python3.8/site-packages/base_interfaces_demo/msg/_pub_sub_info.py
-- Up-to-date: /home/cjs/Health_Node/ros2_ws/install/base_interfaces_demo/lib/python3.8/site-packages/base_interfaces_demo/msg/_health_node_s.c
-- Up-to-date: /home/cjs/Health_Node/ros2_ws/install/base_interfaces_demo/lib/python3.8/site-packages/base_interfaces_demo/msg/_color_info.py
-- Up-to-date: /home/cjs/Health_Node/ros2_ws/install/base_interfaces_demo/lib/python3.8/site-packages/base_interfaces_demo/msg/_device_id.py
-- Up-to-date: /home/cjs/Health_Node/ros2_ws/install/base_interfaces_demo/lib/python3.8/site-packages/base_interfaces_demo/msg/_device_info.py
-- Up-to-date: /home/cjs/Health_Node/ros2_ws/install/base_interfaces_demo/lib/python3.8/site-packages/base_interfaces_demo/msg/_motor_status.py
-- Up-to-date: /home/cjs/Health_Node/ros2_ws/install/base_interfaces_demo/lib/python3.8/site-packages/base_interfaces_demo/msg/_pallet_info.py
-- Up-to-date: /home/cjs/Health_Node/ros2_ws/install/base_interfaces_demo/lib/python3.8/site-packages/base_interfaces_demo/msg/_obs_laser.py
-- Up-to-date: /home/cjs/Health_Node/ros2_ws/install/base_interfaces_demo/lib/python3.8/site-packages/base_interfaces_demo/msg/_device_id_s.c
-- Up-to-date: /home/cjs/Health_Node/ros2_ws/install/base_interfaces_demo/lib/python3.8/site-packages/base_interfaces_demo/msg/_seek_ret_s.c
-- Up-to-date: /home/cjs/Health_Node/ros2_ws/install/base_interfaces_demo/lib/python3.8/site-packages/base_interfaces_demo/msg/_file_updata_s.c
-- Up-to-date: /home/cjs/Health_Node/ros2_ws/install/base_interfaces_demo/lib/python3.8/site-packages/base_interfaces_demo/msg/_device_info_s.c
-- Up-to-date: /home/cjs/Health_Node/ros2_ws/install/base_interfaces_demo/lib/python3.8/site-packages/base_interfaces_demo/msg/_manual_seek_label.py
-- Up-to-date: /home/cjs/Health_Node/ros2_ws/install/base_interfaces_demo/lib/python3.8/site-packages/base_interfaces_demo/msg/_pub_sub_info_s.c
-- Up-to-date: /home/cjs/Health_Node/ros2_ws/install/base_interfaces_demo/lib/python3.8/site-packages/base_interfaces_demo/msg/_obs_laser_s.c
-- Up-to-date: /home/cjs/Health_Node/ros2_ws/install/base_interfaces_demo/lib/python3.8/site-packages/base_interfaces_demo/msg/_charger_info_s.c
-- Up-to-date: /home/cjs/Health_Node/ros2_ws/install/base_interfaces_demo/lib/python3.8/site-packages/base_interfaces_demo/msg/_system_status.py
-- Up-to-date: /home/cjs/Health_Node/ros2_ws/install/base_interfaces_demo/lib/python3.8/site-packages/base_interfaces_demo/msg/_manual.py
-- Up-to-date: /home/cjs/Health_Node/ros2_ws/install/base_interfaces_demo/lib/python3.8/site-packages/base_interfaces_demo/msg/_core_info.py
-- Up-to-date: /home/cjs/Health_Node/ros2_ws/install/base_interfaces_demo/lib/python3.8/site-packages/base_interfaces_demo/msg/_charger_info.py
-- Up-to-date: /home/cjs/Health_Node/ros2_ws/install/base_interfaces_demo/lib/python3.8/site-packages/base_interfaces_demo/msg/_manual_s.c
-- Up-to-date: /home/cjs/Health_Node/ros2_ws/install/base_interfaces_demo/lib/python3.8/site-packages/base_interfaces_demo/msg/_manual_seek_label_s.c
-- Up-to-date: /home/cjs/Health_Node/ros2_ws/install/base_interfaces_demo/lib/python3.8/site-packages/base_interfaces_demo/msg/_hall_info.py
-- Up-to-date: /home/cjs/Health_Node/ros2_ws/install/base_interfaces_demo/lib/python3.8/site-packages/base_interfaces_demo/msg/_location_s.c
-- Up-to-date: /home/cjs/Health_Node/ros2_ws/install/base_interfaces_demo/lib/python3.8/site-packages/base_interfaces_demo/msg/_seek_ret.py
-- Up-to-date: /home/cjs/Health_Node/ros2_ws/install/base_interfaces_demo/lib/python3.8/site-packages/base_interfaces_demo/msg/_system_status_s.c
-- Up-to-date: /home/cjs/Health_Node/ros2_ws/install/base_interfaces_demo/lib/python3.8/site-packages/base_interfaces_demo/msg/_location.py
-- Up-to-date: /home/cjs/Health_Node/ros2_ws/install/base_interfaces_demo/lib/python3.8/site-packages/base_interfaces_demo/msg/_color_info_s.c
-- Up-to-date: /home/cjs/Health_Node/ros2_ws/install/base_interfaces_demo/lib/python3.8/site-packages/base_interfaces_demo/msg/_motor_status_s.c
-- Up-to-date: /home/cjs/Health_Node/ros2_ws/install/base_interfaces_demo/lib/python3.8/site-packages/base_interfaces_demo/msg/_file_updata.py
-- Up-to-date: /home/cjs/Health_Node/ros2_ws/install/base_interfaces_demo/lib/python3.8/site-packages/base_interfaces_demo/msg/_bms_info_s.c
-- Up-to-date: /home/cjs/Health_Node/ros2_ws/install/base_interfaces_demo/lib/python3.8/site-packages/base_interfaces_demo/msg/_pallet_info_s.c
-- Up-to-date: /home/cjs/Health_Node/ros2_ws/install/base_interfaces_demo/lib/python3.8/site-packages/base_interfaces_demo/msg/__init__.py
-- Up-to-date: /home/cjs/Health_Node/ros2_ws/install/base_interfaces_demo/lib/python3.8/site-packages/base_interfaces_demo/msg/_bms_info.py
-- Up-to-date: /home/cjs/Health_Node/ros2_ws/install/base_interfaces_demo/lib/python3.8/site-packages/base_interfaces_demo/base_interfaces_demo_s__rosidl_typesupport_fastrtps_c.cpython-38-x86_64-linux-gnu.so
-- Up-to-date: /home/cjs/Health_Node/ros2_ws/install/base_interfaces_demo/lib/python3.8/site-packages/base_interfaces_demo/base_interfaces_demo_s__rosidl_typesupport_introspection_c.cpython-38-x86_64-linux-gnu.so
-- Up-to-date: /home/cjs/Health_Node/ros2_ws/install/base_interfaces_demo/lib/python3.8/site-packages/base_interfaces_demo/base_interfaces_demo_s__rosidl_typesupport_c.cpython-38-x86_64-linux-gnu.so
-- Up-to-date: /home/cjs/Health_Node/ros2_ws/install/base_interfaces_demo/lib/libbase_interfaces_demo__python.so
-- Up-to-date: /home/cjs/Health_Node/ros2_ws/install/base_interfaces_demo/share/base_interfaces_demo/msg/BmsInfo.idl
-- Up-to-date: /home/cjs/Health_Node/ros2_ws/install/base_interfaces_demo/share/base_interfaces_demo/msg/ChargerInfo.idl
-- Up-to-date: /home/cjs/Health_Node/ros2_ws/install/base_interfaces_demo/share/base_interfaces_demo/msg/ColorInfo.idl
-- Up-to-date: /home/cjs/Health_Node/ros2_ws/install/base_interfaces_demo/share/base_interfaces_demo/msg/CoreInfo.idl
-- Up-to-date: /home/cjs/Health_Node/ros2_ws/install/base_interfaces_demo/share/base_interfaces_demo/msg/DeviceId.idl
-- Up-to-date: /home/cjs/Health_Node/ros2_ws/install/base_interfaces_demo/share/base_interfaces_demo/msg/DeviceInfo.idl
-- Up-to-date: /home/cjs/Health_Node/ros2_ws/install/base_interfaces_demo/share/base_interfaces_demo/msg/FileUpdata.idl
-- Up-to-date: /home/cjs/Health_Node/ros2_ws/install/base_interfaces_demo/share/base_interfaces_demo/msg/HallInfo.idl
-- Up-to-date: /home/cjs/Health_Node/ros2_ws/install/base_interfaces_demo/share/base_interfaces_demo/msg/HealthNode.idl
-- Up-to-date: /home/cjs/Health_Node/ros2_ws/install/base_interfaces_demo/share/base_interfaces_demo/msg/Location.idl
-- Up-to-date: /home/cjs/Health_Node/ros2_ws/install/base_interfaces_demo/share/base_interfaces_demo/msg/Manual.idl
-- Up-to-date: /home/cjs/Health_Node/ros2_ws/install/base_interfaces_demo/share/base_interfaces_demo/msg/ManualSeekLabel.idl
-- Up-to-date: /home/cjs/Health_Node/ros2_ws/install/base_interfaces_demo/share/base_interfaces_demo/msg/MotorStatus.idl
-- Up-to-date: /home/cjs/Health_Node/ros2_ws/install/base_interfaces_demo/share/base_interfaces_demo/msg/ObsLaser.idl
-- Up-to-date: /home/cjs/Health_Node/ros2_ws/install/base_interfaces_demo/share/base_interfaces_demo/msg/PalletInfo.idl
-- Up-to-date: /home/cjs/Health_Node/ros2_ws/install/base_interfaces_demo/share/base_interfaces_demo/msg/PubSubInfo.idl
-- Up-to-date: /home/cjs/Health_Node/ros2_ws/install/base_interfaces_demo/share/base_interfaces_demo/msg/SeekRet.idl
-- Up-to-date: /home/cjs/Health_Node/ros2_ws/install/base_interfaces_demo/share/base_interfaces_demo/msg/SystemStatus.idl
-- Up-to-date: /home/cjs/Health_Node/ros2_ws/install/base_interfaces_demo/share/base_interfaces_demo/msg/BmsInfo.msg
-- Up-to-date: /home/cjs/Health_Node/ros2_ws/install/base_interfaces_demo/share/base_interfaces_demo/msg/ChargerInfo.msg
-- Up-to-date: /home/cjs/Health_Node/ros2_ws/install/base_interfaces_demo/share/base_interfaces_demo/msg/ColorInfo.msg
-- Up-to-date: /home/cjs/Health_Node/ros2_ws/install/base_interfaces_demo/share/base_interfaces_demo/msg/CoreInfo.msg
-- Up-to-date: /home/cjs/Health_Node/ros2_ws/install/base_interfaces_demo/share/base_interfaces_demo/msg/DeviceId.msg
-- Up-to-date: /home/cjs/Health_Node/ros2_ws/install/base_interfaces_demo/share/base_interfaces_demo/msg/DeviceInfo.msg
-- Up-to-date: /home/cjs/Health_Node/ros2_ws/install/base_interfaces_demo/share/base_interfaces_demo/msg/FileUpdata.msg
-- Up-to-date: /home/cjs/Health_Node/ros2_ws/install/base_interfaces_demo/share/base_interfaces_demo/msg/HallInfo.msg
-- Up-to-date: /home/cjs/Health_Node/ros2_ws/install/base_interfaces_demo/share/base_interfaces_demo/msg/HealthNode.msg
-- Up-to-date: /home/cjs/Health_Node/ros2_ws/install/base_interfaces_demo/share/base_interfaces_demo/msg/Location.msg
-- Up-to-date: /home/cjs/Health_Node/ros2_ws/install/base_interfaces_demo/share/base_interfaces_demo/msg/Manual.msg
-- Up-to-date: /home/cjs/Health_Node/ros2_ws/install/base_interfaces_demo/share/base_interfaces_demo/msg/ManualSeekLabel.msg
-- Up-to-date: /home/cjs/Health_Node/ros2_ws/install/base_interfaces_demo/share/base_interfaces_demo/msg/MotorStatus.msg
-- Up-to-date: /home/cjs/Health_Node/ros2_ws/install/base_interfaces_demo/share/base_interfaces_demo/msg/ObsLaser.msg
-- Up-to-date: /home/cjs/Health_Node/ros2_ws/install/base_interfaces_demo/share/base_interfaces_demo/msg/PalletInfo.msg
-- Up-to-date: /home/cjs/Health_Node/ros2_ws/install/base_interfaces_demo/share/base_interfaces_demo/msg/PubSubInfo.msg
-- Up-to-date: /home/cjs/Health_Node/ros2_ws/install/base_interfaces_demo/share/base_interfaces_demo/msg/SeekRet.msg
-- Up-to-date: /home/cjs/Health_Node/ros2_ws/install/base_interfaces_demo/share/base_interfaces_demo/msg/SystemStatus.msg
-- Up-to-date: /home/cjs/Health_Node/ros2_ws/install/base_interfaces_demo/share/ament_index/resource_index/package_run_dependencies/base_interfaces_demo
-- Up-to-date: /home/cjs/Health_Node/ros2_ws/install/base_interfaces_demo/share/ament_index/resource_index/parent_prefix_path/base_interfaces_demo
-- Up-to-date: /home/cjs/Health_Node/ros2_ws/install/base_interfaces_demo/share/base_interfaces_demo/environment/ament_prefix_path.sh
-- Up-to-date: /home/cjs/Health_Node/ros2_ws/install/base_interfaces_demo/share/base_interfaces_demo/environment/ament_prefix_path.dsv
-- Up-to-date: /home/cjs/Health_Node/ros2_ws/install/base_interfaces_demo/share/base_interfaces_demo/environment/path.sh
-- Up-to-date: /home/cjs/Health_Node/ros2_ws/install/base_interfaces_demo/share/base_interfaces_demo/environment/path.dsv
-- Up-to-date: /home/cjs/Health_Node/ros2_ws/install/base_interfaces_demo/share/base_interfaces_demo/local_setup.bash
-- Up-to-date: /home/cjs/Health_Node/ros2_ws/install/base_interfaces_demo/share/base_interfaces_demo/local_setup.sh
-- Up-to-date: /home/cjs/Health_Node/ros2_ws/install/base_interfaces_demo/share/base_interfaces_demo/local_setup.zsh
-- Up-to-date: /home/cjs/Health_Node/ros2_ws/install/base_interfaces_demo/share/base_interfaces_demo/local_setup.dsv
-- Installing: /home/cjs/Health_Node/ros2_ws/install/base_interfaces_demo/share/base_interfaces_demo/package.dsv
-- Up-to-date: /home/cjs/Health_Node/ros2_ws/install/base_interfaces_demo/share/ament_index/resource_index/packages/base_interfaces_demo
-- Up-to-date: /home/cjs/Health_Node/ros2_ws/install/base_interfaces_demo/share/base_interfaces_demo/cmake/base_interfaces_demo__rosidl_generator_cExport.cmake
-- Up-to-date: /home/cjs/Health_Node/ros2_ws/install/base_interfaces_demo/share/base_interfaces_demo/cmake/base_interfaces_demo__rosidl_generator_cExport-noconfig.cmake
-- Up-to-date: /home/cjs/Health_Node/ros2_ws/install/base_interfaces_demo/share/base_interfaces_demo/cmake/base_interfaces_demo__rosidl_typesupport_introspection_cExport.cmake
-- Up-to-date: /home/cjs/Health_Node/ros2_ws/install/base_interfaces_demo/share/base_interfaces_demo/cmake/base_interfaces_demo__rosidl_typesupport_introspection_cExport-noconfig.cmake
-- Up-to-date: /home/cjs/Health_Node/ros2_ws/install/base_interfaces_demo/share/base_interfaces_demo/cmake/base_interfaces_demo__rosidl_typesupport_cExport.cmake
-- Up-to-date: /home/cjs/Health_Node/ros2_ws/install/base_interfaces_demo/share/base_interfaces_demo/cmake/base_interfaces_demo__rosidl_typesupport_cExport-noconfig.cmake
-- Up-to-date: /home/cjs/Health_Node/ros2_ws/install/base_interfaces_demo/share/base_interfaces_demo/cmake/base_interfaces_demo__rosidl_generator_cppExport.cmake
-- Up-to-date: /home/cjs/Health_Node/ros2_ws/install/base_interfaces_demo/share/base_interfaces_demo/cmake/base_interfaces_demo__rosidl_typesupport_introspection_cppExport.cmake
-- Up-to-date: /home/cjs/Health_Node/ros2_ws/install/base_interfaces_demo/share/base_interfaces_demo/cmake/base_interfaces_demo__rosidl_typesupport_introspection_cppExport-noconfig.cmake
-- Up-to-date: /home/cjs/Health_Node/ros2_ws/install/base_interfaces_demo/share/base_interfaces_demo/cmake/base_interfaces_demo__rosidl_typesupport_cppExport.cmake
-- Up-to-date: /home/cjs/Health_Node/ros2_ws/install/base_interfaces_demo/share/base_interfaces_demo/cmake/base_interfaces_demo__rosidl_typesupport_cppExport-noconfig.cmake
-- Up-to-date: /home/cjs/Health_Node/ros2_ws/install/base_interfaces_demo/share/base_interfaces_demo/cmake/rosidl_cmake-extras.cmake
-- Up-to-date: /home/cjs/Health_Node/ros2_ws/install/base_interfaces_demo/share/base_interfaces_demo/cmake/ament_cmake_export_dependencies-extras.cmake
-- Up-to-date: /home/cjs/Health_Node/ros2_ws/install/base_interfaces_demo/share/base_interfaces_demo/cmake/ament_cmake_export_libraries-extras.cmake
-- Up-to-date: /home/cjs/Health_Node/ros2_ws/install/base_interfaces_demo/share/base_interfaces_demo/cmake/ament_cmake_export_targets-extras.cmake
-- Up-to-date: /home/cjs/Health_Node/ros2_ws/install/base_interfaces_demo/share/base_interfaces_demo/cmake/ament_cmake_export_include_directories-extras.cmake
-- Up-to-date: /home/cjs/Health_Node/ros2_ws/install/base_interfaces_demo/share/base_interfaces_demo/cmake/rosidl_cmake_export_typesupport_libraries-extras.cmake
-- Up-to-date: /home/cjs/Health_Node/ros2_ws/install/base_interfaces_demo/share/base_interfaces_demo/cmake/rosidl_cmake_export_typesupport_targets-extras.cmake
-- Up-to-date: /home/cjs/Health_Node/ros2_ws/install/base_interfaces_demo/share/base_interfaces_demo/cmake/base_interfaces_demoConfig.cmake
-- Up-to-date: /home/cjs/Health_Node/ros2_ws/install/base_interfaces_demo/share/base_interfaces_demo/cmake/base_interfaces_demoConfig-version.cmake
-- Up-to-date: /home/cjs/Health_Node/ros2_ws/install/base_interfaces_demo/share/base_interfaces_demo/package.xml
