[0.028s] Invoking command in '/home/cjs/Health_Node/ros2_ws/build/base_interfaces_demo': CMAKE_PREFIX_PATH=${CMAKE_PREFIX_PATH}:/opt/ros/foxy /usr/bin/cmake --build /home/cjs/Health_Node/ros2_ws/build/base_interfaces_demo -- -j4 -l4
[0.223s] [  0%] Built target base_interfaces_demo__cpp
[0.241s] [ 12%] Built target base_interfaces_demo__rosidl_generator_c
[0.332s] [ 24%] Built target base_interfaces_demo__rosidl_typesupport_cpp
[0.357s] [ 36%] Built target base_interfaces_demo__rosidl_typesupport_introspection_cpp
[0.371s] [ 48%] Built target base_interfaces_demo__rosidl_typesupport_introspection_c
[0.398s] [ 60%] Built target base_interfaces_demo__rosidl_typesupport_fastrtps_cpp
[0.430s] [ 72%] Built target base_interfaces_demo__rosidl_typesupport_c
[0.491s] [ 84%] Built target base_interfaces_demo__rosidl_typesupport_fastrtps_c
[0.530s] [ 84%] Built target base_interfaces_demo
[0.573s] [ 85%] Built target base_interfaces_demo__py
[0.628s] [ 96%] Built target base_interfaces_demo__python
[0.673s] [ 98%] Built target base_interfaces_demo__rosidl_typesupport_introspection_c__pyext
[0.681s] [ 99%] Built target base_interfaces_demo__rosidl_typesupport_fastrtps_c__pyext
[0.686s] [100%] Built target base_interfaces_demo__rosidl_typesupport_c__pyext
[0.705s] Invoked command in '/home/cjs/Health_Node/ros2_ws/build/base_interfaces_demo' returned '0': CMAKE_PREFIX_PATH=${CMAKE_PREFIX_PATH}:/opt/ros/foxy /usr/bin/cmake --build /home/cjs/Health_Node/ros2_ws/build/base_interfaces_demo -- -j4 -l4
[1.500s] Invoking command in '/home/cjs/Health_Node/ros2_ws/build/base_interfaces_demo': CMAKE_PREFIX_PATH=${CMAKE_PREFIX_PATH}:/opt/ros/foxy /usr/bin/cmake --install /home/cjs/Health_Node/ros2_ws/build/base_interfaces_demo
[1.515s] -- Install configuration: ""
[1.517s] -- Up-to-date: /home/cjs/Health_Node/ros2_ws/install/base_interfaces_demo/share/ament_index/resource_index/rosidl_interfaces/base_interfaces_demo
[1.517s] -- Up-to-date: /home/cjs/Health_Node/ros2_ws/install/base_interfaces_demo/include/base_interfaces_demo
[1.519s] -- Up-to-date: /home/cjs/Health_Node/ros2_ws/install/base_interfaces_demo/include/base_interfaces_demo/msg
[1.522s] -- Up-to-date: /home/cjs/Health_Node/ros2_ws/install/base_interfaces_demo/include/base_interfaces_demo/msg/bms_info.h
[1.522s] -- Up-to-date: /home/cjs/Health_Node/ros2_ws/install/base_interfaces_demo/include/base_interfaces_demo/msg/pub_sub_info.h
[1.522s] -- Up-to-date: /home/cjs/Health_Node/ros2_ws/install/base_interfaces_demo/include/base_interfaces_demo/msg/device_id.h
[1.522s] -- Up-to-date: /home/cjs/Health_Node/ros2_ws/install/base_interfaces_demo/include/base_interfaces_demo/msg/manual_seek_label.h
[1.522s] -- Up-to-date: /home/cjs/Health_Node/ros2_ws/install/base_interfaces_demo/include/base_interfaces_demo/msg/device_info.h
[1.523s] -- Up-to-date: /home/cjs/Health_Node/ros2_ws/install/base_interfaces_demo/include/base_interfaces_demo/msg/rosidl_generator_c__visibility_control.h
[1.523s] -- Up-to-date: /home/cjs/Health_Node/ros2_ws/install/base_interfaces_demo/include/base_interfaces_demo/msg/detail
[1.523s] -- Up-to-date: /home/cjs/Health_Node/ros2_ws/install/base_interfaces_demo/include/base_interfaces_demo/msg/detail/motor_status__functions.c
[1.523s] -- Up-to-date: /home/cjs/Health_Node/ros2_ws/install/base_interfaces_demo/include/base_interfaces_demo/msg/detail/core_info__functions.c
[1.523s] -- Up-to-date: /home/cjs/Health_Node/ros2_ws/install/base_interfaces_demo/include/base_interfaces_demo/msg/detail/bms_info__type_support.h
[1.523s] -- Up-to-date: /home/cjs/Health_Node/ros2_ws/install/base_interfaces_demo/include/base_interfaces_demo/msg/detail/seek_ret__type_support.h
[1.523s] -- Up-to-date: /home/cjs/Health_Node/ros2_ws/install/base_interfaces_demo/include/base_interfaces_demo/msg/detail/color_info__functions.c
[1.523s] -- Up-to-date: /home/cjs/Health_Node/ros2_ws/install/base_interfaces_demo/include/base_interfaces_demo/msg/detail/pallet_info__functions.h
[1.523s] -- Up-to-date: /home/cjs/Health_Node/ros2_ws/install/base_interfaces_demo/include/base_interfaces_demo/msg/detail/obs_laser__type_support.h
[1.523s] -- Up-to-date: /home/cjs/Health_Node/ros2_ws/install/base_interfaces_demo/include/base_interfaces_demo/msg/detail/manual__struct.h
[1.523s] -- Up-to-date: /home/cjs/Health_Node/ros2_ws/install/base_interfaces_demo/include/base_interfaces_demo/msg/detail/file_updata__struct.h
[1.523s] -- Up-to-date: /home/cjs/Health_Node/ros2_ws/install/base_interfaces_demo/include/base_interfaces_demo/msg/detail/pub_sub_info__struct.h
[1.523s] -- Up-to-date: /home/cjs/Health_Node/ros2_ws/install/base_interfaces_demo/include/base_interfaces_demo/msg/detail/motor_status__struct.h
[1.523s] -- Up-to-date: /home/cjs/Health_Node/ros2_ws/install/base_interfaces_demo/include/base_interfaces_demo/msg/detail/manual_seek_label__struct.h
[1.523s] -- Up-to-date: /home/cjs/Health_Node/ros2_ws/install/base_interfaces_demo/include/base_interfaces_demo/msg/detail/motor_status__type_support.h
[1.524s] -- Up-to-date: /home/cjs/Health_Node/ros2_ws/install/base_interfaces_demo/include/base_interfaces_demo/msg/detail/health_node__functions.c
[1.525s] -- Up-to-date: /home/cjs/Health_Node/ros2_ws/install/base_interfaces_demo/include/base_interfaces_demo/msg/detail/core_info__struct.h
[1.525s] -- Up-to-date: /home/cjs/Health_Node/ros2_ws/install/base_interfaces_demo/include/base_interfaces_demo/msg/detail/charger_info__functions.h
[1.525s] -- Up-to-date: /home/cjs/Health_Node/ros2_ws/install/base_interfaces_demo/include/base_interfaces_demo/msg/detail/core_info__type_support.h
[1.525s] -- Up-to-date: /home/cjs/Health_Node/ros2_ws/install/base_interfaces_demo/include/base_interfaces_demo/msg/detail/device_id__functions.c
[1.525s] -- Up-to-date: /home/cjs/Health_Node/ros2_ws/install/base_interfaces_demo/include/base_interfaces_demo/msg/detail/health_node__struct.h
[1.525s] -- Up-to-date: /home/cjs/Health_Node/ros2_ws/install/base_interfaces_demo/include/base_interfaces_demo/msg/detail/pub_sub_info__type_support.h
[1.525s] -- Up-to-date: /home/cjs/Health_Node/ros2_ws/install/base_interfaces_demo/include/base_interfaces_demo/msg/detail/motor_status__functions.h
[1.525s] -- Up-to-date: /home/cjs/Health_Node/ros2_ws/install/base_interfaces_demo/include/base_interfaces_demo/msg/detail/manual__functions.h
[1.526s] -- Up-to-date: /home/cjs/Health_Node/ros2_ws/install/base_interfaces_demo/include/base_interfaces_demo/msg/detail/hall_info__functions.h
[1.526s] -- Up-to-date: /home/cjs/Health_Node/ros2_ws/install/base_interfaces_demo/include/base_interfaces_demo/msg/detail/manual__functions.c
[1.526s] -- Up-to-date: /home/cjs/Health_Node/ros2_ws/install/base_interfaces_demo/include/base_interfaces_demo/msg/detail/file_updata__functions.c
[1.526s] -- Up-to-date: /home/cjs/Health_Node/ros2_ws/install/base_interfaces_demo/include/base_interfaces_demo/msg/detail/manual_seek_label__type_support.h
[1.526s] -- Up-to-date: /home/cjs/Health_Node/ros2_ws/install/base_interfaces_demo/include/base_interfaces_demo/msg/detail/pallet_info__type_support.h
[1.526s] -- Up-to-date: /home/cjs/Health_Node/ros2_ws/install/base_interfaces_demo/include/base_interfaces_demo/msg/detail/color_info__functions.h
[1.526s] -- Up-to-date: /home/cjs/Health_Node/ros2_ws/install/base_interfaces_demo/include/base_interfaces_demo/msg/detail/health_node__functions.h
[1.526s] -- Up-to-date: /home/cjs/Health_Node/ros2_ws/install/base_interfaces_demo/include/base_interfaces_demo/msg/detail/device_id__functions.h
[1.526s] -- Up-to-date: /home/cjs/Health_Node/ros2_ws/install/base_interfaces_demo/include/base_interfaces_demo/msg/detail/manual_seek_label__functions.c
[1.526s] -- Up-to-date: /home/cjs/Health_Node/ros2_ws/install/base_interfaces_demo/include/base_interfaces_demo/msg/detail/bms_info__functions.h
[1.526s] -- Up-to-date: /home/cjs/Health_Node/ros2_ws/install/base_interfaces_demo/include/base_interfaces_demo/msg/detail/system_status__functions.h
[1.526s] -- Up-to-date: /home/cjs/Health_Node/ros2_ws/install/base_interfaces_demo/include/base_interfaces_demo/msg/detail/location__functions.c
[1.526s] -- Up-to-date: /home/cjs/Health_Node/ros2_ws/install/base_interfaces_demo/include/base_interfaces_demo/msg/detail/system_status__functions.c
[1.527s] -- Up-to-date: /home/cjs/Health_Node/ros2_ws/install/base_interfaces_demo/include/base_interfaces_demo/msg/detail/device_id__type_support.h
[1.527s] -- Up-to-date: /home/cjs/Health_Node/ros2_ws/install/base_interfaces_demo/include/base_interfaces_demo/msg/detail/location__struct.h
[1.527s] -- Up-to-date: /home/cjs/Health_Node/ros2_ws/install/base_interfaces_demo/include/base_interfaces_demo/msg/detail/hall_info__functions.c
[1.527s] -- Up-to-date: /home/cjs/Health_Node/ros2_ws/install/base_interfaces_demo/include/base_interfaces_demo/msg/detail/core_info__functions.h
[1.527s] -- Up-to-date: /home/cjs/Health_Node/ros2_ws/install/base_interfaces_demo/include/base_interfaces_demo/msg/detail/file_updata__functions.h
[1.527s] -- Up-to-date: /home/cjs/Health_Node/ros2_ws/install/base_interfaces_demo/include/base_interfaces_demo/msg/detail/pallet_info__struct.h
[1.527s] -- Up-to-date: /home/cjs/Health_Node/ros2_ws/install/base_interfaces_demo/include/base_interfaces_demo/msg/detail/seek_ret__functions.h
[1.527s] -- Up-to-date: /home/cjs/Health_Node/ros2_ws/install/base_interfaces_demo/include/base_interfaces_demo/msg/detail/color_info__struct.h
[1.527s] -- Up-to-date: /home/cjs/Health_Node/ros2_ws/install/base_interfaces_demo/include/base_interfaces_demo/msg/detail/charger_info__functions.c
[1.527s] -- Up-to-date: /home/cjs/Health_Node/ros2_ws/install/base_interfaces_demo/include/base_interfaces_demo/msg/detail/pub_sub_info__functions.c
[1.527s] -- Up-to-date: /home/cjs/Health_Node/ros2_ws/install/base_interfaces_demo/include/base_interfaces_demo/msg/detail/obs_laser__functions.h
[1.527s] -- Up-to-date: /home/cjs/Health_Node/ros2_ws/install/base_interfaces_demo/include/base_interfaces_demo/msg/detail/device_info__functions.c
[1.528s] -- Up-to-date: /home/cjs/Health_Node/ros2_ws/install/base_interfaces_demo/include/base_interfaces_demo/msg/detail/manual__type_support.h
[1.528s] -- Up-to-date: /home/cjs/Health_Node/ros2_ws/install/base_interfaces_demo/include/base_interfaces_demo/msg/detail/system_status__type_support.h
[1.528s] -- Up-to-date: /home/cjs/Health_Node/ros2_ws/install/base_interfaces_demo/include/base_interfaces_demo/msg/detail/seek_ret__functions.c
[1.528s] -- Up-to-date: /home/cjs/Health_Node/ros2_ws/install/base_interfaces_demo/include/base_interfaces_demo/msg/detail/hall_info__type_support.h
[1.528s] -- Up-to-date: /home/cjs/Health_Node/ros2_ws/install/base_interfaces_demo/include/base_interfaces_demo/msg/detail/obs_laser__struct.h
[1.528s] -- Up-to-date: /home/cjs/Health_Node/ros2_ws/install/base_interfaces_demo/include/base_interfaces_demo/msg/detail/pub_sub_info__functions.h
[1.528s] -- Up-to-date: /home/cjs/Health_Node/ros2_ws/install/base_interfaces_demo/include/base_interfaces_demo/msg/detail/device_info__type_support.h
[1.528s] -- Up-to-date: /home/cjs/Health_Node/ros2_ws/install/base_interfaces_demo/include/base_interfaces_demo/msg/detail/location__type_support.h
[1.528s] -- Up-to-date: /home/cjs/Health_Node/ros2_ws/install/base_interfaces_demo/include/base_interfaces_demo/msg/detail/health_node__type_support.h
[1.528s] -- Up-to-date: /home/cjs/Health_Node/ros2_ws/install/base_interfaces_demo/include/base_interfaces_demo/msg/detail/seek_ret__struct.h
[1.529s] -- Up-to-date: /home/cjs/Health_Node/ros2_ws/install/base_interfaces_demo/include/base_interfaces_demo/msg/detail/device_info__functions.h
[1.529s] -- Up-to-date: /home/cjs/Health_Node/ros2_ws/install/base_interfaces_demo/include/base_interfaces_demo/msg/detail/hall_info__struct.h
[1.529s] -- Up-to-date: /home/cjs/Health_Node/ros2_ws/install/base_interfaces_demo/include/base_interfaces_demo/msg/detail/bms_info__struct.h
[1.529s] -- Up-to-date: /home/cjs/Health_Node/ros2_ws/install/base_interfaces_demo/include/base_interfaces_demo/msg/detail/pallet_info__functions.c
[1.529s] -- Up-to-date: /home/cjs/Health_Node/ros2_ws/install/base_interfaces_demo/include/base_interfaces_demo/msg/detail/charger_info__struct.h
[1.529s] -- Up-to-date: /home/cjs/Health_Node/ros2_ws/install/base_interfaces_demo/include/base_interfaces_demo/msg/detail/charger_info__type_support.h
[1.529s] -- Up-to-date: /home/cjs/Health_Node/ros2_ws/install/base_interfaces_demo/include/base_interfaces_demo/msg/detail/bms_info__functions.c
[1.530s] -- Up-to-date: /home/cjs/Health_Node/ros2_ws/install/base_interfaces_demo/include/base_interfaces_demo/msg/detail/location__functions.h
[1.530s] -- Up-to-date: /home/cjs/Health_Node/ros2_ws/install/base_interfaces_demo/include/base_interfaces_demo/msg/detail/manual_seek_label__functions.h
[1.530s] -- Up-to-date: /home/cjs/Health_Node/ros2_ws/install/base_interfaces_demo/include/base_interfaces_demo/msg/detail/device_info__struct.h
[1.530s] -- Up-to-date: /home/cjs/Health_Node/ros2_ws/install/base_interfaces_demo/include/base_interfaces_demo/msg/detail/system_status__struct.h
[1.530s] -- Up-to-date: /home/cjs/Health_Node/ros2_ws/install/base_interfaces_demo/include/base_interfaces_demo/msg/detail/obs_laser__functions.c
[1.530s] -- Up-to-date: /home/cjs/Health_Node/ros2_ws/install/base_interfaces_demo/include/base_interfaces_demo/msg/detail/device_id__struct.h
[1.530s] -- Up-to-date: /home/cjs/Health_Node/ros2_ws/install/base_interfaces_demo/include/base_interfaces_demo/msg/detail/color_info__type_support.h
[1.530s] -- Up-to-date: /home/cjs/Health_Node/ros2_ws/install/base_interfaces_demo/include/base_interfaces_demo/msg/detail/file_updata__type_support.h
[1.530s] -- Up-to-date: /home/cjs/Health_Node/ros2_ws/install/base_interfaces_demo/include/base_interfaces_demo/msg/pallet_info.h
[1.530s] -- Up-to-date: /home/cjs/Health_Node/ros2_ws/install/base_interfaces_demo/include/base_interfaces_demo/msg/motor_status.h
[1.530s] -- Up-to-date: /home/cjs/Health_Node/ros2_ws/install/base_interfaces_demo/include/base_interfaces_demo/msg/location.h
[1.530s] -- Up-to-date: /home/cjs/Health_Node/ros2_ws/install/base_interfaces_demo/include/base_interfaces_demo/msg/charger_info.h
[1.530s] -- Up-to-date: /home/cjs/Health_Node/ros2_ws/install/base_interfaces_demo/include/base_interfaces_demo/msg/core_info.h
[1.531s] -- Up-to-date: /home/cjs/Health_Node/ros2_ws/install/base_interfaces_demo/include/base_interfaces_demo/msg/color_info.h
[1.531s] -- Up-to-date: /home/cjs/Health_Node/ros2_ws/install/base_interfaces_demo/include/base_interfaces_demo/msg/obs_laser.h
[1.531s] -- Up-to-date: /home/cjs/Health_Node/ros2_ws/install/base_interfaces_demo/include/base_interfaces_demo/msg/hall_info.h
[1.531s] -- Up-to-date: /home/cjs/Health_Node/ros2_ws/install/base_interfaces_demo/include/base_interfaces_demo/msg/health_node.h
[1.531s] -- Up-to-date: /home/cjs/Health_Node/ros2_ws/install/base_interfaces_demo/include/base_interfaces_demo/msg/system_status.h
[1.531s] -- Up-to-date: /home/cjs/Health_Node/ros2_ws/install/base_interfaces_demo/include/base_interfaces_demo/msg/manual.h
[1.531s] -- Up-to-date: /home/cjs/Health_Node/ros2_ws/install/base_interfaces_demo/include/base_interfaces_demo/msg/seek_ret.h
[1.531s] -- Up-to-date: /home/cjs/Health_Node/ros2_ws/install/base_interfaces_demo/include/base_interfaces_demo/msg/file_updata.h
[1.532s] -- Up-to-date: /home/cjs/Health_Node/ros2_ws/install/base_interfaces_demo/share/base_interfaces_demo/environment/library_path.sh
[1.532s] -- Up-to-date: /home/cjs/Health_Node/ros2_ws/install/base_interfaces_demo/share/base_interfaces_demo/environment/library_path.dsv
[1.532s] -- Up-to-date: /home/cjs/Health_Node/ros2_ws/install/base_interfaces_demo/lib/libbase_interfaces_demo__rosidl_generator_c.so
[1.533s] -- Up-to-date: /home/cjs/Health_Node/ros2_ws/install/base_interfaces_demo/include/base_interfaces_demo
[1.533s] -- Up-to-date: /home/cjs/Health_Node/ros2_ws/install/base_interfaces_demo/include/base_interfaces_demo/msg
[1.534s] -- Up-to-date: /home/cjs/Health_Node/ros2_ws/install/base_interfaces_demo/include/base_interfaces_demo/msg/detail
[1.534s] -- Up-to-date: /home/cjs/Health_Node/ros2_ws/install/base_interfaces_demo/include/base_interfaces_demo/msg/detail/hall_info__rosidl_typesupport_fastrtps_c.h
[1.534s] -- Up-to-date: /home/cjs/Health_Node/ros2_ws/install/base_interfaces_demo/include/base_interfaces_demo/msg/detail/manual__rosidl_typesupport_fastrtps_c.h
[1.534s] -- Up-to-date: /home/cjs/Health_Node/ros2_ws/install/base_interfaces_demo/include/base_interfaces_demo/msg/detail/manual_seek_label__rosidl_typesupport_fastrtps_c.h
[1.534s] -- Up-to-date: /home/cjs/Health_Node/ros2_ws/install/base_interfaces_demo/include/base_interfaces_demo/msg/detail/location__rosidl_typesupport_fastrtps_c.h
[1.534s] -- Up-to-date: /home/cjs/Health_Node/ros2_ws/install/base_interfaces_demo/include/base_interfaces_demo/msg/detail/bms_info__rosidl_typesupport_fastrtps_c.h
[1.535s] -- Up-to-date: /home/cjs/Health_Node/ros2_ws/install/base_interfaces_demo/include/base_interfaces_demo/msg/detail/health_node__rosidl_typesupport_fastrtps_c.h
[1.535s] -- Up-to-date: /home/cjs/Health_Node/ros2_ws/install/base_interfaces_demo/include/base_interfaces_demo/msg/detail/color_info__rosidl_typesupport_fastrtps_c.h
[1.535s] -- Up-to-date: /home/cjs/Health_Node/ros2_ws/install/base_interfaces_demo/include/base_interfaces_demo/msg/detail/device_id__rosidl_typesupport_fastrtps_c.h
[1.535s] -- Up-to-date: /home/cjs/Health_Node/ros2_ws/install/base_interfaces_demo/include/base_interfaces_demo/msg/detail/device_info__rosidl_typesupport_fastrtps_c.h
[1.535s] -- Up-to-date: /home/cjs/Health_Node/ros2_ws/install/base_interfaces_demo/include/base_interfaces_demo/msg/detail/core_info__rosidl_typesupport_fastrtps_c.h
[1.535s] -- Up-to-date: /home/cjs/Health_Node/ros2_ws/install/base_interfaces_demo/include/base_interfaces_demo/msg/detail/pub_sub_info__rosidl_typesupport_fastrtps_c.h
[1.535s] -- Up-to-date: /home/cjs/Health_Node/ros2_ws/install/base_interfaces_demo/include/base_interfaces_demo/msg/detail/pallet_info__rosidl_typesupport_fastrtps_c.h
[1.538s] -- Up-to-date: /home/cjs/Health_Node/ros2_ws/install/base_interfaces_demo/include/base_interfaces_demo/msg/detail/seek_ret__rosidl_typesupport_fastrtps_c.h
[1.544s] -- Up-to-date: /home/cjs/Health_Node/ros2_ws/install/base_interfaces_demo/include/base_interfaces_demo/msg/detail/charger_info__rosidl_typesupport_fastrtps_c.h
[1.545s] -- Up-to-date: /home/cjs/Health_Node/ros2_ws/install/base_interfaces_demo/include/base_interfaces_demo/msg/detail/system_status__rosidl_typesupport_fastrtps_c.h
[1.545s] -- Up-to-date: /home/cjs/Health_Node/ros2_ws/install/base_interfaces_demo/include/base_interfaces_demo/msg/detail/file_updata__rosidl_typesupport_fastrtps_c.h
[1.545s] -- Up-to-date: /home/cjs/Health_Node/ros2_ws/install/base_interfaces_demo/include/base_interfaces_demo/msg/detail/obs_laser__rosidl_typesupport_fastrtps_c.h
[1.545s] -- Up-to-date: /home/cjs/Health_Node/ros2_ws/install/base_interfaces_demo/include/base_interfaces_demo/msg/detail/motor_status__rosidl_typesupport_fastrtps_c.h
[1.545s] -- Up-to-date: /home/cjs/Health_Node/ros2_ws/install/base_interfaces_demo/include/base_interfaces_demo/msg/rosidl_typesupport_fastrtps_c__visibility_control.h
[1.545s] -- Up-to-date: /home/cjs/Health_Node/ros2_ws/install/base_interfaces_demo/lib/libbase_interfaces_demo__rosidl_typesupport_fastrtps_c.so
[1.545s] -- Up-to-date: /home/cjs/Health_Node/ros2_ws/install/base_interfaces_demo/include/base_interfaces_demo
[1.545s] -- Up-to-date: /home/cjs/Health_Node/ros2_ws/install/base_interfaces_demo/include/base_interfaces_demo/msg
[1.545s] -- Up-to-date: /home/cjs/Health_Node/ros2_ws/install/base_interfaces_demo/include/base_interfaces_demo/msg/detail
[1.545s] -- Up-to-date: /home/cjs/Health_Node/ros2_ws/install/base_interfaces_demo/include/base_interfaces_demo/msg/detail/hall_info__rosidl_typesupport_fastrtps_cpp.hpp
[1.545s] -- Up-to-date: /home/cjs/Health_Node/ros2_ws/install/base_interfaces_demo/include/base_interfaces_demo/msg/detail/pallet_info__rosidl_typesupport_fastrtps_cpp.hpp
[1.545s] -- Up-to-date: /home/cjs/Health_Node/ros2_ws/install/base_interfaces_demo/include/base_interfaces_demo/msg/detail/pub_sub_info__rosidl_typesupport_fastrtps_cpp.hpp
[1.545s] -- Up-to-date: /home/cjs/Health_Node/ros2_ws/install/base_interfaces_demo/include/base_interfaces_demo/msg/detail/manual__rosidl_typesupport_fastrtps_cpp.hpp
[1.545s] -- Up-to-date: /home/cjs/Health_Node/ros2_ws/install/base_interfaces_demo/include/base_interfaces_demo/msg/detail/device_id__rosidl_typesupport_fastrtps_cpp.hpp
[1.545s] -- Up-to-date: /home/cjs/Health_Node/ros2_ws/install/base_interfaces_demo/include/base_interfaces_demo/msg/detail/manual_seek_label__rosidl_typesupport_fastrtps_cpp.hpp
[1.546s] -- Up-to-date: /home/cjs/Health_Node/ros2_ws/install/base_interfaces_demo/include/base_interfaces_demo/msg/detail/file_updata__rosidl_typesupport_fastrtps_cpp.hpp
[1.546s] -- Up-to-date: /home/cjs/Health_Node/ros2_ws/install/base_interfaces_demo/include/base_interfaces_demo/msg/detail/seek_ret__rosidl_typesupport_fastrtps_cpp.hpp
[1.546s] -- Up-to-date: /home/cjs/Health_Node/ros2_ws/install/base_interfaces_demo/include/base_interfaces_demo/msg/detail/color_info__rosidl_typesupport_fastrtps_cpp.hpp
[1.546s] -- Up-to-date: /home/cjs/Health_Node/ros2_ws/install/base_interfaces_demo/include/base_interfaces_demo/msg/detail/location__rosidl_typesupport_fastrtps_cpp.hpp
[1.546s] -- Up-to-date: /home/cjs/Health_Node/ros2_ws/install/base_interfaces_demo/include/base_interfaces_demo/msg/detail/dds_fastrtps
[1.546s] -- Up-to-date: /home/cjs/Health_Node/ros2_ws/install/base_interfaces_demo/include/base_interfaces_demo/msg/detail/device_info__rosidl_typesupport_fastrtps_cpp.hpp
[1.546s] -- Up-to-date: /home/cjs/Health_Node/ros2_ws/install/base_interfaces_demo/include/base_interfaces_demo/msg/detail/core_info__rosidl_typesupport_fastrtps_cpp.hpp
[1.546s] -- Up-to-date: /home/cjs/Health_Node/ros2_ws/install/base_interfaces_demo/include/base_interfaces_demo/msg/detail/bms_info__rosidl_typesupport_fastrtps_cpp.hpp
[1.546s] -- Up-to-date: /home/cjs/Health_Node/ros2_ws/install/base_interfaces_demo/include/base_interfaces_demo/msg/detail/charger_info__rosidl_typesupport_fastrtps_cpp.hpp
[1.546s] -- Up-to-date: /home/cjs/Health_Node/ros2_ws/install/base_interfaces_demo/include/base_interfaces_demo/msg/detail/system_status__rosidl_typesupport_fastrtps_cpp.hpp
[1.546s] -- Up-to-date: /home/cjs/Health_Node/ros2_ws/install/base_interfaces_demo/include/base_interfaces_demo/msg/detail/motor_status__rosidl_typesupport_fastrtps_cpp.hpp
[1.546s] -- Up-to-date: /home/cjs/Health_Node/ros2_ws/install/base_interfaces_demo/include/base_interfaces_demo/msg/detail/health_node__rosidl_typesupport_fastrtps_cpp.hpp
[1.546s] -- Up-to-date: /home/cjs/Health_Node/ros2_ws/install/base_interfaces_demo/include/base_interfaces_demo/msg/detail/obs_laser__rosidl_typesupport_fastrtps_cpp.hpp
[1.546s] -- Up-to-date: /home/cjs/Health_Node/ros2_ws/install/base_interfaces_demo/include/base_interfaces_demo/msg/rosidl_typesupport_fastrtps_cpp__visibility_control.h
[1.546s] -- Up-to-date: /home/cjs/Health_Node/ros2_ws/install/base_interfaces_demo/lib/libbase_interfaces_demo__rosidl_typesupport_fastrtps_cpp.so
[1.547s] -- Up-to-date: /home/cjs/Health_Node/ros2_ws/install/base_interfaces_demo/include/base_interfaces_demo
[1.547s] -- Up-to-date: /home/cjs/Health_Node/ros2_ws/install/base_interfaces_demo/include/base_interfaces_demo/msg
[1.547s] -- Up-to-date: /home/cjs/Health_Node/ros2_ws/install/base_interfaces_demo/include/base_interfaces_demo/msg/detail
[1.547s] -- Up-to-date: /home/cjs/Health_Node/ros2_ws/install/base_interfaces_demo/include/base_interfaces_demo/msg/detail/motor_status__type_support.c
[1.547s] -- Up-to-date: /home/cjs/Health_Node/ros2_ws/install/base_interfaces_demo/include/base_interfaces_demo/msg/detail/core_info__rosidl_typesupport_introspection_c.h
[1.547s] -- Up-to-date: /home/cjs/Health_Node/ros2_ws/install/base_interfaces_demo/include/base_interfaces_demo/msg/detail/manual__type_support.c
[1.547s] -- Up-to-date: /home/cjs/Health_Node/ros2_ws/install/base_interfaces_demo/include/base_interfaces_demo/msg/detail/motor_status__rosidl_typesupport_introspection_c.h
[1.547s] -- Up-to-date: /home/cjs/Health_Node/ros2_ws/install/base_interfaces_demo/include/base_interfaces_demo/msg/detail/bms_info__rosidl_typesupport_introspection_c.h
[1.547s] -- Up-to-date: /home/cjs/Health_Node/ros2_ws/install/base_interfaces_demo/include/base_interfaces_demo/msg/detail/hall_info__rosidl_typesupport_introspection_c.h
[1.547s] -- Up-to-date: /home/cjs/Health_Node/ros2_ws/install/base_interfaces_demo/include/base_interfaces_demo/msg/detail/system_status__type_support.c
[1.547s] -- Up-to-date: /home/cjs/Health_Node/ros2_ws/install/base_interfaces_demo/include/base_interfaces_demo/msg/detail/obs_laser__rosidl_typesupport_introspection_c.h
[1.547s] -- Up-to-date: /home/cjs/Health_Node/ros2_ws/install/base_interfaces_demo/include/base_interfaces_demo/msg/detail/location__type_support.c
[1.547s] -- Up-to-date: /home/cjs/Health_Node/ros2_ws/install/base_interfaces_demo/include/base_interfaces_demo/msg/detail/pallet_info__rosidl_typesupport_introspection_c.h
[1.547s] -- Up-to-date: /home/cjs/Health_Node/ros2_ws/install/base_interfaces_demo/include/base_interfaces_demo/msg/detail/charger_info__type_support.c
[1.547s] -- Up-to-date: /home/cjs/Health_Node/ros2_ws/install/base_interfaces_demo/include/base_interfaces_demo/msg/detail/system_status__rosidl_typesupport_introspection_c.h
[1.548s] -- Up-to-date: /home/cjs/Health_Node/ros2_ws/install/base_interfaces_demo/include/base_interfaces_demo/msg/detail/pub_sub_info__rosidl_typesupport_introspection_c.h
[1.548s] -- Up-to-date: /home/cjs/Health_Node/ros2_ws/install/base_interfaces_demo/include/base_interfaces_demo/msg/detail/seek_ret__type_support.c
[1.548s] -- Up-to-date: /home/cjs/Health_Node/ros2_ws/install/base_interfaces_demo/include/base_interfaces_demo/msg/detail/color_info__type_support.c
[1.548s] -- Up-to-date: /home/cjs/Health_Node/ros2_ws/install/base_interfaces_demo/include/base_interfaces_demo/msg/detail/bms_info__type_support.c
[1.548s] -- Up-to-date: /home/cjs/Health_Node/ros2_ws/install/base_interfaces_demo/include/base_interfaces_demo/msg/detail/manual__rosidl_typesupport_introspection_c.h
[1.548s] -- Up-to-date: /home/cjs/Health_Node/ros2_ws/install/base_interfaces_demo/include/base_interfaces_demo/msg/detail/charger_info__rosidl_typesupport_introspection_c.h
[1.548s] -- Up-to-date: /home/cjs/Health_Node/ros2_ws/install/base_interfaces_demo/include/base_interfaces_demo/msg/detail/hall_info__type_support.c
[1.548s] -- Up-to-date: /home/cjs/Health_Node/ros2_ws/install/base_interfaces_demo/include/base_interfaces_demo/msg/detail/device_info__type_support.c
[1.548s] -- Up-to-date: /home/cjs/Health_Node/ros2_ws/install/base_interfaces_demo/include/base_interfaces_demo/msg/detail/manual_seek_label__type_support.c
[1.548s] -- Up-to-date: /home/cjs/Health_Node/ros2_ws/install/base_interfaces_demo/include/base_interfaces_demo/msg/detail/manual_seek_label__rosidl_typesupport_introspection_c.h
[1.548s] -- Up-to-date: /home/cjs/Health_Node/ros2_ws/install/base_interfaces_demo/include/base_interfaces_demo/msg/detail/file_updata__type_support.c
[1.548s] -- Up-to-date: /home/cjs/Health_Node/ros2_ws/install/base_interfaces_demo/include/base_interfaces_demo/msg/detail/device_info__rosidl_typesupport_introspection_c.h
[1.548s] -- Up-to-date: /home/cjs/Health_Node/ros2_ws/install/base_interfaces_demo/include/base_interfaces_demo/msg/detail/pub_sub_info__type_support.c
[1.548s] -- Up-to-date: /home/cjs/Health_Node/ros2_ws/install/base_interfaces_demo/include/base_interfaces_demo/msg/detail/health_node__type_support.c
[1.548s] -- Up-to-date: /home/cjs/Health_Node/ros2_ws/install/base_interfaces_demo/include/base_interfaces_demo/msg/detail/obs_laser__type_support.c
[1.548s] -- Up-to-date: /home/cjs/Health_Node/ros2_ws/install/base_interfaces_demo/include/base_interfaces_demo/msg/detail/seek_ret__rosidl_typesupport_introspection_c.h
[1.548s] -- Up-to-date: /home/cjs/Health_Node/ros2_ws/install/base_interfaces_demo/include/base_interfaces_demo/msg/detail/core_info__type_support.c
[1.549s] -- Up-to-date: /home/cjs/Health_Node/ros2_ws/install/base_interfaces_demo/include/base_interfaces_demo/msg/detail/file_updata__rosidl_typesupport_introspection_c.h
[1.549s] -- Up-to-date: /home/cjs/Health_Node/ros2_ws/install/base_interfaces_demo/include/base_interfaces_demo/msg/detail/device_id__rosidl_typesupport_introspection_c.h
[1.549s] -- Up-to-date: /home/cjs/Health_Node/ros2_ws/install/base_interfaces_demo/include/base_interfaces_demo/msg/detail/device_id__type_support.c
[1.549s] -- Up-to-date: /home/cjs/Health_Node/ros2_ws/install/base_interfaces_demo/include/base_interfaces_demo/msg/detail/location__rosidl_typesupport_introspection_c.h
[1.549s] -- Up-to-date: /home/cjs/Health_Node/ros2_ws/install/base_interfaces_demo/include/base_interfaces_demo/msg/detail/pallet_info__type_support.c
[1.549s] -- Up-to-date: /home/cjs/Health_Node/ros2_ws/install/base_interfaces_demo/include/base_interfaces_demo/msg/detail/health_node__rosidl_typesupport_introspection_c.h
[1.549s] -- Up-to-date: /home/cjs/Health_Node/ros2_ws/install/base_interfaces_demo/include/base_interfaces_demo/msg/detail/color_info__rosidl_typesupport_introspection_c.h
[1.549s] -- Up-to-date: /home/cjs/Health_Node/ros2_ws/install/base_interfaces_demo/include/base_interfaces_demo/msg/rosidl_typesupport_introspection_c__visibility_control.h
[1.549s] -- Up-to-date: /home/cjs/Health_Node/ros2_ws/install/base_interfaces_demo/lib/libbase_interfaces_demo__rosidl_typesupport_introspection_c.so
[1.558s] -- Up-to-date: /home/cjs/Health_Node/ros2_ws/install/base_interfaces_demo/lib/libbase_interfaces_demo__rosidl_typesupport_c.so
[1.559s] -- Up-to-date: /home/cjs/Health_Node/ros2_ws/install/base_interfaces_demo/include/base_interfaces_demo
[1.559s] -- Up-to-date: /home/cjs/Health_Node/ros2_ws/install/base_interfaces_demo/include/base_interfaces_demo/msg
[1.559s] -- Up-to-date: /home/cjs/Health_Node/ros2_ws/install/base_interfaces_demo/include/base_interfaces_demo/msg/color_info.hpp
[1.559s] -- Up-to-date: /home/cjs/Health_Node/ros2_ws/install/base_interfaces_demo/include/base_interfaces_demo/msg/seek_ret.hpp
[1.559s] -- Up-to-date: /home/cjs/Health_Node/ros2_ws/install/base_interfaces_demo/include/base_interfaces_demo/msg/device_id.hpp
[1.559s] -- Up-to-date: /home/cjs/Health_Node/ros2_ws/install/base_interfaces_demo/include/base_interfaces_demo/msg/pallet_info.hpp
[1.559s] -- Up-to-date: /home/cjs/Health_Node/ros2_ws/install/base_interfaces_demo/include/base_interfaces_demo/msg/detail
[1.559s] -- Up-to-date: /home/cjs/Health_Node/ros2_ws/install/base_interfaces_demo/include/base_interfaces_demo/msg/detail/pallet_info__type_support.hpp
[1.559s] -- Up-to-date: /home/cjs/Health_Node/ros2_ws/install/base_interfaces_demo/include/base_interfaces_demo/msg/detail/manual__struct.hpp
[1.561s] -- Up-to-date: /home/cjs/Health_Node/ros2_ws/install/base_interfaces_demo/include/base_interfaces_demo/msg/detail/device_id__type_support.hpp
[1.561s] -- Up-to-date: /home/cjs/Health_Node/ros2_ws/install/base_interfaces_demo/include/base_interfaces_demo/msg/detail/obs_laser__builder.hpp
[1.561s] -- Up-to-date: /home/cjs/Health_Node/ros2_ws/install/base_interfaces_demo/include/base_interfaces_demo/msg/detail/charger_info__traits.hpp
[1.561s] -- Up-to-date: /home/cjs/Health_Node/ros2_ws/install/base_interfaces_demo/include/base_interfaces_demo/msg/detail/core_info__struct.hpp
[1.561s] -- Up-to-date: /home/cjs/Health_Node/ros2_ws/install/base_interfaces_demo/include/base_interfaces_demo/msg/detail/core_info__type_support.hpp
[1.562s] -- Up-to-date: /home/cjs/Health_Node/ros2_ws/install/base_interfaces_demo/include/base_interfaces_demo/msg/detail/system_status__traits.hpp
[1.562s] -- Up-to-date: /home/cjs/Health_Node/ros2_ws/install/base_interfaces_demo/include/base_interfaces_demo/msg/detail/seek_ret__type_support.hpp
[1.562s] -- Up-to-date: /home/cjs/Health_Node/ros2_ws/install/base_interfaces_demo/include/base_interfaces_demo/msg/detail/device_info__traits.hpp
[1.562s] -- Up-to-date: /home/cjs/Health_Node/ros2_ws/install/base_interfaces_demo/include/base_interfaces_demo/msg/detail/pub_sub_info__type_support.hpp
[1.562s] -- Up-to-date: /home/cjs/Health_Node/ros2_ws/install/base_interfaces_demo/include/base_interfaces_demo/msg/detail/system_status__struct.hpp
[1.562s] -- Up-to-date: /home/cjs/Health_Node/ros2_ws/install/base_interfaces_demo/include/base_interfaces_demo/msg/detail/pallet_info__builder.hpp
[1.562s] -- Up-to-date: /home/cjs/Health_Node/ros2_ws/install/base_interfaces_demo/include/base_interfaces_demo/msg/detail/seek_ret__traits.hpp
[1.562s] -- Up-to-date: /home/cjs/Health_Node/ros2_ws/install/base_interfaces_demo/include/base_interfaces_demo/msg/detail/pallet_info__traits.hpp
[1.562s] -- Up-to-date: /home/cjs/Health_Node/ros2_ws/install/base_interfaces_demo/include/base_interfaces_demo/msg/detail/location__traits.hpp
[1.562s] -- Up-to-date: /home/cjs/Health_Node/ros2_ws/install/base_interfaces_demo/include/base_interfaces_demo/msg/detail/core_info__traits.hpp
[1.562s] -- Up-to-date: /home/cjs/Health_Node/ros2_ws/install/base_interfaces_demo/include/base_interfaces_demo/msg/detail/system_status__type_support.hpp
[1.562s] -- Up-to-date: /home/cjs/Health_Node/ros2_ws/install/base_interfaces_demo/include/base_interfaces_demo/msg/detail/system_status__builder.hpp
[1.562s] -- Up-to-date: /home/cjs/Health_Node/ros2_ws/install/base_interfaces_demo/include/base_interfaces_demo/msg/detail/health_node__struct.hpp
[1.562s] -- Up-to-date: /home/cjs/Health_Node/ros2_ws/install/base_interfaces_demo/include/base_interfaces_demo/msg/detail/pub_sub_info__builder.hpp
[1.562s] -- Up-to-date: /home/cjs/Health_Node/ros2_ws/install/base_interfaces_demo/include/base_interfaces_demo/msg/detail/file_updata__struct.hpp
[1.563s] -- Up-to-date: /home/cjs/Health_Node/ros2_ws/install/base_interfaces_demo/include/base_interfaces_demo/msg/detail/bms_info__struct.hpp
[1.563s] -- Up-to-date: /home/cjs/Health_Node/ros2_ws/install/base_interfaces_demo/include/base_interfaces_demo/msg/detail/obs_laser__struct.hpp
[1.563s] -- Up-to-date: /home/cjs/Health_Node/ros2_ws/install/base_interfaces_demo/include/base_interfaces_demo/msg/detail/manual_seek_label__builder.hpp
[1.563s] -- Up-to-date: /home/cjs/Health_Node/ros2_ws/install/base_interfaces_demo/include/base_interfaces_demo/msg/detail/motor_status__type_support.hpp
[1.563s] -- Up-to-date: /home/cjs/Health_Node/ros2_ws/install/base_interfaces_demo/include/base_interfaces_demo/msg/detail/device_id__struct.hpp
[1.563s] -- Up-to-date: /home/cjs/Health_Node/ros2_ws/install/base_interfaces_demo/include/base_interfaces_demo/msg/detail/obs_laser__traits.hpp
[1.563s] -- Up-to-date: /home/cjs/Health_Node/ros2_ws/install/base_interfaces_demo/include/base_interfaces_demo/msg/detail/manual__traits.hpp
[1.563s] -- Up-to-date: /home/cjs/Health_Node/ros2_ws/install/base_interfaces_demo/include/base_interfaces_demo/msg/detail/core_info__builder.hpp
[1.564s] -- Up-to-date: /home/cjs/Health_Node/ros2_ws/install/base_interfaces_demo/include/base_interfaces_demo/msg/detail/manual__type_support.hpp
[1.564s] -- Up-to-date: /home/cjs/Health_Node/ros2_ws/install/base_interfaces_demo/include/base_interfaces_demo/msg/detail/device_info__builder.hpp
[1.564s] -- Up-to-date: /home/cjs/Health_Node/ros2_ws/install/base_interfaces_demo/include/base_interfaces_demo/msg/detail/color_info__type_support.hpp
[1.564s] -- Up-to-date: /home/cjs/Health_Node/ros2_ws/install/base_interfaces_demo/include/base_interfaces_demo/msg/detail/device_info__struct.hpp
[1.564s] -- Up-to-date: /home/cjs/Health_Node/ros2_ws/install/base_interfaces_demo/include/base_interfaces_demo/msg/detail/charger_info__builder.hpp
[1.564s] -- Up-to-date: /home/cjs/Health_Node/ros2_ws/install/base_interfaces_demo/include/base_interfaces_demo/msg/detail/hall_info__struct.hpp
[1.565s] -- Up-to-date: /home/cjs/Health_Node/ros2_ws/install/base_interfaces_demo/include/base_interfaces_demo/msg/detail/bms_info__builder.hpp
[1.565s] -- Up-to-date: /home/cjs/Health_Node/ros2_ws/install/base_interfaces_demo/include/base_interfaces_demo/msg/detail/file_updata__type_support.hpp
[1.565s] -- Up-to-date: /home/cjs/Health_Node/ros2_ws/install/base_interfaces_demo/include/base_interfaces_demo/msg/detail/color_info__traits.hpp
[1.567s] -- Up-to-date: /home/cjs/Health_Node/ros2_ws/install/base_interfaces_demo/include/base_interfaces_demo/msg/detail/health_node__builder.hpp
[1.567s] -- Up-to-date: /home/cjs/Health_Node/ros2_ws/install/base_interfaces_demo/include/base_interfaces_demo/msg/detail/obs_laser__type_support.hpp
[1.568s] -- Up-to-date: /home/cjs/Health_Node/ros2_ws/install/base_interfaces_demo/include/base_interfaces_demo/msg/detail/charger_info__type_support.hpp
[1.568s] -- Up-to-date: /home/cjs/Health_Node/ros2_ws/install/base_interfaces_demo/include/base_interfaces_demo/msg/detail/color_info__builder.hpp
[1.568s] -- Up-to-date: /home/cjs/Health_Node/ros2_ws/install/base_interfaces_demo/include/base_interfaces_demo/msg/detail/hall_info__traits.hpp
[1.568s] -- Up-to-date: /home/cjs/Health_Node/ros2_ws/install/base_interfaces_demo/include/base_interfaces_demo/msg/detail/health_node__traits.hpp
[1.568s] -- Up-to-date: /home/cjs/Health_Node/ros2_ws/install/base_interfaces_demo/include/base_interfaces_demo/msg/detail/color_info__struct.hpp
[1.568s] -- Up-to-date: /home/cjs/Health_Node/ros2_ws/install/base_interfaces_demo/include/base_interfaces_demo/msg/detail/location__builder.hpp
[1.568s] -- Up-to-date: /home/cjs/Health_Node/ros2_ws/install/base_interfaces_demo/include/base_interfaces_demo/msg/detail/manual_seek_label__traits.hpp
[1.568s] -- Up-to-date: /home/cjs/Health_Node/ros2_ws/install/base_interfaces_demo/include/base_interfaces_demo/msg/detail/pub_sub_info__traits.hpp
[1.568s] -- Up-to-date: /home/cjs/Health_Node/ros2_ws/install/base_interfaces_demo/include/base_interfaces_demo/msg/detail/seek_ret__builder.hpp
[1.568s] -- Up-to-date: /home/cjs/Health_Node/ros2_ws/install/base_interfaces_demo/include/base_interfaces_demo/msg/detail/motor_status__struct.hpp
[1.568s] -- Up-to-date: /home/cjs/Health_Node/ros2_ws/install/base_interfaces_demo/include/base_interfaces_demo/msg/detail/file_updata__traits.hpp
[1.569s] -- Up-to-date: /home/cjs/Health_Node/ros2_ws/install/base_interfaces_demo/include/base_interfaces_demo/msg/detail/bms_info__type_support.hpp
[1.569s] -- Up-to-date: /home/cjs/Health_Node/ros2_ws/install/base_interfaces_demo/include/base_interfaces_demo/msg/detail/health_node__type_support.hpp
[1.569s] -- Up-to-date: /home/cjs/Health_Node/ros2_ws/install/base_interfaces_demo/include/base_interfaces_demo/msg/detail/pub_sub_info__struct.hpp
[1.576s] -- Up-to-date: /home/cjs/Health_Node/ros2_ws/install/base_interfaces_demo/include/base_interfaces_demo/msg/detail/device_id__builder.hpp
[1.576s] -- Up-to-date: /home/cjs/Health_Node/ros2_ws/install/base_interfaces_demo/include/base_interfaces_demo/msg/detail/file_updata__builder.hpp
[1.576s] -- Up-to-date: /home/cjs/Health_Node/ros2_ws/install/base_interfaces_demo/include/base_interfaces_demo/msg/detail/motor_status__builder.hpp
[1.576s] -- Up-to-date: /home/cjs/Health_Node/ros2_ws/install/base_interfaces_demo/include/base_interfaces_demo/msg/detail/bms_info__traits.hpp
[1.576s] -- Up-to-date: /home/cjs/Health_Node/ros2_ws/install/base_interfaces_demo/include/base_interfaces_demo/msg/detail/device_info__type_support.hpp
[1.576s] -- Up-to-date: /home/cjs/Health_Node/ros2_ws/install/base_interfaces_demo/include/base_interfaces_demo/msg/detail/hall_info__type_support.hpp
[1.577s] -- Up-to-date: /home/cjs/Health_Node/ros2_ws/install/base_interfaces_demo/include/base_interfaces_demo/msg/detail/hall_info__builder.hpp
[1.577s] -- Up-to-date: /home/cjs/Health_Node/ros2_ws/install/base_interfaces_demo/include/base_interfaces_demo/msg/detail/manual__builder.hpp
[1.577s] -- Up-to-date: /home/cjs/Health_Node/ros2_ws/install/base_interfaces_demo/include/base_interfaces_demo/msg/detail/manual_seek_label__struct.hpp
[1.577s] -- Up-to-date: /home/cjs/Health_Node/ros2_ws/install/base_interfaces_demo/include/base_interfaces_demo/msg/detail/device_id__traits.hpp
[1.577s] -- Up-to-date: /home/cjs/Health_Node/ros2_ws/install/base_interfaces_demo/include/base_interfaces_demo/msg/detail/location__type_support.hpp
[1.577s] -- Up-to-date: /home/cjs/Health_Node/ros2_ws/install/base_interfaces_demo/include/base_interfaces_demo/msg/detail/manual_seek_label__type_support.hpp
[1.577s] -- Up-to-date: /home/cjs/Health_Node/ros2_ws/install/base_interfaces_demo/include/base_interfaces_demo/msg/detail/charger_info__struct.hpp
[1.577s] -- Up-to-date: /home/cjs/Health_Node/ros2_ws/install/base_interfaces_demo/include/base_interfaces_demo/msg/detail/motor_status__traits.hpp
[1.577s] -- Up-to-date: /home/cjs/Health_Node/ros2_ws/install/base_interfaces_demo/include/base_interfaces_demo/msg/detail/location__struct.hpp
[1.577s] -- Up-to-date: /home/cjs/Health_Node/ros2_ws/install/base_interfaces_demo/include/base_interfaces_demo/msg/detail/seek_ret__struct.hpp
[1.577s] -- Up-to-date: /home/cjs/Health_Node/ros2_ws/install/base_interfaces_demo/include/base_interfaces_demo/msg/detail/pallet_info__struct.hpp
[1.577s] -- Up-to-date: /home/cjs/Health_Node/ros2_ws/install/base_interfaces_demo/include/base_interfaces_demo/msg/pub_sub_info.hpp
[1.577s] -- Up-to-date: /home/cjs/Health_Node/ros2_ws/install/base_interfaces_demo/include/base_interfaces_demo/msg/core_info.hpp
[1.577s] -- Up-to-date: /home/cjs/Health_Node/ros2_ws/install/base_interfaces_demo/include/base_interfaces_demo/msg/manual_seek_label.hpp
[1.577s] -- Up-to-date: /home/cjs/Health_Node/ros2_ws/install/base_interfaces_demo/include/base_interfaces_demo/msg/motor_status.hpp
[1.577s] -- Up-to-date: /home/cjs/Health_Node/ros2_ws/install/base_interfaces_demo/include/base_interfaces_demo/msg/hall_info.hpp
[1.577s] -- Up-to-date: /home/cjs/Health_Node/ros2_ws/install/base_interfaces_demo/include/base_interfaces_demo/msg/charger_info.hpp
[1.577s] -- Up-to-date: /home/cjs/Health_Node/ros2_ws/install/base_interfaces_demo/include/base_interfaces_demo/msg/rosidl_generator_cpp__visibility_control.hpp
[1.577s] -- Up-to-date: /home/cjs/Health_Node/ros2_ws/install/base_interfaces_demo/include/base_interfaces_demo/msg/location.hpp
[1.577s] -- Up-to-date: /home/cjs/Health_Node/ros2_ws/install/base_interfaces_demo/include/base_interfaces_demo/msg/file_updata.hpp
[1.577s] -- Up-to-date: /home/cjs/Health_Node/ros2_ws/install/base_interfaces_demo/include/base_interfaces_demo/msg/health_node.hpp
[1.577s] -- Up-to-date: /home/cjs/Health_Node/ros2_ws/install/base_interfaces_demo/include/base_interfaces_demo/msg/device_info.hpp
[1.577s] -- Up-to-date: /home/cjs/Health_Node/ros2_ws/install/base_interfaces_demo/include/base_interfaces_demo/msg/obs_laser.hpp
[1.577s] -- Up-to-date: /home/cjs/Health_Node/ros2_ws/install/base_interfaces_demo/include/base_interfaces_demo/msg/system_status.hpp
[1.577s] -- Up-to-date: /home/cjs/Health_Node/ros2_ws/install/base_interfaces_demo/include/base_interfaces_demo/msg/bms_info.hpp
[1.577s] -- Up-to-date: /home/cjs/Health_Node/ros2_ws/install/base_interfaces_demo/include/base_interfaces_demo/msg/manual.hpp
[1.578s] -- Up-to-date: /home/cjs/Health_Node/ros2_ws/install/base_interfaces_demo/include/base_interfaces_demo
[1.578s] -- Up-to-date: /home/cjs/Health_Node/ros2_ws/install/base_interfaces_demo/include/base_interfaces_demo/msg
[1.578s] -- Up-to-date: /home/cjs/Health_Node/ros2_ws/install/base_interfaces_demo/include/base_interfaces_demo/msg/detail
[1.578s] -- Up-to-date: /home/cjs/Health_Node/ros2_ws/install/base_interfaces_demo/include/base_interfaces_demo/msg/detail/device_info__type_support.cpp
[1.578s] -- Up-to-date: /home/cjs/Health_Node/ros2_ws/install/base_interfaces_demo/include/base_interfaces_demo/msg/detail/health_node__rosidl_typesupport_introspection_cpp.hpp
[1.578s] -- Up-to-date: /home/cjs/Health_Node/ros2_ws/install/base_interfaces_demo/include/base_interfaces_demo/msg/detail/location__type_support.cpp
[1.578s] -- Up-to-date: /home/cjs/Health_Node/ros2_ws/install/base_interfaces_demo/include/base_interfaces_demo/msg/detail/health_node__type_support.cpp
[1.578s] -- Up-to-date: /home/cjs/Health_Node/ros2_ws/install/base_interfaces_demo/include/base_interfaces_demo/msg/detail/pub_sub_info__rosidl_typesupport_introspection_cpp.hpp
[1.578s] -- Up-to-date: /home/cjs/Health_Node/ros2_ws/install/base_interfaces_demo/include/base_interfaces_demo/msg/detail/seek_ret__type_support.cpp
[1.578s] -- Up-to-date: /home/cjs/Health_Node/ros2_ws/install/base_interfaces_demo/include/base_interfaces_demo/msg/detail/device_id__type_support.cpp
[1.578s] -- Up-to-date: /home/cjs/Health_Node/ros2_ws/install/base_interfaces_demo/include/base_interfaces_demo/msg/detail/manual__rosidl_typesupport_introspection_cpp.hpp
[1.578s] -- Up-to-date: /home/cjs/Health_Node/ros2_ws/install/base_interfaces_demo/include/base_interfaces_demo/msg/detail/charger_info__type_support.cpp
[1.578s] -- Up-to-date: /home/cjs/Health_Node/ros2_ws/install/base_interfaces_demo/include/base_interfaces_demo/msg/detail/color_info__rosidl_typesupport_introspection_cpp.hpp
[1.578s] -- Up-to-date: /home/cjs/Health_Node/ros2_ws/install/base_interfaces_demo/include/base_interfaces_demo/msg/detail/location__rosidl_typesupport_introspection_cpp.hpp
[1.578s] -- Up-to-date: /home/cjs/Health_Node/ros2_ws/install/base_interfaces_demo/include/base_interfaces_demo/msg/detail/manual_seek_label__type_support.cpp
[1.578s] -- Up-to-date: /home/cjs/Health_Node/ros2_ws/install/base_interfaces_demo/include/base_interfaces_demo/msg/detail/manual__type_support.cpp
[1.579s] -- Up-to-date: /home/cjs/Health_Node/ros2_ws/install/base_interfaces_demo/include/base_interfaces_demo/msg/detail/core_info__type_support.cpp
[1.579s] -- Up-to-date: /home/cjs/Health_Node/ros2_ws/install/base_interfaces_demo/include/base_interfaces_demo/msg/detail/bms_info__type_support.cpp
[1.579s] -- Up-to-date: /home/cjs/Health_Node/ros2_ws/install/base_interfaces_demo/include/base_interfaces_demo/msg/detail/core_info__rosidl_typesupport_introspection_cpp.hpp
[1.579s] -- Up-to-date: /home/cjs/Health_Node/ros2_ws/install/base_interfaces_demo/include/base_interfaces_demo/msg/detail/system_status__type_support.cpp
[1.579s] -- Up-to-date: /home/cjs/Health_Node/ros2_ws/install/base_interfaces_demo/include/base_interfaces_demo/msg/detail/manual_seek_label__rosidl_typesupport_introspection_cpp.hpp
[1.579s] -- Up-to-date: /home/cjs/Health_Node/ros2_ws/install/base_interfaces_demo/include/base_interfaces_demo/msg/detail/charger_info__rosidl_typesupport_introspection_cpp.hpp
[1.579s] -- Up-to-date: /home/cjs/Health_Node/ros2_ws/install/base_interfaces_demo/include/base_interfaces_demo/msg/detail/obs_laser__rosidl_typesupport_introspection_cpp.hpp
[1.579s] -- Up-to-date: /home/cjs/Health_Node/ros2_ws/install/base_interfaces_demo/include/base_interfaces_demo/msg/detail/device_id__rosidl_typesupport_introspection_cpp.hpp
[1.579s] -- Up-to-date: /home/cjs/Health_Node/ros2_ws/install/base_interfaces_demo/include/base_interfaces_demo/msg/detail/color_info__type_support.cpp
[1.579s] -- Up-to-date: /home/cjs/Health_Node/ros2_ws/install/base_interfaces_demo/include/base_interfaces_demo/msg/detail/pallet_info__rosidl_typesupport_introspection_cpp.hpp
[1.579s] -- Up-to-date: /home/cjs/Health_Node/ros2_ws/install/base_interfaces_demo/include/base_interfaces_demo/msg/detail/file_updata__rosidl_typesupport_introspection_cpp.hpp
[1.579s] -- Up-to-date: /home/cjs/Health_Node/ros2_ws/install/base_interfaces_demo/include/base_interfaces_demo/msg/detail/motor_status__type_support.cpp
[1.579s] -- Up-to-date: /home/cjs/Health_Node/ros2_ws/install/base_interfaces_demo/include/base_interfaces_demo/msg/detail/file_updata__type_support.cpp
[1.579s] -- Up-to-date: /home/cjs/Health_Node/ros2_ws/install/base_interfaces_demo/include/base_interfaces_demo/msg/detail/pub_sub_info__type_support.cpp
[1.579s] -- Up-to-date: /home/cjs/Health_Node/ros2_ws/install/base_interfaces_demo/include/base_interfaces_demo/msg/detail/bms_info__rosidl_typesupport_introspection_cpp.hpp
[1.579s] -- Up-to-date: /home/cjs/Health_Node/ros2_ws/install/base_interfaces_demo/include/base_interfaces_demo/msg/detail/seek_ret__rosidl_typesupport_introspection_cpp.hpp
[1.579s] -- Up-to-date: /home/cjs/Health_Node/ros2_ws/install/base_interfaces_demo/include/base_interfaces_demo/msg/detail/system_status__rosidl_typesupport_introspection_cpp.hpp
[1.579s] -- Up-to-date: /home/cjs/Health_Node/ros2_ws/install/base_interfaces_demo/include/base_interfaces_demo/msg/detail/hall_info__rosidl_typesupport_introspection_cpp.hpp
[1.579s] -- Up-to-date: /home/cjs/Health_Node/ros2_ws/install/base_interfaces_demo/include/base_interfaces_demo/msg/detail/motor_status__rosidl_typesupport_introspection_cpp.hpp
[1.579s] -- Up-to-date: /home/cjs/Health_Node/ros2_ws/install/base_interfaces_demo/include/base_interfaces_demo/msg/detail/device_info__rosidl_typesupport_introspection_cpp.hpp
[1.579s] -- Up-to-date: /home/cjs/Health_Node/ros2_ws/install/base_interfaces_demo/include/base_interfaces_demo/msg/detail/pallet_info__type_support.cpp
[1.579s] -- Up-to-date: /home/cjs/Health_Node/ros2_ws/install/base_interfaces_demo/include/base_interfaces_demo/msg/detail/obs_laser__type_support.cpp
[1.579s] -- Up-to-date: /home/cjs/Health_Node/ros2_ws/install/base_interfaces_demo/include/base_interfaces_demo/msg/detail/hall_info__type_support.cpp
[1.579s] -- Up-to-date: /home/cjs/Health_Node/ros2_ws/install/base_interfaces_demo/lib/libbase_interfaces_demo__rosidl_typesupport_introspection_cpp.so
[1.579s] -- Up-to-date: /home/cjs/Health_Node/ros2_ws/install/base_interfaces_demo/lib/libbase_interfaces_demo__rosidl_typesupport_cpp.so
[1.580s] -- Up-to-date: /home/cjs/Health_Node/ros2_ws/install/base_interfaces_demo/share/base_interfaces_demo/environment/pythonpath.sh
[1.580s] -- Up-to-date: /home/cjs/Health_Node/ros2_ws/install/base_interfaces_demo/share/base_interfaces_demo/environment/pythonpath.dsv
[1.580s] -- Up-to-date: /home/cjs/Health_Node/ros2_ws/install/base_interfaces_demo/lib/python3.8/site-packages/base_interfaces_demo/__init__.py
[1.629s] -- Up-to-date: /home/cjs/Health_Node/ros2_ws/install/base_interfaces_demo/lib/python3.8/site-packages/base_interfaces_demo/msg
[1.629s] -- Up-to-date: /home/cjs/Health_Node/ros2_ws/install/base_interfaces_demo/lib/python3.8/site-packages/base_interfaces_demo/msg/_hall_info_s.c
[1.629s] -- Up-to-date: /home/cjs/Health_Node/ros2_ws/install/base_interfaces_demo/lib/python3.8/site-packages/base_interfaces_demo/msg/_health_node.py
[1.629s] -- Up-to-date: /home/cjs/Health_Node/ros2_ws/install/base_interfaces_demo/lib/python3.8/site-packages/base_interfaces_demo/msg/_core_info_s.c
[1.629s] -- Up-to-date: /home/cjs/Health_Node/ros2_ws/install/base_interfaces_demo/lib/python3.8/site-packages/base_interfaces_demo/msg/_pub_sub_info.py
[1.629s] -- Up-to-date: /home/cjs/Health_Node/ros2_ws/install/base_interfaces_demo/lib/python3.8/site-packages/base_interfaces_demo/msg/_health_node_s.c
[1.629s] -- Up-to-date: /home/cjs/Health_Node/ros2_ws/install/base_interfaces_demo/lib/python3.8/site-packages/base_interfaces_demo/msg/_color_info.py
[1.629s] -- Up-to-date: /home/cjs/Health_Node/ros2_ws/install/base_interfaces_demo/lib/python3.8/site-packages/base_interfaces_demo/msg/_device_id.py
[1.630s] -- Up-to-date: /home/cjs/Health_Node/ros2_ws/install/base_interfaces_demo/lib/python3.8/site-packages/base_interfaces_demo/msg/_device_info.py
[1.630s] -- Up-to-date: /home/cjs/Health_Node/ros2_ws/install/base_interfaces_demo/lib/python3.8/site-packages/base_interfaces_demo/msg/_motor_status.py
[1.630s] -- Up-to-date: /home/cjs/Health_Node/ros2_ws/install/base_interfaces_demo/lib/python3.8/site-packages/base_interfaces_demo/msg/_pallet_info.py
[1.630s] -- Up-to-date: /home/cjs/Health_Node/ros2_ws/install/base_interfaces_demo/lib/python3.8/site-packages/base_interfaces_demo/msg/_obs_laser.py
[1.630s] -- Up-to-date: /home/cjs/Health_Node/ros2_ws/install/base_interfaces_demo/lib/python3.8/site-packages/base_interfaces_demo/msg/_device_id_s.c
[1.630s] -- Up-to-date: /home/cjs/Health_Node/ros2_ws/install/base_interfaces_demo/lib/python3.8/site-packages/base_interfaces_demo/msg/_seek_ret_s.c
[1.630s] -- Up-to-date: /home/cjs/Health_Node/ros2_ws/install/base_interfaces_demo/lib/python3.8/site-packages/base_interfaces_demo/msg/_file_updata_s.c
[1.630s] -- Up-to-date: /home/cjs/Health_Node/ros2_ws/install/base_interfaces_demo/lib/python3.8/site-packages/base_interfaces_demo/msg/_device_info_s.c
[1.631s] -- Up-to-date: /home/cjs/Health_Node/ros2_ws/install/base_interfaces_demo/lib/python3.8/site-packages/base_interfaces_demo/msg/_manual_seek_label.py
[1.631s] -- Up-to-date: /home/cjs/Health_Node/ros2_ws/install/base_interfaces_demo/lib/python3.8/site-packages/base_interfaces_demo/msg/_pub_sub_info_s.c
[1.631s] -- Up-to-date: /home/cjs/Health_Node/ros2_ws/install/base_interfaces_demo/lib/python3.8/site-packages/base_interfaces_demo/msg/_obs_laser_s.c
[1.631s] -- Up-to-date: /home/cjs/Health_Node/ros2_ws/install/base_interfaces_demo/lib/python3.8/site-packages/base_interfaces_demo/msg/_charger_info_s.c
[1.631s] -- Up-to-date: /home/cjs/Health_Node/ros2_ws/install/base_interfaces_demo/lib/python3.8/site-packages/base_interfaces_demo/msg/_system_status.py
[1.632s] -- Up-to-date: /home/cjs/Health_Node/ros2_ws/install/base_interfaces_demo/lib/python3.8/site-packages/base_interfaces_demo/msg/_manual.py
[1.632s] -- Up-to-date: /home/cjs/Health_Node/ros2_ws/install/base_interfaces_demo/lib/python3.8/site-packages/base_interfaces_demo/msg/_core_info.py
[1.632s] -- Up-to-date: /home/cjs/Health_Node/ros2_ws/install/base_interfaces_demo/lib/python3.8/site-packages/base_interfaces_demo/msg/_charger_info.py
[1.632s] -- Up-to-date: /home/cjs/Health_Node/ros2_ws/install/base_interfaces_demo/lib/python3.8/site-packages/base_interfaces_demo/msg/_manual_s.c
[1.632s] -- Up-to-date: /home/cjs/Health_Node/ros2_ws/install/base_interfaces_demo/lib/python3.8/site-packages/base_interfaces_demo/msg/_manual_seek_label_s.c
[1.632s] -- Up-to-date: /home/cjs/Health_Node/ros2_ws/install/base_interfaces_demo/lib/python3.8/site-packages/base_interfaces_demo/msg/_hall_info.py
[1.632s] -- Up-to-date: /home/cjs/Health_Node/ros2_ws/install/base_interfaces_demo/lib/python3.8/site-packages/base_interfaces_demo/msg/_location_s.c
[1.632s] -- Up-to-date: /home/cjs/Health_Node/ros2_ws/install/base_interfaces_demo/lib/python3.8/site-packages/base_interfaces_demo/msg/_seek_ret.py
[1.632s] -- Up-to-date: /home/cjs/Health_Node/ros2_ws/install/base_interfaces_demo/lib/python3.8/site-packages/base_interfaces_demo/msg/_system_status_s.c
[1.632s] -- Up-to-date: /home/cjs/Health_Node/ros2_ws/install/base_interfaces_demo/lib/python3.8/site-packages/base_interfaces_demo/msg/_location.py
[1.632s] -- Up-to-date: /home/cjs/Health_Node/ros2_ws/install/base_interfaces_demo/lib/python3.8/site-packages/base_interfaces_demo/msg/_color_info_s.c
[1.632s] -- Up-to-date: /home/cjs/Health_Node/ros2_ws/install/base_interfaces_demo/lib/python3.8/site-packages/base_interfaces_demo/msg/_motor_status_s.c
[1.632s] -- Up-to-date: /home/cjs/Health_Node/ros2_ws/install/base_interfaces_demo/lib/python3.8/site-packages/base_interfaces_demo/msg/_file_updata.py
[1.632s] -- Up-to-date: /home/cjs/Health_Node/ros2_ws/install/base_interfaces_demo/lib/python3.8/site-packages/base_interfaces_demo/msg/_bms_info_s.c
[1.633s] -- Up-to-date: /home/cjs/Health_Node/ros2_ws/install/base_interfaces_demo/lib/python3.8/site-packages/base_interfaces_demo/msg/_pallet_info_s.c
[1.633s] -- Up-to-date: /home/cjs/Health_Node/ros2_ws/install/base_interfaces_demo/lib/python3.8/site-packages/base_interfaces_demo/msg/__init__.py
[1.633s] -- Up-to-date: /home/cjs/Health_Node/ros2_ws/install/base_interfaces_demo/lib/python3.8/site-packages/base_interfaces_demo/msg/_bms_info.py
[1.633s] -- Up-to-date: /home/cjs/Health_Node/ros2_ws/install/base_interfaces_demo/lib/python3.8/site-packages/base_interfaces_demo/base_interfaces_demo_s__rosidl_typesupport_fastrtps_c.cpython-38-x86_64-linux-gnu.so
[1.633s] -- Up-to-date: /home/cjs/Health_Node/ros2_ws/install/base_interfaces_demo/lib/python3.8/site-packages/base_interfaces_demo/base_interfaces_demo_s__rosidl_typesupport_introspection_c.cpython-38-x86_64-linux-gnu.so
[1.637s] -- Up-to-date: /home/cjs/Health_Node/ros2_ws/install/base_interfaces_demo/lib/python3.8/site-packages/base_interfaces_demo/base_interfaces_demo_s__rosidl_typesupport_c.cpython-38-x86_64-linux-gnu.so
[1.638s] -- Up-to-date: /home/cjs/Health_Node/ros2_ws/install/base_interfaces_demo/lib/libbase_interfaces_demo__python.so
[1.638s] -- Up-to-date: /home/cjs/Health_Node/ros2_ws/install/base_interfaces_demo/share/base_interfaces_demo/msg/BmsInfo.idl
[1.639s] -- Up-to-date: /home/cjs/Health_Node/ros2_ws/install/base_interfaces_demo/share/base_interfaces_demo/msg/ChargerInfo.idl
[1.639s] -- Up-to-date: /home/cjs/Health_Node/ros2_ws/install/base_interfaces_demo/share/base_interfaces_demo/msg/ColorInfo.idl
[1.639s] -- Up-to-date: /home/cjs/Health_Node/ros2_ws/install/base_interfaces_demo/share/base_interfaces_demo/msg/CoreInfo.idl
[1.639s] -- Up-to-date: /home/cjs/Health_Node/ros2_ws/install/base_interfaces_demo/share/base_interfaces_demo/msg/DeviceId.idl
[1.640s] -- Up-to-date: /home/cjs/Health_Node/ros2_ws/install/base_interfaces_demo/share/base_interfaces_demo/msg/DeviceInfo.idl
[1.641s] -- Up-to-date: /home/cjs/Health_Node/ros2_ws/install/base_interfaces_demo/share/base_interfaces_demo/msg/FileUpdata.idl
[1.641s] -- Up-to-date: /home/cjs/Health_Node/ros2_ws/install/base_interfaces_demo/share/base_interfaces_demo/msg/HallInfo.idl
[1.642s] -- Up-to-date: /home/cjs/Health_Node/ros2_ws/install/base_interfaces_demo/share/base_interfaces_demo/msg/HealthNode.idl
[1.643s] -- Up-to-date: /home/cjs/Health_Node/ros2_ws/install/base_interfaces_demo/share/base_interfaces_demo/msg/Location.idl
[1.643s] -- Up-to-date: /home/cjs/Health_Node/ros2_ws/install/base_interfaces_demo/share/base_interfaces_demo/msg/Manual.idl
[1.644s] -- Up-to-date: /home/cjs/Health_Node/ros2_ws/install/base_interfaces_demo/share/base_interfaces_demo/msg/ManualSeekLabel.idl
[1.646s] -- Up-to-date: /home/cjs/Health_Node/ros2_ws/install/base_interfaces_demo/share/base_interfaces_demo/msg/MotorStatus.idl
[1.646s] -- Up-to-date: /home/cjs/Health_Node/ros2_ws/install/base_interfaces_demo/share/base_interfaces_demo/msg/ObsLaser.idl
[1.646s] -- Up-to-date: /home/cjs/Health_Node/ros2_ws/install/base_interfaces_demo/share/base_interfaces_demo/msg/PalletInfo.idl
[1.646s] -- Up-to-date: /home/cjs/Health_Node/ros2_ws/install/base_interfaces_demo/share/base_interfaces_demo/msg/PubSubInfo.idl
[1.646s] -- Up-to-date: /home/cjs/Health_Node/ros2_ws/install/base_interfaces_demo/share/base_interfaces_demo/msg/SeekRet.idl
[1.646s] -- Up-to-date: /home/cjs/Health_Node/ros2_ws/install/base_interfaces_demo/share/base_interfaces_demo/msg/SystemStatus.idl
[1.646s] -- Up-to-date: /home/cjs/Health_Node/ros2_ws/install/base_interfaces_demo/share/base_interfaces_demo/msg/BmsInfo.msg
[1.647s] -- Up-to-date: /home/cjs/Health_Node/ros2_ws/install/base_interfaces_demo/share/base_interfaces_demo/msg/ChargerInfo.msg
[1.647s] -- Up-to-date: /home/cjs/Health_Node/ros2_ws/install/base_interfaces_demo/share/base_interfaces_demo/msg/ColorInfo.msg
[1.647s] -- Up-to-date: /home/cjs/Health_Node/ros2_ws/install/base_interfaces_demo/share/base_interfaces_demo/msg/CoreInfo.msg
[1.648s] -- Up-to-date: /home/cjs/Health_Node/ros2_ws/install/base_interfaces_demo/share/base_interfaces_demo/msg/DeviceId.msg
[1.648s] -- Up-to-date: /home/cjs/Health_Node/ros2_ws/install/base_interfaces_demo/share/base_interfaces_demo/msg/DeviceInfo.msg
[1.648s] -- Up-to-date: /home/cjs/Health_Node/ros2_ws/install/base_interfaces_demo/share/base_interfaces_demo/msg/FileUpdata.msg
[1.649s] -- Up-to-date: /home/cjs/Health_Node/ros2_ws/install/base_interfaces_demo/share/base_interfaces_demo/msg/HallInfo.msg
[1.649s] -- Up-to-date: /home/cjs/Health_Node/ros2_ws/install/base_interfaces_demo/share/base_interfaces_demo/msg/HealthNode.msg
[1.649s] -- Up-to-date: /home/cjs/Health_Node/ros2_ws/install/base_interfaces_demo/share/base_interfaces_demo/msg/Location.msg
[1.649s] -- Up-to-date: /home/cjs/Health_Node/ros2_ws/install/base_interfaces_demo/share/base_interfaces_demo/msg/Manual.msg
[1.651s] -- Up-to-date: /home/cjs/Health_Node/ros2_ws/install/base_interfaces_demo/share/base_interfaces_demo/msg/ManualSeekLabel.msg
[1.652s] -- Up-to-date: /home/cjs/Health_Node/ros2_ws/install/base_interfaces_demo/share/base_interfaces_demo/msg/MotorStatus.msg
[1.652s] -- Up-to-date: /home/cjs/Health_Node/ros2_ws/install/base_interfaces_demo/share/base_interfaces_demo/msg/ObsLaser.msg
[1.652s] -- Up-to-date: /home/cjs/Health_Node/ros2_ws/install/base_interfaces_demo/share/base_interfaces_demo/msg/PalletInfo.msg
[1.652s] -- Up-to-date: /home/cjs/Health_Node/ros2_ws/install/base_interfaces_demo/share/base_interfaces_demo/msg/PubSubInfo.msg
[1.652s] -- Up-to-date: /home/cjs/Health_Node/ros2_ws/install/base_interfaces_demo/share/base_interfaces_demo/msg/SeekRet.msg
[1.652s] -- Up-to-date: /home/cjs/Health_Node/ros2_ws/install/base_interfaces_demo/share/base_interfaces_demo/msg/SystemStatus.msg
[1.652s] -- Up-to-date: /home/cjs/Health_Node/ros2_ws/install/base_interfaces_demo/share/ament_index/resource_index/package_run_dependencies/base_interfaces_demo
[1.652s] -- Up-to-date: /home/cjs/Health_Node/ros2_ws/install/base_interfaces_demo/share/ament_index/resource_index/parent_prefix_path/base_interfaces_demo
[1.652s] -- Up-to-date: /home/cjs/Health_Node/ros2_ws/install/base_interfaces_demo/share/base_interfaces_demo/environment/ament_prefix_path.sh
[1.653s] -- Up-to-date: /home/cjs/Health_Node/ros2_ws/install/base_interfaces_demo/share/base_interfaces_demo/environment/ament_prefix_path.dsv
[1.653s] -- Up-to-date: /home/cjs/Health_Node/ros2_ws/install/base_interfaces_demo/share/base_interfaces_demo/environment/path.sh
[1.653s] -- Up-to-date: /home/cjs/Health_Node/ros2_ws/install/base_interfaces_demo/share/base_interfaces_demo/environment/path.dsv
[1.653s] -- Up-to-date: /home/cjs/Health_Node/ros2_ws/install/base_interfaces_demo/share/base_interfaces_demo/local_setup.bash
[1.653s] -- Up-to-date: /home/cjs/Health_Node/ros2_ws/install/base_interfaces_demo/share/base_interfaces_demo/local_setup.sh
[1.653s] -- Up-to-date: /home/cjs/Health_Node/ros2_ws/install/base_interfaces_demo/share/base_interfaces_demo/local_setup.zsh
[1.653s] -- Up-to-date: /home/cjs/Health_Node/ros2_ws/install/base_interfaces_demo/share/base_interfaces_demo/local_setup.dsv
[1.654s] -- Installing: /home/cjs/Health_Node/ros2_ws/install/base_interfaces_demo/share/base_interfaces_demo/package.dsv
[1.654s] -- Up-to-date: /home/cjs/Health_Node/ros2_ws/install/base_interfaces_demo/share/ament_index/resource_index/packages/base_interfaces_demo
[1.654s] -- Up-to-date: /home/cjs/Health_Node/ros2_ws/install/base_interfaces_demo/share/base_interfaces_demo/cmake/base_interfaces_demo__rosidl_generator_cExport.cmake
[1.654s] -- Up-to-date: /home/cjs/Health_Node/ros2_ws/install/base_interfaces_demo/share/base_interfaces_demo/cmake/base_interfaces_demo__rosidl_generator_cExport-noconfig.cmake
[1.658s] -- Up-to-date: /home/cjs/Health_Node/ros2_ws/install/base_interfaces_demo/share/base_interfaces_demo/cmake/base_interfaces_demo__rosidl_typesupport_introspection_cExport.cmake
[1.659s] -- Up-to-date: /home/cjs/Health_Node/ros2_ws/install/base_interfaces_demo/share/base_interfaces_demo/cmake/base_interfaces_demo__rosidl_typesupport_introspection_cExport-noconfig.cmake
[1.659s] -- Up-to-date: /home/cjs/Health_Node/ros2_ws/install/base_interfaces_demo/share/base_interfaces_demo/cmake/base_interfaces_demo__rosidl_typesupport_cExport.cmake
[1.659s] -- Up-to-date: /home/cjs/Health_Node/ros2_ws/install/base_interfaces_demo/share/base_interfaces_demo/cmake/base_interfaces_demo__rosidl_typesupport_cExport-noconfig.cmake
[1.659s] -- Up-to-date: /home/cjs/Health_Node/ros2_ws/install/base_interfaces_demo/share/base_interfaces_demo/cmake/base_interfaces_demo__rosidl_generator_cppExport.cmake
[1.659s] -- Up-to-date: /home/cjs/Health_Node/ros2_ws/install/base_interfaces_demo/share/base_interfaces_demo/cmake/base_interfaces_demo__rosidl_typesupport_introspection_cppExport.cmake
[1.659s] -- Up-to-date: /home/cjs/Health_Node/ros2_ws/install/base_interfaces_demo/share/base_interfaces_demo/cmake/base_interfaces_demo__rosidl_typesupport_introspection_cppExport-noconfig.cmake
[1.659s] -- Up-to-date: /home/cjs/Health_Node/ros2_ws/install/base_interfaces_demo/share/base_interfaces_demo/cmake/base_interfaces_demo__rosidl_typesupport_cppExport.cmake
[1.664s] -- Up-to-date: /home/cjs/Health_Node/ros2_ws/install/base_interfaces_demo/share/base_interfaces_demo/cmake/base_interfaces_demo__rosidl_typesupport_cppExport-noconfig.cmake
[1.664s] -- Up-to-date: /home/cjs/Health_Node/ros2_ws/install/base_interfaces_demo/share/base_interfaces_demo/cmake/rosidl_cmake-extras.cmake
[1.664s] -- Up-to-date: /home/cjs/Health_Node/ros2_ws/install/base_interfaces_demo/share/base_interfaces_demo/cmake/ament_cmake_export_dependencies-extras.cmake
[1.664s] -- Up-to-date: /home/cjs/Health_Node/ros2_ws/install/base_interfaces_demo/share/base_interfaces_demo/cmake/ament_cmake_export_libraries-extras.cmake
[1.664s] -- Up-to-date: /home/cjs/Health_Node/ros2_ws/install/base_interfaces_demo/share/base_interfaces_demo/cmake/ament_cmake_export_targets-extras.cmake
[1.664s] -- Up-to-date: /home/cjs/Health_Node/ros2_ws/install/base_interfaces_demo/share/base_interfaces_demo/cmake/ament_cmake_export_include_directories-extras.cmake
[1.664s] -- Up-to-date: /home/cjs/Health_Node/ros2_ws/install/base_interfaces_demo/share/base_interfaces_demo/cmake/rosidl_cmake_export_typesupport_libraries-extras.cmake
[1.666s] -- Up-to-date: /home/cjs/Health_Node/ros2_ws/install/base_interfaces_demo/share/base_interfaces_demo/cmake/rosidl_cmake_export_typesupport_targets-extras.cmake
[1.667s] -- Up-to-date: /home/cjs/Health_Node/ros2_ws/install/base_interfaces_demo/share/base_interfaces_demo/cmake/base_interfaces_demoConfig.cmake
[1.673s] -- Up-to-date: /home/cjs/Health_Node/ros2_ws/install/base_interfaces_demo/share/base_interfaces_demo/cmake/base_interfaces_demoConfig-version.cmake
[1.675s] -- Up-to-date: /home/cjs/Health_Node/ros2_ws/install/base_interfaces_demo/share/base_interfaces_demo/package.xml
[1.677s] Invoked command in '/home/cjs/Health_Node/ros2_ws/build/base_interfaces_demo' returned '0': CMAKE_PREFIX_PATH=${CMAKE_PREFIX_PATH}:/opt/ros/foxy /usr/bin/cmake --install /home/cjs/Health_Node/ros2_ws/build/base_interfaces_demo
