[0.000000] (-) TimerEvent: {}
[0.000279] (-) JobUnselected: {'identifier': 'base_interfaces_demo'}
[0.000405] (-) JobUnselected: {'identifier': 'pkg02_lifecycle_cpp'}
[0.000469] (pkg01_healthoper_cpp) JobQueued: {'identifier': 'pkg01_healthoper_cpp', 'dependencies': OrderedDict([('base_interfaces_demo', '/home/cjs/Health_Node/ros2_ws/install/base_interfaces_demo')])}
[0.000534] (pkg01_healthoper_cpp) JobStarted: {'identifier': 'pkg01_healthoper_cpp'}
[0.048399] (pkg01_healthoper_cpp) JobProgress: {'identifier': 'pkg01_healthoper_cpp', 'progress': 'cmake'}
[0.053994] (pkg01_healthoper_cpp) JobProgress: {'identifier': 'pkg01_healthoper_cpp', 'progress': 'build'}
[0.054180] (pkg01_healthoper_cpp) Command: {'cmd': ['/usr/bin/cmake', '--build', '/home/cjs/Health_Node/ros2_ws/build/pkg01_healthoper_cpp', '--', '-j4', '-l4'], 'cwd': '/home/cjs/Health_Node/ros2_ws/build/pkg01_healthoper_cpp', 'env': OrderedDict([('LC_TIME', 'zh_CN.UTF-8'), ('USER', 'cjs'), ('SSH_AGENT_PID', '1542'), ('XDG_SESSION_TYPE', 'x11'), ('GIT_ASKPASS', '/snap/code/164/usr/share/code/resources/app/extensions/git/dist/askpass.sh'), ('LD_LIBRARY_PATH', '/home/cjs/Health_Node/ros2_ws/install/base_interfaces_demo/lib:/opt/ros/foxy/opt/yaml_cpp_vendor/lib:/opt/ros/foxy/opt/rviz_ogre_vendor/lib:/opt/ros/foxy/lib/x86_64-linux-gnu:/opt/ros/foxy/lib'), ('SHLVL', '2'), ('CHROME_DESKTOP', 'code-url-handler.desktop'), ('HOME', '/home/cjs'), ('LESS', '-R'), ('OLDPWD', '/home/cjs/Health_Node'), ('DESKTOP_SESSION', 'ubuntu'), ('TERM_PROGRAM_VERSION', '1.91.1'), ('LSCOLORS', 'Gxfxcxdxbxegedabagacad'), ('ZSH', '/home/cjs/.oh-my-zsh'), ('ALL', 'en.US.UTF-8'), ('GNOME_SHELL_SESSION_MODE', 'ubuntu'), ('GTK_MODULES', 'gail:atk-bridge'), ('PAGER', 'less'), ('ROS_PYTHON_VERSION', '3'), ('VSCODE_GIT_ASKPASS_MAIN', '/snap/code/164/usr/share/code/resources/app/extensions/git/dist/askpass-main.js'), ('LC_MONETARY', 'zh_CN.UTF-8'), ('MANAGERPID', '1446'), ('VSCODE_GIT_ASKPASS_NODE', '/snap/code/164/usr/share/code/code'), ('DBUS_SESSION_BUS_ADDRESS', 'unix:path=/run/user/1000/bus,guid=0fa02c7d661b6b7cbfd27f1066a0581b'), ('DBUS_STARTER_BUS_TYPE', 'session'), ('COLORTERM', 'truecolor'), ('IM_CONFIG_PHASE', '1'), ('ROS_DISTRO', 'foxy'), ('COLCON_PREFIX_PATH', '/home/cjs/Health_Node/ros2_ws/install'), ('LOGNAME', 'cjs'), ('JOURNAL_STREAM', '8:56620'), ('_', '/usr/bin/colcon'), ('ROS_VERSION', '2'), ('XDG_CONFIG_DIRS_VSCODE_SNAP_ORIG', '/etc/xdg/xdg-ubuntu:/etc/xdg'), ('XDG_DATA_DIRS_VSCODE_SNAP_ORIG', '/usr/share/ubuntu:/usr/local/share/:/usr/share/:/var/lib/snapd/desktop'), ('XDG_SESSION_CLASS', 'user'), ('USER_ZDOTDIR', '/home/cjs'), ('TERM', 'xterm-256color'), ('USERNAME', 'cjs'), ('GNOME_DESKTOP_SESSION_ID', 'this-is-deprecated'), ('ROS_LOCALHOST_ONLY', '0'), ('WINDOWPATH', '2'), ('PATH', '/opt/ros/foxy/bin:/usr/local/sbin:/usr/local/bin:/usr/sbin:/usr/bin:/sbin:/bin:/usr/games:/usr/local/games:/snap/bin'), ('INVOCATION_ID', '9e60448dcc804a64942f76a12b382da6'), ('SESSION_MANAGER', 'local/cjs-virtual-machine:@/tmp/.ICE-unix/1577,unix/cjs-virtual-machine:/tmp/.ICE-unix/1577'), ('LC_ADDRESS', 'zh_CN.UTF-8'), ('XDG_MENU_PREFIX', 'gnome-'), ('XDG_RUNTIME_DIR', '/run/user/1000'), ('DISPLAY', ':0'), ('LANG', 'en_US.UTF-8'), ('LC_TELEPHONE', 'zh_CN.UTF-8'), ('TILIX_ID', 'aa2b7333-90b5-4e62-8b6d-36f0a2a23156'), ('XDG_CURRENT_DESKTOP', 'Unity'), ('VSCODE_INJECTION', '1'), ('LS_COLORS', 'no=00:fi=00:di=01;34:ln=00;36:pi=40;33:so=01;35:do=01;35:bd=40;33;01:cd=40;33;01:or=41;33;01:ex=00;32:*.cmd=00;32:*.exe=01;32:*.com=01;32:*.bat=01;32:*.btm=01;32:*.dll=01;32:*.tar=00;31:*.tbz=00;31:*.tgz=00;31:*.rpm=00;31:*.deb=00;31:*.arj=00;31:*.taz=00;31:*.lzh=00;31:*.lzma=00;31:*.zip=00;31:*.zoo=00;31:*.z=00;31:*.Z=00;31:*.gz=00;31:*.bz2=00;31:*.tb2=00;31:*.tz2=00;31:*.tbz2=00;31:*.avi=01;35:*.bmp=01;35:*.fli=01;35:*.gif=01;35:*.jpg=01;35:*.jpeg=01;35:*.mng=01;35:*.mov=01;35:*.mpg=01;35:*.pcx=01;35:*.pbm=01;35:*.pgm=01;35:*.png=01;35:*.ppm=01;35:*.tga=01;35:*.tif=01;35:*.xbm=01;35:*.xpm=01;35:*.dl=01;35:*.gl=01;35:*.wmv=01;35:*.aiff=00;32:*.au=00;32:*.mid=00;32:*.mp3=00;32:*.ogg=00;32:*.voc=00;32:*.wav=00;32:'), ('XAUTHORITY', '/run/user/1000/gdm/Xauthority'), ('XDG_SESSION_DESKTOP', 'ubuntu'), ('XMODIFIERS', '@im=ibus'), ('TERM_PROGRAM', 'vscode'), ('VSCODE_GIT_IPC_HANDLE', '/run/user/1000/vscode-git-8011e79f48.sock'), ('AMENT_PREFIX_PATH', '/home/cjs/Health_Node/ros2_ws/install/pkg02_lifecycle_cpp:/home/cjs/Health_Node/ros2_ws/install/pkg01_healthoper_cpp:/home/cjs/Health_Node/ros2_ws/install/base_interfaces_demo:/opt/ros/foxy'), ('ORIGINAL_XDG_CURRENT_DESKTOP', 'ubuntu:GNOME'), ('SSH_AUTH_SOCK', '/run/user/1000/keyring/ssh'), ('LC_NAME', 'zh_CN.UTF-8'), ('SHELL', '/usr/bin/zsh'), ('GDMSESSION', 'ubuntu'), ('QT_ACCESSIBILITY', '1'), ('LC_MEASUREMENT', 'zh_CN.UTF-8'), ('GPG_AGENT_INFO', '/run/user/1000/gnupg/S.gpg-agent:0:1'), ('LC_IDENTIFICATION', 'zh_CN.UTF-8'), ('QT_IM_MODULE', 'ibus'), ('VSCODE_GIT_ASKPASS_EXTRA_ARGS', ''), ('PWD', '/home/cjs/Health_Node/ros2_ws/build/pkg01_healthoper_cpp'), ('DBUS_STARTER_ADDRESS', 'unix:path=/run/user/1000/bus,guid=0fa02c7d661b6b7cbfd27f1066a0581b'), ('XDG_CONFIG_DIRS', '/etc/xdg/xdg-ubuntu:/etc/xdg'), ('XDG_DATA_DIRS', '/usr/share/ubuntu:/usr/local/share/:/usr/share/:/var/lib/snapd/desktop'), ('ZDOTDIR', '/home/cjs'), ('LC_NUMERIC', 'zh_CN.UTF-8'), ('PYTHONPATH', '/home/cjs/Health_Node/ros2_ws/install/base_interfaces_demo/lib/python3.8/site-packages:/opt/ros/foxy/lib/python3.8/site-packages'), ('LC_PAPER', 'zh_CN.UTF-8'), ('COLCON', '1'), ('VTE_VERSION', '6003'), ('CMAKE_PREFIX_PATH', '/home/cjs/Health_Node/ros2_ws/install/base_interfaces_demo:/home/cjs/Health_Node/ros2_ws/install/pkg02_lifecycle_cpp:/home/cjs/Health_Node/ros2_ws/install/pkg01_healthoper_cpp:/opt/ros/foxy')]), 'shell': False}
[0.098288] (-) TimerEvent: {}
[0.199870] (-) TimerEvent: {}
[0.263505] (pkg01_healthoper_cpp) StdoutLine: {'line': b'\x1b[35m\x1b[1mScanning dependencies of target health_oper\x1b[0m\n'}
[0.301430] (pkg01_healthoper_cpp) StdoutLine: {'line': b'[ 40%] Built target listener\n'}
[0.301945] (-) TimerEvent: {}
[0.406354] (-) TimerEvent: {}
[0.425814] (pkg01_healthoper_cpp) StdoutLine: {'line': b'[ 60%] \x1b[32mBuilding CXX object CMakeFiles/health_oper.dir/src/health_oper.cpp.o\x1b[0m\n'}
[0.506847] (-) TimerEvent: {}
[0.607756] (-) TimerEvent: {}
[0.708423] (-) TimerEvent: {}
[0.809216] (-) TimerEvent: {}
[0.910058] (-) TimerEvent: {}
[1.011594] (-) TimerEvent: {}
[1.112385] (-) TimerEvent: {}
[1.213652] (-) TimerEvent: {}
[1.314452] (-) TimerEvent: {}
[1.415229] (-) TimerEvent: {}
[1.516019] (-) TimerEvent: {}
[1.617247] (-) TimerEvent: {}
[1.718672] (-) TimerEvent: {}
[1.819461] (-) TimerEvent: {}
[1.920678] (-) TimerEvent: {}
[2.021623] (-) TimerEvent: {}
[2.123454] (-) TimerEvent: {}
[2.224961] (-) TimerEvent: {}
[2.325798] (-) TimerEvent: {}
[2.427444] (-) TimerEvent: {}
[2.528998] (-) TimerEvent: {}
[2.629753] (-) TimerEvent: {}
[2.730554] (-) TimerEvent: {}
[2.832073] (-) TimerEvent: {}
[2.933660] (-) TimerEvent: {}
[3.034351] (-) TimerEvent: {}
[3.135638] (-) TimerEvent: {}
[3.236515] (-) TimerEvent: {}
[3.337526] (-) TimerEvent: {}
[3.438361] (-) TimerEvent: {}
[3.539138] (-) TimerEvent: {}
[3.640725] (-) TimerEvent: {}
[3.742213] (-) TimerEvent: {}
[3.842917] (-) TimerEvent: {}
[3.943829] (-) TimerEvent: {}
[4.044889] (-) TimerEvent: {}
[4.145842] (-) TimerEvent: {}
[4.247073] (-) TimerEvent: {}
[4.348272] (-) TimerEvent: {}
[4.449697] (-) TimerEvent: {}
[4.550489] (-) TimerEvent: {}
[4.651902] (-) TimerEvent: {}
[4.762552] (-) TimerEvent: {}
[4.864084] (-) TimerEvent: {}
[4.965521] (-) TimerEvent: {}
[5.066723] (-) TimerEvent: {}
[5.167786] (-) TimerEvent: {}
[5.269560] (-) TimerEvent: {}
[5.370817] (-) TimerEvent: {}
[5.472361] (-) TimerEvent: {}
[5.573890] (-) TimerEvent: {}
[5.675195] (-) TimerEvent: {}
[5.775831] (-) TimerEvent: {}
[5.877297] (-) TimerEvent: {}
[5.977948] (-) TimerEvent: {}
[6.078516] (-) TimerEvent: {}
[6.179960] (-) TimerEvent: {}
[6.280705] (-) TimerEvent: {}
[6.382268] (-) TimerEvent: {}
[6.483718] (-) TimerEvent: {}
[6.585149] (-) TimerEvent: {}
[6.686467] (-) TimerEvent: {}
[6.787246] (-) TimerEvent: {}
[6.888360] (-) TimerEvent: {}
[6.989919] (-) TimerEvent: {}
[7.091106] (-) TimerEvent: {}
[7.192251] (-) TimerEvent: {}
[7.293663] (-) TimerEvent: {}
[7.394300] (-) TimerEvent: {}
[7.494981] (-) TimerEvent: {}
[7.596481] (-) TimerEvent: {}
[7.698089] (-) TimerEvent: {}
[7.798722] (-) TimerEvent: {}
[7.899379] (-) TimerEvent: {}
[8.000953] (-) TimerEvent: {}
[8.102530] (-) TimerEvent: {}
[8.204015] (-) TimerEvent: {}
[8.305624] (-) TimerEvent: {}
[8.407039] (-) TimerEvent: {}
[8.507767] (-) TimerEvent: {}
[8.609284] (-) TimerEvent: {}
[8.710001] (-) TimerEvent: {}
[8.811082] (-) TimerEvent: {}
[8.911800] (-) TimerEvent: {}
[9.013546] (-) TimerEvent: {}
[9.114923] (-) TimerEvent: {}
[9.215759] (-) TimerEvent: {}
[9.317297] (-) TimerEvent: {}
[9.418818] (-) TimerEvent: {}
[9.520347] (-) TimerEvent: {}
[9.621914] (-) TimerEvent: {}
[9.723311] (-) TimerEvent: {}
[9.823912] (-) TimerEvent: {}
[9.925844] (-) TimerEvent: {}
[10.027039] (-) TimerEvent: {}
[10.128578] (-) TimerEvent: {}
[10.230149] (-) TimerEvent: {}
[10.331529] (-) TimerEvent: {}
[10.432826] (-) TimerEvent: {}
[10.534012] (-) TimerEvent: {}
[10.635460] (-) TimerEvent: {}
[10.736967] (-) TimerEvent: {}
[10.838327] (-) TimerEvent: {}
[10.939695] (-) TimerEvent: {}
[11.041170] (-) TimerEvent: {}
[11.142561] (-) TimerEvent: {}
[11.243900] (-) TimerEvent: {}
[11.345570] (-) TimerEvent: {}
[11.446913] (-) TimerEvent: {}
[11.548547] (-) TimerEvent: {}
[11.650106] (-) TimerEvent: {}
[11.751697] (-) TimerEvent: {}
[11.853192] (-) TimerEvent: {}
[11.953735] (-) TimerEvent: {}
[12.055105] (-) TimerEvent: {}
[12.156763] (-) TimerEvent: {}
[12.258105] (-) TimerEvent: {}
[12.359688] (-) TimerEvent: {}
[12.461192] (-) TimerEvent: {}
[12.562560] (-) TimerEvent: {}
[12.663285] (-) TimerEvent: {}
[12.764727] (-) TimerEvent: {}
[12.866457] (-) TimerEvent: {}
[12.967897] (-) TimerEvent: {}
[13.069502] (-) TimerEvent: {}
[13.170104] (-) TimerEvent: {}
[13.270661] (-) TimerEvent: {}
[13.371792] (-) TimerEvent: {}
[13.472967] (-) TimerEvent: {}
[13.573963] (-) TimerEvent: {}
[13.675224] (-) TimerEvent: {}
[13.776462] (-) TimerEvent: {}
[13.877082] (-) TimerEvent: {}
[13.978510] (-) TimerEvent: {}
[14.080106] (-) TimerEvent: {}
[14.181678] (-) TimerEvent: {}
[14.282308] (-) TimerEvent: {}
[14.383956] (-) TimerEvent: {}
[14.485466] (-) TimerEvent: {}
[14.586812] (-) TimerEvent: {}
[14.687415] (-) TimerEvent: {}
[14.788930] (-) TimerEvent: {}
[14.889621] (-) TimerEvent: {}
[14.990304] (-) TimerEvent: {}
[15.090953] (-) TimerEvent: {}
[15.191706] (-) TimerEvent: {}
[15.293177] (-) TimerEvent: {}
[15.393845] (-) TimerEvent: {}
[15.495253] (-) TimerEvent: {}
[15.595876] (-) TimerEvent: {}
[15.697311] (-) TimerEvent: {}
[15.797928] (-) TimerEvent: {}
[15.898526] (-) TimerEvent: {}
[15.999993] (-) TimerEvent: {}
[16.101504] (-) TimerEvent: {}
[16.202994] (-) TimerEvent: {}
[16.304462] (-) TimerEvent: {}
[16.405139] (-) TimerEvent: {}
[16.506140] (-) TimerEvent: {}
[16.606796] (-) TimerEvent: {}
[16.708307] (-) TimerEvent: {}
[16.809601] (-) TimerEvent: {}
[16.911593] (-) TimerEvent: {}
[17.012691] (-) TimerEvent: {}
[17.114309] (-) TimerEvent: {}
[17.215298] (-) TimerEvent: {}
[17.316228] (-) TimerEvent: {}
[17.417792] (-) TimerEvent: {}
[17.518482] (-) TimerEvent: {}
[17.619808] (-) TimerEvent: {}
[17.720978] (-) TimerEvent: {}
[17.822679] (-) TimerEvent: {}
[17.923890] (-) TimerEvent: {}
[18.025467] (-) TimerEvent: {}
[18.126126] (-) TimerEvent: {}
[18.227683] (-) TimerEvent: {}
[18.329742] (-) TimerEvent: {}
[18.430568] (-) TimerEvent: {}
[18.531189] (-) TimerEvent: {}
[18.632349] (-) TimerEvent: {}
[18.734040] (-) TimerEvent: {}
[18.835345] (-) TimerEvent: {}
[18.936803] (-) TimerEvent: {}
[19.038359] (-) TimerEvent: {}
[19.139479] (-) TimerEvent: {}
[19.241042] (-) TimerEvent: {}
[19.342480] (-) TimerEvent: {}
[19.444090] (-) TimerEvent: {}
[19.545696] (-) TimerEvent: {}
[19.647154] (-) TimerEvent: {}
[19.748860] (-) TimerEvent: {}
[19.850398] (-) TimerEvent: {}
[19.951833] (-) TimerEvent: {}
[20.053332] (-) TimerEvent: {}
[20.154809] (-) TimerEvent: {}
[20.256374] (-) TimerEvent: {}
[20.357978] (-) TimerEvent: {}
[20.459645] (-) TimerEvent: {}
[20.561201] (-) TimerEvent: {}
[20.661981] (-) TimerEvent: {}
[20.762527] (-) TimerEvent: {}
[20.864315] (-) TimerEvent: {}
[20.965011] (-) TimerEvent: {}
[21.066646] (-) TimerEvent: {}
[21.168076] (-) TimerEvent: {}
[21.269677] (-) TimerEvent: {}
[21.370311] (-) TimerEvent: {}
[21.471796] (-) TimerEvent: {}
[21.572573] (-) TimerEvent: {}
[21.674046] (-) TimerEvent: {}
[21.774730] (-) TimerEvent: {}
[21.875889] (-) TimerEvent: {}
[21.976505] (-) TimerEvent: {}
[21.993871] (pkg01_healthoper_cpp) StdoutLine: {'line': b'[ 80%] \x1b[32m\x1b[1mLinking CXX executable health_oper\x1b[0m\n'}
[22.077611] (-) TimerEvent: {}
[22.178648] (-) TimerEvent: {}
[22.280117] (-) TimerEvent: {}
[22.380889] (-) TimerEvent: {}
[22.481756] (-) TimerEvent: {}
[22.582622] (-) TimerEvent: {}
[22.684283] (-) TimerEvent: {}
[22.785013] (-) TimerEvent: {}
[22.885838] (-) TimerEvent: {}
[22.986574] (-) TimerEvent: {}
[23.088149] (-) TimerEvent: {}
[23.189004] (-) TimerEvent: {}
[23.290364] (-) TimerEvent: {}
[23.391566] (-) TimerEvent: {}
[23.492380] (-) TimerEvent: {}
[23.593083] (-) TimerEvent: {}
[23.693966] (-) TimerEvent: {}
[23.795232] (-) TimerEvent: {}
[23.895984] (-) TimerEvent: {}
[23.997309] (-) TimerEvent: {}
[24.098476] (-) TimerEvent: {}
[24.199292] (-) TimerEvent: {}
[24.300255] (-) TimerEvent: {}
[24.402009] (-) TimerEvent: {}
[24.470097] (pkg01_healthoper_cpp) StderrLine: {'line': b"/usr/bin/ld: CMakeFiles/health_oper.dir/src/health_oper.cpp.o: in function `HealthOperator::HealthOperator()':\n"}
[24.476414] (pkg01_healthoper_cpp) StderrLine: {'line': b"health_oper.cpp:(.text._ZN14HealthOperatorC2Ev[_ZN14HealthOperatorC5Ev]+0x4ac): undefined reference to `ament_index_cpp::get_package_share_directory(std::__cxx11::basic_string<char, std::char_traits<char>, std::allocator<char> > const&)'\n"}
[24.478206] (pkg01_healthoper_cpp) StderrLine: {'line': b'collect2: error: ld returned 1 exit status\n'}
[24.485680] (pkg01_healthoper_cpp) StderrLine: {'line': b'make[2]: *** [CMakeFiles/health_oper.dir/build.make:162: health_oper] Error 1\n'}
[24.485953] (pkg01_healthoper_cpp) StderrLine: {'line': b'make[1]: *** [CMakeFiles/Makefile2:134: CMakeFiles/health_oper.dir/all] Error 2\n'}
[24.486080] (pkg01_healthoper_cpp) StderrLine: {'line': b'make: *** [Makefile:141: all] Error 2\n'}
[24.490652] (pkg01_healthoper_cpp) CommandEnded: {'returncode': 2}
[24.502764] (-) TimerEvent: {}
[24.605197] (-) TimerEvent: {}
[24.671945] (pkg01_healthoper_cpp) JobEnded: {'identifier': 'pkg01_healthoper_cpp', 'rc': 2}
[24.683950] (-) EventReactorShutdown: {}
