[ 40%] [32mBuilding CXX object CMakeFiles/health_oper.dir/src/health_oper.cpp.o[0m
[ 40%] [32mBuilding CXX object CMakeFiles/listener.dir/src/listener.cpp.o[0m
In file included from [01m[K/opt/ros/foxy/include/rclcpp/client.hpp:40[m[K,
                 from [01m[K/opt/ros/foxy/include/rclcpp/callback_group.hpp:23[m[K,
                 from [01m[K/opt/ros/foxy/include/rclcpp/any_executable.hpp:20[m[K,
                 from [01m[K/opt/ros/foxy/include/rclcpp/memory_strategy.hpp:24[m[K,
                 from [01m[K/opt/ros/foxy/include/rclcpp/memory_strategies.hpp:18[m[K,
                 from [01m[K/opt/ros/foxy/include/rclcpp/executor_options.hpp:20[m[K,
                 from [01m[K/opt/ros/foxy/include/rclcpp/executor.hpp:33[m[K,
                 from [01m[K/opt/ros/foxy/include/rclcpp/executors/multi_threaded_executor.hpp:26[m[K,
                 from [01m[K/opt/ros/foxy/include/rclcpp/executors.hpp:21[m[K,
                 from [01m[K/opt/ros/foxy/include/rclcpp/rclcpp.hpp:146[m[K,
                 from [01m[K/home/cjs/Health_Node/ros2_ws/src/pkg01_healthoper_cpp/src/listener.cpp:1[m[K:
[01m[K/home/cjs/Health_Node/ros2_ws/src/pkg01_healthoper_cpp/src/listener.cpp:[m[K In member function ‘[01m[Kvoid HealthNodeListener::topic_callback(base_interfaces_demo::msg::HealthNode_<std::allocator<void> >::SharedPtr) const[m[K’:
[01m[K/home/cjs/Health_Node/ros2_ws/src/pkg01_healthoper_cpp/src/listener.cpp:15:105:[m[K [01;31m[Kerror: [m[Krequest for member ‘[01m[Kc_str[m[K’ in ‘[01m[K((const std::__shared_ptr_access<base_interfaces_demo::msg::HealthNode_<std::allocator<void> >, __gnu_cxx::_S_atomic, false, false>*)(& msg))->std::__shared_ptr_access<base_interfaces_demo::msg::HealthNode_<std::allocator<void> >, __gnu_cxx::_S_atomic, false, false>::operator->()->base_interfaces_demo::msg::HealthNode_<std::allocator<void> >::nic_status[m[K’, which is of non-class type ‘[01m[Kbase_interfaces_demo::msg::HealthNode_<std::allocator<void> >::_nic_status_type[m[K’ {aka ‘[01m[Kdouble[m[K’}
   15 |                 msg->cpu_usage, msg->memory_usage, msg->disk_usage, msg->cpu_frequency, msg->nic_status.[01;31m[Kc_str[m[K(), msg->temperature);
      |                                                                                                         [01;31m[K^~~~~[m[K
[01m[K/home/cjs/Health_Node/ros2_ws/src/pkg01_healthoper_cpp/src/health_oper.cpp:[m[K In member function ‘[01m[Kvoid HealthOperator::check_errors(base_interfaces_demo::msg::HealthNode&)[m[K’:
[01m[K/home/cjs/Health_Node/ros2_ws/src/pkg01_healthoper_cpp/src/health_oper.cpp:213:24:[m[K [01;31m[Kerror: [m[K‘[01m[Kusing HallInfo = struct base_interfaces_demo::msg::HallInfo_<std::allocator<void> >[m[K’ {aka ‘[01m[Kstruct base_interfaces_demo::msg::HallInfo_<std::allocator<void> >[m[K’} has no member named ‘[01m[Kerror_code[m[K’
  213 |         if (hall_info_.[01;31m[Kerror_code[m[K & (1 << 0)) {
      |                        [01;31m[K^~~~~~~~~~[m[K
[01m[K/home/cjs/Health_Node/ros2_ws/src/pkg01_healthoper_cpp/src/health_oper.cpp:217:24:[m[K [01;31m[Kerror: [m[K‘[01m[Kusing HallInfo = struct base_interfaces_demo::msg::HallInfo_<std::allocator<void> >[m[K’ {aka ‘[01m[Kstruct base_interfaces_demo::msg::HallInfo_<std::allocator<void> >[m[K’} has no member named ‘[01m[Kerror_code[m[K’
  217 |         if (hall_info_.[01;31m[Kerror_code[m[K & (1 << 1)) {
      |                        [01;31m[K^~~~~~~~~~[m[K
[01m[K/home/cjs/Health_Node/ros2_ws/src/pkg01_healthoper_cpp/src/health_oper.cpp:225:25:[m[K [01;31m[Kerror: [m[K‘[01m[Kusing ColorInfo = struct base_interfaces_demo::msg::ColorInfo_<std::allocator<void> >[m[K’ {aka ‘[01m[Kstruct base_interfaces_demo::msg::ColorInfo_<std::allocator<void> >[m[K’} has no member named ‘[01m[Kerror_code[m[K’
  225 |         if (color_info_.[01;31m[Kerror_code[m[K & (1 << 0)) {
      |                         [01;31m[K^~~~~~~~~~[m[K
make[2]: *** [CMakeFiles/listener.dir/build.make:63: CMakeFiles/listener.dir/src/listener.cpp.o] Error 1
make[1]: *** [CMakeFiles/Makefile2:80: CMakeFiles/listener.dir/all] Error 2
make[1]: *** Waiting for unfinished jobs....
make[2]: *** [CMakeFiles/health_oper.dir/build.make:63: CMakeFiles/health_oper.dir/src/health_oper.cpp.o] Error 1
make[1]: *** [CMakeFiles/Makefile2:134: CMakeFiles/health_oper.dir/all] Error 2
make: *** [Makefile:141: all] Error 2
