-- Found ament_cmake: 0.9.12 (/opt/ros/foxy/share/ament_cmake/cmake)
-- Using PYTHON_EXECUTABLE: /usr/bin/python3
-- Found rclcpp: 2.4.3 (/opt/ros/foxy/share/rclcpp/cmake)
-- Using all available rosidl_typesupport_c: rosidl_typesupport_fastrtps_c;rosidl_typesupport_introspection_c
-- Found rosidl_adapter: 1.3.1 (/opt/ros/foxy/share/rosidl_adapter/cmake)
-- Using all available rosidl_typesupport_cpp: rosidl_typesupport_fastrtps_cpp;rosidl_typesupport_introspection_cpp
-- Found rmw_implementation_cmake: 1.0.4 (/opt/ros/foxy/share/rmw_implementation_cmake/cmake)
-- Using RMW implementation 'rmw_fastrtps_cpp' as default
-- Found lifecycle_msgs: 1.0.0 (/opt/ros/foxy/share/lifecycle_msgs/cmake)
-- Found rclcpp_lifecycle: 2.4.3 (/opt/ros/foxy/share/rclcpp_lifecycle/cmake)
-- Found base_interfaces_demo: 0.0.0 (/home/cjs/Health_Node/ros2_ws/install/base_interfaces_demo/share/base_interfaces_demo/cmake)
-- Found ament_lint_auto: 0.9.8 (/opt/ros/foxy/share/ament_lint_auto/cmake)
-- Added test 'copyright' to check source files copyright and LICENSE
-- Added test 'cppcheck' to perform static code analysis on C / C++ code
-- Configured cppcheck include dirs: $<BUILD_INTERFACE:/home/cjs/Health_Node/ros2_ws/src/pkg02_lifecycle_cpp/include>
-- Configured cppcheck exclude dirs and/or files: 
-- Added test 'cpplint' to check C / C++ code against the Google style
-- Configured cpplint exclude dirs and/or files: 
-- Added test 'lint_cmake' to check CMake code style
-- Added test 'uncrustify' to check C / C++ code style
-- Configured uncrustify additional arguments: 
-- Added test 'xmllint' to check XML markup files
-- Configuring done
-- Generating done
-- Build files have been written to: /home/cjs/Health_Node/ros2_ws/build/pkg02_lifecycle_cpp
[35m[1mScanning dependencies of target lifecycle_node[0m
[ 50%] [32mBuilding CXX object CMakeFiles/lifecycle_node.dir/src/lifecycle_oper.cpp.o[0m
[100%] [32m[1mLinking CXX executable lifecycle_node[0m
[100%] Built target lifecycle_node
-- Install configuration: ""
-- Installing: /home/cjs/Health_Node/ros2_ws/install/pkg02_lifecycle_cpp/lib/pkg02_lifecycle_cpp/lifecycle_node
-- Set runtime path of "/home/cjs/Health_Node/ros2_ws/install/pkg02_lifecycle_cpp/lib/pkg02_lifecycle_cpp/lifecycle_node" to ""
-- Installing: /home/cjs/Health_Node/ros2_ws/install/pkg02_lifecycle_cpp/share/ament_index/resource_index/package_run_dependencies/pkg02_lifecycle_cpp
-- Installing: /home/cjs/Health_Node/ros2_ws/install/pkg02_lifecycle_cpp/share/ament_index/resource_index/parent_prefix_path/pkg02_lifecycle_cpp
-- Installing: /home/cjs/Health_Node/ros2_ws/install/pkg02_lifecycle_cpp/share/pkg02_lifecycle_cpp/environment/ament_prefix_path.sh
-- Installing: /home/cjs/Health_Node/ros2_ws/install/pkg02_lifecycle_cpp/share/pkg02_lifecycle_cpp/environment/ament_prefix_path.dsv
-- Installing: /home/cjs/Health_Node/ros2_ws/install/pkg02_lifecycle_cpp/share/pkg02_lifecycle_cpp/environment/path.sh
-- Installing: /home/cjs/Health_Node/ros2_ws/install/pkg02_lifecycle_cpp/share/pkg02_lifecycle_cpp/environment/path.dsv
-- Installing: /home/cjs/Health_Node/ros2_ws/install/pkg02_lifecycle_cpp/share/pkg02_lifecycle_cpp/local_setup.bash
-- Installing: /home/cjs/Health_Node/ros2_ws/install/pkg02_lifecycle_cpp/share/pkg02_lifecycle_cpp/local_setup.sh
-- Installing: /home/cjs/Health_Node/ros2_ws/install/pkg02_lifecycle_cpp/share/pkg02_lifecycle_cpp/local_setup.zsh
-- Installing: /home/cjs/Health_Node/ros2_ws/install/pkg02_lifecycle_cpp/share/pkg02_lifecycle_cpp/local_setup.dsv
-- Installing: /home/cjs/Health_Node/ros2_ws/install/pkg02_lifecycle_cpp/share/pkg02_lifecycle_cpp/package.dsv
-- Installing: /home/cjs/Health_Node/ros2_ws/install/pkg02_lifecycle_cpp/share/ament_index/resource_index/packages/pkg02_lifecycle_cpp
-- Installing: /home/cjs/Health_Node/ros2_ws/install/pkg02_lifecycle_cpp/share/pkg02_lifecycle_cpp/cmake/pkg02_lifecycle_cppConfig.cmake
-- Installing: /home/cjs/Health_Node/ros2_ws/install/pkg02_lifecycle_cpp/share/pkg02_lifecycle_cpp/cmake/pkg02_lifecycle_cppConfig-version.cmake
-- Installing: /home/cjs/Health_Node/ros2_ws/install/pkg02_lifecycle_cpp/share/pkg02_lifecycle_cpp/package.xml
