[0.100s] Invoking command in '/home/cjs/Health_Node/ros2_ws/build/pkg01_healthoper_cpp': AMENT_PREFIX_PATH=/home/cjs/Health_Node/ros2_ws/install/base_interfaces_demo:${AMENT_PREFIX_PATH} CMAKE_PREFIX_PATH=/home/cjs/Health_Node/ros2_ws/install/base_interfaces_demo:/opt/ros/foxy LD_LIBRARY_PATH=/home/cjs/Health_Node/ros2_ws/install/base_interfaces_demo/lib:${LD_LIBRARY_PATH} PYTHONPATH=/home/cjs/Health_Node/ros2_ws/install/base_interfaces_demo/lib/python3.8/site-packages:${PYTHONPATH} /usr/bin/cmake --build /home/cjs/Health_Node/ros2_ws/build/pkg01_healthoper_cpp -- -j4 -l4
[0.589s] [35m[1mScanning dependencies of target health_oper[0m
[0.727s] [ 20%] [32mBuilding CXX object CMakeFiles/listener.dir/src/listener.cpp.o[0m
[0.926s] [ 40%] [32mBuilding CXX object CMakeFiles/health_oper.dir/src/core_info.cpp.o[0m
[1.000s] [ 60%] [32mBuilding CXX object CMakeFiles/health_oper.dir/src/health_oper.cpp.o[0m
[2.663s] [01m[K/home/cjs/Health_Node/ros2_ws/src/pkg01_healthoper_cpp/src/core_info.cpp:[m[K In member function ‘[01m[Kdouble CoreInfoMonitor::get_temperature()[m[K’:
[2.664s] [01m[K/home/cjs/Health_Node/ros2_ws/src/pkg01_healthoper_cpp/src/core_info.cpp:200:1:[m[K [01;35m[Kwarning: [m[Kcontrol reaches end of non-void function [[01;35m[K-Wreturn-type[m[K]
[2.665s]   200 | [01;35m[K}[m[K
[2.665s]       | [01;35m[K^[m[K
[5.428s] In file included from [01m[K/opt/ros/foxy/include/rclcpp/client.hpp:40[m[K,
[5.429s]                  from [01m[K/opt/ros/foxy/include/rclcpp/callback_group.hpp:23[m[K,
[5.429s]                  from [01m[K/opt/ros/foxy/include/rclcpp/any_executable.hpp:20[m[K,
[5.429s]                  from [01m[K/opt/ros/foxy/include/rclcpp/memory_strategy.hpp:24[m[K,
[5.429s]                  from [01m[K/opt/ros/foxy/include/rclcpp/memory_strategies.hpp:18[m[K,
[5.429s]                  from [01m[K/opt/ros/foxy/include/rclcpp/executor_options.hpp:20[m[K,
[5.429s]                  from [01m[K/opt/ros/foxy/include/rclcpp/executor.hpp:33[m[K,
[5.429s]                  from [01m[K/opt/ros/foxy/include/rclcpp/executors/multi_threaded_executor.hpp:26[m[K,
[5.430s]                  from [01m[K/opt/ros/foxy/include/rclcpp/executors.hpp:21[m[K,
[5.430s]                  from [01m[K/opt/ros/foxy/include/rclcpp/rclcpp.hpp:146[m[K,
[5.430s]                  from [01m[K/home/cjs/Health_Node/ros2_ws/src/pkg01_healthoper_cpp/src/listener.cpp:1[m[K:
[5.430s] [01m[K/home/cjs/Health_Node/ros2_ws/src/pkg01_healthoper_cpp/src/listener.cpp:[m[K In member function ‘[01m[Kvoid HealthNodeListener::topic_callback(base_interfaces_demo::msg::HealthNode_<std::allocator<void> >::SharedPtr) const[m[K’:
[5.430s] [01m[K/home/cjs/Health_Node/ros2_ws/src/pkg01_healthoper_cpp/src/listener.cpp:15:105:[m[K [01;31m[Kerror: [m[Krequest for member ‘[01m[Kc_str[m[K’ in ‘[01m[K((const std::__shared_ptr_access<base_interfaces_demo::msg::HealthNode_<std::allocator<void> >, __gnu_cxx::_S_atomic, false, false>*)(& msg))->std::__shared_ptr_access<base_interfaces_demo::msg::HealthNode_<std::allocator<void> >, __gnu_cxx::_S_atomic, false, false>::operator->()->base_interfaces_demo::msg::HealthNode_<std::allocator<void> >::nic_status[m[K’, which is of non-class type ‘[01m[Kbase_interfaces_demo::msg::HealthNode_<std::allocator<void> >::_nic_status_type[m[K’ {aka ‘[01m[Kdouble[m[K’}
[5.430s]    15 |                 msg->cpu_usage, msg->memory_usage, msg->disk_usage, msg->cpu_frequency, msg->nic_status.[01;31m[Kc_str[m[K(), msg->temperature);
[5.430s]       |                                                                                                         [01;31m[K^~~~~[m[K
[6.584s] [01m[K/home/cjs/Health_Node/ros2_ws/src/pkg01_healthoper_cpp/src/health_oper.cpp:[m[K In member function ‘[01m[Kvoid HealthOperator::check_errors(base_interfaces_demo::msg::HealthNode&)[m[K’:
[6.586s] [01m[K/home/cjs/Health_Node/ros2_ws/src/pkg01_healthoper_cpp/src/health_oper.cpp:213:24:[m[K [01;31m[Kerror: [m[K‘[01m[Kusing HallInfo = struct base_interfaces_demo::msg::HallInfo_<std::allocator<void> >[m[K’ {aka ‘[01m[Kstruct base_interfaces_demo::msg::HallInfo_<std::allocator<void> >[m[K’} has no member named ‘[01m[Kerror_code[m[K’
[6.586s]   213 |         if (hall_info_.[01;31m[Kerror_code[m[K & (1 << 0)) {
[6.587s]       |                        [01;31m[K^~~~~~~~~~[m[K
[6.587s] [01m[K/home/cjs/Health_Node/ros2_ws/src/pkg01_healthoper_cpp/src/health_oper.cpp:217:24:[m[K [01;31m[Kerror: [m[K‘[01m[Kusing HallInfo = struct base_interfaces_demo::msg::HallInfo_<std::allocator<void> >[m[K’ {aka ‘[01m[Kstruct base_interfaces_demo::msg::HallInfo_<std::allocator<void> >[m[K’} has no member named ‘[01m[Kerror_code[m[K’
[6.587s]   217 |         if (hall_info_.[01;31m[Kerror_code[m[K & (1 << 1)) {
[6.587s]       |                        [01;31m[K^~~~~~~~~~[m[K
[6.587s] [01m[K/home/cjs/Health_Node/ros2_ws/src/pkg01_healthoper_cpp/src/health_oper.cpp:225:25:[m[K [01;31m[Kerror: [m[K‘[01m[Kusing ColorInfo = struct base_interfaces_demo::msg::ColorInfo_<std::allocator<void> >[m[K’ {aka ‘[01m[Kstruct base_interfaces_demo::msg::ColorInfo_<std::allocator<void> >[m[K’} has no member named ‘[01m[Kerror_code[m[K’
[6.588s]   225 |         if (color_info_.[01;31m[Kerror_code[m[K & (1 << 0)) {
[6.588s]       |                         [01;31m[K^~~~~~~~~~[m[K
[9.259s] make[2]: *** [CMakeFiles/listener.dir/build.make:63: CMakeFiles/listener.dir/src/listener.cpp.o] Error 1
[9.261s] make[1]: *** [CMakeFiles/Makefile2:80: CMakeFiles/listener.dir/all] Error 2
[9.261s] make[1]: *** Waiting for unfinished jobs....
