[0.083s] Invoking command in '/home/cjs/Health_Node/ros2_ws/build/pkg02_lifecycle_cpp': AMENT_PREFIX_PATH=/home/cjs/Health_Node/ros2_ws/install/base_interfaces_demo:${AMENT_PREFIX_PATH} CMAKE_PREFIX_PATH=/home/cjs/Health_Node/ros2_ws/install/base_interfaces_demo:/opt/ros/foxy LD_LIBRARY_PATH=/home/cjs/Health_Node/ros2_ws/install/base_interfaces_demo/lib:${LD_LIBRARY_PATH} PYTHONPATH=/home/cjs/Health_Node/ros2_ws/install/base_interfaces_demo/lib/python3.8/site-packages:${PYTHONPATH} /usr/bin/cmake /home/cjs/Health_Node/ros2_ws/src/pkg02_lifecycle_cpp -DCMAKE_INSTALL_PREFIX=/home/cjs/Health_Node/ros2_ws/install/pkg02_lifecycle_cpp
[0.509s] -- The C compiler identification is GNU 9.4.0
[0.822s] -- The CXX compiler identification is GNU 9.4.0
[0.847s] -- Check for working C compiler: /usr/bin/cc
[1.198s] -- Check for working C compiler: /usr/bin/cc -- works
[1.206s] -- Detecting C compiler ABI info
[1.503s] -- Detecting C compiler ABI info - done
[1.521s] -- Detecting C compile features
[1.522s] -- Detecting C compile features - done
[1.528s] -- Check for working CXX compiler: /usr/bin/c++
[1.873s] -- Check for working CXX compiler: /usr/bin/c++ -- works
[1.876s] -- Detecting CXX compiler ABI info
[2.219s] -- Detecting CXX compiler ABI info - done
[2.238s] -- Detecting CXX compile features
[2.238s] -- Detecting CXX compile features - done
[2.261s] -- Found ament_cmake: 0.9.12 (/opt/ros/foxy/share/ament_cmake/cmake)
[2.343s] -- Found PythonInterp: /usr/bin/python3 (found suitable version "3.8.10", minimum required is "3") 
[2.346s] -- Using PYTHON_EXECUTABLE: /usr/bin/python3
[2.862s] -- Found rclcpp: 2.4.3 (/opt/ros/foxy/share/rclcpp/cmake)
[3.037s] -- Using all available rosidl_typesupport_c: rosidl_typesupport_fastrtps_c;rosidl_typesupport_introspection_c
[3.067s] -- Found rosidl_adapter: 1.3.1 (/opt/ros/foxy/share/rosidl_adapter/cmake)
[3.479s] -- Found OpenSSL: /usr/lib/x86_64-linux-gnu/libcrypto.so (found version "1.1.1f")  
[3.560s] -- Found FastRTPS: /opt/ros/foxy/include  
[3.790s] -- Using all available rosidl_typesupport_cpp: rosidl_typesupport_fastrtps_cpp;rosidl_typesupport_introspection_cpp
[3.958s] -- Found rmw_implementation_cmake: 1.0.4 (/opt/ros/foxy/share/rmw_implementation_cmake/cmake)
[3.964s] -- Using RMW implementation 'rmw_fastrtps_cpp' as default
[3.969s] -- Looking for pthread.h
[4.284s] -- Looking for pthread.h - found
[4.286s] -- Performing Test CMAKE_HAVE_LIBC_PTHREAD
[4.607s] -- Performing Test CMAKE_HAVE_LIBC_PTHREAD - Failed
[4.608s] -- Looking for pthread_create in pthreads
[4.903s] -- Looking for pthread_create in pthreads - not found
[4.904s] -- Looking for pthread_create in pthread
[5.234s] -- Looking for pthread_create in pthread - found
[5.238s] -- Found Threads: TRUE  
[5.612s] CMake Error at /opt/ros/foxy/share/ament_cmake_target_dependencies/cmake/ament_target_dependencies.cmake:77 (message):
[5.612s]   ament_target_dependencies() the passed package name 'base_interfaces_demo'
[5.612s]   was not found before
[5.612s] Call Stack (most recent call first):
[5.613s]   CMakeLists.txt:26 (ament_target_dependencies)
[5.613s] 
[5.613s] 
[5.623s] -- Configuring incomplete, errors occurred!
[5.623s] See also "/home/cjs/Health_Node/ros2_ws/build/pkg02_lifecycle_cpp/CMakeFiles/CMakeOutput.log".
[5.623s] See also "/home/cjs/Health_Node/ros2_ws/build/pkg02_lifecycle_cpp/CMakeFiles/CMakeError.log".
[5.645s] Invoked command in '/home/cjs/Health_Node/ros2_ws/build/pkg02_lifecycle_cpp' returned '1': AMENT_PREFIX_PATH=/home/cjs/Health_Node/ros2_ws/install/base_interfaces_demo:${AMENT_PREFIX_PATH} CMAKE_PREFIX_PATH=/home/cjs/Health_Node/ros2_ws/install/base_interfaces_demo:/opt/ros/foxy LD_LIBRARY_PATH=/home/cjs/Health_Node/ros2_ws/install/base_interfaces_demo/lib:${LD_LIBRARY_PATH} PYTHONPATH=/home/cjs/Health_Node/ros2_ws/install/base_interfaces_demo/lib/python3.8/site-packages:${PYTHONPATH} /usr/bin/cmake /home/cjs/Health_Node/ros2_ws/src/pkg02_lifecycle_cpp -DCMAKE_INSTALL_PREFIX=/home/cjs/Health_Node/ros2_ws/install/pkg02_lifecycle_cpp
