[0.352s] DEBUG:colcon:Command line arguments: ['/usr/bin/colcon', 'build']
[0.352s] DEBUG:colcon:Parsed command line arguments: Namespace(allow_overriding=[], ament_cmake_args=None, base_paths=['.'], build_base='build', catkin_cmake_args=None, catkin_skip_building_tests=False, cmake_args=None, cmake_clean_cache=False, cmake_clean_first=False, cmake_force_configure=False, cmake_target=None, cmake_target_skip_unavailable=False, continue_on_error=False, event_handlers=None, executor='parallel', ignore_user_meta=False, install_base='install', log_base=None, log_level=None, main=<bound method BuildVerb.main of <colcon_core.verb.build.BuildVerb object at 0x7fd41a72da90>>, merge_install=False, metas=['./colcon.meta'], mixin=None, mixin_files=None, mixin_verb=('build',), packages_above=None, packages_above_and_dependencies=None, packages_above_depth=None, packages_end=None, packages_ignore=None, packages_ignore_regex=None, packages_select=None, packages_select_build_failed=False, packages_select_by_dep=None, packages_select_regex=None, packages_select_test_failures=False, packages_skip=None, packages_skip_build_finished=False, packages_skip_by_dep=None, packages_skip_regex=None, packages_skip_test_passed=False, packages_skip_up_to=None, packages_start=None, packages_up_to=None, packages_up_to_regex=None, parallel_workers=4, paths=None, symlink_install=False, test_result_base=None, verb_extension=<colcon_core.verb.build.BuildVerb object at 0x7fd41a72da90>, verb_name='build', verb_parser=<colcon_mixin.mixin.mixin_argument.MixinArgumentDecorator object at 0x7fd41a612d30>)
[0.725s] Level 1:colcon.colcon_core.package_discovery:discover_packages(colcon_meta) check parameters
[0.725s] Level 1:colcon.colcon_core.package_discovery:discover_packages(recursive) check parameters
[0.725s] Level 1:colcon.colcon_core.package_discovery:discover_packages(ignore) check parameters
[0.725s] Level 1:colcon.colcon_core.package_discovery:discover_packages(path) check parameters
[0.725s] Level 1:colcon.colcon_core.package_discovery:discover_packages(colcon_meta) discover
[0.726s] Level 1:colcon.colcon_core.package_discovery:discover_packages(recursive) discover
[0.726s] INFO:colcon.colcon_core.package_discovery:Crawling recursively for packages in '/home/cjs/Health_Node/ros2_ws'
[0.727s] Level 1:colcon.colcon_core.package_identification:_identify(.) by extensions ['ignore', 'ignore_ament_install']
[0.728s] Level 1:colcon.colcon_core.package_identification:_identify(.) by extension 'ignore'
[0.729s] Level 1:colcon.colcon_core.package_identification:_identify(.) by extension 'ignore_ament_install'
[0.729s] Level 1:colcon.colcon_core.package_identification:_identify(.) by extensions ['colcon_pkg']
[0.729s] Level 1:colcon.colcon_core.package_identification:_identify(.) by extension 'colcon_pkg'
[0.729s] Level 1:colcon.colcon_core.package_identification:_identify(.) by extensions ['colcon_meta']
[0.729s] Level 1:colcon.colcon_core.package_identification:_identify(.) by extension 'colcon_meta'
[0.730s] Level 1:colcon.colcon_core.package_identification:_identify(.) by extensions ['ros']
[0.730s] Level 1:colcon.colcon_core.package_identification:_identify(.) by extension 'ros'
[0.763s] Level 1:colcon.colcon_core.package_identification:_identify(.) by extensions ['cmake', 'python']
[0.763s] Level 1:colcon.colcon_core.package_identification:_identify(.) by extension 'cmake'
[0.764s] Level 1:colcon.colcon_core.package_identification:_identify(.) by extension 'python'
[0.764s] Level 1:colcon.colcon_core.package_identification:_identify(.) by extensions ['python_setup_py']
[0.764s] Level 1:colcon.colcon_core.package_identification:_identify(.) by extension 'python_setup_py'
[0.764s] Level 1:colcon.colcon_core.package_identification:_identify(build) by extensions ['ignore', 'ignore_ament_install']
[0.764s] Level 1:colcon.colcon_core.package_identification:_identify(build) by extension 'ignore'
[0.764s] Level 1:colcon.colcon_core.package_identification:_identify(build) ignored
[0.765s] Level 1:colcon.colcon_core.package_identification:_identify(install) by extensions ['ignore', 'ignore_ament_install']
[0.765s] Level 1:colcon.colcon_core.package_identification:_identify(install) by extension 'ignore'
[0.765s] Level 1:colcon.colcon_core.package_identification:_identify(install) ignored
[0.765s] Level 1:colcon.colcon_core.package_identification:_identify(log) by extensions ['ignore', 'ignore_ament_install']
[0.768s] Level 1:colcon.colcon_core.package_identification:_identify(log) by extension 'ignore'
[0.768s] Level 1:colcon.colcon_core.package_identification:_identify(log) ignored
[0.768s] Level 1:colcon.colcon_core.package_identification:_identify(src) by extensions ['ignore', 'ignore_ament_install']
[0.768s] Level 1:colcon.colcon_core.package_identification:_identify(src) by extension 'ignore'
[0.769s] Level 1:colcon.colcon_core.package_identification:_identify(src) by extension 'ignore_ament_install'
[0.769s] Level 1:colcon.colcon_core.package_identification:_identify(src) by extensions ['colcon_pkg']
[0.769s] Level 1:colcon.colcon_core.package_identification:_identify(src) by extension 'colcon_pkg'
[0.769s] Level 1:colcon.colcon_core.package_identification:_identify(src) by extensions ['colcon_meta']
[0.769s] Level 1:colcon.colcon_core.package_identification:_identify(src) by extension 'colcon_meta'
[0.769s] Level 1:colcon.colcon_core.package_identification:_identify(src) by extensions ['ros']
[0.769s] Level 1:colcon.colcon_core.package_identification:_identify(src) by extension 'ros'
[0.769s] Level 1:colcon.colcon_core.package_identification:_identify(src) by extensions ['cmake', 'python']
[0.769s] Level 1:colcon.colcon_core.package_identification:_identify(src) by extension 'cmake'
[0.770s] Level 1:colcon.colcon_core.package_identification:_identify(src) by extension 'python'
[0.770s] Level 1:colcon.colcon_core.package_identification:_identify(src) by extensions ['python_setup_py']
[0.770s] Level 1:colcon.colcon_core.package_identification:_identify(src) by extension 'python_setup_py'
[0.771s] Level 1:colcon.colcon_core.package_identification:_identify(src/base_interfaces_demo) by extensions ['ignore', 'ignore_ament_install']
[0.771s] Level 1:colcon.colcon_core.package_identification:_identify(src/base_interfaces_demo) by extension 'ignore'
[0.771s] Level 1:colcon.colcon_core.package_identification:_identify(src/base_interfaces_demo) by extension 'ignore_ament_install'
[0.771s] Level 1:colcon.colcon_core.package_identification:_identify(src/base_interfaces_demo) by extensions ['colcon_pkg']
[0.771s] Level 1:colcon.colcon_core.package_identification:_identify(src/base_interfaces_demo) by extension 'colcon_pkg'
[0.771s] Level 1:colcon.colcon_core.package_identification:_identify(src/base_interfaces_demo) by extensions ['colcon_meta']
[0.771s] Level 1:colcon.colcon_core.package_identification:_identify(src/base_interfaces_demo) by extension 'colcon_meta'
[0.771s] Level 1:colcon.colcon_core.package_identification:_identify(src/base_interfaces_demo) by extensions ['ros']
[0.772s] Level 1:colcon.colcon_core.package_identification:_identify(src/base_interfaces_demo) by extension 'ros'
[0.779s] DEBUG:colcon.colcon_core.package_identification:Package 'src/base_interfaces_demo' with type 'ros.ament_cmake' and name 'base_interfaces_demo'
[0.779s] Level 1:colcon.colcon_core.package_identification:_identify(src/build) by extensions ['ignore', 'ignore_ament_install']
[0.779s] Level 1:colcon.colcon_core.package_identification:_identify(src/build) by extension 'ignore'
[0.779s] Level 1:colcon.colcon_core.package_identification:_identify(src/build) ignored
[0.780s] Level 1:colcon.colcon_core.package_identification:_identify(src/install) by extensions ['ignore', 'ignore_ament_install']
[0.780s] Level 1:colcon.colcon_core.package_identification:_identify(src/install) by extension 'ignore'
[0.780s] Level 1:colcon.colcon_core.package_identification:_identify(src/install) ignored
[0.780s] Level 1:colcon.colcon_core.package_identification:_identify(src/log) by extensions ['ignore', 'ignore_ament_install']
[0.780s] Level 1:colcon.colcon_core.package_identification:_identify(src/log) by extension 'ignore'
[0.780s] Level 1:colcon.colcon_core.package_identification:_identify(src/log) ignored
[0.780s] Level 1:colcon.colcon_core.package_identification:_identify(src/pkg01_healthoper_cpp) by extensions ['ignore', 'ignore_ament_install']
[0.780s] Level 1:colcon.colcon_core.package_identification:_identify(src/pkg01_healthoper_cpp) by extension 'ignore'
[0.780s] Level 1:colcon.colcon_core.package_identification:_identify(src/pkg01_healthoper_cpp) by extension 'ignore_ament_install'
[0.780s] Level 1:colcon.colcon_core.package_identification:_identify(src/pkg01_healthoper_cpp) by extensions ['colcon_pkg']
[0.781s] Level 1:colcon.colcon_core.package_identification:_identify(src/pkg01_healthoper_cpp) by extension 'colcon_pkg'
[0.781s] Level 1:colcon.colcon_core.package_identification:_identify(src/pkg01_healthoper_cpp) by extensions ['colcon_meta']
[0.781s] Level 1:colcon.colcon_core.package_identification:_identify(src/pkg01_healthoper_cpp) by extension 'colcon_meta'
[0.781s] Level 1:colcon.colcon_core.package_identification:_identify(src/pkg01_healthoper_cpp) by extensions ['ros']
[0.781s] Level 1:colcon.colcon_core.package_identification:_identify(src/pkg01_healthoper_cpp) by extension 'ros'
[0.782s] DEBUG:colcon.colcon_core.package_identification:Package 'src/pkg01_healthoper_cpp' with type 'ros.ament_cmake' and name 'pkg01_healthoper_cpp'
[0.785s] Level 1:colcon.colcon_core.package_identification:_identify(src/pkg02_lifecycle_cpp) by extensions ['ignore', 'ignore_ament_install']
[0.785s] Level 1:colcon.colcon_core.package_identification:_identify(src/pkg02_lifecycle_cpp) by extension 'ignore'
[0.785s] Level 1:colcon.colcon_core.package_identification:_identify(src/pkg02_lifecycle_cpp) by extension 'ignore_ament_install'
[0.785s] Level 1:colcon.colcon_core.package_identification:_identify(src/pkg02_lifecycle_cpp) by extensions ['colcon_pkg']
[0.785s] Level 1:colcon.colcon_core.package_identification:_identify(src/pkg02_lifecycle_cpp) by extension 'colcon_pkg'
[0.785s] Level 1:colcon.colcon_core.package_identification:_identify(src/pkg02_lifecycle_cpp) by extensions ['colcon_meta']
[0.785s] Level 1:colcon.colcon_core.package_identification:_identify(src/pkg02_lifecycle_cpp) by extension 'colcon_meta'
[0.785s] Level 1:colcon.colcon_core.package_identification:_identify(src/pkg02_lifecycle_cpp) by extensions ['ros']
[0.786s] Level 1:colcon.colcon_core.package_identification:_identify(src/pkg02_lifecycle_cpp) by extension 'ros'
[0.787s] DEBUG:colcon.colcon_core.package_identification:Package 'src/pkg02_lifecycle_cpp' with type 'ros.ament_cmake' and name 'pkg02_lifecycle_cpp'
[0.787s] Level 1:colcon.colcon_core.package_discovery:discover_packages(recursive) using defaults
[0.787s] Level 1:colcon.colcon_core.package_discovery:discover_packages(ignore) discover
[0.787s] Level 1:colcon.colcon_core.package_discovery:discover_packages(ignore) using defaults
[0.787s] Level 1:colcon.colcon_core.package_discovery:discover_packages(path) discover
[0.788s] Level 1:colcon.colcon_core.package_discovery:discover_packages(path) using defaults
[0.824s] Level 1:colcon.colcon_core.package_discovery:discover_packages(prefix_path) check parameters
[0.824s] Level 1:colcon.colcon_core.package_discovery:discover_packages(prefix_path) discover
[0.830s] DEBUG:colcon.colcon_installed_package_information.package_discovery:Found 3 installed packages in /home/cjs/Health_Node/ros2_ws/install
[0.835s] DEBUG:colcon.colcon_installed_package_information.package_discovery:Found 256 installed packages in /opt/ros/foxy
[0.842s] Level 1:colcon.colcon_core.package_discovery:discover_packages(prefix_path) using defaults
[0.989s] Level 5:colcon.colcon_core.verb:set package 'base_interfaces_demo' build argument 'cmake_args' from command line to 'None'
[0.989s] Level 5:colcon.colcon_core.verb:set package 'base_interfaces_demo' build argument 'cmake_target' from command line to 'None'
[0.989s] Level 5:colcon.colcon_core.verb:set package 'base_interfaces_demo' build argument 'cmake_target_skip_unavailable' from command line to 'False'
[0.990s] Level 5:colcon.colcon_core.verb:set package 'base_interfaces_demo' build argument 'cmake_clean_cache' from command line to 'False'
[0.990s] Level 5:colcon.colcon_core.verb:set package 'base_interfaces_demo' build argument 'cmake_clean_first' from command line to 'False'
[0.990s] Level 5:colcon.colcon_core.verb:set package 'base_interfaces_demo' build argument 'cmake_force_configure' from command line to 'False'
[0.990s] Level 5:colcon.colcon_core.verb:set package 'base_interfaces_demo' build argument 'ament_cmake_args' from command line to 'None'
[0.990s] Level 5:colcon.colcon_core.verb:set package 'base_interfaces_demo' build argument 'catkin_cmake_args' from command line to 'None'
[0.990s] Level 5:colcon.colcon_core.verb:set package 'base_interfaces_demo' build argument 'catkin_skip_building_tests' from command line to 'False'
[0.990s] DEBUG:colcon.colcon_core.verb:Building package 'base_interfaces_demo' with the following arguments: {'ament_cmake_args': None, 'build_base': '/home/cjs/Health_Node/ros2_ws/build/base_interfaces_demo', 'catkin_cmake_args': None, 'catkin_skip_building_tests': False, 'cmake_args': None, 'cmake_clean_cache': False, 'cmake_clean_first': False, 'cmake_force_configure': False, 'cmake_target': None, 'cmake_target_skip_unavailable': False, 'install_base': '/home/cjs/Health_Node/ros2_ws/install/base_interfaces_demo', 'merge_install': False, 'path': '/home/cjs/Health_Node/ros2_ws/src/base_interfaces_demo', 'symlink_install': False, 'test_result_base': None}
[0.991s] Level 5:colcon.colcon_core.verb:set package 'pkg01_healthoper_cpp' build argument 'cmake_args' from command line to 'None'
[0.991s] Level 5:colcon.colcon_core.verb:set package 'pkg01_healthoper_cpp' build argument 'cmake_target' from command line to 'None'
[0.991s] Level 5:colcon.colcon_core.verb:set package 'pkg01_healthoper_cpp' build argument 'cmake_target_skip_unavailable' from command line to 'False'
[0.991s] Level 5:colcon.colcon_core.verb:set package 'pkg01_healthoper_cpp' build argument 'cmake_clean_cache' from command line to 'False'
[0.991s] Level 5:colcon.colcon_core.verb:set package 'pkg01_healthoper_cpp' build argument 'cmake_clean_first' from command line to 'False'
[0.991s] Level 5:colcon.colcon_core.verb:set package 'pkg01_healthoper_cpp' build argument 'cmake_force_configure' from command line to 'False'
[0.991s] Level 5:colcon.colcon_core.verb:set package 'pkg01_healthoper_cpp' build argument 'ament_cmake_args' from command line to 'None'
[0.992s] Level 5:colcon.colcon_core.verb:set package 'pkg01_healthoper_cpp' build argument 'catkin_cmake_args' from command line to 'None'
[0.992s] Level 5:colcon.colcon_core.verb:set package 'pkg01_healthoper_cpp' build argument 'catkin_skip_building_tests' from command line to 'False'
[0.992s] DEBUG:colcon.colcon_core.verb:Building package 'pkg01_healthoper_cpp' with the following arguments: {'ament_cmake_args': None, 'build_base': '/home/cjs/Health_Node/ros2_ws/build/pkg01_healthoper_cpp', 'catkin_cmake_args': None, 'catkin_skip_building_tests': False, 'cmake_args': None, 'cmake_clean_cache': False, 'cmake_clean_first': False, 'cmake_force_configure': False, 'cmake_target': None, 'cmake_target_skip_unavailable': False, 'install_base': '/home/cjs/Health_Node/ros2_ws/install/pkg01_healthoper_cpp', 'merge_install': False, 'path': '/home/cjs/Health_Node/ros2_ws/src/pkg01_healthoper_cpp', 'symlink_install': False, 'test_result_base': None}
[0.992s] Level 5:colcon.colcon_core.verb:set package 'pkg02_lifecycle_cpp' build argument 'cmake_args' from command line to 'None'
[0.992s] Level 5:colcon.colcon_core.verb:set package 'pkg02_lifecycle_cpp' build argument 'cmake_target' from command line to 'None'
[0.992s] Level 5:colcon.colcon_core.verb:set package 'pkg02_lifecycle_cpp' build argument 'cmake_target_skip_unavailable' from command line to 'False'
[0.992s] Level 5:colcon.colcon_core.verb:set package 'pkg02_lifecycle_cpp' build argument 'cmake_clean_cache' from command line to 'False'
[0.992s] Level 5:colcon.colcon_core.verb:set package 'pkg02_lifecycle_cpp' build argument 'cmake_clean_first' from command line to 'False'
[0.992s] Level 5:colcon.colcon_core.verb:set package 'pkg02_lifecycle_cpp' build argument 'cmake_force_configure' from command line to 'False'
[0.992s] Level 5:colcon.colcon_core.verb:set package 'pkg02_lifecycle_cpp' build argument 'ament_cmake_args' from command line to 'None'
[0.992s] Level 5:colcon.colcon_core.verb:set package 'pkg02_lifecycle_cpp' build argument 'catkin_cmake_args' from command line to 'None'
[0.992s] Level 5:colcon.colcon_core.verb:set package 'pkg02_lifecycle_cpp' build argument 'catkin_skip_building_tests' from command line to 'False'
[0.992s] DEBUG:colcon.colcon_core.verb:Building package 'pkg02_lifecycle_cpp' with the following arguments: {'ament_cmake_args': None, 'build_base': '/home/cjs/Health_Node/ros2_ws/build/pkg02_lifecycle_cpp', 'catkin_cmake_args': None, 'catkin_skip_building_tests': False, 'cmake_args': None, 'cmake_clean_cache': False, 'cmake_clean_first': False, 'cmake_force_configure': False, 'cmake_target': None, 'cmake_target_skip_unavailable': False, 'install_base': '/home/cjs/Health_Node/ros2_ws/install/pkg02_lifecycle_cpp', 'merge_install': False, 'path': '/home/cjs/Health_Node/ros2_ws/src/pkg02_lifecycle_cpp', 'symlink_install': False, 'test_result_base': None}
[0.993s] INFO:colcon.colcon_core.executor:Executing jobs using 'parallel' executor
[0.998s] DEBUG:colcon.colcon_parallel_executor.executor.parallel:run_until_complete
[0.999s] INFO:colcon.colcon_ros.task.ament_cmake.build:Building ROS package in '/home/cjs/Health_Node/ros2_ws/src/base_interfaces_demo' with build type 'ament_cmake'
[1.000s] INFO:colcon.colcon_cmake.task.cmake.build:Building CMake package in '/home/cjs/Health_Node/ros2_ws/src/base_interfaces_demo'
[1.004s] INFO:colcon.colcon_core.plugin_system:Skipping extension 'colcon_core.shell.bat': Not used on non-Windows systems
[1.004s] INFO:colcon.colcon_core.shell:Skip shell extension 'powershell' for command environment: Not usable outside of PowerShell
[1.005s] DEBUG:colcon.colcon_core.shell:Skip shell extension 'dsv' for command environment
[1.071s] DEBUG:colcon.colcon_core.event_handler.log_command:Invoking command in '/home/cjs/Health_Node/ros2_ws/build/base_interfaces_demo': CMAKE_PREFIX_PATH=${CMAKE_PREFIX_PATH}:/opt/ros/foxy /usr/bin/cmake --build /home/cjs/Health_Node/ros2_ws/build/base_interfaces_demo -- -j4 -l4
[2.487s] DEBUG:colcon.colcon_core.event_handler.log_command:Invoked command in '/home/cjs/Health_Node/ros2_ws/build/base_interfaces_demo' returned '0': CMAKE_PREFIX_PATH=${CMAKE_PREFIX_PATH}:/opt/ros/foxy /usr/bin/cmake --build /home/cjs/Health_Node/ros2_ws/build/base_interfaces_demo -- -j4 -l4
[6.714s] DEBUG:colcon.colcon_core.event_handler.log_command:Invoking command in '/home/cjs/Health_Node/ros2_ws/build/base_interfaces_demo': CMAKE_PREFIX_PATH=${CMAKE_PREFIX_PATH}:/opt/ros/foxy /usr/bin/cmake --install /home/cjs/Health_Node/ros2_ws/build/base_interfaces_demo
[7.114s] Level 1:colcon.colcon_core.environment:create_environment_scripts_only(base_interfaces_demo)
[7.117s] DEBUG:colcon.colcon_core.event_handler.log_command:Invoked command in '/home/cjs/Health_Node/ros2_ws/build/base_interfaces_demo' returned '0': CMAKE_PREFIX_PATH=${CMAKE_PREFIX_PATH}:/opt/ros/foxy /usr/bin/cmake --install /home/cjs/Health_Node/ros2_ws/build/base_interfaces_demo
[7.126s] Level 1:colcon.colcon_core.environment:checking '/home/cjs/Health_Node/ros2_ws/install/base_interfaces_demo' for CMake module files
[7.128s] Level 1:colcon.colcon_core.environment:checking '/home/cjs/Health_Node/ros2_ws/install/base_interfaces_demo' for CMake config files
[7.129s] Level 1:colcon.colcon_core.shell:create_environment_hook('base_interfaces_demo', 'cmake_prefix_path')
[7.129s] INFO:colcon.colcon_core.shell:Creating environment hook '/home/cjs/Health_Node/ros2_ws/install/base_interfaces_demo/share/base_interfaces_demo/hook/cmake_prefix_path.ps1'
[7.132s] INFO:colcon.colcon_core.shell:Creating environment descriptor '/home/cjs/Health_Node/ros2_ws/install/base_interfaces_demo/share/base_interfaces_demo/hook/cmake_prefix_path.dsv'
[7.133s] INFO:colcon.colcon_core.shell:Creating environment hook '/home/cjs/Health_Node/ros2_ws/install/base_interfaces_demo/share/base_interfaces_demo/hook/cmake_prefix_path.sh'
[7.137s] Level 1:colcon.colcon_core.environment:checking '/home/cjs/Health_Node/ros2_ws/install/base_interfaces_demo/lib'
[7.137s] Level 1:colcon.colcon_core.shell:create_environment_hook('base_interfaces_demo', 'ld_library_path_lib')
[7.137s] INFO:colcon.colcon_core.shell:Creating environment hook '/home/cjs/Health_Node/ros2_ws/install/base_interfaces_demo/share/base_interfaces_demo/hook/ld_library_path_lib.ps1'
[7.138s] INFO:colcon.colcon_core.shell:Creating environment descriptor '/home/cjs/Health_Node/ros2_ws/install/base_interfaces_demo/share/base_interfaces_demo/hook/ld_library_path_lib.dsv'
[7.139s] INFO:colcon.colcon_core.shell:Creating environment hook '/home/cjs/Health_Node/ros2_ws/install/base_interfaces_demo/share/base_interfaces_demo/hook/ld_library_path_lib.sh'
[7.141s] Level 1:colcon.colcon_core.environment:checking '/home/cjs/Health_Node/ros2_ws/install/base_interfaces_demo/bin'
[7.141s] Level 1:colcon.colcon_core.environment:checking '/home/cjs/Health_Node/ros2_ws/install/base_interfaces_demo/lib/pkgconfig/base_interfaces_demo.pc'
[7.142s] Level 1:colcon.colcon_core.environment:checking '/home/cjs/Health_Node/ros2_ws/install/base_interfaces_demo/lib/python3.8/site-packages'
[7.146s] Level 1:colcon.colcon_core.shell:create_environment_hook('base_interfaces_demo', 'pythonpath')
[7.147s] INFO:colcon.colcon_core.shell:Creating environment hook '/home/cjs/Health_Node/ros2_ws/install/base_interfaces_demo/share/base_interfaces_demo/hook/pythonpath.ps1'
[7.148s] INFO:colcon.colcon_core.shell:Creating environment descriptor '/home/cjs/Health_Node/ros2_ws/install/base_interfaces_demo/share/base_interfaces_demo/hook/pythonpath.dsv'
[7.149s] INFO:colcon.colcon_core.shell:Creating environment hook '/home/cjs/Health_Node/ros2_ws/install/base_interfaces_demo/share/base_interfaces_demo/hook/pythonpath.sh'
[7.151s] Level 1:colcon.colcon_core.environment:checking '/home/cjs/Health_Node/ros2_ws/install/base_interfaces_demo/bin'
[7.151s] INFO:colcon.colcon_core.shell:Creating package script '/home/cjs/Health_Node/ros2_ws/install/base_interfaces_demo/share/base_interfaces_demo/package.ps1'
[7.153s] INFO:colcon.colcon_core.shell:Creating package descriptor '/home/cjs/Health_Node/ros2_ws/install/base_interfaces_demo/share/base_interfaces_demo/package.dsv'
[7.154s] INFO:colcon.colcon_core.shell:Creating package script '/home/cjs/Health_Node/ros2_ws/install/base_interfaces_demo/share/base_interfaces_demo/package.sh'
[7.155s] INFO:colcon.colcon_core.shell:Creating package script '/home/cjs/Health_Node/ros2_ws/install/base_interfaces_demo/share/base_interfaces_demo/package.bash'
[7.157s] INFO:colcon.colcon_core.shell:Creating package script '/home/cjs/Health_Node/ros2_ws/install/base_interfaces_demo/share/base_interfaces_demo/package.zsh'
[7.159s] Level 1:colcon.colcon_core.environment:create_file_with_runtime_dependencies(/home/cjs/Health_Node/ros2_ws/install/base_interfaces_demo/share/colcon-core/packages/base_interfaces_demo)
[11.397s] Level 1:colcon.colcon_core.environment:create_environment_scripts_only(base_interfaces_demo)
[11.398s] Level 1:colcon.colcon_core.environment:checking '/home/cjs/Health_Node/ros2_ws/install/base_interfaces_demo' for CMake module files
[11.401s] Level 1:colcon.colcon_core.environment:checking '/home/cjs/Health_Node/ros2_ws/install/base_interfaces_demo' for CMake config files
[11.402s] Level 1:colcon.colcon_core.shell:create_environment_hook('base_interfaces_demo', 'cmake_prefix_path')
[11.403s] INFO:colcon.colcon_core.shell:Creating environment hook '/home/cjs/Health_Node/ros2_ws/install/base_interfaces_demo/share/base_interfaces_demo/hook/cmake_prefix_path.ps1'
[11.409s] INFO:colcon.colcon_core.shell:Creating environment descriptor '/home/cjs/Health_Node/ros2_ws/install/base_interfaces_demo/share/base_interfaces_demo/hook/cmake_prefix_path.dsv'
[11.411s] INFO:colcon.colcon_core.shell:Creating environment hook '/home/cjs/Health_Node/ros2_ws/install/base_interfaces_demo/share/base_interfaces_demo/hook/cmake_prefix_path.sh'
[11.412s] Level 1:colcon.colcon_core.environment:checking '/home/cjs/Health_Node/ros2_ws/install/base_interfaces_demo/lib'
[11.413s] Level 1:colcon.colcon_core.shell:create_environment_hook('base_interfaces_demo', 'ld_library_path_lib')
[11.413s] INFO:colcon.colcon_core.shell:Creating environment hook '/home/cjs/Health_Node/ros2_ws/install/base_interfaces_demo/share/base_interfaces_demo/hook/ld_library_path_lib.ps1'
[11.414s] INFO:colcon.colcon_core.shell:Creating environment descriptor '/home/cjs/Health_Node/ros2_ws/install/base_interfaces_demo/share/base_interfaces_demo/hook/ld_library_path_lib.dsv'
[11.415s] INFO:colcon.colcon_core.shell:Creating environment hook '/home/cjs/Health_Node/ros2_ws/install/base_interfaces_demo/share/base_interfaces_demo/hook/ld_library_path_lib.sh'
[11.422s] Level 1:colcon.colcon_core.environment:checking '/home/cjs/Health_Node/ros2_ws/install/base_interfaces_demo/bin'
[11.423s] Level 1:colcon.colcon_core.environment:checking '/home/cjs/Health_Node/ros2_ws/install/base_interfaces_demo/lib/pkgconfig/base_interfaces_demo.pc'
[11.425s] Level 1:colcon.colcon_core.environment:checking '/home/cjs/Health_Node/ros2_ws/install/base_interfaces_demo/lib/python3.8/site-packages'
[11.426s] Level 1:colcon.colcon_core.shell:create_environment_hook('base_interfaces_demo', 'pythonpath')
[11.427s] INFO:colcon.colcon_core.shell:Creating environment hook '/home/cjs/Health_Node/ros2_ws/install/base_interfaces_demo/share/base_interfaces_demo/hook/pythonpath.ps1'
[11.429s] INFO:colcon.colcon_core.shell:Creating environment descriptor '/home/cjs/Health_Node/ros2_ws/install/base_interfaces_demo/share/base_interfaces_demo/hook/pythonpath.dsv'
[11.430s] INFO:colcon.colcon_core.shell:Creating environment hook '/home/cjs/Health_Node/ros2_ws/install/base_interfaces_demo/share/base_interfaces_demo/hook/pythonpath.sh'
[11.430s] Level 1:colcon.colcon_core.environment:checking '/home/cjs/Health_Node/ros2_ws/install/base_interfaces_demo/bin'
[11.431s] INFO:colcon.colcon_core.shell:Creating package script '/home/cjs/Health_Node/ros2_ws/install/base_interfaces_demo/share/base_interfaces_demo/package.ps1'
[11.432s] INFO:colcon.colcon_core.shell:Creating package descriptor '/home/cjs/Health_Node/ros2_ws/install/base_interfaces_demo/share/base_interfaces_demo/package.dsv'
[11.432s] INFO:colcon.colcon_core.shell:Creating package script '/home/cjs/Health_Node/ros2_ws/install/base_interfaces_demo/share/base_interfaces_demo/package.sh'
[11.433s] INFO:colcon.colcon_core.shell:Creating package script '/home/cjs/Health_Node/ros2_ws/install/base_interfaces_demo/share/base_interfaces_demo/package.bash'
[11.434s] INFO:colcon.colcon_core.shell:Creating package script '/home/cjs/Health_Node/ros2_ws/install/base_interfaces_demo/share/base_interfaces_demo/package.zsh'
[11.435s] Level 1:colcon.colcon_core.environment:create_file_with_runtime_dependencies(/home/cjs/Health_Node/ros2_ws/install/base_interfaces_demo/share/colcon-core/packages/base_interfaces_demo)
[11.436s] INFO:colcon.colcon_ros.task.ament_cmake.build:Building ROS package in '/home/cjs/Health_Node/ros2_ws/src/pkg01_healthoper_cpp' with build type 'ament_cmake'
[11.436s] INFO:colcon.colcon_cmake.task.cmake.build:Building CMake package in '/home/cjs/Health_Node/ros2_ws/src/pkg01_healthoper_cpp'
[11.437s] INFO:colcon.colcon_core.shell:Skip shell extension 'powershell' for command environment: Not usable outside of PowerShell
[11.437s] DEBUG:colcon.colcon_core.shell:Skip shell extension 'dsv' for command environment
[11.455s] INFO:colcon.colcon_ros.task.ament_cmake.build:Building ROS package in '/home/cjs/Health_Node/ros2_ws/src/pkg02_lifecycle_cpp' with build type 'ament_cmake'
[11.458s] INFO:colcon.colcon_cmake.task.cmake.build:Building CMake package in '/home/cjs/Health_Node/ros2_ws/src/pkg02_lifecycle_cpp'
[11.461s] INFO:colcon.colcon_core.shell:Skip shell extension 'powershell' for command environment: Not usable outside of PowerShell
[11.461s] DEBUG:colcon.colcon_core.shell:Skip shell extension 'dsv' for command environment
[11.510s] DEBUG:colcon.colcon_core.event_handler.log_command:Invoking command in '/home/cjs/Health_Node/ros2_ws/build/pkg01_healthoper_cpp': CMAKE_PREFIX_PATH=/home/cjs/Health_Node/ros2_ws/install/base_interfaces_demo:/home/cjs/Health_Node/ros2_ws/install/pkg02_lifecycle_cpp:/home/cjs/Health_Node/ros2_ws/install/pkg01_healthoper_cpp:/opt/ros/foxy /usr/bin/cmake --build /home/cjs/Health_Node/ros2_ws/build/pkg01_healthoper_cpp -- -j4 -l4
[11.558s] DEBUG:colcon.colcon_core.event_handler.log_command:Invoking command in '/home/cjs/Health_Node/ros2_ws/build/pkg02_lifecycle_cpp': CMAKE_PREFIX_PATH=/home/cjs/Health_Node/ros2_ws/install/base_interfaces_demo:/home/cjs/Health_Node/ros2_ws/install/pkg02_lifecycle_cpp:/home/cjs/Health_Node/ros2_ws/install/pkg01_healthoper_cpp:/opt/ros/foxy /usr/bin/cmake --build /home/cjs/Health_Node/ros2_ws/build/pkg02_lifecycle_cpp -- -j4 -l4
[11.954s] DEBUG:colcon.colcon_core.event_handler.log_command:Invoked command in '/home/cjs/Health_Node/ros2_ws/build/pkg02_lifecycle_cpp' returned '0': CMAKE_PREFIX_PATH=/home/cjs/Health_Node/ros2_ws/install/base_interfaces_demo:/home/cjs/Health_Node/ros2_ws/install/pkg02_lifecycle_cpp:/home/cjs/Health_Node/ros2_ws/install/pkg01_healthoper_cpp:/opt/ros/foxy /usr/bin/cmake --build /home/cjs/Health_Node/ros2_ws/build/pkg02_lifecycle_cpp -- -j4 -l4
[12.199s] DEBUG:colcon.colcon_core.event_handler.log_command:Invoking command in '/home/cjs/Health_Node/ros2_ws/build/pkg02_lifecycle_cpp': CMAKE_PREFIX_PATH=/home/cjs/Health_Node/ros2_ws/install/base_interfaces_demo:/home/cjs/Health_Node/ros2_ws/install/pkg02_lifecycle_cpp:/home/cjs/Health_Node/ros2_ws/install/pkg01_healthoper_cpp:/opt/ros/foxy /usr/bin/cmake --install /home/cjs/Health_Node/ros2_ws/build/pkg02_lifecycle_cpp
[12.261s] Level 1:colcon.colcon_core.environment:create_environment_scripts_only(pkg02_lifecycle_cpp)
[12.263s] Level 1:colcon.colcon_core.environment:checking '/home/cjs/Health_Node/ros2_ws/install/pkg02_lifecycle_cpp' for CMake module files
[12.264s] Level 1:colcon.colcon_core.environment:checking '/home/cjs/Health_Node/ros2_ws/install/pkg02_lifecycle_cpp' for CMake config files
[12.264s] Level 1:colcon.colcon_core.shell:create_environment_hook('pkg02_lifecycle_cpp', 'cmake_prefix_path')
[12.265s] INFO:colcon.colcon_core.shell:Creating environment hook '/home/cjs/Health_Node/ros2_ws/install/pkg02_lifecycle_cpp/share/pkg02_lifecycle_cpp/hook/cmake_prefix_path.ps1'
[12.267s] INFO:colcon.colcon_core.shell:Creating environment descriptor '/home/cjs/Health_Node/ros2_ws/install/pkg02_lifecycle_cpp/share/pkg02_lifecycle_cpp/hook/cmake_prefix_path.dsv'
[12.267s] INFO:colcon.colcon_core.shell:Creating environment hook '/home/cjs/Health_Node/ros2_ws/install/pkg02_lifecycle_cpp/share/pkg02_lifecycle_cpp/hook/cmake_prefix_path.sh'
[12.269s] Level 1:colcon.colcon_core.environment:checking '/home/cjs/Health_Node/ros2_ws/install/pkg02_lifecycle_cpp/lib'
[12.269s] Level 1:colcon.colcon_core.environment:checking '/home/cjs/Health_Node/ros2_ws/install/pkg02_lifecycle_cpp/bin'
[12.269s] Level 1:colcon.colcon_core.environment:checking '/home/cjs/Health_Node/ros2_ws/install/pkg02_lifecycle_cpp/lib/pkgconfig/pkg02_lifecycle_cpp.pc'
[12.270s] Level 1:colcon.colcon_core.environment:checking '/home/cjs/Health_Node/ros2_ws/install/pkg02_lifecycle_cpp/lib/python3.8/site-packages'
[12.270s] Level 1:colcon.colcon_core.environment:checking '/home/cjs/Health_Node/ros2_ws/install/pkg02_lifecycle_cpp/bin'
[12.270s] INFO:colcon.colcon_core.shell:Creating package script '/home/cjs/Health_Node/ros2_ws/install/pkg02_lifecycle_cpp/share/pkg02_lifecycle_cpp/package.ps1'
[12.278s] INFO:colcon.colcon_core.shell:Creating package descriptor '/home/cjs/Health_Node/ros2_ws/install/pkg02_lifecycle_cpp/share/pkg02_lifecycle_cpp/package.dsv'
[12.279s] INFO:colcon.colcon_core.shell:Creating package script '/home/cjs/Health_Node/ros2_ws/install/pkg02_lifecycle_cpp/share/pkg02_lifecycle_cpp/package.sh'
[12.280s] INFO:colcon.colcon_core.shell:Creating package script '/home/cjs/Health_Node/ros2_ws/install/pkg02_lifecycle_cpp/share/pkg02_lifecycle_cpp/package.bash'
[12.280s] INFO:colcon.colcon_core.shell:Creating package script '/home/cjs/Health_Node/ros2_ws/install/pkg02_lifecycle_cpp/share/pkg02_lifecycle_cpp/package.zsh'
[12.281s] Level 1:colcon.colcon_core.environment:create_file_with_runtime_dependencies(/home/cjs/Health_Node/ros2_ws/install/pkg02_lifecycle_cpp/share/colcon-core/packages/pkg02_lifecycle_cpp)
[12.288s] DEBUG:colcon.colcon_core.event_handler.log_command:Invoked command in '/home/cjs/Health_Node/ros2_ws/build/pkg02_lifecycle_cpp' returned '0': CMAKE_PREFIX_PATH=/home/cjs/Health_Node/ros2_ws/install/base_interfaces_demo:/home/cjs/Health_Node/ros2_ws/install/pkg02_lifecycle_cpp:/home/cjs/Health_Node/ros2_ws/install/pkg01_healthoper_cpp:/opt/ros/foxy /usr/bin/cmake --install /home/cjs/Health_Node/ros2_ws/build/pkg02_lifecycle_cpp
[12.502s] Level 1:colcon.colcon_core.environment:create_environment_scripts_only(pkg02_lifecycle_cpp)
[12.502s] Level 1:colcon.colcon_core.environment:checking '/home/cjs/Health_Node/ros2_ws/install/pkg02_lifecycle_cpp' for CMake module files
[12.504s] Level 1:colcon.colcon_core.environment:checking '/home/cjs/Health_Node/ros2_ws/install/pkg02_lifecycle_cpp' for CMake config files
[12.505s] Level 1:colcon.colcon_core.shell:create_environment_hook('pkg02_lifecycle_cpp', 'cmake_prefix_path')
[12.505s] INFO:colcon.colcon_core.shell:Creating environment hook '/home/cjs/Health_Node/ros2_ws/install/pkg02_lifecycle_cpp/share/pkg02_lifecycle_cpp/hook/cmake_prefix_path.ps1'
[12.515s] INFO:colcon.colcon_core.shell:Creating environment descriptor '/home/cjs/Health_Node/ros2_ws/install/pkg02_lifecycle_cpp/share/pkg02_lifecycle_cpp/hook/cmake_prefix_path.dsv'
[12.516s] INFO:colcon.colcon_core.shell:Creating environment hook '/home/cjs/Health_Node/ros2_ws/install/pkg02_lifecycle_cpp/share/pkg02_lifecycle_cpp/hook/cmake_prefix_path.sh'
[12.517s] Level 1:colcon.colcon_core.environment:checking '/home/cjs/Health_Node/ros2_ws/install/pkg02_lifecycle_cpp/lib'
[12.517s] Level 1:colcon.colcon_core.environment:checking '/home/cjs/Health_Node/ros2_ws/install/pkg02_lifecycle_cpp/bin'
[12.517s] Level 1:colcon.colcon_core.environment:checking '/home/cjs/Health_Node/ros2_ws/install/pkg02_lifecycle_cpp/lib/pkgconfig/pkg02_lifecycle_cpp.pc'
[12.518s] Level 1:colcon.colcon_core.environment:checking '/home/cjs/Health_Node/ros2_ws/install/pkg02_lifecycle_cpp/lib/python3.8/site-packages'
[12.519s] Level 1:colcon.colcon_core.environment:checking '/home/cjs/Health_Node/ros2_ws/install/pkg02_lifecycle_cpp/bin'
[12.519s] INFO:colcon.colcon_core.shell:Creating package script '/home/cjs/Health_Node/ros2_ws/install/pkg02_lifecycle_cpp/share/pkg02_lifecycle_cpp/package.ps1'
[12.520s] INFO:colcon.colcon_core.shell:Creating package descriptor '/home/cjs/Health_Node/ros2_ws/install/pkg02_lifecycle_cpp/share/pkg02_lifecycle_cpp/package.dsv'
[12.521s] INFO:colcon.colcon_core.shell:Creating package script '/home/cjs/Health_Node/ros2_ws/install/pkg02_lifecycle_cpp/share/pkg02_lifecycle_cpp/package.sh'
[12.522s] INFO:colcon.colcon_core.shell:Creating package script '/home/cjs/Health_Node/ros2_ws/install/pkg02_lifecycle_cpp/share/pkg02_lifecycle_cpp/package.bash'
[12.522s] INFO:colcon.colcon_core.shell:Creating package script '/home/cjs/Health_Node/ros2_ws/install/pkg02_lifecycle_cpp/share/pkg02_lifecycle_cpp/package.zsh'
[12.523s] Level 1:colcon.colcon_core.environment:create_file_with_runtime_dependencies(/home/cjs/Health_Node/ros2_ws/install/pkg02_lifecycle_cpp/share/colcon-core/packages/pkg02_lifecycle_cpp)
[25.387s] DEBUG:colcon.colcon_core.event_handler.log_command:Invoked command in '/home/cjs/Health_Node/ros2_ws/build/pkg01_healthoper_cpp' returned '2': CMAKE_PREFIX_PATH=/home/cjs/Health_Node/ros2_ws/install/base_interfaces_demo:/home/cjs/Health_Node/ros2_ws/install/pkg02_lifecycle_cpp:/home/cjs/Health_Node/ros2_ws/install/pkg01_healthoper_cpp:/opt/ros/foxy /usr/bin/cmake --build /home/cjs/Health_Node/ros2_ws/build/pkg01_healthoper_cpp -- -j4 -l4
[25.549s] Level 1:colcon.colcon_core.environment:create_environment_scripts_only(pkg01_healthoper_cpp)
[25.550s] Level 1:colcon.colcon_core.environment:checking '/home/cjs/Health_Node/ros2_ws/install/pkg01_healthoper_cpp' for CMake module files
[25.552s] Level 1:colcon.colcon_core.environment:checking '/home/cjs/Health_Node/ros2_ws/install/pkg01_healthoper_cpp' for CMake config files
[25.553s] Level 1:colcon.colcon_core.shell:create_environment_hook('pkg01_healthoper_cpp', 'cmake_prefix_path')
[25.553s] INFO:colcon.colcon_core.shell:Creating environment hook '/home/cjs/Health_Node/ros2_ws/install/pkg01_healthoper_cpp/share/pkg01_healthoper_cpp/hook/cmake_prefix_path.ps1'
[25.562s] INFO:colcon.colcon_core.shell:Creating environment descriptor '/home/cjs/Health_Node/ros2_ws/install/pkg01_healthoper_cpp/share/pkg01_healthoper_cpp/hook/cmake_prefix_path.dsv'
[25.563s] INFO:colcon.colcon_core.shell:Creating environment hook '/home/cjs/Health_Node/ros2_ws/install/pkg01_healthoper_cpp/share/pkg01_healthoper_cpp/hook/cmake_prefix_path.sh'
[25.565s] Level 1:colcon.colcon_core.environment:checking '/home/cjs/Health_Node/ros2_ws/install/pkg01_healthoper_cpp/lib'
[25.565s] Level 1:colcon.colcon_core.environment:checking '/home/cjs/Health_Node/ros2_ws/install/pkg01_healthoper_cpp/bin'
[25.565s] Level 1:colcon.colcon_core.environment:checking '/home/cjs/Health_Node/ros2_ws/install/pkg01_healthoper_cpp/lib/pkgconfig/pkg01_healthoper_cpp.pc'
[25.567s] Level 1:colcon.colcon_core.environment:checking '/home/cjs/Health_Node/ros2_ws/install/pkg01_healthoper_cpp/lib/python3.8/site-packages'
[25.567s] Level 1:colcon.colcon_core.environment:checking '/home/cjs/Health_Node/ros2_ws/install/pkg01_healthoper_cpp/bin'
[25.567s] INFO:colcon.colcon_core.shell:Creating package script '/home/cjs/Health_Node/ros2_ws/install/pkg01_healthoper_cpp/share/pkg01_healthoper_cpp/package.ps1'
[25.569s] INFO:colcon.colcon_core.shell:Creating package descriptor '/home/cjs/Health_Node/ros2_ws/install/pkg01_healthoper_cpp/share/pkg01_healthoper_cpp/package.dsv'
[25.574s] INFO:colcon.colcon_core.shell:Creating package script '/home/cjs/Health_Node/ros2_ws/install/pkg01_healthoper_cpp/share/pkg01_healthoper_cpp/package.sh'
[25.577s] INFO:colcon.colcon_core.shell:Creating package script '/home/cjs/Health_Node/ros2_ws/install/pkg01_healthoper_cpp/share/pkg01_healthoper_cpp/package.bash'
[25.579s] INFO:colcon.colcon_core.shell:Creating package script '/home/cjs/Health_Node/ros2_ws/install/pkg01_healthoper_cpp/share/pkg01_healthoper_cpp/package.zsh'
[25.580s] Level 1:colcon.colcon_core.environment:create_file_with_runtime_dependencies(/home/cjs/Health_Node/ros2_ws/install/pkg01_healthoper_cpp/share/colcon-core/packages/pkg01_healthoper_cpp)
[25.583s] DEBUG:colcon.colcon_parallel_executor.executor.parallel:closing loop
[25.583s] DEBUG:colcon.colcon_parallel_executor.executor.parallel:loop closed
[25.583s] DEBUG:colcon.colcon_parallel_executor.executor.parallel:run_until_complete finished with '2'
[25.584s] DEBUG:colcon.colcon_core.event_reactor:joining thread
[25.605s] INFO:colcon.colcon_core.plugin_system:Skipping extension 'colcon_notification.desktop_notification.terminal_notifier': Not used on non-Darwin systems
[25.605s] INFO:colcon.colcon_core.plugin_system:Skipping extension 'colcon_notification.desktop_notification.win32': Not used on non-Windows systems
[25.605s] INFO:colcon.colcon_notification.desktop_notification:Sending desktop notification using 'notify2'
[25.648s] DEBUG:colcon.colcon_core.event_reactor:joined thread
[25.649s] INFO:colcon.colcon_core.shell:Creating prefix script '/home/cjs/Health_Node/ros2_ws/install/local_setup.ps1'
[25.651s] INFO:colcon.colcon_core.shell:Creating prefix util module '/home/cjs/Health_Node/ros2_ws/install/_local_setup_util_ps1.py'
[25.653s] INFO:colcon.colcon_core.shell:Creating prefix chain script '/home/cjs/Health_Node/ros2_ws/install/setup.ps1'
[25.656s] INFO:colcon.colcon_core.shell:Creating prefix script '/home/cjs/Health_Node/ros2_ws/install/local_setup.sh'
[25.659s] INFO:colcon.colcon_core.shell:Creating prefix util module '/home/cjs/Health_Node/ros2_ws/install/_local_setup_util_sh.py'
[25.660s] INFO:colcon.colcon_core.shell:Creating prefix chain script '/home/cjs/Health_Node/ros2_ws/install/setup.sh'
[25.664s] INFO:colcon.colcon_core.shell:Creating prefix script '/home/cjs/Health_Node/ros2_ws/install/local_setup.bash'
[25.665s] INFO:colcon.colcon_core.shell:Creating prefix chain script '/home/cjs/Health_Node/ros2_ws/install/setup.bash'
[25.670s] INFO:colcon.colcon_core.shell:Creating prefix script '/home/cjs/Health_Node/ros2_ws/install/local_setup.zsh'
[25.671s] INFO:colcon.colcon_core.shell:Creating prefix chain script '/home/cjs/Health_Node/ros2_ws/install/setup.zsh'
