[0.017s] Invoking command in '/home/cjs/Health_Node/ros2_ws/build/base_interfaces_demo': CMAKE_PREFIX_PATH=${CMAKE_PREFIX_PATH}:/opt/ros/foxy /usr/bin/cmake --build /home/cjs/Health_Node/ros2_ws/build/base_interfaces_demo -- -j4 -l4
[0.122s] [  0%] Built target base_interfaces_demo__cpp
[0.126s] [ 12%] Built target base_interfaces_demo__rosidl_generator_c
[0.182s] [ 24%] Built target base_interfaces_demo__rosidl_typesupport_cpp
[0.185s] [ 36%] Built target base_interfaces_demo__rosidl_typesupport_introspection_c
[0.185s] [ 48%] Built target base_interfaces_demo__rosidl_typesupport_introspection_cpp
[0.200s] [ 60%] Built target base_interfaces_demo__rosidl_typesupport_fastrtps_cpp
[0.231s] [ 72%] Built target base_interfaces_demo__rosidl_typesupport_c
[0.246s] [ 84%] Built target base_interfaces_demo__rosidl_typesupport_fastrtps_c
[0.282s] [ 84%] Built target base_interfaces_demo
[0.321s] [ 85%] Built target base_interfaces_demo__py
[0.371s] [ 96%] Built target base_interfaces_demo__python
[0.413s] [ 97%] Built target base_interfaces_demo__rosidl_typesupport_fastrtps_c__pyext
[0.423s] [ 98%] Built target base_interfaces_demo__rosidl_typesupport_c__pyext
[0.433s] [100%] Built target base_interfaces_demo__rosidl_typesupport_introspection_c__pyext
[0.461s] Invoked command in '/home/cjs/Health_Node/ros2_ws/build/base_interfaces_demo' returned '0': CMAKE_PREFIX_PATH=${CMAKE_PREFIX_PATH}:/opt/ros/foxy /usr/bin/cmake --build /home/cjs/Health_Node/ros2_ws/build/base_interfaces_demo -- -j4 -l4
[1.343s] Invoking command in '/home/cjs/Health_Node/ros2_ws/build/base_interfaces_demo': CMAKE_PREFIX_PATH=${CMAKE_PREFIX_PATH}:/opt/ros/foxy /usr/bin/cmake --install /home/cjs/Health_Node/ros2_ws/build/base_interfaces_demo
[1.358s] -- Install configuration: ""
[1.358s] -- Up-to-date: /home/cjs/Health_Node/ros2_ws/install/base_interfaces_demo/share/ament_index/resource_index/rosidl_interfaces/base_interfaces_demo
[1.358s] -- Up-to-date: /home/cjs/Health_Node/ros2_ws/install/base_interfaces_demo/include/base_interfaces_demo
[1.358s] -- Up-to-date: /home/cjs/Health_Node/ros2_ws/install/base_interfaces_demo/include/base_interfaces_demo/msg
[1.358s] -- Up-to-date: /home/cjs/Health_Node/ros2_ws/install/base_interfaces_demo/include/base_interfaces_demo/msg/bms_info.h
[1.359s] -- Up-to-date: /home/cjs/Health_Node/ros2_ws/install/base_interfaces_demo/include/base_interfaces_demo/msg/pub_sub_info.h
[1.359s] -- Up-to-date: /home/cjs/Health_Node/ros2_ws/install/base_interfaces_demo/include/base_interfaces_demo/msg/device_id.h
[1.359s] -- Up-to-date: /home/cjs/Health_Node/ros2_ws/install/base_interfaces_demo/include/base_interfaces_demo/msg/manual_seek_label.h
[1.360s] -- Up-to-date: /home/cjs/Health_Node/ros2_ws/install/base_interfaces_demo/include/base_interfaces_demo/msg/device_info.h
[1.360s] -- Up-to-date: /home/cjs/Health_Node/ros2_ws/install/base_interfaces_demo/include/base_interfaces_demo/msg/rosidl_generator_c__visibility_control.h
[1.360s] -- Up-to-date: /home/cjs/Health_Node/ros2_ws/install/base_interfaces_demo/include/base_interfaces_demo/msg/detail
[1.361s] -- Up-to-date: /home/cjs/Health_Node/ros2_ws/install/base_interfaces_demo/include/base_interfaces_demo/msg/detail/motor_status__functions.c
[1.361s] -- Up-to-date: /home/cjs/Health_Node/ros2_ws/install/base_interfaces_demo/include/base_interfaces_demo/msg/detail/core_info__functions.c
[1.361s] -- Up-to-date: /home/cjs/Health_Node/ros2_ws/install/base_interfaces_demo/include/base_interfaces_demo/msg/detail/bms_info__type_support.h
[1.361s] -- Up-to-date: /home/cjs/Health_Node/ros2_ws/install/base_interfaces_demo/include/base_interfaces_demo/msg/detail/seek_ret__type_support.h
[1.361s] -- Up-to-date: /home/cjs/Health_Node/ros2_ws/install/base_interfaces_demo/include/base_interfaces_demo/msg/detail/color_info__functions.c
[1.362s] -- Up-to-date: /home/cjs/Health_Node/ros2_ws/install/base_interfaces_demo/include/base_interfaces_demo/msg/detail/pallet_info__functions.h
[1.362s] -- Up-to-date: /home/cjs/Health_Node/ros2_ws/install/base_interfaces_demo/include/base_interfaces_demo/msg/detail/obs_laser__type_support.h
[1.362s] -- Up-to-date: /home/cjs/Health_Node/ros2_ws/install/base_interfaces_demo/include/base_interfaces_demo/msg/detail/manual__struct.h
[1.362s] -- Up-to-date: /home/cjs/Health_Node/ros2_ws/install/base_interfaces_demo/include/base_interfaces_demo/msg/detail/file_updata__struct.h
[1.363s] -- Up-to-date: /home/cjs/Health_Node/ros2_ws/install/base_interfaces_demo/include/base_interfaces_demo/msg/detail/pub_sub_info__struct.h
[1.363s] -- Up-to-date: /home/cjs/Health_Node/ros2_ws/install/base_interfaces_demo/include/base_interfaces_demo/msg/detail/motor_status__struct.h
[1.363s] -- Up-to-date: /home/cjs/Health_Node/ros2_ws/install/base_interfaces_demo/include/base_interfaces_demo/msg/detail/manual_seek_label__struct.h
[1.363s] -- Up-to-date: /home/cjs/Health_Node/ros2_ws/install/base_interfaces_demo/include/base_interfaces_demo/msg/detail/motor_status__type_support.h
[1.364s] -- Up-to-date: /home/cjs/Health_Node/ros2_ws/install/base_interfaces_demo/include/base_interfaces_demo/msg/detail/health_node__functions.c
[1.364s] -- Up-to-date: /home/cjs/Health_Node/ros2_ws/install/base_interfaces_demo/include/base_interfaces_demo/msg/detail/core_info__struct.h
[1.364s] -- Up-to-date: /home/cjs/Health_Node/ros2_ws/install/base_interfaces_demo/include/base_interfaces_demo/msg/detail/charger_info__functions.h
[1.365s] -- Up-to-date: /home/cjs/Health_Node/ros2_ws/install/base_interfaces_demo/include/base_interfaces_demo/msg/detail/core_info__type_support.h
[1.365s] -- Up-to-date: /home/cjs/Health_Node/ros2_ws/install/base_interfaces_demo/include/base_interfaces_demo/msg/detail/device_id__functions.c
[1.365s] -- Up-to-date: /home/cjs/Health_Node/ros2_ws/install/base_interfaces_demo/include/base_interfaces_demo/msg/detail/health_node__struct.h
[1.365s] -- Up-to-date: /home/cjs/Health_Node/ros2_ws/install/base_interfaces_demo/include/base_interfaces_demo/msg/detail/pub_sub_info__type_support.h
[1.366s] -- Up-to-date: /home/cjs/Health_Node/ros2_ws/install/base_interfaces_demo/include/base_interfaces_demo/msg/detail/motor_status__functions.h
[1.366s] -- Up-to-date: /home/cjs/Health_Node/ros2_ws/install/base_interfaces_demo/include/base_interfaces_demo/msg/detail/manual__functions.h
[1.366s] -- Up-to-date: /home/cjs/Health_Node/ros2_ws/install/base_interfaces_demo/include/base_interfaces_demo/msg/detail/hall_info__functions.h
[1.366s] -- Up-to-date: /home/cjs/Health_Node/ros2_ws/install/base_interfaces_demo/include/base_interfaces_demo/msg/detail/manual__functions.c
[1.367s] -- Up-to-date: /home/cjs/Health_Node/ros2_ws/install/base_interfaces_demo/include/base_interfaces_demo/msg/detail/file_updata__functions.c
[1.367s] -- Up-to-date: /home/cjs/Health_Node/ros2_ws/install/base_interfaces_demo/include/base_interfaces_demo/msg/detail/manual_seek_label__type_support.h
[1.367s] -- Up-to-date: /home/cjs/Health_Node/ros2_ws/install/base_interfaces_demo/include/base_interfaces_demo/msg/detail/pallet_info__type_support.h
[1.367s] -- Up-to-date: /home/cjs/Health_Node/ros2_ws/install/base_interfaces_demo/include/base_interfaces_demo/msg/detail/color_info__functions.h
[1.367s] -- Up-to-date: /home/cjs/Health_Node/ros2_ws/install/base_interfaces_demo/include/base_interfaces_demo/msg/detail/health_node__functions.h
[1.368s] -- Up-to-date: /home/cjs/Health_Node/ros2_ws/install/base_interfaces_demo/include/base_interfaces_demo/msg/detail/device_id__functions.h
[1.368s] -- Up-to-date: /home/cjs/Health_Node/ros2_ws/install/base_interfaces_demo/include/base_interfaces_demo/msg/detail/manual_seek_label__functions.c
[1.368s] -- Up-to-date: /home/cjs/Health_Node/ros2_ws/install/base_interfaces_demo/include/base_interfaces_demo/msg/detail/bms_info__functions.h
[1.368s] -- Up-to-date: /home/cjs/Health_Node/ros2_ws/install/base_interfaces_demo/include/base_interfaces_demo/msg/detail/system_status__functions.h
[1.368s] -- Up-to-date: /home/cjs/Health_Node/ros2_ws/install/base_interfaces_demo/include/base_interfaces_demo/msg/detail/location__functions.c
[1.369s] -- Up-to-date: /home/cjs/Health_Node/ros2_ws/install/base_interfaces_demo/include/base_interfaces_demo/msg/detail/system_status__functions.c
[1.369s] -- Up-to-date: /home/cjs/Health_Node/ros2_ws/install/base_interfaces_demo/include/base_interfaces_demo/msg/detail/device_id__type_support.h
[1.369s] -- Up-to-date: /home/cjs/Health_Node/ros2_ws/install/base_interfaces_demo/include/base_interfaces_demo/msg/detail/location__struct.h
[1.369s] -- Up-to-date: /home/cjs/Health_Node/ros2_ws/install/base_interfaces_demo/include/base_interfaces_demo/msg/detail/hall_info__functions.c
[1.369s] -- Up-to-date: /home/cjs/Health_Node/ros2_ws/install/base_interfaces_demo/include/base_interfaces_demo/msg/detail/core_info__functions.h
[1.369s] -- Up-to-date: /home/cjs/Health_Node/ros2_ws/install/base_interfaces_demo/include/base_interfaces_demo/msg/detail/file_updata__functions.h
[1.369s] -- Up-to-date: /home/cjs/Health_Node/ros2_ws/install/base_interfaces_demo/include/base_interfaces_demo/msg/detail/pallet_info__struct.h
[1.370s] -- Up-to-date: /home/cjs/Health_Node/ros2_ws/install/base_interfaces_demo/include/base_interfaces_demo/msg/detail/seek_ret__functions.h
[1.370s] -- Up-to-date: /home/cjs/Health_Node/ros2_ws/install/base_interfaces_demo/include/base_interfaces_demo/msg/detail/color_info__struct.h
[1.370s] -- Up-to-date: /home/cjs/Health_Node/ros2_ws/install/base_interfaces_demo/include/base_interfaces_demo/msg/detail/charger_info__functions.c
[1.370s] -- Up-to-date: /home/cjs/Health_Node/ros2_ws/install/base_interfaces_demo/include/base_interfaces_demo/msg/detail/pub_sub_info__functions.c
[1.370s] -- Up-to-date: /home/cjs/Health_Node/ros2_ws/install/base_interfaces_demo/include/base_interfaces_demo/msg/detail/obs_laser__functions.h
[1.371s] -- Up-to-date: /home/cjs/Health_Node/ros2_ws/install/base_interfaces_demo/include/base_interfaces_demo/msg/detail/device_info__functions.c
[1.371s] -- Up-to-date: /home/cjs/Health_Node/ros2_ws/install/base_interfaces_demo/include/base_interfaces_demo/msg/detail/manual__type_support.h
[1.371s] -- Up-to-date: /home/cjs/Health_Node/ros2_ws/install/base_interfaces_demo/include/base_interfaces_demo/msg/detail/system_status__type_support.h
[1.371s] -- Up-to-date: /home/cjs/Health_Node/ros2_ws/install/base_interfaces_demo/include/base_interfaces_demo/msg/detail/seek_ret__functions.c
[1.371s] -- Up-to-date: /home/cjs/Health_Node/ros2_ws/install/base_interfaces_demo/include/base_interfaces_demo/msg/detail/hall_info__type_support.h
[1.372s] -- Up-to-date: /home/cjs/Health_Node/ros2_ws/install/base_interfaces_demo/include/base_interfaces_demo/msg/detail/obs_laser__struct.h
[1.372s] -- Up-to-date: /home/cjs/Health_Node/ros2_ws/install/base_interfaces_demo/include/base_interfaces_demo/msg/detail/pub_sub_info__functions.h
[1.372s] -- Up-to-date: /home/cjs/Health_Node/ros2_ws/install/base_interfaces_demo/include/base_interfaces_demo/msg/detail/device_info__type_support.h
[1.372s] -- Up-to-date: /home/cjs/Health_Node/ros2_ws/install/base_interfaces_demo/include/base_interfaces_demo/msg/detail/location__type_support.h
[1.372s] -- Up-to-date: /home/cjs/Health_Node/ros2_ws/install/base_interfaces_demo/include/base_interfaces_demo/msg/detail/health_node__type_support.h
[1.372s] -- Up-to-date: /home/cjs/Health_Node/ros2_ws/install/base_interfaces_demo/include/base_interfaces_demo/msg/detail/seek_ret__struct.h
[1.373s] -- Up-to-date: /home/cjs/Health_Node/ros2_ws/install/base_interfaces_demo/include/base_interfaces_demo/msg/detail/device_info__functions.h
[1.373s] -- Up-to-date: /home/cjs/Health_Node/ros2_ws/install/base_interfaces_demo/include/base_interfaces_demo/msg/detail/hall_info__struct.h
[1.373s] -- Up-to-date: /home/cjs/Health_Node/ros2_ws/install/base_interfaces_demo/include/base_interfaces_demo/msg/detail/bms_info__struct.h
[1.373s] -- Up-to-date: /home/cjs/Health_Node/ros2_ws/install/base_interfaces_demo/include/base_interfaces_demo/msg/detail/pallet_info__functions.c
[1.373s] -- Up-to-date: /home/cjs/Health_Node/ros2_ws/install/base_interfaces_demo/include/base_interfaces_demo/msg/detail/charger_info__struct.h
[1.374s] -- Up-to-date: /home/cjs/Health_Node/ros2_ws/install/base_interfaces_demo/include/base_interfaces_demo/msg/detail/charger_info__type_support.h
[1.374s] -- Up-to-date: /home/cjs/Health_Node/ros2_ws/install/base_interfaces_demo/include/base_interfaces_demo/msg/detail/bms_info__functions.c
[1.374s] -- Up-to-date: /home/cjs/Health_Node/ros2_ws/install/base_interfaces_demo/include/base_interfaces_demo/msg/detail/location__functions.h
[1.374s] -- Up-to-date: /home/cjs/Health_Node/ros2_ws/install/base_interfaces_demo/include/base_interfaces_demo/msg/detail/manual_seek_label__functions.h
[1.374s] -- Up-to-date: /home/cjs/Health_Node/ros2_ws/install/base_interfaces_demo/include/base_interfaces_demo/msg/detail/device_info__struct.h
[1.374s] -- Up-to-date: /home/cjs/Health_Node/ros2_ws/install/base_interfaces_demo/include/base_interfaces_demo/msg/detail/system_status__struct.h
[1.374s] -- Up-to-date: /home/cjs/Health_Node/ros2_ws/install/base_interfaces_demo/include/base_interfaces_demo/msg/detail/obs_laser__functions.c
[1.375s] -- Up-to-date: /home/cjs/Health_Node/ros2_ws/install/base_interfaces_demo/include/base_interfaces_demo/msg/detail/device_id__struct.h
[1.375s] -- Up-to-date: /home/cjs/Health_Node/ros2_ws/install/base_interfaces_demo/include/base_interfaces_demo/msg/detail/color_info__type_support.h
[1.375s] -- Up-to-date: /home/cjs/Health_Node/ros2_ws/install/base_interfaces_demo/include/base_interfaces_demo/msg/detail/file_updata__type_support.h
[1.375s] -- Up-to-date: /home/cjs/Health_Node/ros2_ws/install/base_interfaces_demo/include/base_interfaces_demo/msg/pallet_info.h
[1.375s] -- Up-to-date: /home/cjs/Health_Node/ros2_ws/install/base_interfaces_demo/include/base_interfaces_demo/msg/motor_status.h
[1.376s] -- Up-to-date: /home/cjs/Health_Node/ros2_ws/install/base_interfaces_demo/include/base_interfaces_demo/msg/location.h
[1.376s] -- Up-to-date: /home/cjs/Health_Node/ros2_ws/install/base_interfaces_demo/include/base_interfaces_demo/msg/charger_info.h
[1.376s] -- Up-to-date: /home/cjs/Health_Node/ros2_ws/install/base_interfaces_demo/include/base_interfaces_demo/msg/core_info.h
[1.377s] -- Up-to-date: /home/cjs/Health_Node/ros2_ws/install/base_interfaces_demo/include/base_interfaces_demo/msg/color_info.h
[1.377s] -- Up-to-date: /home/cjs/Health_Node/ros2_ws/install/base_interfaces_demo/include/base_interfaces_demo/msg/obs_laser.h
[1.377s] -- Up-to-date: /home/cjs/Health_Node/ros2_ws/install/base_interfaces_demo/include/base_interfaces_demo/msg/hall_info.h
[1.377s] -- Up-to-date: /home/cjs/Health_Node/ros2_ws/install/base_interfaces_demo/include/base_interfaces_demo/msg/health_node.h
[1.377s] -- Up-to-date: /home/cjs/Health_Node/ros2_ws/install/base_interfaces_demo/include/base_interfaces_demo/msg/system_status.h
[1.378s] -- Up-to-date: /home/cjs/Health_Node/ros2_ws/install/base_interfaces_demo/include/base_interfaces_demo/msg/manual.h
[1.378s] -- Up-to-date: /home/cjs/Health_Node/ros2_ws/install/base_interfaces_demo/include/base_interfaces_demo/msg/seek_ret.h
[1.378s] -- Up-to-date: /home/cjs/Health_Node/ros2_ws/install/base_interfaces_demo/include/base_interfaces_demo/msg/file_updata.h
[1.378s] -- Up-to-date: /home/cjs/Health_Node/ros2_ws/install/base_interfaces_demo/share/base_interfaces_demo/environment/library_path.sh
[1.379s] -- Up-to-date: /home/cjs/Health_Node/ros2_ws/install/base_interfaces_demo/share/base_interfaces_demo/environment/library_path.dsv
[1.379s] -- Up-to-date: /home/cjs/Health_Node/ros2_ws/install/base_interfaces_demo/lib/libbase_interfaces_demo__rosidl_generator_c.so
[1.380s] -- Up-to-date: /home/cjs/Health_Node/ros2_ws/install/base_interfaces_demo/include/base_interfaces_demo
[1.380s] -- Up-to-date: /home/cjs/Health_Node/ros2_ws/install/base_interfaces_demo/include/base_interfaces_demo/msg
[1.380s] -- Up-to-date: /home/cjs/Health_Node/ros2_ws/install/base_interfaces_demo/include/base_interfaces_demo/msg/detail
[1.381s] -- Up-to-date: /home/cjs/Health_Node/ros2_ws/install/base_interfaces_demo/include/base_interfaces_demo/msg/detail/hall_info__rosidl_typesupport_fastrtps_c.h
[1.381s] -- Up-to-date: /home/cjs/Health_Node/ros2_ws/install/base_interfaces_demo/include/base_interfaces_demo/msg/detail/manual__rosidl_typesupport_fastrtps_c.h
[1.381s] -- Up-to-date: /home/cjs/Health_Node/ros2_ws/install/base_interfaces_demo/include/base_interfaces_demo/msg/detail/manual_seek_label__rosidl_typesupport_fastrtps_c.h
[1.382s] -- Up-to-date: /home/cjs/Health_Node/ros2_ws/install/base_interfaces_demo/include/base_interfaces_demo/msg/detail/location__rosidl_typesupport_fastrtps_c.h
[1.382s] -- Up-to-date: /home/cjs/Health_Node/ros2_ws/install/base_interfaces_demo/include/base_interfaces_demo/msg/detail/bms_info__rosidl_typesupport_fastrtps_c.h
[1.382s] -- Up-to-date: /home/cjs/Health_Node/ros2_ws/install/base_interfaces_demo/include/base_interfaces_demo/msg/detail/health_node__rosidl_typesupport_fastrtps_c.h
[1.382s] -- Up-to-date: /home/cjs/Health_Node/ros2_ws/install/base_interfaces_demo/include/base_interfaces_demo/msg/detail/color_info__rosidl_typesupport_fastrtps_c.h
[1.382s] -- Up-to-date: /home/cjs/Health_Node/ros2_ws/install/base_interfaces_demo/include/base_interfaces_demo/msg/detail/device_id__rosidl_typesupport_fastrtps_c.h
[1.383s] -- Up-to-date: /home/cjs/Health_Node/ros2_ws/install/base_interfaces_demo/include/base_interfaces_demo/msg/detail/device_info__rosidl_typesupport_fastrtps_c.h
[1.383s] -- Up-to-date: /home/cjs/Health_Node/ros2_ws/install/base_interfaces_demo/include/base_interfaces_demo/msg/detail/core_info__rosidl_typesupport_fastrtps_c.h
[1.383s] -- Up-to-date: /home/cjs/Health_Node/ros2_ws/install/base_interfaces_demo/include/base_interfaces_demo/msg/detail/pub_sub_info__rosidl_typesupport_fastrtps_c.h
[1.383s] -- Up-to-date: /home/cjs/Health_Node/ros2_ws/install/base_interfaces_demo/include/base_interfaces_demo/msg/detail/pallet_info__rosidl_typesupport_fastrtps_c.h
[1.383s] -- Up-to-date: /home/cjs/Health_Node/ros2_ws/install/base_interfaces_demo/include/base_interfaces_demo/msg/detail/seek_ret__rosidl_typesupport_fastrtps_c.h
[1.383s] -- Up-to-date: /home/cjs/Health_Node/ros2_ws/install/base_interfaces_demo/include/base_interfaces_demo/msg/detail/charger_info__rosidl_typesupport_fastrtps_c.h
[1.383s] -- Up-to-date: /home/cjs/Health_Node/ros2_ws/install/base_interfaces_demo/include/base_interfaces_demo/msg/detail/system_status__rosidl_typesupport_fastrtps_c.h
[1.384s] -- Up-to-date: /home/cjs/Health_Node/ros2_ws/install/base_interfaces_demo/include/base_interfaces_demo/msg/detail/file_updata__rosidl_typesupport_fastrtps_c.h
[1.384s] -- Up-to-date: /home/cjs/Health_Node/ros2_ws/install/base_interfaces_demo/include/base_interfaces_demo/msg/detail/obs_laser__rosidl_typesupport_fastrtps_c.h
[1.384s] -- Up-to-date: /home/cjs/Health_Node/ros2_ws/install/base_interfaces_demo/include/base_interfaces_demo/msg/detail/motor_status__rosidl_typesupport_fastrtps_c.h
[1.384s] -- Up-to-date: /home/cjs/Health_Node/ros2_ws/install/base_interfaces_demo/include/base_interfaces_demo/msg/rosidl_typesupport_fastrtps_c__visibility_control.h
[1.385s] -- Up-to-date: /home/cjs/Health_Node/ros2_ws/install/base_interfaces_demo/lib/libbase_interfaces_demo__rosidl_typesupport_fastrtps_c.so
[1.385s] -- Up-to-date: /home/cjs/Health_Node/ros2_ws/install/base_interfaces_demo/include/base_interfaces_demo
[1.385s] -- Up-to-date: /home/cjs/Health_Node/ros2_ws/install/base_interfaces_demo/include/base_interfaces_demo/msg
[1.385s] -- Up-to-date: /home/cjs/Health_Node/ros2_ws/install/base_interfaces_demo/include/base_interfaces_demo/msg/detail
[1.385s] -- Up-to-date: /home/cjs/Health_Node/ros2_ws/install/base_interfaces_demo/include/base_interfaces_demo/msg/detail/hall_info__rosidl_typesupport_fastrtps_cpp.hpp
[1.386s] -- Up-to-date: /home/cjs/Health_Node/ros2_ws/install/base_interfaces_demo/include/base_interfaces_demo/msg/detail/pallet_info__rosidl_typesupport_fastrtps_cpp.hpp
[1.386s] -- Up-to-date: /home/cjs/Health_Node/ros2_ws/install/base_interfaces_demo/include/base_interfaces_demo/msg/detail/pub_sub_info__rosidl_typesupport_fastrtps_cpp.hpp
[1.386s] -- Up-to-date: /home/cjs/Health_Node/ros2_ws/install/base_interfaces_demo/include/base_interfaces_demo/msg/detail/manual__rosidl_typesupport_fastrtps_cpp.hpp
[1.386s] -- Up-to-date: /home/cjs/Health_Node/ros2_ws/install/base_interfaces_demo/include/base_interfaces_demo/msg/detail/device_id__rosidl_typesupport_fastrtps_cpp.hpp
[1.386s] -- Up-to-date: /home/cjs/Health_Node/ros2_ws/install/base_interfaces_demo/include/base_interfaces_demo/msg/detail/manual_seek_label__rosidl_typesupport_fastrtps_cpp.hpp
[1.386s] -- Up-to-date: /home/cjs/Health_Node/ros2_ws/install/base_interfaces_demo/include/base_interfaces_demo/msg/detail/file_updata__rosidl_typesupport_fastrtps_cpp.hpp
[1.387s] -- Up-to-date: /home/cjs/Health_Node/ros2_ws/install/base_interfaces_demo/include/base_interfaces_demo/msg/detail/seek_ret__rosidl_typesupport_fastrtps_cpp.hpp
[1.387s] -- Up-to-date: /home/cjs/Health_Node/ros2_ws/install/base_interfaces_demo/include/base_interfaces_demo/msg/detail/color_info__rosidl_typesupport_fastrtps_cpp.hpp
[1.387s] -- Up-to-date: /home/cjs/Health_Node/ros2_ws/install/base_interfaces_demo/include/base_interfaces_demo/msg/detail/location__rosidl_typesupport_fastrtps_cpp.hpp
[1.387s] -- Up-to-date: /home/cjs/Health_Node/ros2_ws/install/base_interfaces_demo/include/base_interfaces_demo/msg/detail/dds_fastrtps
[1.387s] -- Up-to-date: /home/cjs/Health_Node/ros2_ws/install/base_interfaces_demo/include/base_interfaces_demo/msg/detail/device_info__rosidl_typesupport_fastrtps_cpp.hpp
[1.388s] -- Up-to-date: /home/cjs/Health_Node/ros2_ws/install/base_interfaces_demo/include/base_interfaces_demo/msg/detail/core_info__rosidl_typesupport_fastrtps_cpp.hpp
[1.388s] -- Up-to-date: /home/cjs/Health_Node/ros2_ws/install/base_interfaces_demo/include/base_interfaces_demo/msg/detail/bms_info__rosidl_typesupport_fastrtps_cpp.hpp
[1.388s] -- Up-to-date: /home/cjs/Health_Node/ros2_ws/install/base_interfaces_demo/include/base_interfaces_demo/msg/detail/charger_info__rosidl_typesupport_fastrtps_cpp.hpp
[1.390s] -- Up-to-date: /home/cjs/Health_Node/ros2_ws/install/base_interfaces_demo/include/base_interfaces_demo/msg/detail/system_status__rosidl_typesupport_fastrtps_cpp.hpp
[1.390s] -- Up-to-date: /home/cjs/Health_Node/ros2_ws/install/base_interfaces_demo/include/base_interfaces_demo/msg/detail/motor_status__rosidl_typesupport_fastrtps_cpp.hpp
[1.390s] -- Up-to-date: /home/cjs/Health_Node/ros2_ws/install/base_interfaces_demo/include/base_interfaces_demo/msg/detail/health_node__rosidl_typesupport_fastrtps_cpp.hpp
[1.390s] -- Up-to-date: /home/cjs/Health_Node/ros2_ws/install/base_interfaces_demo/include/base_interfaces_demo/msg/detail/obs_laser__rosidl_typesupport_fastrtps_cpp.hpp
[1.390s] -- Up-to-date: /home/cjs/Health_Node/ros2_ws/install/base_interfaces_demo/include/base_interfaces_demo/msg/rosidl_typesupport_fastrtps_cpp__visibility_control.h
[1.390s] -- Up-to-date: /home/cjs/Health_Node/ros2_ws/install/base_interfaces_demo/lib/libbase_interfaces_demo__rosidl_typesupport_fastrtps_cpp.so
[1.390s] -- Up-to-date: /home/cjs/Health_Node/ros2_ws/install/base_interfaces_demo/include/base_interfaces_demo
[1.390s] -- Up-to-date: /home/cjs/Health_Node/ros2_ws/install/base_interfaces_demo/include/base_interfaces_demo/msg
[1.390s] -- Up-to-date: /home/cjs/Health_Node/ros2_ws/install/base_interfaces_demo/include/base_interfaces_demo/msg/detail
[1.390s] -- Up-to-date: /home/cjs/Health_Node/ros2_ws/install/base_interfaces_demo/include/base_interfaces_demo/msg/detail/motor_status__type_support.c
[1.390s] -- Up-to-date: /home/cjs/Health_Node/ros2_ws/install/base_interfaces_demo/include/base_interfaces_demo/msg/detail/core_info__rosidl_typesupport_introspection_c.h
[1.390s] -- Up-to-date: /home/cjs/Health_Node/ros2_ws/install/base_interfaces_demo/include/base_interfaces_demo/msg/detail/manual__type_support.c
[1.390s] -- Up-to-date: /home/cjs/Health_Node/ros2_ws/install/base_interfaces_demo/include/base_interfaces_demo/msg/detail/motor_status__rosidl_typesupport_introspection_c.h
[1.390s] -- Up-to-date: /home/cjs/Health_Node/ros2_ws/install/base_interfaces_demo/include/base_interfaces_demo/msg/detail/bms_info__rosidl_typesupport_introspection_c.h
[1.391s] -- Up-to-date: /home/cjs/Health_Node/ros2_ws/install/base_interfaces_demo/include/base_interfaces_demo/msg/detail/hall_info__rosidl_typesupport_introspection_c.h
[1.391s] -- Up-to-date: /home/cjs/Health_Node/ros2_ws/install/base_interfaces_demo/include/base_interfaces_demo/msg/detail/system_status__type_support.c
[1.391s] -- Up-to-date: /home/cjs/Health_Node/ros2_ws/install/base_interfaces_demo/include/base_interfaces_demo/msg/detail/obs_laser__rosidl_typesupport_introspection_c.h
[1.391s] -- Up-to-date: /home/cjs/Health_Node/ros2_ws/install/base_interfaces_demo/include/base_interfaces_demo/msg/detail/location__type_support.c
[1.391s] -- Up-to-date: /home/cjs/Health_Node/ros2_ws/install/base_interfaces_demo/include/base_interfaces_demo/msg/detail/pallet_info__rosidl_typesupport_introspection_c.h
[1.391s] -- Up-to-date: /home/cjs/Health_Node/ros2_ws/install/base_interfaces_demo/include/base_interfaces_demo/msg/detail/charger_info__type_support.c
[1.391s] -- Up-to-date: /home/cjs/Health_Node/ros2_ws/install/base_interfaces_demo/include/base_interfaces_demo/msg/detail/system_status__rosidl_typesupport_introspection_c.h
[1.391s] -- Up-to-date: /home/cjs/Health_Node/ros2_ws/install/base_interfaces_demo/include/base_interfaces_demo/msg/detail/pub_sub_info__rosidl_typesupport_introspection_c.h
[1.391s] -- Up-to-date: /home/cjs/Health_Node/ros2_ws/install/base_interfaces_demo/include/base_interfaces_demo/msg/detail/seek_ret__type_support.c
[1.391s] -- Up-to-date: /home/cjs/Health_Node/ros2_ws/install/base_interfaces_demo/include/base_interfaces_demo/msg/detail/color_info__type_support.c
[1.391s] -- Up-to-date: /home/cjs/Health_Node/ros2_ws/install/base_interfaces_demo/include/base_interfaces_demo/msg/detail/bms_info__type_support.c
[1.391s] -- Up-to-date: /home/cjs/Health_Node/ros2_ws/install/base_interfaces_demo/include/base_interfaces_demo/msg/detail/manual__rosidl_typesupport_introspection_c.h
[1.391s] -- Up-to-date: /home/cjs/Health_Node/ros2_ws/install/base_interfaces_demo/include/base_interfaces_demo/msg/detail/charger_info__rosidl_typesupport_introspection_c.h
[1.391s] -- Up-to-date: /home/cjs/Health_Node/ros2_ws/install/base_interfaces_demo/include/base_interfaces_demo/msg/detail/hall_info__type_support.c
[1.391s] -- Up-to-date: /home/cjs/Health_Node/ros2_ws/install/base_interfaces_demo/include/base_interfaces_demo/msg/detail/device_info__type_support.c
[1.391s] -- Up-to-date: /home/cjs/Health_Node/ros2_ws/install/base_interfaces_demo/include/base_interfaces_demo/msg/detail/manual_seek_label__type_support.c
[1.391s] -- Up-to-date: /home/cjs/Health_Node/ros2_ws/install/base_interfaces_demo/include/base_interfaces_demo/msg/detail/manual_seek_label__rosidl_typesupport_introspection_c.h
[1.391s] -- Up-to-date: /home/cjs/Health_Node/ros2_ws/install/base_interfaces_demo/include/base_interfaces_demo/msg/detail/file_updata__type_support.c
[1.392s] -- Up-to-date: /home/cjs/Health_Node/ros2_ws/install/base_interfaces_demo/include/base_interfaces_demo/msg/detail/device_info__rosidl_typesupport_introspection_c.h
[1.392s] -- Up-to-date: /home/cjs/Health_Node/ros2_ws/install/base_interfaces_demo/include/base_interfaces_demo/msg/detail/pub_sub_info__type_support.c
[1.392s] -- Up-to-date: /home/cjs/Health_Node/ros2_ws/install/base_interfaces_demo/include/base_interfaces_demo/msg/detail/health_node__type_support.c
[1.392s] -- Up-to-date: /home/cjs/Health_Node/ros2_ws/install/base_interfaces_demo/include/base_interfaces_demo/msg/detail/obs_laser__type_support.c
[1.393s] -- Up-to-date: /home/cjs/Health_Node/ros2_ws/install/base_interfaces_demo/include/base_interfaces_demo/msg/detail/seek_ret__rosidl_typesupport_introspection_c.h
[1.393s] -- Up-to-date: /home/cjs/Health_Node/ros2_ws/install/base_interfaces_demo/include/base_interfaces_demo/msg/detail/core_info__type_support.c
[1.393s] -- Up-to-date: /home/cjs/Health_Node/ros2_ws/install/base_interfaces_demo/include/base_interfaces_demo/msg/detail/file_updata__rosidl_typesupport_introspection_c.h
[1.393s] -- Up-to-date: /home/cjs/Health_Node/ros2_ws/install/base_interfaces_demo/include/base_interfaces_demo/msg/detail/device_id__rosidl_typesupport_introspection_c.h
[1.393s] -- Up-to-date: /home/cjs/Health_Node/ros2_ws/install/base_interfaces_demo/include/base_interfaces_demo/msg/detail/device_id__type_support.c
[1.393s] -- Up-to-date: /home/cjs/Health_Node/ros2_ws/install/base_interfaces_demo/include/base_interfaces_demo/msg/detail/location__rosidl_typesupport_introspection_c.h
[1.394s] -- Up-to-date: /home/cjs/Health_Node/ros2_ws/install/base_interfaces_demo/include/base_interfaces_demo/msg/detail/pallet_info__type_support.c
[1.394s] -- Up-to-date: /home/cjs/Health_Node/ros2_ws/install/base_interfaces_demo/include/base_interfaces_demo/msg/detail/health_node__rosidl_typesupport_introspection_c.h
[1.394s] -- Up-to-date: /home/cjs/Health_Node/ros2_ws/install/base_interfaces_demo/include/base_interfaces_demo/msg/detail/color_info__rosidl_typesupport_introspection_c.h
[1.394s] -- Up-to-date: /home/cjs/Health_Node/ros2_ws/install/base_interfaces_demo/include/base_interfaces_demo/msg/rosidl_typesupport_introspection_c__visibility_control.h
[1.395s] -- Up-to-date: /home/cjs/Health_Node/ros2_ws/install/base_interfaces_demo/lib/libbase_interfaces_demo__rosidl_typesupport_introspection_c.so
[1.395s] -- Up-to-date: /home/cjs/Health_Node/ros2_ws/install/base_interfaces_demo/lib/libbase_interfaces_demo__rosidl_typesupport_c.so
[1.396s] -- Up-to-date: /home/cjs/Health_Node/ros2_ws/install/base_interfaces_demo/include/base_interfaces_demo
[1.396s] -- Up-to-date: /home/cjs/Health_Node/ros2_ws/install/base_interfaces_demo/include/base_interfaces_demo/msg
[1.396s] -- Up-to-date: /home/cjs/Health_Node/ros2_ws/install/base_interfaces_demo/include/base_interfaces_demo/msg/color_info.hpp
[1.396s] -- Up-to-date: /home/cjs/Health_Node/ros2_ws/install/base_interfaces_demo/include/base_interfaces_demo/msg/seek_ret.hpp
[1.397s] -- Up-to-date: /home/cjs/Health_Node/ros2_ws/install/base_interfaces_demo/include/base_interfaces_demo/msg/device_id.hpp
[1.398s] -- Up-to-date: /home/cjs/Health_Node/ros2_ws/install/base_interfaces_demo/include/base_interfaces_demo/msg/pallet_info.hpp
[1.398s] -- Up-to-date: /home/cjs/Health_Node/ros2_ws/install/base_interfaces_demo/include/base_interfaces_demo/msg/detail
[1.398s] -- Up-to-date: /home/cjs/Health_Node/ros2_ws/install/base_interfaces_demo/include/base_interfaces_demo/msg/detail/pallet_info__type_support.hpp
[1.398s] -- Up-to-date: /home/cjs/Health_Node/ros2_ws/install/base_interfaces_demo/include/base_interfaces_demo/msg/detail/manual__struct.hpp
[1.398s] -- Up-to-date: /home/cjs/Health_Node/ros2_ws/install/base_interfaces_demo/include/base_interfaces_demo/msg/detail/device_id__type_support.hpp
[1.399s] -- Up-to-date: /home/cjs/Health_Node/ros2_ws/install/base_interfaces_demo/include/base_interfaces_demo/msg/detail/obs_laser__builder.hpp
[1.399s] -- Up-to-date: /home/cjs/Health_Node/ros2_ws/install/base_interfaces_demo/include/base_interfaces_demo/msg/detail/charger_info__traits.hpp
[1.399s] -- Up-to-date: /home/cjs/Health_Node/ros2_ws/install/base_interfaces_demo/include/base_interfaces_demo/msg/detail/core_info__struct.hpp
[1.399s] -- Up-to-date: /home/cjs/Health_Node/ros2_ws/install/base_interfaces_demo/include/base_interfaces_demo/msg/detail/core_info__type_support.hpp
[1.399s] -- Up-to-date: /home/cjs/Health_Node/ros2_ws/install/base_interfaces_demo/include/base_interfaces_demo/msg/detail/system_status__traits.hpp
[1.399s] -- Up-to-date: /home/cjs/Health_Node/ros2_ws/install/base_interfaces_demo/include/base_interfaces_demo/msg/detail/seek_ret__type_support.hpp
[1.399s] -- Up-to-date: /home/cjs/Health_Node/ros2_ws/install/base_interfaces_demo/include/base_interfaces_demo/msg/detail/device_info__traits.hpp
[1.399s] -- Up-to-date: /home/cjs/Health_Node/ros2_ws/install/base_interfaces_demo/include/base_interfaces_demo/msg/detail/pub_sub_info__type_support.hpp
[1.399s] -- Up-to-date: /home/cjs/Health_Node/ros2_ws/install/base_interfaces_demo/include/base_interfaces_demo/msg/detail/system_status__struct.hpp
[1.399s] -- Up-to-date: /home/cjs/Health_Node/ros2_ws/install/base_interfaces_demo/include/base_interfaces_demo/msg/detail/pallet_info__builder.hpp
[1.399s] -- Up-to-date: /home/cjs/Health_Node/ros2_ws/install/base_interfaces_demo/include/base_interfaces_demo/msg/detail/seek_ret__traits.hpp
[1.399s] -- Up-to-date: /home/cjs/Health_Node/ros2_ws/install/base_interfaces_demo/include/base_interfaces_demo/msg/detail/pallet_info__traits.hpp
[1.399s] -- Up-to-date: /home/cjs/Health_Node/ros2_ws/install/base_interfaces_demo/include/base_interfaces_demo/msg/detail/location__traits.hpp
[1.399s] -- Up-to-date: /home/cjs/Health_Node/ros2_ws/install/base_interfaces_demo/include/base_interfaces_demo/msg/detail/core_info__traits.hpp
[1.399s] -- Up-to-date: /home/cjs/Health_Node/ros2_ws/install/base_interfaces_demo/include/base_interfaces_demo/msg/detail/system_status__type_support.hpp
[1.399s] -- Up-to-date: /home/cjs/Health_Node/ros2_ws/install/base_interfaces_demo/include/base_interfaces_demo/msg/detail/system_status__builder.hpp
[1.399s] -- Up-to-date: /home/cjs/Health_Node/ros2_ws/install/base_interfaces_demo/include/base_interfaces_demo/msg/detail/health_node__struct.hpp
[1.400s] -- Up-to-date: /home/cjs/Health_Node/ros2_ws/install/base_interfaces_demo/include/base_interfaces_demo/msg/detail/pub_sub_info__builder.hpp
[1.400s] -- Up-to-date: /home/cjs/Health_Node/ros2_ws/install/base_interfaces_demo/include/base_interfaces_demo/msg/detail/file_updata__struct.hpp
[1.400s] -- Up-to-date: /home/cjs/Health_Node/ros2_ws/install/base_interfaces_demo/include/base_interfaces_demo/msg/detail/bms_info__struct.hpp
[1.400s] -- Up-to-date: /home/cjs/Health_Node/ros2_ws/install/base_interfaces_demo/include/base_interfaces_demo/msg/detail/obs_laser__struct.hpp
[1.400s] -- Up-to-date: /home/cjs/Health_Node/ros2_ws/install/base_interfaces_demo/include/base_interfaces_demo/msg/detail/manual_seek_label__builder.hpp
[1.400s] -- Up-to-date: /home/cjs/Health_Node/ros2_ws/install/base_interfaces_demo/include/base_interfaces_demo/msg/detail/motor_status__type_support.hpp
[1.400s] -- Up-to-date: /home/cjs/Health_Node/ros2_ws/install/base_interfaces_demo/include/base_interfaces_demo/msg/detail/device_id__struct.hpp
[1.400s] -- Up-to-date: /home/cjs/Health_Node/ros2_ws/install/base_interfaces_demo/include/base_interfaces_demo/msg/detail/obs_laser__traits.hpp
[1.400s] -- Up-to-date: /home/cjs/Health_Node/ros2_ws/install/base_interfaces_demo/include/base_interfaces_demo/msg/detail/manual__traits.hpp
[1.400s] -- Up-to-date: /home/cjs/Health_Node/ros2_ws/install/base_interfaces_demo/include/base_interfaces_demo/msg/detail/core_info__builder.hpp
[1.400s] -- Up-to-date: /home/cjs/Health_Node/ros2_ws/install/base_interfaces_demo/include/base_interfaces_demo/msg/detail/manual__type_support.hpp
[1.400s] -- Up-to-date: /home/cjs/Health_Node/ros2_ws/install/base_interfaces_demo/include/base_interfaces_demo/msg/detail/device_info__builder.hpp
[1.400s] -- Up-to-date: /home/cjs/Health_Node/ros2_ws/install/base_interfaces_demo/include/base_interfaces_demo/msg/detail/color_info__type_support.hpp
[1.400s] -- Up-to-date: /home/cjs/Health_Node/ros2_ws/install/base_interfaces_demo/include/base_interfaces_demo/msg/detail/device_info__struct.hpp
[1.400s] -- Up-to-date: /home/cjs/Health_Node/ros2_ws/install/base_interfaces_demo/include/base_interfaces_demo/msg/detail/charger_info__builder.hpp
[1.400s] -- Up-to-date: /home/cjs/Health_Node/ros2_ws/install/base_interfaces_demo/include/base_interfaces_demo/msg/detail/hall_info__struct.hpp
[1.400s] -- Up-to-date: /home/cjs/Health_Node/ros2_ws/install/base_interfaces_demo/include/base_interfaces_demo/msg/detail/bms_info__builder.hpp
[1.400s] -- Up-to-date: /home/cjs/Health_Node/ros2_ws/install/base_interfaces_demo/include/base_interfaces_demo/msg/detail/file_updata__type_support.hpp
[1.400s] -- Up-to-date: /home/cjs/Health_Node/ros2_ws/install/base_interfaces_demo/include/base_interfaces_demo/msg/detail/color_info__traits.hpp
[1.400s] -- Up-to-date: /home/cjs/Health_Node/ros2_ws/install/base_interfaces_demo/include/base_interfaces_demo/msg/detail/health_node__builder.hpp
[1.401s] -- Up-to-date: /home/cjs/Health_Node/ros2_ws/install/base_interfaces_demo/include/base_interfaces_demo/msg/detail/obs_laser__type_support.hpp
[1.401s] -- Up-to-date: /home/cjs/Health_Node/ros2_ws/install/base_interfaces_demo/include/base_interfaces_demo/msg/detail/charger_info__type_support.hpp
[1.401s] -- Up-to-date: /home/cjs/Health_Node/ros2_ws/install/base_interfaces_demo/include/base_interfaces_demo/msg/detail/color_info__builder.hpp
[1.401s] -- Up-to-date: /home/cjs/Health_Node/ros2_ws/install/base_interfaces_demo/include/base_interfaces_demo/msg/detail/hall_info__traits.hpp
[1.401s] -- Up-to-date: /home/cjs/Health_Node/ros2_ws/install/base_interfaces_demo/include/base_interfaces_demo/msg/detail/health_node__traits.hpp
[1.401s] -- Up-to-date: /home/cjs/Health_Node/ros2_ws/install/base_interfaces_demo/include/base_interfaces_demo/msg/detail/color_info__struct.hpp
[1.401s] -- Up-to-date: /home/cjs/Health_Node/ros2_ws/install/base_interfaces_demo/include/base_interfaces_demo/msg/detail/location__builder.hpp
[1.401s] -- Up-to-date: /home/cjs/Health_Node/ros2_ws/install/base_interfaces_demo/include/base_interfaces_demo/msg/detail/manual_seek_label__traits.hpp
[1.401s] -- Up-to-date: /home/cjs/Health_Node/ros2_ws/install/base_interfaces_demo/include/base_interfaces_demo/msg/detail/pub_sub_info__traits.hpp
[1.401s] -- Up-to-date: /home/cjs/Health_Node/ros2_ws/install/base_interfaces_demo/include/base_interfaces_demo/msg/detail/seek_ret__builder.hpp
[1.401s] -- Up-to-date: /home/cjs/Health_Node/ros2_ws/install/base_interfaces_demo/include/base_interfaces_demo/msg/detail/motor_status__struct.hpp
[1.401s] -- Up-to-date: /home/cjs/Health_Node/ros2_ws/install/base_interfaces_demo/include/base_interfaces_demo/msg/detail/file_updata__traits.hpp
[1.401s] -- Up-to-date: /home/cjs/Health_Node/ros2_ws/install/base_interfaces_demo/include/base_interfaces_demo/msg/detail/bms_info__type_support.hpp
[1.401s] -- Up-to-date: /home/cjs/Health_Node/ros2_ws/install/base_interfaces_demo/include/base_interfaces_demo/msg/detail/health_node__type_support.hpp
[1.401s] -- Up-to-date: /home/cjs/Health_Node/ros2_ws/install/base_interfaces_demo/include/base_interfaces_demo/msg/detail/pub_sub_info__struct.hpp
[1.401s] -- Up-to-date: /home/cjs/Health_Node/ros2_ws/install/base_interfaces_demo/include/base_interfaces_demo/msg/detail/device_id__builder.hpp
[1.401s] -- Up-to-date: /home/cjs/Health_Node/ros2_ws/install/base_interfaces_demo/include/base_interfaces_demo/msg/detail/file_updata__builder.hpp
[1.401s] -- Up-to-date: /home/cjs/Health_Node/ros2_ws/install/base_interfaces_demo/include/base_interfaces_demo/msg/detail/motor_status__builder.hpp
[1.401s] -- Up-to-date: /home/cjs/Health_Node/ros2_ws/install/base_interfaces_demo/include/base_interfaces_demo/msg/detail/bms_info__traits.hpp
[1.401s] -- Up-to-date: /home/cjs/Health_Node/ros2_ws/install/base_interfaces_demo/include/base_interfaces_demo/msg/detail/device_info__type_support.hpp
[1.401s] -- Up-to-date: /home/cjs/Health_Node/ros2_ws/install/base_interfaces_demo/include/base_interfaces_demo/msg/detail/hall_info__type_support.hpp
[1.401s] -- Up-to-date: /home/cjs/Health_Node/ros2_ws/install/base_interfaces_demo/include/base_interfaces_demo/msg/detail/hall_info__builder.hpp
[1.402s] -- Up-to-date: /home/cjs/Health_Node/ros2_ws/install/base_interfaces_demo/include/base_interfaces_demo/msg/detail/manual__builder.hpp
[1.402s] -- Up-to-date: /home/cjs/Health_Node/ros2_ws/install/base_interfaces_demo/include/base_interfaces_demo/msg/detail/manual_seek_label__struct.hpp
[1.402s] -- Up-to-date: /home/cjs/Health_Node/ros2_ws/install/base_interfaces_demo/include/base_interfaces_demo/msg/detail/device_id__traits.hpp
[1.402s] -- Up-to-date: /home/cjs/Health_Node/ros2_ws/install/base_interfaces_demo/include/base_interfaces_demo/msg/detail/location__type_support.hpp
[1.402s] -- Up-to-date: /home/cjs/Health_Node/ros2_ws/install/base_interfaces_demo/include/base_interfaces_demo/msg/detail/manual_seek_label__type_support.hpp
[1.402s] -- Up-to-date: /home/cjs/Health_Node/ros2_ws/install/base_interfaces_demo/include/base_interfaces_demo/msg/detail/charger_info__struct.hpp
[1.402s] -- Up-to-date: /home/cjs/Health_Node/ros2_ws/install/base_interfaces_demo/include/base_interfaces_demo/msg/detail/motor_status__traits.hpp
[1.402s] -- Up-to-date: /home/cjs/Health_Node/ros2_ws/install/base_interfaces_demo/include/base_interfaces_demo/msg/detail/location__struct.hpp
[1.402s] -- Up-to-date: /home/cjs/Health_Node/ros2_ws/install/base_interfaces_demo/include/base_interfaces_demo/msg/detail/seek_ret__struct.hpp
[1.402s] -- Up-to-date: /home/cjs/Health_Node/ros2_ws/install/base_interfaces_demo/include/base_interfaces_demo/msg/detail/pallet_info__struct.hpp
[1.403s] -- Up-to-date: /home/cjs/Health_Node/ros2_ws/install/base_interfaces_demo/include/base_interfaces_demo/msg/pub_sub_info.hpp
[1.403s] -- Up-to-date: /home/cjs/Health_Node/ros2_ws/install/base_interfaces_demo/include/base_interfaces_demo/msg/core_info.hpp
[1.403s] -- Up-to-date: /home/cjs/Health_Node/ros2_ws/install/base_interfaces_demo/include/base_interfaces_demo/msg/manual_seek_label.hpp
[1.403s] -- Up-to-date: /home/cjs/Health_Node/ros2_ws/install/base_interfaces_demo/include/base_interfaces_demo/msg/motor_status.hpp
[1.403s] -- Up-to-date: /home/cjs/Health_Node/ros2_ws/install/base_interfaces_demo/include/base_interfaces_demo/msg/hall_info.hpp
[1.403s] -- Up-to-date: /home/cjs/Health_Node/ros2_ws/install/base_interfaces_demo/include/base_interfaces_demo/msg/charger_info.hpp
[1.403s] -- Up-to-date: /home/cjs/Health_Node/ros2_ws/install/base_interfaces_demo/include/base_interfaces_demo/msg/rosidl_generator_cpp__visibility_control.hpp
[1.404s] -- Up-to-date: /home/cjs/Health_Node/ros2_ws/install/base_interfaces_demo/include/base_interfaces_demo/msg/location.hpp
[1.404s] -- Up-to-date: /home/cjs/Health_Node/ros2_ws/install/base_interfaces_demo/include/base_interfaces_demo/msg/file_updata.hpp
[1.404s] -- Up-to-date: /home/cjs/Health_Node/ros2_ws/install/base_interfaces_demo/include/base_interfaces_demo/msg/health_node.hpp
[1.404s] -- Up-to-date: /home/cjs/Health_Node/ros2_ws/install/base_interfaces_demo/include/base_interfaces_demo/msg/device_info.hpp
[1.404s] -- Up-to-date: /home/cjs/Health_Node/ros2_ws/install/base_interfaces_demo/include/base_interfaces_demo/msg/obs_laser.hpp
[1.404s] -- Up-to-date: /home/cjs/Health_Node/ros2_ws/install/base_interfaces_demo/include/base_interfaces_demo/msg/system_status.hpp
[1.404s] -- Up-to-date: /home/cjs/Health_Node/ros2_ws/install/base_interfaces_demo/include/base_interfaces_demo/msg/bms_info.hpp
[1.404s] -- Up-to-date: /home/cjs/Health_Node/ros2_ws/install/base_interfaces_demo/include/base_interfaces_demo/msg/manual.hpp
[1.404s] -- Up-to-date: /home/cjs/Health_Node/ros2_ws/install/base_interfaces_demo/include/base_interfaces_demo
[1.404s] -- Up-to-date: /home/cjs/Health_Node/ros2_ws/install/base_interfaces_demo/include/base_interfaces_demo/msg
[1.404s] -- Up-to-date: /home/cjs/Health_Node/ros2_ws/install/base_interfaces_demo/include/base_interfaces_demo/msg/detail
[1.404s] -- Up-to-date: /home/cjs/Health_Node/ros2_ws/install/base_interfaces_demo/include/base_interfaces_demo/msg/detail/device_info__type_support.cpp
[1.404s] -- Up-to-date: /home/cjs/Health_Node/ros2_ws/install/base_interfaces_demo/include/base_interfaces_demo/msg/detail/health_node__rosidl_typesupport_introspection_cpp.hpp
[1.404s] -- Up-to-date: /home/cjs/Health_Node/ros2_ws/install/base_interfaces_demo/include/base_interfaces_demo/msg/detail/location__type_support.cpp
[1.404s] -- Up-to-date: /home/cjs/Health_Node/ros2_ws/install/base_interfaces_demo/include/base_interfaces_demo/msg/detail/health_node__type_support.cpp
[1.405s] -- Up-to-date: /home/cjs/Health_Node/ros2_ws/install/base_interfaces_demo/include/base_interfaces_demo/msg/detail/pub_sub_info__rosidl_typesupport_introspection_cpp.hpp
[1.405s] -- Up-to-date: /home/cjs/Health_Node/ros2_ws/install/base_interfaces_demo/include/base_interfaces_demo/msg/detail/seek_ret__type_support.cpp
[1.405s] -- Up-to-date: /home/cjs/Health_Node/ros2_ws/install/base_interfaces_demo/include/base_interfaces_demo/msg/detail/device_id__type_support.cpp
[1.405s] -- Up-to-date: /home/cjs/Health_Node/ros2_ws/install/base_interfaces_demo/include/base_interfaces_demo/msg/detail/manual__rosidl_typesupport_introspection_cpp.hpp
[1.405s] -- Up-to-date: /home/cjs/Health_Node/ros2_ws/install/base_interfaces_demo/include/base_interfaces_demo/msg/detail/charger_info__type_support.cpp
[1.405s] -- Up-to-date: /home/cjs/Health_Node/ros2_ws/install/base_interfaces_demo/include/base_interfaces_demo/msg/detail/color_info__rosidl_typesupport_introspection_cpp.hpp
[1.405s] -- Up-to-date: /home/cjs/Health_Node/ros2_ws/install/base_interfaces_demo/include/base_interfaces_demo/msg/detail/location__rosidl_typesupport_introspection_cpp.hpp
[1.405s] -- Up-to-date: /home/cjs/Health_Node/ros2_ws/install/base_interfaces_demo/include/base_interfaces_demo/msg/detail/manual_seek_label__type_support.cpp
[1.405s] -- Up-to-date: /home/cjs/Health_Node/ros2_ws/install/base_interfaces_demo/include/base_interfaces_demo/msg/detail/manual__type_support.cpp
[1.405s] -- Up-to-date: /home/cjs/Health_Node/ros2_ws/install/base_interfaces_demo/include/base_interfaces_demo/msg/detail/core_info__type_support.cpp
[1.405s] -- Up-to-date: /home/cjs/Health_Node/ros2_ws/install/base_interfaces_demo/include/base_interfaces_demo/msg/detail/bms_info__type_support.cpp
[1.405s] -- Up-to-date: /home/cjs/Health_Node/ros2_ws/install/base_interfaces_demo/include/base_interfaces_demo/msg/detail/core_info__rosidl_typesupport_introspection_cpp.hpp
[1.405s] -- Up-to-date: /home/cjs/Health_Node/ros2_ws/install/base_interfaces_demo/include/base_interfaces_demo/msg/detail/system_status__type_support.cpp
[1.405s] -- Up-to-date: /home/cjs/Health_Node/ros2_ws/install/base_interfaces_demo/include/base_interfaces_demo/msg/detail/manual_seek_label__rosidl_typesupport_introspection_cpp.hpp
[1.405s] -- Up-to-date: /home/cjs/Health_Node/ros2_ws/install/base_interfaces_demo/include/base_interfaces_demo/msg/detail/charger_info__rosidl_typesupport_introspection_cpp.hpp
[1.405s] -- Up-to-date: /home/cjs/Health_Node/ros2_ws/install/base_interfaces_demo/include/base_interfaces_demo/msg/detail/obs_laser__rosidl_typesupport_introspection_cpp.hpp
[1.405s] -- Up-to-date: /home/cjs/Health_Node/ros2_ws/install/base_interfaces_demo/include/base_interfaces_demo/msg/detail/device_id__rosidl_typesupport_introspection_cpp.hpp
[1.405s] -- Up-to-date: /home/cjs/Health_Node/ros2_ws/install/base_interfaces_demo/include/base_interfaces_demo/msg/detail/color_info__type_support.cpp
[1.405s] -- Up-to-date: /home/cjs/Health_Node/ros2_ws/install/base_interfaces_demo/include/base_interfaces_demo/msg/detail/pallet_info__rosidl_typesupport_introspection_cpp.hpp
[1.405s] -- Up-to-date: /home/cjs/Health_Node/ros2_ws/install/base_interfaces_demo/include/base_interfaces_demo/msg/detail/file_updata__rosidl_typesupport_introspection_cpp.hpp
[1.405s] -- Up-to-date: /home/cjs/Health_Node/ros2_ws/install/base_interfaces_demo/include/base_interfaces_demo/msg/detail/motor_status__type_support.cpp
[1.406s] -- Up-to-date: /home/cjs/Health_Node/ros2_ws/install/base_interfaces_demo/include/base_interfaces_demo/msg/detail/file_updata__type_support.cpp
[1.406s] -- Up-to-date: /home/cjs/Health_Node/ros2_ws/install/base_interfaces_demo/include/base_interfaces_demo/msg/detail/pub_sub_info__type_support.cpp
[1.406s] -- Up-to-date: /home/cjs/Health_Node/ros2_ws/install/base_interfaces_demo/include/base_interfaces_demo/msg/detail/bms_info__rosidl_typesupport_introspection_cpp.hpp
[1.406s] -- Up-to-date: /home/cjs/Health_Node/ros2_ws/install/base_interfaces_demo/include/base_interfaces_demo/msg/detail/seek_ret__rosidl_typesupport_introspection_cpp.hpp
[1.406s] -- Up-to-date: /home/cjs/Health_Node/ros2_ws/install/base_interfaces_demo/include/base_interfaces_demo/msg/detail/system_status__rosidl_typesupport_introspection_cpp.hpp
[1.406s] -- Up-to-date: /home/cjs/Health_Node/ros2_ws/install/base_interfaces_demo/include/base_interfaces_demo/msg/detail/hall_info__rosidl_typesupport_introspection_cpp.hpp
[1.406s] -- Up-to-date: /home/cjs/Health_Node/ros2_ws/install/base_interfaces_demo/include/base_interfaces_demo/msg/detail/motor_status__rosidl_typesupport_introspection_cpp.hpp
[1.406s] -- Up-to-date: /home/cjs/Health_Node/ros2_ws/install/base_interfaces_demo/include/base_interfaces_demo/msg/detail/device_info__rosidl_typesupport_introspection_cpp.hpp
[1.406s] -- Up-to-date: /home/cjs/Health_Node/ros2_ws/install/base_interfaces_demo/include/base_interfaces_demo/msg/detail/pallet_info__type_support.cpp
[1.406s] -- Up-to-date: /home/cjs/Health_Node/ros2_ws/install/base_interfaces_demo/include/base_interfaces_demo/msg/detail/obs_laser__type_support.cpp
[1.406s] -- Up-to-date: /home/cjs/Health_Node/ros2_ws/install/base_interfaces_demo/include/base_interfaces_demo/msg/detail/hall_info__type_support.cpp
[1.406s] -- Up-to-date: /home/cjs/Health_Node/ros2_ws/install/base_interfaces_demo/lib/libbase_interfaces_demo__rosidl_typesupport_introspection_cpp.so
[1.406s] -- Up-to-date: /home/cjs/Health_Node/ros2_ws/install/base_interfaces_demo/lib/libbase_interfaces_demo__rosidl_typesupport_cpp.so
[1.406s] -- Up-to-date: /home/cjs/Health_Node/ros2_ws/install/base_interfaces_demo/share/base_interfaces_demo/environment/pythonpath.sh
[1.406s] -- Up-to-date: /home/cjs/Health_Node/ros2_ws/install/base_interfaces_demo/share/base_interfaces_demo/environment/pythonpath.dsv
[1.406s] -- Up-to-date: /home/cjs/Health_Node/ros2_ws/install/base_interfaces_demo/lib/python3.8/site-packages/base_interfaces_demo/__init__.py
[1.453s] -- Up-to-date: /home/cjs/Health_Node/ros2_ws/install/base_interfaces_demo/lib/python3.8/site-packages/base_interfaces_demo/msg
[1.453s] -- Up-to-date: /home/cjs/Health_Node/ros2_ws/install/base_interfaces_demo/lib/python3.8/site-packages/base_interfaces_demo/msg/_hall_info_s.c
[1.453s] -- Up-to-date: /home/cjs/Health_Node/ros2_ws/install/base_interfaces_demo/lib/python3.8/site-packages/base_interfaces_demo/msg/_health_node.py
[1.454s] -- Up-to-date: /home/cjs/Health_Node/ros2_ws/install/base_interfaces_demo/lib/python3.8/site-packages/base_interfaces_demo/msg/_core_info_s.c
[1.454s] -- Up-to-date: /home/cjs/Health_Node/ros2_ws/install/base_interfaces_demo/lib/python3.8/site-packages/base_interfaces_demo/msg/_pub_sub_info.py
[1.454s] -- Up-to-date: /home/cjs/Health_Node/ros2_ws/install/base_interfaces_demo/lib/python3.8/site-packages/base_interfaces_demo/msg/_health_node_s.c
[1.454s] -- Up-to-date: /home/cjs/Health_Node/ros2_ws/install/base_interfaces_demo/lib/python3.8/site-packages/base_interfaces_demo/msg/_color_info.py
[1.454s] -- Up-to-date: /home/cjs/Health_Node/ros2_ws/install/base_interfaces_demo/lib/python3.8/site-packages/base_interfaces_demo/msg/_device_id.py
[1.454s] -- Up-to-date: /home/cjs/Health_Node/ros2_ws/install/base_interfaces_demo/lib/python3.8/site-packages/base_interfaces_demo/msg/_device_info.py
[1.454s] -- Up-to-date: /home/cjs/Health_Node/ros2_ws/install/base_interfaces_demo/lib/python3.8/site-packages/base_interfaces_demo/msg/_motor_status.py
[1.454s] -- Up-to-date: /home/cjs/Health_Node/ros2_ws/install/base_interfaces_demo/lib/python3.8/site-packages/base_interfaces_demo/msg/_pallet_info.py
[1.454s] -- Up-to-date: /home/cjs/Health_Node/ros2_ws/install/base_interfaces_demo/lib/python3.8/site-packages/base_interfaces_demo/msg/_obs_laser.py
[1.454s] -- Up-to-date: /home/cjs/Health_Node/ros2_ws/install/base_interfaces_demo/lib/python3.8/site-packages/base_interfaces_demo/msg/_device_id_s.c
[1.454s] -- Up-to-date: /home/cjs/Health_Node/ros2_ws/install/base_interfaces_demo/lib/python3.8/site-packages/base_interfaces_demo/msg/_seek_ret_s.c
[1.455s] -- Up-to-date: /home/cjs/Health_Node/ros2_ws/install/base_interfaces_demo/lib/python3.8/site-packages/base_interfaces_demo/msg/_file_updata_s.c
[1.455s] -- Up-to-date: /home/cjs/Health_Node/ros2_ws/install/base_interfaces_demo/lib/python3.8/site-packages/base_interfaces_demo/msg/_device_info_s.c
[1.455s] -- Up-to-date: /home/cjs/Health_Node/ros2_ws/install/base_interfaces_demo/lib/python3.8/site-packages/base_interfaces_demo/msg/_manual_seek_label.py
[1.455s] -- Up-to-date: /home/cjs/Health_Node/ros2_ws/install/base_interfaces_demo/lib/python3.8/site-packages/base_interfaces_demo/msg/_pub_sub_info_s.c
[1.455s] -- Up-to-date: /home/cjs/Health_Node/ros2_ws/install/base_interfaces_demo/lib/python3.8/site-packages/base_interfaces_demo/msg/_obs_laser_s.c
[1.455s] -- Up-to-date: /home/cjs/Health_Node/ros2_ws/install/base_interfaces_demo/lib/python3.8/site-packages/base_interfaces_demo/msg/_charger_info_s.c
[1.455s] -- Up-to-date: /home/cjs/Health_Node/ros2_ws/install/base_interfaces_demo/lib/python3.8/site-packages/base_interfaces_demo/msg/_system_status.py
[1.455s] -- Up-to-date: /home/cjs/Health_Node/ros2_ws/install/base_interfaces_demo/lib/python3.8/site-packages/base_interfaces_demo/msg/_manual.py
[1.455s] -- Up-to-date: /home/cjs/Health_Node/ros2_ws/install/base_interfaces_demo/lib/python3.8/site-packages/base_interfaces_demo/msg/_core_info.py
[1.455s] -- Up-to-date: /home/cjs/Health_Node/ros2_ws/install/base_interfaces_demo/lib/python3.8/site-packages/base_interfaces_demo/msg/_charger_info.py
[1.455s] -- Up-to-date: /home/cjs/Health_Node/ros2_ws/install/base_interfaces_demo/lib/python3.8/site-packages/base_interfaces_demo/msg/_manual_s.c
[1.455s] -- Up-to-date: /home/cjs/Health_Node/ros2_ws/install/base_interfaces_demo/lib/python3.8/site-packages/base_interfaces_demo/msg/_manual_seek_label_s.c
[1.455s] -- Up-to-date: /home/cjs/Health_Node/ros2_ws/install/base_interfaces_demo/lib/python3.8/site-packages/base_interfaces_demo/msg/_hall_info.py
[1.455s] -- Up-to-date: /home/cjs/Health_Node/ros2_ws/install/base_interfaces_demo/lib/python3.8/site-packages/base_interfaces_demo/msg/_location_s.c
[1.455s] -- Up-to-date: /home/cjs/Health_Node/ros2_ws/install/base_interfaces_demo/lib/python3.8/site-packages/base_interfaces_demo/msg/_seek_ret.py
[1.456s] -- Up-to-date: /home/cjs/Health_Node/ros2_ws/install/base_interfaces_demo/lib/python3.8/site-packages/base_interfaces_demo/msg/_system_status_s.c
[1.456s] -- Up-to-date: /home/cjs/Health_Node/ros2_ws/install/base_interfaces_demo/lib/python3.8/site-packages/base_interfaces_demo/msg/_location.py
[1.456s] -- Up-to-date: /home/cjs/Health_Node/ros2_ws/install/base_interfaces_demo/lib/python3.8/site-packages/base_interfaces_demo/msg/_color_info_s.c
[1.456s] -- Up-to-date: /home/cjs/Health_Node/ros2_ws/install/base_interfaces_demo/lib/python3.8/site-packages/base_interfaces_demo/msg/_motor_status_s.c
[1.456s] -- Up-to-date: /home/cjs/Health_Node/ros2_ws/install/base_interfaces_demo/lib/python3.8/site-packages/base_interfaces_demo/msg/_file_updata.py
[1.456s] -- Up-to-date: /home/cjs/Health_Node/ros2_ws/install/base_interfaces_demo/lib/python3.8/site-packages/base_interfaces_demo/msg/_bms_info_s.c
[1.456s] -- Up-to-date: /home/cjs/Health_Node/ros2_ws/install/base_interfaces_demo/lib/python3.8/site-packages/base_interfaces_demo/msg/_pallet_info_s.c
[1.456s] -- Up-to-date: /home/cjs/Health_Node/ros2_ws/install/base_interfaces_demo/lib/python3.8/site-packages/base_interfaces_demo/msg/__init__.py
[1.456s] -- Up-to-date: /home/cjs/Health_Node/ros2_ws/install/base_interfaces_demo/lib/python3.8/site-packages/base_interfaces_demo/msg/_bms_info.py
[1.456s] -- Up-to-date: /home/cjs/Health_Node/ros2_ws/install/base_interfaces_demo/lib/python3.8/site-packages/base_interfaces_demo/base_interfaces_demo_s__rosidl_typesupport_fastrtps_c.cpython-38-x86_64-linux-gnu.so
[1.456s] -- Up-to-date: /home/cjs/Health_Node/ros2_ws/install/base_interfaces_demo/lib/python3.8/site-packages/base_interfaces_demo/base_interfaces_demo_s__rosidl_typesupport_introspection_c.cpython-38-x86_64-linux-gnu.so
[1.456s] -- Up-to-date: /home/cjs/Health_Node/ros2_ws/install/base_interfaces_demo/lib/python3.8/site-packages/base_interfaces_demo/base_interfaces_demo_s__rosidl_typesupport_c.cpython-38-x86_64-linux-gnu.so
[1.457s] -- Up-to-date: /home/cjs/Health_Node/ros2_ws/install/base_interfaces_demo/lib/libbase_interfaces_demo__python.so
[1.461s] -- Up-to-date: /home/cjs/Health_Node/ros2_ws/install/base_interfaces_demo/share/base_interfaces_demo/msg/BmsInfo.idl
[1.461s] -- Up-to-date: /home/cjs/Health_Node/ros2_ws/install/base_interfaces_demo/share/base_interfaces_demo/msg/ChargerInfo.idl
[1.462s] -- Up-to-date: /home/cjs/Health_Node/ros2_ws/install/base_interfaces_demo/share/base_interfaces_demo/msg/ColorInfo.idl
[1.462s] -- Up-to-date: /home/cjs/Health_Node/ros2_ws/install/base_interfaces_demo/share/base_interfaces_demo/msg/CoreInfo.idl
[1.462s] -- Up-to-date: /home/cjs/Health_Node/ros2_ws/install/base_interfaces_demo/share/base_interfaces_demo/msg/DeviceId.idl
[1.462s] -- Up-to-date: /home/cjs/Health_Node/ros2_ws/install/base_interfaces_demo/share/base_interfaces_demo/msg/DeviceInfo.idl
[1.462s] -- Up-to-date: /home/cjs/Health_Node/ros2_ws/install/base_interfaces_demo/share/base_interfaces_demo/msg/FileUpdata.idl
[1.462s] -- Up-to-date: /home/cjs/Health_Node/ros2_ws/install/base_interfaces_demo/share/base_interfaces_demo/msg/HallInfo.idl
[1.463s] -- Up-to-date: /home/cjs/Health_Node/ros2_ws/install/base_interfaces_demo/share/base_interfaces_demo/msg/HealthNode.idl
[1.463s] -- Up-to-date: /home/cjs/Health_Node/ros2_ws/install/base_interfaces_demo/share/base_interfaces_demo/msg/Location.idl
[1.463s] -- Up-to-date: /home/cjs/Health_Node/ros2_ws/install/base_interfaces_demo/share/base_interfaces_demo/msg/Manual.idl
[1.463s] -- Up-to-date: /home/cjs/Health_Node/ros2_ws/install/base_interfaces_demo/share/base_interfaces_demo/msg/ManualSeekLabel.idl
[1.463s] -- Up-to-date: /home/cjs/Health_Node/ros2_ws/install/base_interfaces_demo/share/base_interfaces_demo/msg/MotorStatus.idl
[1.464s] -- Up-to-date: /home/cjs/Health_Node/ros2_ws/install/base_interfaces_demo/share/base_interfaces_demo/msg/ObsLaser.idl
[1.464s] -- Up-to-date: /home/cjs/Health_Node/ros2_ws/install/base_interfaces_demo/share/base_interfaces_demo/msg/PalletInfo.idl
[1.464s] -- Up-to-date: /home/cjs/Health_Node/ros2_ws/install/base_interfaces_demo/share/base_interfaces_demo/msg/PubSubInfo.idl
[1.464s] -- Up-to-date: /home/cjs/Health_Node/ros2_ws/install/base_interfaces_demo/share/base_interfaces_demo/msg/SeekRet.idl
[1.465s] -- Up-to-date: /home/cjs/Health_Node/ros2_ws/install/base_interfaces_demo/share/base_interfaces_demo/msg/SystemStatus.idl
[1.465s] -- Up-to-date: /home/cjs/Health_Node/ros2_ws/install/base_interfaces_demo/share/base_interfaces_demo/msg/BmsInfo.msg
[1.465s] -- Up-to-date: /home/cjs/Health_Node/ros2_ws/install/base_interfaces_demo/share/base_interfaces_demo/msg/ChargerInfo.msg
[1.465s] -- Up-to-date: /home/cjs/Health_Node/ros2_ws/install/base_interfaces_demo/share/base_interfaces_demo/msg/ColorInfo.msg
[1.465s] -- Up-to-date: /home/cjs/Health_Node/ros2_ws/install/base_interfaces_demo/share/base_interfaces_demo/msg/CoreInfo.msg
[1.465s] -- Up-to-date: /home/cjs/Health_Node/ros2_ws/install/base_interfaces_demo/share/base_interfaces_demo/msg/DeviceId.msg
[1.466s] -- Up-to-date: /home/cjs/Health_Node/ros2_ws/install/base_interfaces_demo/share/base_interfaces_demo/msg/DeviceInfo.msg
[1.466s] -- Up-to-date: /home/cjs/Health_Node/ros2_ws/install/base_interfaces_demo/share/base_interfaces_demo/msg/FileUpdata.msg
[1.466s] -- Up-to-date: /home/cjs/Health_Node/ros2_ws/install/base_interfaces_demo/share/base_interfaces_demo/msg/HallInfo.msg
[1.466s] -- Up-to-date: /home/cjs/Health_Node/ros2_ws/install/base_interfaces_demo/share/base_interfaces_demo/msg/HealthNode.msg
[1.466s] -- Up-to-date: /home/cjs/Health_Node/ros2_ws/install/base_interfaces_demo/share/base_interfaces_demo/msg/Location.msg
[1.466s] -- Up-to-date: /home/cjs/Health_Node/ros2_ws/install/base_interfaces_demo/share/base_interfaces_demo/msg/Manual.msg
[1.467s] -- Up-to-date: /home/cjs/Health_Node/ros2_ws/install/base_interfaces_demo/share/base_interfaces_demo/msg/ManualSeekLabel.msg
[1.467s] -- Up-to-date: /home/cjs/Health_Node/ros2_ws/install/base_interfaces_demo/share/base_interfaces_demo/msg/MotorStatus.msg
[1.467s] -- Up-to-date: /home/cjs/Health_Node/ros2_ws/install/base_interfaces_demo/share/base_interfaces_demo/msg/ObsLaser.msg
[1.467s] -- Up-to-date: /home/cjs/Health_Node/ros2_ws/install/base_interfaces_demo/share/base_interfaces_demo/msg/PalletInfo.msg
[1.467s] -- Up-to-date: /home/cjs/Health_Node/ros2_ws/install/base_interfaces_demo/share/base_interfaces_demo/msg/PubSubInfo.msg
[1.467s] -- Up-to-date: /home/cjs/Health_Node/ros2_ws/install/base_interfaces_demo/share/base_interfaces_demo/msg/SeekRet.msg
[1.467s] -- Up-to-date: /home/cjs/Health_Node/ros2_ws/install/base_interfaces_demo/share/base_interfaces_demo/msg/SystemStatus.msg
[1.467s] -- Up-to-date: /home/cjs/Health_Node/ros2_ws/install/base_interfaces_demo/share/ament_index/resource_index/package_run_dependencies/base_interfaces_demo
[1.468s] -- Up-to-date: /home/cjs/Health_Node/ros2_ws/install/base_interfaces_demo/share/ament_index/resource_index/parent_prefix_path/base_interfaces_demo
[1.468s] -- Up-to-date: /home/cjs/Health_Node/ros2_ws/install/base_interfaces_demo/share/base_interfaces_demo/environment/ament_prefix_path.sh
[1.468s] -- Up-to-date: /home/cjs/Health_Node/ros2_ws/install/base_interfaces_demo/share/base_interfaces_demo/environment/ament_prefix_path.dsv
[1.468s] -- Up-to-date: /home/cjs/Health_Node/ros2_ws/install/base_interfaces_demo/share/base_interfaces_demo/environment/path.sh
[1.468s] -- Up-to-date: /home/cjs/Health_Node/ros2_ws/install/base_interfaces_demo/share/base_interfaces_demo/environment/path.dsv
[1.468s] -- Up-to-date: /home/cjs/Health_Node/ros2_ws/install/base_interfaces_demo/share/base_interfaces_demo/local_setup.bash
[1.469s] -- Up-to-date: /home/cjs/Health_Node/ros2_ws/install/base_interfaces_demo/share/base_interfaces_demo/local_setup.sh
[1.469s] -- Up-to-date: /home/cjs/Health_Node/ros2_ws/install/base_interfaces_demo/share/base_interfaces_demo/local_setup.zsh
[1.469s] -- Up-to-date: /home/cjs/Health_Node/ros2_ws/install/base_interfaces_demo/share/base_interfaces_demo/local_setup.dsv
[1.469s] -- Installing: /home/cjs/Health_Node/ros2_ws/install/base_interfaces_demo/share/base_interfaces_demo/package.dsv
[1.470s] -- Up-to-date: /home/cjs/Health_Node/ros2_ws/install/base_interfaces_demo/share/ament_index/resource_index/packages/base_interfaces_demo
[1.471s] -- Up-to-date: /home/cjs/Health_Node/ros2_ws/install/base_interfaces_demo/share/base_interfaces_demo/cmake/base_interfaces_demo__rosidl_generator_cExport.cmake
[1.471s] -- Up-to-date: /home/cjs/Health_Node/ros2_ws/install/base_interfaces_demo/share/base_interfaces_demo/cmake/base_interfaces_demo__rosidl_generator_cExport-noconfig.cmake
[1.472s] -- Up-to-date: /home/cjs/Health_Node/ros2_ws/install/base_interfaces_demo/share/base_interfaces_demo/cmake/base_interfaces_demo__rosidl_typesupport_introspection_cExport.cmake
[1.472s] -- Up-to-date: /home/cjs/Health_Node/ros2_ws/install/base_interfaces_demo/share/base_interfaces_demo/cmake/base_interfaces_demo__rosidl_typesupport_introspection_cExport-noconfig.cmake
[1.473s] -- Up-to-date: /home/cjs/Health_Node/ros2_ws/install/base_interfaces_demo/share/base_interfaces_demo/cmake/base_interfaces_demo__rosidl_typesupport_cExport.cmake
[1.473s] -- Up-to-date: /home/cjs/Health_Node/ros2_ws/install/base_interfaces_demo/share/base_interfaces_demo/cmake/base_interfaces_demo__rosidl_typesupport_cExport-noconfig.cmake
[1.476s] -- Up-to-date: /home/cjs/Health_Node/ros2_ws/install/base_interfaces_demo/share/base_interfaces_demo/cmake/base_interfaces_demo__rosidl_generator_cppExport.cmake
[1.476s] -- Up-to-date: /home/cjs/Health_Node/ros2_ws/install/base_interfaces_demo/share/base_interfaces_demo/cmake/base_interfaces_demo__rosidl_typesupport_introspection_cppExport.cmake
[1.476s] -- Up-to-date: /home/cjs/Health_Node/ros2_ws/install/base_interfaces_demo/share/base_interfaces_demo/cmake/base_interfaces_demo__rosidl_typesupport_introspection_cppExport-noconfig.cmake
[1.478s] -- Up-to-date: /home/cjs/Health_Node/ros2_ws/install/base_interfaces_demo/share/base_interfaces_demo/cmake/base_interfaces_demo__rosidl_typesupport_cppExport.cmake
[1.478s] -- Up-to-date: /home/cjs/Health_Node/ros2_ws/install/base_interfaces_demo/share/base_interfaces_demo/cmake/base_interfaces_demo__rosidl_typesupport_cppExport-noconfig.cmake
[1.478s] -- Up-to-date: /home/cjs/Health_Node/ros2_ws/install/base_interfaces_demo/share/base_interfaces_demo/cmake/rosidl_cmake-extras.cmake
[1.478s] -- Up-to-date: /home/cjs/Health_Node/ros2_ws/install/base_interfaces_demo/share/base_interfaces_demo/cmake/ament_cmake_export_dependencies-extras.cmake
[1.479s] -- Up-to-date: /home/cjs/Health_Node/ros2_ws/install/base_interfaces_demo/share/base_interfaces_demo/cmake/ament_cmake_export_libraries-extras.cmake
[1.479s] -- Up-to-date: /home/cjs/Health_Node/ros2_ws/install/base_interfaces_demo/share/base_interfaces_demo/cmake/ament_cmake_export_targets-extras.cmake
[1.479s] -- Up-to-date: /home/cjs/Health_Node/ros2_ws/install/base_interfaces_demo/share/base_interfaces_demo/cmake/ament_cmake_export_include_directories-extras.cmake
[1.479s] -- Up-to-date: /home/cjs/Health_Node/ros2_ws/install/base_interfaces_demo/share/base_interfaces_demo/cmake/rosidl_cmake_export_typesupport_libraries-extras.cmake
[1.479s] -- Up-to-date: /home/cjs/Health_Node/ros2_ws/install/base_interfaces_demo/share/base_interfaces_demo/cmake/rosidl_cmake_export_typesupport_targets-extras.cmake
[1.479s] -- Up-to-date: /home/cjs/Health_Node/ros2_ws/install/base_interfaces_demo/share/base_interfaces_demo/cmake/base_interfaces_demoConfig.cmake
[1.479s] -- Up-to-date: /home/cjs/Health_Node/ros2_ws/install/base_interfaces_demo/share/base_interfaces_demo/cmake/base_interfaces_demoConfig-version.cmake
[1.479s] -- Up-to-date: /home/cjs/Health_Node/ros2_ws/install/base_interfaces_demo/share/base_interfaces_demo/package.xml
[1.484s] Invoked command in '/home/cjs/Health_Node/ros2_ws/build/base_interfaces_demo' returned '0': CMAKE_PREFIX_PATH=${CMAKE_PREFIX_PATH}:/opt/ros/foxy /usr/bin/cmake --install /home/cjs/Health_Node/ros2_ws/build/base_interfaces_demo
