[0.000000] (-) TimerEvent: {}
[0.000218] (-) JobUnselected: {'identifier': 'base_interfaces_demo'}
[0.000283] (-) JobUnselected: {'identifier': 'pkg01_healthoper_cpp'}
[0.000343] (pkg02_lifecycle_cpp) JobQueued: {'identifier': 'pkg02_lifecycle_cpp', 'dependencies': OrderedDict([('base_interfaces_demo', '/home/cjs/Health_Node/ros2_ws/install/base_interfaces_demo')])}
[0.001637] (pkg02_lifecycle_cpp) JobStarted: {'identifier': 'pkg02_lifecycle_cpp'}
[0.042752] (pkg02_lifecycle_cpp) JobProgress: {'identifier': 'pkg02_lifecycle_cpp', 'progress': 'cmake'}
[0.051068] (pkg02_lifecycle_cpp) JobProgress: {'identifier': 'pkg02_lifecycle_cpp', 'progress': 'build'}
[0.051277] (pkg02_lifecycle_cpp) Command: {'cmd': ['/usr/bin/cmake', '--build', '/home/cjs/Health_Node/ros2_ws/build/pkg02_lifecycle_cpp', '--', '-j4', '-l4'], 'cwd': '/home/cjs/Health_Node/ros2_ws/build/pkg02_lifecycle_cpp', 'env': OrderedDict([('LC_TIME', 'zh_CN.UTF-8'), ('USER', 'cjs'), ('SSH_AGENT_PID', '1542'), ('XDG_SESSION_TYPE', 'x11'), ('GIT_ASKPASS', '/snap/code/164/usr/share/code/resources/app/extensions/git/dist/askpass.sh'), ('LD_LIBRARY_PATH', '/home/cjs/Health_Node/ros2_ws/install/base_interfaces_demo/lib:/opt/ros/foxy/opt/yaml_cpp_vendor/lib:/opt/ros/foxy/opt/rviz_ogre_vendor/lib:/opt/ros/foxy/lib/x86_64-linux-gnu:/opt/ros/foxy/lib'), ('SHLVL', '2'), ('CHROME_DESKTOP', 'code-url-handler.desktop'), ('HOME', '/home/cjs'), ('LESS', '-R'), ('OLDPWD', '/home/cjs/Health_Node/ros2_ws/src'), ('DESKTOP_SESSION', 'ubuntu'), ('TERM_PROGRAM_VERSION', '1.91.1'), ('LSCOLORS', 'Gxfxcxdxbxegedabagacad'), ('ZSH', '/home/cjs/.oh-my-zsh'), ('ALL', 'en.US.UTF-8'), ('GNOME_SHELL_SESSION_MODE', 'ubuntu'), ('GTK_MODULES', 'gail:atk-bridge'), ('PAGER', 'less'), ('ROS_PYTHON_VERSION', '3'), ('VSCODE_GIT_ASKPASS_MAIN', '/snap/code/164/usr/share/code/resources/app/extensions/git/dist/askpass-main.js'), ('LC_MONETARY', 'zh_CN.UTF-8'), ('MANAGERPID', '1446'), ('VSCODE_GIT_ASKPASS_NODE', '/snap/code/164/usr/share/code/code'), ('DBUS_SESSION_BUS_ADDRESS', 'unix:path=/run/user/1000/bus,guid=0fa02c7d661b6b7cbfd27f1066a0581b'), ('DBUS_STARTER_BUS_TYPE', 'session'), ('COLORTERM', 'truecolor'), ('IM_CONFIG_PHASE', '1'), ('ROS_DISTRO', 'foxy'), ('LOGNAME', 'cjs'), ('JOURNAL_STREAM', '8:56620'), ('_', '/usr/bin/colcon'), ('ROS_VERSION', '2'), ('XDG_CONFIG_DIRS_VSCODE_SNAP_ORIG', '/etc/xdg/xdg-ubuntu:/etc/xdg'), ('XDG_DATA_DIRS_VSCODE_SNAP_ORIG', '/usr/share/ubuntu:/usr/local/share/:/usr/share/:/var/lib/snapd/desktop'), ('XDG_SESSION_CLASS', 'user'), ('USER_ZDOTDIR', '/home/cjs'), ('TERM', 'xterm-256color'), ('USERNAME', 'cjs'), ('GNOME_DESKTOP_SESSION_ID', 'this-is-deprecated'), ('ROS_LOCALHOST_ONLY', '0'), ('WINDOWPATH', '2'), ('PATH', '/opt/ros/foxy/bin:/usr/local/sbin:/usr/local/bin:/usr/sbin:/usr/bin:/sbin:/bin:/usr/games:/usr/local/games:/snap/bin'), ('INVOCATION_ID', '9e60448dcc804a64942f76a12b382da6'), ('SESSION_MANAGER', 'local/cjs-virtual-machine:@/tmp/.ICE-unix/1577,unix/cjs-virtual-machine:/tmp/.ICE-unix/1577'), ('LC_ADDRESS', 'zh_CN.UTF-8'), ('XDG_MENU_PREFIX', 'gnome-'), ('XDG_RUNTIME_DIR', '/run/user/1000'), ('DISPLAY', ':0'), ('LANG', 'en_US.UTF-8'), ('LC_TELEPHONE', 'zh_CN.UTF-8'), ('TILIX_ID', 'aa2b7333-90b5-4e62-8b6d-36f0a2a23156'), ('XDG_CURRENT_DESKTOP', 'Unity'), ('VSCODE_INJECTION', '1'), ('LS_COLORS', 'no=00:fi=00:di=01;34:ln=00;36:pi=40;33:so=01;35:do=01;35:bd=40;33;01:cd=40;33;01:or=41;33;01:ex=00;32:*.cmd=00;32:*.exe=01;32:*.com=01;32:*.bat=01;32:*.btm=01;32:*.dll=01;32:*.tar=00;31:*.tbz=00;31:*.tgz=00;31:*.rpm=00;31:*.deb=00;31:*.arj=00;31:*.taz=00;31:*.lzh=00;31:*.lzma=00;31:*.zip=00;31:*.zoo=00;31:*.z=00;31:*.Z=00;31:*.gz=00;31:*.bz2=00;31:*.tb2=00;31:*.tz2=00;31:*.tbz2=00;31:*.avi=01;35:*.bmp=01;35:*.fli=01;35:*.gif=01;35:*.jpg=01;35:*.jpeg=01;35:*.mng=01;35:*.mov=01;35:*.mpg=01;35:*.pcx=01;35:*.pbm=01;35:*.pgm=01;35:*.png=01;35:*.ppm=01;35:*.tga=01;35:*.tif=01;35:*.xbm=01;35:*.xpm=01;35:*.dl=01;35:*.gl=01;35:*.wmv=01;35:*.aiff=00;32:*.au=00;32:*.mid=00;32:*.mp3=00;32:*.ogg=00;32:*.voc=00;32:*.wav=00;32:'), ('XAUTHORITY', '/run/user/1000/gdm/Xauthority'), ('XDG_SESSION_DESKTOP', 'ubuntu'), ('XMODIFIERS', '@im=ibus'), ('TERM_PROGRAM', 'vscode'), ('VSCODE_GIT_IPC_HANDLE', '/run/user/1000/vscode-git-8011e79f48.sock'), ('AMENT_PREFIX_PATH', '/home/cjs/Health_Node/ros2_ws/install/base_interfaces_demo:/opt/ros/foxy'), ('ORIGINAL_XDG_CURRENT_DESKTOP', 'ubuntu:GNOME'), ('SSH_AUTH_SOCK', '/run/user/1000/keyring/ssh'), ('LC_NAME', 'zh_CN.UTF-8'), ('SHELL', '/usr/bin/zsh'), ('GDMSESSION', 'ubuntu'), ('QT_ACCESSIBILITY', '1'), ('LC_MEASUREMENT', 'zh_CN.UTF-8'), ('GPG_AGENT_INFO', '/run/user/1000/gnupg/S.gpg-agent:0:1'), ('LC_IDENTIFICATION', 'zh_CN.UTF-8'), ('QT_IM_MODULE', 'ibus'), ('VSCODE_GIT_ASKPASS_EXTRA_ARGS', ''), ('PWD', '/home/cjs/Health_Node/ros2_ws/build/pkg02_lifecycle_cpp'), ('DBUS_STARTER_ADDRESS', 'unix:path=/run/user/1000/bus,guid=0fa02c7d661b6b7cbfd27f1066a0581b'), ('XDG_CONFIG_DIRS', '/etc/xdg/xdg-ubuntu:/etc/xdg'), ('XDG_DATA_DIRS', '/usr/share/ubuntu:/usr/local/share/:/usr/share/:/var/lib/snapd/desktop'), ('ZDOTDIR', '/home/cjs'), ('LC_NUMERIC', 'zh_CN.UTF-8'), ('PYTHONPATH', '/home/cjs/Health_Node/ros2_ws/install/base_interfaces_demo/lib/python3.8/site-packages:/opt/ros/foxy/lib/python3.8/site-packages'), ('LC_PAPER', 'zh_CN.UTF-8'), ('COLCON', '1'), ('VTE_VERSION', '6003'), ('CMAKE_PREFIX_PATH', '/home/cjs/Health_Node/ros2_ws/install/base_interfaces_demo:/opt/ros/foxy')]), 'shell': False}
[0.100834] (-) TimerEvent: {}
[0.139012] (pkg02_lifecycle_cpp) StdoutLine: {'line': b'-- Found ament_cmake: 0.9.12 (/opt/ros/foxy/share/ament_cmake/cmake)\n'}
[0.185620] (pkg02_lifecycle_cpp) StdoutLine: {'line': b'-- Using PYTHON_EXECUTABLE: /usr/bin/python3\n'}
[0.201252] (-) TimerEvent: {}
[0.302828] (-) TimerEvent: {}
[0.404416] (-) TimerEvent: {}
[0.505220] (-) TimerEvent: {}
[0.559600] (pkg02_lifecycle_cpp) StdoutLine: {'line': b'-- Found rclcpp: 2.4.3 (/opt/ros/foxy/share/rclcpp/cmake)\n'}
[0.605823] (-) TimerEvent: {}
[0.623620] (pkg02_lifecycle_cpp) StdoutLine: {'line': b'-- Using all available rosidl_typesupport_c: rosidl_typesupport_fastrtps_c;rosidl_typesupport_introspection_c\n'}
[0.632659] (pkg02_lifecycle_cpp) StdoutLine: {'line': b'-- Found rosidl_adapter: 1.3.1 (/opt/ros/foxy/share/rosidl_adapter/cmake)\n'}
[0.706919] (-) TimerEvent: {}
[0.807794] (-) TimerEvent: {}
[0.882837] (pkg02_lifecycle_cpp) StdoutLine: {'line': b'-- Using all available rosidl_typesupport_cpp: rosidl_typesupport_fastrtps_cpp;rosidl_typesupport_introspection_cpp\n'}
[0.908102] (-) TimerEvent: {}
[0.973112] (pkg02_lifecycle_cpp) StdoutLine: {'line': b'-- Found rmw_implementation_cmake: 1.0.4 (/opt/ros/foxy/share/rmw_implementation_cmake/cmake)\n'}
[0.975230] (pkg02_lifecycle_cpp) StdoutLine: {'line': b"-- Using RMW implementation 'rmw_fastrtps_cpp' as default\n"}
[1.009778] (-) TimerEvent: {}
[1.111402] (-) TimerEvent: {}
[1.212153] (pkg02_lifecycle_cpp) StdoutLine: {'line': b'-- Found lifecycle_msgs: 1.0.0 (/opt/ros/foxy/share/lifecycle_msgs/cmake)\n'}
[1.212500] (-) TimerEvent: {}
[1.250391] (pkg02_lifecycle_cpp) StdoutLine: {'line': b'-- Found rclcpp_lifecycle: 2.4.3 (/opt/ros/foxy/share/rclcpp_lifecycle/cmake)\n'}
[1.295242] (pkg02_lifecycle_cpp) StdoutLine: {'line': b'-- Found base_interfaces_demo: 0.0.0 (/home/cjs/Health_Node/ros2_ws/install/base_interfaces_demo/share/base_interfaces_demo/cmake)\n'}
[1.313412] (-) TimerEvent: {}
[1.414931] (-) TimerEvent: {}
[1.496003] (pkg02_lifecycle_cpp) StderrLine: {'line': b'CMake Error at /opt/ros/foxy/share/ament_cmake_target_dependencies/cmake/ament_target_dependencies.cmake:42 (message):\n'}
[1.496359] (pkg02_lifecycle_cpp) StderrLine: {'line': b'  ament_target_dependencies() the first argument must be a valid target name\n'}
[1.496509] (pkg02_lifecycle_cpp) StderrLine: {'line': b'Call Stack (most recent call first):\n'}
[1.496627] (pkg02_lifecycle_cpp) StderrLine: {'line': b'  CMakeLists.txt:31 (ament_target_dependencies)\n'}
[1.496760] (pkg02_lifecycle_cpp) StderrLine: {'line': b'\n'}
[1.496877] (pkg02_lifecycle_cpp) StderrLine: {'line': b'\n'}
[1.505050] (pkg02_lifecycle_cpp) StdoutLine: {'line': b'-- Configuring incomplete, errors occurred!\n'}
[1.505807] (pkg02_lifecycle_cpp) StdoutLine: {'line': b'See also "/home/cjs/Health_Node/ros2_ws/build/pkg02_lifecycle_cpp/CMakeFiles/CMakeOutput.log".\n'}
[1.507182] (pkg02_lifecycle_cpp) StdoutLine: {'line': b'See also "/home/cjs/Health_Node/ros2_ws/build/pkg02_lifecycle_cpp/CMakeFiles/CMakeError.log".\n'}
[1.515791] (-) TimerEvent: {}
[1.519820] (pkg02_lifecycle_cpp) StderrLine: {'line': b'make: *** [Makefile:266: cmake_check_build_system] Error 1\n'}
[1.525669] (pkg02_lifecycle_cpp) CommandEnded: {'returncode': 2}
[1.616536] (-) TimerEvent: {}
[1.654402] (pkg02_lifecycle_cpp) JobEnded: {'identifier': 'pkg02_lifecycle_cpp', 'rc': 2}
[1.667651] (-) EventReactorShutdown: {}
