[0.082s] Invoking command in '/home/cjs/Health_Node/build/pkg01_healthoper_cpp': AMENT_PREFIX_PATH=/home/cjs/Health_Node/install/base_interfaces_demo:${AMENT_PREFIX_PATH} CMAKE_PREFIX_PATH=/home/cjs/Health_Node/install/base_interfaces_demo:/opt/ros/foxy LD_LIBRARY_PATH=/home/cjs/Health_Node/install/base_interfaces_demo/lib:${LD_LIBRARY_PATH} PYTHONPATH=/home/cjs/Health_Node/install/base_interfaces_demo/lib/python3.8/site-packages:${PYTHONPATH} /usr/bin/cmake --build /home/cjs/Health_Node/build/pkg01_healthoper_cpp -- -j4 -l4
[0.277s] -- Found ament_cmake: 0.9.12 (/opt/ros/foxy/share/ament_cmake/cmake)
[0.381s] -- Using PYTHON_EXECUTABLE: /usr/bin/python3
[0.991s] -- Found rclcpp: 2.4.3 (/opt/ros/foxy/share/rclcpp/cmake)
[1.140s] -- Using all available rosidl_typesupport_c: rosidl_typesupport_fastrtps_c;rosidl_typesupport_introspection_c
[1.160s] -- Found rosidl_adapter: 1.3.1 (/opt/ros/foxy/share/rosidl_adapter/cmake)
[1.518s] -- Using all available rosidl_typesupport_cpp: rosidl_typesupport_fastrtps_cpp;rosidl_typesupport_introspection_cpp
[1.781s] -- Found rmw_implementation_cmake: 1.0.4 (/opt/ros/foxy/share/rmw_implementation_cmake/cmake)
[1.792s] -- Using RMW implementation 'rmw_fastrtps_cpp' as default
[2.283s] -- Found base_interfaces_demo: 0.0.0 (/home/cjs/Health_Node/install/base_interfaces_demo/share/base_interfaces_demo/cmake)
[2.612s] -- Found yaml_cpp_vendor: 7.0.3 (/opt/ros/foxy/share/yaml_cpp_vendor/cmake)
[2.612s] -- Setting yaml-cpp_DIR to: '/opt/ros/foxy/share/yaml_cpp_vendor/cmake/../../../opt/yaml_cpp_vendor/lib/cmake/yaml-cpp'
[2.623s] -- Found ament_index_cpp: 1.1.0 (/opt/ros/foxy/share/ament_index_cpp/cmake)
[2.649s] -- Found ament_lint_auto: 0.9.8 (/opt/ros/foxy/share/ament_lint_auto/cmake)
[2.844s] -- Added test 'copyright' to check source files copyright and LICENSE
[2.849s] -- Added test 'cppcheck' to perform static code analysis on C / C++ code
[2.850s] -- Configured cppcheck include dirs: $<BUILD_INTERFACE:/home/cjs/Health_Node/ros2_ws/src/pkg01_healthoper_cpp/include>
[2.850s] -- Configured cppcheck exclude dirs and/or files: 
[2.855s] -- Added test 'cpplint' to check C / C++ code against the Google style
[2.855s] -- Configured cpplint exclude dirs and/or files: 
[2.860s] -- Added test 'lint_cmake' to check CMake code style
[2.865s] -- Added test 'uncrustify' to check C / C++ code style
[2.865s] -- Configured uncrustify additional arguments: 
[2.869s] -- Added test 'xmllint' to check XML markup files
[2.887s] -- Configuring done
[2.950s] -- Generating done
[2.955s] -- Build files have been written to: /home/cjs/Health_Node/build/pkg01_healthoper_cpp
[3.087s] [35m[1mScanning dependencies of target listener[0m
[3.267s] [ 20%] [32mBuilding CXX object CMakeFiles/listener.dir/src/listener.cpp.o[0m
[11.881s] [ 40%] [32m[1mLinking CXX executable listener[0m
[12.979s] [ 40%] Built target listener
[13.052s] [35m[1mScanning dependencies of target health_oper[0m
[13.290s] [ 60%] [32mBuilding CXX object CMakeFiles/health_oper.dir/src/health_oper.cpp.o[0m
[38.784s] [ 80%] [32mBuilding CXX object CMakeFiles/health_oper.dir/src/core_info.cpp.o[0m
[39.630s] [01m[K/home/cjs/Health_Node/ros2_ws/src/pkg01_healthoper_cpp/src/core_info.cpp:[m[K In member function ‘[01m[Kdouble CoreInfoMonitor::get_temperature()[m[K’:
[39.630s] [01m[K/home/cjs/Health_Node/ros2_ws/src/pkg01_healthoper_cpp/src/core_info.cpp:200:1:[m[K [01;35m[Kwarning: [m[Kcontrol reaches end of non-void function [[01;35m[K-Wreturn-type[m[K]
[39.631s]   200 | [01;35m[K}[m[K
[39.631s]       | [01;35m[K^[m[K
[39.775s] [100%] [32m[1mLinking CXX executable health_oper[0m
[42.816s] [100%] Built target health_oper
[42.860s] Invoked command in '/home/cjs/Health_Node/build/pkg01_healthoper_cpp' returned '0': AMENT_PREFIX_PATH=/home/cjs/Health_Node/install/base_interfaces_demo:${AMENT_PREFIX_PATH} CMAKE_PREFIX_PATH=/home/cjs/Health_Node/install/base_interfaces_demo:/opt/ros/foxy LD_LIBRARY_PATH=/home/cjs/Health_Node/install/base_interfaces_demo/lib:${LD_LIBRARY_PATH} PYTHONPATH=/home/cjs/Health_Node/install/base_interfaces_demo/lib/python3.8/site-packages:${PYTHONPATH} /usr/bin/cmake --build /home/cjs/Health_Node/build/pkg01_healthoper_cpp -- -j4 -l4
[43.031s] Invoking command in '/home/cjs/Health_Node/build/pkg01_healthoper_cpp': AMENT_PREFIX_PATH=/home/cjs/Health_Node/install/base_interfaces_demo:${AMENT_PREFIX_PATH} CMAKE_PREFIX_PATH=/home/cjs/Health_Node/install/base_interfaces_demo:/opt/ros/foxy LD_LIBRARY_PATH=/home/cjs/Health_Node/install/base_interfaces_demo/lib:${LD_LIBRARY_PATH} PYTHONPATH=/home/cjs/Health_Node/install/base_interfaces_demo/lib/python3.8/site-packages:${PYTHONPATH} /usr/bin/cmake --install /home/cjs/Health_Node/build/pkg01_healthoper_cpp
[43.066s] -- Install configuration: ""
[43.070s] -- Installing: /home/cjs/Health_Node/install/pkg01_healthoper_cpp/lib/pkg01_healthoper_cpp/health_oper
[43.110s] -- Set runtime path of "/home/cjs/Health_Node/install/pkg01_healthoper_cpp/lib/pkg01_healthoper_cpp/health_oper" to ""
[43.111s] -- Installing: /home/cjs/Health_Node/install/pkg01_healthoper_cpp/lib/pkg01_healthoper_cpp/listener
[43.131s] -- Set runtime path of "/home/cjs/Health_Node/install/pkg01_healthoper_cpp/lib/pkg01_healthoper_cpp/listener" to ""
[43.133s] -- Installing: /home/cjs/Health_Node/install/pkg01_healthoper_cpp/share/pkg01_healthoper_cpp/config
[43.134s] -- Installing: /home/cjs/Health_Node/install/pkg01_healthoper_cpp/share/pkg01_healthoper_cpp/config/mapping.yaml
[43.139s] -- Installing: /home/cjs/Health_Node/install/pkg01_healthoper_cpp/share/ament_index/resource_index/package_run_dependencies/pkg01_healthoper_cpp
[43.140s] -- Installing: /home/cjs/Health_Node/install/pkg01_healthoper_cpp/share/ament_index/resource_index/parent_prefix_path/pkg01_healthoper_cpp
[43.141s] -- Installing: /home/cjs/Health_Node/install/pkg01_healthoper_cpp/share/pkg01_healthoper_cpp/environment/ament_prefix_path.sh
[43.142s] -- Installing: /home/cjs/Health_Node/install/pkg01_healthoper_cpp/share/pkg01_healthoper_cpp/environment/ament_prefix_path.dsv
[43.143s] -- Installing: /home/cjs/Health_Node/install/pkg01_healthoper_cpp/share/pkg01_healthoper_cpp/environment/path.sh
[43.145s] -- Installing: /home/cjs/Health_Node/install/pkg01_healthoper_cpp/share/pkg01_healthoper_cpp/environment/path.dsv
[43.150s] -- Installing: /home/cjs/Health_Node/install/pkg01_healthoper_cpp/share/pkg01_healthoper_cpp/local_setup.bash
[43.151s] -- Installing: /home/cjs/Health_Node/install/pkg01_healthoper_cpp/share/pkg01_healthoper_cpp/local_setup.sh
[43.152s] -- Installing: /home/cjs/Health_Node/install/pkg01_healthoper_cpp/share/pkg01_healthoper_cpp/local_setup.zsh
[43.154s] -- Installing: /home/cjs/Health_Node/install/pkg01_healthoper_cpp/share/pkg01_healthoper_cpp/local_setup.dsv
[43.155s] -- Installing: /home/cjs/Health_Node/install/pkg01_healthoper_cpp/share/pkg01_healthoper_cpp/package.dsv
[43.156s] -- Installing: /home/cjs/Health_Node/install/pkg01_healthoper_cpp/share/ament_index/resource_index/packages/pkg01_healthoper_cpp
[43.157s] -- Installing: /home/cjs/Health_Node/install/pkg01_healthoper_cpp/share/pkg01_healthoper_cpp/cmake/pkg01_healthoper_cppConfig.cmake
[43.163s] -- Installing: /home/cjs/Health_Node/install/pkg01_healthoper_cpp/share/pkg01_healthoper_cpp/cmake/pkg01_healthoper_cppConfig-version.cmake
[43.164s] -- Installing: /home/cjs/Health_Node/install/pkg01_healthoper_cpp/share/pkg01_healthoper_cpp/package.xml
[43.178s] Invoked command in '/home/cjs/Health_Node/build/pkg01_healthoper_cpp' returned '0': AMENT_PREFIX_PATH=/home/cjs/Health_Node/install/base_interfaces_demo:${AMENT_PREFIX_PATH} CMAKE_PREFIX_PATH=/home/cjs/Health_Node/install/base_interfaces_demo:/opt/ros/foxy LD_LIBRARY_PATH=/home/cjs/Health_Node/install/base_interfaces_demo/lib:${LD_LIBRARY_PATH} PYTHONPATH=/home/cjs/Health_Node/install/base_interfaces_demo/lib/python3.8/site-packages:${PYTHONPATH} /usr/bin/cmake --install /home/cjs/Health_Node/build/pkg01_healthoper_cpp
