[0.071s] Invoking command in '/home/cjs/Health_Node/ros2_ws/build/pkg01_healthoper_cpp': CMAKE_PREFIX_PATH=/home/cjs/Health_Node/ros2_ws/install/base_interfaces_demo:/home/cjs/Health_Node/ros2_ws/install/pkg02_lifecycle_cpp:/home/cjs/Health_Node/ros2_ws/install/pkg01_healthoper_cpp:/opt/ros/foxy /usr/bin/cmake --build /home/cjs/Health_Node/ros2_ws/build/pkg01_healthoper_cpp -- -j4 -l4
[0.668s] [ 40%] Built target listener
[0.748s] [35m[1mScanning dependencies of target health_oper[0m
[0.976s] [ 60%] [32mBuilding CXX object CMakeFiles/health_oper.dir/src/health_oper.cpp.o[0m
[3.976s] [01m[K/home/cjs/Health_Node/ros2_ws/src/pkg01_healthoper_cpp/src/health_oper.cpp:[m[K In member function ‘[01m[Kvoid HealthOperator::load_error_map(const string&)[m[K’:
[3.976s] [01m[K/home/cjs/Health_Node/ros2_ws/src/pkg01_healthoper_cpp/src/health_oper.cpp:103:13:[m[K [01;31m[Kerror: [m[K‘[01m[KYAML[m[K’ has not been declared
[3.976s]   103 |             [01;31m[KYAML[m[K::Node config = YAML::LoadFile(file_path);
[3.976s]       |             [01;31m[K^~~~[m[K
[3.980s] [01m[K/home/cjs/Health_Node/ros2_ws/src/pkg01_healthoper_cpp/src/health_oper.cpp:104:41:[m[K [01;31m[Kerror: [m[K‘[01m[Kconfig[m[K’ was not declared in this scope
[3.980s]   104 |             for (const auto& category : [01;31m[Kconfig[m[K) {
[3.980s]       |                                         [01;31m[K^~~~~~[m[K
[3.980s] [01m[K/home/cjs/Health_Node/ros2_ws/src/pkg01_healthoper_cpp/src/health_oper.cpp:105:81:[m[K [01;31m[Kerror: [m[Kexpected primary-expression before ‘[01m[K>[m[K’ token
[3.980s]   105 |                 const std::string& category_name = category.first.as<std::string[01;31m[K>[m[K();
[3.981s]       |                                                                                 [01;31m[K^[m[K
[3.981s] [01m[K/home/cjs/Health_Node/ros2_ws/src/pkg01_healthoper_cpp/src/health_oper.cpp:105:83:[m[K [01;31m[Kerror: [m[Kexpected primary-expression before ‘[01m[K)[m[K’ token
[3.981s]   105 |                 const std::string& category_name = category.first.as<std::string>([01;31m[K)[m[K;
[3.981s]       |                                                                                   [01;31m[K^[m[K
[3.981s] [01m[K/home/cjs/Health_Node/ros2_ws/src/pkg01_healthoper_cpp/src/health_oper.cpp:107:51:[m[K [01;31m[Kerror: [m[Kexpected primary-expression before ‘[01m[Kint[m[K’
[3.982s]   107 |                     int error_id = error.first.as<[01;31m[Kint[m[K>();
[3.982s]       |                                                   [01;31m[K^~~[m[K
[3.982s] [01m[K/home/cjs/Health_Node/ros2_ws/src/pkg01_healthoper_cpp/src/health_oper.cpp:109:57:[m[K [01;31m[Kerror: [m[Kexpected primary-expression before ‘[01m[K>[m[K’ token
[3.982s]   109 |                         error.second["code"].as<uint64_t[01;31m[K>[m[K(),
[3.982s]       |                                                         [01;31m[K^[m[K
[3.983s] [01m[K/home/cjs/Health_Node/ros2_ws/src/pkg01_healthoper_cpp/src/health_oper.cpp:109:59:[m[K [01;31m[Kerror: [m[Kexpected primary-expression before ‘[01m[K)[m[K’ token
[3.983s]   109 |                         error.second["code"].as<uint64_t>([01;31m[K)[m[K,
[3.983s]       |                                                           [01;31m[K^[m[K
[3.983s] [01m[K/home/cjs/Health_Node/ros2_ws/src/pkg01_healthoper_cpp/src/health_oper.cpp:110:57:[m[K [01;31m[Kerror: [m[Kexpected primary-expression before ‘[01m[K>[m[K’ token
[3.984s]   110 |                         error.second["level"].as<uint8_t[01;31m[K>[m[K(),
[3.984s]       |                                                         [01;31m[K^[m[K
[3.984s] [01m[K/home/cjs/Health_Node/ros2_ws/src/pkg01_healthoper_cpp/src/health_oper.cpp:110:59:[m[K [01;31m[Kerror: [m[Kexpected primary-expression before ‘[01m[K)[m[K’ token
[3.984s]   110 |                         error.second["level"].as<uint8_t>([01;31m[K)[m[K,
[3.984s]       |                                                           [01;31m[K^[m[K
[3.984s] [01m[K/home/cjs/Health_Node/ros2_ws/src/pkg01_healthoper_cpp/src/health_oper.cpp:111:67:[m[K [01;31m[Kerror: [m[Kexpected primary-expression before ‘[01m[K>[m[K’ token
[3.985s]   111 |                         error.second["description"].as<std::string[01;31m[K>[m[K()
[3.985s]       |                                                                   [01;31m[K^[m[K
[3.985s] [01m[K/home/cjs/Health_Node/ros2_ws/src/pkg01_healthoper_cpp/src/health_oper.cpp:111:69:[m[K [01;31m[Kerror: [m[Kexpected primary-expression before ‘[01m[K)[m[K’ token
[3.985s]   111 |                         error.second["description"].as<std::string>([01;31m[K)[m[K
[3.985s]       |                                                                     [01;31m[K^[m[K
[3.992s] [01m[K/home/cjs/Health_Node/ros2_ws/src/pkg01_healthoper_cpp/src/health_oper.cpp:116:24:[m[K [01;31m[Kerror: [m[KISO C++ forbids declaration of ‘[01m[KYAML[m[K’ with no type [[01;31m[K-fpermissive[m[K]
[3.992s]   116 |         } catch (const [01;31m[KYAML[m[K::BadFile& e) {
[3.993s]       |                        [01;31m[K^~~~[m[K
[3.993s] [01m[K/home/cjs/Health_Node/ros2_ws/src/pkg01_healthoper_cpp/src/health_oper.cpp:116:28:[m[K [01;31m[Kerror: [m[Kexpected ‘[01m[K)[m[K’ before ‘[01m[K::[m[K’ token
[3.993s]   116 |         } catch [34m[K([m[Kconst YAML[01;31m[K:[m[K[32m[K:[m[KBadFile& e) {
[3.994s]       |                 [34m[K~[m[K          [01;31m[K^[m[K[32m[K~[m[K
[3.994s]       |                            [32m[K)[m[K
[3.994s] [01m[K/home/cjs/Health_Node/ros2_ws/src/pkg01_healthoper_cpp/src/health_oper.cpp:116:28:[m[K [01;31m[Kerror: [m[Kexpected ‘[01m[K{[m[K’ before ‘[01m[K::[m[K’ token
[3.994s]   116 |         } catch (const YAML[01;31m[K::[m[KBadFile& e) {
[3.994s]       |                            [01;31m[K^~[m[K
[3.995s] [01m[K/home/cjs/Health_Node/ros2_ws/src/pkg01_healthoper_cpp/src/health_oper.cpp:116:30:[m[K [01;31m[Kerror: [m[K‘[01m[K::BadFile[m[K’ has not been declared
[3.995s]   116 |         } catch (const YAML::[01;31m[KBadFile[m[K& e) {
[3.995s]       |                              [01;31m[K^~~~~~~[m[K
[3.996s] [01m[K/home/cjs/Health_Node/ros2_ws/src/pkg01_healthoper_cpp/src/health_oper.cpp:116:39:[m[K [01;31m[Kerror: [m[K‘[01m[Ke[m[K’ was not declared in this scope
[3.996s]   116 |         } catch (const YAML::BadFile& [01;31m[Ke[m[K) {
[3.996s]       |                                       [01;31m[K^[m[K
[3.996s] [01m[K/home/cjs/Health_Node/ros2_ws/src/pkg01_healthoper_cpp/src/health_oper.cpp:101:44:[m[K [01;35m[Kwarning: [m[Kunused parameter ‘[01m[Kfile_path[m[K’ [[01;35m[K-Wunused-parameter[m[K]
[3.996s]   101 |     void load_error_map([01;35m[Kconst std::string& file_path[m[K) {
[3.996s]       |                         [01;35m[K~~~~~~~~~~~~~~~~~~~^~~~~~~~~[m[K
[13.923s] make[2]: *** [CMakeFiles/health_oper.dir/build.make:63: CMakeFiles/health_oper.dir/src/health_oper.cpp.o] Error 1
[13.924s] make[1]: *** [CMakeFiles/Makefile2:134: CMakeFiles/health_oper.dir/all] Error 2
[13.935s] make: *** [Makefile:141: all] Error 2
[13.948s] Invoked command in '/home/cjs/Health_Node/ros2_ws/build/pkg01_healthoper_cpp' returned '2': CMAKE_PREFIX_PATH=/home/cjs/Health_Node/ros2_ws/install/base_interfaces_demo:/home/cjs/Health_Node/ros2_ws/install/pkg02_lifecycle_cpp:/home/cjs/Health_Node/ros2_ws/install/pkg01_healthoper_cpp:/opt/ros/foxy /usr/bin/cmake --build /home/cjs/Health_Node/ros2_ws/build/pkg01_healthoper_cpp -- -j4 -l4
