[0.025s] Invoking command in '/home/cjs/Health_Node/ros2_ws/build/pkg01_healthoper_cpp': AMENT_PREFIX_PATH=/home/cjs/Health_Node/ros2_ws/install/base_interfaces_demo:${AMENT_PREFIX_PATH} CMAKE_PREFIX_PATH=/home/cjs/Health_Node/ros2_ws/install/base_interfaces_demo:/opt/ros/foxy LD_LIBRARY_PATH=/home/cjs/Health_Node/ros2_ws/install/base_interfaces_demo/lib:${LD_LIBRARY_PATH} PYTHONPATH=/home/cjs/Health_Node/ros2_ws/install/base_interfaces_demo/lib/python3.8/site-packages:${PYTHONPATH} /usr/bin/cmake --build /home/cjs/Health_Node/ros2_ws/build/pkg01_healthoper_cpp -- -j4 -l4
[0.093s] -- Found ament_cmake: 0.9.12 (/opt/ros/foxy/share/ament_cmake/cmake)
[0.117s] -- Using PYTHON_EXECUTABLE: /usr/bin/python3
[0.304s] -- Found rclcpp: 2.4.3 (/opt/ros/foxy/share/rclcpp/cmake)
[0.357s] -- Using all available rosidl_typesupport_c: rosidl_typesupport_fastrtps_c;rosidl_typesupport_introspection_c
[0.361s] -- Found rosidl_adapter: 1.3.1 (/opt/ros/foxy/share/rosidl_adapter/cmake)
[0.485s] -- Using all available rosidl_typesupport_cpp: rosidl_typesupport_fastrtps_cpp;rosidl_typesupport_introspection_cpp
[0.554s] -- Found rmw_implementation_cmake: 1.0.4 (/opt/ros/foxy/share/rmw_implementation_cmake/cmake)
[0.558s] -- Using RMW implementation 'rmw_fastrtps_cpp' as default
[0.754s] -- Found base_interfaces_demo: 0.0.0 (/home/cjs/Health_Node/ros2_ws/install/base_interfaces_demo/share/base_interfaces_demo/cmake)
[0.871s] -- Found ament_lint_auto: 0.9.8 (/opt/ros/foxy/share/ament_lint_auto/cmake)
[0.969s] -- Added test 'copyright' to check source files copyright and LICENSE
[0.970s] -- Added test 'cppcheck' to perform static code analysis on C / C++ code
[0.971s] -- Configured cppcheck include dirs: $<BUILD_INTERFACE:/home/cjs/Health_Node/ros2_ws/src/pkg01_healthoper_cpp/include>
[0.971s] -- Configured cppcheck exclude dirs and/or files: 
[0.972s] -- Added test 'cpplint' to check C / C++ code against the Google style
[0.972s] -- Configured cpplint exclude dirs and/or files: 
[0.974s] -- Added test 'lint_cmake' to check CMake code style
[0.976s] -- Added test 'uncrustify' to check C / C++ code style
[0.976s] -- Configured uncrustify additional arguments: 
[0.977s] -- Added test 'xmllint' to check XML markup files
[0.980s] -- Configuring done
[1.003s] -- Generating done
[1.007s] -- Build files have been written to: /home/cjs/Health_Node/ros2_ws/build/pkg01_healthoper_cpp
[1.048s] [35m[1mScanning dependencies of target listener[0m
[1.049s] [35m[1mScanning dependencies of target health_oper[0m
[1.107s] [ 20%] [32mBuilding CXX object CMakeFiles/health_oper.dir/src/health_oper.cpp.o[0m
[1.110s] [ 40%] [32mBuilding CXX object CMakeFiles/health_oper.dir/src/core_info.cpp.o[0m
[1.116s] [ 60%] [32mBuilding CXX object CMakeFiles/listener.dir/src/listener.cpp.o[0m
[1.743s] [01m[K/home/cjs/Health_Node/ros2_ws/src/pkg01_healthoper_cpp/src/core_info.cpp:[m[K In member function ‘[01m[Kdouble CoreInfoMonitor::get_temperature()[m[K’:
[1.743s] [01m[K/home/cjs/Health_Node/ros2_ws/src/pkg01_healthoper_cpp/src/core_info.cpp:200:1:[m[K [01;35m[Kwarning: [m[Kcontrol reaches end of non-void function [[01;35m[K-Wreturn-type[m[K]
[1.743s]   200 | [01;35m[K}[m[K
[1.743s]       | [01;35m[K^[m[K
[3.383s] In file included from [01m[K/opt/ros/foxy/include/rclcpp/client.hpp:40[m[K,
[3.383s]                  from [01m[K/opt/ros/foxy/include/rclcpp/callback_group.hpp:23[m[K,
[3.383s]                  from [01m[K/opt/ros/foxy/include/rclcpp/any_executable.hpp:20[m[K,
[3.383s]                  from [01m[K/opt/ros/foxy/include/rclcpp/memory_strategy.hpp:24[m[K,
[3.383s]                  from [01m[K/opt/ros/foxy/include/rclcpp/memory_strategies.hpp:18[m[K,
[3.383s]                  from [01m[K/opt/ros/foxy/include/rclcpp/executor_options.hpp:20[m[K,
[3.383s]                  from [01m[K/opt/ros/foxy/include/rclcpp/executor.hpp:33[m[K,
[3.383s]                  from [01m[K/opt/ros/foxy/include/rclcpp/executors/multi_threaded_executor.hpp:26[m[K,
[3.383s]                  from [01m[K/opt/ros/foxy/include/rclcpp/executors.hpp:21[m[K,
[3.384s]                  from [01m[K/opt/ros/foxy/include/rclcpp/rclcpp.hpp:146[m[K,
[3.384s]                  from [01m[K/home/cjs/Health_Node/ros2_ws/src/pkg01_healthoper_cpp/src/listener.cpp:1[m[K:
[3.384s] [01m[K/home/cjs/Health_Node/ros2_ws/src/pkg01_healthoper_cpp/src/listener.cpp:[m[K In member function ‘[01m[Kvoid HealthNodeListener::topic_callback(base_interfaces_demo::msg::HealthNode_<std::allocator<void> >::SharedPtr) const[m[K’:
[3.384s] [01m[K/home/cjs/Health_Node/ros2_ws/src/pkg01_healthoper_cpp/src/listener.cpp:15:105:[m[K [01;31m[Kerror: [m[Krequest for member ‘[01m[Kc_str[m[K’ in ‘[01m[K((const std::__shared_ptr_access<base_interfaces_demo::msg::HealthNode_<std::allocator<void> >, __gnu_cxx::_S_atomic, false, false>*)(& msg))->std::__shared_ptr_access<base_interfaces_demo::msg::HealthNode_<std::allocator<void> >, __gnu_cxx::_S_atomic, false, false>::operator->()->base_interfaces_demo::msg::HealthNode_<std::allocator<void> >::nic_status[m[K’, which is of non-class type ‘[01m[Kbase_interfaces_demo::msg::HealthNode_<std::allocator<void> >::_nic_status_type[m[K’ {aka ‘[01m[Kdouble[m[K’}
[3.384s]    15 |                 msg->cpu_usage, msg->memory_usage, msg->disk_usage, msg->cpu_frequency, msg->nic_status.[01;31m[Kc_str[m[K(), msg->temperature);
[3.384s]       |                                                                                                         [01;31m[K^~~~~[m[K
[5.237s] make[2]: *** [CMakeFiles/listener.dir/build.make:63: CMakeFiles/listener.dir/src/listener.cpp.o] Error 1
[5.237s] make[1]: *** [CMakeFiles/Makefile2:80: CMakeFiles/listener.dir/all] Error 2
[5.237s] make[1]: *** Waiting for unfinished jobs....
[19.440s] [ 80%] [32m[1mLinking CXX executable health_oper[0m
[21.090s] /usr/bin/ld: CMakeFiles/health_oper.dir/src/health_oper.cpp.o: in function `YAML::Exception::Exception(YAML::Mark const&, std::__cxx11::basic_string<char, std::char_traits<char>, std::allocator<char> > const&)':
[21.091s] health_oper.cpp:(.text._ZN4YAML9ExceptionC2ERKNS_4MarkERKNSt7__cxx1112basic_stringIcSt11char_traitsIcESaIcEEE[_ZN4YAML9ExceptionC5ERKNS_4MarkERKNSt7__cxx1112basic_stringIcSt11char_traitsIcESaIcEEE]+0x61): undefined reference to `vtable for YAML::Exception'
[21.091s] /usr/bin/ld: CMakeFiles/health_oper.dir/src/health_oper.cpp.o: in function `YAML::RepresentationException::RepresentationException(YAML::Mark const&, std::__cxx11::basic_string<char, std::char_traits<char>, std::allocator<char> > const&)':
[21.091s] health_oper.cpp:(.text._ZN4YAML23RepresentationExceptionC2ERKNS_4MarkERKNSt7__cxx1112basic_stringIcSt11char_traitsIcESaIcEEE[_ZN4YAML23RepresentationExceptionC5ERKNS_4MarkERKNSt7__cxx1112basic_stringIcSt11char_traitsIcESaIcEEE]+0x32): undefined reference to `vtable for YAML::RepresentationException'
[21.092s] /usr/bin/ld: CMakeFiles/health_oper.dir/src/health_oper.cpp.o: in function `YAML::InvalidNode::InvalidNode()':
[21.092s] health_oper.cpp:(.text._ZN4YAML11InvalidNodeC2Ev[_ZN4YAML11InvalidNodeC5Ev]+0x89): undefined reference to `vtable for YAML::InvalidNode'
[21.092s] /usr/bin/ld: CMakeFiles/health_oper.dir/src/health_oper.cpp.o: in function `YAML::BadConversion::BadConversion(YAML::Mark const&)':
[21.093s] health_oper.cpp:(.text._ZN4YAML13BadConversionC2ERKNS_4MarkE[_ZN4YAML13BadConversionC5ERKNS_4MarkE]+0x79): undefined reference to `vtable for YAML::BadConversion'
[21.093s] /usr/bin/ld: CMakeFiles/health_oper.dir/src/health_oper.cpp.o: in function `YAML::BadSubscript::BadSubscript()':
[21.093s] health_oper.cpp:(.text._ZN4YAML12BadSubscriptC2Ev[_ZN4YAML12BadSubscriptC5Ev]+0x89): undefined reference to `vtable for YAML::BadSubscript'
[21.093s] /usr/bin/ld: CMakeFiles/health_oper.dir/src/health_oper.cpp.o: in function `YAML::detail::memory_holder::create_node()':
[21.093s] health_oper.cpp:(.text._ZN4YAML6detail13memory_holder11create_nodeEv[_ZN4YAML6detail13memory_holder11create_nodeEv]+0x20): undefined reference to `YAML::detail::memory::create_node()'
[21.093s] /usr/bin/ld: CMakeFiles/health_oper.dir/src/health_oper.cpp.o: in function `YAML::detail::node_ref::mark_defined()':
[21.093s] health_oper.cpp:(.text._ZN4YAML6detail8node_ref12mark_definedEv[_ZN4YAML6detail8node_ref12mark_definedEv]+0x20): undefined reference to `YAML::detail::node_data::mark_defined()'
[21.093s] /usr/bin/ld: CMakeFiles/health_oper.dir/src/health_oper.cpp.o: in function `YAML::detail::node_ref::set_null()':
[21.093s] health_oper.cpp:(.text._ZN4YAML6detail8node_ref8set_nullEv[_ZN4YAML6detail8node_ref8set_nullEv]+0x20): undefined reference to `YAML::detail::node_data::set_null()'
[21.093s] /usr/bin/ld: CMakeFiles/health_oper.dir/src/health_oper.cpp.o: in function `YAML::detail::node_ref::begin()':
[21.093s] health_oper.cpp:(.text._ZN4YAML6detail8node_ref5beginEv[_ZN4YAML6detail8node_ref5beginEv]+0x3d): undefined reference to `YAML::detail::node_data::begin()'
[21.093s] /usr/bin/ld: CMakeFiles/health_oper.dir/src/health_oper.cpp.o: in function `YAML::detail::node_ref::end()':
[21.093s] health_oper.cpp:(.text._ZN4YAML6detail8node_ref3endEv[_ZN4YAML6detail8node_ref3endEv]+0x3d): undefined reference to `YAML::detail::node_data::end()'
[21.094s] /usr/bin/ld: CMakeFiles/health_oper.dir/src/health_oper.cpp.o: in function `YAML::Node::EnsureNodeExists() const':
[21.094s] health_oper.cpp:(.text._ZNK4YAML4Node16EnsureNodeExistsEv[_ZNK4YAML4Node16EnsureNodeExistsEv]+0x39): undefined reference to `YAML::InvalidNode::~InvalidNode()'
[21.094s] /usr/bin/ld: health_oper.cpp:(.text._ZNK4YAML4Node16EnsureNodeExistsEv[_ZNK4YAML4Node16EnsureNodeExistsEv]+0x43): undefined reference to `typeinfo for YAML::InvalidNode'
[21.094s] /usr/bin/ld: CMakeFiles/health_oper.dir/src/health_oper.cpp.o: in function `YAML::Node::Mark() const':
[21.094s] health_oper.cpp:(.text._ZNK4YAML4Node4MarkEv[_ZNK4YAML4Node4MarkEv]+0x39): undefined reference to `YAML::InvalidNode::~InvalidNode()'
[21.094s] /usr/bin/ld: health_oper.cpp:(.text._ZNK4YAML4Node4MarkEv[_ZNK4YAML4Node4MarkEv]+0x43): undefined reference to `typeinfo for YAML::InvalidNode'
[21.094s] /usr/bin/ld: CMakeFiles/health_oper.dir/src/health_oper.cpp.o: in function `YAML::Node::Type() const':
[21.094s] health_oper.cpp:(.text._ZNK4YAML4Node4TypeEv[_ZNK4YAML4Node4TypeEv]+0x39): undefined reference to `YAML::InvalidNode::~InvalidNode()'
[21.094s] /usr/bin/ld: health_oper.cpp:(.text._ZNK4YAML4Node4TypeEv[_ZNK4YAML4Node4TypeEv]+0x43): undefined reference to `typeinfo for YAML::InvalidNode'
[21.094s] /usr/bin/ld: CMakeFiles/health_oper.dir/src/health_oper.cpp.o: in function `YAML::Node::Scalar[abi:cxx11]() const':
[21.094s] health_oper.cpp:(.text._ZNK4YAML4Node6ScalarB5cxx11Ev[_ZNK4YAML4Node6ScalarB5cxx11Ev]+0x39): undefined reference to `YAML::InvalidNode::~InvalidNode()'
[21.094s] /usr/bin/ld: health_oper.cpp:(.text._ZNK4YAML4Node6ScalarB5cxx11Ev[_ZNK4YAML4Node6ScalarB5cxx11Ev]+0x43): undefined reference to `typeinfo for YAML::InvalidNode'
[21.095s] /usr/bin/ld: health_oper.cpp:(.text._ZNK4YAML4Node6ScalarB5cxx11Ev[_ZNK4YAML4Node6ScalarB5cxx11Ev]+0x71): undefined reference to `YAML::detail::node_data::empty_scalar[abi:cxx11]'
[21.095s] /usr/bin/ld: CMakeFiles/health_oper.dir/src/health_oper.cpp.o: in function `HealthOperator::load_error_map(std::__cxx11::basic_string<char, std::char_traits<char>, std::allocator<char> > const&)':
[21.095s] health_oper.cpp:(.text._ZN14HealthOperator14load_error_mapERKNSt7__cxx1112basic_stringIcSt11char_traitsIcESaIcEEE[_ZN14HealthOperator14load_error_mapERKNSt7__cxx1112basic_stringIcSt11char_traitsIcESaIcEEE]+0x42): undefined reference to `YAML::LoadFile(std::__cxx11::basic_string<char, std::char_traits<char>, std::allocator<char> > const&)'
[21.095s] /usr/bin/ld: CMakeFiles/health_oper.dir/src/health_oper.cpp.o: in function `std::__cxx11::basic_string<char, std::char_traits<char>, std::allocator<char> > YAML::Node::as<std::__cxx11::basic_string<char, std::char_traits<char>, std::allocator<char> > >() const':
[21.096s] health_oper.cpp:(.text._ZNK4YAML4Node2asINSt7__cxx1112basic_stringIcSt11char_traitsIcESaIcEEEEET_v[_ZNK4YAML4Node2asINSt7__cxx1112basic_stringIcSt11char_traitsIcESaIcEEEEET_v]+0x4c): undefined reference to `YAML::InvalidNode::~InvalidNode()'
[21.096s] /usr/bin/ld: health_oper.cpp:(.text._ZNK4YAML4Node2asINSt7__cxx1112basic_stringIcSt11char_traitsIcESaIcEEEEET_v[_ZNK4YAML4Node2asINSt7__cxx1112basic_stringIcSt11char_traitsIcESaIcEEEEET_v]+0x56): undefined reference to `typeinfo for YAML::InvalidNode'
[21.096s] /usr/bin/ld: CMakeFiles/health_oper.dir/src/health_oper.cpp.o: in function `int YAML::Node::as<int>() const':
[21.096s] health_oper.cpp:(.text._ZNK4YAML4Node2asIiEET_v[_ZNK4YAML4Node2asIiEET_v]+0x48): undefined reference to `YAML::InvalidNode::~InvalidNode()'
[21.096s] /usr/bin/ld: health_oper.cpp:(.text._ZNK4YAML4Node2asIiEET_v[_ZNK4YAML4Node2asIiEET_v]+0x52): undefined reference to `typeinfo for YAML::InvalidNode'
[21.096s] /usr/bin/ld: CMakeFiles/health_oper.dir/src/health_oper.cpp.o: in function `YAML::Node const YAML::Node::operator[]<char [5]>(char const (&) [5]) const':
[21.096s] health_oper.cpp:(.text._ZNK4YAML4NodeixIA5_cEEKS0_RKT_[_ZNK4YAML4NodeixIA5_cEEKS0_RKT_]+0x50): undefined reference to `YAML::InvalidNode::~InvalidNode()'
[21.096s] /usr/bin/ld: health_oper.cpp:(.text._ZNK4YAML4NodeixIA5_cEEKS0_RKT_[_ZNK4YAML4NodeixIA5_cEEKS0_RKT_]+0x5a): undefined reference to `typeinfo for YAML::InvalidNode'
[21.096s] /usr/bin/ld: CMakeFiles/health_oper.dir/src/health_oper.cpp.o: in function `unsigned long YAML::Node::as<unsigned long>() const':
[21.096s] health_oper.cpp:(.text._ZNK4YAML4Node2asImEET_v[_ZNK4YAML4Node2asImEET_v]+0x48): undefined reference to `YAML::InvalidNode::~InvalidNode()'
[21.096s] /usr/bin/ld: health_oper.cpp:(.text._ZNK4YAML4Node2asImEET_v[_ZNK4YAML4Node2asImEET_v]+0x52): undefined reference to `typeinfo for YAML::InvalidNode'
[21.096s] /usr/bin/ld: CMakeFiles/health_oper.dir/src/health_oper.cpp.o: in function `YAML::Node const YAML::Node::operator[]<char [6]>(char const (&) [6]) const':
[21.096s] health_oper.cpp:(.text._ZNK4YAML4NodeixIA6_cEEKS0_RKT_[_ZNK4YAML4NodeixIA6_cEEKS0_RKT_]+0x50): undefined reference to `YAML::InvalidNode::~InvalidNode()'
[21.096s] /usr/bin/ld: health_oper.cpp:(.text._ZNK4YAML4NodeixIA6_cEEKS0_RKT_[_ZNK4YAML4NodeixIA6_cEEKS0_RKT_]+0x5a): undefined reference to `typeinfo for YAML::InvalidNode'
[21.096s] /usr/bin/ld: CMakeFiles/health_oper.dir/src/health_oper.cpp.o: in function `unsigned char YAML::Node::as<unsigned char>() const':
[21.096s] health_oper.cpp:(.text._ZNK4YAML4Node2asIhEET_v[_ZNK4YAML4Node2asIhEET_v]+0x48): undefined reference to `YAML::InvalidNode::~InvalidNode()'
[21.096s] /usr/bin/ld: health_oper.cpp:(.text._ZNK4YAML4Node2asIhEET_v[_ZNK4YAML4Node2asIhEET_v]+0x52): undefined reference to `typeinfo for YAML::InvalidNode'
[21.096s] /usr/bin/ld: CMakeFiles/health_oper.dir/src/health_oper.cpp.o: in function `YAML::Node const YAML::Node::operator[]<char [12]>(char const (&) [12]) const':
[21.096s] health_oper.cpp:(.text._ZNK4YAML4NodeixIA12_cEEKS0_RKT_[_ZNK4YAML4NodeixIA12_cEEKS0_RKT_]+0x50): undefined reference to `YAML::InvalidNode::~InvalidNode()'
[21.097s] /usr/bin/ld: health_oper.cpp:(.text._ZNK4YAML4NodeixIA12_cEEKS0_RKT_[_ZNK4YAML4NodeixIA12_cEEKS0_RKT_]+0x5a): undefined reference to `typeinfo for YAML::InvalidNode'
[21.097s] /usr/bin/ld: CMakeFiles/health_oper.dir/src/health_oper.cpp.o: in function `YAML::TypedBadConversion<int>::~TypedBadConversion()':
[21.097s] health_oper.cpp:(.text._ZN4YAML18TypedBadConversionIiED2Ev[_ZN4YAML18TypedBadConversionIiED5Ev]+0x26): undefined reference to `YAML::BadConversion::~BadConversion()'
[21.097s] /usr/bin/ld: CMakeFiles/health_oper.dir/src/health_oper.cpp.o: in function `YAML::TypedBadConversion<unsigned long>::~TypedBadConversion()':
[21.097s] health_oper.cpp:(.text._ZN4YAML18TypedBadConversionImED2Ev[_ZN4YAML18TypedBadConversionImED5Ev]+0x26): undefined reference to `YAML::BadConversion::~BadConversion()'
[21.097s] /usr/bin/ld: CMakeFiles/health_oper.dir/src/health_oper.cpp.o: in function `YAML::TypedBadConversion<unsigned char>::~TypedBadConversion()':
[21.097s] health_oper.cpp:(.text._ZN4YAML18TypedBadConversionIhED2Ev[_ZN4YAML18TypedBadConversionIhED5Ev]+0x26): undefined reference to `YAML::BadConversion::~BadConversion()'
[21.097s] /usr/bin/ld: CMakeFiles/health_oper.dir/src/health_oper.cpp.o: in function `YAML::detail::node* YAML::detail::node_data::get<std::__cxx11::basic_string<char, std::char_traits<char>, std::allocator<char> > >(std::__cxx11::basic_string<char, std::char_traits<char>, std::allocator<char> > const&, std::shared_ptr<YAML::detail::memory_holder>) const':
[21.097s] health_oper.cpp:(.text._ZNK4YAML6detail9node_data3getINSt7__cxx1112basic_stringIcSt11char_traitsIcESaIcEEEEEPNS0_4nodeERKT_St10shared_ptrINS0_13memory_holderEE[_ZNK4YAML6detail9node_data3getINSt7__cxx1112basic_stringIcSt11char_traitsIcESaIcEEEEEPNS0_4nodeERKT_St10shared_ptrINS0_13memory_holderEE]+0xe3): undefined reference to `YAML::BadSubscript::~BadSubscript()'
[21.097s] /usr/bin/ld: health_oper.cpp:(.text._ZNK4YAML6detail9node_data3getINSt7__cxx1112basic_stringIcSt11char_traitsIcESaIcEEEEEPNS0_4nodeERKT_St10shared_ptrINS0_13memory_holderEE[_ZNK4YAML6detail9node_data3getINSt7__cxx1112basic_stringIcSt11char_traitsIcESaIcEEEEEPNS0_4nodeERKT_St10shared_ptrINS0_13memory_holderEE]+0xed): undefined reference to `typeinfo for YAML::BadSubscript'
[21.097s] /usr/bin/ld: CMakeFiles/health_oper.dir/src/health_oper.cpp.o: in function `YAML::TypedBadConversion<std::__cxx11::basic_string<char, std::char_traits<char>, std::allocator<char> > >::~TypedBadConversion()':
[21.097s] health_oper.cpp:(.text._ZN4YAML18TypedBadConversionINSt7__cxx1112basic_stringIcSt11char_traitsIcESaIcEEEED2Ev[_ZN4YAML18TypedBadConversionINSt7__cxx1112basic_stringIcSt11char_traitsIcESaIcEEEED5Ev]+0x26): undefined reference to `YAML::BadConversion::~BadConversion()'
[21.097s] /usr/bin/ld: CMakeFiles/health_oper.dir/src/health_oper.cpp.o:(.data.rel.ro._ZTIN4YAML18TypedBadConversionIhEE[_ZTIN4YAML18TypedBadConversionIhEE]+0x10): undefined reference to `typeinfo for YAML::BadConversion'
[21.097s] /usr/bin/ld: CMakeFiles/health_oper.dir/src/health_oper.cpp.o:(.data.rel.ro._ZTIN4YAML18TypedBadConversionImEE[_ZTIN4YAML18TypedBadConversionImEE]+0x10): undefined reference to `typeinfo for YAML::BadConversion'
[21.097s] /usr/bin/ld: CMakeFiles/health_oper.dir/src/health_oper.cpp.o:(.data.rel.ro._ZTIN4YAML18TypedBadConversionIiEE[_ZTIN4YAML18TypedBadConversionIiEE]+0x10): undefined reference to `typeinfo for YAML::BadConversion'
[21.097s] /usr/bin/ld: CMakeFiles/health_oper.dir/src/health_oper.cpp.o:(.data.rel.ro._ZTIN4YAML18TypedBadConversionINSt7__cxx1112basic_stringIcSt11char_traitsIcESaIcEEEEE[_ZTIN4YAML18TypedBadConversionINSt7__cxx1112basic_stringIcSt11char_traitsIcESaIcEEEEE]+0x10): undefined reference to `typeinfo for YAML::BadConversion'
[21.097s] collect2: error: ld returned 1 exit status
[21.105s] make[2]: *** [CMakeFiles/health_oper.dir/build.make:161: health_oper] Error 1
[21.105s] make[1]: *** [CMakeFiles/Makefile2:134: CMakeFiles/health_oper.dir/all] Error 2
[21.105s] make: *** [Makefile:141: all] Error 2
[21.106s] Invoked command in '/home/cjs/Health_Node/ros2_ws/build/pkg01_healthoper_cpp' returned '2': AMENT_PREFIX_PATH=/home/cjs/Health_Node/ros2_ws/install/base_interfaces_demo:${AMENT_PREFIX_PATH} CMAKE_PREFIX_PATH=/home/cjs/Health_Node/ros2_ws/install/base_interfaces_demo:/opt/ros/foxy LD_LIBRARY_PATH=/home/cjs/Health_Node/ros2_ws/install/base_interfaces_demo/lib:${LD_LIBRARY_PATH} PYTHONPATH=/home/cjs/Health_Node/ros2_ws/install/base_interfaces_demo/lib/python3.8/site-packages:${PYTHONPATH} /usr/bin/cmake --build /home/cjs/Health_Node/ros2_ws/build/pkg01_healthoper_cpp -- -j4 -l4
