[0.000000] (-) TimerEvent: {}
[0.001106] (-) JobUnselected: {'identifier': 'base_interfaces_demo'}
[0.001279] (-) JobUnselected: {'identifier': 'pkg02_lifecycle_cpp'}
[0.001454] (pkg01_healthoper_cpp) JobQueued: {'identifier': 'pkg01_healthoper_cpp', 'dependencies': OrderedDict([('base_interfaces_demo', '/home/cjs/Health_Node/ros2_ws/install/base_interfaces_demo')])}
[0.001824] (pkg01_healthoper_cpp) JobStarted: {'identifier': 'pkg01_healthoper_cpp'}
[0.035849] (pkg01_healthoper_cpp) JobProgress: {'identifier': 'pkg01_healthoper_cpp', 'progress': 'cmake'}
[0.039999] (pkg01_healthoper_cpp) JobProgress: {'identifier': 'pkg01_healthoper_cpp', 'progress': 'build'}
[0.040161] (pkg01_healthoper_cpp) Command: {'cmd': ['/usr/bin/cmake', '--build', '/home/cjs/Health_Node/ros2_ws/build/pkg01_healthoper_cpp', '--', '-j4', '-l4'], 'cwd': '/home/cjs/Health_Node/ros2_ws/build/pkg01_healthoper_cpp', 'env': OrderedDict([('LC_TIME', 'zh_CN.UTF-8'), ('USER', 'cjs'), ('SSH_AGENT_PID', '1542'), ('XDG_SESSION_TYPE', 'x11'), ('GIT_ASKPASS', '/snap/code/164/usr/share/code/resources/app/extensions/git/dist/askpass.sh'), ('LD_LIBRARY_PATH', '/home/cjs/Health_Node/ros2_ws/install/base_interfaces_demo/lib:/opt/ros/foxy/opt/yaml_cpp_vendor/lib:/opt/ros/foxy/opt/rviz_ogre_vendor/lib:/opt/ros/foxy/lib/x86_64-linux-gnu:/opt/ros/foxy/lib'), ('SHLVL', '2'), ('CHROME_DESKTOP', 'code-url-handler.desktop'), ('HOME', '/home/cjs'), ('LESS', '-R'), ('OLDPWD', '/home/cjs/Health_Node'), ('DESKTOP_SESSION', 'ubuntu'), ('TERM_PROGRAM_VERSION', '1.91.1'), ('LSCOLORS', 'Gxfxcxdxbxegedabagacad'), ('ZSH', '/home/cjs/.oh-my-zsh'), ('ALL', 'en.US.UTF-8'), ('GNOME_SHELL_SESSION_MODE', 'ubuntu'), ('GTK_MODULES', 'gail:atk-bridge'), ('PAGER', 'less'), ('ROS_PYTHON_VERSION', '3'), ('VSCODE_GIT_ASKPASS_MAIN', '/snap/code/164/usr/share/code/resources/app/extensions/git/dist/askpass-main.js'), ('LC_MONETARY', 'zh_CN.UTF-8'), ('MANAGERPID', '1446'), ('VSCODE_GIT_ASKPASS_NODE', '/snap/code/164/usr/share/code/code'), ('DBUS_SESSION_BUS_ADDRESS', 'unix:path=/run/user/1000/bus,guid=0fa02c7d661b6b7cbfd27f1066a0581b'), ('DBUS_STARTER_BUS_TYPE', 'session'), ('COLORTERM', 'truecolor'), ('IM_CONFIG_PHASE', '1'), ('ROS_DISTRO', 'foxy'), ('LOGNAME', 'cjs'), ('JOURNAL_STREAM', '8:56620'), ('_', '/usr/bin/colcon'), ('ROS_VERSION', '2'), ('XDG_CONFIG_DIRS_VSCODE_SNAP_ORIG', '/etc/xdg/xdg-ubuntu:/etc/xdg'), ('XDG_DATA_DIRS_VSCODE_SNAP_ORIG', '/usr/share/ubuntu:/usr/local/share/:/usr/share/:/var/lib/snapd/desktop'), ('XDG_SESSION_CLASS', 'user'), ('USER_ZDOTDIR', '/home/cjs'), ('TERM', 'xterm-256color'), ('USERNAME', 'cjs'), ('GNOME_DESKTOP_SESSION_ID', 'this-is-deprecated'), ('ROS_LOCALHOST_ONLY', '0'), ('WINDOWPATH', '2'), ('PATH', '/opt/ros/foxy/bin:/usr/local/sbin:/usr/local/bin:/usr/sbin:/usr/bin:/sbin:/bin:/usr/games:/usr/local/games:/snap/bin'), ('INVOCATION_ID', '9e60448dcc804a64942f76a12b382da6'), ('SESSION_MANAGER', 'local/cjs-virtual-machine:@/tmp/.ICE-unix/1577,unix/cjs-virtual-machine:/tmp/.ICE-unix/1577'), ('LC_ADDRESS', 'zh_CN.UTF-8'), ('XDG_MENU_PREFIX', 'gnome-'), ('XDG_RUNTIME_DIR', '/run/user/1000'), ('DISPLAY', ':0'), ('LANG', 'en_US.UTF-8'), ('LC_TELEPHONE', 'zh_CN.UTF-8'), ('TILIX_ID', 'aa2b7333-90b5-4e62-8b6d-36f0a2a23156'), ('XDG_CURRENT_DESKTOP', 'Unity'), ('VSCODE_INJECTION', '1'), ('LS_COLORS', 'no=00:fi=00:di=01;34:ln=00;36:pi=40;33:so=01;35:do=01;35:bd=40;33;01:cd=40;33;01:or=41;33;01:ex=00;32:*.cmd=00;32:*.exe=01;32:*.com=01;32:*.bat=01;32:*.btm=01;32:*.dll=01;32:*.tar=00;31:*.tbz=00;31:*.tgz=00;31:*.rpm=00;31:*.deb=00;31:*.arj=00;31:*.taz=00;31:*.lzh=00;31:*.lzma=00;31:*.zip=00;31:*.zoo=00;31:*.z=00;31:*.Z=00;31:*.gz=00;31:*.bz2=00;31:*.tb2=00;31:*.tz2=00;31:*.tbz2=00;31:*.avi=01;35:*.bmp=01;35:*.fli=01;35:*.gif=01;35:*.jpg=01;35:*.jpeg=01;35:*.mng=01;35:*.mov=01;35:*.mpg=01;35:*.pcx=01;35:*.pbm=01;35:*.pgm=01;35:*.png=01;35:*.ppm=01;35:*.tga=01;35:*.tif=01;35:*.xbm=01;35:*.xpm=01;35:*.dl=01;35:*.gl=01;35:*.wmv=01;35:*.aiff=00;32:*.au=00;32:*.mid=00;32:*.mp3=00;32:*.ogg=00;32:*.voc=00;32:*.wav=00;32:'), ('XAUTHORITY', '/run/user/1000/gdm/Xauthority'), ('XDG_SESSION_DESKTOP', 'ubuntu'), ('XMODIFIERS', '@im=ibus'), ('TERM_PROGRAM', 'vscode'), ('VSCODE_GIT_IPC_HANDLE', '/run/user/1000/vscode-git-8011e79f48.sock'), ('AMENT_PREFIX_PATH', '/home/cjs/Health_Node/ros2_ws/install/base_interfaces_demo:/opt/ros/foxy'), ('ORIGINAL_XDG_CURRENT_DESKTOP', 'ubuntu:GNOME'), ('SSH_AUTH_SOCK', '/run/user/1000/keyring/ssh'), ('LC_NAME', 'zh_CN.UTF-8'), ('SHELL', '/usr/bin/zsh'), ('GDMSESSION', 'ubuntu'), ('QT_ACCESSIBILITY', '1'), ('LC_MEASUREMENT', 'zh_CN.UTF-8'), ('GPG_AGENT_INFO', '/run/user/1000/gnupg/S.gpg-agent:0:1'), ('LC_IDENTIFICATION', 'zh_CN.UTF-8'), ('QT_IM_MODULE', 'ibus'), ('VSCODE_GIT_ASKPASS_EXTRA_ARGS', ''), ('PWD', '/home/cjs/Health_Node/ros2_ws/build/pkg01_healthoper_cpp'), ('DBUS_STARTER_ADDRESS', 'unix:path=/run/user/1000/bus,guid=0fa02c7d661b6b7cbfd27f1066a0581b'), ('XDG_CONFIG_DIRS', '/etc/xdg/xdg-ubuntu:/etc/xdg'), ('XDG_DATA_DIRS', '/usr/share/ubuntu:/usr/local/share/:/usr/share/:/var/lib/snapd/desktop'), ('ZDOTDIR', '/home/cjs'), ('LC_NUMERIC', 'zh_CN.UTF-8'), ('PYTHONPATH', '/home/cjs/Health_Node/ros2_ws/install/base_interfaces_demo/lib/python3.8/site-packages:/opt/ros/foxy/lib/python3.8/site-packages'), ('LC_PAPER', 'zh_CN.UTF-8'), ('COLCON', '1'), ('VTE_VERSION', '6003'), ('CMAKE_PREFIX_PATH', '/home/cjs/Health_Node/ros2_ws/install/base_interfaces_demo:/opt/ros/foxy')]), 'shell': False}
[0.099065] (-) TimerEvent: {}
[0.195401] (pkg01_healthoper_cpp) StdoutLine: {'line': b'\x1b[35m\x1b[1mScanning dependencies of target health_oper\x1b[0m\n'}
[0.199497] (-) TimerEvent: {}
[0.255008] (pkg01_healthoper_cpp) StdoutLine: {'line': b'[ 40%] Built target listener\n'}
[0.300070] (-) TimerEvent: {}
[0.353719] (pkg01_healthoper_cpp) StdoutLine: {'line': b'[ 60%] \x1b[32mBuilding CXX object CMakeFiles/health_oper.dir/src/health_oper.cpp.o\x1b[0m\n'}
[0.400601] (-) TimerEvent: {}
[0.501877] (-) TimerEvent: {}
[0.602741] (-) TimerEvent: {}
[0.704493] (-) TimerEvent: {}
[0.805639] (-) TimerEvent: {}
[0.906739] (-) TimerEvent: {}
[1.007739] (-) TimerEvent: {}
[1.108513] (-) TimerEvent: {}
[1.209798] (-) TimerEvent: {}
[1.311292] (-) TimerEvent: {}
[1.412947] (-) TimerEvent: {}
[1.514291] (-) TimerEvent: {}
[1.615240] (-) TimerEvent: {}
[1.716822] (-) TimerEvent: {}
[1.818446] (-) TimerEvent: {}
[1.919806] (-) TimerEvent: {}
[2.020446] (-) TimerEvent: {}
[2.121193] (-) TimerEvent: {}
[2.222462] (-) TimerEvent: {}
[2.323994] (-) TimerEvent: {}
[2.424636] (-) TimerEvent: {}
[2.525396] (-) TimerEvent: {}
[2.626694] (-) TimerEvent: {}
[2.728115] (-) TimerEvent: {}
[2.828788] (-) TimerEvent: {}
[2.929517] (-) TimerEvent: {}
[3.031090] (-) TimerEvent: {}
[3.132284] (-) TimerEvent: {}
[3.233095] (-) TimerEvent: {}
[3.334580] (-) TimerEvent: {}
[3.436025] (-) TimerEvent: {}
[3.536629] (-) TimerEvent: {}
[3.637808] (-) TimerEvent: {}
[3.738534] (-) TimerEvent: {}
[3.839942] (-) TimerEvent: {}
[3.940831] (-) TimerEvent: {}
[4.042163] (-) TimerEvent: {}
[4.143550] (-) TimerEvent: {}
[4.245151] (-) TimerEvent: {}
[4.346049] (-) TimerEvent: {}
[4.447283] (-) TimerEvent: {}
[4.548858] (-) TimerEvent: {}
[4.650320] (-) TimerEvent: {}
[4.751985] (-) TimerEvent: {}
[4.852640] (-) TimerEvent: {}
[4.954003] (-) TimerEvent: {}
[5.055574] (-) TimerEvent: {}
[5.156666] (-) TimerEvent: {}
[5.258358] (-) TimerEvent: {}
[5.359143] (-) TimerEvent: {}
[5.460670] (-) TimerEvent: {}
[5.561284] (-) TimerEvent: {}
[5.662681] (-) TimerEvent: {}
[5.764305] (-) TimerEvent: {}
[5.865196] (-) TimerEvent: {}
[5.966399] (-) TimerEvent: {}
[6.067959] (-) TimerEvent: {}
[6.168713] (-) TimerEvent: {}
[6.269934] (-) TimerEvent: {}
[6.370759] (-) TimerEvent: {}
[6.472646] (-) TimerEvent: {}
[6.574041] (-) TimerEvent: {}
[6.675559] (-) TimerEvent: {}
[6.776344] (-) TimerEvent: {}
[6.877113] (-) TimerEvent: {}
[6.977973] (-) TimerEvent: {}
[7.079102] (-) TimerEvent: {}
[7.180689] (-) TimerEvent: {}
[7.282129] (-) TimerEvent: {}
[7.383664] (-) TimerEvent: {}
[7.485361] (-) TimerEvent: {}
[7.586812] (-) TimerEvent: {}
[7.687563] (-) TimerEvent: {}
[7.788378] (-) TimerEvent: {}
[7.889594] (-) TimerEvent: {}
[7.991218] (-) TimerEvent: {}
[8.092768] (-) TimerEvent: {}
[8.194049] (-) TimerEvent: {}
[8.295559] (-) TimerEvent: {}
[8.397206] (-) TimerEvent: {}
[8.498804] (-) TimerEvent: {}
[8.600322] (-) TimerEvent: {}
[8.701083] (-) TimerEvent: {}
[8.802581] (-) TimerEvent: {}
[8.903465] (-) TimerEvent: {}
[9.004916] (-) TimerEvent: {}
[9.106505] (-) TimerEvent: {}
[9.207935] (-) TimerEvent: {}
[9.309507] (-) TimerEvent: {}
[9.410335] (-) TimerEvent: {}
[9.511363] (-) TimerEvent: {}
[9.612418] (-) TimerEvent: {}
[9.713389] (-) TimerEvent: {}
[9.814922] (-) TimerEvent: {}
[9.916496] (-) TimerEvent: {}
[10.017702] (-) TimerEvent: {}
[10.119329] (-) TimerEvent: {}
[10.220941] (-) TimerEvent: {}
[10.321575] (-) TimerEvent: {}
[10.423055] (-) TimerEvent: {}
[10.524686] (-) TimerEvent: {}
[10.626076] (-) TimerEvent: {}
[10.726890] (-) TimerEvent: {}
[10.828112] (-) TimerEvent: {}
[10.928686] (-) TimerEvent: {}
[11.029388] (-) TimerEvent: {}
[11.130790] (-) TimerEvent: {}
[11.232464] (-) TimerEvent: {}
[11.333652] (-) TimerEvent: {}
[11.434332] (-) TimerEvent: {}
[11.535510] (-) TimerEvent: {}
[11.636541] (-) TimerEvent: {}
[11.737919] (-) TimerEvent: {}
[11.839503] (-) TimerEvent: {}
[11.941096] (-) TimerEvent: {}
[12.042504] (-) TimerEvent: {}
[12.144028] (-) TimerEvent: {}
[12.244821] (-) TimerEvent: {}
[12.346105] (-) TimerEvent: {}
[12.447696] (-) TimerEvent: {}
[12.548714] (-) TimerEvent: {}
[12.649720] (-) TimerEvent: {}
[12.751313] (-) TimerEvent: {}
[12.853008] (-) TimerEvent: {}
[12.954134] (-) TimerEvent: {}
[13.055685] (-) TimerEvent: {}
[13.156339] (-) TimerEvent: {}
[13.257573] (-) TimerEvent: {}
[13.359083] (-) TimerEvent: {}
[13.460668] (-) TimerEvent: {}
[13.562341] (-) TimerEvent: {}
[13.663858] (-) TimerEvent: {}
[13.764514] (-) TimerEvent: {}
[13.865956] (-) TimerEvent: {}
[13.967408] (-) TimerEvent: {}
[14.069110] (-) TimerEvent: {}
[14.170486] (-) TimerEvent: {}
[14.272123] (-) TimerEvent: {}
[14.373502] (-) TimerEvent: {}
[14.474134] (-) TimerEvent: {}
[14.575646] (-) TimerEvent: {}
[14.676797] (-) TimerEvent: {}
[14.778271] (-) TimerEvent: {}
[14.879477] (-) TimerEvent: {}
[14.980411] (-) TimerEvent: {}
[15.081123] (-) TimerEvent: {}
[15.182521] (-) TimerEvent: {}
[15.283278] (-) TimerEvent: {}
[15.384088] (-) TimerEvent: {}
[15.485097] (-) TimerEvent: {}
[15.586753] (-) TimerEvent: {}
[15.688306] (-) TimerEvent: {}
[15.789385] (-) TimerEvent: {}
[15.890387] (-) TimerEvent: {}
[15.991931] (-) TimerEvent: {}
[16.093444] (-) TimerEvent: {}
[16.195053] (-) TimerEvent: {}
[16.296622] (-) TimerEvent: {}
[16.398073] (-) TimerEvent: {}
[16.498809] (-) TimerEvent: {}
[16.600242] (-) TimerEvent: {}
[16.701366] (-) TimerEvent: {}
[16.802333] (-) TimerEvent: {}
[16.903501] (-) TimerEvent: {}
[17.004591] (-) TimerEvent: {}
[17.105225] (-) TimerEvent: {}
[17.206685] (-) TimerEvent: {}
[17.307815] (-) TimerEvent: {}
[17.409327] (-) TimerEvent: {}
[17.510835] (-) TimerEvent: {}
[17.611391] (-) TimerEvent: {}
[17.713029] (-) TimerEvent: {}
[17.814451] (-) TimerEvent: {}
[17.915896] (-) TimerEvent: {}
[18.016516] (-) TimerEvent: {}
[18.117991] (-) TimerEvent: {}
[18.219065] (-) TimerEvent: {}
[18.320054] (-) TimerEvent: {}
[18.420781] (-) TimerEvent: {}
[18.522272] (-) TimerEvent: {}
[18.624037] (-) TimerEvent: {}
[18.724799] (-) TimerEvent: {}
[18.828486] (-) TimerEvent: {}
[18.929409] (-) TimerEvent: {}
[19.030108] (-) TimerEvent: {}
[19.131576] (-) TimerEvent: {}
[19.232361] (-) TimerEvent: {}
[19.333726] (-) TimerEvent: {}
[19.435234] (-) TimerEvent: {}
[19.536910] (-) TimerEvent: {}
[19.638288] (-) TimerEvent: {}
[19.739852] (-) TimerEvent: {}
[19.840479] (-) TimerEvent: {}
[19.941189] (-) TimerEvent: {}
[20.042443] (-) TimerEvent: {}
[20.144089] (-) TimerEvent: {}
[20.245541] (-) TimerEvent: {}
[20.346180] (-) TimerEvent: {}
[20.447610] (-) TimerEvent: {}
[20.548403] (-) TimerEvent: {}
[20.649295] (-) TimerEvent: {}
[20.750829] (-) TimerEvent: {}
[20.851962] (-) TimerEvent: {}
[20.952960] (-) TimerEvent: {}
[21.053690] (-) TimerEvent: {}
[21.154940] (-) TimerEvent: {}
[21.256574] (-) TimerEvent: {}
[21.357694] (-) TimerEvent: {}
[21.458360] (-) TimerEvent: {}
[21.558922] (-) TimerEvent: {}
[21.659790] (-) TimerEvent: {}
[21.761153] (-) TimerEvent: {}
[21.861918] (-) TimerEvent: {}
[21.871684] (pkg01_healthoper_cpp) StdoutLine: {'line': b'[ 80%] \x1b[32m\x1b[1mLinking CXX executable health_oper\x1b[0m\n'}
[21.962340] (-) TimerEvent: {}
[22.063728] (-) TimerEvent: {}
[22.164535] (-) TimerEvent: {}
[22.265814] (-) TimerEvent: {}
[22.367270] (-) TimerEvent: {}
[22.467939] (-) TimerEvent: {}
[22.568567] (-) TimerEvent: {}
[22.669653] (-) TimerEvent: {}
[22.771154] (-) TimerEvent: {}
[22.872810] (-) TimerEvent: {}
[22.973433] (-) TimerEvent: {}
[23.074807] (-) TimerEvent: {}
[23.176312] (-) TimerEvent: {}
[23.277802] (-) TimerEvent: {}
[23.379391] (-) TimerEvent: {}
[23.481063] (-) TimerEvent: {}
[23.582003] (-) TimerEvent: {}
[23.683001] (-) TimerEvent: {}
[23.783968] (-) TimerEvent: {}
[23.884620] (-) TimerEvent: {}
[23.985971] (-) TimerEvent: {}
[24.087551] (-) TimerEvent: {}
[24.189043] (-) TimerEvent: {}
[24.290607] (-) TimerEvent: {}
[24.384382] (pkg01_healthoper_cpp) StderrLine: {'line': b"/usr/bin/ld: CMakeFiles/health_oper.dir/src/health_oper.cpp.o: in function `HealthOperator::HealthOperator()':\n"}
[24.385558] (pkg01_healthoper_cpp) StderrLine: {'line': b"health_oper.cpp:(.text._ZN14HealthOperatorC2Ev[_ZN14HealthOperatorC5Ev]+0x4ac): undefined reference to `ament_index_cpp::get_package_share_directory(std::__cxx11::basic_string<char, std::char_traits<char>, std::allocator<char> > const&)'\n"}
[24.385709] (pkg01_healthoper_cpp) StderrLine: {'line': b'collect2: error: ld returned 1 exit status\n'}
[24.388672] (pkg01_healthoper_cpp) StderrLine: {'line': b'make[2]: *** [CMakeFiles/health_oper.dir/build.make:162: health_oper] Error 1\n'}
[24.389727] (pkg01_healthoper_cpp) StderrLine: {'line': b'make[1]: *** [CMakeFiles/Makefile2:134: CMakeFiles/health_oper.dir/all] Error 2\n'}
[24.389964] (pkg01_healthoper_cpp) StderrLine: {'line': b'make: *** [Makefile:141: all] Error 2\n'}
[24.391057] (-) TimerEvent: {}
[24.399957] (pkg01_healthoper_cpp) CommandEnded: {'returncode': 2}
[24.492409] (-) TimerEvent: {}
[24.560852] (pkg01_healthoper_cpp) JobEnded: {'identifier': 'pkg01_healthoper_cpp', 'rc': 2}
[24.564487] (-) EventReactorShutdown: {}
