-- Found ament_cmake: 0.9.12 (/opt/ros/foxy/share/ament_cmake/cmake)
-- Using PYTHON_EXECUTABLE: /usr/bin/python3
-- Found rclcpp: 2.4.3 (/opt/ros/foxy/share/rclcpp/cmake)
-- Using all available rosidl_typesupport_c: rosidl_typesupport_fastrtps_c;rosidl_typesupport_introspection_c
-- Found rosidl_adapter: 1.3.1 (/opt/ros/foxy/share/rosidl_adapter/cmake)
-- Using all available rosidl_typesupport_cpp: rosidl_typesupport_fastrtps_cpp;rosidl_typesupport_introspection_cpp
-- Found rmw_implementation_cmake: 1.0.4 (/opt/ros/foxy/share/rmw_implementation_cmake/cmake)
-- Using RMW implementation 'rmw_fastrtps_cpp' as default
-- Found base_interfaces_demo: 0.0.0 (/home/cjs/Health_Node/ros2_ws/install/base_interfaces_demo/share/base_interfaces_demo/cmake)
-- Found ament_lint_auto: 0.9.8 (/opt/ros/foxy/share/ament_lint_auto/cmake)
-- Added test 'copyright' to check source files copyright and LICENSE
-- Added test 'cppcheck' to perform static code analysis on C / C++ code
-- Configured cppcheck include dirs: $<BUILD_INTERFACE:/home/cjs/Health_Node/ros2_ws/src/pkg01_healthoper_cpp/include>
-- Configured cppcheck exclude dirs and/or files: 
-- Added test 'cpplint' to check C / C++ code against the Google style
-- Configured cpplint exclude dirs and/or files: 
-- Added test 'lint_cmake' to check CMake code style
-- Added test 'uncrustify' to check C / C++ code style
-- Configured uncrustify additional arguments: 
-- Added test 'xmllint' to check XML markup files
-- Configuring done
-- Generating done
-- Build files have been written to: /home/cjs/Health_Node/ros2_ws/build/pkg01_healthoper_cpp
[35m[1mScanning dependencies of target listener[0m
[35m[1mScanning dependencies of target health_oper[0m
[ 25%] [32mBuilding CXX object CMakeFiles/listener.dir/src/listener.cpp.o[0m
[ 50%] [32mBuilding CXX object CMakeFiles/health_oper.dir/src/health_oper.cpp.o[0m
[01m[K/home/cjs/Health_Node/ros2_ws/src/pkg01_healthoper_cpp/src/health_oper.cpp:[m[K In member function ‘[01m[Kvoid HealthOperator::publish_health_node()[m[K’:
[01m[K/home/cjs/Health_Node/ros2_ws/src/pkg01_healthoper_cpp/src/health_oper.cpp:103:62:[m[K [01;31m[Kerror: [m[Kno match for ‘[01m[Koperator=[m[K’ (operand types are ‘[01m[Kbase_interfaces_demo::msg::HealthNode_<std::allocator<void> >::_error_array_type[m[K’ {aka ‘[01m[Kstd::array<long unsigned int, 12>[m[K’} and ‘[01m[Kstd::vector<long unsigned int>[m[K’)
  103 |     health_node_msg.error_array = std::vector<uint64_t>(12, 0[01;31m[K)[m[K; // Fill error_array with 0
      |                                                              [01;31m[K^[m[K
In file included from [01m[K/usr/include/c++/9/tuple:39[m[K,
                 from [01m[K/usr/include/c++/9/bits/unique_ptr.h:37[m[K,
                 from [01m[K/usr/include/c++/9/memory:80[m[K,
                 from [01m[K/opt/ros/foxy/include/rclcpp/rclcpp.hpp:144[m[K,
                 from [01m[K/home/cjs/Health_Node/ros2_ws/src/pkg01_healthoper_cpp/src/health_oper.cpp:1[m[K:
[01m[K/usr/include/c++/9/array:94:12:[m[K [01;36m[Knote: [m[Kcandidate: ‘[01m[Kconstexpr std::array<long unsigned int, 12>& std::array<long unsigned int, 12>::operator=(const std::array<long unsigned int, 12>&)[m[K’
   94 |     struct [01;36m[Karray[m[K
      |            [01;36m[K^~~~~[m[K
[01m[K/usr/include/c++/9/array:94:12:[m[K [01;36m[Knote: [m[K  no known conversion for argument 1 from ‘[01m[Kstd::vector<long unsigned int>[m[K’ to ‘[01m[Kconst std::array<long unsigned int, 12>&[m[K’
[01m[K/usr/include/c++/9/array:94:12:[m[K [01;36m[Knote: [m[Kcandidate: ‘[01m[Kconstexpr std::array<long unsigned int, 12>& std::array<long unsigned int, 12>::operator=(std::array<long unsigned int, 12>&&)[m[K’
[01m[K/usr/include/c++/9/array:94:12:[m[K [01;36m[Knote: [m[K  no known conversion for argument 1 from ‘[01m[Kstd::vector<long unsigned int>[m[K’ to ‘[01m[Kstd::array<long unsigned int, 12>&&[m[K’
[ 75%] [32m[1mLinking CXX executable listener[0m
[ 75%] Built target listener
[01m[K/home/cjs/Health_Node/ros2_ws/src/pkg01_healthoper_cpp/src/health_oper.cpp:[m[K In member function ‘[01m[Kdouble HealthOperator::get_temperature()[m[K’:
[01m[K/home/cjs/Health_Node/ros2_ws/src/pkg01_healthoper_cpp/src/health_oper.cpp:286:3:[m[K [01;35m[Kwarning: [m[Kcontrol reaches end of non-void function [[01;35m[K-Wreturn-type[m[K]
  286 |   [01;35m[K}[m[K
      |   [01;35m[K^[m[K
make[2]: *** [CMakeFiles/health_oper.dir/build.make:63: CMakeFiles/health_oper.dir/src/health_oper.cpp.o] Error 1
make[1]: *** [CMakeFiles/Makefile2:134: CMakeFiles/health_oper.dir/all] Error 2
make: *** [Makefile:141: all] Error 2
