[0.043s] Invoking command in '/home/cjs/Health_Node/ros2_ws/build/pkg00_base_interfaces': CMAKE_PREFIX_PATH=/opt/ros/foxy /usr/bin/cmake /home/cjs/Health_Node/ros2_ws/src/pkg00_base_interfaces -DCMAKE_INSTALL_PREFIX=/home/cjs/Health_Node/ros2_ws/install/pkg00_base_interfaces
[0.204s] -- The C compiler identification is GNU 9.4.0
[0.289s] -- The CXX compiler identification is GNU 9.4.0
[0.305s] -- Check for working C compiler: /usr/bin/cc
[0.446s] -- Check for working C compiler: /usr/bin/cc -- works
[0.449s] -- Detecting C compiler ABI info
[0.573s] -- Detecting C compiler ABI info - done
[0.582s] -- Detecting C compile features
[0.582s] -- Detecting C compile features - done
[0.592s] -- Check for working CXX compiler: /usr/bin/c++
[0.738s] -- Check for working CXX compiler: /usr/bin/c++ -- works
[0.739s] -- Detecting CXX compiler ABI info
[0.895s] -- Detecting CXX compiler ABI info - done
[0.904s] -- Detecting CXX compile features
[0.905s] -- Detecting CXX compile features - done
[0.910s] -- Found ament_cmake: 0.9.12 (/opt/ros/foxy/share/ament_cmake/cmake)
[0.946s] -- Found PythonInterp: /usr/bin/python3 (found suitable version "3.8.10", minimum required is "3") 
[0.946s] -- Using PYTHON_EXECUTABLE: /usr/bin/python3
[1.202s] -- Found rosidl_default_generators: 1.0.1 (/opt/ros/foxy/share/rosidl_default_generators/cmake)
[1.206s] -- Using all available rosidl_typesupport_c: rosidl_typesupport_fastrtps_c;rosidl_typesupport_introspection_c
[1.218s] -- Found rosidl_adapter: 1.3.1 (/opt/ros/foxy/share/rosidl_adapter/cmake)
[1.408s] -- Found OpenSSL: /usr/lib/x86_64-linux-gnu/libcrypto.so (found version "1.1.1f")  
[1.452s] -- Found FastRTPS: /opt/ros/foxy/include  
[1.569s] -- Using all available rosidl_typesupport_cpp: rosidl_typesupport_fastrtps_cpp;rosidl_typesupport_introspection_cpp
[1.658s] -- Found PythonInterp: /usr/bin/python3 (found version "3.8.10") 
[1.900s] -- Found ament_cmake_ros: 0.9.2 (/opt/ros/foxy/share/ament_cmake_ros/cmake)
[2.043s] -- Using all available rosidl_typesupport_c: rosidl_typesupport_fastrtps_c;rosidl_typesupport_introspection_c
[2.061s] -- Using all available rosidl_typesupport_cpp: rosidl_typesupport_fastrtps_cpp;rosidl_typesupport_introspection_cpp
[2.100s] -- Found PythonInterp: /usr/bin/python3 (found suitable version "3.8.10", minimum required is "3.5") 
[2.107s] -- Found python_cmake_module: 0.8.1 (/opt/ros/foxy/share/python_cmake_module/cmake)
[2.144s] -- Found PythonLibs: /usr/lib/x86_64-linux-gnu/libpython3.8.so (found suitable version "3.8.10", minimum required is "3.5") 
[2.144s] -- Using PYTHON_EXECUTABLE: /usr/bin/python3
[2.144s] -- Using PYTHON_INCLUDE_DIRS: /usr/include/python3.8
[2.144s] -- Using PYTHON_LIBRARIES: /usr/lib/x86_64-linux-gnu/libpython3.8.so
[2.172s] -- Found PythonExtra: .so  
[2.228s] -- Found ament_lint_auto: 0.9.8 (/opt/ros/foxy/share/ament_lint_auto/cmake)
[2.280s] -- Added test 'copyright' to check source files copyright and LICENSE
[2.286s] -- Added test 'lint_cmake' to check CMake code style
[2.291s] -- Added test 'xmllint' to check XML markup files
[2.297s] -- Configuring done
[2.370s] -- Generating done
[2.374s] -- Build files have been written to: /home/cjs/Health_Node/ros2_ws/build/pkg00_base_interfaces
[2.385s] Invoked command in '/home/cjs/Health_Node/ros2_ws/build/pkg00_base_interfaces' returned '0': CMAKE_PREFIX_PATH=/opt/ros/foxy /usr/bin/cmake /home/cjs/Health_Node/ros2_ws/src/pkg00_base_interfaces -DCMAKE_INSTALL_PREFIX=/home/cjs/Health_Node/ros2_ws/install/pkg00_base_interfaces
[2.389s] Invoking command in '/home/cjs/Health_Node/ros2_ws/build/pkg00_base_interfaces': CMAKE_PREFIX_PATH=/opt/ros/foxy /usr/bin/cmake --build /home/cjs/Health_Node/ros2_ws/build/pkg00_base_interfaces -- -j4 -l4
[2.470s] [  1%] [34m[1mGenerating C code for ROS interfaces[0m
[2.476s] [35m[1mScanning dependencies of target pkg00_base_interfaces__cpp[0m
[2.496s] [  1%] [34m[1mGenerating C++ code for ROS interfaces[0m
[4.250s] [  1%] Built target pkg00_base_interfaces__cpp
[4.254s] [35m[1mScanning dependencies of target pkg00_base_interfaces__rosidl_generator_c[0m
[4.266s] [  2%] [34m[1mGenerating C++ introspection for ROS interfaces[0m
[4.286s] [  3%] [32mBuilding C object CMakeFiles/pkg00_base_interfaces__rosidl_generator_c.dir/rosidl_generator_c/pkg00_base_interfaces/msg/detail/bms_info__functions.c.o[0m
[4.378s] [  4%] [32mBuilding C object CMakeFiles/pkg00_base_interfaces__rosidl_generator_c.dir/rosidl_generator_c/pkg00_base_interfaces/msg/detail/charger_info__functions.c.o[0m
[4.483s] [  5%] [32mBuilding C object CMakeFiles/pkg00_base_interfaces__rosidl_generator_c.dir/rosidl_generator_c/pkg00_base_interfaces/msg/detail/color_info__functions.c.o[0m
[4.564s] [  6%] [32mBuilding C object CMakeFiles/pkg00_base_interfaces__rosidl_generator_c.dir/rosidl_generator_c/pkg00_base_interfaces/msg/detail/core_info__functions.c.o[0m
[4.641s] [  7%] [32mBuilding C object CMakeFiles/pkg00_base_interfaces__rosidl_generator_c.dir/rosidl_generator_c/pkg00_base_interfaces/msg/detail/hall_info__functions.c.o[0m
[4.717s] [  7%] [32mBuilding C object CMakeFiles/pkg00_base_interfaces__rosidl_generator_c.dir/rosidl_generator_c/pkg00_base_interfaces/msg/detail/location__functions.c.o[0m
[4.809s] [  8%] [32mBuilding C object CMakeFiles/pkg00_base_interfaces__rosidl_generator_c.dir/rosidl_generator_c/pkg00_base_interfaces/msg/detail/motor_cmd__functions.c.o[0m
[4.878s] [  9%] [32mBuilding C object CMakeFiles/pkg00_base_interfaces__rosidl_generator_c.dir/rosidl_generator_c/pkg00_base_interfaces/msg/detail/motor_status__functions.c.o[0m
[4.953s] [ 10%] [32mBuilding C object CMakeFiles/pkg00_base_interfaces__rosidl_generator_c.dir/rosidl_generator_c/pkg00_base_interfaces/msg/detail/obs_laser__functions.c.o[0m
[5.033s] [ 11%] [32mBuilding C object CMakeFiles/pkg00_base_interfaces__rosidl_generator_c.dir/rosidl_generator_c/pkg00_base_interfaces/msg/detail/seek_ret__functions.c.o[0m
[5.131s] [ 12%] [32mBuilding C object CMakeFiles/pkg00_base_interfaces__rosidl_generator_c.dir/rosidl_generator_c/pkg00_base_interfaces/msg/detail/system_status__functions.c.o[0m
[5.206s] [ 13%] [32m[1mLinking C shared library libpkg00_base_interfaces__rosidl_generator_c.so[0m
[5.288s] [ 13%] Built target pkg00_base_interfaces__rosidl_generator_c
[5.319s] [ 14%] [34m[1mGenerating C++ type support dispatch for ROS interfaces[0m
[5.347s] [35m[1mScanning dependencies of target pkg00_base_interfaces__rosidl_typesupport_introspection_cpp[0m
[5.390s] [ 15%] [32mBuilding CXX object CMakeFiles/pkg00_base_interfaces__rosidl_typesupport_introspection_cpp.dir/rosidl_typesupport_introspection_cpp/pkg00_base_interfaces/msg/detail/bms_info__type_support.cpp.o[0m
[5.793s] [ 15%] [32mBuilding CXX object CMakeFiles/pkg00_base_interfaces__rosidl_typesupport_introspection_cpp.dir/rosidl_typesupport_introspection_cpp/pkg00_base_interfaces/msg/detail/charger_info__type_support.cpp.o[0m
[6.050s] [35m[1mScanning dependencies of target pkg00_base_interfaces__rosidl_typesupport_cpp[0m
[6.076s] [ 16%] [32mBuilding CXX object CMakeFiles/pkg00_base_interfaces__rosidl_typesupport_cpp.dir/rosidl_typesupport_cpp/pkg00_base_interfaces/msg/bms_info__type_support.cpp.o[0m
[6.138s] [ 17%] [32mBuilding CXX object CMakeFiles/pkg00_base_interfaces__rosidl_typesupport_introspection_cpp.dir/rosidl_typesupport_introspection_cpp/pkg00_base_interfaces/msg/detail/color_info__type_support.cpp.o[0m
[6.495s] [ 18%] [32mBuilding CXX object CMakeFiles/pkg00_base_interfaces__rosidl_typesupport_cpp.dir/rosidl_typesupport_cpp/pkg00_base_interfaces/msg/charger_info__type_support.cpp.o[0m
[6.517s] [ 19%] [32mBuilding CXX object CMakeFiles/pkg00_base_interfaces__rosidl_typesupport_introspection_cpp.dir/rosidl_typesupport_introspection_cpp/pkg00_base_interfaces/msg/detail/core_info__type_support.cpp.o[0m
[6.837s] [ 20%] [32mBuilding CXX object CMakeFiles/pkg00_base_interfaces__rosidl_typesupport_cpp.dir/rosidl_typesupport_cpp/pkg00_base_interfaces/msg/color_info__type_support.cpp.o[0m
[6.840s] [ 21%] [32mBuilding CXX object CMakeFiles/pkg00_base_interfaces__rosidl_typesupport_introspection_cpp.dir/rosidl_typesupport_introspection_cpp/pkg00_base_interfaces/msg/detail/hall_info__type_support.cpp.o[0m
[7.190s] [ 22%] [32mBuilding CXX object CMakeFiles/pkg00_base_interfaces__rosidl_typesupport_introspection_cpp.dir/rosidl_typesupport_introspection_cpp/pkg00_base_interfaces/msg/detail/location__type_support.cpp.o[0m
[7.204s] [ 23%] [32mBuilding CXX object CMakeFiles/pkg00_base_interfaces__rosidl_typesupport_cpp.dir/rosidl_typesupport_cpp/pkg00_base_interfaces/msg/core_info__type_support.cpp.o[0m
[7.560s] [ 24%] [32mBuilding CXX object CMakeFiles/pkg00_base_interfaces__rosidl_typesupport_introspection_cpp.dir/rosidl_typesupport_introspection_cpp/pkg00_base_interfaces/msg/detail/motor_cmd__type_support.cpp.o[0m
[7.626s] [ 25%] [32mBuilding CXX object CMakeFiles/pkg00_base_interfaces__rosidl_typesupport_cpp.dir/rosidl_typesupport_cpp/pkg00_base_interfaces/msg/hall_info__type_support.cpp.o[0m
[7.933s] [ 26%] [32mBuilding CXX object CMakeFiles/pkg00_base_interfaces__rosidl_typesupport_introspection_cpp.dir/rosidl_typesupport_introspection_cpp/pkg00_base_interfaces/msg/detail/motor_status__type_support.cpp.o[0m
[7.941s] [ 27%] [32mBuilding CXX object CMakeFiles/pkg00_base_interfaces__rosidl_typesupport_cpp.dir/rosidl_typesupport_cpp/pkg00_base_interfaces/msg/location__type_support.cpp.o[0m
[8.306s] [ 28%] [32mBuilding CXX object CMakeFiles/pkg00_base_interfaces__rosidl_typesupport_cpp.dir/rosidl_typesupport_cpp/pkg00_base_interfaces/msg/motor_cmd__type_support.cpp.o[0m
[8.318s] [ 29%] [32mBuilding CXX object CMakeFiles/pkg00_base_interfaces__rosidl_typesupport_introspection_cpp.dir/rosidl_typesupport_introspection_cpp/pkg00_base_interfaces/msg/detail/obs_laser__type_support.cpp.o[0m
[8.659s] [ 29%] [32mBuilding CXX object CMakeFiles/pkg00_base_interfaces__rosidl_typesupport_cpp.dir/rosidl_typesupport_cpp/pkg00_base_interfaces/msg/motor_status__type_support.cpp.o[0m
[8.673s] [ 30%] [32mBuilding CXX object CMakeFiles/pkg00_base_interfaces__rosidl_typesupport_introspection_cpp.dir/rosidl_typesupport_introspection_cpp/pkg00_base_interfaces/msg/detail/seek_ret__type_support.cpp.o[0m
[9.006s] [ 32%] [32mBuilding CXX object CMakeFiles/pkg00_base_interfaces__rosidl_typesupport_introspection_cpp.dir/rosidl_typesupport_introspection_cpp/pkg00_base_interfaces/msg/detail/system_status__type_support.cpp.o[0m
[9.006s] [ 32%] [32mBuilding CXX object CMakeFiles/pkg00_base_interfaces__rosidl_typesupport_cpp.dir/rosidl_typesupport_cpp/pkg00_base_interfaces/msg/obs_laser__type_support.cpp.o[0m
[9.295s] [ 33%] [32m[1mLinking CXX shared library libpkg00_base_interfaces__rosidl_typesupport_introspection_cpp.so[0m
[9.338s] [ 34%] [32mBuilding CXX object CMakeFiles/pkg00_base_interfaces__rosidl_typesupport_cpp.dir/rosidl_typesupport_cpp/pkg00_base_interfaces/msg/seek_ret__type_support.cpp.o[0m
[9.422s] [ 34%] Built target pkg00_base_interfaces__rosidl_typesupport_introspection_cpp
[9.681s] [ 35%] [32mBuilding CXX object CMakeFiles/pkg00_base_interfaces__rosidl_typesupport_cpp.dir/rosidl_typesupport_cpp/pkg00_base_interfaces/msg/system_status__type_support.cpp.o[0m
[10.068s] [ 36%] [32m[1mLinking CXX shared library libpkg00_base_interfaces__rosidl_typesupport_cpp.so[0m
[10.145s] [ 36%] Built target pkg00_base_interfaces__rosidl_typesupport_cpp
[10.165s] [ 37%] [34m[1mGenerating C type support dispatch for ROS interfaces[0m
[10.873s] [35m[1mScanning dependencies of target pkg00_base_interfaces__rosidl_typesupport_c[0m
[10.897s] [ 38%] [32mBuilding CXX object CMakeFiles/pkg00_base_interfaces__rosidl_typesupport_c.dir/rosidl_typesupport_c/pkg00_base_interfaces/msg/bms_info__type_support.cpp.o[0m
[10.949s] [ 39%] [32mBuilding CXX object CMakeFiles/pkg00_base_interfaces__rosidl_typesupport_c.dir/rosidl_typesupport_c/pkg00_base_interfaces/msg/charger_info__type_support.cpp.o[0m
[10.995s] [ 39%] [32mBuilding CXX object CMakeFiles/pkg00_base_interfaces__rosidl_typesupport_c.dir/rosidl_typesupport_c/pkg00_base_interfaces/msg/color_info__type_support.cpp.o[0m
[11.052s] [ 40%] [32mBuilding CXX object CMakeFiles/pkg00_base_interfaces__rosidl_typesupport_c.dir/rosidl_typesupport_c/pkg00_base_interfaces/msg/core_info__type_support.cpp.o[0m
[11.107s] [ 41%] [32mBuilding CXX object CMakeFiles/pkg00_base_interfaces__rosidl_typesupport_c.dir/rosidl_typesupport_c/pkg00_base_interfaces/msg/hall_info__type_support.cpp.o[0m
[11.157s] [ 42%] [32mBuilding CXX object CMakeFiles/pkg00_base_interfaces__rosidl_typesupport_c.dir/rosidl_typesupport_c/pkg00_base_interfaces/msg/location__type_support.cpp.o[0m
[11.207s] [ 43%] [32mBuilding CXX object CMakeFiles/pkg00_base_interfaces__rosidl_typesupport_c.dir/rosidl_typesupport_c/pkg00_base_interfaces/msg/motor_cmd__type_support.cpp.o[0m
[11.255s] [ 44%] [32mBuilding CXX object CMakeFiles/pkg00_base_interfaces__rosidl_typesupport_c.dir/rosidl_typesupport_c/pkg00_base_interfaces/msg/motor_status__type_support.cpp.o[0m
[11.312s] [ 45%] [32mBuilding CXX object CMakeFiles/pkg00_base_interfaces__rosidl_typesupport_c.dir/rosidl_typesupport_c/pkg00_base_interfaces/msg/obs_laser__type_support.cpp.o[0m
[11.368s] [ 46%] [32mBuilding CXX object CMakeFiles/pkg00_base_interfaces__rosidl_typesupport_c.dir/rosidl_typesupport_c/pkg00_base_interfaces/msg/seek_ret__type_support.cpp.o[0m
[11.425s] [ 47%] [32mBuilding CXX object CMakeFiles/pkg00_base_interfaces__rosidl_typesupport_c.dir/rosidl_typesupport_c/pkg00_base_interfaces/msg/system_status__type_support.cpp.o[0m
[11.471s] [ 48%] [32m[1mLinking CXX shared library libpkg00_base_interfaces__rosidl_typesupport_c.so[0m
[11.564s] [ 48%] Built target pkg00_base_interfaces__rosidl_typesupport_c
[11.584s] [ 49%] [34m[1mGenerating C introspection for ROS interfaces[0m
[12.449s] [35m[1mScanning dependencies of target pkg00_base_interfaces__rosidl_typesupport_introspection_c[0m
[12.486s] [ 50%] [32mBuilding C object CMakeFiles/pkg00_base_interfaces__rosidl_typesupport_introspection_c.dir/rosidl_typesupport_introspection_c/pkg00_base_interfaces/msg/detail/bms_info__type_support.c.o[0m
[12.537s] [ 51%] [32mBuilding C object CMakeFiles/pkg00_base_interfaces__rosidl_typesupport_introspection_c.dir/rosidl_typesupport_introspection_c/pkg00_base_interfaces/msg/detail/color_info__type_support.c.o[0m
[12.588s] [ 52%] [32mBuilding C object CMakeFiles/pkg00_base_interfaces__rosidl_typesupport_introspection_c.dir/rosidl_typesupport_introspection_c/pkg00_base_interfaces/msg/detail/core_info__type_support.c.o[0m
[12.646s] [ 53%] [32mBuilding C object CMakeFiles/pkg00_base_interfaces__rosidl_typesupport_introspection_c.dir/rosidl_typesupport_introspection_c/pkg00_base_interfaces/msg/detail/hall_info__type_support.c.o[0m
[12.709s] [ 54%] [32mBuilding C object CMakeFiles/pkg00_base_interfaces__rosidl_typesupport_introspection_c.dir/rosidl_typesupport_introspection_c/pkg00_base_interfaces/msg/detail/location__type_support.c.o[0m
[12.755s] [ 54%] [32mBuilding C object CMakeFiles/pkg00_base_interfaces__rosidl_typesupport_introspection_c.dir/rosidl_typesupport_introspection_c/pkg00_base_interfaces/msg/detail/motor_cmd__type_support.c.o[0m
[12.821s] [ 55%] [32mBuilding C object CMakeFiles/pkg00_base_interfaces__rosidl_typesupport_introspection_c.dir/rosidl_typesupport_introspection_c/pkg00_base_interfaces/msg/detail/motor_status__type_support.c.o[0m
[12.874s] [ 56%] [32mBuilding C object CMakeFiles/pkg00_base_interfaces__rosidl_typesupport_introspection_c.dir/rosidl_typesupport_introspection_c/pkg00_base_interfaces/msg/detail/obs_laser__type_support.c.o[0m
[12.934s] [ 57%] [32mBuilding C object CMakeFiles/pkg00_base_interfaces__rosidl_typesupport_introspection_c.dir/rosidl_typesupport_introspection_c/pkg00_base_interfaces/msg/detail/seek_ret__type_support.c.o[0m
[12.998s] [ 58%] [32mBuilding C object CMakeFiles/pkg00_base_interfaces__rosidl_typesupport_introspection_c.dir/rosidl_typesupport_introspection_c/pkg00_base_interfaces/msg/detail/system_status__type_support.c.o[0m
[13.043s] [ 59%] [32mBuilding C object CMakeFiles/pkg00_base_interfaces__rosidl_typesupport_introspection_c.dir/rosidl_typesupport_introspection_c/pkg00_base_interfaces/msg/detail/charger_info__type_support.c.o[0m
[13.097s] [ 60%] [32m[1mLinking C shared library libpkg00_base_interfaces__rosidl_typesupport_introspection_c.so[0m
[13.149s] [ 60%] Built target pkg00_base_interfaces__rosidl_typesupport_introspection_c
[13.172s] [ 60%] [34m[1mGenerating C++ type support for eProsima Fast-RTPS[0m
[14.125s] [35m[1mScanning dependencies of target pkg00_base_interfaces__rosidl_typesupport_fastrtps_cpp[0m
[14.163s] [ 61%] [32mBuilding CXX object CMakeFiles/pkg00_base_interfaces__rosidl_typesupport_fastrtps_cpp.dir/rosidl_typesupport_fastrtps_cpp/pkg00_base_interfaces/msg/detail/dds_fastrtps/bms_info__type_support.cpp.o[0m
[14.692s] [ 62%] [32mBuilding CXX object CMakeFiles/pkg00_base_interfaces__rosidl_typesupport_fastrtps_cpp.dir/rosidl_typesupport_fastrtps_cpp/pkg00_base_interfaces/msg/detail/dds_fastrtps/core_info__type_support.cpp.o[0m
[15.210s] [ 63%] [32mBuilding CXX object CMakeFiles/pkg00_base_interfaces__rosidl_typesupport_fastrtps_cpp.dir/rosidl_typesupport_fastrtps_cpp/pkg00_base_interfaces/msg/detail/dds_fastrtps/hall_info__type_support.cpp.o[0m
[15.681s] [ 64%] [32mBuilding CXX object CMakeFiles/pkg00_base_interfaces__rosidl_typesupport_fastrtps_cpp.dir/rosidl_typesupport_fastrtps_cpp/pkg00_base_interfaces/msg/detail/dds_fastrtps/location__type_support.cpp.o[0m
[16.099s] [ 65%] [32mBuilding CXX object CMakeFiles/pkg00_base_interfaces__rosidl_typesupport_fastrtps_cpp.dir/rosidl_typesupport_fastrtps_cpp/pkg00_base_interfaces/msg/detail/dds_fastrtps/motor_cmd__type_support.cpp.o[0m
[16.597s] [ 66%] [32mBuilding CXX object CMakeFiles/pkg00_base_interfaces__rosidl_typesupport_fastrtps_cpp.dir/rosidl_typesupport_fastrtps_cpp/pkg00_base_interfaces/msg/detail/dds_fastrtps/motor_status__type_support.cpp.o[0m
[17.083s] [ 67%] [32mBuilding CXX object CMakeFiles/pkg00_base_interfaces__rosidl_typesupport_fastrtps_cpp.dir/rosidl_typesupport_fastrtps_cpp/pkg00_base_interfaces/msg/detail/dds_fastrtps/obs_laser__type_support.cpp.o[0m
[17.509s] [ 67%] [32mBuilding CXX object CMakeFiles/pkg00_base_interfaces__rosidl_typesupport_fastrtps_cpp.dir/rosidl_typesupport_fastrtps_cpp/pkg00_base_interfaces/msg/detail/dds_fastrtps/seek_ret__type_support.cpp.o[0m
[18.037s] [ 68%] [32mBuilding CXX object CMakeFiles/pkg00_base_interfaces__rosidl_typesupport_fastrtps_cpp.dir/rosidl_typesupport_fastrtps_cpp/pkg00_base_interfaces/msg/detail/dds_fastrtps/system_status__type_support.cpp.o[0m
[18.483s] [ 69%] [32mBuilding CXX object CMakeFiles/pkg00_base_interfaces__rosidl_typesupport_fastrtps_cpp.dir/rosidl_typesupport_fastrtps_cpp/pkg00_base_interfaces/msg/detail/dds_fastrtps/color_info__type_support.cpp.o[0m
[18.942s] [ 70%] [32mBuilding CXX object CMakeFiles/pkg00_base_interfaces__rosidl_typesupport_fastrtps_cpp.dir/rosidl_typesupport_fastrtps_cpp/pkg00_base_interfaces/msg/detail/dds_fastrtps/charger_info__type_support.cpp.o[0m
[19.488s] [ 71%] [32m[1mLinking CXX shared library libpkg00_base_interfaces__rosidl_typesupport_fastrtps_cpp.so[0m
[19.640s] [ 71%] Built target pkg00_base_interfaces__rosidl_typesupport_fastrtps_cpp
[19.667s] [ 72%] [34m[1mGenerating C type support for eProsima Fast-RTPS[0m
[20.663s] [35m[1mScanning dependencies of target pkg00_base_interfaces__rosidl_typesupport_fastrtps_c[0m
[20.707s] [ 73%] [32mBuilding CXX object CMakeFiles/pkg00_base_interfaces__rosidl_typesupport_fastrtps_c.dir/rosidl_typesupport_fastrtps_c/pkg00_base_interfaces/msg/detail/bms_info__type_support_c.cpp.o[0m
[21.158s] [ 74%] [32mBuilding CXX object CMakeFiles/pkg00_base_interfaces__rosidl_typesupport_fastrtps_c.dir/rosidl_typesupport_fastrtps_c/pkg00_base_interfaces/msg/detail/core_info__type_support_c.cpp.o[0m
[21.593s] [ 74%] [32mBuilding CXX object CMakeFiles/pkg00_base_interfaces__rosidl_typesupport_fastrtps_c.dir/rosidl_typesupport_fastrtps_c/pkg00_base_interfaces/msg/detail/hall_info__type_support_c.cpp.o[0m
[21.990s] [ 75%] [32mBuilding CXX object CMakeFiles/pkg00_base_interfaces__rosidl_typesupport_fastrtps_c.dir/rosidl_typesupport_fastrtps_c/pkg00_base_interfaces/msg/detail/location__type_support_c.cpp.o[0m
[22.395s] [ 76%] [32mBuilding CXX object CMakeFiles/pkg00_base_interfaces__rosidl_typesupport_fastrtps_c.dir/rosidl_typesupport_fastrtps_c/pkg00_base_interfaces/msg/detail/motor_cmd__type_support_c.cpp.o[0m
[22.852s] [ 77%] [32mBuilding CXX object CMakeFiles/pkg00_base_interfaces__rosidl_typesupport_fastrtps_c.dir/rosidl_typesupport_fastrtps_c/pkg00_base_interfaces/msg/detail/motor_status__type_support_c.cpp.o[0m
[23.266s] [ 78%] [32mBuilding CXX object CMakeFiles/pkg00_base_interfaces__rosidl_typesupport_fastrtps_c.dir/rosidl_typesupport_fastrtps_c/pkg00_base_interfaces/msg/detail/obs_laser__type_support_c.cpp.o[0m
[23.690s] [ 79%] [32mBuilding CXX object CMakeFiles/pkg00_base_interfaces__rosidl_typesupport_fastrtps_c.dir/rosidl_typesupport_fastrtps_c/pkg00_base_interfaces/msg/detail/seek_ret__type_support_c.cpp.o[0m
[24.102s] [ 80%] [32mBuilding CXX object CMakeFiles/pkg00_base_interfaces__rosidl_typesupport_fastrtps_c.dir/rosidl_typesupport_fastrtps_c/pkg00_base_interfaces/msg/detail/system_status__type_support_c.cpp.o[0m
[24.543s] [ 81%] [32mBuilding CXX object CMakeFiles/pkg00_base_interfaces__rosidl_typesupport_fastrtps_c.dir/rosidl_typesupport_fastrtps_c/pkg00_base_interfaces/msg/detail/color_info__type_support_c.cpp.o[0m
[24.936s] [ 82%] [32mBuilding CXX object CMakeFiles/pkg00_base_interfaces__rosidl_typesupport_fastrtps_c.dir/rosidl_typesupport_fastrtps_c/pkg00_base_interfaces/msg/detail/charger_info__type_support_c.cpp.o[0m
[25.314s] [ 83%] [32m[1mLinking CXX shared library libpkg00_base_interfaces__rosidl_typesupport_fastrtps_c.so[0m
[25.453s] [ 83%] Built target pkg00_base_interfaces__rosidl_typesupport_fastrtps_c
[25.473s] [35m[1mScanning dependencies of target pkg00_base_interfaces[0m
[25.493s] [ 83%] Built target pkg00_base_interfaces
[25.512s] [35m[1mScanning dependencies of target pkg00_base_interfaces__py[0m
[25.532s] [ 84%] [34m[1mGenerating Python code for ROS interfaces[0m
[27.666s] [ 84%] Built target pkg00_base_interfaces__py
[27.685s] [35m[1mScanning dependencies of target pkg00_base_interfaces__python[0m
[27.737s] [ 85%] [32mBuilding C object CMakeFiles/pkg00_base_interfaces__python.dir/rosidl_generator_py/pkg00_base_interfaces/msg/_bms_info_s.c.o[0m
[27.897s] [ 86%] [32mBuilding C object CMakeFiles/pkg00_base_interfaces__python.dir/rosidl_generator_py/pkg00_base_interfaces/msg/_core_info_s.c.o[0m
[28.003s] [ 87%] [32mBuilding C object CMakeFiles/pkg00_base_interfaces__python.dir/rosidl_generator_py/pkg00_base_interfaces/msg/_hall_info_s.c.o[0m
[28.135s] [ 88%] [32mBuilding C object CMakeFiles/pkg00_base_interfaces__python.dir/rosidl_generator_py/pkg00_base_interfaces/msg/_location_s.c.o[0m
[28.259s] [ 89%] [32mBuilding C object CMakeFiles/pkg00_base_interfaces__python.dir/rosidl_generator_py/pkg00_base_interfaces/msg/_motor_cmd_s.c.o[0m
[28.383s] [ 90%] [32mBuilding C object CMakeFiles/pkg00_base_interfaces__python.dir/rosidl_generator_py/pkg00_base_interfaces/msg/_motor_status_s.c.o[0m
[28.508s] [ 90%] [32mBuilding C object CMakeFiles/pkg00_base_interfaces__python.dir/rosidl_generator_py/pkg00_base_interfaces/msg/_obs_laser_s.c.o[0m
[28.622s] [ 91%] [32mBuilding C object CMakeFiles/pkg00_base_interfaces__python.dir/rosidl_generator_py/pkg00_base_interfaces/msg/_seek_ret_s.c.o[0m
[28.732s] [ 92%] [32mBuilding C object CMakeFiles/pkg00_base_interfaces__python.dir/rosidl_generator_py/pkg00_base_interfaces/msg/_system_status_s.c.o[0m
[28.847s] [ 93%] [32mBuilding C object CMakeFiles/pkg00_base_interfaces__python.dir/rosidl_generator_py/pkg00_base_interfaces/msg/_color_info_s.c.o[0m
[28.960s] [ 94%] [32mBuilding C object CMakeFiles/pkg00_base_interfaces__python.dir/rosidl_generator_py/pkg00_base_interfaces/msg/_charger_info_s.c.o[0m
[29.072s] [ 95%] [32m[1mLinking C shared library rosidl_generator_py/pkg00_base_interfaces/libpkg00_base_interfaces__python.so[0m
[29.153s] [ 95%] Built target pkg00_base_interfaces__python
[29.173s] [35m[1mScanning dependencies of target pkg00_base_interfaces__rosidl_typesupport_introspection_c__pyext[0m
[29.223s] [ 96%] [32mBuilding C object CMakeFiles/pkg00_base_interfaces__rosidl_typesupport_introspection_c__pyext.dir/rosidl_generator_py/pkg00_base_interfaces/_pkg00_base_interfaces_s.ep.rosidl_typesupport_introspection_c.c.o[0m
[29.394s] [ 97%] [32m[1mLinking C shared library rosidl_generator_py/pkg00_base_interfaces/pkg00_base_interfaces_s__rosidl_typesupport_introspection_c.cpython-38-x86_64-linux-gnu.so[0m
[29.451s] [ 97%] Built target pkg00_base_interfaces__rosidl_typesupport_introspection_c__pyext
[29.472s] [35m[1mScanning dependencies of target pkg00_base_interfaces__rosidl_typesupport_c__pyext[0m
[29.507s] [ 97%] [32mBuilding C object CMakeFiles/pkg00_base_interfaces__rosidl_typesupport_c__pyext.dir/rosidl_generator_py/pkg00_base_interfaces/_pkg00_base_interfaces_s.ep.rosidl_typesupport_c.c.o[0m
[29.664s] [ 98%] [32m[1mLinking C shared library rosidl_generator_py/pkg00_base_interfaces/pkg00_base_interfaces_s__rosidl_typesupport_c.cpython-38-x86_64-linux-gnu.so[0m
[29.722s] [ 98%] Built target pkg00_base_interfaces__rosidl_typesupport_c__pyext
[29.749s] [35m[1mScanning dependencies of target pkg00_base_interfaces__rosidl_typesupport_fastrtps_c__pyext[0m
[29.781s] [ 99%] [32mBuilding C object CMakeFiles/pkg00_base_interfaces__rosidl_typesupport_fastrtps_c__pyext.dir/rosidl_generator_py/pkg00_base_interfaces/_pkg00_base_interfaces_s.ep.rosidl_typesupport_fastrtps_c.c.o[0m
[29.931s] [100%] [32m[1mLinking CXX shared library rosidl_generator_py/pkg00_base_interfaces/pkg00_base_interfaces_s__rosidl_typesupport_fastrtps_c.cpython-38-x86_64-linux-gnu.so[0m
[30.037s] [100%] Built target pkg00_base_interfaces__rosidl_typesupport_fastrtps_c__pyext
[30.055s] Invoked command in '/home/cjs/Health_Node/ros2_ws/build/pkg00_base_interfaces' returned '0': CMAKE_PREFIX_PATH=/opt/ros/foxy /usr/bin/cmake --build /home/cjs/Health_Node/ros2_ws/build/pkg00_base_interfaces -- -j4 -l4
[30.636s] Invoking command in '/home/cjs/Health_Node/ros2_ws/build/pkg00_base_interfaces': CMAKE_PREFIX_PATH=/opt/ros/foxy /usr/bin/cmake --install /home/cjs/Health_Node/ros2_ws/build/pkg00_base_interfaces
[30.653s] -- Install configuration: ""
[30.654s] -- Installing: /home/cjs/Health_Node/ros2_ws/install/pkg00_base_interfaces/share/ament_index/resource_index/rosidl_interfaces/pkg00_base_interfaces
[30.655s] -- Installing: /home/cjs/Health_Node/ros2_ws/install/pkg00_base_interfaces/include/pkg00_base_interfaces
[30.655s] -- Installing: /home/cjs/Health_Node/ros2_ws/install/pkg00_base_interfaces/include/pkg00_base_interfaces/msg
[30.655s] -- Installing: /home/cjs/Health_Node/ros2_ws/install/pkg00_base_interfaces/include/pkg00_base_interfaces/msg/bms_info.h
[30.656s] -- Installing: /home/cjs/Health_Node/ros2_ws/install/pkg00_base_interfaces/include/pkg00_base_interfaces/msg/motor_cmd.h
[30.656s] -- Installing: /home/cjs/Health_Node/ros2_ws/install/pkg00_base_interfaces/include/pkg00_base_interfaces/msg/rosidl_generator_c__visibility_control.h
[30.656s] -- Installing: /home/cjs/Health_Node/ros2_ws/install/pkg00_base_interfaces/include/pkg00_base_interfaces/msg/detail
[30.657s] -- Installing: /home/cjs/Health_Node/ros2_ws/install/pkg00_base_interfaces/include/pkg00_base_interfaces/msg/detail/motor_status__functions.c
[30.657s] -- Installing: /home/cjs/Health_Node/ros2_ws/install/pkg00_base_interfaces/include/pkg00_base_interfaces/msg/detail/core_info__functions.c
[30.657s] -- Installing: /home/cjs/Health_Node/ros2_ws/install/pkg00_base_interfaces/include/pkg00_base_interfaces/msg/detail/bms_info__type_support.h
[30.658s] -- Installing: /home/cjs/Health_Node/ros2_ws/install/pkg00_base_interfaces/include/pkg00_base_interfaces/msg/detail/seek_ret__type_support.h
[30.658s] -- Installing: /home/cjs/Health_Node/ros2_ws/install/pkg00_base_interfaces/include/pkg00_base_interfaces/msg/detail/color_info__functions.c
[30.658s] -- Installing: /home/cjs/Health_Node/ros2_ws/install/pkg00_base_interfaces/include/pkg00_base_interfaces/msg/detail/obs_laser__type_support.h
[30.658s] -- Installing: /home/cjs/Health_Node/ros2_ws/install/pkg00_base_interfaces/include/pkg00_base_interfaces/msg/detail/motor_status__struct.h
[30.658s] -- Installing: /home/cjs/Health_Node/ros2_ws/install/pkg00_base_interfaces/include/pkg00_base_interfaces/msg/detail/motor_cmd__functions.c
[30.658s] -- Installing: /home/cjs/Health_Node/ros2_ws/install/pkg00_base_interfaces/include/pkg00_base_interfaces/msg/detail/motor_status__type_support.h
[30.658s] -- Installing: /home/cjs/Health_Node/ros2_ws/install/pkg00_base_interfaces/include/pkg00_base_interfaces/msg/detail/core_info__struct.h
[30.659s] -- Installing: /home/cjs/Health_Node/ros2_ws/install/pkg00_base_interfaces/include/pkg00_base_interfaces/msg/detail/charger_info__functions.h
[30.659s] -- Installing: /home/cjs/Health_Node/ros2_ws/install/pkg00_base_interfaces/include/pkg00_base_interfaces/msg/detail/core_info__type_support.h
[30.661s] -- Installing: /home/cjs/Health_Node/ros2_ws/install/pkg00_base_interfaces/include/pkg00_base_interfaces/msg/detail/motor_status__functions.h
[30.661s] -- Installing: /home/cjs/Health_Node/ros2_ws/install/pkg00_base_interfaces/include/pkg00_base_interfaces/msg/detail/motor_cmd__functions.h
[30.662s] -- Installing: /home/cjs/Health_Node/ros2_ws/install/pkg00_base_interfaces/include/pkg00_base_interfaces/msg/detail/hall_info__functions.h
[30.662s] -- Installing: /home/cjs/Health_Node/ros2_ws/install/pkg00_base_interfaces/include/pkg00_base_interfaces/msg/detail/color_info__functions.h
[30.662s] -- Installing: /home/cjs/Health_Node/ros2_ws/install/pkg00_base_interfaces/include/pkg00_base_interfaces/msg/detail/bms_info__functions.h
[30.662s] -- Installing: /home/cjs/Health_Node/ros2_ws/install/pkg00_base_interfaces/include/pkg00_base_interfaces/msg/detail/system_status__functions.h
[30.662s] -- Installing: /home/cjs/Health_Node/ros2_ws/install/pkg00_base_interfaces/include/pkg00_base_interfaces/msg/detail/location__functions.c
[30.662s] -- Installing: /home/cjs/Health_Node/ros2_ws/install/pkg00_base_interfaces/include/pkg00_base_interfaces/msg/detail/motor_cmd__struct.h
[30.662s] -- Installing: /home/cjs/Health_Node/ros2_ws/install/pkg00_base_interfaces/include/pkg00_base_interfaces/msg/detail/system_status__functions.c
[30.663s] -- Installing: /home/cjs/Health_Node/ros2_ws/install/pkg00_base_interfaces/include/pkg00_base_interfaces/msg/detail/location__struct.h
[30.663s] -- Installing: /home/cjs/Health_Node/ros2_ws/install/pkg00_base_interfaces/include/pkg00_base_interfaces/msg/detail/motor_cmd__type_support.h
[30.663s] -- Installing: /home/cjs/Health_Node/ros2_ws/install/pkg00_base_interfaces/include/pkg00_base_interfaces/msg/detail/hall_info__functions.c
[30.663s] -- Installing: /home/cjs/Health_Node/ros2_ws/install/pkg00_base_interfaces/include/pkg00_base_interfaces/msg/detail/core_info__functions.h
[30.663s] -- Installing: /home/cjs/Health_Node/ros2_ws/install/pkg00_base_interfaces/include/pkg00_base_interfaces/msg/detail/seek_ret__functions.h
[30.663s] -- Installing: /home/cjs/Health_Node/ros2_ws/install/pkg00_base_interfaces/include/pkg00_base_interfaces/msg/detail/color_info__struct.h
[30.663s] -- Installing: /home/cjs/Health_Node/ros2_ws/install/pkg00_base_interfaces/include/pkg00_base_interfaces/msg/detail/charger_info__functions.c
[30.663s] -- Installing: /home/cjs/Health_Node/ros2_ws/install/pkg00_base_interfaces/include/pkg00_base_interfaces/msg/detail/obs_laser__functions.h
[30.663s] -- Installing: /home/cjs/Health_Node/ros2_ws/install/pkg00_base_interfaces/include/pkg00_base_interfaces/msg/detail/system_status__type_support.h
[30.663s] -- Installing: /home/cjs/Health_Node/ros2_ws/install/pkg00_base_interfaces/include/pkg00_base_interfaces/msg/detail/seek_ret__functions.c
[30.663s] -- Installing: /home/cjs/Health_Node/ros2_ws/install/pkg00_base_interfaces/include/pkg00_base_interfaces/msg/detail/hall_info__type_support.h
[30.663s] -- Installing: /home/cjs/Health_Node/ros2_ws/install/pkg00_base_interfaces/include/pkg00_base_interfaces/msg/detail/obs_laser__struct.h
[30.664s] -- Installing: /home/cjs/Health_Node/ros2_ws/install/pkg00_base_interfaces/include/pkg00_base_interfaces/msg/detail/location__type_support.h
[30.664s] -- Installing: /home/cjs/Health_Node/ros2_ws/install/pkg00_base_interfaces/include/pkg00_base_interfaces/msg/detail/seek_ret__struct.h
[30.664s] -- Installing: /home/cjs/Health_Node/ros2_ws/install/pkg00_base_interfaces/include/pkg00_base_interfaces/msg/detail/hall_info__struct.h
[30.664s] -- Installing: /home/cjs/Health_Node/ros2_ws/install/pkg00_base_interfaces/include/pkg00_base_interfaces/msg/detail/bms_info__struct.h
[30.664s] -- Installing: /home/cjs/Health_Node/ros2_ws/install/pkg00_base_interfaces/include/pkg00_base_interfaces/msg/detail/charger_info__struct.h
[30.664s] -- Installing: /home/cjs/Health_Node/ros2_ws/install/pkg00_base_interfaces/include/pkg00_base_interfaces/msg/detail/charger_info__type_support.h
[30.664s] -- Installing: /home/cjs/Health_Node/ros2_ws/install/pkg00_base_interfaces/include/pkg00_base_interfaces/msg/detail/bms_info__functions.c
[30.664s] -- Installing: /home/cjs/Health_Node/ros2_ws/install/pkg00_base_interfaces/include/pkg00_base_interfaces/msg/detail/location__functions.h
[30.665s] -- Installing: /home/cjs/Health_Node/ros2_ws/install/pkg00_base_interfaces/include/pkg00_base_interfaces/msg/detail/system_status__struct.h
[30.665s] -- Installing: /home/cjs/Health_Node/ros2_ws/install/pkg00_base_interfaces/include/pkg00_base_interfaces/msg/detail/obs_laser__functions.c
[30.666s] -- Installing: /home/cjs/Health_Node/ros2_ws/install/pkg00_base_interfaces/include/pkg00_base_interfaces/msg/detail/color_info__type_support.h
[30.666s] -- Installing: /home/cjs/Health_Node/ros2_ws/install/pkg00_base_interfaces/include/pkg00_base_interfaces/msg/motor_status.h
[30.667s] -- Installing: /home/cjs/Health_Node/ros2_ws/install/pkg00_base_interfaces/include/pkg00_base_interfaces/msg/location.h
[30.667s] -- Installing: /home/cjs/Health_Node/ros2_ws/install/pkg00_base_interfaces/include/pkg00_base_interfaces/msg/charger_info.h
[30.667s] -- Installing: /home/cjs/Health_Node/ros2_ws/install/pkg00_base_interfaces/include/pkg00_base_interfaces/msg/core_info.h
[30.667s] -- Installing: /home/cjs/Health_Node/ros2_ws/install/pkg00_base_interfaces/include/pkg00_base_interfaces/msg/color_info.h
[30.667s] -- Installing: /home/cjs/Health_Node/ros2_ws/install/pkg00_base_interfaces/include/pkg00_base_interfaces/msg/obs_laser.h
[30.667s] -- Installing: /home/cjs/Health_Node/ros2_ws/install/pkg00_base_interfaces/include/pkg00_base_interfaces/msg/hall_info.h
[30.667s] -- Installing: /home/cjs/Health_Node/ros2_ws/install/pkg00_base_interfaces/include/pkg00_base_interfaces/msg/system_status.h
[30.667s] -- Installing: /home/cjs/Health_Node/ros2_ws/install/pkg00_base_interfaces/include/pkg00_base_interfaces/msg/seek_ret.h
[30.667s] -- Installing: /home/cjs/Health_Node/ros2_ws/install/pkg00_base_interfaces/share/pkg00_base_interfaces/environment/library_path.sh
[30.667s] -- Installing: /home/cjs/Health_Node/ros2_ws/install/pkg00_base_interfaces/share/pkg00_base_interfaces/environment/library_path.dsv
[30.667s] -- Installing: /home/cjs/Health_Node/ros2_ws/install/pkg00_base_interfaces/lib/libpkg00_base_interfaces__rosidl_generator_c.so
[30.667s] -- Set runtime path of "/home/cjs/Health_Node/ros2_ws/install/pkg00_base_interfaces/lib/libpkg00_base_interfaces__rosidl_generator_c.so" to ""
[30.667s] -- Up-to-date: /home/cjs/Health_Node/ros2_ws/install/pkg00_base_interfaces/include/pkg00_base_interfaces
[30.667s] -- Up-to-date: /home/cjs/Health_Node/ros2_ws/install/pkg00_base_interfaces/include/pkg00_base_interfaces/msg
[30.667s] -- Up-to-date: /home/cjs/Health_Node/ros2_ws/install/pkg00_base_interfaces/include/pkg00_base_interfaces/msg/detail
[30.667s] -- Installing: /home/cjs/Health_Node/ros2_ws/install/pkg00_base_interfaces/include/pkg00_base_interfaces/msg/detail/hall_info__rosidl_typesupport_fastrtps_c.h
[30.667s] -- Installing: /home/cjs/Health_Node/ros2_ws/install/pkg00_base_interfaces/include/pkg00_base_interfaces/msg/detail/location__rosidl_typesupport_fastrtps_c.h
[30.668s] -- Installing: /home/cjs/Health_Node/ros2_ws/install/pkg00_base_interfaces/include/pkg00_base_interfaces/msg/detail/bms_info__rosidl_typesupport_fastrtps_c.h
[30.668s] -- Installing: /home/cjs/Health_Node/ros2_ws/install/pkg00_base_interfaces/include/pkg00_base_interfaces/msg/detail/color_info__rosidl_typesupport_fastrtps_c.h
[30.668s] -- Installing: /home/cjs/Health_Node/ros2_ws/install/pkg00_base_interfaces/include/pkg00_base_interfaces/msg/detail/core_info__rosidl_typesupport_fastrtps_c.h
[30.669s] -- Installing: /home/cjs/Health_Node/ros2_ws/install/pkg00_base_interfaces/include/pkg00_base_interfaces/msg/detail/seek_ret__rosidl_typesupport_fastrtps_c.h
[30.669s] -- Installing: /home/cjs/Health_Node/ros2_ws/install/pkg00_base_interfaces/include/pkg00_base_interfaces/msg/detail/charger_info__rosidl_typesupport_fastrtps_c.h
[30.669s] -- Installing: /home/cjs/Health_Node/ros2_ws/install/pkg00_base_interfaces/include/pkg00_base_interfaces/msg/detail/system_status__rosidl_typesupport_fastrtps_c.h
[30.670s] -- Installing: /home/cjs/Health_Node/ros2_ws/install/pkg00_base_interfaces/include/pkg00_base_interfaces/msg/detail/motor_cmd__rosidl_typesupport_fastrtps_c.h
[30.670s] -- Installing: /home/cjs/Health_Node/ros2_ws/install/pkg00_base_interfaces/include/pkg00_base_interfaces/msg/detail/obs_laser__rosidl_typesupport_fastrtps_c.h
[30.670s] -- Installing: /home/cjs/Health_Node/ros2_ws/install/pkg00_base_interfaces/include/pkg00_base_interfaces/msg/detail/motor_status__rosidl_typesupport_fastrtps_c.h
[30.670s] -- Installing: /home/cjs/Health_Node/ros2_ws/install/pkg00_base_interfaces/include/pkg00_base_interfaces/msg/rosidl_typesupport_fastrtps_c__visibility_control.h
[30.670s] -- Installing: /home/cjs/Health_Node/ros2_ws/install/pkg00_base_interfaces/lib/libpkg00_base_interfaces__rosidl_typesupport_fastrtps_c.so
[30.670s] -- Set runtime path of "/home/cjs/Health_Node/ros2_ws/install/pkg00_base_interfaces/lib/libpkg00_base_interfaces__rosidl_typesupport_fastrtps_c.so" to ""
[30.670s] -- Up-to-date: /home/cjs/Health_Node/ros2_ws/install/pkg00_base_interfaces/include/pkg00_base_interfaces
[30.670s] -- Up-to-date: /home/cjs/Health_Node/ros2_ws/install/pkg00_base_interfaces/include/pkg00_base_interfaces/msg
[30.670s] -- Up-to-date: /home/cjs/Health_Node/ros2_ws/install/pkg00_base_interfaces/include/pkg00_base_interfaces/msg/detail
[30.670s] -- Installing: /home/cjs/Health_Node/ros2_ws/install/pkg00_base_interfaces/include/pkg00_base_interfaces/msg/detail/hall_info__rosidl_typesupport_fastrtps_cpp.hpp
[30.671s] -- Installing: /home/cjs/Health_Node/ros2_ws/install/pkg00_base_interfaces/include/pkg00_base_interfaces/msg/detail/seek_ret__rosidl_typesupport_fastrtps_cpp.hpp
[30.671s] -- Installing: /home/cjs/Health_Node/ros2_ws/install/pkg00_base_interfaces/include/pkg00_base_interfaces/msg/detail/color_info__rosidl_typesupport_fastrtps_cpp.hpp
[30.671s] -- Installing: /home/cjs/Health_Node/ros2_ws/install/pkg00_base_interfaces/include/pkg00_base_interfaces/msg/detail/location__rosidl_typesupport_fastrtps_cpp.hpp
[30.671s] -- Installing: /home/cjs/Health_Node/ros2_ws/install/pkg00_base_interfaces/include/pkg00_base_interfaces/msg/detail/dds_fastrtps
[30.671s] -- Installing: /home/cjs/Health_Node/ros2_ws/install/pkg00_base_interfaces/include/pkg00_base_interfaces/msg/detail/motor_cmd__rosidl_typesupport_fastrtps_cpp.hpp
[30.671s] -- Installing: /home/cjs/Health_Node/ros2_ws/install/pkg00_base_interfaces/include/pkg00_base_interfaces/msg/detail/core_info__rosidl_typesupport_fastrtps_cpp.hpp
[30.673s] -- Installing: /home/cjs/Health_Node/ros2_ws/install/pkg00_base_interfaces/include/pkg00_base_interfaces/msg/detail/bms_info__rosidl_typesupport_fastrtps_cpp.hpp
[30.673s] -- Installing: /home/cjs/Health_Node/ros2_ws/install/pkg00_base_interfaces/include/pkg00_base_interfaces/msg/detail/charger_info__rosidl_typesupport_fastrtps_cpp.hpp
[30.673s] -- Installing: /home/cjs/Health_Node/ros2_ws/install/pkg00_base_interfaces/include/pkg00_base_interfaces/msg/detail/system_status__rosidl_typesupport_fastrtps_cpp.hpp
[30.673s] -- Installing: /home/cjs/Health_Node/ros2_ws/install/pkg00_base_interfaces/include/pkg00_base_interfaces/msg/detail/motor_status__rosidl_typesupport_fastrtps_cpp.hpp
[30.673s] -- Installing: /home/cjs/Health_Node/ros2_ws/install/pkg00_base_interfaces/include/pkg00_base_interfaces/msg/detail/obs_laser__rosidl_typesupport_fastrtps_cpp.hpp
[30.674s] -- Installing: /home/cjs/Health_Node/ros2_ws/install/pkg00_base_interfaces/include/pkg00_base_interfaces/msg/rosidl_typesupport_fastrtps_cpp__visibility_control.h
[30.674s] -- Installing: /home/cjs/Health_Node/ros2_ws/install/pkg00_base_interfaces/lib/libpkg00_base_interfaces__rosidl_typesupport_fastrtps_cpp.so
[30.674s] -- Set runtime path of "/home/cjs/Health_Node/ros2_ws/install/pkg00_base_interfaces/lib/libpkg00_base_interfaces__rosidl_typesupport_fastrtps_cpp.so" to ""
[30.674s] -- Up-to-date: /home/cjs/Health_Node/ros2_ws/install/pkg00_base_interfaces/include/pkg00_base_interfaces
[30.674s] -- Up-to-date: /home/cjs/Health_Node/ros2_ws/install/pkg00_base_interfaces/include/pkg00_base_interfaces/msg
[30.674s] -- Up-to-date: /home/cjs/Health_Node/ros2_ws/install/pkg00_base_interfaces/include/pkg00_base_interfaces/msg/detail
[30.674s] -- Installing: /home/cjs/Health_Node/ros2_ws/install/pkg00_base_interfaces/include/pkg00_base_interfaces/msg/detail/motor_status__type_support.c
[30.674s] -- Installing: /home/cjs/Health_Node/ros2_ws/install/pkg00_base_interfaces/include/pkg00_base_interfaces/msg/detail/core_info__rosidl_typesupport_introspection_c.h
[30.675s] -- Installing: /home/cjs/Health_Node/ros2_ws/install/pkg00_base_interfaces/include/pkg00_base_interfaces/msg/detail/motor_status__rosidl_typesupport_introspection_c.h
[30.675s] -- Installing: /home/cjs/Health_Node/ros2_ws/install/pkg00_base_interfaces/include/pkg00_base_interfaces/msg/detail/bms_info__rosidl_typesupport_introspection_c.h
[30.675s] -- Installing: /home/cjs/Health_Node/ros2_ws/install/pkg00_base_interfaces/include/pkg00_base_interfaces/msg/detail/hall_info__rosidl_typesupport_introspection_c.h
[30.675s] -- Installing: /home/cjs/Health_Node/ros2_ws/install/pkg00_base_interfaces/include/pkg00_base_interfaces/msg/detail/system_status__type_support.c
[30.675s] -- Installing: /home/cjs/Health_Node/ros2_ws/install/pkg00_base_interfaces/include/pkg00_base_interfaces/msg/detail/obs_laser__rosidl_typesupport_introspection_c.h
[30.675s] -- Installing: /home/cjs/Health_Node/ros2_ws/install/pkg00_base_interfaces/include/pkg00_base_interfaces/msg/detail/location__type_support.c
[30.675s] -- Installing: /home/cjs/Health_Node/ros2_ws/install/pkg00_base_interfaces/include/pkg00_base_interfaces/msg/detail/charger_info__type_support.c
[30.675s] -- Installing: /home/cjs/Health_Node/ros2_ws/install/pkg00_base_interfaces/include/pkg00_base_interfaces/msg/detail/system_status__rosidl_typesupport_introspection_c.h
[30.675s] -- Installing: /home/cjs/Health_Node/ros2_ws/install/pkg00_base_interfaces/include/pkg00_base_interfaces/msg/detail/seek_ret__type_support.c
[30.676s] -- Installing: /home/cjs/Health_Node/ros2_ws/install/pkg00_base_interfaces/include/pkg00_base_interfaces/msg/detail/color_info__type_support.c
[30.676s] -- Installing: /home/cjs/Health_Node/ros2_ws/install/pkg00_base_interfaces/include/pkg00_base_interfaces/msg/detail/bms_info__type_support.c
[30.676s] -- Installing: /home/cjs/Health_Node/ros2_ws/install/pkg00_base_interfaces/include/pkg00_base_interfaces/msg/detail/charger_info__rosidl_typesupport_introspection_c.h
[30.676s] -- Installing: /home/cjs/Health_Node/ros2_ws/install/pkg00_base_interfaces/include/pkg00_base_interfaces/msg/detail/hall_info__type_support.c
[30.676s] -- Installing: /home/cjs/Health_Node/ros2_ws/install/pkg00_base_interfaces/include/pkg00_base_interfaces/msg/detail/motor_cmd__type_support.c
[30.676s] -- Installing: /home/cjs/Health_Node/ros2_ws/install/pkg00_base_interfaces/include/pkg00_base_interfaces/msg/detail/obs_laser__type_support.c
[30.676s] -- Installing: /home/cjs/Health_Node/ros2_ws/install/pkg00_base_interfaces/include/pkg00_base_interfaces/msg/detail/seek_ret__rosidl_typesupport_introspection_c.h
[30.678s] -- Installing: /home/cjs/Health_Node/ros2_ws/install/pkg00_base_interfaces/include/pkg00_base_interfaces/msg/detail/core_info__type_support.c
[30.678s] -- Installing: /home/cjs/Health_Node/ros2_ws/install/pkg00_base_interfaces/include/pkg00_base_interfaces/msg/detail/motor_cmd__rosidl_typesupport_introspection_c.h
[30.679s] -- Installing: /home/cjs/Health_Node/ros2_ws/install/pkg00_base_interfaces/include/pkg00_base_interfaces/msg/detail/location__rosidl_typesupport_introspection_c.h
[30.679s] -- Installing: /home/cjs/Health_Node/ros2_ws/install/pkg00_base_interfaces/include/pkg00_base_interfaces/msg/detail/color_info__rosidl_typesupport_introspection_c.h
[30.679s] -- Installing: /home/cjs/Health_Node/ros2_ws/install/pkg00_base_interfaces/include/pkg00_base_interfaces/msg/rosidl_typesupport_introspection_c__visibility_control.h
[30.680s] -- Installing: /home/cjs/Health_Node/ros2_ws/install/pkg00_base_interfaces/lib/libpkg00_base_interfaces__rosidl_typesupport_introspection_c.so
[30.680s] -- Set runtime path of "/home/cjs/Health_Node/ros2_ws/install/pkg00_base_interfaces/lib/libpkg00_base_interfaces__rosidl_typesupport_introspection_c.so" to ""
[30.680s] -- Installing: /home/cjs/Health_Node/ros2_ws/install/pkg00_base_interfaces/lib/libpkg00_base_interfaces__rosidl_typesupport_c.so
[30.681s] -- Set runtime path of "/home/cjs/Health_Node/ros2_ws/install/pkg00_base_interfaces/lib/libpkg00_base_interfaces__rosidl_typesupport_c.so" to ""
[30.681s] -- Up-to-date: /home/cjs/Health_Node/ros2_ws/install/pkg00_base_interfaces/include/pkg00_base_interfaces
[30.682s] -- Up-to-date: /home/cjs/Health_Node/ros2_ws/install/pkg00_base_interfaces/include/pkg00_base_interfaces/msg
[30.682s] -- Installing: /home/cjs/Health_Node/ros2_ws/install/pkg00_base_interfaces/include/pkg00_base_interfaces/msg/color_info.hpp
[30.682s] -- Installing: /home/cjs/Health_Node/ros2_ws/install/pkg00_base_interfaces/include/pkg00_base_interfaces/msg/seek_ret.hpp
[30.682s] -- Installing: /home/cjs/Health_Node/ros2_ws/install/pkg00_base_interfaces/include/pkg00_base_interfaces/msg/motor_cmd.hpp
[30.683s] -- Up-to-date: /home/cjs/Health_Node/ros2_ws/install/pkg00_base_interfaces/include/pkg00_base_interfaces/msg/detail
[30.683s] -- Installing: /home/cjs/Health_Node/ros2_ws/install/pkg00_base_interfaces/include/pkg00_base_interfaces/msg/detail/obs_laser__builder.hpp
[30.683s] -- Installing: /home/cjs/Health_Node/ros2_ws/install/pkg00_base_interfaces/include/pkg00_base_interfaces/msg/detail/charger_info__traits.hpp
[30.683s] -- Installing: /home/cjs/Health_Node/ros2_ws/install/pkg00_base_interfaces/include/pkg00_base_interfaces/msg/detail/motor_cmd__struct.hpp
[30.683s] -- Installing: /home/cjs/Health_Node/ros2_ws/install/pkg00_base_interfaces/include/pkg00_base_interfaces/msg/detail/core_info__struct.hpp
[30.684s] -- Installing: /home/cjs/Health_Node/ros2_ws/install/pkg00_base_interfaces/include/pkg00_base_interfaces/msg/detail/core_info__type_support.hpp
[30.684s] -- Installing: /home/cjs/Health_Node/ros2_ws/install/pkg00_base_interfaces/include/pkg00_base_interfaces/msg/detail/system_status__traits.hpp
[30.684s] -- Installing: /home/cjs/Health_Node/ros2_ws/install/pkg00_base_interfaces/include/pkg00_base_interfaces/msg/detail/seek_ret__type_support.hpp
[30.684s] -- Installing: /home/cjs/Health_Node/ros2_ws/install/pkg00_base_interfaces/include/pkg00_base_interfaces/msg/detail/system_status__struct.hpp
[30.684s] -- Installing: /home/cjs/Health_Node/ros2_ws/install/pkg00_base_interfaces/include/pkg00_base_interfaces/msg/detail/seek_ret__traits.hpp
[30.684s] -- Installing: /home/cjs/Health_Node/ros2_ws/install/pkg00_base_interfaces/include/pkg00_base_interfaces/msg/detail/motor_cmd__builder.hpp
[30.684s] -- Installing: /home/cjs/Health_Node/ros2_ws/install/pkg00_base_interfaces/include/pkg00_base_interfaces/msg/detail/location__traits.hpp
[30.685s] -- Installing: /home/cjs/Health_Node/ros2_ws/install/pkg00_base_interfaces/include/pkg00_base_interfaces/msg/detail/core_info__traits.hpp
[30.685s] -- Installing: /home/cjs/Health_Node/ros2_ws/install/pkg00_base_interfaces/include/pkg00_base_interfaces/msg/detail/system_status__type_support.hpp
[30.685s] -- Installing: /home/cjs/Health_Node/ros2_ws/install/pkg00_base_interfaces/include/pkg00_base_interfaces/msg/detail/system_status__builder.hpp
[30.685s] -- Installing: /home/cjs/Health_Node/ros2_ws/install/pkg00_base_interfaces/include/pkg00_base_interfaces/msg/detail/bms_info__struct.hpp
[30.685s] -- Installing: /home/cjs/Health_Node/ros2_ws/install/pkg00_base_interfaces/include/pkg00_base_interfaces/msg/detail/obs_laser__struct.hpp
[30.685s] -- Installing: /home/cjs/Health_Node/ros2_ws/install/pkg00_base_interfaces/include/pkg00_base_interfaces/msg/detail/motor_status__type_support.hpp
[30.685s] -- Installing: /home/cjs/Health_Node/ros2_ws/install/pkg00_base_interfaces/include/pkg00_base_interfaces/msg/detail/motor_cmd__traits.hpp
[30.686s] -- Installing: /home/cjs/Health_Node/ros2_ws/install/pkg00_base_interfaces/include/pkg00_base_interfaces/msg/detail/obs_laser__traits.hpp
[30.686s] -- Installing: /home/cjs/Health_Node/ros2_ws/install/pkg00_base_interfaces/include/pkg00_base_interfaces/msg/detail/core_info__builder.hpp
[30.686s] -- Installing: /home/cjs/Health_Node/ros2_ws/install/pkg00_base_interfaces/include/pkg00_base_interfaces/msg/detail/color_info__type_support.hpp
[30.686s] -- Installing: /home/cjs/Health_Node/ros2_ws/install/pkg00_base_interfaces/include/pkg00_base_interfaces/msg/detail/charger_info__builder.hpp
[30.686s] -- Installing: /home/cjs/Health_Node/ros2_ws/install/pkg00_base_interfaces/include/pkg00_base_interfaces/msg/detail/hall_info__struct.hpp
[30.686s] -- Installing: /home/cjs/Health_Node/ros2_ws/install/pkg00_base_interfaces/include/pkg00_base_interfaces/msg/detail/bms_info__builder.hpp
[30.686s] -- Installing: /home/cjs/Health_Node/ros2_ws/install/pkg00_base_interfaces/include/pkg00_base_interfaces/msg/detail/color_info__traits.hpp
[30.687s] -- Installing: /home/cjs/Health_Node/ros2_ws/install/pkg00_base_interfaces/include/pkg00_base_interfaces/msg/detail/obs_laser__type_support.hpp
[30.687s] -- Installing: /home/cjs/Health_Node/ros2_ws/install/pkg00_base_interfaces/include/pkg00_base_interfaces/msg/detail/charger_info__type_support.hpp
[30.687s] -- Installing: /home/cjs/Health_Node/ros2_ws/install/pkg00_base_interfaces/include/pkg00_base_interfaces/msg/detail/color_info__builder.hpp
[30.687s] -- Installing: /home/cjs/Health_Node/ros2_ws/install/pkg00_base_interfaces/include/pkg00_base_interfaces/msg/detail/hall_info__traits.hpp
[30.687s] -- Installing: /home/cjs/Health_Node/ros2_ws/install/pkg00_base_interfaces/include/pkg00_base_interfaces/msg/detail/color_info__struct.hpp
[30.687s] -- Installing: /home/cjs/Health_Node/ros2_ws/install/pkg00_base_interfaces/include/pkg00_base_interfaces/msg/detail/location__builder.hpp
[30.687s] -- Installing: /home/cjs/Health_Node/ros2_ws/install/pkg00_base_interfaces/include/pkg00_base_interfaces/msg/detail/motor_cmd__type_support.hpp
[30.688s] -- Installing: /home/cjs/Health_Node/ros2_ws/install/pkg00_base_interfaces/include/pkg00_base_interfaces/msg/detail/seek_ret__builder.hpp
[30.688s] -- Installing: /home/cjs/Health_Node/ros2_ws/install/pkg00_base_interfaces/include/pkg00_base_interfaces/msg/detail/motor_status__struct.hpp
[30.688s] -- Installing: /home/cjs/Health_Node/ros2_ws/install/pkg00_base_interfaces/include/pkg00_base_interfaces/msg/detail/bms_info__type_support.hpp
[30.688s] -- Installing: /home/cjs/Health_Node/ros2_ws/install/pkg00_base_interfaces/include/pkg00_base_interfaces/msg/detail/motor_status__builder.hpp
[30.688s] -- Installing: /home/cjs/Health_Node/ros2_ws/install/pkg00_base_interfaces/include/pkg00_base_interfaces/msg/detail/bms_info__traits.hpp
[30.688s] -- Installing: /home/cjs/Health_Node/ros2_ws/install/pkg00_base_interfaces/include/pkg00_base_interfaces/msg/detail/hall_info__type_support.hpp
[30.688s] -- Installing: /home/cjs/Health_Node/ros2_ws/install/pkg00_base_interfaces/include/pkg00_base_interfaces/msg/detail/hall_info__builder.hpp
[30.689s] -- Installing: /home/cjs/Health_Node/ros2_ws/install/pkg00_base_interfaces/include/pkg00_base_interfaces/msg/detail/location__type_support.hpp
[30.689s] -- Installing: /home/cjs/Health_Node/ros2_ws/install/pkg00_base_interfaces/include/pkg00_base_interfaces/msg/detail/charger_info__struct.hpp
[30.689s] -- Installing: /home/cjs/Health_Node/ros2_ws/install/pkg00_base_interfaces/include/pkg00_base_interfaces/msg/detail/motor_status__traits.hpp
[30.689s] -- Installing: /home/cjs/Health_Node/ros2_ws/install/pkg00_base_interfaces/include/pkg00_base_interfaces/msg/detail/location__struct.hpp
[30.689s] -- Installing: /home/cjs/Health_Node/ros2_ws/install/pkg00_base_interfaces/include/pkg00_base_interfaces/msg/detail/seek_ret__struct.hpp
[30.689s] -- Installing: /home/cjs/Health_Node/ros2_ws/install/pkg00_base_interfaces/include/pkg00_base_interfaces/msg/core_info.hpp
[30.689s] -- Installing: /home/cjs/Health_Node/ros2_ws/install/pkg00_base_interfaces/include/pkg00_base_interfaces/msg/motor_status.hpp
[30.689s] -- Installing: /home/cjs/Health_Node/ros2_ws/install/pkg00_base_interfaces/include/pkg00_base_interfaces/msg/hall_info.hpp
[30.690s] -- Installing: /home/cjs/Health_Node/ros2_ws/install/pkg00_base_interfaces/include/pkg00_base_interfaces/msg/charger_info.hpp
[30.690s] -- Installing: /home/cjs/Health_Node/ros2_ws/install/pkg00_base_interfaces/include/pkg00_base_interfaces/msg/rosidl_generator_cpp__visibility_control.hpp
[30.690s] -- Installing: /home/cjs/Health_Node/ros2_ws/install/pkg00_base_interfaces/include/pkg00_base_interfaces/msg/location.hpp
[30.690s] -- Installing: /home/cjs/Health_Node/ros2_ws/install/pkg00_base_interfaces/include/pkg00_base_interfaces/msg/obs_laser.hpp
[30.690s] -- Installing: /home/cjs/Health_Node/ros2_ws/install/pkg00_base_interfaces/include/pkg00_base_interfaces/msg/system_status.hpp
[30.690s] -- Installing: /home/cjs/Health_Node/ros2_ws/install/pkg00_base_interfaces/include/pkg00_base_interfaces/msg/bms_info.hpp
[30.690s] -- Up-to-date: /home/cjs/Health_Node/ros2_ws/install/pkg00_base_interfaces/include/pkg00_base_interfaces
[30.691s] -- Up-to-date: /home/cjs/Health_Node/ros2_ws/install/pkg00_base_interfaces/include/pkg00_base_interfaces/msg
[30.691s] -- Up-to-date: /home/cjs/Health_Node/ros2_ws/install/pkg00_base_interfaces/include/pkg00_base_interfaces/msg/detail
[30.691s] -- Installing: /home/cjs/Health_Node/ros2_ws/install/pkg00_base_interfaces/include/pkg00_base_interfaces/msg/detail/motor_cmd__rosidl_typesupport_introspection_cpp.hpp
[30.691s] -- Installing: /home/cjs/Health_Node/ros2_ws/install/pkg00_base_interfaces/include/pkg00_base_interfaces/msg/detail/location__type_support.cpp
[30.691s] -- Installing: /home/cjs/Health_Node/ros2_ws/install/pkg00_base_interfaces/include/pkg00_base_interfaces/msg/detail/seek_ret__type_support.cpp
[30.691s] -- Installing: /home/cjs/Health_Node/ros2_ws/install/pkg00_base_interfaces/include/pkg00_base_interfaces/msg/detail/charger_info__type_support.cpp
[30.691s] -- Installing: /home/cjs/Health_Node/ros2_ws/install/pkg00_base_interfaces/include/pkg00_base_interfaces/msg/detail/color_info__rosidl_typesupport_introspection_cpp.hpp
[30.691s] -- Installing: /home/cjs/Health_Node/ros2_ws/install/pkg00_base_interfaces/include/pkg00_base_interfaces/msg/detail/location__rosidl_typesupport_introspection_cpp.hpp
[30.692s] -- Installing: /home/cjs/Health_Node/ros2_ws/install/pkg00_base_interfaces/include/pkg00_base_interfaces/msg/detail/core_info__type_support.cpp
[30.692s] -- Installing: /home/cjs/Health_Node/ros2_ws/install/pkg00_base_interfaces/include/pkg00_base_interfaces/msg/detail/bms_info__type_support.cpp
[30.692s] -- Installing: /home/cjs/Health_Node/ros2_ws/install/pkg00_base_interfaces/include/pkg00_base_interfaces/msg/detail/core_info__rosidl_typesupport_introspection_cpp.hpp
[30.692s] -- Installing: /home/cjs/Health_Node/ros2_ws/install/pkg00_base_interfaces/include/pkg00_base_interfaces/msg/detail/system_status__type_support.cpp
[30.692s] -- Installing: /home/cjs/Health_Node/ros2_ws/install/pkg00_base_interfaces/include/pkg00_base_interfaces/msg/detail/charger_info__rosidl_typesupport_introspection_cpp.hpp
[30.692s] -- Installing: /home/cjs/Health_Node/ros2_ws/install/pkg00_base_interfaces/include/pkg00_base_interfaces/msg/detail/obs_laser__rosidl_typesupport_introspection_cpp.hpp
[30.692s] -- Installing: /home/cjs/Health_Node/ros2_ws/install/pkg00_base_interfaces/include/pkg00_base_interfaces/msg/detail/color_info__type_support.cpp
[30.692s] -- Installing: /home/cjs/Health_Node/ros2_ws/install/pkg00_base_interfaces/include/pkg00_base_interfaces/msg/detail/motor_cmd__type_support.cpp
[30.692s] -- Installing: /home/cjs/Health_Node/ros2_ws/install/pkg00_base_interfaces/include/pkg00_base_interfaces/msg/detail/motor_status__type_support.cpp
[30.693s] -- Installing: /home/cjs/Health_Node/ros2_ws/install/pkg00_base_interfaces/include/pkg00_base_interfaces/msg/detail/bms_info__rosidl_typesupport_introspection_cpp.hpp
[30.693s] -- Installing: /home/cjs/Health_Node/ros2_ws/install/pkg00_base_interfaces/include/pkg00_base_interfaces/msg/detail/seek_ret__rosidl_typesupport_introspection_cpp.hpp
[30.693s] -- Installing: /home/cjs/Health_Node/ros2_ws/install/pkg00_base_interfaces/include/pkg00_base_interfaces/msg/detail/system_status__rosidl_typesupport_introspection_cpp.hpp
[30.693s] -- Installing: /home/cjs/Health_Node/ros2_ws/install/pkg00_base_interfaces/include/pkg00_base_interfaces/msg/detail/hall_info__rosidl_typesupport_introspection_cpp.hpp
[30.693s] -- Installing: /home/cjs/Health_Node/ros2_ws/install/pkg00_base_interfaces/include/pkg00_base_interfaces/msg/detail/motor_status__rosidl_typesupport_introspection_cpp.hpp
[30.693s] -- Installing: /home/cjs/Health_Node/ros2_ws/install/pkg00_base_interfaces/include/pkg00_base_interfaces/msg/detail/obs_laser__type_support.cpp
[30.693s] -- Installing: /home/cjs/Health_Node/ros2_ws/install/pkg00_base_interfaces/include/pkg00_base_interfaces/msg/detail/hall_info__type_support.cpp
[30.693s] -- Installing: /home/cjs/Health_Node/ros2_ws/install/pkg00_base_interfaces/lib/libpkg00_base_interfaces__rosidl_typesupport_introspection_cpp.so
[30.696s] -- Set runtime path of "/home/cjs/Health_Node/ros2_ws/install/pkg00_base_interfaces/lib/libpkg00_base_interfaces__rosidl_typesupport_introspection_cpp.so" to ""
[30.696s] -- Installing: /home/cjs/Health_Node/ros2_ws/install/pkg00_base_interfaces/lib/libpkg00_base_interfaces__rosidl_typesupport_cpp.so
[30.696s] -- Set runtime path of "/home/cjs/Health_Node/ros2_ws/install/pkg00_base_interfaces/lib/libpkg00_base_interfaces__rosidl_typesupport_cpp.so" to ""
[30.696s] -- Installing: /home/cjs/Health_Node/ros2_ws/install/pkg00_base_interfaces/share/pkg00_base_interfaces/environment/pythonpath.sh
[30.696s] -- Installing: /home/cjs/Health_Node/ros2_ws/install/pkg00_base_interfaces/share/pkg00_base_interfaces/environment/pythonpath.dsv
[30.696s] -- Installing: /home/cjs/Health_Node/ros2_ws/install/pkg00_base_interfaces/lib/python3.8/site-packages/pkg00_base_interfaces/__init__.py
[30.732s] Compiling '/home/cjs/Health_Node/ros2_ws/install/pkg00_base_interfaces/lib/python3.8/site-packages/pkg00_base_interfaces/__init__.py'...
[30.739s] -- Installing: /home/cjs/Health_Node/ros2_ws/install/pkg00_base_interfaces/lib/python3.8/site-packages/pkg00_base_interfaces/msg
[30.739s] -- Installing: /home/cjs/Health_Node/ros2_ws/install/pkg00_base_interfaces/lib/python3.8/site-packages/pkg00_base_interfaces/msg/_hall_info_s.c
[30.739s] -- Installing: /home/cjs/Health_Node/ros2_ws/install/pkg00_base_interfaces/lib/python3.8/site-packages/pkg00_base_interfaces/msg/_core_info_s.c
[30.740s] -- Installing: /home/cjs/Health_Node/ros2_ws/install/pkg00_base_interfaces/lib/python3.8/site-packages/pkg00_base_interfaces/msg/_color_info.py
[30.740s] -- Installing: /home/cjs/Health_Node/ros2_ws/install/pkg00_base_interfaces/lib/python3.8/site-packages/pkg00_base_interfaces/msg/_motor_status.py
[30.740s] -- Installing: /home/cjs/Health_Node/ros2_ws/install/pkg00_base_interfaces/lib/python3.8/site-packages/pkg00_base_interfaces/msg/_obs_laser.py
[30.740s] -- Installing: /home/cjs/Health_Node/ros2_ws/install/pkg00_base_interfaces/lib/python3.8/site-packages/pkg00_base_interfaces/msg/_seek_ret_s.c
[30.740s] -- Installing: /home/cjs/Health_Node/ros2_ws/install/pkg00_base_interfaces/lib/python3.8/site-packages/pkg00_base_interfaces/msg/_motor_cmd_s.c
[30.740s] -- Installing: /home/cjs/Health_Node/ros2_ws/install/pkg00_base_interfaces/lib/python3.8/site-packages/pkg00_base_interfaces/msg/_obs_laser_s.c
[30.740s] -- Installing: /home/cjs/Health_Node/ros2_ws/install/pkg00_base_interfaces/lib/python3.8/site-packages/pkg00_base_interfaces/msg/_charger_info_s.c
[30.740s] -- Installing: /home/cjs/Health_Node/ros2_ws/install/pkg00_base_interfaces/lib/python3.8/site-packages/pkg00_base_interfaces/msg/_system_status.py
[30.740s] -- Installing: /home/cjs/Health_Node/ros2_ws/install/pkg00_base_interfaces/lib/python3.8/site-packages/pkg00_base_interfaces/msg/_core_info.py
[30.740s] -- Installing: /home/cjs/Health_Node/ros2_ws/install/pkg00_base_interfaces/lib/python3.8/site-packages/pkg00_base_interfaces/msg/_charger_info.py
[30.740s] -- Installing: /home/cjs/Health_Node/ros2_ws/install/pkg00_base_interfaces/lib/python3.8/site-packages/pkg00_base_interfaces/msg/_hall_info.py
[30.741s] -- Installing: /home/cjs/Health_Node/ros2_ws/install/pkg00_base_interfaces/lib/python3.8/site-packages/pkg00_base_interfaces/msg/_location_s.c
[30.741s] -- Installing: /home/cjs/Health_Node/ros2_ws/install/pkg00_base_interfaces/lib/python3.8/site-packages/pkg00_base_interfaces/msg/_seek_ret.py
[30.741s] -- Installing: /home/cjs/Health_Node/ros2_ws/install/pkg00_base_interfaces/lib/python3.8/site-packages/pkg00_base_interfaces/msg/_system_status_s.c
[30.741s] -- Installing: /home/cjs/Health_Node/ros2_ws/install/pkg00_base_interfaces/lib/python3.8/site-packages/pkg00_base_interfaces/msg/_location.py
[30.741s] -- Installing: /home/cjs/Health_Node/ros2_ws/install/pkg00_base_interfaces/lib/python3.8/site-packages/pkg00_base_interfaces/msg/_motor_cmd.py
[30.742s] -- Installing: /home/cjs/Health_Node/ros2_ws/install/pkg00_base_interfaces/lib/python3.8/site-packages/pkg00_base_interfaces/msg/_color_info_s.c
[30.742s] -- Installing: /home/cjs/Health_Node/ros2_ws/install/pkg00_base_interfaces/lib/python3.8/site-packages/pkg00_base_interfaces/msg/_motor_status_s.c
[30.742s] -- Installing: /home/cjs/Health_Node/ros2_ws/install/pkg00_base_interfaces/lib/python3.8/site-packages/pkg00_base_interfaces/msg/_bms_info_s.c
[30.742s] -- Installing: /home/cjs/Health_Node/ros2_ws/install/pkg00_base_interfaces/lib/python3.8/site-packages/pkg00_base_interfaces/msg/__init__.py
[30.742s] -- Installing: /home/cjs/Health_Node/ros2_ws/install/pkg00_base_interfaces/lib/python3.8/site-packages/pkg00_base_interfaces/msg/_bms_info.py
[30.743s] -- Installing: /home/cjs/Health_Node/ros2_ws/install/pkg00_base_interfaces/lib/python3.8/site-packages/pkg00_base_interfaces/pkg00_base_interfaces_s__rosidl_typesupport_fastrtps_c.cpython-38-x86_64-linux-gnu.so
[30.744s] -- Set runtime path of "/home/cjs/Health_Node/ros2_ws/install/pkg00_base_interfaces/lib/python3.8/site-packages/pkg00_base_interfaces/pkg00_base_interfaces_s__rosidl_typesupport_fastrtps_c.cpython-38-x86_64-linux-gnu.so" to ""
[30.744s] -- Installing: /home/cjs/Health_Node/ros2_ws/install/pkg00_base_interfaces/lib/python3.8/site-packages/pkg00_base_interfaces/pkg00_base_interfaces_s__rosidl_typesupport_introspection_c.cpython-38-x86_64-linux-gnu.so
[30.746s] -- Set runtime path of "/home/cjs/Health_Node/ros2_ws/install/pkg00_base_interfaces/lib/python3.8/site-packages/pkg00_base_interfaces/pkg00_base_interfaces_s__rosidl_typesupport_introspection_c.cpython-38-x86_64-linux-gnu.so" to ""
[30.746s] -- Installing: /home/cjs/Health_Node/ros2_ws/install/pkg00_base_interfaces/lib/python3.8/site-packages/pkg00_base_interfaces/pkg00_base_interfaces_s__rosidl_typesupport_c.cpython-38-x86_64-linux-gnu.so
[30.747s] -- Set runtime path of "/home/cjs/Health_Node/ros2_ws/install/pkg00_base_interfaces/lib/python3.8/site-packages/pkg00_base_interfaces/pkg00_base_interfaces_s__rosidl_typesupport_c.cpython-38-x86_64-linux-gnu.so" to ""
[30.747s] -- Installing: /home/cjs/Health_Node/ros2_ws/install/pkg00_base_interfaces/lib/libpkg00_base_interfaces__python.so
[30.748s] -- Set runtime path of "/home/cjs/Health_Node/ros2_ws/install/pkg00_base_interfaces/lib/libpkg00_base_interfaces__python.so" to ""
[30.748s] -- Installing: /home/cjs/Health_Node/ros2_ws/install/pkg00_base_interfaces/share/pkg00_base_interfaces/msg/BmsInfo.idl
[30.748s] -- Installing: /home/cjs/Health_Node/ros2_ws/install/pkg00_base_interfaces/share/pkg00_base_interfaces/msg/ChargerInfo.idl
[30.748s] -- Installing: /home/cjs/Health_Node/ros2_ws/install/pkg00_base_interfaces/share/pkg00_base_interfaces/msg/ColorInfo.idl
[30.749s] -- Installing: /home/cjs/Health_Node/ros2_ws/install/pkg00_base_interfaces/share/pkg00_base_interfaces/msg/CoreInfo.idl
[30.749s] -- Installing: /home/cjs/Health_Node/ros2_ws/install/pkg00_base_interfaces/share/pkg00_base_interfaces/msg/HallInfo.idl
[30.749s] -- Installing: /home/cjs/Health_Node/ros2_ws/install/pkg00_base_interfaces/share/pkg00_base_interfaces/msg/Location.idl
[30.750s] -- Installing: /home/cjs/Health_Node/ros2_ws/install/pkg00_base_interfaces/share/pkg00_base_interfaces/msg/MotorCmd.idl
[30.750s] -- Installing: /home/cjs/Health_Node/ros2_ws/install/pkg00_base_interfaces/share/pkg00_base_interfaces/msg/MotorStatus.idl
[30.750s] -- Installing: /home/cjs/Health_Node/ros2_ws/install/pkg00_base_interfaces/share/pkg00_base_interfaces/msg/ObsLaser.idl
[30.750s] -- Installing: /home/cjs/Health_Node/ros2_ws/install/pkg00_base_interfaces/share/pkg00_base_interfaces/msg/SeekRet.idl
[30.750s] -- Installing: /home/cjs/Health_Node/ros2_ws/install/pkg00_base_interfaces/share/pkg00_base_interfaces/msg/SystemStatus.idl
[30.751s] -- Installing: /home/cjs/Health_Node/ros2_ws/install/pkg00_base_interfaces/share/pkg00_base_interfaces/msg/BmsInfo.msg
[30.751s] -- Installing: /home/cjs/Health_Node/ros2_ws/install/pkg00_base_interfaces/share/pkg00_base_interfaces/msg/ChargerInfo.msg
[30.751s] -- Installing: /home/cjs/Health_Node/ros2_ws/install/pkg00_base_interfaces/share/pkg00_base_interfaces/msg/ColorInfo.msg
[30.751s] -- Installing: /home/cjs/Health_Node/ros2_ws/install/pkg00_base_interfaces/share/pkg00_base_interfaces/msg/CoreInfo.msg
[30.751s] -- Installing: /home/cjs/Health_Node/ros2_ws/install/pkg00_base_interfaces/share/pkg00_base_interfaces/msg/HallInfo.msg
[30.752s] -- Installing: /home/cjs/Health_Node/ros2_ws/install/pkg00_base_interfaces/share/pkg00_base_interfaces/msg/Location.msg
[30.752s] -- Installing: /home/cjs/Health_Node/ros2_ws/install/pkg00_base_interfaces/share/pkg00_base_interfaces/msg/MotorCmd.msg
[30.752s] -- Installing: /home/cjs/Health_Node/ros2_ws/install/pkg00_base_interfaces/share/pkg00_base_interfaces/msg/MotorStatus.msg
[30.752s] -- Installing: /home/cjs/Health_Node/ros2_ws/install/pkg00_base_interfaces/share/pkg00_base_interfaces/msg/ObsLaser.msg
[30.753s] -- Installing: /home/cjs/Health_Node/ros2_ws/install/pkg00_base_interfaces/share/pkg00_base_interfaces/msg/SeekRet.msg
[30.753s] -- Installing: /home/cjs/Health_Node/ros2_ws/install/pkg00_base_interfaces/share/pkg00_base_interfaces/msg/SystemStatus.msg
[30.753s] -- Installing: /home/cjs/Health_Node/ros2_ws/install/pkg00_base_interfaces/share/ament_index/resource_index/package_run_dependencies/pkg00_base_interfaces
[30.753s] -- Installing: /home/cjs/Health_Node/ros2_ws/install/pkg00_base_interfaces/share/ament_index/resource_index/parent_prefix_path/pkg00_base_interfaces
[30.755s] -- Installing: /home/cjs/Health_Node/ros2_ws/install/pkg00_base_interfaces/share/pkg00_base_interfaces/environment/ament_prefix_path.sh
[30.755s] -- Installing: /home/cjs/Health_Node/ros2_ws/install/pkg00_base_interfaces/share/pkg00_base_interfaces/environment/ament_prefix_path.dsv
[30.755s] -- Installing: /home/cjs/Health_Node/ros2_ws/install/pkg00_base_interfaces/share/pkg00_base_interfaces/environment/path.sh
[30.755s] -- Installing: /home/cjs/Health_Node/ros2_ws/install/pkg00_base_interfaces/share/pkg00_base_interfaces/environment/path.dsv
[30.755s] -- Installing: /home/cjs/Health_Node/ros2_ws/install/pkg00_base_interfaces/share/pkg00_base_interfaces/local_setup.bash
[30.756s] -- Installing: /home/cjs/Health_Node/ros2_ws/install/pkg00_base_interfaces/share/pkg00_base_interfaces/local_setup.sh
[30.756s] -- Installing: /home/cjs/Health_Node/ros2_ws/install/pkg00_base_interfaces/share/pkg00_base_interfaces/local_setup.zsh
[30.756s] -- Installing: /home/cjs/Health_Node/ros2_ws/install/pkg00_base_interfaces/share/pkg00_base_interfaces/local_setup.dsv
[30.756s] -- Installing: /home/cjs/Health_Node/ros2_ws/install/pkg00_base_interfaces/share/pkg00_base_interfaces/package.dsv
[30.757s] -- Installing: /home/cjs/Health_Node/ros2_ws/install/pkg00_base_interfaces/share/ament_index/resource_index/packages/pkg00_base_interfaces
[30.757s] -- Installing: /home/cjs/Health_Node/ros2_ws/install/pkg00_base_interfaces/share/pkg00_base_interfaces/cmake/pkg00_base_interfaces__rosidl_generator_cExport.cmake
[30.757s] -- Installing: /home/cjs/Health_Node/ros2_ws/install/pkg00_base_interfaces/share/pkg00_base_interfaces/cmake/pkg00_base_interfaces__rosidl_generator_cExport-noconfig.cmake
[30.758s] -- Installing: /home/cjs/Health_Node/ros2_ws/install/pkg00_base_interfaces/share/pkg00_base_interfaces/cmake/pkg00_base_interfaces__rosidl_typesupport_introspection_cExport.cmake
[30.758s] -- Installing: /home/cjs/Health_Node/ros2_ws/install/pkg00_base_interfaces/share/pkg00_base_interfaces/cmake/pkg00_base_interfaces__rosidl_typesupport_introspection_cExport-noconfig.cmake
[30.758s] -- Installing: /home/cjs/Health_Node/ros2_ws/install/pkg00_base_interfaces/share/pkg00_base_interfaces/cmake/pkg00_base_interfaces__rosidl_typesupport_cExport.cmake
[30.758s] -- Installing: /home/cjs/Health_Node/ros2_ws/install/pkg00_base_interfaces/share/pkg00_base_interfaces/cmake/pkg00_base_interfaces__rosidl_typesupport_cExport-noconfig.cmake
[30.758s] -- Installing: /home/cjs/Health_Node/ros2_ws/install/pkg00_base_interfaces/share/pkg00_base_interfaces/cmake/pkg00_base_interfaces__rosidl_generator_cppExport.cmake
[30.759s] -- Installing: /home/cjs/Health_Node/ros2_ws/install/pkg00_base_interfaces/share/pkg00_base_interfaces/cmake/pkg00_base_interfaces__rosidl_typesupport_introspection_cppExport.cmake
[30.759s] -- Installing: /home/cjs/Health_Node/ros2_ws/install/pkg00_base_interfaces/share/pkg00_base_interfaces/cmake/pkg00_base_interfaces__rosidl_typesupport_introspection_cppExport-noconfig.cmake
[30.759s] -- Installing: /home/cjs/Health_Node/ros2_ws/install/pkg00_base_interfaces/share/pkg00_base_interfaces/cmake/pkg00_base_interfaces__rosidl_typesupport_cppExport.cmake
[30.759s] -- Installing: /home/cjs/Health_Node/ros2_ws/install/pkg00_base_interfaces/share/pkg00_base_interfaces/cmake/pkg00_base_interfaces__rosidl_typesupport_cppExport-noconfig.cmake
[30.760s] -- Installing: /home/cjs/Health_Node/ros2_ws/install/pkg00_base_interfaces/share/pkg00_base_interfaces/cmake/rosidl_cmake-extras.cmake
[30.760s] -- Installing: /home/cjs/Health_Node/ros2_ws/install/pkg00_base_interfaces/share/pkg00_base_interfaces/cmake/ament_cmake_export_dependencies-extras.cmake
[30.760s] -- Installing: /home/cjs/Health_Node/ros2_ws/install/pkg00_base_interfaces/share/pkg00_base_interfaces/cmake/ament_cmake_export_libraries-extras.cmake
[30.760s] -- Installing: /home/cjs/Health_Node/ros2_ws/install/pkg00_base_interfaces/share/pkg00_base_interfaces/cmake/ament_cmake_export_targets-extras.cmake
[30.761s] -- Installing: /home/cjs/Health_Node/ros2_ws/install/pkg00_base_interfaces/share/pkg00_base_interfaces/cmake/ament_cmake_export_include_directories-extras.cmake
[30.761s] -- Installing: /home/cjs/Health_Node/ros2_ws/install/pkg00_base_interfaces/share/pkg00_base_interfaces/cmake/rosidl_cmake_export_typesupport_libraries-extras.cmake
[30.761s] -- Installing: /home/cjs/Health_Node/ros2_ws/install/pkg00_base_interfaces/share/pkg00_base_interfaces/cmake/rosidl_cmake_export_typesupport_targets-extras.cmake
[30.761s] -- Installing: /home/cjs/Health_Node/ros2_ws/install/pkg00_base_interfaces/share/pkg00_base_interfaces/cmake/pkg00_base_interfacesConfig.cmake
[30.762s] -- Installing: /home/cjs/Health_Node/ros2_ws/install/pkg00_base_interfaces/share/pkg00_base_interfaces/cmake/pkg00_base_interfacesConfig-version.cmake
[30.762s] -- Installing: /home/cjs/Health_Node/ros2_ws/install/pkg00_base_interfaces/share/pkg00_base_interfaces/package.xml
[30.769s] Invoked command in '/home/cjs/Health_Node/ros2_ws/build/pkg00_base_interfaces' returned '0': CMAKE_PREFIX_PATH=/opt/ros/foxy /usr/bin/cmake --install /home/cjs/Health_Node/ros2_ws/build/pkg00_base_interfaces
