[0.186s] DEBUG:colcon:Command line arguments: ['/usr/bin/colcon', 'build', '--packages-select', 'pkg00_base_interfaces']
[0.186s] DEBUG:colcon:Parsed command line arguments: Namespace(allow_overriding=[], ament_cmake_args=None, base_paths=['.'], build_base='build', catkin_cmake_args=None, catkin_skip_building_tests=False, cmake_args=None, cmake_clean_cache=False, cmake_clean_first=False, cmake_force_configure=False, cmake_target=None, cmake_target_skip_unavailable=False, continue_on_error=False, event_handlers=None, executor='parallel', ignore_user_meta=False, install_base='install', log_base=None, log_level=None, main=<bound method BuildVerb.main of <colcon_core.verb.build.BuildVerb object at 0x7f6967de92e0>>, merge_install=False, metas=['./colcon.meta'], mixin=None, mixin_files=None, mixin_verb=('build',), packages_above=None, packages_above_and_dependencies=None, packages_above_depth=None, packages_end=None, packages_ignore=None, packages_ignore_regex=None, packages_select=['pkg00_base_interfaces'], packages_select_build_failed=False, packages_select_by_dep=None, packages_select_regex=None, packages_select_test_failures=False, packages_skip=None, packages_skip_build_finished=False, packages_skip_by_dep=None, packages_skip_regex=None, packages_skip_test_passed=False, packages_skip_up_to=None, packages_start=None, packages_up_to=None, packages_up_to_regex=None, parallel_workers=4, paths=None, symlink_install=False, test_result_base=None, verb_extension=<colcon_core.verb.build.BuildVerb object at 0x7f6967de92e0>, verb_name='build', verb_parser=<colcon_mixin.mixin.mixin_argument.MixinArgumentDecorator object at 0x7f6967d4a580>)
[0.342s] Level 1:colcon.colcon_core.package_discovery:discover_packages(colcon_meta) check parameters
[0.342s] Level 1:colcon.colcon_core.package_discovery:discover_packages(recursive) check parameters
[0.342s] Level 1:colcon.colcon_core.package_discovery:discover_packages(ignore) check parameters
[0.343s] Level 1:colcon.colcon_core.package_discovery:discover_packages(path) check parameters
[0.343s] Level 1:colcon.colcon_core.package_discovery:discover_packages(colcon_meta) discover
[0.343s] Level 1:colcon.colcon_core.package_discovery:discover_packages(recursive) discover
[0.343s] INFO:colcon.colcon_core.package_discovery:Crawling recursively for packages in '/home/cjs/Health_Node'
[0.343s] Level 1:colcon.colcon_core.package_identification:_identify(.) by extensions ['ignore', 'ignore_ament_install']
[0.343s] Level 1:colcon.colcon_core.package_identification:_identify(.) by extension 'ignore'
[0.343s] Level 1:colcon.colcon_core.package_identification:_identify(.) by extension 'ignore_ament_install'
[0.343s] Level 1:colcon.colcon_core.package_identification:_identify(.) by extensions ['colcon_pkg']
[0.343s] Level 1:colcon.colcon_core.package_identification:_identify(.) by extension 'colcon_pkg'
[0.343s] Level 1:colcon.colcon_core.package_identification:_identify(.) by extensions ['colcon_meta']
[0.343s] Level 1:colcon.colcon_core.package_identification:_identify(.) by extension 'colcon_meta'
[0.343s] Level 1:colcon.colcon_core.package_identification:_identify(.) by extensions ['ros']
[0.343s] Level 1:colcon.colcon_core.package_identification:_identify(.) by extension 'ros'
[0.355s] Level 1:colcon.colcon_core.package_identification:_identify(.) by extensions ['cmake', 'python']
[0.355s] Level 1:colcon.colcon_core.package_identification:_identify(.) by extension 'cmake'
[0.355s] Level 1:colcon.colcon_core.package_identification:_identify(.) by extension 'python'
[0.355s] Level 1:colcon.colcon_core.package_identification:_identify(.) by extensions ['python_setup_py']
[0.355s] Level 1:colcon.colcon_core.package_identification:_identify(.) by extension 'python_setup_py'
[0.355s] Level 1:colcon.colcon_core.package_identification:_identify(build) by extensions ['ignore', 'ignore_ament_install']
[0.355s] Level 1:colcon.colcon_core.package_identification:_identify(build) by extension 'ignore'
[0.355s] Level 1:colcon.colcon_core.package_identification:_identify(build) ignored
[0.355s] Level 1:colcon.colcon_core.package_identification:_identify(install) by extensions ['ignore', 'ignore_ament_install']
[0.356s] Level 1:colcon.colcon_core.package_identification:_identify(install) by extension 'ignore'
[0.356s] Level 1:colcon.colcon_core.package_identification:_identify(install) ignored
[0.356s] Level 1:colcon.colcon_core.package_identification:_identify(log) by extensions ['ignore', 'ignore_ament_install']
[0.356s] Level 1:colcon.colcon_core.package_identification:_identify(log) by extension 'ignore'
[0.356s] Level 1:colcon.colcon_core.package_identification:_identify(log) ignored
[0.356s] Level 1:colcon.colcon_core.package_identification:_identify(ros2_ws) by extensions ['ignore', 'ignore_ament_install']
[0.356s] Level 1:colcon.colcon_core.package_identification:_identify(ros2_ws) by extension 'ignore'
[0.356s] Level 1:colcon.colcon_core.package_identification:_identify(ros2_ws) by extension 'ignore_ament_install'
[0.356s] Level 1:colcon.colcon_core.package_identification:_identify(ros2_ws) by extensions ['colcon_pkg']
[0.356s] Level 1:colcon.colcon_core.package_identification:_identify(ros2_ws) by extension 'colcon_pkg'
[0.356s] Level 1:colcon.colcon_core.package_identification:_identify(ros2_ws) by extensions ['colcon_meta']
[0.356s] Level 1:colcon.colcon_core.package_identification:_identify(ros2_ws) by extension 'colcon_meta'
[0.356s] Level 1:colcon.colcon_core.package_identification:_identify(ros2_ws) by extensions ['ros']
[0.356s] Level 1:colcon.colcon_core.package_identification:_identify(ros2_ws) by extension 'ros'
[0.356s] Level 1:colcon.colcon_core.package_identification:_identify(ros2_ws) by extensions ['cmake', 'python']
[0.356s] Level 1:colcon.colcon_core.package_identification:_identify(ros2_ws) by extension 'cmake'
[0.356s] Level 1:colcon.colcon_core.package_identification:_identify(ros2_ws) by extension 'python'
[0.356s] Level 1:colcon.colcon_core.package_identification:_identify(ros2_ws) by extensions ['python_setup_py']
[0.356s] Level 1:colcon.colcon_core.package_identification:_identify(ros2_ws) by extension 'python_setup_py'
[0.356s] Level 1:colcon.colcon_core.package_identification:_identify(ros2_ws/build) by extensions ['ignore', 'ignore_ament_install']
[0.356s] Level 1:colcon.colcon_core.package_identification:_identify(ros2_ws/build) by extension 'ignore'
[0.356s] Level 1:colcon.colcon_core.package_identification:_identify(ros2_ws/build) ignored
[0.356s] Level 1:colcon.colcon_core.package_identification:_identify(ros2_ws/install) by extensions ['ignore', 'ignore_ament_install']
[0.356s] Level 1:colcon.colcon_core.package_identification:_identify(ros2_ws/install) by extension 'ignore'
[0.357s] Level 1:colcon.colcon_core.package_identification:_identify(ros2_ws/install) ignored
[0.357s] Level 1:colcon.colcon_core.package_identification:_identify(ros2_ws/log) by extensions ['ignore', 'ignore_ament_install']
[0.357s] Level 1:colcon.colcon_core.package_identification:_identify(ros2_ws/log) by extension 'ignore'
[0.357s] Level 1:colcon.colcon_core.package_identification:_identify(ros2_ws/log) ignored
[0.357s] Level 1:colcon.colcon_core.package_identification:_identify(ros2_ws/src) by extensions ['ignore', 'ignore_ament_install']
[0.357s] Level 1:colcon.colcon_core.package_identification:_identify(ros2_ws/src) by extension 'ignore'
[0.357s] Level 1:colcon.colcon_core.package_identification:_identify(ros2_ws/src) by extension 'ignore_ament_install'
[0.357s] Level 1:colcon.colcon_core.package_identification:_identify(ros2_ws/src) by extensions ['colcon_pkg']
[0.357s] Level 1:colcon.colcon_core.package_identification:_identify(ros2_ws/src) by extension 'colcon_pkg'
[0.357s] Level 1:colcon.colcon_core.package_identification:_identify(ros2_ws/src) by extensions ['colcon_meta']
[0.357s] Level 1:colcon.colcon_core.package_identification:_identify(ros2_ws/src) by extension 'colcon_meta'
[0.357s] Level 1:colcon.colcon_core.package_identification:_identify(ros2_ws/src) by extensions ['ros']
[0.357s] Level 1:colcon.colcon_core.package_identification:_identify(ros2_ws/src) by extension 'ros'
[0.357s] Level 1:colcon.colcon_core.package_identification:_identify(ros2_ws/src) by extensions ['cmake', 'python']
[0.358s] Level 1:colcon.colcon_core.package_identification:_identify(ros2_ws/src) by extension 'cmake'
[0.358s] Level 1:colcon.colcon_core.package_identification:_identify(ros2_ws/src) by extension 'python'
[0.358s] Level 1:colcon.colcon_core.package_identification:_identify(ros2_ws/src) by extensions ['python_setup_py']
[0.358s] Level 1:colcon.colcon_core.package_identification:_identify(ros2_ws/src) by extension 'python_setup_py'
[0.358s] Level 1:colcon.colcon_core.package_identification:_identify(ros2_ws/src/pkg00_base_interfaces) by extensions ['ignore', 'ignore_ament_install']
[0.358s] Level 1:colcon.colcon_core.package_identification:_identify(ros2_ws/src/pkg00_base_interfaces) by extension 'ignore'
[0.358s] Level 1:colcon.colcon_core.package_identification:_identify(ros2_ws/src/pkg00_base_interfaces) by extension 'ignore_ament_install'
[0.358s] Level 1:colcon.colcon_core.package_identification:_identify(ros2_ws/src/pkg00_base_interfaces) by extensions ['colcon_pkg']
[0.358s] Level 1:colcon.colcon_core.package_identification:_identify(ros2_ws/src/pkg00_base_interfaces) by extension 'colcon_pkg'
[0.358s] Level 1:colcon.colcon_core.package_identification:_identify(ros2_ws/src/pkg00_base_interfaces) by extensions ['colcon_meta']
[0.358s] Level 1:colcon.colcon_core.package_identification:_identify(ros2_ws/src/pkg00_base_interfaces) by extension 'colcon_meta'
[0.358s] Level 1:colcon.colcon_core.package_identification:_identify(ros2_ws/src/pkg00_base_interfaces) by extensions ['ros']
[0.358s] Level 1:colcon.colcon_core.package_identification:_identify(ros2_ws/src/pkg00_base_interfaces) by extension 'ros'
[0.360s] DEBUG:colcon.colcon_core.package_identification:Package 'ros2_ws/src/pkg00_base_interfaces' with type 'ros.ament_cmake' and name 'pkg00_base_interfaces'
[0.360s] Level 1:colcon.colcon_core.package_identification:_identify(ros2_ws/src/pkg01_healthoper_cpp) by extensions ['ignore', 'ignore_ament_install']
[0.360s] Level 1:colcon.colcon_core.package_identification:_identify(ros2_ws/src/pkg01_healthoper_cpp) by extension 'ignore'
[0.360s] Level 1:colcon.colcon_core.package_identification:_identify(ros2_ws/src/pkg01_healthoper_cpp) by extension 'ignore_ament_install'
[0.360s] Level 1:colcon.colcon_core.package_identification:_identify(ros2_ws/src/pkg01_healthoper_cpp) by extensions ['colcon_pkg']
[0.360s] Level 1:colcon.colcon_core.package_identification:_identify(ros2_ws/src/pkg01_healthoper_cpp) by extension 'colcon_pkg'
[0.360s] Level 1:colcon.colcon_core.package_identification:_identify(ros2_ws/src/pkg01_healthoper_cpp) by extensions ['colcon_meta']
[0.360s] Level 1:colcon.colcon_core.package_identification:_identify(ros2_ws/src/pkg01_healthoper_cpp) by extension 'colcon_meta'
[0.361s] Level 1:colcon.colcon_core.package_identification:_identify(ros2_ws/src/pkg01_healthoper_cpp) by extensions ['ros']
[0.361s] Level 1:colcon.colcon_core.package_identification:_identify(ros2_ws/src/pkg01_healthoper_cpp) by extension 'ros'
[0.361s] DEBUG:colcon.colcon_core.package_identification:Package 'ros2_ws/src/pkg01_healthoper_cpp' with type 'ros.ament_cmake' and name 'pkg01_healthoper_cpp'
[0.361s] Level 1:colcon.colcon_core.package_discovery:discover_packages(recursive) using defaults
[0.361s] Level 1:colcon.colcon_core.package_discovery:discover_packages(ignore) discover
[0.361s] Level 1:colcon.colcon_core.package_discovery:discover_packages(ignore) using defaults
[0.361s] Level 1:colcon.colcon_core.package_discovery:discover_packages(path) discover
[0.361s] Level 1:colcon.colcon_core.package_discovery:discover_packages(path) using defaults
[0.373s] INFO:colcon.colcon_core.package_selection:Skipping not selected package 'pkg01_healthoper_cpp' in 'ros2_ws/src/pkg01_healthoper_cpp'
[0.374s] Level 1:colcon.colcon_core.package_discovery:discover_packages(prefix_path) check parameters
[0.374s] Level 1:colcon.colcon_core.package_discovery:discover_packages(prefix_path) discover
[0.377s] DEBUG:colcon.colcon_installed_package_information.package_discovery:Found 256 installed packages in /opt/ros/foxy
[0.378s] Level 1:colcon.colcon_core.package_discovery:discover_packages(prefix_path) using defaults
[0.442s] Level 5:colcon.colcon_core.verb:set package 'pkg00_base_interfaces' build argument 'cmake_args' from command line to 'None'
[0.442s] Level 5:colcon.colcon_core.verb:set package 'pkg00_base_interfaces' build argument 'cmake_target' from command line to 'None'
[0.442s] Level 5:colcon.colcon_core.verb:set package 'pkg00_base_interfaces' build argument 'cmake_target_skip_unavailable' from command line to 'False'
[0.442s] Level 5:colcon.colcon_core.verb:set package 'pkg00_base_interfaces' build argument 'cmake_clean_cache' from command line to 'False'
[0.442s] Level 5:colcon.colcon_core.verb:set package 'pkg00_base_interfaces' build argument 'cmake_clean_first' from command line to 'False'
[0.442s] Level 5:colcon.colcon_core.verb:set package 'pkg00_base_interfaces' build argument 'cmake_force_configure' from command line to 'False'
[0.442s] Level 5:colcon.colcon_core.verb:set package 'pkg00_base_interfaces' build argument 'ament_cmake_args' from command line to 'None'
[0.442s] Level 5:colcon.colcon_core.verb:set package 'pkg00_base_interfaces' build argument 'catkin_cmake_args' from command line to 'None'
[0.442s] Level 5:colcon.colcon_core.verb:set package 'pkg00_base_interfaces' build argument 'catkin_skip_building_tests' from command line to 'False'
[0.442s] DEBUG:colcon.colcon_core.verb:Building package 'pkg00_base_interfaces' with the following arguments: {'ament_cmake_args': None, 'build_base': '/home/cjs/Health_Node/build/pkg00_base_interfaces', 'catkin_cmake_args': None, 'catkin_skip_building_tests': False, 'cmake_args': None, 'cmake_clean_cache': False, 'cmake_clean_first': False, 'cmake_force_configure': False, 'cmake_target': None, 'cmake_target_skip_unavailable': False, 'install_base': '/home/cjs/Health_Node/install/pkg00_base_interfaces', 'merge_install': False, 'path': '/home/cjs/Health_Node/ros2_ws/src/pkg00_base_interfaces', 'symlink_install': False, 'test_result_base': None}
[0.442s] INFO:colcon.colcon_core.executor:Executing jobs using 'parallel' executor
[0.443s] DEBUG:colcon.colcon_parallel_executor.executor.parallel:run_until_complete
[0.444s] INFO:colcon.colcon_ros.task.ament_cmake.build:Building ROS package in '/home/cjs/Health_Node/ros2_ws/src/pkg00_base_interfaces' with build type 'ament_cmake'
[0.444s] INFO:colcon.colcon_cmake.task.cmake.build:Building CMake package in '/home/cjs/Health_Node/ros2_ws/src/pkg00_base_interfaces'
[0.447s] INFO:colcon.colcon_core.plugin_system:Skipping extension 'colcon_core.shell.bat': Not used on non-Windows systems
[0.447s] INFO:colcon.colcon_core.shell:Skip shell extension 'powershell' for command environment: Not usable outside of PowerShell
[0.447s] DEBUG:colcon.colcon_core.shell:Skip shell extension 'dsv' for command environment
[0.465s] DEBUG:colcon.colcon_core.event_handler.log_command:Invoking command in '/home/cjs/Health_Node/build/pkg00_base_interfaces': CMAKE_PREFIX_PATH=/opt/ros/foxy /usr/bin/cmake /home/cjs/Health_Node/ros2_ws/src/pkg00_base_interfaces -DCMAKE_INSTALL_PREFIX=/home/cjs/Health_Node/install/pkg00_base_interfaces
[1.624s] DEBUG:colcon.colcon_core.event_handler.log_command:Invoked command in '/home/cjs/Health_Node/build/pkg00_base_interfaces' returned '0': CMAKE_PREFIX_PATH=/opt/ros/foxy /usr/bin/cmake /home/cjs/Health_Node/ros2_ws/src/pkg00_base_interfaces -DCMAKE_INSTALL_PREFIX=/home/cjs/Health_Node/install/pkg00_base_interfaces
[1.629s] DEBUG:colcon.colcon_core.event_handler.log_command:Invoking command in '/home/cjs/Health_Node/build/pkg00_base_interfaces': CMAKE_PREFIX_PATH=/opt/ros/foxy /usr/bin/cmake --build /home/cjs/Health_Node/build/pkg00_base_interfaces -- -j4 -l4
[17.809s] DEBUG:colcon.colcon_core.event_handler.log_command:Invoked command in '/home/cjs/Health_Node/build/pkg00_base_interfaces' returned '0': CMAKE_PREFIX_PATH=/opt/ros/foxy /usr/bin/cmake --build /home/cjs/Health_Node/build/pkg00_base_interfaces -- -j4 -l4
[18.430s] DEBUG:colcon.colcon_core.event_handler.log_command:Invoking command in '/home/cjs/Health_Node/build/pkg00_base_interfaces': CMAKE_PREFIX_PATH=/opt/ros/foxy /usr/bin/cmake --install /home/cjs/Health_Node/build/pkg00_base_interfaces
[18.550s] Level 1:colcon.colcon_core.environment:create_environment_scripts_only(pkg00_base_interfaces)
[18.553s] Level 1:colcon.colcon_core.environment:checking '/home/cjs/Health_Node/install/pkg00_base_interfaces' for CMake module files
[18.553s] DEBUG:colcon.colcon_core.event_handler.log_command:Invoked command in '/home/cjs/Health_Node/build/pkg00_base_interfaces' returned '0': CMAKE_PREFIX_PATH=/opt/ros/foxy /usr/bin/cmake --install /home/cjs/Health_Node/build/pkg00_base_interfaces
[18.554s] Level 1:colcon.colcon_core.environment:checking '/home/cjs/Health_Node/install/pkg00_base_interfaces' for CMake config files
[18.554s] Level 1:colcon.colcon_core.shell:create_environment_hook('pkg00_base_interfaces', 'cmake_prefix_path')
[18.555s] INFO:colcon.colcon_core.shell:Creating environment hook '/home/cjs/Health_Node/install/pkg00_base_interfaces/share/pkg00_base_interfaces/hook/cmake_prefix_path.ps1'
[18.556s] INFO:colcon.colcon_core.shell:Creating environment descriptor '/home/cjs/Health_Node/install/pkg00_base_interfaces/share/pkg00_base_interfaces/hook/cmake_prefix_path.dsv'
[18.557s] INFO:colcon.colcon_core.shell:Creating environment hook '/home/cjs/Health_Node/install/pkg00_base_interfaces/share/pkg00_base_interfaces/hook/cmake_prefix_path.sh'
[18.559s] Level 1:colcon.colcon_core.environment:checking '/home/cjs/Health_Node/install/pkg00_base_interfaces/lib'
[18.559s] Level 1:colcon.colcon_core.shell:create_environment_hook('pkg00_base_interfaces', 'ld_library_path_lib')
[18.559s] INFO:colcon.colcon_core.shell:Creating environment hook '/home/cjs/Health_Node/install/pkg00_base_interfaces/share/pkg00_base_interfaces/hook/ld_library_path_lib.ps1'
[18.560s] INFO:colcon.colcon_core.shell:Creating environment descriptor '/home/cjs/Health_Node/install/pkg00_base_interfaces/share/pkg00_base_interfaces/hook/ld_library_path_lib.dsv'
[18.560s] INFO:colcon.colcon_core.shell:Creating environment hook '/home/cjs/Health_Node/install/pkg00_base_interfaces/share/pkg00_base_interfaces/hook/ld_library_path_lib.sh'
[18.560s] Level 1:colcon.colcon_core.environment:checking '/home/cjs/Health_Node/install/pkg00_base_interfaces/bin'
[18.560s] Level 1:colcon.colcon_core.environment:checking '/home/cjs/Health_Node/install/pkg00_base_interfaces/lib/pkgconfig/pkg00_base_interfaces.pc'
[18.561s] Level 1:colcon.colcon_core.environment:checking '/home/cjs/Health_Node/install/pkg00_base_interfaces/lib/python3.8/site-packages'
[18.561s] Level 1:colcon.colcon_core.shell:create_environment_hook('pkg00_base_interfaces', 'pythonpath')
[18.561s] INFO:colcon.colcon_core.shell:Creating environment hook '/home/cjs/Health_Node/install/pkg00_base_interfaces/share/pkg00_base_interfaces/hook/pythonpath.ps1'
[18.561s] INFO:colcon.colcon_core.shell:Creating environment descriptor '/home/cjs/Health_Node/install/pkg00_base_interfaces/share/pkg00_base_interfaces/hook/pythonpath.dsv'
[18.562s] INFO:colcon.colcon_core.shell:Creating environment hook '/home/cjs/Health_Node/install/pkg00_base_interfaces/share/pkg00_base_interfaces/hook/pythonpath.sh'
[18.563s] Level 1:colcon.colcon_core.environment:checking '/home/cjs/Health_Node/install/pkg00_base_interfaces/bin'
[18.563s] INFO:colcon.colcon_core.shell:Creating package script '/home/cjs/Health_Node/install/pkg00_base_interfaces/share/pkg00_base_interfaces/package.ps1'
[18.565s] INFO:colcon.colcon_core.shell:Creating package descriptor '/home/cjs/Health_Node/install/pkg00_base_interfaces/share/pkg00_base_interfaces/package.dsv'
[18.566s] INFO:colcon.colcon_core.shell:Creating package script '/home/cjs/Health_Node/install/pkg00_base_interfaces/share/pkg00_base_interfaces/package.sh'
[18.573s] INFO:colcon.colcon_core.shell:Creating package script '/home/cjs/Health_Node/install/pkg00_base_interfaces/share/pkg00_base_interfaces/package.bash'
[18.574s] INFO:colcon.colcon_core.shell:Creating package script '/home/cjs/Health_Node/install/pkg00_base_interfaces/share/pkg00_base_interfaces/package.zsh'
[18.575s] Level 1:colcon.colcon_core.environment:create_file_with_runtime_dependencies(/home/cjs/Health_Node/install/pkg00_base_interfaces/share/colcon-core/packages/pkg00_base_interfaces)
[19.169s] Level 1:colcon.colcon_core.environment:create_environment_scripts_only(pkg00_base_interfaces)
[19.169s] Level 1:colcon.colcon_core.environment:checking '/home/cjs/Health_Node/install/pkg00_base_interfaces' for CMake module files
[19.170s] Level 1:colcon.colcon_core.environment:checking '/home/cjs/Health_Node/install/pkg00_base_interfaces' for CMake config files
[19.170s] Level 1:colcon.colcon_core.shell:create_environment_hook('pkg00_base_interfaces', 'cmake_prefix_path')
[19.171s] INFO:colcon.colcon_core.shell:Creating environment hook '/home/cjs/Health_Node/install/pkg00_base_interfaces/share/pkg00_base_interfaces/hook/cmake_prefix_path.ps1'
[19.172s] INFO:colcon.colcon_core.shell:Creating environment descriptor '/home/cjs/Health_Node/install/pkg00_base_interfaces/share/pkg00_base_interfaces/hook/cmake_prefix_path.dsv'
[19.172s] INFO:colcon.colcon_core.shell:Creating environment hook '/home/cjs/Health_Node/install/pkg00_base_interfaces/share/pkg00_base_interfaces/hook/cmake_prefix_path.sh'
[19.173s] Level 1:colcon.colcon_core.environment:checking '/home/cjs/Health_Node/install/pkg00_base_interfaces/lib'
[19.173s] Level 1:colcon.colcon_core.shell:create_environment_hook('pkg00_base_interfaces', 'ld_library_path_lib')
[19.173s] INFO:colcon.colcon_core.shell:Creating environment hook '/home/cjs/Health_Node/install/pkg00_base_interfaces/share/pkg00_base_interfaces/hook/ld_library_path_lib.ps1'
[19.174s] INFO:colcon.colcon_core.shell:Creating environment descriptor '/home/cjs/Health_Node/install/pkg00_base_interfaces/share/pkg00_base_interfaces/hook/ld_library_path_lib.dsv'
[19.174s] INFO:colcon.colcon_core.shell:Creating environment hook '/home/cjs/Health_Node/install/pkg00_base_interfaces/share/pkg00_base_interfaces/hook/ld_library_path_lib.sh'
[19.175s] Level 1:colcon.colcon_core.environment:checking '/home/cjs/Health_Node/install/pkg00_base_interfaces/bin'
[19.175s] Level 1:colcon.colcon_core.environment:checking '/home/cjs/Health_Node/install/pkg00_base_interfaces/lib/pkgconfig/pkg00_base_interfaces.pc'
[19.175s] Level 1:colcon.colcon_core.environment:checking '/home/cjs/Health_Node/install/pkg00_base_interfaces/lib/python3.8/site-packages'
[19.175s] Level 1:colcon.colcon_core.shell:create_environment_hook('pkg00_base_interfaces', 'pythonpath')
[19.176s] INFO:colcon.colcon_core.shell:Creating environment hook '/home/cjs/Health_Node/install/pkg00_base_interfaces/share/pkg00_base_interfaces/hook/pythonpath.ps1'
[19.176s] INFO:colcon.colcon_core.shell:Creating environment descriptor '/home/cjs/Health_Node/install/pkg00_base_interfaces/share/pkg00_base_interfaces/hook/pythonpath.dsv'
[19.177s] INFO:colcon.colcon_core.shell:Creating environment hook '/home/cjs/Health_Node/install/pkg00_base_interfaces/share/pkg00_base_interfaces/hook/pythonpath.sh'
[19.178s] Level 1:colcon.colcon_core.environment:checking '/home/cjs/Health_Node/install/pkg00_base_interfaces/bin'
[19.179s] INFO:colcon.colcon_core.shell:Creating package script '/home/cjs/Health_Node/install/pkg00_base_interfaces/share/pkg00_base_interfaces/package.ps1'
[19.180s] INFO:colcon.colcon_core.shell:Creating package descriptor '/home/cjs/Health_Node/install/pkg00_base_interfaces/share/pkg00_base_interfaces/package.dsv'
[19.181s] INFO:colcon.colcon_core.shell:Creating package script '/home/cjs/Health_Node/install/pkg00_base_interfaces/share/pkg00_base_interfaces/package.sh'
[19.182s] INFO:colcon.colcon_core.shell:Creating package script '/home/cjs/Health_Node/install/pkg00_base_interfaces/share/pkg00_base_interfaces/package.bash'
[19.183s] INFO:colcon.colcon_core.shell:Creating package script '/home/cjs/Health_Node/install/pkg00_base_interfaces/share/pkg00_base_interfaces/package.zsh'
[19.183s] Level 1:colcon.colcon_core.environment:create_file_with_runtime_dependencies(/home/cjs/Health_Node/install/pkg00_base_interfaces/share/colcon-core/packages/pkg00_base_interfaces)
[19.184s] DEBUG:colcon.colcon_parallel_executor.executor.parallel:closing loop
[19.184s] DEBUG:colcon.colcon_parallel_executor.executor.parallel:loop closed
[19.184s] DEBUG:colcon.colcon_parallel_executor.executor.parallel:run_until_complete finished with '0'
[19.184s] DEBUG:colcon.colcon_core.event_reactor:joining thread
[19.193s] INFO:colcon.colcon_core.plugin_system:Skipping extension 'colcon_notification.desktop_notification.terminal_notifier': Not used on non-Darwin systems
[19.193s] INFO:colcon.colcon_core.plugin_system:Skipping extension 'colcon_notification.desktop_notification.win32': Not used on non-Windows systems
[19.193s] INFO:colcon.colcon_notification.desktop_notification:Sending desktop notification using 'notify2'
[19.213s] DEBUG:colcon.colcon_core.event_reactor:joined thread
[19.213s] INFO:colcon.colcon_core.shell:Creating prefix script '/home/cjs/Health_Node/install/local_setup.ps1'
[19.214s] INFO:colcon.colcon_core.shell:Creating prefix util module '/home/cjs/Health_Node/install/_local_setup_util_ps1.py'
[19.216s] INFO:colcon.colcon_core.shell:Creating prefix chain script '/home/cjs/Health_Node/install/setup.ps1'
[19.218s] INFO:colcon.colcon_core.shell:Creating prefix script '/home/cjs/Health_Node/install/local_setup.sh'
[19.218s] INFO:colcon.colcon_core.shell:Creating prefix util module '/home/cjs/Health_Node/install/_local_setup_util_sh.py'
[19.219s] INFO:colcon.colcon_core.shell:Creating prefix chain script '/home/cjs/Health_Node/install/setup.sh'
[19.221s] INFO:colcon.colcon_core.shell:Creating prefix script '/home/cjs/Health_Node/install/local_setup.bash'
[19.221s] INFO:colcon.colcon_core.shell:Creating prefix chain script '/home/cjs/Health_Node/install/setup.bash'
[19.223s] INFO:colcon.colcon_core.shell:Creating prefix script '/home/cjs/Health_Node/install/local_setup.zsh'
[19.224s] INFO:colcon.colcon_core.shell:Creating prefix chain script '/home/cjs/Health_Node/install/setup.zsh'
