[0.027s] Invoking command in '/home/cjs/Health_Node/build/base_interfaces_demo': CMAKE_PREFIX_PATH=/opt/ros/foxy /usr/bin/cmake /home/cjs/Health_Node/ros2_ws/src/base_interfaces_demo -DCMAKE_INSTALL_PREFIX=/home/cjs/Health_Node/install/base_interfaces_demo
[0.478s] -- The C compiler identification is GNU 9.4.0
[0.717s] -- The CXX compiler identification is GNU 9.4.0
[0.738s] -- Check for working C compiler: /usr/bin/cc
[0.853s] -- Check for working C compiler: /usr/bin/cc -- works
[0.861s] -- Detecting C compiler ABI info
[1.004s] -- Detecting C compiler ABI info - done
[1.014s] -- Detecting C compile features
[1.016s] -- Detecting C compile features - done
[1.021s] -- Check for working CXX compiler: /usr/bin/c++
[1.190s] -- Check for working CXX compiler: /usr/bin/c++ -- works
[1.191s] -- Detecting CXX compiler ABI info
[1.368s] -- Detecting CXX compiler ABI info - done
[1.388s] -- Detecting CXX compile features
[1.389s] -- Detecting CXX compile features - done
[1.415s] -- Found ament_cmake: 0.9.12 (/opt/ros/foxy/share/ament_cmake/cmake)
[1.467s] -- Found PythonInterp: /usr/bin/python3 (found suitable version "3.8.10", minimum required is "3") 
[1.467s] -- Using PYTHON_EXECUTABLE: /usr/bin/python3
[1.773s] -- Found rosidl_default_generators: 1.0.1 (/opt/ros/foxy/share/rosidl_default_generators/cmake)
[1.783s] -- Using all available rosidl_typesupport_c: rosidl_typesupport_fastrtps_c;rosidl_typesupport_introspection_c
[1.798s] -- Found rosidl_adapter: 1.3.1 (/opt/ros/foxy/share/rosidl_adapter/cmake)
[2.044s] -- Found OpenSSL: /usr/lib/x86_64-linux-gnu/libcrypto.so (found version "1.1.1f")  
[2.089s] -- Found FastRTPS: /opt/ros/foxy/include  
[2.223s] -- Using all available rosidl_typesupport_cpp: rosidl_typesupport_fastrtps_cpp;rosidl_typesupport_introspection_cpp
[2.320s] -- Found PythonInterp: /usr/bin/python3 (found version "3.8.10") 
[2.766s] -- Found ament_cmake_ros: 0.9.2 (/opt/ros/foxy/share/ament_cmake_ros/cmake)
[2.945s] -- Using all available rosidl_typesupport_c: rosidl_typesupport_fastrtps_c;rosidl_typesupport_introspection_c
[2.987s] -- Using all available rosidl_typesupport_cpp: rosidl_typesupport_fastrtps_cpp;rosidl_typesupport_introspection_cpp
[3.022s] -- Found PythonInterp: /usr/bin/python3 (found suitable version "3.8.10", minimum required is "3.5") 
[3.025s] -- Found python_cmake_module: 0.8.1 (/opt/ros/foxy/share/python_cmake_module/cmake)
[3.069s] -- Found PythonLibs: /usr/lib/x86_64-linux-gnu/libpython3.8.so (found suitable version "3.8.10", minimum required is "3.5") 
[3.069s] -- Using PYTHON_EXECUTABLE: /usr/bin/python3
[3.069s] -- Using PYTHON_INCLUDE_DIRS: /usr/include/python3.8
[3.069s] -- Using PYTHON_LIBRARIES: /usr/lib/x86_64-linux-gnu/libpython3.8.so
[3.098s] -- Found PythonExtra: .so  
[3.168s] -- Found ament_lint_auto: 0.9.8 (/opt/ros/foxy/share/ament_lint_auto/cmake)
[3.232s] -- Added test 'lint_cmake' to check CMake code style
[3.238s] -- Added test 'xmllint' to check XML markup files
[3.252s] -- Configuring done
[3.407s] -- Generating done
[3.412s] -- Build files have been written to: /home/cjs/Health_Node/build/base_interfaces_demo
[3.425s] Invoked command in '/home/cjs/Health_Node/build/base_interfaces_demo' returned '0': CMAKE_PREFIX_PATH=/opt/ros/foxy /usr/bin/cmake /home/cjs/Health_Node/ros2_ws/src/base_interfaces_demo -DCMAKE_INSTALL_PREFIX=/home/cjs/Health_Node/install/base_interfaces_demo
[3.429s] Invoking command in '/home/cjs/Health_Node/build/base_interfaces_demo': CMAKE_PREFIX_PATH=/opt/ros/foxy /usr/bin/cmake --build /home/cjs/Health_Node/build/base_interfaces_demo -- -j4 -l4
[3.527s] [35m[1mScanning dependencies of target base_interfaces_demo__cpp[0m
[3.528s] [  0%] [34m[1mGenerating C code for ROS interfaces[0m
[3.553s] [  0%] [34m[1mGenerating C++ code for ROS interfaces[0m
[7.429s] [  0%] Built target base_interfaces_demo__cpp
[7.472s] [  1%] [34m[1mGenerating C++ type support dispatch for ROS interfaces[0m
[7.519s] [35m[1mScanning dependencies of target base_interfaces_demo__rosidl_generator_c[0m
[7.522s] [  2%] [34m[1mGenerating C++ type support for eProsima Fast-RTPS[0m
[7.525s] [  3%] [34m[1mGenerating C++ introspection for ROS interfaces[0m
[7.611s] [  4%] [32mBuilding C object CMakeFiles/base_interfaces_demo__rosidl_generator_c.dir/rosidl_generator_c/base_interfaces_demo/action/detail/nav__functions.c.o[0m
[8.110s] [  4%] [32mBuilding C object CMakeFiles/base_interfaces_demo__rosidl_generator_c.dir/rosidl_generator_c/base_interfaces_demo/action/detail/reverse__functions.c.o[0m
[8.524s] [  5%] [32mBuilding C object CMakeFiles/base_interfaces_demo__rosidl_generator_c.dir/rosidl_generator_c/base_interfaces_demo/msg/detail/bms_info__functions.c.o[0m
[8.727s] [  5%] [32mBuilding C object CMakeFiles/base_interfaces_demo__rosidl_generator_c.dir/rosidl_generator_c/base_interfaces_demo/msg/detail/bt_status__functions.c.o[0m
[8.822s] [  6%] [32mBuilding C object CMakeFiles/base_interfaces_demo__rosidl_generator_c.dir/rosidl_generator_c/base_interfaces_demo/msg/detail/charger_info__functions.c.o[0m
[8.962s] [  6%] [32mBuilding C object CMakeFiles/base_interfaces_demo__rosidl_generator_c.dir/rosidl_generator_c/base_interfaces_demo/msg/detail/color_info__functions.c.o[0m
[9.143s] [  6%] [32mBuilding C object CMakeFiles/base_interfaces_demo__rosidl_generator_c.dir/rosidl_generator_c/base_interfaces_demo/msg/detail/file_updata__functions.c.o[0m
[9.309s] [  7%] [32mBuilding C object CMakeFiles/base_interfaces_demo__rosidl_generator_c.dir/rosidl_generator_c/base_interfaces_demo/msg/detail/hall_info__functions.c.o[0m
[9.470s] [  7%] [32mBuilding C object CMakeFiles/base_interfaces_demo__rosidl_generator_c.dir/rosidl_generator_c/base_interfaces_demo/msg/detail/health_node__functions.c.o[0m
[9.530s] [  8%] [32mBuilding C object CMakeFiles/base_interfaces_demo__rosidl_generator_c.dir/rosidl_generator_c/base_interfaces_demo/msg/detail/lift_control__functions.c.o[0m
[9.590s] [  8%] [32mBuilding C object CMakeFiles/base_interfaces_demo__rosidl_generator_c.dir/rosidl_generator_c/base_interfaces_demo/msg/detail/lift_info__functions.c.o[0m
[9.712s] [  8%] [32mBuilding C object CMakeFiles/base_interfaces_demo__rosidl_generator_c.dir/rosidl_generator_c/base_interfaces_demo/msg/detail/location__functions.c.o[0m
[9.832s] [  9%] [32mBuilding C object CMakeFiles/base_interfaces_demo__rosidl_generator_c.dir/rosidl_generator_c/base_interfaces_demo/msg/detail/manual__functions.c.o[0m
[9.956s] [  9%] [32mBuilding C object CMakeFiles/base_interfaces_demo__rosidl_generator_c.dir/rosidl_generator_c/base_interfaces_demo/msg/detail/manual_seek_label__functions.c.o[0m
[10.087s] [ 10%] [32mBuilding C object CMakeFiles/base_interfaces_demo__rosidl_generator_c.dir/rosidl_generator_c/base_interfaces_demo/msg/detail/motion_control__functions.c.o[0m
[10.097s] [35m[1mScanning dependencies of target base_interfaces_demo__rosidl_typesupport_cpp[0m
[10.248s] [ 10%] [32mBuilding CXX object CMakeFiles/base_interfaces_demo__rosidl_typesupport_cpp.dir/rosidl_typesupport_cpp/base_interfaces_demo/action/nav__type_support.cpp.o[0m
[10.300s] [ 10%] [32mBuilding C object CMakeFiles/base_interfaces_demo__rosidl_generator_c.dir/rosidl_generator_c/base_interfaces_demo/msg/detail/motor_cmd__functions.c.o[0m
[10.417s] [ 11%] [32mBuilding C object CMakeFiles/base_interfaces_demo__rosidl_generator_c.dir/rosidl_generator_c/base_interfaces_demo/msg/detail/motor_status__functions.c.o[0m
[10.500s] [ 11%] [32mBuilding C object CMakeFiles/base_interfaces_demo__rosidl_generator_c.dir/rosidl_generator_c/base_interfaces_demo/msg/detail/movecontrol_info__functions.c.o[0m
[10.566s] [ 11%] [32mBuilding C object CMakeFiles/base_interfaces_demo__rosidl_generator_c.dir/rosidl_generator_c/base_interfaces_demo/msg/detail/obs_laser__functions.c.o[0m
[10.631s] [ 12%] [32mBuilding C object CMakeFiles/base_interfaces_demo__rosidl_generator_c.dir/rosidl_generator_c/base_interfaces_demo/msg/detail/ohom__functions.c.o[0m
[10.686s] [ 12%] [32mBuilding C object CMakeFiles/base_interfaces_demo__rosidl_generator_c.dir/rosidl_generator_c/base_interfaces_demo/msg/detail/pallet_info__functions.c.o[0m
[10.763s] [ 13%] [32mBuilding C object CMakeFiles/base_interfaces_demo__rosidl_generator_c.dir/rosidl_generator_c/base_interfaces_demo/msg/detail/rcs_info__functions.c.o[0m
[10.831s] [ 13%] [32mBuilding C object CMakeFiles/base_interfaces_demo__rosidl_generator_c.dir/rosidl_generator_c/base_interfaces_demo/msg/detail/seek_cmd__functions.c.o[0m
[10.882s] [ 14%] [32mBuilding C object CMakeFiles/base_interfaces_demo__rosidl_generator_c.dir/rosidl_generator_c/base_interfaces_demo/msg/detail/seek_ret__functions.c.o[0m
[10.947s] [ 14%] [32mBuilding C object CMakeFiles/base_interfaces_demo__rosidl_generator_c.dir/rosidl_generator_c/base_interfaces_demo/msg/detail/system_status__functions.c.o[0m
[10.963s] [35m[1mScanning dependencies of target base_interfaces_demo__rosidl_typesupport_introspection_cpp[0m
[10.976s] [ 14%] [32mBuilding CXX object CMakeFiles/base_interfaces_demo__rosidl_typesupport_cpp.dir/rosidl_typesupport_cpp/base_interfaces_demo/action/reverse__type_support.cpp.o[0m
[11.042s] [ 14%] [32mBuilding C object CMakeFiles/base_interfaces_demo__rosidl_generator_c.dir/rosidl_generator_c/base_interfaces_demo/msg/detail/test__functions.c.o[0m
[11.101s] [ 14%] [32mBuilding CXX object CMakeFiles/base_interfaces_demo__rosidl_typesupport_introspection_cpp.dir/rosidl_typesupport_introspection_cpp/base_interfaces_demo/action/detail/nav__type_support.cpp.o[0m
[11.181s] [ 15%] [32mBuilding C object CMakeFiles/base_interfaces_demo__rosidl_generator_c.dir/rosidl_generator_c/base_interfaces_demo/srv/detail/hall__functions.c.o[0m
[11.255s] [ 15%] [32m[1mLinking C shared library libbase_interfaces_demo__rosidl_generator_c.so[0m
[11.354s] [ 15%] Built target base_interfaces_demo__rosidl_generator_c
[11.375s] [ 16%] [34m[1mGenerating C introspection for ROS interfaces[0m
[11.390s] [ 17%] [32mBuilding CXX object CMakeFiles/base_interfaces_demo__rosidl_typesupport_cpp.dir/rosidl_typesupport_cpp/base_interfaces_demo/msg/bms_info__type_support.cpp.o[0m
[11.462s] [35m[1mScanning dependencies of target base_interfaces_demo__rosidl_typesupport_fastrtps_cpp[0m
[11.573s] [ 18%] [32mBuilding CXX object CMakeFiles/base_interfaces_demo__rosidl_typesupport_introspection_cpp.dir/rosidl_typesupport_introspection_cpp/base_interfaces_demo/action/detail/reverse__type_support.cpp.o[0m
[11.593s] [ 18%] [32mBuilding CXX object CMakeFiles/base_interfaces_demo__rosidl_typesupport_fastrtps_cpp.dir/rosidl_typesupport_fastrtps_cpp/base_interfaces_demo/action/detail/dds_fastrtps/nav__type_support.cpp.o[0m
[11.758s] [ 18%] [32mBuilding CXX object CMakeFiles/base_interfaces_demo__rosidl_typesupport_cpp.dir/rosidl_typesupport_cpp/base_interfaces_demo/msg/bt_status__type_support.cpp.o[0m
[12.039s] [ 18%] [32mBuilding CXX object CMakeFiles/base_interfaces_demo__rosidl_typesupport_introspection_cpp.dir/rosidl_typesupport_introspection_cpp/base_interfaces_demo/msg/detail/bms_info__type_support.cpp.o[0m
