[0.000000] (-) TimerEvent: {}
[0.000341] (-) JobUnselected: {'identifier': 'base_interfaces_demo'}
[0.000403] (pkg01_healthoper_cpp) JobQueued: {'identifier': 'pkg01_healthoper_cpp', 'dependencies': OrderedDict([('base_interfaces_demo', '/home/cjs/Health_Node/ros2_ws/install/base_interfaces_demo')])}
[0.000451] (pkg01_healthoper_cpp) JobStarted: {'identifier': 'pkg01_healthoper_cpp'}
[0.014894] (pkg01_healthoper_cpp) JobProgress: {'identifier': 'pkg01_healthoper_cpp', 'progress': 'cmake'}
[0.015876] (pkg01_healthoper_cpp) Command: {'cmd': ['/usr/bin/cmake', '/home/cjs/Health_Node/ros2_ws/src/pkg01_healthoper_cpp', '-DCMAKE_INSTALL_PREFIX=/home/cjs/Health_Node/ros2_ws/install/pkg01_healthoper_cpp'], 'cwd': '/home/cjs/Health_Node/ros2_ws/build/pkg01_healthoper_cpp', 'env': OrderedDict([('LC_TIME', 'zh_CN.UTF-8'), ('USER', 'cjs'), ('SSH_AGENT_PID', '1542'), ('XDG_SESSION_TYPE', 'x11'), ('GIT_ASKPASS', '/snap/code/164/usr/share/code/resources/app/extensions/git/dist/askpass.sh'), ('LD_LIBRARY_PATH', '/home/cjs/Health_Node/ros2_ws/install/base_interfaces_demo/lib:/opt/ros/foxy/opt/yaml_cpp_vendor/lib:/opt/ros/foxy/opt/rviz_ogre_vendor/lib:/opt/ros/foxy/lib/x86_64-linux-gnu:/opt/ros/foxy/lib'), ('SHLVL', '2'), ('CHROME_DESKTOP', 'code-url-handler.desktop'), ('HOME', '/home/cjs'), ('LESS', '-R'), ('OLDPWD', '/home/cjs/Health_Node'), ('DESKTOP_SESSION', 'ubuntu'), ('TERM_PROGRAM_VERSION', '1.91.1'), ('LSCOLORS', 'Gxfxcxdxbxegedabagacad'), ('ZSH', '/home/cjs/.oh-my-zsh'), ('ALL', 'en.US.UTF-8'), ('GNOME_SHELL_SESSION_MODE', 'ubuntu'), ('GTK_MODULES', 'gail:atk-bridge'), ('PAGER', 'less'), ('ROS_PYTHON_VERSION', '3'), ('VSCODE_GIT_ASKPASS_MAIN', '/snap/code/164/usr/share/code/resources/app/extensions/git/dist/askpass-main.js'), ('LC_MONETARY', 'zh_CN.UTF-8'), ('MANAGERPID', '1446'), ('VSCODE_GIT_ASKPASS_NODE', '/snap/code/164/usr/share/code/code'), ('DBUS_SESSION_BUS_ADDRESS', 'unix:path=/run/user/1000/bus,guid=0fa02c7d661b6b7cbfd27f1066a0581b'), ('DBUS_STARTER_BUS_TYPE', 'session'), ('COLORTERM', 'truecolor'), ('IM_CONFIG_PHASE', '1'), ('ROS_DISTRO', 'foxy'), ('LOGNAME', 'cjs'), ('JOURNAL_STREAM', '8:56620'), ('_', '/usr/bin/colcon'), ('ROS_VERSION', '2'), ('XDG_CONFIG_DIRS_VSCODE_SNAP_ORIG', '/etc/xdg/xdg-ubuntu:/etc/xdg'), ('XDG_DATA_DIRS_VSCODE_SNAP_ORIG', '/usr/share/ubuntu:/usr/local/share/:/usr/share/:/var/lib/snapd/desktop'), ('XDG_SESSION_CLASS', 'user'), ('USER_ZDOTDIR', '/home/cjs'), ('TERM', 'xterm-256color'), ('USERNAME', 'cjs'), ('GNOME_DESKTOP_SESSION_ID', 'this-is-deprecated'), ('ROS_LOCALHOST_ONLY', '0'), ('WINDOWPATH', '2'), ('PATH', '/opt/ros/foxy/bin:/usr/local/sbin:/usr/local/bin:/usr/sbin:/usr/bin:/sbin:/bin:/usr/games:/usr/local/games:/snap/bin'), ('INVOCATION_ID', '9e60448dcc804a64942f76a12b382da6'), ('SESSION_MANAGER', 'local/cjs-virtual-machine:@/tmp/.ICE-unix/1577,unix/cjs-virtual-machine:/tmp/.ICE-unix/1577'), ('LC_ADDRESS', 'zh_CN.UTF-8'), ('XDG_MENU_PREFIX', 'gnome-'), ('XDG_RUNTIME_DIR', '/run/user/1000'), ('DISPLAY', ':0'), ('LANG', 'en_US.UTF-8'), ('LC_TELEPHONE', 'zh_CN.UTF-8'), ('TILIX_ID', '0475dc24-3fd7-4d53-9f63-2f607d7583a8'), ('XDG_CURRENT_DESKTOP', 'Unity'), ('VSCODE_INJECTION', '1'), ('LS_COLORS', 'no=00:fi=00:di=01;34:ln=00;36:pi=40;33:so=01;35:do=01;35:bd=40;33;01:cd=40;33;01:or=41;33;01:ex=00;32:*.cmd=00;32:*.exe=01;32:*.com=01;32:*.bat=01;32:*.btm=01;32:*.dll=01;32:*.tar=00;31:*.tbz=00;31:*.tgz=00;31:*.rpm=00;31:*.deb=00;31:*.arj=00;31:*.taz=00;31:*.lzh=00;31:*.lzma=00;31:*.zip=00;31:*.zoo=00;31:*.z=00;31:*.Z=00;31:*.gz=00;31:*.bz2=00;31:*.tb2=00;31:*.tz2=00;31:*.tbz2=00;31:*.avi=01;35:*.bmp=01;35:*.fli=01;35:*.gif=01;35:*.jpg=01;35:*.jpeg=01;35:*.mng=01;35:*.mov=01;35:*.mpg=01;35:*.pcx=01;35:*.pbm=01;35:*.pgm=01;35:*.png=01;35:*.ppm=01;35:*.tga=01;35:*.tif=01;35:*.xbm=01;35:*.xpm=01;35:*.dl=01;35:*.gl=01;35:*.wmv=01;35:*.aiff=00;32:*.au=00;32:*.mid=00;32:*.mp3=00;32:*.ogg=00;32:*.voc=00;32:*.wav=00;32:'), ('XAUTHORITY', '/run/user/1000/gdm/Xauthority'), ('XDG_SESSION_DESKTOP', 'ubuntu'), ('XMODIFIERS', '@im=ibus'), ('TERM_PROGRAM', 'vscode'), ('VSCODE_GIT_IPC_HANDLE', '/run/user/1000/vscode-git-8011e79f48.sock'), ('AMENT_PREFIX_PATH', '/home/cjs/Health_Node/ros2_ws/install/base_interfaces_demo:/opt/ros/foxy'), ('ORIGINAL_XDG_CURRENT_DESKTOP', 'ubuntu:GNOME'), ('SSH_AUTH_SOCK', '/run/user/1000/keyring/ssh'), ('LC_NAME', 'zh_CN.UTF-8'), ('SHELL', '/usr/bin/zsh'), ('GDMSESSION', 'ubuntu'), ('QT_ACCESSIBILITY', '1'), ('LC_MEASUREMENT', 'zh_CN.UTF-8'), ('GPG_AGENT_INFO', '/run/user/1000/gnupg/S.gpg-agent:0:1'), ('LC_IDENTIFICATION', 'zh_CN.UTF-8'), ('QT_IM_MODULE', 'ibus'), ('VSCODE_GIT_ASKPASS_EXTRA_ARGS', ''), ('PWD', '/home/cjs/Health_Node/ros2_ws/build/pkg01_healthoper_cpp'), ('DBUS_STARTER_ADDRESS', 'unix:path=/run/user/1000/bus,guid=0fa02c7d661b6b7cbfd27f1066a0581b'), ('XDG_CONFIG_DIRS', '/etc/xdg/xdg-ubuntu:/etc/xdg'), ('XDG_DATA_DIRS', '/usr/share/ubuntu:/usr/local/share/:/usr/share/:/var/lib/snapd/desktop'), ('ZDOTDIR', '/home/cjs'), ('LC_NUMERIC', 'zh_CN.UTF-8'), ('PYTHONPATH', '/home/cjs/Health_Node/ros2_ws/install/base_interfaces_demo/lib/python3.8/site-packages:/opt/ros/foxy/lib/python3.8/site-packages'), ('LC_PAPER', 'zh_CN.UTF-8'), ('COLCON', '1'), ('VTE_VERSION', '6003'), ('CMAKE_PREFIX_PATH', '/home/cjs/Health_Node/ros2_ws/install/base_interfaces_demo:/opt/ros/foxy')]), 'shell': False}
[0.081272] (pkg01_healthoper_cpp) StdoutLine: {'line': b'-- The C compiler identification is GNU 9.4.0\n'}
[0.099469] (-) TimerEvent: {}
[0.137989] (pkg01_healthoper_cpp) StdoutLine: {'line': b'-- The CXX compiler identification is GNU 9.4.0\n'}
[0.141654] (pkg01_healthoper_cpp) StdoutLine: {'line': b'-- Check for working C compiler: /usr/bin/cc\n'}
[0.200192] (-) TimerEvent: {}
[0.218548] (pkg01_healthoper_cpp) StdoutLine: {'line': b'-- Check for working C compiler: /usr/bin/cc -- works\n'}
[0.219579] (pkg01_healthoper_cpp) StdoutLine: {'line': b'-- Detecting C compiler ABI info\n'}
[0.300952] (-) TimerEvent: {}
[0.301338] (pkg01_healthoper_cpp) StdoutLine: {'line': b'-- Detecting C compiler ABI info - done\n'}
[0.315905] (pkg01_healthoper_cpp) StdoutLine: {'line': b'-- Detecting C compile features\n'}
[0.316090] (pkg01_healthoper_cpp) StdoutLine: {'line': b'-- Detecting C compile features - done\n'}
[0.318615] (pkg01_healthoper_cpp) StdoutLine: {'line': b'-- Check for working CXX compiler: /usr/bin/c++\n'}
[0.401725] (-) TimerEvent: {}
[0.409697] (pkg01_healthoper_cpp) StdoutLine: {'line': b'-- Check for working CXX compiler: /usr/bin/c++ -- works\n'}
[0.410887] (pkg01_healthoper_cpp) StdoutLine: {'line': b'-- Detecting CXX compiler ABI info\n'}
[0.502399] (-) TimerEvent: {}
[0.522648] (pkg01_healthoper_cpp) StdoutLine: {'line': b'-- Detecting CXX compiler ABI info - done\n'}
[0.532800] (pkg01_healthoper_cpp) StdoutLine: {'line': b'-- Detecting CXX compile features\n'}
[0.534694] (pkg01_healthoper_cpp) StdoutLine: {'line': b'-- Detecting CXX compile features - done\n'}
[0.535803] (pkg01_healthoper_cpp) StdoutLine: {'line': b'-- Found ament_cmake: 0.9.12 (/opt/ros/foxy/share/ament_cmake/cmake)\n'}
[0.569758] (pkg01_healthoper_cpp) StdoutLine: {'line': b'-- Found PythonInterp: /usr/bin/python3 (found suitable version "3.8.10", minimum required is "3") \n'}
[0.570189] (pkg01_healthoper_cpp) StdoutLine: {'line': b'-- Using PYTHON_EXECUTABLE: /usr/bin/python3\n'}
[0.603135] (-) TimerEvent: {}
[0.704024] (-) TimerEvent: {}
[0.730186] (pkg01_healthoper_cpp) StdoutLine: {'line': b'-- Found rclcpp: 2.4.3 (/opt/ros/foxy/share/rclcpp/cmake)\n'}
[0.765720] (pkg01_healthoper_cpp) StdoutLine: {'line': b'-- Using all available rosidl_typesupport_c: rosidl_typesupport_fastrtps_c;rosidl_typesupport_introspection_c\n'}
[0.770246] (pkg01_healthoper_cpp) StdoutLine: {'line': b'-- Found rosidl_adapter: 1.3.1 (/opt/ros/foxy/share/rosidl_adapter/cmake)\n'}
[0.804551] (-) TimerEvent: {}
[0.864321] (pkg01_healthoper_cpp) StdoutLine: {'line': b'-- Found OpenSSL: /usr/lib/x86_64-linux-gnu/libcrypto.so (found version "1.1.1f")  \n'}
[0.887785] (pkg01_healthoper_cpp) StdoutLine: {'line': b'-- Found FastRTPS: /opt/ros/foxy/include  \n'}
[0.905243] (-) TimerEvent: {}
[0.952817] (pkg01_healthoper_cpp) StdoutLine: {'line': b'-- Using all available rosidl_typesupport_cpp: rosidl_typesupport_fastrtps_cpp;rosidl_typesupport_introspection_cpp\n'}
[0.993164] (pkg01_healthoper_cpp) StdoutLine: {'line': b'-- Found rmw_implementation_cmake: 1.0.4 (/opt/ros/foxy/share/rmw_implementation_cmake/cmake)\n'}
[0.994669] (pkg01_healthoper_cpp) StdoutLine: {'line': b"-- Using RMW implementation 'rmw_fastrtps_cpp' as default\n"}
[0.996603] (pkg01_healthoper_cpp) StdoutLine: {'line': b'-- Looking for pthread.h\n'}
[1.006115] (-) TimerEvent: {}
[1.080528] (pkg01_healthoper_cpp) StdoutLine: {'line': b'-- Looking for pthread.h - found\n'}
[1.080693] (pkg01_healthoper_cpp) StdoutLine: {'line': b'-- Performing Test CMAKE_HAVE_LIBC_PTHREAD\n'}
[1.106398] (-) TimerEvent: {}
[1.164598] (pkg01_healthoper_cpp) StdoutLine: {'line': b'-- Performing Test CMAKE_HAVE_LIBC_PTHREAD - Failed\n'}
[1.164820] (pkg01_healthoper_cpp) StdoutLine: {'line': b'-- Looking for pthread_create in pthreads\n'}
[1.206767] (-) TimerEvent: {}
[1.234340] (pkg01_healthoper_cpp) StdoutLine: {'line': b'-- Looking for pthread_create in pthreads - not found\n'}
[1.234563] (pkg01_healthoper_cpp) StdoutLine: {'line': b'-- Looking for pthread_create in pthread\n'}
[1.307451] (-) TimerEvent: {}
[1.309893] (pkg01_healthoper_cpp) StdoutLine: {'line': b'-- Looking for pthread_create in pthread - found\n'}
[1.311333] (pkg01_healthoper_cpp) StdoutLine: {'line': b'-- Found Threads: TRUE  \n'}
[1.408234] (-) TimerEvent: {}
[1.425299] (pkg01_healthoper_cpp) StdoutLine: {'line': b'-- Found base_interfaces_demo: 0.0.0 (/home/cjs/Health_Node/ros2_ws/install/base_interfaces_demo/share/base_interfaces_demo/cmake)\n'}
[1.508830] (-) TimerEvent: {}
[1.509153] (pkg01_healthoper_cpp) StdoutLine: {'line': b'-- Found ament_lint_auto: 0.9.8 (/opt/ros/foxy/share/ament_lint_auto/cmake)\n'}
[1.575108] (pkg01_healthoper_cpp) StdoutLine: {'line': b"-- Added test 'copyright' to check source files copyright and LICENSE\n"}
[1.576133] (pkg01_healthoper_cpp) StdoutLine: {'line': b"-- Added test 'cppcheck' to perform static code analysis on C / C++ code\n"}
[1.576432] (pkg01_healthoper_cpp) StdoutLine: {'line': b'-- Configured cppcheck include dirs: $<BUILD_INTERFACE:/home/cjs/Health_Node/ros2_ws/src/pkg01_healthoper_cpp/include>\n'}
[1.576538] (pkg01_healthoper_cpp) StdoutLine: {'line': b'-- Configured cppcheck exclude dirs and/or files: \n'}
[1.577364] (pkg01_healthoper_cpp) StdoutLine: {'line': b"-- Added test 'cpplint' to check C / C++ code against the Google style\n"}
[1.577490] (pkg01_healthoper_cpp) StdoutLine: {'line': b'-- Configured cpplint exclude dirs and/or files: \n'}
[1.578166] (pkg01_healthoper_cpp) StdoutLine: {'line': b"-- Added test 'lint_cmake' to check CMake code style\n"}
[1.579158] (pkg01_healthoper_cpp) StdoutLine: {'line': b"-- Added test 'uncrustify' to check C / C++ code style\n"}
[1.579278] (pkg01_healthoper_cpp) StdoutLine: {'line': b'-- Configured uncrustify additional arguments: \n'}
[1.579657] (pkg01_healthoper_cpp) StdoutLine: {'line': b"-- Added test 'xmllint' to check XML markup files\n"}
[1.582652] (pkg01_healthoper_cpp) StdoutLine: {'line': b'-- Configuring done\n'}
[1.597150] (pkg01_healthoper_cpp) StdoutLine: {'line': b'-- Generating done\n'}
[1.600096] (pkg01_healthoper_cpp) StdoutLine: {'line': b'-- Build files have been written to: /home/cjs/Health_Node/ros2_ws/build/pkg01_healthoper_cpp\n'}
[1.608872] (pkg01_healthoper_cpp) CommandEnded: {'returncode': 0}
[1.609415] (-) TimerEvent: {}
[1.609841] (pkg01_healthoper_cpp) JobProgress: {'identifier': 'pkg01_healthoper_cpp', 'progress': 'build'}
[1.612201] (pkg01_healthoper_cpp) Command: {'cmd': ['/usr/bin/cmake', '--build', '/home/cjs/Health_Node/ros2_ws/build/pkg01_healthoper_cpp', '--', '-j4', '-l4'], 'cwd': '/home/cjs/Health_Node/ros2_ws/build/pkg01_healthoper_cpp', 'env': OrderedDict([('LC_TIME', 'zh_CN.UTF-8'), ('USER', 'cjs'), ('SSH_AGENT_PID', '1542'), ('XDG_SESSION_TYPE', 'x11'), ('GIT_ASKPASS', '/snap/code/164/usr/share/code/resources/app/extensions/git/dist/askpass.sh'), ('LD_LIBRARY_PATH', '/home/cjs/Health_Node/ros2_ws/install/base_interfaces_demo/lib:/opt/ros/foxy/opt/yaml_cpp_vendor/lib:/opt/ros/foxy/opt/rviz_ogre_vendor/lib:/opt/ros/foxy/lib/x86_64-linux-gnu:/opt/ros/foxy/lib'), ('SHLVL', '2'), ('CHROME_DESKTOP', 'code-url-handler.desktop'), ('HOME', '/home/cjs'), ('LESS', '-R'), ('OLDPWD', '/home/cjs/Health_Node'), ('DESKTOP_SESSION', 'ubuntu'), ('TERM_PROGRAM_VERSION', '1.91.1'), ('LSCOLORS', 'Gxfxcxdxbxegedabagacad'), ('ZSH', '/home/cjs/.oh-my-zsh'), ('ALL', 'en.US.UTF-8'), ('GNOME_SHELL_SESSION_MODE', 'ubuntu'), ('GTK_MODULES', 'gail:atk-bridge'), ('PAGER', 'less'), ('ROS_PYTHON_VERSION', '3'), ('VSCODE_GIT_ASKPASS_MAIN', '/snap/code/164/usr/share/code/resources/app/extensions/git/dist/askpass-main.js'), ('LC_MONETARY', 'zh_CN.UTF-8'), ('MANAGERPID', '1446'), ('VSCODE_GIT_ASKPASS_NODE', '/snap/code/164/usr/share/code/code'), ('DBUS_SESSION_BUS_ADDRESS', 'unix:path=/run/user/1000/bus,guid=0fa02c7d661b6b7cbfd27f1066a0581b'), ('DBUS_STARTER_BUS_TYPE', 'session'), ('COLORTERM', 'truecolor'), ('IM_CONFIG_PHASE', '1'), ('ROS_DISTRO', 'foxy'), ('LOGNAME', 'cjs'), ('JOURNAL_STREAM', '8:56620'), ('_', '/usr/bin/colcon'), ('ROS_VERSION', '2'), ('XDG_CONFIG_DIRS_VSCODE_SNAP_ORIG', '/etc/xdg/xdg-ubuntu:/etc/xdg'), ('XDG_DATA_DIRS_VSCODE_SNAP_ORIG', '/usr/share/ubuntu:/usr/local/share/:/usr/share/:/var/lib/snapd/desktop'), ('XDG_SESSION_CLASS', 'user'), ('USER_ZDOTDIR', '/home/cjs'), ('TERM', 'xterm-256color'), ('USERNAME', 'cjs'), ('GNOME_DESKTOP_SESSION_ID', 'this-is-deprecated'), ('ROS_LOCALHOST_ONLY', '0'), ('WINDOWPATH', '2'), ('PATH', '/opt/ros/foxy/bin:/usr/local/sbin:/usr/local/bin:/usr/sbin:/usr/bin:/sbin:/bin:/usr/games:/usr/local/games:/snap/bin'), ('INVOCATION_ID', '9e60448dcc804a64942f76a12b382da6'), ('SESSION_MANAGER', 'local/cjs-virtual-machine:@/tmp/.ICE-unix/1577,unix/cjs-virtual-machine:/tmp/.ICE-unix/1577'), ('LC_ADDRESS', 'zh_CN.UTF-8'), ('XDG_MENU_PREFIX', 'gnome-'), ('XDG_RUNTIME_DIR', '/run/user/1000'), ('DISPLAY', ':0'), ('LANG', 'en_US.UTF-8'), ('LC_TELEPHONE', 'zh_CN.UTF-8'), ('TILIX_ID', '0475dc24-3fd7-4d53-9f63-2f607d7583a8'), ('XDG_CURRENT_DESKTOP', 'Unity'), ('VSCODE_INJECTION', '1'), ('LS_COLORS', 'no=00:fi=00:di=01;34:ln=00;36:pi=40;33:so=01;35:do=01;35:bd=40;33;01:cd=40;33;01:or=41;33;01:ex=00;32:*.cmd=00;32:*.exe=01;32:*.com=01;32:*.bat=01;32:*.btm=01;32:*.dll=01;32:*.tar=00;31:*.tbz=00;31:*.tgz=00;31:*.rpm=00;31:*.deb=00;31:*.arj=00;31:*.taz=00;31:*.lzh=00;31:*.lzma=00;31:*.zip=00;31:*.zoo=00;31:*.z=00;31:*.Z=00;31:*.gz=00;31:*.bz2=00;31:*.tb2=00;31:*.tz2=00;31:*.tbz2=00;31:*.avi=01;35:*.bmp=01;35:*.fli=01;35:*.gif=01;35:*.jpg=01;35:*.jpeg=01;35:*.mng=01;35:*.mov=01;35:*.mpg=01;35:*.pcx=01;35:*.pbm=01;35:*.pgm=01;35:*.png=01;35:*.ppm=01;35:*.tga=01;35:*.tif=01;35:*.xbm=01;35:*.xpm=01;35:*.dl=01;35:*.gl=01;35:*.wmv=01;35:*.aiff=00;32:*.au=00;32:*.mid=00;32:*.mp3=00;32:*.ogg=00;32:*.voc=00;32:*.wav=00;32:'), ('XAUTHORITY', '/run/user/1000/gdm/Xauthority'), ('XDG_SESSION_DESKTOP', 'ubuntu'), ('XMODIFIERS', '@im=ibus'), ('TERM_PROGRAM', 'vscode'), ('VSCODE_GIT_IPC_HANDLE', '/run/user/1000/vscode-git-8011e79f48.sock'), ('AMENT_PREFIX_PATH', '/home/cjs/Health_Node/ros2_ws/install/base_interfaces_demo:/opt/ros/foxy'), ('ORIGINAL_XDG_CURRENT_DESKTOP', 'ubuntu:GNOME'), ('SSH_AUTH_SOCK', '/run/user/1000/keyring/ssh'), ('LC_NAME', 'zh_CN.UTF-8'), ('SHELL', '/usr/bin/zsh'), ('GDMSESSION', 'ubuntu'), ('QT_ACCESSIBILITY', '1'), ('LC_MEASUREMENT', 'zh_CN.UTF-8'), ('GPG_AGENT_INFO', '/run/user/1000/gnupg/S.gpg-agent:0:1'), ('LC_IDENTIFICATION', 'zh_CN.UTF-8'), ('QT_IM_MODULE', 'ibus'), ('VSCODE_GIT_ASKPASS_EXTRA_ARGS', ''), ('PWD', '/home/cjs/Health_Node/ros2_ws/build/pkg01_healthoper_cpp'), ('DBUS_STARTER_ADDRESS', 'unix:path=/run/user/1000/bus,guid=0fa02c7d661b6b7cbfd27f1066a0581b'), ('XDG_CONFIG_DIRS', '/etc/xdg/xdg-ubuntu:/etc/xdg'), ('XDG_DATA_DIRS', '/usr/share/ubuntu:/usr/local/share/:/usr/share/:/var/lib/snapd/desktop'), ('ZDOTDIR', '/home/cjs'), ('LC_NUMERIC', 'zh_CN.UTF-8'), ('PYTHONPATH', '/home/cjs/Health_Node/ros2_ws/install/base_interfaces_demo/lib/python3.8/site-packages:/opt/ros/foxy/lib/python3.8/site-packages'), ('LC_PAPER', 'zh_CN.UTF-8'), ('COLCON', '1'), ('VTE_VERSION', '6003'), ('CMAKE_PREFIX_PATH', '/home/cjs/Health_Node/ros2_ws/install/base_interfaces_demo:/opt/ros/foxy')]), 'shell': False}
[1.689912] (pkg01_healthoper_cpp) StdoutLine: {'line': b'\x1b[35m\x1b[1mScanning dependencies of target listener\x1b[0m\n'}
[1.705990] (pkg01_healthoper_cpp) StdoutLine: {'line': b'\x1b[35m\x1b[1mScanning dependencies of target health_oper\x1b[0m\n'}
[1.709848] (-) TimerEvent: {}
[1.753934] (pkg01_healthoper_cpp) StdoutLine: {'line': b'[ 20%] \x1b[32m\x1b[1mLinking CXX executable listener\x1b[0m\n'}
[1.764929] (pkg01_healthoper_cpp) StdoutLine: {'line': b'[ 40%] \x1b[32m\x1b[1mLinking CXX executable health_oper\x1b[0m\n'}
[1.810405] (-) TimerEvent: {}
[1.910937] (-) TimerEvent: {}
[2.012491] (-) TimerEvent: {}
[2.106756] (pkg01_healthoper_cpp) StdoutLine: {'line': b'[ 60%] Built target listener\n'}
[2.113143] (-) TimerEvent: {}
[2.213799] (-) TimerEvent: {}
[2.315090] (-) TimerEvent: {}
[2.415650] (-) TimerEvent: {}
[2.516163] (-) TimerEvent: {}
[2.616661] (-) TimerEvent: {}
[2.667403] (pkg01_healthoper_cpp) StdoutLine: {'line': b'[100%] Built target health_oper\n'}
[2.681070] (pkg01_healthoper_cpp) CommandEnded: {'returncode': 0}
[2.717475] (-) TimerEvent: {}
[2.725672] (pkg01_healthoper_cpp) JobProgress: {'identifier': 'pkg01_healthoper_cpp', 'progress': 'install'}
[2.738690] (pkg01_healthoper_cpp) Command: {'cmd': ['/usr/bin/cmake', '--install', '/home/cjs/Health_Node/ros2_ws/build/pkg01_healthoper_cpp'], 'cwd': '/home/cjs/Health_Node/ros2_ws/build/pkg01_healthoper_cpp', 'env': OrderedDict([('LC_TIME', 'zh_CN.UTF-8'), ('USER', 'cjs'), ('SSH_AGENT_PID', '1542'), ('XDG_SESSION_TYPE', 'x11'), ('GIT_ASKPASS', '/snap/code/164/usr/share/code/resources/app/extensions/git/dist/askpass.sh'), ('LD_LIBRARY_PATH', '/home/cjs/Health_Node/ros2_ws/install/base_interfaces_demo/lib:/opt/ros/foxy/opt/yaml_cpp_vendor/lib:/opt/ros/foxy/opt/rviz_ogre_vendor/lib:/opt/ros/foxy/lib/x86_64-linux-gnu:/opt/ros/foxy/lib'), ('SHLVL', '2'), ('CHROME_DESKTOP', 'code-url-handler.desktop'), ('HOME', '/home/cjs'), ('LESS', '-R'), ('OLDPWD', '/home/cjs/Health_Node'), ('DESKTOP_SESSION', 'ubuntu'), ('TERM_PROGRAM_VERSION', '1.91.1'), ('LSCOLORS', 'Gxfxcxdxbxegedabagacad'), ('ZSH', '/home/cjs/.oh-my-zsh'), ('ALL', 'en.US.UTF-8'), ('GNOME_SHELL_SESSION_MODE', 'ubuntu'), ('GTK_MODULES', 'gail:atk-bridge'), ('PAGER', 'less'), ('ROS_PYTHON_VERSION', '3'), ('VSCODE_GIT_ASKPASS_MAIN', '/snap/code/164/usr/share/code/resources/app/extensions/git/dist/askpass-main.js'), ('LC_MONETARY', 'zh_CN.UTF-8'), ('MANAGERPID', '1446'), ('VSCODE_GIT_ASKPASS_NODE', '/snap/code/164/usr/share/code/code'), ('DBUS_SESSION_BUS_ADDRESS', 'unix:path=/run/user/1000/bus,guid=0fa02c7d661b6b7cbfd27f1066a0581b'), ('DBUS_STARTER_BUS_TYPE', 'session'), ('COLORTERM', 'truecolor'), ('IM_CONFIG_PHASE', '1'), ('ROS_DISTRO', 'foxy'), ('LOGNAME', 'cjs'), ('JOURNAL_STREAM', '8:56620'), ('_', '/usr/bin/colcon'), ('ROS_VERSION', '2'), ('XDG_CONFIG_DIRS_VSCODE_SNAP_ORIG', '/etc/xdg/xdg-ubuntu:/etc/xdg'), ('XDG_DATA_DIRS_VSCODE_SNAP_ORIG', '/usr/share/ubuntu:/usr/local/share/:/usr/share/:/var/lib/snapd/desktop'), ('XDG_SESSION_CLASS', 'user'), ('USER_ZDOTDIR', '/home/cjs'), ('TERM', 'xterm-256color'), ('USERNAME', 'cjs'), ('GNOME_DESKTOP_SESSION_ID', 'this-is-deprecated'), ('ROS_LOCALHOST_ONLY', '0'), ('WINDOWPATH', '2'), ('PATH', '/opt/ros/foxy/bin:/usr/local/sbin:/usr/local/bin:/usr/sbin:/usr/bin:/sbin:/bin:/usr/games:/usr/local/games:/snap/bin'), ('INVOCATION_ID', '9e60448dcc804a64942f76a12b382da6'), ('SESSION_MANAGER', 'local/cjs-virtual-machine:@/tmp/.ICE-unix/1577,unix/cjs-virtual-machine:/tmp/.ICE-unix/1577'), ('LC_ADDRESS', 'zh_CN.UTF-8'), ('XDG_MENU_PREFIX', 'gnome-'), ('XDG_RUNTIME_DIR', '/run/user/1000'), ('DISPLAY', ':0'), ('LANG', 'en_US.UTF-8'), ('LC_TELEPHONE', 'zh_CN.UTF-8'), ('TILIX_ID', '0475dc24-3fd7-4d53-9f63-2f607d7583a8'), ('XDG_CURRENT_DESKTOP', 'Unity'), ('VSCODE_INJECTION', '1'), ('LS_COLORS', 'no=00:fi=00:di=01;34:ln=00;36:pi=40;33:so=01;35:do=01;35:bd=40;33;01:cd=40;33;01:or=41;33;01:ex=00;32:*.cmd=00;32:*.exe=01;32:*.com=01;32:*.bat=01;32:*.btm=01;32:*.dll=01;32:*.tar=00;31:*.tbz=00;31:*.tgz=00;31:*.rpm=00;31:*.deb=00;31:*.arj=00;31:*.taz=00;31:*.lzh=00;31:*.lzma=00;31:*.zip=00;31:*.zoo=00;31:*.z=00;31:*.Z=00;31:*.gz=00;31:*.bz2=00;31:*.tb2=00;31:*.tz2=00;31:*.tbz2=00;31:*.avi=01;35:*.bmp=01;35:*.fli=01;35:*.gif=01;35:*.jpg=01;35:*.jpeg=01;35:*.mng=01;35:*.mov=01;35:*.mpg=01;35:*.pcx=01;35:*.pbm=01;35:*.pgm=01;35:*.png=01;35:*.ppm=01;35:*.tga=01;35:*.tif=01;35:*.xbm=01;35:*.xpm=01;35:*.dl=01;35:*.gl=01;35:*.wmv=01;35:*.aiff=00;32:*.au=00;32:*.mid=00;32:*.mp3=00;32:*.ogg=00;32:*.voc=00;32:*.wav=00;32:'), ('XAUTHORITY', '/run/user/1000/gdm/Xauthority'), ('XDG_SESSION_DESKTOP', 'ubuntu'), ('XMODIFIERS', '@im=ibus'), ('TERM_PROGRAM', 'vscode'), ('VSCODE_GIT_IPC_HANDLE', '/run/user/1000/vscode-git-8011e79f48.sock'), ('AMENT_PREFIX_PATH', '/home/cjs/Health_Node/ros2_ws/install/base_interfaces_demo:/opt/ros/foxy'), ('ORIGINAL_XDG_CURRENT_DESKTOP', 'ubuntu:GNOME'), ('SSH_AUTH_SOCK', '/run/user/1000/keyring/ssh'), ('LC_NAME', 'zh_CN.UTF-8'), ('SHELL', '/usr/bin/zsh'), ('GDMSESSION', 'ubuntu'), ('QT_ACCESSIBILITY', '1'), ('LC_MEASUREMENT', 'zh_CN.UTF-8'), ('GPG_AGENT_INFO', '/run/user/1000/gnupg/S.gpg-agent:0:1'), ('LC_IDENTIFICATION', 'zh_CN.UTF-8'), ('QT_IM_MODULE', 'ibus'), ('VSCODE_GIT_ASKPASS_EXTRA_ARGS', ''), ('PWD', '/home/cjs/Health_Node/ros2_ws/build/pkg01_healthoper_cpp'), ('DBUS_STARTER_ADDRESS', 'unix:path=/run/user/1000/bus,guid=0fa02c7d661b6b7cbfd27f1066a0581b'), ('XDG_CONFIG_DIRS', '/etc/xdg/xdg-ubuntu:/etc/xdg'), ('XDG_DATA_DIRS', '/usr/share/ubuntu:/usr/local/share/:/usr/share/:/var/lib/snapd/desktop'), ('ZDOTDIR', '/home/cjs'), ('LC_NUMERIC', 'zh_CN.UTF-8'), ('PYTHONPATH', '/home/cjs/Health_Node/ros2_ws/install/base_interfaces_demo/lib/python3.8/site-packages:/opt/ros/foxy/lib/python3.8/site-packages'), ('LC_PAPER', 'zh_CN.UTF-8'), ('COLCON', '1'), ('VTE_VERSION', '6003'), ('CMAKE_PREFIX_PATH', '/home/cjs/Health_Node/ros2_ws/install/base_interfaces_demo:/opt/ros/foxy')]), 'shell': False}
[2.748457] (pkg01_healthoper_cpp) StdoutLine: {'line': b'-- Install configuration: ""\n'}
[2.754568] (pkg01_healthoper_cpp) StdoutLine: {'line': b'-- Installing: /home/cjs/Health_Node/ros2_ws/install/pkg01_healthoper_cpp/lib/pkg01_healthoper_cpp/health_oper\n'}
[2.763306] (pkg01_healthoper_cpp) StdoutLine: {'line': b'-- Set runtime path of "/home/cjs/Health_Node/ros2_ws/install/pkg01_healthoper_cpp/lib/pkg01_healthoper_cpp/health_oper" to ""\n'}
[2.765225] (pkg01_healthoper_cpp) StdoutLine: {'line': b'-- Installing: /home/cjs/Health_Node/ros2_ws/install/pkg01_healthoper_cpp/lib/pkg01_healthoper_cpp/listener\n'}
[2.767325] (pkg01_healthoper_cpp) StdoutLine: {'line': b'-- Set runtime path of "/home/cjs/Health_Node/ros2_ws/install/pkg01_healthoper_cpp/lib/pkg01_healthoper_cpp/listener" to ""\n'}
[2.768099] (pkg01_healthoper_cpp) StdoutLine: {'line': b'-- Up-to-date: /home/cjs/Health_Node/ros2_ws/install/pkg01_healthoper_cpp/share/ament_index/resource_index/package_run_dependencies/pkg01_healthoper_cpp\n'}
[2.768271] (pkg01_healthoper_cpp) StdoutLine: {'line': b'-- Up-to-date: /home/cjs/Health_Node/ros2_ws/install/pkg01_healthoper_cpp/share/ament_index/resource_index/parent_prefix_path/pkg01_healthoper_cpp\n'}
[2.768733] (pkg01_healthoper_cpp) StdoutLine: {'line': b'-- Up-to-date: /home/cjs/Health_Node/ros2_ws/install/pkg01_healthoper_cpp/share/pkg01_healthoper_cpp/environment/ament_prefix_path.sh\n'}
[2.769257] (pkg01_healthoper_cpp) StdoutLine: {'line': b'-- Installing: /home/cjs/Health_Node/ros2_ws/install/pkg01_healthoper_cpp/share/pkg01_healthoper_cpp/environment/ament_prefix_path.dsv\n'}
[2.769668] (pkg01_healthoper_cpp) StdoutLine: {'line': b'-- Up-to-date: /home/cjs/Health_Node/ros2_ws/install/pkg01_healthoper_cpp/share/pkg01_healthoper_cpp/environment/path.sh\n'}
[2.769815] (pkg01_healthoper_cpp) StdoutLine: {'line': b'-- Installing: /home/cjs/Health_Node/ros2_ws/install/pkg01_healthoper_cpp/share/pkg01_healthoper_cpp/environment/path.dsv\n'}
[2.770146] (pkg01_healthoper_cpp) StdoutLine: {'line': b'-- Up-to-date: /home/cjs/Health_Node/ros2_ws/install/pkg01_healthoper_cpp/share/pkg01_healthoper_cpp/local_setup.bash\n'}
[2.770221] (pkg01_healthoper_cpp) StdoutLine: {'line': b'-- Up-to-date: /home/cjs/Health_Node/ros2_ws/install/pkg01_healthoper_cpp/share/pkg01_healthoper_cpp/local_setup.sh\n'}
[2.770280] (pkg01_healthoper_cpp) StdoutLine: {'line': b'-- Up-to-date: /home/cjs/Health_Node/ros2_ws/install/pkg01_healthoper_cpp/share/pkg01_healthoper_cpp/local_setup.zsh\n'}
[2.770340] (pkg01_healthoper_cpp) StdoutLine: {'line': b'-- Installing: /home/cjs/Health_Node/ros2_ws/install/pkg01_healthoper_cpp/share/pkg01_healthoper_cpp/local_setup.dsv\n'}
[2.770393] (pkg01_healthoper_cpp) StdoutLine: {'line': b'-- Installing: /home/cjs/Health_Node/ros2_ws/install/pkg01_healthoper_cpp/share/pkg01_healthoper_cpp/package.dsv\n'}
[2.770447] (pkg01_healthoper_cpp) StdoutLine: {'line': b'-- Up-to-date: /home/cjs/Health_Node/ros2_ws/install/pkg01_healthoper_cpp/share/ament_index/resource_index/packages/pkg01_healthoper_cpp\n'}
[2.770501] (pkg01_healthoper_cpp) StdoutLine: {'line': b'-- Up-to-date: /home/cjs/Health_Node/ros2_ws/install/pkg01_healthoper_cpp/share/pkg01_healthoper_cpp/cmake/pkg01_healthoper_cppConfig.cmake\n'}
[2.770552] (pkg01_healthoper_cpp) StdoutLine: {'line': b'-- Up-to-date: /home/cjs/Health_Node/ros2_ws/install/pkg01_healthoper_cpp/share/pkg01_healthoper_cpp/cmake/pkg01_healthoper_cppConfig-version.cmake\n'}
[2.770606] (pkg01_healthoper_cpp) StdoutLine: {'line': b'-- Up-to-date: /home/cjs/Health_Node/ros2_ws/install/pkg01_healthoper_cpp/share/pkg01_healthoper_cpp/package.xml\n'}
[2.776124] (pkg01_healthoper_cpp) CommandEnded: {'returncode': 0}
[2.818058] (-) TimerEvent: {}
[2.847479] (pkg01_healthoper_cpp) JobEnded: {'identifier': 'pkg01_healthoper_cpp', 'rc': 0}
[2.849261] (-) EventReactorShutdown: {}
